[2025-01-15T06:16:06.206+0000] {local_task_job_runner.py:123} INFO - ::group::Pre task execution logs
[2025-01-15T06:16:06.218+0000] {taskinstance.py:2613} INFO - Dependencies all met for dep_context=non-requeueable deps ti=<TaskInstance: stock_information.append_to_database scheduled__2025-01-15T06:15:00+00:00 [queued]>
[2025-01-15T06:16:06.226+0000] {taskinstance.py:2613} INFO - Dependencies all met for dep_context=requeueable deps ti=<TaskInstance: stock_information.append_to_database scheduled__2025-01-15T06:15:00+00:00 [queued]>
[2025-01-15T06:16:06.228+0000] {taskinstance.py:2866} INFO - Starting attempt 1 of 1
[2025-01-15T06:16:06.240+0000] {taskinstance.py:2889} INFO - Executing <Task(PythonOperator): append_to_database> on 2025-01-15 06:15:00+00:00
[2025-01-15T06:16:06.247+0000] {standard_task_runner.py:72} INFO - Started process 6653 to run task
[2025-01-15T06:16:06.250+0000] {standard_task_runner.py:104} INFO - Running: ['airflow', 'tasks', 'run', 'stock_information', 'append_to_database', 'scheduled__2025-01-15T06:15:00+00:00', '--job-id', '964', '--raw', '--subdir', 'DAGS_FOLDER/vnstock_stream.py', '--cfg-path', '/tmp/tmp5vmdpjya']
[2025-01-15T06:16:06.252+0000] {standard_task_runner.py:105} INFO - Job 964: Subtask append_to_database
[2025-01-15T06:16:06.292+0000] {task_command.py:467} INFO - Running <TaskInstance: stock_information.append_to_database scheduled__2025-01-15T06:15:00+00:00 [running]> on host 453ac4defedc
[2025-01-15T06:16:06.373+0000] {taskinstance.py:3132} INFO - Exporting env vars: AIRFLOW_CTX_DAG_OWNER='TuanDz' AIRFLOW_CTX_DAG_ID='stock_information' AIRFLOW_CTX_TASK_ID='append_to_database' AIRFLOW_CTX_EXECUTION_DATE='2025-01-15T06:15:00+00:00' AIRFLOW_CTX_TRY_NUMBER='1' AIRFLOW_CTX_DAG_RUN_ID='scheduled__2025-01-15T06:15:00+00:00'
[2025-01-15T06:16:06.375+0000] {taskinstance.py:731} INFO - ::endgroup::
[2025-01-15T06:16:06.428+0000] {logging_mixin.py:190} INFO - Kết nối thành công!
[2025-01-15T06:16:06.430+0000] {logging_mixin.py:190} INFO - <class 'str'>
[2025-01-15T06:16:06.431+0000] {logging_mixin.py:190} INFO - [['TCB', 25250, 21950, 23600, 'STOCK', 'HSX', '', 7045021622, 'STOCK', 8424683, 'Ngân hàng Thương mại Cổ phần Kỹ thương Việt Nam', 23600, '', '2025-01-15', 23850, 2200, 3211900, 76440, 23798.99747812821, 23900, 23650, 's', 156700, 156700, 0, 1590552461, 76440.84999999977, 32119, 23600, 23850, 157100, 23800, 126300, 23750, 283900, 23900, 105500, 23950, 234900, 24000, 747700, '2025-01-15 06:16:03']]
[2025-01-15T06:16:06.432+0000] {logging_mixin.py:190} INFO - <class 'list'>
[2025-01-15T06:16:06.433+0000] {logging_mixin.py:190} INFO - [['TCB', 25250, 21950, 23600, 'STOCK', 'HSX', '', 7045021622, 'STOCK', 8424683, 'Ngân hàng Thương mại Cổ phần Kỹ thương Việt Nam', 23600, '', '2025-01-15', 23850, 2200, 3211900, 76440, 23798.99747812821, 23900, 23650, 's', 156700, 156700, 0, 1590552461, 76440.84999999977, 32119, 23600, 23850, 157100, 23800, 126300, 23750, 283900, 23900, 105500, 23950, 234900, 24000, 747700, '2025-01-15 06:16:03']]
[2025-01-15T06:16:06.436+0000] {python.py:240} INFO - Done. Returned value was: None
[2025-01-15T06:16:06.445+0000] {taskinstance.py:340} INFO - ::group::Post task execution logs
[2025-01-15T06:16:06.447+0000] {taskinstance.py:352} INFO - Marking task as SUCCESS. dag_id=stock_information, task_id=append_to_database, run_id=scheduled__2025-01-15T06:15:00+00:00, execution_date=20250115T061500, start_date=20250115T061606, end_date=20250115T061606
[2025-01-15T06:16:06.504+0000] {local_task_job_runner.py:266} INFO - Task exited with return code 0
[2025-01-15T06:16:06.518+0000] {taskinstance.py:3895} INFO - 0 downstream tasks scheduled from follow-on schedule check
[2025-01-15T06:16:06.523+0000] {local_task_job_runner.py:245} INFO - ::endgroup::
