[2025-01-17T03:05:04.101+0000] {local_task_job_runner.py:123} INFO - ::group::Pre task execution logs
[2025-01-17T03:05:04.113+0000] {taskinstance.py:2613} INFO - Dependencies all met for dep_context=non-requeueable deps ti=<TaskInstance: stock_information.append_to_database scheduled__2025-01-17T03:04:00+00:00 [queued]>
[2025-01-17T03:05:04.121+0000] {taskinstance.py:2613} INFO - Dependencies all met for dep_context=requeueable deps ti=<TaskInstance: stock_information.append_to_database scheduled__2025-01-17T03:04:00+00:00 [queued]>
[2025-01-17T03:05:04.122+0000] {taskinstance.py:2866} INFO - Starting attempt 1 of 1
[2025-01-17T03:05:04.136+0000] {taskinstance.py:2889} INFO - Executing <Task(PythonOperator): append_to_database> on 2025-01-17 03:04:00+00:00
[2025-01-17T03:05:04.141+0000] {standard_task_runner.py:72} INFO - Started process 2560 to run task
[2025-01-17T03:05:04.144+0000] {standard_task_runner.py:104} INFO - Running: ['airflow', 'tasks', 'run', 'stock_information', 'append_to_database', 'scheduled__2025-01-17T03:04:00+00:00', '--job-id', '2382', '--raw', '--subdir', 'DAGS_FOLDER/vnstock_stream.py', '--cfg-path', '/tmp/tmpxsg6c230']
[2025-01-17T03:05:04.146+0000] {standard_task_runner.py:105} INFO - Job 2382: Subtask append_to_database
[2025-01-17T03:05:04.183+0000] {task_command.py:467} INFO - Running <TaskInstance: stock_information.append_to_database scheduled__2025-01-17T03:04:00+00:00 [running]> on host 453ac4defedc
[2025-01-17T03:05:04.257+0000] {taskinstance.py:3132} INFO - Exporting env vars: AIRFLOW_CTX_DAG_OWNER='TuanDz' AIRFLOW_CTX_DAG_ID='stock_information' AIRFLOW_CTX_TASK_ID='append_to_database' AIRFLOW_CTX_EXECUTION_DATE='2025-01-17T03:04:00+00:00' AIRFLOW_CTX_TRY_NUMBER='1' AIRFLOW_CTX_DAG_RUN_ID='scheduled__2025-01-17T03:04:00+00:00'
[2025-01-17T03:05:04.259+0000] {taskinstance.py:731} INFO - ::endgroup::
[2025-01-17T03:05:04.307+0000] {logging_mixin.py:190} INFO - Kết nối thành công!
[2025-01-17T03:05:04.308+0000] {logging_mixin.py:190} INFO - <class 'str'>
[2025-01-17T03:05:04.308+0000] {logging_mixin.py:190} INFO - [['TCB', 25500, 22200, 23850, 'STOCK', 'HSX', '', 7045021622, 'STOCK', 8424683, 'Ngân hàng Thương mại Cổ phần Kỹ thương Việt Nam', 23850, '', '2025-01-17', 23800, 300, 379400, 9038, 23821.82393252504, 23900, 23750, 's', 5300, 32400, 0, 1590552461, 9038.900000000012, 3794, 23850, 23800, 156900, 23750, 81400, 23700, 56700, 23850, 800, 23900, 179900, 23950, 309200, '2025-01-17 03:05:02']]
[2025-01-17T03:05:04.309+0000] {logging_mixin.py:190} INFO - <class 'list'>
[2025-01-17T03:05:04.310+0000] {logging_mixin.py:190} INFO - [['TCB', 25500, 22200, 23850, 'STOCK', 'HSX', '', 7045021622, 'STOCK', 8424683, 'Ngân hàng Thương mại Cổ phần Kỹ thương Việt Nam', 23850, '', '2025-01-17', 23800, 300, 379400, 9038, 23821.82393252504, 23900, 23750, 's', 5300, 32400, 0, 1590552461, 9038.900000000012, 3794, 23850, 23800, 156900, 23750, 81400, 23700, 56700, 23850, 800, 23900, 179900, 23950, 309200, '2025-01-17 03:05:02']]
[2025-01-17T03:05:04.314+0000] {python.py:240} INFO - Done. Returned value was: None
[2025-01-17T03:05:04.321+0000] {taskinstance.py:340} INFO - ::group::Post task execution logs
[2025-01-17T03:05:04.322+0000] {taskinstance.py:352} INFO - Marking task as SUCCESS. dag_id=stock_information, task_id=append_to_database, run_id=scheduled__2025-01-17T03:04:00+00:00, execution_date=20250117T030400, start_date=20250117T030504, end_date=20250117T030504
[2025-01-17T03:05:04.358+0000] {local_task_job_runner.py:266} INFO - Task exited with return code 0
[2025-01-17T03:05:04.376+0000] {taskinstance.py:3895} INFO - 0 downstream tasks scheduled from follow-on schedule check
[2025-01-17T03:05:04.379+0000] {local_task_job_runner.py:245} INFO - ::endgroup::
