[2025-01-17T03:01:04.404+0000] {local_task_job_runner.py:123} INFO - ::group::Pre task execution logs
[2025-01-17T03:01:04.416+0000] {taskinstance.py:2613} INFO - Dependencies all met for dep_context=non-requeueable deps ti=<TaskInstance: stock_information.append_to_database scheduled__2025-01-17T03:00:00+00:00 [queued]>
[2025-01-17T03:01:04.424+0000] {taskinstance.py:2613} INFO - Dependencies all met for dep_context=requeueable deps ti=<TaskInstance: stock_information.append_to_database scheduled__2025-01-17T03:00:00+00:00 [queued]>
[2025-01-17T03:01:04.425+0000] {taskinstance.py:2866} INFO - Starting attempt 1 of 1
[2025-01-17T03:01:04.438+0000] {taskinstance.py:2889} INFO - Executing <Task(PythonOperator): append_to_database> on 2025-01-17 03:00:00+00:00
[2025-01-17T03:01:04.443+0000] {standard_task_runner.py:72} INFO - Started process 2446 to run task
[2025-01-17T03:01:04.445+0000] {standard_task_runner.py:104} INFO - Running: ['airflow', 'tasks', 'run', 'stock_information', 'append_to_database', 'scheduled__2025-01-17T03:00:00+00:00', '--job-id', '2374', '--raw', '--subdir', 'DAGS_FOLDER/vnstock_stream.py', '--cfg-path', '/tmp/tmpum94p79c']
[2025-01-17T03:01:04.448+0000] {standard_task_runner.py:105} INFO - Job 2374: Subtask append_to_database
[2025-01-17T03:01:04.483+0000] {task_command.py:467} INFO - Running <TaskInstance: stock_information.append_to_database scheduled__2025-01-17T03:00:00+00:00 [running]> on host 453ac4defedc
[2025-01-17T03:01:04.559+0000] {taskinstance.py:3132} INFO - Exporting env vars: AIRFLOW_CTX_DAG_OWNER='TuanDz' AIRFLOW_CTX_DAG_ID='stock_information' AIRFLOW_CTX_TASK_ID='append_to_database' AIRFLOW_CTX_EXECUTION_DATE='2025-01-17T03:00:00+00:00' AIRFLOW_CTX_TRY_NUMBER='1' AIRFLOW_CTX_DAG_RUN_ID='scheduled__2025-01-17T03:00:00+00:00'
[2025-01-17T03:01:04.561+0000] {taskinstance.py:731} INFO - ::endgroup::
[2025-01-17T03:01:04.624+0000] {logging_mixin.py:190} INFO - Kết nối thành công!
[2025-01-17T03:01:04.625+0000] {logging_mixin.py:190} INFO - <class 'str'>
[2025-01-17T03:01:04.625+0000] {logging_mixin.py:190} INFO - [['TCB', 25500, 22200, 23850, 'STOCK', 'HSX', '', 7045021622, 'STOCK', 8424683, 'Ngân hàng Thương mại Cổ phần Kỹ thương Việt Nam', 23850, '', '2025-01-17', 23800, 100, 350500, 8349, 23820.256776034235, 23900, 23750, 's', 5300, 28800, 0, 1590552461, 8349.535000000013, 3505, 23850, 23800, 162500, 23750, 70300, 23700, 53700, 23900, 181000, 23950, 308600, 24000, 946300, '2025-01-17 03:01:02']]
[2025-01-17T03:01:04.626+0000] {logging_mixin.py:190} INFO - <class 'list'>
[2025-01-17T03:01:04.626+0000] {logging_mixin.py:190} INFO - [['TCB', 25500, 22200, 23850, 'STOCK', 'HSX', '', 7045021622, 'STOCK', 8424683, 'Ngân hàng Thương mại Cổ phần Kỹ thương Việt Nam', 23850, '', '2025-01-17', 23800, 100, 350500, 8349, 23820.256776034235, 23900, 23750, 's', 5300, 28800, 0, 1590552461, 8349.535000000013, 3505, 23850, 23800, 162500, 23750, 70300, 23700, 53700, 23900, 181000, 23950, 308600, 24000, 946300, '2025-01-17 03:01:02']]
[2025-01-17T03:01:04.631+0000] {python.py:240} INFO - Done. Returned value was: None
[2025-01-17T03:01:04.638+0000] {taskinstance.py:340} INFO - ::group::Post task execution logs
[2025-01-17T03:01:04.639+0000] {taskinstance.py:352} INFO - Marking task as SUCCESS. dag_id=stock_information, task_id=append_to_database, run_id=scheduled__2025-01-17T03:00:00+00:00, execution_date=20250117T030000, start_date=20250117T030104, end_date=20250117T030104
[2025-01-17T03:01:04.659+0000] {local_task_job_runner.py:266} INFO - Task exited with return code 0
[2025-01-17T03:01:04.672+0000] {taskinstance.py:3895} INFO - 0 downstream tasks scheduled from follow-on schedule check
[2025-01-17T03:01:04.676+0000] {local_task_job_runner.py:245} INFO - ::endgroup::
