[2025-01-15T02:46:05.024+0000] {local_task_job_runner.py:123} INFO - ::group::Pre task execution logs
[2025-01-15T02:46:05.036+0000] {taskinstance.py:2613} INFO - Dependencies all met for dep_context=non-requeueable deps ti=<TaskInstance: stock_information.append_to_database scheduled__2025-01-15T02:45:00+00:00 [queued]>
[2025-01-15T02:46:05.044+0000] {taskinstance.py:2613} INFO - Dependencies all met for dep_context=requeueable deps ti=<TaskInstance: stock_information.append_to_database scheduled__2025-01-15T02:45:00+00:00 [queued]>
[2025-01-15T02:46:05.046+0000] {taskinstance.py:2866} INFO - Starting attempt 1 of 1
[2025-01-15T02:46:05.060+0000] {taskinstance.py:2889} INFO - Executing <Task(PythonOperator): append_to_database> on 2025-01-15 02:45:00+00:00
[2025-01-15T02:46:05.066+0000] {standard_task_runner.py:72} INFO - Started process 556 to run task
[2025-01-15T02:46:05.068+0000] {standard_task_runner.py:104} INFO - Running: ['airflow', 'tasks', 'run', 'stock_information', 'append_to_database', 'scheduled__2025-01-15T02:45:00+00:00', '--job-id', '544', '--raw', '--subdir', 'DAGS_FOLDER/vnstock_stream.py', '--cfg-path', '/tmp/tmpe2287hit']
[2025-01-15T02:46:05.072+0000] {standard_task_runner.py:105} INFO - Job 544: Subtask append_to_database
[2025-01-15T02:46:05.112+0000] {task_command.py:467} INFO - Running <TaskInstance: stock_information.append_to_database scheduled__2025-01-15T02:45:00+00:00 [running]> on host 453ac4defedc
[2025-01-15T02:46:05.191+0000] {taskinstance.py:3132} INFO - Exporting env vars: AIRFLOW_CTX_DAG_OWNER='TuanDz' AIRFLOW_CTX_DAG_ID='stock_information' AIRFLOW_CTX_TASK_ID='append_to_database' AIRFLOW_CTX_EXECUTION_DATE='2025-01-15T02:45:00+00:00' AIRFLOW_CTX_TRY_NUMBER='1' AIRFLOW_CTX_DAG_RUN_ID='scheduled__2025-01-15T02:45:00+00:00'
[2025-01-15T02:46:05.193+0000] {taskinstance.py:731} INFO - ::endgroup::
[2025-01-15T02:46:05.231+0000] {logging_mixin.py:190} INFO - Kết nối thành công!
[2025-01-15T02:46:05.232+0000] {logging_mixin.py:190} INFO - <class 'str'>
[2025-01-15T02:46:05.233+0000] {logging_mixin.py:190} INFO - [['TCB', 25250, 21950, 23600, 'STOCK', 'HSX', '', 7045021622, 'STOCK', 8424683, 'Ngân hàng Thương mại Cổ phần Kỹ thương Việt Nam', 23600, '', '2025-01-15', 23700, 2000, 353200, 8387, 23745.753114382787, 23800, 23650, 's', 0, 0, 0, 1590552461, 8387.264999999998, 3532, 23600, 23700, 248800, 23650, 54800, 23600, 110300, 23750, 97700, 23800, 148500, 23850, 119500, '2025-01-15 02:46:03']]
[2025-01-15T02:46:05.234+0000] {logging_mixin.py:190} INFO - <class 'list'>
[2025-01-15T02:46:05.234+0000] {logging_mixin.py:190} INFO - [['TCB', 25250, 21950, 23600, 'STOCK', 'HSX', '', 7045021622, 'STOCK', 8424683, 'Ngân hàng Thương mại Cổ phần Kỹ thương Việt Nam', 23600, '', '2025-01-15', 23700, 2000, 353200, 8387, 23745.753114382787, 23800, 23650, 's', 0, 0, 0, 1590552461, 8387.264999999998, 3532, 23600, 23700, 248800, 23650, 54800, 23600, 110300, 23750, 97700, 23800, 148500, 23850, 119500, '2025-01-15 02:46:03']]
[2025-01-15T02:46:05.237+0000] {python.py:240} INFO - Done. Returned value was: None
[2025-01-15T02:46:05.245+0000] {taskinstance.py:340} INFO - ::group::Post task execution logs
[2025-01-15T02:46:05.246+0000] {taskinstance.py:352} INFO - Marking task as SUCCESS. dag_id=stock_information, task_id=append_to_database, run_id=scheduled__2025-01-15T02:45:00+00:00, execution_date=20250115T024500, start_date=20250115T024605, end_date=20250115T024605
[2025-01-15T02:46:05.283+0000] {local_task_job_runner.py:266} INFO - Task exited with return code 0
[2025-01-15T02:46:05.301+0000] {taskinstance.py:3895} INFO - 0 downstream tasks scheduled from follow-on schedule check
[2025-01-15T02:46:05.305+0000] {local_task_job_runner.py:245} INFO - ::endgroup::
