[2025-01-15T06:11:04.917+0000] {local_task_job_runner.py:123} INFO - ::group::Pre task execution logs
[2025-01-15T06:11:04.929+0000] {taskinstance.py:2613} INFO - Dependencies all met for dep_context=non-requeueable deps ti=<TaskInstance: stock_information.append_to_database scheduled__2025-01-15T06:10:00+00:00 [queued]>
[2025-01-15T06:11:04.937+0000] {taskinstance.py:2613} INFO - Dependencies all met for dep_context=requeueable deps ti=<TaskInstance: stock_information.append_to_database scheduled__2025-01-15T06:10:00+00:00 [queued]>
[2025-01-15T06:11:04.939+0000] {taskinstance.py:2866} INFO - Starting attempt 1 of 1
[2025-01-15T06:11:04.951+0000] {taskinstance.py:2889} INFO - Executing <Task(PythonOperator): append_to_database> on 2025-01-15 06:10:00+00:00
[2025-01-15T06:11:04.957+0000] {standard_task_runner.py:72} INFO - Started process 6514 to run task
[2025-01-15T06:11:04.959+0000] {standard_task_runner.py:104} INFO - Running: ['airflow', 'tasks', 'run', 'stock_information', 'append_to_database', 'scheduled__2025-01-15T06:10:00+00:00', '--job-id', '954', '--raw', '--subdir', 'DAGS_FOLDER/vnstock_stream.py', '--cfg-path', '/tmp/tmphfpg34b6']
[2025-01-15T06:11:04.962+0000] {standard_task_runner.py:105} INFO - Job 954: Subtask append_to_database
[2025-01-15T06:11:05.000+0000] {task_command.py:467} INFO - Running <TaskInstance: stock_information.append_to_database scheduled__2025-01-15T06:10:00+00:00 [running]> on host 453ac4defedc
[2025-01-15T06:11:05.082+0000] {taskinstance.py:3132} INFO - Exporting env vars: AIRFLOW_CTX_DAG_OWNER='TuanDz' AIRFLOW_CTX_DAG_ID='stock_information' AIRFLOW_CTX_TASK_ID='append_to_database' AIRFLOW_CTX_EXECUTION_DATE='2025-01-15T06:10:00+00:00' AIRFLOW_CTX_TRY_NUMBER='1' AIRFLOW_CTX_DAG_RUN_ID='scheduled__2025-01-15T06:10:00+00:00'
[2025-01-15T06:11:05.084+0000] {taskinstance.py:731} INFO - ::endgroup::
[2025-01-15T06:11:05.124+0000] {logging_mixin.py:190} INFO - Kết nối thành công!
[2025-01-15T06:11:05.125+0000] {logging_mixin.py:190} INFO - <class 'str'>
[2025-01-15T06:11:05.126+0000] {logging_mixin.py:190} INFO - [['TCB', 25250, 21950, 23600, 'STOCK', 'HSX', '', 7045021622, 'STOCK', 8424683, 'Ngân hàng Thương mại Cổ phần Kỹ thương Việt Nam', 23600, '', '2025-01-15', 23900, 1500, 3027600, 72038, 23793.76403752147, 23900, 23650, 'b', 156700, 156700, 0, 1590552461, 72038.89499999979, 30276, 23600, 23850, 106000, 23800, 96300, 23750, 280900, 23900, 68500, 23950, 218500, 24000, 844300, '2025-01-15 06:11:03']]
[2025-01-15T06:11:05.126+0000] {logging_mixin.py:190} INFO - <class 'list'>
[2025-01-15T06:11:05.127+0000] {logging_mixin.py:190} INFO - [['TCB', 25250, 21950, 23600, 'STOCK', 'HSX', '', 7045021622, 'STOCK', 8424683, 'Ngân hàng Thương mại Cổ phần Kỹ thương Việt Nam', 23600, '', '2025-01-15', 23900, 1500, 3027600, 72038, 23793.76403752147, 23900, 23650, 'b', 156700, 156700, 0, 1590552461, 72038.89499999979, 30276, 23600, 23850, 106000, 23800, 96300, 23750, 280900, 23900, 68500, 23950, 218500, 24000, 844300, '2025-01-15 06:11:03']]
[2025-01-15T06:11:05.129+0000] {python.py:240} INFO - Done. Returned value was: None
[2025-01-15T06:11:05.136+0000] {taskinstance.py:340} INFO - ::group::Post task execution logs
[2025-01-15T06:11:05.137+0000] {taskinstance.py:352} INFO - Marking task as SUCCESS. dag_id=stock_information, task_id=append_to_database, run_id=scheduled__2025-01-15T06:10:00+00:00, execution_date=20250115T061000, start_date=20250115T061104, end_date=20250115T061105
[2025-01-15T06:11:05.173+0000] {local_task_job_runner.py:266} INFO - Task exited with return code 0
[2025-01-15T06:11:05.191+0000] {taskinstance.py:3895} INFO - 0 downstream tasks scheduled from follow-on schedule check
[2025-01-15T06:11:05.195+0000] {local_task_job_runner.py:245} INFO - ::endgroup::
