[2025-01-15T07:01:05.201+0000] {local_task_job_runner.py:123} INFO - ::group::Pre task execution logs
[2025-01-15T07:01:05.214+0000] {taskinstance.py:2613} INFO - Dependencies all met for dep_context=non-requeueable deps ti=<TaskInstance: stock_information.append_to_database scheduled__2025-01-15T07:00:00+00:00 [queued]>
[2025-01-15T07:01:05.221+0000] {taskinstance.py:2613} INFO - Dependencies all met for dep_context=requeueable deps ti=<TaskInstance: stock_information.append_to_database scheduled__2025-01-15T07:00:00+00:00 [queued]>
[2025-01-15T07:01:05.223+0000] {taskinstance.py:2866} INFO - Starting attempt 1 of 1
[2025-01-15T07:01:05.234+0000] {taskinstance.py:2889} INFO - Executing <Task(PythonOperator): append_to_database> on 2025-01-15 07:00:00+00:00
[2025-01-15T07:01:05.239+0000] {standard_task_runner.py:72} INFO - Started process 7968 to run task
[2025-01-15T07:01:05.243+0000] {standard_task_runner.py:104} INFO - Running: ['airflow', 'tasks', 'run', 'stock_information', 'append_to_database', 'scheduled__2025-01-15T07:00:00+00:00', '--job-id', '1054', '--raw', '--subdir', 'DAGS_FOLDER/vnstock_stream.py', '--cfg-path', '/tmp/tmpkn2opvoo']
[2025-01-15T07:01:05.246+0000] {standard_task_runner.py:105} INFO - Job 1054: Subtask append_to_database
[2025-01-15T07:01:05.297+0000] {task_command.py:467} INFO - Running <TaskInstance: stock_information.append_to_database scheduled__2025-01-15T07:00:00+00:00 [running]> on host 453ac4defedc
[2025-01-15T07:01:05.391+0000] {taskinstance.py:3132} INFO - Exporting env vars: AIRFLOW_CTX_DAG_OWNER='TuanDz' AIRFLOW_CTX_DAG_ID='stock_information' AIRFLOW_CTX_TASK_ID='append_to_database' AIRFLOW_CTX_EXECUTION_DATE='2025-01-15T07:00:00+00:00' AIRFLOW_CTX_TRY_NUMBER='1' AIRFLOW_CTX_DAG_RUN_ID='scheduled__2025-01-15T07:00:00+00:00'
[2025-01-15T07:01:05.393+0000] {taskinstance.py:731} INFO - ::endgroup::
[2025-01-15T07:01:05.455+0000] {logging_mixin.py:190} INFO - Kết nối thành công!
[2025-01-15T07:01:05.457+0000] {logging_mixin.py:190} INFO - <class 'str'>
[2025-01-15T07:01:05.459+0000] {logging_mixin.py:190} INFO - [['TCB', 25250, 21950, 23600, 'STOCK', 'HSX', '', 7045021622, 'STOCK', 8424683, 'Ngân hàng Thương mại Cổ phần Kỹ thương Việt Nam', 23600, '', '2025-01-15', 23750, 100, 4910100, 116838, 23795.442048023462, 23900, 23650, 's', 156700, 166700, 0, 1590552461, 116838.67999999979, 49101, 23600, 23750, 132300, 23700, 434500, 23650, 232800, 23800, 119100, 23850, 102800, 23900, 160700, '2025-01-15 07:01:03']]
[2025-01-15T07:01:05.462+0000] {logging_mixin.py:190} INFO - <class 'list'>
[2025-01-15T07:01:05.463+0000] {logging_mixin.py:190} INFO - [['TCB', 25250, 21950, 23600, 'STOCK', 'HSX', '', 7045021622, 'STOCK', 8424683, 'Ngân hàng Thương mại Cổ phần Kỹ thương Việt Nam', 23600, '', '2025-01-15', 23750, 100, 4910100, 116838, 23795.442048023462, 23900, 23650, 's', 156700, 166700, 0, 1590552461, 116838.67999999979, 49101, 23600, 23750, 132300, 23700, 434500, 23650, 232800, 23800, 119100, 23850, 102800, 23900, 160700, '2025-01-15 07:01:03']]
[2025-01-15T07:01:05.470+0000] {python.py:240} INFO - Done. Returned value was: None
[2025-01-15T07:01:05.480+0000] {taskinstance.py:340} INFO - ::group::Post task execution logs
[2025-01-15T07:01:05.481+0000] {taskinstance.py:352} INFO - Marking task as SUCCESS. dag_id=stock_information, task_id=append_to_database, run_id=scheduled__2025-01-15T07:00:00+00:00, execution_date=20250115T070000, start_date=20250115T070105, end_date=20250115T070105
[2025-01-15T07:01:05.499+0000] {local_task_job_runner.py:266} INFO - Task exited with return code 0
[2025-01-15T07:01:05.515+0000] {taskinstance.py:3895} INFO - 0 downstream tasks scheduled from follow-on schedule check
[2025-01-15T07:01:05.520+0000] {local_task_job_runner.py:245} INFO - ::endgroup::
