[2025-01-15T03:11:03.862+0000] {local_task_job_runner.py:123} INFO - ::group::Pre task execution logs
[2025-01-15T03:11:03.875+0000] {taskinstance.py:2613} INFO - Dependencies all met for dep_context=non-requeueable deps ti=<TaskInstance: stock_information.append_to_database scheduled__2025-01-15T03:10:00+00:00 [queued]>
[2025-01-15T03:11:03.882+0000] {taskinstance.py:2613} INFO - Dependencies all met for dep_context=requeueable deps ti=<TaskInstance: stock_information.append_to_database scheduled__2025-01-15T03:10:00+00:00 [queued]>
[2025-01-15T03:11:03.884+0000] {taskinstance.py:2866} INFO - Starting attempt 1 of 1
[2025-01-15T03:11:03.896+0000] {taskinstance.py:2889} INFO - Executing <Task(PythonOperator): append_to_database> on 2025-01-15 03:10:00+00:00
[2025-01-15T03:11:03.902+0000] {standard_task_runner.py:72} INFO - Started process 1283 to run task
[2025-01-15T03:11:03.904+0000] {standard_task_runner.py:104} INFO - Running: ['airflow', 'tasks', 'run', 'stock_information', 'append_to_database', 'scheduled__2025-01-15T03:10:00+00:00', '--job-id', '594', '--raw', '--subdir', 'DAGS_FOLDER/vnstock_stream.py', '--cfg-path', '/tmp/tmpy2ihejl6']
[2025-01-15T03:11:03.907+0000] {standard_task_runner.py:105} INFO - Job 594: Subtask append_to_database
[2025-01-15T03:11:03.945+0000] {task_command.py:467} INFO - Running <TaskInstance: stock_information.append_to_database scheduled__2025-01-15T03:10:00+00:00 [running]> on host 453ac4defedc
[2025-01-15T03:11:04.026+0000] {taskinstance.py:3132} INFO - Exporting env vars: AIRFLOW_CTX_DAG_OWNER='TuanDz' AIRFLOW_CTX_DAG_ID='stock_information' AIRFLOW_CTX_TASK_ID='append_to_database' AIRFLOW_CTX_EXECUTION_DATE='2025-01-15T03:10:00+00:00' AIRFLOW_CTX_TRY_NUMBER='1' AIRFLOW_CTX_DAG_RUN_ID='scheduled__2025-01-15T03:10:00+00:00'
[2025-01-15T03:11:04.028+0000] {taskinstance.py:731} INFO - ::endgroup::
[2025-01-15T03:11:04.063+0000] {logging_mixin.py:190} INFO - Kết nối thành công!
[2025-01-15T03:11:04.064+0000] {logging_mixin.py:190} INFO - <class 'str'>
[2025-01-15T03:11:04.064+0000] {logging_mixin.py:190} INFO - [['TCB', 25250, 21950, 23600, 'STOCK', 'HSX', '', 7045021622, 'STOCK', 8424683, 'Ngân hàng Thương mại Cổ phần Kỹ thương Việt Nam', 23600, '', '2025-01-15', 23700, 11800, 715400, 16979, 23733.575622029635, 23800, 23650, 's', 0, 0, 0, 1590552461, 16979.355000000003, 7154, 23600, 23700, 136400, 23650, 134300, 23600, 230500, 23750, 36400, 23800, 169100, 23850, 149800, '2025-01-15 03:11:02']]
[2025-01-15T03:11:04.065+0000] {logging_mixin.py:190} INFO - <class 'list'>
[2025-01-15T03:11:04.065+0000] {logging_mixin.py:190} INFO - [['TCB', 25250, 21950, 23600, 'STOCK', 'HSX', '', 7045021622, 'STOCK', 8424683, 'Ngân hàng Thương mại Cổ phần Kỹ thương Việt Nam', 23600, '', '2025-01-15', 23700, 11800, 715400, 16979, 23733.575622029635, 23800, 23650, 's', 0, 0, 0, 1590552461, 16979.355000000003, 7154, 23600, 23700, 136400, 23650, 134300, 23600, 230500, 23750, 36400, 23800, 169100, 23850, 149800, '2025-01-15 03:11:02']]
[2025-01-15T03:11:04.067+0000] {python.py:240} INFO - Done. Returned value was: None
[2025-01-15T03:11:04.074+0000] {taskinstance.py:340} INFO - ::group::Post task execution logs
[2025-01-15T03:11:04.075+0000] {taskinstance.py:352} INFO - Marking task as SUCCESS. dag_id=stock_information, task_id=append_to_database, run_id=scheduled__2025-01-15T03:10:00+00:00, execution_date=20250115T031000, start_date=20250115T031103, end_date=20250115T031104
[2025-01-15T03:11:04.119+0000] {local_task_job_runner.py:266} INFO - Task exited with return code 0
[2025-01-15T03:11:04.139+0000] {taskinstance.py:3895} INFO - 0 downstream tasks scheduled from follow-on schedule check
[2025-01-15T03:11:04.144+0000] {local_task_job_runner.py:245} INFO - ::endgroup::
