[2025-01-15T04:08:05.250+0000] {local_task_job_runner.py:123} INFO - ::group::Pre task execution logs
[2025-01-15T04:08:05.267+0000] {taskinstance.py:2613} INFO - Dependencies all met for dep_context=non-requeueable deps ti=<TaskInstance: stock_information.append_to_database scheduled__2025-01-15T04:07:00+00:00 [queued]>
[2025-01-15T04:08:05.275+0000] {taskinstance.py:2613} INFO - Dependencies all met for dep_context=requeueable deps ti=<TaskInstance: stock_information.append_to_database scheduled__2025-01-15T04:07:00+00:00 [queued]>
[2025-01-15T04:08:05.277+0000] {taskinstance.py:2866} INFO - Starting attempt 1 of 1
[2025-01-15T04:08:05.290+0000] {taskinstance.py:2889} INFO - Executing <Task(PythonOperator): append_to_database> on 2025-01-15 04:07:00+00:00
[2025-01-15T04:08:05.298+0000] {standard_task_runner.py:72} INFO - Started process 2958 to run task
[2025-01-15T04:08:05.301+0000] {standard_task_runner.py:104} INFO - Running: ['airflow', 'tasks', 'run', 'stock_information', 'append_to_database', 'scheduled__2025-01-15T04:07:00+00:00', '--job-id', '708', '--raw', '--subdir', 'DAGS_FOLDER/vnstock_stream.py', '--cfg-path', '/tmp/tmpchr13k8c']
[2025-01-15T04:08:05.305+0000] {standard_task_runner.py:105} INFO - Job 708: Subtask append_to_database
[2025-01-15T04:08:05.351+0000] {task_command.py:467} INFO - Running <TaskInstance: stock_information.append_to_database scheduled__2025-01-15T04:07:00+00:00 [running]> on host 453ac4defedc
[2025-01-15T04:08:05.451+0000] {taskinstance.py:3132} INFO - Exporting env vars: AIRFLOW_CTX_DAG_OWNER='TuanDz' AIRFLOW_CTX_DAG_ID='stock_information' AIRFLOW_CTX_TASK_ID='append_to_database' AIRFLOW_CTX_EXECUTION_DATE='2025-01-15T04:07:00+00:00' AIRFLOW_CTX_TRY_NUMBER='1' AIRFLOW_CTX_DAG_RUN_ID='scheduled__2025-01-15T04:07:00+00:00'
[2025-01-15T04:08:05.453+0000] {taskinstance.py:731} INFO - ::endgroup::
[2025-01-15T04:08:05.511+0000] {logging_mixin.py:190} INFO - Kết nối thành công!
[2025-01-15T04:08:05.513+0000] {logging_mixin.py:190} INFO - <class 'str'>
[2025-01-15T04:08:05.515+0000] {logging_mixin.py:190} INFO - [['TCB', 25250, 21950, 23600, 'STOCK', 'HSX', '', 7045021622, 'STOCK', 8424683, 'Ngân hàng Thương mại Cổ phần Kỹ thương Việt Nam', 23600, '', '2025-01-15', 23750, 900, 2174300, 51660, 23759.370831991906, 23900, 23650, 's', 0, 0, 0, 1590552461, 51660.005, 21743, 23600, 23750, 153100, 23700, 137200, 23650, 224800, 23800, 12300, 23850, 29700, 23900, 238300, '2025-01-15 04:08:03']]
[2025-01-15T04:08:05.516+0000] {logging_mixin.py:190} INFO - <class 'list'>
[2025-01-15T04:08:05.517+0000] {logging_mixin.py:190} INFO - [['TCB', 25250, 21950, 23600, 'STOCK', 'HSX', '', 7045021622, 'STOCK', 8424683, 'Ngân hàng Thương mại Cổ phần Kỹ thương Việt Nam', 23600, '', '2025-01-15', 23750, 900, 2174300, 51660, 23759.370831991906, 23900, 23650, 's', 0, 0, 0, 1590552461, 51660.005, 21743, 23600, 23750, 153100, 23700, 137200, 23650, 224800, 23800, 12300, 23850, 29700, 23900, 238300, '2025-01-15 04:08:03']]
[2025-01-15T04:08:05.522+0000] {python.py:240} INFO - Done. Returned value was: None
[2025-01-15T04:08:05.531+0000] {taskinstance.py:340} INFO - ::group::Post task execution logs
[2025-01-15T04:08:05.532+0000] {taskinstance.py:352} INFO - Marking task as SUCCESS. dag_id=stock_information, task_id=append_to_database, run_id=scheduled__2025-01-15T04:07:00+00:00, execution_date=20250115T040700, start_date=20250115T040805, end_date=20250115T040805
[2025-01-15T04:08:05.556+0000] {local_task_job_runner.py:266} INFO - Task exited with return code 0
[2025-01-15T04:08:05.572+0000] {taskinstance.py:3895} INFO - 0 downstream tasks scheduled from follow-on schedule check
[2025-01-15T04:08:05.576+0000] {local_task_job_runner.py:245} INFO - ::endgroup::
