[2025-01-16T06:39:04.368+0000] {local_task_job_runner.py:123} INFO - ::group::Pre task execution logs
[2025-01-16T06:39:04.382+0000] {taskinstance.py:2613} INFO - Dependencies all met for dep_context=non-requeueable deps ti=<TaskInstance: stock_information.append_to_database scheduled__2025-01-16T06:38:00+00:00 [queued]>
[2025-01-16T06:39:04.391+0000] {taskinstance.py:2613} INFO - Dependencies all met for dep_context=requeueable deps ti=<TaskInstance: stock_information.append_to_database scheduled__2025-01-16T06:38:00+00:00 [queued]>
[2025-01-16T06:39:04.393+0000] {taskinstance.py:2866} INFO - Starting attempt 1 of 1
[2025-01-16T06:39:04.408+0000] {taskinstance.py:2889} INFO - Executing <Task(PythonOperator): append_to_database> on 2025-01-16 06:38:00+00:00
[2025-01-16T06:39:04.414+0000] {standard_task_runner.py:72} INFO - Started process 7329 to run task
[2025-01-16T06:39:04.417+0000] {standard_task_runner.py:104} INFO - Running: ['airflow', 'tasks', 'run', 'stock_information', 'append_to_database', 'scheduled__2025-01-16T06:38:00+00:00', '--job-id', '1907', '--raw', '--subdir', 'DAGS_FOLDER/vnstock_stream.py', '--cfg-path', '/tmp/tmphlowzx41']
[2025-01-16T06:39:04.420+0000] {standard_task_runner.py:105} INFO - Job 1907: Subtask append_to_database
[2025-01-16T06:39:04.462+0000] {task_command.py:467} INFO - Running <TaskInstance: stock_information.append_to_database scheduled__2025-01-16T06:38:00+00:00 [running]> on host 453ac4defedc
[2025-01-16T06:39:04.541+0000] {taskinstance.py:3132} INFO - Exporting env vars: AIRFLOW_CTX_DAG_OWNER='TuanDz' AIRFLOW_CTX_DAG_ID='stock_information' AIRFLOW_CTX_TASK_ID='append_to_database' AIRFLOW_CTX_EXECUTION_DATE='2025-01-16T06:38:00+00:00' AIRFLOW_CTX_TRY_NUMBER='1' AIRFLOW_CTX_DAG_RUN_ID='scheduled__2025-01-16T06:38:00+00:00'
[2025-01-16T06:39:04.544+0000] {taskinstance.py:731} INFO - ::endgroup::
[2025-01-16T06:39:04.604+0000] {logging_mixin.py:190} INFO - Kết nối thành công!
[2025-01-16T06:39:04.605+0000] {logging_mixin.py:190} INFO - <class 'str'>
[2025-01-16T06:39:04.606+0000] {logging_mixin.py:190} INFO - [['TCB', 25350, 22050, 23700, 'STOCK', 'HSX', '', 7045021622, 'STOCK', 8424683, 'Ngân hàng Thương mại Cổ phần Kỹ thương Việt Nam', 23700, '', '2025-01-16', 23750, 100, 3878600, 92418, 23827.66977775486, 23950, 23700, 'b', 0, 0, 0, 1590552461, 92418.34999999995, 38786, 23700, 23700, 302900, 23650, 195100, 23600, 149400, 23750, 36200, 23800, 181400, 23850, 209600, '2025-01-16 06:39:02']]
[2025-01-16T06:39:04.607+0000] {logging_mixin.py:190} INFO - <class 'list'>
[2025-01-16T06:39:04.607+0000] {logging_mixin.py:190} INFO - [['TCB', 25350, 22050, 23700, 'STOCK', 'HSX', '', 7045021622, 'STOCK', 8424683, 'Ngân hàng Thương mại Cổ phần Kỹ thương Việt Nam', 23700, '', '2025-01-16', 23750, 100, 3878600, 92418, 23827.66977775486, 23950, 23700, 'b', 0, 0, 0, 1590552461, 92418.34999999995, 38786, 23700, 23700, 302900, 23650, 195100, 23600, 149400, 23750, 36200, 23800, 181400, 23850, 209600, '2025-01-16 06:39:02']]
[2025-01-16T06:39:04.614+0000] {python.py:240} INFO - Done. Returned value was: None
[2025-01-16T06:39:04.622+0000] {taskinstance.py:340} INFO - ::group::Post task execution logs
[2025-01-16T06:39:04.623+0000] {taskinstance.py:352} INFO - Marking task as SUCCESS. dag_id=stock_information, task_id=append_to_database, run_id=scheduled__2025-01-16T06:38:00+00:00, execution_date=20250116T063800, start_date=20250116T063904, end_date=20250116T063904
[2025-01-16T06:39:04.673+0000] {local_task_job_runner.py:266} INFO - Task exited with return code 0
[2025-01-16T06:39:04.690+0000] {taskinstance.py:3895} INFO - 0 downstream tasks scheduled from follow-on schedule check
[2025-01-16T06:39:04.696+0000] {local_task_job_runner.py:245} INFO - ::endgroup::
