[2025-01-16T06:06:04.427+0000] {local_task_job_runner.py:123} INFO - ::group::Pre task execution logs
[2025-01-16T06:06:04.439+0000] {taskinstance.py:2613} INFO - Dependencies all met for dep_context=non-requeueable deps ti=<TaskInstance: stock_information.append_to_database scheduled__2025-01-16T06:05:00+00:00 [queued]>
[2025-01-16T06:06:04.448+0000] {taskinstance.py:2613} INFO - Dependencies all met for dep_context=requeueable deps ti=<TaskInstance: stock_information.append_to_database scheduled__2025-01-16T06:05:00+00:00 [queued]>
[2025-01-16T06:06:04.450+0000] {taskinstance.py:2866} INFO - Starting attempt 1 of 1
[2025-01-16T06:06:04.463+0000] {taskinstance.py:2889} INFO - Executing <Task(PythonOperator): append_to_database> on 2025-01-16 06:05:00+00:00
[2025-01-16T06:06:04.468+0000] {standard_task_runner.py:72} INFO - Started process 6362 to run task
[2025-01-16T06:06:04.471+0000] {standard_task_runner.py:104} INFO - Running: ['airflow', 'tasks', 'run', 'stock_information', 'append_to_database', 'scheduled__2025-01-16T06:05:00+00:00', '--job-id', '1841', '--raw', '--subdir', 'DAGS_FOLDER/vnstock_stream.py', '--cfg-path', '/tmp/tmpwnl617ut']
[2025-01-16T06:06:04.473+0000] {standard_task_runner.py:105} INFO - Job 1841: Subtask append_to_database
[2025-01-16T06:06:04.513+0000] {task_command.py:467} INFO - Running <TaskInstance: stock_information.append_to_database scheduled__2025-01-16T06:05:00+00:00 [running]> on host 453ac4defedc
[2025-01-16T06:06:04.595+0000] {taskinstance.py:3132} INFO - Exporting env vars: AIRFLOW_CTX_DAG_OWNER='TuanDz' AIRFLOW_CTX_DAG_ID='stock_information' AIRFLOW_CTX_TASK_ID='append_to_database' AIRFLOW_CTX_EXECUTION_DATE='2025-01-16T06:05:00+00:00' AIRFLOW_CTX_TRY_NUMBER='1' AIRFLOW_CTX_DAG_RUN_ID='scheduled__2025-01-16T06:05:00+00:00'
[2025-01-16T06:06:04.597+0000] {taskinstance.py:731} INFO - ::endgroup::
[2025-01-16T06:06:04.665+0000] {logging_mixin.py:190} INFO - Kết nối thành công!
[2025-01-16T06:06:04.666+0000] {logging_mixin.py:190} INFO - <class 'str'>
[2025-01-16T06:06:04.667+0000] {logging_mixin.py:190} INFO - [['TCB', 25350, 22050, 23700, 'STOCK', 'HSX', '', 7045021622, 'STOCK', 8424683, 'Ngân hàng Thương mại Cổ phần Kỹ thương Việt Nam', 23700, '', '2025-01-16', 23750, 1400, 3463400, 82557, 23836.981001328175, 23950, 23700, 'b', 0, 0, 0, 1590552461, 82557.605, 34634, 23700, 23700, 177000, 23650, 155500, 23600, 201200, 23750, 20400, 23800, 160500, 23850, 217600, '2025-01-16 06:06:02']]
[2025-01-16T06:06:04.668+0000] {logging_mixin.py:190} INFO - <class 'list'>
[2025-01-16T06:06:04.668+0000] {logging_mixin.py:190} INFO - [['TCB', 25350, 22050, 23700, 'STOCK', 'HSX', '', 7045021622, 'STOCK', 8424683, 'Ngân hàng Thương mại Cổ phần Kỹ thương Việt Nam', 23700, '', '2025-01-16', 23750, 1400, 3463400, 82557, 23836.981001328175, 23950, 23700, 'b', 0, 0, 0, 1590552461, 82557.605, 34634, 23700, 23700, 177000, 23650, 155500, 23600, 201200, 23750, 20400, 23800, 160500, 23850, 217600, '2025-01-16 06:06:02']]
[2025-01-16T06:06:04.674+0000] {python.py:240} INFO - Done. Returned value was: None
[2025-01-16T06:06:04.681+0000] {taskinstance.py:340} INFO - ::group::Post task execution logs
[2025-01-16T06:06:04.682+0000] {taskinstance.py:352} INFO - Marking task as SUCCESS. dag_id=stock_information, task_id=append_to_database, run_id=scheduled__2025-01-16T06:05:00+00:00, execution_date=20250116T060500, start_date=20250116T060604, end_date=20250116T060604
[2025-01-16T06:06:04.726+0000] {local_task_job_runner.py:266} INFO - Task exited with return code 0
[2025-01-16T06:06:04.740+0000] {taskinstance.py:3895} INFO - 0 downstream tasks scheduled from follow-on schedule check
[2025-01-16T06:06:04.744+0000] {local_task_job_runner.py:245} INFO - ::endgroup::
