[2025-01-15T06:38:06.025+0000] {local_task_job_runner.py:123} INFO - ::group::Pre task execution logs
[2025-01-15T06:38:06.038+0000] {taskinstance.py:2613} INFO - Dependencies all met for dep_context=non-requeueable deps ti=<TaskInstance: stock_information.append_to_database scheduled__2025-01-15T06:37:00+00:00 [queued]>
[2025-01-15T06:38:06.045+0000] {taskinstance.py:2613} INFO - Dependencies all met for dep_context=requeueable deps ti=<TaskInstance: stock_information.append_to_database scheduled__2025-01-15T06:37:00+00:00 [queued]>
[2025-01-15T06:38:06.047+0000] {taskinstance.py:2866} INFO - Starting attempt 1 of 1
[2025-01-15T06:38:06.058+0000] {taskinstance.py:2889} INFO - Executing <Task(PythonOperator): append_to_database> on 2025-01-15 06:37:00+00:00
[2025-01-15T06:38:06.064+0000] {standard_task_runner.py:72} INFO - Started process 7298 to run task
[2025-01-15T06:38:06.067+0000] {standard_task_runner.py:104} INFO - Running: ['airflow', 'tasks', 'run', 'stock_information', 'append_to_database', 'scheduled__2025-01-15T06:37:00+00:00', '--job-id', '1008', '--raw', '--subdir', 'DAGS_FOLDER/vnstock_stream.py', '--cfg-path', '/tmp/tmpbjmdq6pi']
[2025-01-15T06:38:06.070+0000] {standard_task_runner.py:105} INFO - Job 1008: Subtask append_to_database
[2025-01-15T06:38:06.109+0000] {task_command.py:467} INFO - Running <TaskInstance: stock_information.append_to_database scheduled__2025-01-15T06:37:00+00:00 [running]> on host 453ac4defedc
[2025-01-15T06:38:06.189+0000] {taskinstance.py:3132} INFO - Exporting env vars: AIRFLOW_CTX_DAG_OWNER='TuanDz' AIRFLOW_CTX_DAG_ID='stock_information' AIRFLOW_CTX_TASK_ID='append_to_database' AIRFLOW_CTX_EXECUTION_DATE='2025-01-15T06:37:00+00:00' AIRFLOW_CTX_TRY_NUMBER='1' AIRFLOW_CTX_DAG_RUN_ID='scheduled__2025-01-15T06:37:00+00:00'
[2025-01-15T06:38:06.191+0000] {taskinstance.py:731} INFO - ::endgroup::
[2025-01-15T06:38:06.228+0000] {logging_mixin.py:190} INFO - Kết nối thành công!
[2025-01-15T06:38:06.229+0000] {logging_mixin.py:190} INFO - <class 'str'>
[2025-01-15T06:38:06.231+0000] {logging_mixin.py:190} INFO - [['TCB', 25250, 21950, 23600, 'STOCK', 'HSX', '', 7045021622, 'STOCK', 8424683, 'Ngân hàng Thương mại Cổ phần Kỹ thương Việt Nam', 23600, '', '2025-01-15', 23750, 2200, 3934200, 93636, 23800.518529815465, 23900, 23650, 's', 156700, 156700, 0, 1590552461, 93636.65499999982, 39342, 23600, 23750, 339300, 23700, 322100, 23650, 233200, 23800, 2500, 23850, 84800, 23900, 187100, '2025-01-15 06:38:03']]
[2025-01-15T06:38:06.232+0000] {logging_mixin.py:190} INFO - <class 'list'>
[2025-01-15T06:38:06.233+0000] {logging_mixin.py:190} INFO - [['TCB', 25250, 21950, 23600, 'STOCK', 'HSX', '', 7045021622, 'STOCK', 8424683, 'Ngân hàng Thương mại Cổ phần Kỹ thương Việt Nam', 23600, '', '2025-01-15', 23750, 2200, 3934200, 93636, 23800.518529815465, 23900, 23650, 's', 156700, 156700, 0, 1590552461, 93636.65499999982, 39342, 23600, 23750, 339300, 23700, 322100, 23650, 233200, 23800, 2500, 23850, 84800, 23900, 187100, '2025-01-15 06:38:03']]
[2025-01-15T06:38:06.236+0000] {python.py:240} INFO - Done. Returned value was: None
[2025-01-15T06:38:06.243+0000] {taskinstance.py:340} INFO - ::group::Post task execution logs
[2025-01-15T06:38:06.245+0000] {taskinstance.py:352} INFO - Marking task as SUCCESS. dag_id=stock_information, task_id=append_to_database, run_id=scheduled__2025-01-15T06:37:00+00:00, execution_date=20250115T063700, start_date=20250115T063806, end_date=20250115T063806
[2025-01-15T06:38:06.281+0000] {local_task_job_runner.py:266} INFO - Task exited with return code 0
[2025-01-15T06:38:06.294+0000] {taskinstance.py:3895} INFO - 0 downstream tasks scheduled from follow-on schedule check
[2025-01-15T06:38:06.302+0000] {local_task_job_runner.py:245} INFO - ::endgroup::
