[2025-01-15T03:50:05.685+0000] {local_task_job_runner.py:123} INFO - ::group::Pre task execution logs
[2025-01-15T03:50:05.697+0000] {taskinstance.py:2613} INFO - Dependencies all met for dep_context=non-requeueable deps ti=<TaskInstance: stock_information.append_to_database scheduled__2025-01-15T03:49:00+00:00 [queued]>
[2025-01-15T03:50:05.704+0000] {taskinstance.py:2613} INFO - Dependencies all met for dep_context=requeueable deps ti=<TaskInstance: stock_information.append_to_database scheduled__2025-01-15T03:49:00+00:00 [queued]>
[2025-01-15T03:50:05.706+0000] {taskinstance.py:2866} INFO - Starting attempt 1 of 1
[2025-01-15T03:50:05.718+0000] {taskinstance.py:2889} INFO - Executing <Task(PythonOperator): append_to_database> on 2025-01-15 03:49:00+00:00
[2025-01-15T03:50:05.724+0000] {standard_task_runner.py:72} INFO - Started process 2430 to run task
[2025-01-15T03:50:05.727+0000] {standard_task_runner.py:104} INFO - Running: ['airflow', 'tasks', 'run', 'stock_information', 'append_to_database', 'scheduled__2025-01-15T03:49:00+00:00', '--job-id', '672', '--raw', '--subdir', 'DAGS_FOLDER/vnstock_stream.py', '--cfg-path', '/tmp/tmpjnymbxk5']
[2025-01-15T03:50:05.730+0000] {standard_task_runner.py:105} INFO - Job 672: Subtask append_to_database
[2025-01-15T03:50:05.770+0000] {task_command.py:467} INFO - Running <TaskInstance: stock_information.append_to_database scheduled__2025-01-15T03:49:00+00:00 [running]> on host 453ac4defedc
[2025-01-15T03:50:05.847+0000] {taskinstance.py:3132} INFO - Exporting env vars: AIRFLOW_CTX_DAG_OWNER='TuanDz' AIRFLOW_CTX_DAG_ID='stock_information' AIRFLOW_CTX_TASK_ID='append_to_database' AIRFLOW_CTX_EXECUTION_DATE='2025-01-15T03:49:00+00:00' AIRFLOW_CTX_TRY_NUMBER='1' AIRFLOW_CTX_DAG_RUN_ID='scheduled__2025-01-15T03:49:00+00:00'
[2025-01-15T03:50:05.850+0000] {taskinstance.py:731} INFO - ::endgroup::
[2025-01-15T03:50:05.884+0000] {logging_mixin.py:190} INFO - Kết nối thành công!
[2025-01-15T03:50:05.886+0000] {logging_mixin.py:190} INFO - <class 'str'>
[2025-01-15T03:50:05.886+0000] {logging_mixin.py:190} INFO - [['TCB', 25250, 21950, 23600, 'STOCK', 'HSX', '', 7045021622, 'STOCK', 8424683, 'Ngân hàng Thương mại Cổ phần Kỹ thương Việt Nam', 23600, '', '2025-01-15', 23800, 200, 1586600, 37657, 23734.40060506744, 23800, 23650, 'b', 0, 0, 0, 1590552461, 37657.39999999999, 15866, 23600, 23750, 50800, 23700, 145600, 23650, 236100, 23800, 77800, 23850, 157800, 23900, 105600, '2025-01-15 03:50:03']]
[2025-01-15T03:50:05.887+0000] {logging_mixin.py:190} INFO - <class 'list'>
[2025-01-15T03:50:05.888+0000] {logging_mixin.py:190} INFO - [['TCB', 25250, 21950, 23600, 'STOCK', 'HSX', '', 7045021622, 'STOCK', 8424683, 'Ngân hàng Thương mại Cổ phần Kỹ thương Việt Nam', 23600, '', '2025-01-15', 23800, 200, 1586600, 37657, 23734.40060506744, 23800, 23650, 'b', 0, 0, 0, 1590552461, 37657.39999999999, 15866, 23600, 23750, 50800, 23700, 145600, 23650, 236100, 23800, 77800, 23850, 157800, 23900, 105600, '2025-01-15 03:50:03']]
[2025-01-15T03:50:05.890+0000] {python.py:240} INFO - Done. Returned value was: None
[2025-01-15T03:50:05.898+0000] {taskinstance.py:340} INFO - ::group::Post task execution logs
[2025-01-15T03:50:05.899+0000] {taskinstance.py:352} INFO - Marking task as SUCCESS. dag_id=stock_information, task_id=append_to_database, run_id=scheduled__2025-01-15T03:49:00+00:00, execution_date=20250115T034900, start_date=20250115T035005, end_date=20250115T035005
[2025-01-15T03:50:05.942+0000] {local_task_job_runner.py:266} INFO - Task exited with return code 0
[2025-01-15T03:50:05.956+0000] {taskinstance.py:3895} INFO - 0 downstream tasks scheduled from follow-on schedule check
[2025-01-15T03:50:05.960+0000] {local_task_job_runner.py:245} INFO - ::endgroup::
