[2025-01-16T06:19:05.016+0000] {local_task_job_runner.py:123} INFO - ::group::Pre task execution logs
[2025-01-16T06:19:05.028+0000] {taskinstance.py:2613} INFO - Dependencies all met for dep_context=non-requeueable deps ti=<TaskInstance: stock_information.append_to_database scheduled__2025-01-16T06:18:00+00:00 [queued]>
[2025-01-16T06:19:05.035+0000] {taskinstance.py:2613} INFO - Dependencies all met for dep_context=requeueable deps ti=<TaskInstance: stock_information.append_to_database scheduled__2025-01-16T06:18:00+00:00 [queued]>
[2025-01-16T06:19:05.036+0000] {taskinstance.py:2866} INFO - Starting attempt 1 of 1
[2025-01-16T06:19:05.048+0000] {taskinstance.py:2889} INFO - Executing <Task(PythonOperator): append_to_database> on 2025-01-16 06:18:00+00:00
[2025-01-16T06:19:05.054+0000] {standard_task_runner.py:72} INFO - Started process 6746 to run task
[2025-01-16T06:19:05.056+0000] {standard_task_runner.py:104} INFO - Running: ['airflow', 'tasks', 'run', 'stock_information', 'append_to_database', 'scheduled__2025-01-16T06:18:00+00:00', '--job-id', '1867', '--raw', '--subdir', 'DAGS_FOLDER/vnstock_stream.py', '--cfg-path', '/tmp/tmpixnol0qc']
[2025-01-16T06:19:05.058+0000] {standard_task_runner.py:105} INFO - Job 1867: Subtask append_to_database
[2025-01-16T06:19:05.093+0000] {task_command.py:467} INFO - Running <TaskInstance: stock_information.append_to_database scheduled__2025-01-16T06:18:00+00:00 [running]> on host 453ac4defedc
[2025-01-16T06:19:05.174+0000] {taskinstance.py:3132} INFO - Exporting env vars: AIRFLOW_CTX_DAG_OWNER='TuanDz' AIRFLOW_CTX_DAG_ID='stock_information' AIRFLOW_CTX_TASK_ID='append_to_database' AIRFLOW_CTX_EXECUTION_DATE='2025-01-16T06:18:00+00:00' AIRFLOW_CTX_TRY_NUMBER='1' AIRFLOW_CTX_DAG_RUN_ID='scheduled__2025-01-16T06:18:00+00:00'
[2025-01-16T06:19:05.176+0000] {taskinstance.py:731} INFO - ::endgroup::
[2025-01-16T06:19:05.263+0000] {logging_mixin.py:190} INFO - Kết nối thành công!
[2025-01-16T06:19:05.264+0000] {logging_mixin.py:190} INFO - <class 'str'>
[2025-01-16T06:19:05.265+0000] {logging_mixin.py:190} INFO - [['TCB', 25350, 22050, 23700, 'STOCK', 'HSX', '', 7045021622, 'STOCK', 8424683, 'Ngân hàng Thương mại Cổ phần Kỹ thương Việt Nam', 23700, '', '2025-01-16', 23750, 1000, 3561500, 84887, 23834.620244279096, 23950, 23700, 's', 0, 0, 0, 1590552461, 84887.22499999999, 35615, 23700, 23750, 180600, 23700, 262400, 23650, 186500, 23800, 163900, 23850, 224200, 23900, 297600, '2025-01-16 06:19:02']]
[2025-01-16T06:19:05.267+0000] {logging_mixin.py:190} INFO - <class 'list'>
[2025-01-16T06:19:05.269+0000] {logging_mixin.py:190} INFO - [['TCB', 25350, 22050, 23700, 'STOCK', 'HSX', '', 7045021622, 'STOCK', 8424683, 'Ngân hàng Thương mại Cổ phần Kỹ thương Việt Nam', 23700, '', '2025-01-16', 23750, 1000, 3561500, 84887, 23834.620244279096, 23950, 23700, 's', 0, 0, 0, 1590552461, 84887.22499999999, 35615, 23700, 23750, 180600, 23700, 262400, 23650, 186500, 23800, 163900, 23850, 224200, 23900, 297600, '2025-01-16 06:19:02']]
[2025-01-16T06:19:05.290+0000] {python.py:240} INFO - Done. Returned value was: None
[2025-01-16T06:19:05.300+0000] {taskinstance.py:340} INFO - ::group::Post task execution logs
[2025-01-16T06:19:05.302+0000] {taskinstance.py:352} INFO - Marking task as SUCCESS. dag_id=stock_information, task_id=append_to_database, run_id=scheduled__2025-01-16T06:18:00+00:00, execution_date=20250116T061800, start_date=20250116T061905, end_date=20250116T061905
[2025-01-16T06:19:05.350+0000] {local_task_job_runner.py:266} INFO - Task exited with return code 0
[2025-01-16T06:19:05.368+0000] {taskinstance.py:3895} INFO - 0 downstream tasks scheduled from follow-on schedule check
[2025-01-16T06:19:05.373+0000] {local_task_job_runner.py:245} INFO - ::endgroup::
