[2025-01-17T02:37:04.065+0000] {local_task_job_runner.py:123} INFO - ::group::Pre task execution logs
[2025-01-17T02:37:04.077+0000] {taskinstance.py:2613} INFO - Dependencies all met for dep_context=non-requeueable deps ti=<TaskInstance: stock_information.append_to_database scheduled__2025-01-17T02:36:00+00:00 [queued]>
[2025-01-17T02:37:04.084+0000] {taskinstance.py:2613} INFO - Dependencies all met for dep_context=requeueable deps ti=<TaskInstance: stock_information.append_to_database scheduled__2025-01-17T02:36:00+00:00 [queued]>
[2025-01-17T02:37:04.085+0000] {taskinstance.py:2866} INFO - Starting attempt 1 of 1
[2025-01-17T02:37:04.097+0000] {taskinstance.py:2889} INFO - Executing <Task(PythonOperator): append_to_database> on 2025-01-17 02:36:00+00:00
[2025-01-17T02:37:04.103+0000] {standard_task_runner.py:72} INFO - Started process 1743 to run task
[2025-01-17T02:37:04.105+0000] {standard_task_runner.py:104} INFO - Running: ['airflow', 'tasks', 'run', 'stock_information', 'append_to_database', 'scheduled__2025-01-17T02:36:00+00:00', '--job-id', '2326', '--raw', '--subdir', 'DAGS_FOLDER/vnstock_stream.py', '--cfg-path', '/tmp/tmpjabuf7jh']
[2025-01-17T02:37:04.107+0000] {standard_task_runner.py:105} INFO - Job 2326: Subtask append_to_database
[2025-01-17T02:37:04.142+0000] {task_command.py:467} INFO - Running <TaskInstance: stock_information.append_to_database scheduled__2025-01-17T02:36:00+00:00 [running]> on host 453ac4defedc
[2025-01-17T02:37:04.218+0000] {taskinstance.py:3132} INFO - Exporting env vars: AIRFLOW_CTX_DAG_OWNER='TuanDz' AIRFLOW_CTX_DAG_ID='stock_information' AIRFLOW_CTX_TASK_ID='append_to_database' AIRFLOW_CTX_EXECUTION_DATE='2025-01-17T02:36:00+00:00' AIRFLOW_CTX_TRY_NUMBER='1' AIRFLOW_CTX_DAG_RUN_ID='scheduled__2025-01-17T02:36:00+00:00'
[2025-01-17T02:37:04.220+0000] {taskinstance.py:731} INFO - ::endgroup::
[2025-01-17T02:37:04.275+0000] {logging_mixin.py:190} INFO - Kết nối thành công!
[2025-01-17T02:37:04.275+0000] {logging_mixin.py:190} INFO - <class 'str'>
[2025-01-17T02:37:04.276+0000] {logging_mixin.py:190} INFO - [['TCB', 25500, 22200, 23850, 'STOCK', 'HSX', '', 7045021622, 'STOCK', 8424683, 'Ngân hàng Thương mại Cổ phần Kỹ thương Việt Nam', 23850, '', '2025-01-17', 23750, 300, 123400, 2939, 23816.855753646676, 23900, 23750, 's', 5300, 7200, 0, 1590552461, 2939.145000000003, 1234, 23850, 23750, 38200, 23700, 48900, 23650, 45000, 23800, 23100, 23850, 30600, 23900, 76400, '2025-01-17 02:37:02']]
[2025-01-17T02:37:04.277+0000] {logging_mixin.py:190} INFO - <class 'list'>
[2025-01-17T02:37:04.277+0000] {logging_mixin.py:190} INFO - [['TCB', 25500, 22200, 23850, 'STOCK', 'HSX', '', 7045021622, 'STOCK', 8424683, 'Ngân hàng Thương mại Cổ phần Kỹ thương Việt Nam', 23850, '', '2025-01-17', 23750, 300, 123400, 2939, 23816.855753646676, 23900, 23750, 's', 5300, 7200, 0, 1590552461, 2939.145000000003, 1234, 23850, 23750, 38200, 23700, 48900, 23650, 45000, 23800, 23100, 23850, 30600, 23900, 76400, '2025-01-17 02:37:02']]
[2025-01-17T02:37:04.283+0000] {python.py:240} INFO - Done. Returned value was: None
[2025-01-17T02:37:04.290+0000] {taskinstance.py:340} INFO - ::group::Post task execution logs
[2025-01-17T02:37:04.290+0000] {taskinstance.py:352} INFO - Marking task as SUCCESS. dag_id=stock_information, task_id=append_to_database, run_id=scheduled__2025-01-17T02:36:00+00:00, execution_date=20250117T023600, start_date=20250117T023704, end_date=20250117T023704
[2025-01-17T02:37:04.320+0000] {local_task_job_runner.py:266} INFO - Task exited with return code 0
[2025-01-17T02:37:04.334+0000] {taskinstance.py:3895} INFO - 0 downstream tasks scheduled from follow-on schedule check
[2025-01-17T02:37:04.338+0000] {local_task_job_runner.py:245} INFO - ::endgroup::
