[2025-01-10T16:46:01.252+0000] {local_task_job_runner.py:123} INFO - ::group::Pre task execution logs
[2025-01-10T16:46:01.263+0000] {taskinstance.py:2613} INFO - Dependencies all met for dep_context=non-requeueable deps ti=<TaskInstance: stock_information.stream_data_from_api scheduled__2025-01-10T16:45:00+00:00 [queued]>
[2025-01-10T16:46:01.269+0000] {taskinstance.py:2613} INFO - Dependencies all met for dep_context=requeueable deps ti=<TaskInstance: stock_information.stream_data_from_api scheduled__2025-01-10T16:45:00+00:00 [queued]>
[2025-01-10T16:46:01.271+0000] {taskinstance.py:2866} INFO - Starting attempt 1 of 1
[2025-01-10T16:46:01.283+0000] {taskinstance.py:2889} INFO - Executing <Task(PythonOperator): stream_data_from_api> on 2025-01-10 16:45:00+00:00
[2025-01-10T16:46:01.288+0000] {standard_task_runner.py:72} INFO - Started process 389 to run task
[2025-01-10T16:46:01.291+0000] {standard_task_runner.py:104} INFO - Running: ['airflow', 'tasks', 'run', 'stock_information', 'stream_data_from_api', 'scheduled__2025-01-10T16:45:00+00:00', '--job-id', '84', '--raw', '--subdir', 'DAGS_FOLDER/vnstock_stream.py', '--cfg-path', '/tmp/tmpztiem07z']
[2025-01-10T16:46:01.294+0000] {standard_task_runner.py:105} INFO - Job 84: Subtask stream_data_from_api
[2025-01-10T16:46:01.329+0000] {task_command.py:467} INFO - Running <TaskInstance: stock_information.stream_data_from_api scheduled__2025-01-10T16:45:00+00:00 [running]> on host 453ac4defedc
[2025-01-10T16:46:01.393+0000] {taskinstance.py:3132} INFO - Exporting env vars: AIRFLOW_CTX_DAG_OWNER='TuanDz' AIRFLOW_CTX_DAG_ID='stock_information' AIRFLOW_CTX_TASK_ID='stream_data_from_api' AIRFLOW_CTX_EXECUTION_DATE='2025-01-10T16:45:00+00:00' AIRFLOW_CTX_TRY_NUMBER='1' AIRFLOW_CTX_DAG_RUN_ID='scheduled__2025-01-10T16:45:00+00:00'
[2025-01-10T16:46:01.396+0000] {taskinstance.py:731} INFO - ::endgroup::
[2025-01-10T16:46:01.849+0000] {data_explorer.py:64} WARNING - Thông tin niêm yết & giao dịch sẽ được truy xuất từ TCBS
[2025-01-10T16:46:02.120+0000] {python.py:240} INFO - Done. Returned value was:   symbol  ceiling  floor  ...  ask_3_price ask_3_volume                last_update
0    TCB    25600  22300  ...        23600        29000 2025-01-10 16:46:02.119946

[1 rows x 42 columns]
[2025-01-10T16:46:02.173+0000] {taskinstance.py:340} INFO - ::group::Post task execution logs
[2025-01-10T16:46:02.175+0000] {taskinstance.py:352} INFO - Marking task as SUCCESS. dag_id=stock_information, task_id=stream_data_from_api, run_id=scheduled__2025-01-10T16:45:00+00:00, execution_date=20250110T164500, start_date=20250110T164601, end_date=20250110T164602
[2025-01-10T16:46:02.231+0000] {local_task_job_runner.py:266} INFO - Task exited with return code 0
[2025-01-10T16:46:02.249+0000] {taskinstance.py:3895} INFO - 1 downstream tasks scheduled from follow-on schedule check
[2025-01-10T16:46:02.253+0000] {local_task_job_runner.py:245} INFO - ::endgroup::
