[2025-01-15T06:00:07.252+0000] {local_task_job_runner.py:123} INFO - ::group::Pre task execution logs
[2025-01-15T06:00:07.265+0000] {taskinstance.py:2613} INFO - Dependencies all met for dep_context=non-requeueable deps ti=<TaskInstance: stock_information.append_to_database scheduled__2025-01-15T05:59:00+00:00 [queued]>
[2025-01-15T06:00:07.272+0000] {taskinstance.py:2613} INFO - Dependencies all met for dep_context=requeueable deps ti=<TaskInstance: stock_information.append_to_database scheduled__2025-01-15T05:59:00+00:00 [queued]>
[2025-01-15T06:00:07.274+0000] {taskinstance.py:2866} INFO - Starting attempt 1 of 1
[2025-01-15T06:00:07.286+0000] {taskinstance.py:2889} INFO - Executing <Task(PythonOperator): append_to_database> on 2025-01-15 05:59:00+00:00
[2025-01-15T06:00:07.292+0000] {standard_task_runner.py:72} INFO - Started process 6196 to run task
[2025-01-15T06:00:07.294+0000] {standard_task_runner.py:104} INFO - Running: ['airflow', 'tasks', 'run', 'stock_information', 'append_to_database', 'scheduled__2025-01-15T05:59:00+00:00', '--job-id', '932', '--raw', '--subdir', 'DAGS_FOLDER/vnstock_stream.py', '--cfg-path', '/tmp/tmprpo2uvud']
[2025-01-15T06:00:07.297+0000] {standard_task_runner.py:105} INFO - Job 932: Subtask append_to_database
[2025-01-15T06:00:07.337+0000] {task_command.py:467} INFO - Running <TaskInstance: stock_information.append_to_database scheduled__2025-01-15T05:59:00+00:00 [running]> on host 453ac4defedc
[2025-01-15T06:00:07.415+0000] {taskinstance.py:3132} INFO - Exporting env vars: AIRFLOW_CTX_DAG_OWNER='TuanDz' AIRFLOW_CTX_DAG_ID='stock_information' AIRFLOW_CTX_TASK_ID='append_to_database' AIRFLOW_CTX_EXECUTION_DATE='2025-01-15T05:59:00+00:00' AIRFLOW_CTX_TRY_NUMBER='1' AIRFLOW_CTX_DAG_RUN_ID='scheduled__2025-01-15T05:59:00+00:00'
[2025-01-15T06:00:07.417+0000] {taskinstance.py:731} INFO - ::endgroup::
[2025-01-15T06:00:07.450+0000] {logging_mixin.py:190} INFO - Kết nối thành công!
[2025-01-15T06:00:07.451+0000] {logging_mixin.py:190} INFO - <class 'str'>
[2025-01-15T06:00:07.451+0000] {logging_mixin.py:190} INFO - [['TCB', 25250, 21950, 23600, 'STOCK', 'HSX', '', 7045021622, 'STOCK', 8424683, 'Ngân hàng Thương mại Cổ phần Kỹ thương Việt Nam', 23600, '', '2025-01-15', 23850, 1600, 2518200, 59870, 23774.91859264554, 23900, 23650, 's', 0, 0, 0, 1590552461, 59870.629999999976, 25182, 23600, 23850, 53400, 23800, 45100, 23750, 179600, 23900, 124300, 23950, 173900, 24000, 774800, '2025-01-15 06:00:03']]
[2025-01-15T06:00:07.452+0000] {logging_mixin.py:190} INFO - <class 'list'>
[2025-01-15T06:00:07.452+0000] {logging_mixin.py:190} INFO - [['TCB', 25250, 21950, 23600, 'STOCK', 'HSX', '', 7045021622, 'STOCK', 8424683, 'Ngân hàng Thương mại Cổ phần Kỹ thương Việt Nam', 23600, '', '2025-01-15', 23850, 1600, 2518200, 59870, 23774.91859264554, 23900, 23650, 's', 0, 0, 0, 1590552461, 59870.629999999976, 25182, 23600, 23850, 53400, 23800, 45100, 23750, 179600, 23900, 124300, 23950, 173900, 24000, 774800, '2025-01-15 06:00:03']]
[2025-01-15T06:00:07.455+0000] {python.py:240} INFO - Done. Returned value was: None
[2025-01-15T06:00:07.462+0000] {taskinstance.py:340} INFO - ::group::Post task execution logs
[2025-01-15T06:00:07.463+0000] {taskinstance.py:352} INFO - Marking task as SUCCESS. dag_id=stock_information, task_id=append_to_database, run_id=scheduled__2025-01-15T05:59:00+00:00, execution_date=20250115T055900, start_date=20250115T060007, end_date=20250115T060007
[2025-01-15T06:00:07.510+0000] {local_task_job_runner.py:266} INFO - Task exited with return code 0
[2025-01-15T06:00:07.528+0000] {taskinstance.py:3895} INFO - 0 downstream tasks scheduled from follow-on schedule check
[2025-01-15T06:00:07.531+0000] {local_task_job_runner.py:245} INFO - ::endgroup::
