[2025-01-16T03:41:04.597+0000] {local_task_job_runner.py:123} INFO - ::group::Pre task execution logs
[2025-01-16T03:41:04.611+0000] {taskinstance.py:2613} INFO - Dependencies all met for dep_context=non-requeueable deps ti=<TaskInstance: stock_information.append_to_database scheduled__2025-01-16T03:40:00+00:00 [queued]>
[2025-01-16T03:41:04.618+0000] {taskinstance.py:2613} INFO - Dependencies all met for dep_context=requeueable deps ti=<TaskInstance: stock_information.append_to_database scheduled__2025-01-16T03:40:00+00:00 [queued]>
[2025-01-16T03:41:04.620+0000] {taskinstance.py:2866} INFO - Starting attempt 1 of 1
[2025-01-16T03:41:04.632+0000] {taskinstance.py:2889} INFO - Executing <Task(PythonOperator): append_to_database> on 2025-01-16 03:40:00+00:00
[2025-01-16T03:41:04.638+0000] {standard_task_runner.py:72} INFO - Started process 2116 to run task
[2025-01-16T03:41:04.640+0000] {standard_task_runner.py:104} INFO - Running: ['airflow', 'tasks', 'run', 'stock_information', 'append_to_database', 'scheduled__2025-01-16T03:40:00+00:00', '--job-id', '1551', '--raw', '--subdir', 'DAGS_FOLDER/vnstock_stream.py', '--cfg-path', '/tmp/tmp0vgfiuh3']
[2025-01-16T03:41:04.643+0000] {standard_task_runner.py:105} INFO - Job 1551: Subtask append_to_database
[2025-01-16T03:41:04.681+0000] {task_command.py:467} INFO - Running <TaskInstance: stock_information.append_to_database scheduled__2025-01-16T03:40:00+00:00 [running]> on host 453ac4defedc
[2025-01-16T03:41:04.761+0000] {taskinstance.py:3132} INFO - Exporting env vars: AIRFLOW_CTX_DAG_OWNER='TuanDz' AIRFLOW_CTX_DAG_ID='stock_information' AIRFLOW_CTX_TASK_ID='append_to_database' AIRFLOW_CTX_EXECUTION_DATE='2025-01-16T03:40:00+00:00' AIRFLOW_CTX_TRY_NUMBER='1' AIRFLOW_CTX_DAG_RUN_ID='scheduled__2025-01-16T03:40:00+00:00'
[2025-01-16T03:41:04.763+0000] {taskinstance.py:731} INFO - ::endgroup::
[2025-01-16T03:41:04.814+0000] {logging_mixin.py:190} INFO - Kết nối thành công!
[2025-01-16T03:41:04.815+0000] {logging_mixin.py:190} INFO - <class 'str'>
[2025-01-16T03:41:04.816+0000] {logging_mixin.py:190} INFO - [['TCB', 25350, 22050, 23700, 'STOCK', 'HSX', '', 7045021622, 'STOCK', 8424683, 'Ngân hàng Thương mại Cổ phần Kỹ thương Việt Nam', 23700, '', '2025-01-16', 23750, 1000, 2976500, 70993, 23851.16747858223, 23950, 23750, 's', 0, 0, 0, 1590552461, 70993.82999999997, 29765, 23700, 23750, 275100, 23700, 248400, 23650, 23600, 23800, 5000, 23850, 189800, 23900, 257000, '2025-01-16 03:41:03']]
[2025-01-16T03:41:04.816+0000] {logging_mixin.py:190} INFO - <class 'list'>
[2025-01-16T03:41:04.817+0000] {logging_mixin.py:190} INFO - [['TCB', 25350, 22050, 23700, 'STOCK', 'HSX', '', 7045021622, 'STOCK', 8424683, 'Ngân hàng Thương mại Cổ phần Kỹ thương Việt Nam', 23700, '', '2025-01-16', 23750, 1000, 2976500, 70993, 23851.16747858223, 23950, 23750, 's', 0, 0, 0, 1590552461, 70993.82999999997, 29765, 23700, 23750, 275100, 23700, 248400, 23650, 23600, 23800, 5000, 23850, 189800, 23900, 257000, '2025-01-16 03:41:03']]
[2025-01-16T03:41:04.829+0000] {python.py:240} INFO - Done. Returned value was: None
[2025-01-16T03:41:04.837+0000] {taskinstance.py:340} INFO - ::group::Post task execution logs
[2025-01-16T03:41:04.839+0000] {taskinstance.py:352} INFO - Marking task as SUCCESS. dag_id=stock_information, task_id=append_to_database, run_id=scheduled__2025-01-16T03:40:00+00:00, execution_date=20250116T034000, start_date=20250116T034104, end_date=20250116T034104
[2025-01-16T03:41:04.857+0000] {local_task_job_runner.py:266} INFO - Task exited with return code 0
[2025-01-16T03:41:04.869+0000] {taskinstance.py:3895} INFO - 0 downstream tasks scheduled from follow-on schedule check
[2025-01-16T03:41:04.875+0000] {local_task_job_runner.py:245} INFO - ::endgroup::
