[2025-01-15T02:36:05.213+0000] {local_task_job_runner.py:123} INFO - ::group::Pre task execution logs
[2025-01-15T02:36:05.228+0000] {taskinstance.py:2613} INFO - Dependencies all met for dep_context=non-requeueable deps ti=<TaskInstance: stock_information.append_to_database scheduled__2025-01-15T02:35:00+00:00 [queued]>
[2025-01-15T02:36:05.235+0000] {taskinstance.py:2613} INFO - Dependencies all met for dep_context=requeueable deps ti=<TaskInstance: stock_information.append_to_database scheduled__2025-01-15T02:35:00+00:00 [queued]>
[2025-01-15T02:36:05.237+0000] {taskinstance.py:2866} INFO - Starting attempt 1 of 1
[2025-01-15T02:36:05.249+0000] {taskinstance.py:2889} INFO - Executing <Task(PythonOperator): append_to_database> on 2025-01-15 02:35:00+00:00
[2025-01-15T02:36:05.255+0000] {standard_task_runner.py:72} INFO - Started process 262 to run task
[2025-01-15T02:36:05.257+0000] {standard_task_runner.py:104} INFO - Running: ['airflow', 'tasks', 'run', 'stock_information', 'append_to_database', 'scheduled__2025-01-15T02:35:00+00:00', '--job-id', '524', '--raw', '--subdir', 'DAGS_FOLDER/vnstock_stream.py', '--cfg-path', '/tmp/tmpfiash_v4']
[2025-01-15T02:36:05.260+0000] {standard_task_runner.py:105} INFO - Job 524: Subtask append_to_database
[2025-01-15T02:36:05.301+0000] {task_command.py:467} INFO - Running <TaskInstance: stock_information.append_to_database scheduled__2025-01-15T02:35:00+00:00 [running]> on host 453ac4defedc
[2025-01-15T02:36:05.380+0000] {taskinstance.py:3132} INFO - Exporting env vars: AIRFLOW_CTX_DAG_OWNER='TuanDz' AIRFLOW_CTX_DAG_ID='stock_information' AIRFLOW_CTX_TASK_ID='append_to_database' AIRFLOW_CTX_EXECUTION_DATE='2025-01-15T02:35:00+00:00' AIRFLOW_CTX_TRY_NUMBER='1' AIRFLOW_CTX_DAG_RUN_ID='scheduled__2025-01-15T02:35:00+00:00'
[2025-01-15T02:36:05.382+0000] {taskinstance.py:731} INFO - ::endgroup::
[2025-01-15T02:36:05.417+0000] {logging_mixin.py:190} INFO - Kết nối thành công!
[2025-01-15T02:36:05.418+0000] {logging_mixin.py:190} INFO - <class 'str'>
[2025-01-15T02:36:05.418+0000] {logging_mixin.py:190} INFO - [['TCB', 25250, 21950, 23600, 'STOCK', 'HSX', '', 7045021622, 'STOCK', 8424683, 'Ngân hàng Thương mại Cổ phần Kỹ thương Việt Nam', 23600, '', '2025-01-15', 23750, 800, 302700, 7188, 23746.283448959366, 23800, 23650, 'b', 0, 0, 0, 1590552461, 7188.654999999995, 3027, 23600, 23700, 204700, 23650, 51800, 23600, 93500, 23750, 21700, 23800, 100200, 23850, 98200, '2025-01-15 02:36:02']]
[2025-01-15T02:36:05.418+0000] {logging_mixin.py:190} INFO - <class 'list'>
[2025-01-15T02:36:05.419+0000] {logging_mixin.py:190} INFO - [['TCB', 25250, 21950, 23600, 'STOCK', 'HSX', '', 7045021622, 'STOCK', 8424683, 'Ngân hàng Thương mại Cổ phần Kỹ thương Việt Nam', 23600, '', '2025-01-15', 23750, 800, 302700, 7188, 23746.283448959366, 23800, 23650, 'b', 0, 0, 0, 1590552461, 7188.654999999995, 3027, 23600, 23700, 204700, 23650, 51800, 23600, 93500, 23750, 21700, 23800, 100200, 23850, 98200, '2025-01-15 02:36:02']]
[2025-01-15T02:36:05.421+0000] {python.py:240} INFO - Done. Returned value was: None
[2025-01-15T02:36:05.428+0000] {taskinstance.py:340} INFO - ::group::Post task execution logs
[2025-01-15T02:36:05.429+0000] {taskinstance.py:352} INFO - Marking task as SUCCESS. dag_id=stock_information, task_id=append_to_database, run_id=scheduled__2025-01-15T02:35:00+00:00, execution_date=20250115T023500, start_date=20250115T023605, end_date=20250115T023605
[2025-01-15T02:36:05.472+0000] {local_task_job_runner.py:266} INFO - Task exited with return code 0
[2025-01-15T02:36:05.489+0000] {taskinstance.py:3895} INFO - 0 downstream tasks scheduled from follow-on schedule check
[2025-01-15T02:36:05.494+0000] {local_task_job_runner.py:245} INFO - ::endgroup::
