[2025-01-15T03:15:04.975+0000] {local_task_job_runner.py:123} INFO - ::group::Pre task execution logs
[2025-01-15T03:15:04.987+0000] {taskinstance.py:2613} INFO - Dependencies all met for dep_context=non-requeueable deps ti=<TaskInstance: stock_information.append_to_database scheduled__2025-01-15T03:14:00+00:00 [queued]>
[2025-01-15T03:15:04.995+0000] {taskinstance.py:2613} INFO - Dependencies all met for dep_context=requeueable deps ti=<TaskInstance: stock_information.append_to_database scheduled__2025-01-15T03:14:00+00:00 [queued]>
[2025-01-15T03:15:04.996+0000] {taskinstance.py:2866} INFO - Starting attempt 1 of 1
[2025-01-15T03:15:05.009+0000] {taskinstance.py:2889} INFO - Executing <Task(PythonOperator): append_to_database> on 2025-01-15 03:14:00+00:00
[2025-01-15T03:15:05.015+0000] {standard_task_runner.py:72} INFO - Started process 1403 to run task
[2025-01-15T03:15:05.017+0000] {standard_task_runner.py:104} INFO - Running: ['airflow', 'tasks', 'run', 'stock_information', 'append_to_database', 'scheduled__2025-01-15T03:14:00+00:00', '--job-id', '602', '--raw', '--subdir', 'DAGS_FOLDER/vnstock_stream.py', '--cfg-path', '/tmp/tmpmrniyc9p']
[2025-01-15T03:15:05.020+0000] {standard_task_runner.py:105} INFO - Job 602: Subtask append_to_database
[2025-01-15T03:15:05.059+0000] {task_command.py:467} INFO - Running <TaskInstance: stock_information.append_to_database scheduled__2025-01-15T03:14:00+00:00 [running]> on host 453ac4defedc
[2025-01-15T03:15:05.139+0000] {taskinstance.py:3132} INFO - Exporting env vars: AIRFLOW_CTX_DAG_OWNER='TuanDz' AIRFLOW_CTX_DAG_ID='stock_information' AIRFLOW_CTX_TASK_ID='append_to_database' AIRFLOW_CTX_EXECUTION_DATE='2025-01-15T03:14:00+00:00' AIRFLOW_CTX_TRY_NUMBER='1' AIRFLOW_CTX_DAG_RUN_ID='scheduled__2025-01-15T03:14:00+00:00'
[2025-01-15T03:15:05.142+0000] {taskinstance.py:731} INFO - ::endgroup::
[2025-01-15T03:15:05.177+0000] {logging_mixin.py:190} INFO - Kết nối thành công!
[2025-01-15T03:15:05.179+0000] {logging_mixin.py:190} INFO - <class 'str'>
[2025-01-15T03:15:05.179+0000] {logging_mixin.py:190} INFO - [['TCB', 25250, 21950, 23600, 'STOCK', 'HSX', '', 7045021622, 'STOCK', 8424683, 'Ngân hàng Thương mại Cổ phần Kỹ thương Việt Nam', 23600, '', '2025-01-15', 23750, 1600, 762600, 18100, 23734.592184631525, 23800, 23650, 'b', 0, 0, 0, 1590552461, 18100.095000000005, 7626, 23600, 23700, 152100, 23650, 134200, 23600, 230600, 23750, 27100, 23800, 178700, 23850, 151800, '2025-01-15 03:15:03']]
[2025-01-15T03:15:05.180+0000] {logging_mixin.py:190} INFO - <class 'list'>
[2025-01-15T03:15:05.181+0000] {logging_mixin.py:190} INFO - [['TCB', 25250, 21950, 23600, 'STOCK', 'HSX', '', 7045021622, 'STOCK', 8424683, 'Ngân hàng Thương mại Cổ phần Kỹ thương Việt Nam', 23600, '', '2025-01-15', 23750, 1600, 762600, 18100, 23734.592184631525, 23800, 23650, 'b', 0, 0, 0, 1590552461, 18100.095000000005, 7626, 23600, 23700, 152100, 23650, 134200, 23600, 230600, 23750, 27100, 23800, 178700, 23850, 151800, '2025-01-15 03:15:03']]
[2025-01-15T03:15:05.183+0000] {python.py:240} INFO - Done. Returned value was: None
[2025-01-15T03:15:05.190+0000] {taskinstance.py:340} INFO - ::group::Post task execution logs
[2025-01-15T03:15:05.191+0000] {taskinstance.py:352} INFO - Marking task as SUCCESS. dag_id=stock_information, task_id=append_to_database, run_id=scheduled__2025-01-15T03:14:00+00:00, execution_date=20250115T031400, start_date=20250115T031504, end_date=20250115T031505
[2025-01-15T03:15:05.232+0000] {local_task_job_runner.py:266} INFO - Task exited with return code 0
[2025-01-15T03:15:05.249+0000] {taskinstance.py:3895} INFO - 0 downstream tasks scheduled from follow-on schedule check
[2025-01-15T03:15:05.255+0000] {local_task_job_runner.py:245} INFO - ::endgroup::
