[2025-01-16T06:38:04.138+0000] {local_task_job_runner.py:123} INFO - ::group::Pre task execution logs
[2025-01-16T06:38:04.149+0000] {taskinstance.py:2613} INFO - Dependencies all met for dep_context=non-requeueable deps ti=<TaskInstance: stock_information.append_to_database scheduled__2025-01-16T06:37:00+00:00 [queued]>
[2025-01-16T06:38:04.156+0000] {taskinstance.py:2613} INFO - Dependencies all met for dep_context=requeueable deps ti=<TaskInstance: stock_information.append_to_database scheduled__2025-01-16T06:37:00+00:00 [queued]>
[2025-01-16T06:38:04.157+0000] {taskinstance.py:2866} INFO - Starting attempt 1 of 1
[2025-01-16T06:38:04.168+0000] {taskinstance.py:2889} INFO - Executing <Task(PythonOperator): append_to_database> on 2025-01-16 06:37:00+00:00
[2025-01-16T06:38:04.173+0000] {standard_task_runner.py:72} INFO - Started process 7299 to run task
[2025-01-16T06:38:04.175+0000] {standard_task_runner.py:104} INFO - Running: ['airflow', 'tasks', 'run', 'stock_information', 'append_to_database', 'scheduled__2025-01-16T06:37:00+00:00', '--job-id', '1905', '--raw', '--subdir', 'DAGS_FOLDER/vnstock_stream.py', '--cfg-path', '/tmp/tmp0cxlnej1']
[2025-01-16T06:38:04.178+0000] {standard_task_runner.py:105} INFO - Job 1905: Subtask append_to_database
[2025-01-16T06:38:04.213+0000] {task_command.py:467} INFO - Running <TaskInstance: stock_information.append_to_database scheduled__2025-01-16T06:37:00+00:00 [running]> on host 453ac4defedc
[2025-01-16T06:38:04.291+0000] {taskinstance.py:3132} INFO - Exporting env vars: AIRFLOW_CTX_DAG_OWNER='TuanDz' AIRFLOW_CTX_DAG_ID='stock_information' AIRFLOW_CTX_TASK_ID='append_to_database' AIRFLOW_CTX_EXECUTION_DATE='2025-01-16T06:37:00+00:00' AIRFLOW_CTX_TRY_NUMBER='1' AIRFLOW_CTX_DAG_RUN_ID='scheduled__2025-01-16T06:37:00+00:00'
[2025-01-16T06:38:04.293+0000] {taskinstance.py:731} INFO - ::endgroup::
[2025-01-16T06:38:04.359+0000] {logging_mixin.py:190} INFO - Kết nối thành công!
[2025-01-16T06:38:04.360+0000] {logging_mixin.py:190} INFO - <class 'str'>
[2025-01-16T06:38:04.360+0000] {logging_mixin.py:190} INFO - [['TCB', 25350, 22050, 23700, 'STOCK', 'HSX', '', 7045021622, 'STOCK', 8424683, 'Ngân hàng Thương mại Cổ phần Kỹ thương Việt Nam', 23700, '', '2025-01-16', 23700, 1000, 3871400, 92247, 23827.814227411272, 23950, 23700, 's', 0, 0, 0, 1590552461, 92247.50499999996, 38714, 23700, 23700, 251100, 23650, 195100, 23600, 144400, 23750, 32400, 23800, 186400, 23850, 209600, '2025-01-16 06:38:02']]
[2025-01-16T06:38:04.361+0000] {logging_mixin.py:190} INFO - <class 'list'>
[2025-01-16T06:38:04.361+0000] {logging_mixin.py:190} INFO - [['TCB', 25350, 22050, 23700, 'STOCK', 'HSX', '', 7045021622, 'STOCK', 8424683, 'Ngân hàng Thương mại Cổ phần Kỹ thương Việt Nam', 23700, '', '2025-01-16', 23700, 1000, 3871400, 92247, 23827.814227411272, 23950, 23700, 's', 0, 0, 0, 1590552461, 92247.50499999996, 38714, 23700, 23700, 251100, 23650, 195100, 23600, 144400, 23750, 32400, 23800, 186400, 23850, 209600, '2025-01-16 06:38:02']]
[2025-01-16T06:38:04.368+0000] {python.py:240} INFO - Done. Returned value was: None
[2025-01-16T06:38:04.374+0000] {taskinstance.py:340} INFO - ::group::Post task execution logs
[2025-01-16T06:38:04.375+0000] {taskinstance.py:352} INFO - Marking task as SUCCESS. dag_id=stock_information, task_id=append_to_database, run_id=scheduled__2025-01-16T06:37:00+00:00, execution_date=20250116T063700, start_date=20250116T063804, end_date=20250116T063804
[2025-01-16T06:38:04.430+0000] {local_task_job_runner.py:266} INFO - Task exited with return code 0
[2025-01-16T06:38:04.445+0000] {taskinstance.py:3895} INFO - 0 downstream tasks scheduled from follow-on schedule check
[2025-01-16T06:38:04.450+0000] {local_task_job_runner.py:245} INFO - ::endgroup::
