[2025-01-15T04:07:04.578+0000] {local_task_job_runner.py:123} INFO - ::group::Pre task execution logs
[2025-01-15T04:07:04.590+0000] {taskinstance.py:2613} INFO - Dependencies all met for dep_context=non-requeueable deps ti=<TaskInstance: stock_information.append_to_database scheduled__2025-01-15T04:06:00+00:00 [queued]>
[2025-01-15T04:07:04.598+0000] {taskinstance.py:2613} INFO - Dependencies all met for dep_context=requeueable deps ti=<TaskInstance: stock_information.append_to_database scheduled__2025-01-15T04:06:00+00:00 [queued]>
[2025-01-15T04:07:04.599+0000] {taskinstance.py:2866} INFO - Starting attempt 1 of 1
[2025-01-15T04:07:04.610+0000] {taskinstance.py:2889} INFO - Executing <Task(PythonOperator): append_to_database> on 2025-01-15 04:06:00+00:00
[2025-01-15T04:07:04.617+0000] {standard_task_runner.py:72} INFO - Started process 2928 to run task
[2025-01-15T04:07:04.619+0000] {standard_task_runner.py:104} INFO - Running: ['airflow', 'tasks', 'run', 'stock_information', 'append_to_database', 'scheduled__2025-01-15T04:06:00+00:00', '--job-id', '706', '--raw', '--subdir', 'DAGS_FOLDER/vnstock_stream.py', '--cfg-path', '/tmp/tmp7cxkmix6']
[2025-01-15T04:07:04.622+0000] {standard_task_runner.py:105} INFO - Job 706: Subtask append_to_database
[2025-01-15T04:07:04.660+0000] {task_command.py:467} INFO - Running <TaskInstance: stock_information.append_to_database scheduled__2025-01-15T04:06:00+00:00 [running]> on host 453ac4defedc
[2025-01-15T04:07:04.739+0000] {taskinstance.py:3132} INFO - Exporting env vars: AIRFLOW_CTX_DAG_OWNER='TuanDz' AIRFLOW_CTX_DAG_ID='stock_information' AIRFLOW_CTX_TASK_ID='append_to_database' AIRFLOW_CTX_EXECUTION_DATE='2025-01-15T04:06:00+00:00' AIRFLOW_CTX_TRY_NUMBER='1' AIRFLOW_CTX_DAG_RUN_ID='scheduled__2025-01-15T04:06:00+00:00'
[2025-01-15T04:07:04.741+0000] {taskinstance.py:731} INFO - ::endgroup::
[2025-01-15T04:07:04.778+0000] {logging_mixin.py:190} INFO - Kết nối thành công!
[2025-01-15T04:07:04.780+0000] {logging_mixin.py:190} INFO - <class 'str'>
[2025-01-15T04:07:04.780+0000] {logging_mixin.py:190} INFO - [['TCB', 25250, 21950, 23600, 'STOCK', 'HSX', '', 7045021622, 'STOCK', 8424683, 'Ngân hàng Thương mại Cổ phần Kỹ thương Việt Nam', 23600, '', '2025-01-15', 23800, 500, 2075000, 49297, 23757.590361445782, 23900, 23650, 's', 0, 0, 0, 1590552461, 49297.115000000005, 20750, 23600, 23800, 90300, 23750, 146100, 23700, 135700, 23850, 29200, 23900, 231200, 23950, 164100, '2025-01-15 04:07:03']]
[2025-01-15T04:07:04.781+0000] {logging_mixin.py:190} INFO - <class 'list'>
[2025-01-15T04:07:04.782+0000] {logging_mixin.py:190} INFO - [['TCB', 25250, 21950, 23600, 'STOCK', 'HSX', '', 7045021622, 'STOCK', 8424683, 'Ngân hàng Thương mại Cổ phần Kỹ thương Việt Nam', 23600, '', '2025-01-15', 23800, 500, 2075000, 49297, 23757.590361445782, 23900, 23650, 's', 0, 0, 0, 1590552461, 49297.115000000005, 20750, 23600, 23800, 90300, 23750, 146100, 23700, 135700, 23850, 29200, 23900, 231200, 23950, 164100, '2025-01-15 04:07:03']]
[2025-01-15T04:07:04.784+0000] {python.py:240} INFO - Done. Returned value was: None
[2025-01-15T04:07:04.791+0000] {taskinstance.py:340} INFO - ::group::Post task execution logs
[2025-01-15T04:07:04.792+0000] {taskinstance.py:352} INFO - Marking task as SUCCESS. dag_id=stock_information, task_id=append_to_database, run_id=scheduled__2025-01-15T04:06:00+00:00, execution_date=20250115T040600, start_date=20250115T040704, end_date=20250115T040704
[2025-01-15T04:07:04.835+0000] {local_task_job_runner.py:266} INFO - Task exited with return code 0
[2025-01-15T04:07:04.847+0000] {taskinstance.py:3895} INFO - 0 downstream tasks scheduled from follow-on schedule check
[2025-01-15T04:07:04.852+0000] {local_task_job_runner.py:245} INFO - ::endgroup::
