[2025-01-16T06:00:04.548+0000] {local_task_job_runner.py:123} INFO - ::group::Pre task execution logs
[2025-01-16T06:00:04.560+0000] {taskinstance.py:2613} INFO - Dependencies all met for dep_context=non-requeueable deps ti=<TaskInstance: stock_information.append_to_database scheduled__2025-01-16T05:59:00+00:00 [queued]>
[2025-01-16T06:00:04.569+0000] {taskinstance.py:2613} INFO - Dependencies all met for dep_context=requeueable deps ti=<TaskInstance: stock_information.append_to_database scheduled__2025-01-16T05:59:00+00:00 [queued]>
[2025-01-16T06:00:04.571+0000] {taskinstance.py:2866} INFO - Starting attempt 1 of 1
[2025-01-16T06:00:04.584+0000] {taskinstance.py:2889} INFO - Executing <Task(PythonOperator): append_to_database> on 2025-01-16 05:59:00+00:00
[2025-01-16T06:00:04.589+0000] {standard_task_runner.py:72} INFO - Started process 6188 to run task
[2025-01-16T06:00:04.592+0000] {standard_task_runner.py:104} INFO - Running: ['airflow', 'tasks', 'run', 'stock_information', 'append_to_database', 'scheduled__2025-01-16T05:59:00+00:00', '--job-id', '1829', '--raw', '--subdir', 'DAGS_FOLDER/vnstock_stream.py', '--cfg-path', '/tmp/tmpc4bhfcim']
[2025-01-16T06:00:04.594+0000] {standard_task_runner.py:105} INFO - Job 1829: Subtask append_to_database
[2025-01-16T06:00:04.633+0000] {task_command.py:467} INFO - Running <TaskInstance: stock_information.append_to_database scheduled__2025-01-16T05:59:00+00:00 [running]> on host 453ac4defedc
[2025-01-16T06:00:04.712+0000] {taskinstance.py:3132} INFO - Exporting env vars: AIRFLOW_CTX_DAG_OWNER='TuanDz' AIRFLOW_CTX_DAG_ID='stock_information' AIRFLOW_CTX_TASK_ID='append_to_database' AIRFLOW_CTX_EXECUTION_DATE='2025-01-16T05:59:00+00:00' AIRFLOW_CTX_TRY_NUMBER='1' AIRFLOW_CTX_DAG_RUN_ID='scheduled__2025-01-16T05:59:00+00:00'
[2025-01-16T06:00:04.714+0000] {taskinstance.py:731} INFO - ::endgroup::
[2025-01-16T06:00:04.764+0000] {logging_mixin.py:190} INFO - Kết nối thành công!
[2025-01-16T06:00:04.765+0000] {logging_mixin.py:190} INFO - <class 'str'>
[2025-01-16T06:00:04.765+0000] {logging_mixin.py:190} INFO - [['TCB', 25350, 22050, 23700, 'STOCK', 'HSX', '', 7045021622, 'STOCK', 8424683, 'Ngân hàng Thương mại Cổ phần Kỹ thương Việt Nam', 23700, '', '2025-01-16', 23700, 200, 3404800, 81167, 23838.992011278195, 23950, 23700, 's', 0, 0, 0, 1590552461, 81167.84000000003, 34048, 23700, 23700, 210100, 23650, 134800, 23600, 111000, 23750, 9400, 23800, 155900, 23850, 206200, '2025-01-16 06:00:02']]
[2025-01-16T06:00:04.766+0000] {logging_mixin.py:190} INFO - <class 'list'>
[2025-01-16T06:00:04.767+0000] {logging_mixin.py:190} INFO - [['TCB', 25350, 22050, 23700, 'STOCK', 'HSX', '', 7045021622, 'STOCK', 8424683, 'Ngân hàng Thương mại Cổ phần Kỹ thương Việt Nam', 23700, '', '2025-01-16', 23700, 200, 3404800, 81167, 23838.992011278195, 23950, 23700, 's', 0, 0, 0, 1590552461, 81167.84000000003, 34048, 23700, 23700, 210100, 23650, 134800, 23600, 111000, 23750, 9400, 23800, 155900, 23850, 206200, '2025-01-16 06:00:02']]
[2025-01-16T06:00:04.772+0000] {python.py:240} INFO - Done. Returned value was: None
[2025-01-16T06:00:04.779+0000] {taskinstance.py:340} INFO - ::group::Post task execution logs
[2025-01-16T06:00:04.780+0000] {taskinstance.py:352} INFO - Marking task as SUCCESS. dag_id=stock_information, task_id=append_to_database, run_id=scheduled__2025-01-16T05:59:00+00:00, execution_date=20250116T055900, start_date=20250116T060004, end_date=20250116T060004
[2025-01-16T06:00:04.806+0000] {local_task_job_runner.py:266} INFO - Task exited with return code 0
[2025-01-16T06:00:04.819+0000] {taskinstance.py:3895} INFO - 0 downstream tasks scheduled from follow-on schedule check
[2025-01-16T06:00:04.823+0000] {local_task_job_runner.py:245} INFO - ::endgroup::
