[2025-01-16T06:41:04.714+0000] {local_task_job_runner.py:123} INFO - ::group::Pre task execution logs
[2025-01-16T06:41:04.727+0000] {taskinstance.py:2613} INFO - Dependencies all met for dep_context=non-requeueable deps ti=<TaskInstance: stock_information.append_to_database scheduled__2025-01-16T06:40:00+00:00 [queued]>
[2025-01-16T06:41:04.735+0000] {taskinstance.py:2613} INFO - Dependencies all met for dep_context=requeueable deps ti=<TaskInstance: stock_information.append_to_database scheduled__2025-01-16T06:40:00+00:00 [queued]>
[2025-01-16T06:41:04.736+0000] {taskinstance.py:2866} INFO - Starting attempt 1 of 1
[2025-01-16T06:41:04.748+0000] {taskinstance.py:2889} INFO - Executing <Task(PythonOperator): append_to_database> on 2025-01-16 06:40:00+00:00
[2025-01-16T06:41:04.754+0000] {standard_task_runner.py:72} INFO - Started process 7389 to run task
[2025-01-16T06:41:04.757+0000] {standard_task_runner.py:104} INFO - Running: ['airflow', 'tasks', 'run', 'stock_information', 'append_to_database', 'scheduled__2025-01-16T06:40:00+00:00', '--job-id', '1911', '--raw', '--subdir', 'DAGS_FOLDER/vnstock_stream.py', '--cfg-path', '/tmp/tmpacyfjpud']
[2025-01-16T06:41:04.760+0000] {standard_task_runner.py:105} INFO - Job 1911: Subtask append_to_database
[2025-01-16T06:41:04.799+0000] {task_command.py:467} INFO - Running <TaskInstance: stock_information.append_to_database scheduled__2025-01-16T06:40:00+00:00 [running]> on host 453ac4defedc
[2025-01-16T06:41:04.887+0000] {taskinstance.py:3132} INFO - Exporting env vars: AIRFLOW_CTX_DAG_OWNER='TuanDz' AIRFLOW_CTX_DAG_ID='stock_information' AIRFLOW_CTX_TASK_ID='append_to_database' AIRFLOW_CTX_EXECUTION_DATE='2025-01-16T06:40:00+00:00' AIRFLOW_CTX_TRY_NUMBER='1' AIRFLOW_CTX_DAG_RUN_ID='scheduled__2025-01-16T06:40:00+00:00'
[2025-01-16T06:41:04.889+0000] {taskinstance.py:731} INFO - ::endgroup::
[2025-01-16T06:41:04.967+0000] {logging_mixin.py:190} INFO - Kết nối thành công!
[2025-01-16T06:41:04.968+0000] {logging_mixin.py:190} INFO - <class 'str'>
[2025-01-16T06:41:04.969+0000] {logging_mixin.py:190} INFO - [['TCB', 25350, 22050, 23700, 'STOCK', 'HSX', '', 7045021622, 'STOCK', 8424683, 'Ngân hàng Thương mại Cổ phần Kỹ thương Việt Nam', 23700, '', '2025-01-16', 23750, 200, 3927400, 93577, 23826.70469012578, 23950, 23700, 's', 0, 0, 0, 1590552461, 93577.11499999995, 39274, 23700, 23750, 66100, 23700, 308500, 23650, 195200, 23800, 187000, 23850, 209300, 23900, 313600, '2025-01-16 06:41:02']]
[2025-01-16T06:41:04.969+0000] {logging_mixin.py:190} INFO - <class 'list'>
[2025-01-16T06:41:04.970+0000] {logging_mixin.py:190} INFO - [['TCB', 25350, 22050, 23700, 'STOCK', 'HSX', '', 7045021622, 'STOCK', 8424683, 'Ngân hàng Thương mại Cổ phần Kỹ thương Việt Nam', 23700, '', '2025-01-16', 23750, 200, 3927400, 93577, 23826.70469012578, 23950, 23700, 's', 0, 0, 0, 1590552461, 93577.11499999995, 39274, 23700, 23750, 66100, 23700, 308500, 23650, 195200, 23800, 187000, 23850, 209300, 23900, 313600, '2025-01-16 06:41:02']]
[2025-01-16T06:41:04.977+0000] {python.py:240} INFO - Done. Returned value was: None
[2025-01-16T06:41:04.984+0000] {taskinstance.py:340} INFO - ::group::Post task execution logs
[2025-01-16T06:41:04.985+0000] {taskinstance.py:352} INFO - Marking task as SUCCESS. dag_id=stock_information, task_id=append_to_database, run_id=scheduled__2025-01-16T06:40:00+00:00, execution_date=20250116T064000, start_date=20250116T064104, end_date=20250116T064104
[2025-01-16T06:41:05.013+0000] {local_task_job_runner.py:266} INFO - Task exited with return code 0
[2025-01-16T06:41:05.030+0000] {taskinstance.py:3895} INFO - 0 downstream tasks scheduled from follow-on schedule check
[2025-01-16T06:41:05.034+0000] {local_task_job_runner.py:245} INFO - ::endgroup::
