[2025-01-16T03:44:05.690+0000] {local_task_job_runner.py:123} INFO - ::group::Pre task execution logs
[2025-01-16T03:44:05.704+0000] {taskinstance.py:2613} INFO - Dependencies all met for dep_context=non-requeueable deps ti=<TaskInstance: stock_information.append_to_database scheduled__2025-01-16T03:43:00+00:00 [queued]>
[2025-01-16T03:44:05.712+0000] {taskinstance.py:2613} INFO - Dependencies all met for dep_context=requeueable deps ti=<TaskInstance: stock_information.append_to_database scheduled__2025-01-16T03:43:00+00:00 [queued]>
[2025-01-16T03:44:05.714+0000] {taskinstance.py:2866} INFO - Starting attempt 1 of 1
[2025-01-16T03:44:05.728+0000] {taskinstance.py:2889} INFO - Executing <Task(PythonOperator): append_to_database> on 2025-01-16 03:43:00+00:00
[2025-01-16T03:44:05.734+0000] {standard_task_runner.py:72} INFO - Started process 2200 to run task
[2025-01-16T03:44:05.738+0000] {standard_task_runner.py:104} INFO - Running: ['airflow', 'tasks', 'run', 'stock_information', 'append_to_database', 'scheduled__2025-01-16T03:43:00+00:00', '--job-id', '1557', '--raw', '--subdir', 'DAGS_FOLDER/vnstock_stream.py', '--cfg-path', '/tmp/tmp3njb5rv8']
[2025-01-16T03:44:05.741+0000] {standard_task_runner.py:105} INFO - Job 1557: Subtask append_to_database
[2025-01-16T03:44:05.778+0000] {task_command.py:467} INFO - Running <TaskInstance: stock_information.append_to_database scheduled__2025-01-16T03:43:00+00:00 [running]> on host 453ac4defedc
[2025-01-16T03:44:05.861+0000] {taskinstance.py:3132} INFO - Exporting env vars: AIRFLOW_CTX_DAG_OWNER='TuanDz' AIRFLOW_CTX_DAG_ID='stock_information' AIRFLOW_CTX_TASK_ID='append_to_database' AIRFLOW_CTX_EXECUTION_DATE='2025-01-16T03:43:00+00:00' AIRFLOW_CTX_TRY_NUMBER='1' AIRFLOW_CTX_DAG_RUN_ID='scheduled__2025-01-16T03:43:00+00:00'
[2025-01-16T03:44:05.863+0000] {taskinstance.py:731} INFO - ::endgroup::
[2025-01-16T03:44:05.915+0000] {logging_mixin.py:190} INFO - Kết nối thành công!
[2025-01-16T03:44:05.916+0000] {logging_mixin.py:190} INFO - <class 'str'>
[2025-01-16T03:44:05.918+0000] {logging_mixin.py:190} INFO - [['TCB', 25350, 22050, 23700, 'STOCK', 'HSX', '', 7045021622, 'STOCK', 8424683, 'Ngân hàng Thương mại Cổ phần Kỹ thương Việt Nam', 23700, '', '2025-01-16', 23750, 1000, 2986100, 71221, 23850.84223569204, 23950, 23750, 's', 0, 0, 0, 1590552461, 71221.82999999997, 29861, 23700, 23750, 271100, 23700, 241500, 23650, 20800, 23800, 7400, 23850, 194800, 23900, 267000, '2025-01-16 03:44:03']]
[2025-01-16T03:44:05.918+0000] {logging_mixin.py:190} INFO - <class 'list'>
[2025-01-16T03:44:05.919+0000] {logging_mixin.py:190} INFO - [['TCB', 25350, 22050, 23700, 'STOCK', 'HSX', '', 7045021622, 'STOCK', 8424683, 'Ngân hàng Thương mại Cổ phần Kỹ thương Việt Nam', 23700, '', '2025-01-16', 23750, 1000, 2986100, 71221, 23850.84223569204, 23950, 23750, 's', 0, 0, 0, 1590552461, 71221.82999999997, 29861, 23700, 23750, 271100, 23700, 241500, 23650, 20800, 23800, 7400, 23850, 194800, 23900, 267000, '2025-01-16 03:44:03']]
[2025-01-16T03:44:05.926+0000] {python.py:240} INFO - Done. Returned value was: None
[2025-01-16T03:44:05.933+0000] {taskinstance.py:340} INFO - ::group::Post task execution logs
[2025-01-16T03:44:05.934+0000] {taskinstance.py:352} INFO - Marking task as SUCCESS. dag_id=stock_information, task_id=append_to_database, run_id=scheduled__2025-01-16T03:43:00+00:00, execution_date=20250116T034300, start_date=20250116T034405, end_date=20250116T034405
[2025-01-16T03:44:05.953+0000] {local_task_job_runner.py:266} INFO - Task exited with return code 0
[2025-01-16T03:44:05.965+0000] {taskinstance.py:3895} INFO - 0 downstream tasks scheduled from follow-on schedule check
[2025-01-16T03:44:05.970+0000] {local_task_job_runner.py:245} INFO - ::endgroup::
