[2025-01-17T03:18:04.197+0000] {local_task_job_runner.py:123} INFO - ::group::Pre task execution logs
[2025-01-17T03:18:04.209+0000] {taskinstance.py:2613} INFO - Dependencies all met for dep_context=non-requeueable deps ti=<TaskInstance: stock_information.append_to_database scheduled__2025-01-17T03:17:00+00:00 [queued]>
[2025-01-17T03:18:04.215+0000] {taskinstance.py:2613} INFO - Dependencies all met for dep_context=requeueable deps ti=<TaskInstance: stock_information.append_to_database scheduled__2025-01-17T03:17:00+00:00 [queued]>
[2025-01-17T03:18:04.216+0000] {taskinstance.py:2866} INFO - Starting attempt 1 of 1
[2025-01-17T03:18:04.227+0000] {taskinstance.py:2889} INFO - Executing <Task(PythonOperator): append_to_database> on 2025-01-17 03:17:00+00:00
[2025-01-17T03:18:04.232+0000] {standard_task_runner.py:72} INFO - Started process 2944 to run task
[2025-01-17T03:18:04.234+0000] {standard_task_runner.py:104} INFO - Running: ['airflow', 'tasks', 'run', 'stock_information', 'append_to_database', 'scheduled__2025-01-17T03:17:00+00:00', '--job-id', '2408', '--raw', '--subdir', 'DAGS_FOLDER/vnstock_stream.py', '--cfg-path', '/tmp/tmp_0v5tw44']
[2025-01-17T03:18:04.236+0000] {standard_task_runner.py:105} INFO - Job 2408: Subtask append_to_database
[2025-01-17T03:18:04.273+0000] {task_command.py:467} INFO - Running <TaskInstance: stock_information.append_to_database scheduled__2025-01-17T03:17:00+00:00 [running]> on host 453ac4defedc
[2025-01-17T03:18:04.347+0000] {taskinstance.py:3132} INFO - Exporting env vars: AIRFLOW_CTX_DAG_OWNER='TuanDz' AIRFLOW_CTX_DAG_ID='stock_information' AIRFLOW_CTX_TASK_ID='append_to_database' AIRFLOW_CTX_EXECUTION_DATE='2025-01-17T03:17:00+00:00' AIRFLOW_CTX_TRY_NUMBER='1' AIRFLOW_CTX_DAG_RUN_ID='scheduled__2025-01-17T03:17:00+00:00'
[2025-01-17T03:18:04.349+0000] {taskinstance.py:731} INFO - ::endgroup::
[2025-01-17T03:18:04.441+0000] {logging_mixin.py:190} INFO - Kết nối thành công!
[2025-01-17T03:18:04.442+0000] {logging_mixin.py:190} INFO - <class 'str'>
[2025-01-17T03:18:04.444+0000] {logging_mixin.py:190} INFO - [['TCB', 25500, 22200, 23850, 'STOCK', 'HSX', '', 7045021622, 'STOCK', 8424683, 'Ngân hàng Thương mại Cổ phần Kỹ thương Việt Nam', 23850, '', '2025-01-17', 23850, 300, 554100, 13204, 23829.63364013716, 23900, 23750, 's', 5300, 44100, 0, 1590552461, 13204.69000000002, 5541, 23850, 23850, 62300, 23800, 251400, 23750, 92900, 23900, 204000, 23950, 326500, 24000, 961500, '2025-01-17 03:18:02']]
[2025-01-17T03:18:04.445+0000] {logging_mixin.py:190} INFO - <class 'list'>
[2025-01-17T03:18:04.446+0000] {logging_mixin.py:190} INFO - [['TCB', 25500, 22200, 23850, 'STOCK', 'HSX', '', 7045021622, 'STOCK', 8424683, 'Ngân hàng Thương mại Cổ phần Kỹ thương Việt Nam', 23850, '', '2025-01-17', 23850, 300, 554100, 13204, 23829.63364013716, 23900, 23750, 's', 5300, 44100, 0, 1590552461, 13204.69000000002, 5541, 23850, 23850, 62300, 23800, 251400, 23750, 92900, 23900, 204000, 23950, 326500, 24000, 961500, '2025-01-17 03:18:02']]
[2025-01-17T03:18:04.453+0000] {python.py:240} INFO - Done. Returned value was: None
[2025-01-17T03:18:04.461+0000] {taskinstance.py:340} INFO - ::group::Post task execution logs
[2025-01-17T03:18:04.462+0000] {taskinstance.py:352} INFO - Marking task as SUCCESS. dag_id=stock_information, task_id=append_to_database, run_id=scheduled__2025-01-17T03:17:00+00:00, execution_date=20250117T031700, start_date=20250117T031804, end_date=20250117T031804
[2025-01-17T03:18:04.488+0000] {local_task_job_runner.py:266} INFO - Task exited with return code 0
[2025-01-17T03:18:04.501+0000] {taskinstance.py:3895} INFO - 0 downstream tasks scheduled from follow-on schedule check
[2025-01-17T03:18:04.505+0000] {local_task_job_runner.py:245} INFO - ::endgroup::
