[2025-01-17T03:13:03.275+0000] {local_task_job_runner.py:123} INFO - ::group::Pre task execution logs
[2025-01-17T03:13:03.288+0000] {taskinstance.py:2613} INFO - Dependencies all met for dep_context=non-requeueable deps ti=<TaskInstance: stock_information.append_to_database scheduled__2025-01-17T03:12:00+00:00 [queued]>
[2025-01-17T03:13:03.294+0000] {taskinstance.py:2613} INFO - Dependencies all met for dep_context=requeueable deps ti=<TaskInstance: stock_information.append_to_database scheduled__2025-01-17T03:12:00+00:00 [queued]>
[2025-01-17T03:13:03.295+0000] {taskinstance.py:2866} INFO - Starting attempt 1 of 1
[2025-01-17T03:13:03.307+0000] {taskinstance.py:2889} INFO - Executing <Task(PythonOperator): append_to_database> on 2025-01-17 03:12:00+00:00
[2025-01-17T03:13:03.312+0000] {standard_task_runner.py:72} INFO - Started process 2794 to run task
[2025-01-17T03:13:03.314+0000] {standard_task_runner.py:104} INFO - Running: ['airflow', 'tasks', 'run', 'stock_information', 'append_to_database', 'scheduled__2025-01-17T03:12:00+00:00', '--job-id', '2398', '--raw', '--subdir', 'DAGS_FOLDER/vnstock_stream.py', '--cfg-path', '/tmp/tmp0k0d6ygd']
[2025-01-17T03:13:03.317+0000] {standard_task_runner.py:105} INFO - Job 2398: Subtask append_to_database
[2025-01-17T03:13:03.354+0000] {task_command.py:467} INFO - Running <TaskInstance: stock_information.append_to_database scheduled__2025-01-17T03:12:00+00:00 [running]> on host 453ac4defedc
[2025-01-17T03:13:03.433+0000] {taskinstance.py:3132} INFO - Exporting env vars: AIRFLOW_CTX_DAG_OWNER='TuanDz' AIRFLOW_CTX_DAG_ID='stock_information' AIRFLOW_CTX_TASK_ID='append_to_database' AIRFLOW_CTX_EXECUTION_DATE='2025-01-17T03:12:00+00:00' AIRFLOW_CTX_TRY_NUMBER='1' AIRFLOW_CTX_DAG_RUN_ID='scheduled__2025-01-17T03:12:00+00:00'
[2025-01-17T03:13:03.434+0000] {taskinstance.py:731} INFO - ::endgroup::
[2025-01-17T03:13:03.490+0000] {logging_mixin.py:190} INFO - Kết nối thành công!
[2025-01-17T03:13:03.491+0000] {logging_mixin.py:190} INFO - <class 'str'>
[2025-01-17T03:13:03.491+0000] {logging_mixin.py:190} INFO - [['TCB', 25500, 22200, 23850, 'STOCK', 'HSX', '', 7045021622, 'STOCK', 8424683, 'Ngân hàng Thương mại Cổ phần Kỹ thương Việt Nam', 23850, '', '2025-01-17', 23850, 300, 531700, 12670, 23829.227007711117, 23900, 23750, 's', 5300, 39600, 0, 1590552461, 12670.450000000012, 5317, 23850, 23850, 66600, 23800, 242600, 23750, 89900, 23900, 188600, 23950, 325800, 24000, 948600, '2025-01-17 03:13:01']]
[2025-01-17T03:13:03.492+0000] {logging_mixin.py:190} INFO - <class 'list'>
[2025-01-17T03:13:03.493+0000] {logging_mixin.py:190} INFO - [['TCB', 25500, 22200, 23850, 'STOCK', 'HSX', '', 7045021622, 'STOCK', 8424683, 'Ngân hàng Thương mại Cổ phần Kỹ thương Việt Nam', 23850, '', '2025-01-17', 23850, 300, 531700, 12670, 23829.227007711117, 23900, 23750, 's', 5300, 39600, 0, 1590552461, 12670.450000000012, 5317, 23850, 23850, 66600, 23800, 242600, 23750, 89900, 23900, 188600, 23950, 325800, 24000, 948600, '2025-01-17 03:13:01']]
[2025-01-17T03:13:03.498+0000] {python.py:240} INFO - Done. Returned value was: None
[2025-01-17T03:13:03.505+0000] {taskinstance.py:340} INFO - ::group::Post task execution logs
[2025-01-17T03:13:03.506+0000] {taskinstance.py:352} INFO - Marking task as SUCCESS. dag_id=stock_information, task_id=append_to_database, run_id=scheduled__2025-01-17T03:12:00+00:00, execution_date=20250117T031200, start_date=20250117T031303, end_date=20250117T031303
[2025-01-17T03:13:03.529+0000] {local_task_job_runner.py:266} INFO - Task exited with return code 0
[2025-01-17T03:13:03.543+0000] {taskinstance.py:3895} INFO - 0 downstream tasks scheduled from follow-on schedule check
[2025-01-17T03:13:03.549+0000] {local_task_job_runner.py:245} INFO - ::endgroup::
