[2025-01-16T06:29:03.772+0000] {local_task_job_runner.py:123} INFO - ::group::Pre task execution logs
[2025-01-16T06:29:03.786+0000] {taskinstance.py:2613} INFO - Dependencies all met for dep_context=non-requeueable deps ti=<TaskInstance: stock_information.append_to_database scheduled__2025-01-16T06:28:00+00:00 [queued]>
[2025-01-16T06:29:03.794+0000] {taskinstance.py:2613} INFO - Dependencies all met for dep_context=requeueable deps ti=<TaskInstance: stock_information.append_to_database scheduled__2025-01-16T06:28:00+00:00 [queued]>
[2025-01-16T06:29:03.795+0000] {taskinstance.py:2866} INFO - Starting attempt 1 of 1
[2025-01-16T06:29:03.807+0000] {taskinstance.py:2889} INFO - Executing <Task(PythonOperator): append_to_database> on 2025-01-16 06:28:00+00:00
[2025-01-16T06:29:03.813+0000] {standard_task_runner.py:72} INFO - Started process 7040 to run task
[2025-01-16T06:29:03.816+0000] {standard_task_runner.py:104} INFO - Running: ['airflow', 'tasks', 'run', 'stock_information', 'append_to_database', 'scheduled__2025-01-16T06:28:00+00:00', '--job-id', '1887', '--raw', '--subdir', 'DAGS_FOLDER/vnstock_stream.py', '--cfg-path', '/tmp/tmpib7qk2qs']
[2025-01-16T06:29:03.819+0000] {standard_task_runner.py:105} INFO - Job 1887: Subtask append_to_database
[2025-01-16T06:29:03.857+0000] {task_command.py:467} INFO - Running <TaskInstance: stock_information.append_to_database scheduled__2025-01-16T06:28:00+00:00 [running]> on host 453ac4defedc
[2025-01-16T06:29:03.936+0000] {taskinstance.py:3132} INFO - Exporting env vars: AIRFLOW_CTX_DAG_OWNER='TuanDz' AIRFLOW_CTX_DAG_ID='stock_information' AIRFLOW_CTX_TASK_ID='append_to_database' AIRFLOW_CTX_EXECUTION_DATE='2025-01-16T06:28:00+00:00' AIRFLOW_CTX_TRY_NUMBER='1' AIRFLOW_CTX_DAG_RUN_ID='scheduled__2025-01-16T06:28:00+00:00'
[2025-01-16T06:29:03.938+0000] {taskinstance.py:731} INFO - ::endgroup::
[2025-01-16T06:29:04.023+0000] {logging_mixin.py:190} INFO - Kết nối thành công!
[2025-01-16T06:29:04.025+0000] {logging_mixin.py:190} INFO - <class 'str'>
[2025-01-16T06:29:04.026+0000] {logging_mixin.py:190} INFO - [['TCB', 25350, 22050, 23700, 'STOCK', 'HSX', '', 7045021622, 'STOCK', 8424683, 'Ngân hàng Thương mại Cổ phần Kỹ thương Việt Nam', 23700, '', '2025-01-16', 23750, 1000, 3639700, 86745, 23833.00821496277, 23950, 23700, 's', 0, 0, 0, 1590552461, 86745.11499999999, 36397, 23700, 23750, 156400, 23700, 248300, 23650, 191900, 23800, 177000, 23850, 224900, 23900, 316200, '2025-01-16 06:29:02']]
[2025-01-16T06:29:04.027+0000] {logging_mixin.py:190} INFO - <class 'list'>
[2025-01-16T06:29:04.027+0000] {logging_mixin.py:190} INFO - [['TCB', 25350, 22050, 23700, 'STOCK', 'HSX', '', 7045021622, 'STOCK', 8424683, 'Ngân hàng Thương mại Cổ phần Kỹ thương Việt Nam', 23700, '', '2025-01-16', 23750, 1000, 3639700, 86745, 23833.00821496277, 23950, 23700, 's', 0, 0, 0, 1590552461, 86745.11499999999, 36397, 23700, 23750, 156400, 23700, 248300, 23650, 191900, 23800, 177000, 23850, 224900, 23900, 316200, '2025-01-16 06:29:02']]
[2025-01-16T06:29:04.037+0000] {python.py:240} INFO - Done. Returned value was: None
[2025-01-16T06:29:04.046+0000] {taskinstance.py:340} INFO - ::group::Post task execution logs
[2025-01-16T06:29:04.047+0000] {taskinstance.py:352} INFO - Marking task as SUCCESS. dag_id=stock_information, task_id=append_to_database, run_id=scheduled__2025-01-16T06:28:00+00:00, execution_date=20250116T062800, start_date=20250116T062903, end_date=20250116T062904
[2025-01-16T06:29:04.071+0000] {local_task_job_runner.py:266} INFO - Task exited with return code 0
[2025-01-16T06:29:04.084+0000] {taskinstance.py:3895} INFO - 0 downstream tasks scheduled from follow-on schedule check
[2025-01-16T06:29:04.088+0000] {local_task_job_runner.py:245} INFO - ::endgroup::
