[2025-01-16T06:56:04.311+0000] {local_task_job_runner.py:123} INFO - ::group::Pre task execution logs
[2025-01-16T06:56:04.325+0000] {taskinstance.py:2613} INFO - Dependencies all met for dep_context=non-requeueable deps ti=<TaskInstance: stock_information.append_to_database scheduled__2025-01-16T06:55:00+00:00 [queued]>
[2025-01-16T06:56:04.332+0000] {taskinstance.py:2613} INFO - Dependencies all met for dep_context=requeueable deps ti=<TaskInstance: stock_information.append_to_database scheduled__2025-01-16T06:55:00+00:00 [queued]>
[2025-01-16T06:56:04.334+0000] {taskinstance.py:2866} INFO - Starting attempt 1 of 1
[2025-01-16T06:56:04.346+0000] {taskinstance.py:2889} INFO - Executing <Task(PythonOperator): append_to_database> on 2025-01-16 06:55:00+00:00
[2025-01-16T06:56:04.352+0000] {standard_task_runner.py:72} INFO - Started process 7833 to run task
[2025-01-16T06:56:04.355+0000] {standard_task_runner.py:104} INFO - Running: ['airflow', 'tasks', 'run', 'stock_information', 'append_to_database', 'scheduled__2025-01-16T06:55:00+00:00', '--job-id', '1941', '--raw', '--subdir', 'DAGS_FOLDER/vnstock_stream.py', '--cfg-path', '/tmp/tmpwkyj9tpy']
[2025-01-16T06:56:04.358+0000] {standard_task_runner.py:105} INFO - Job 1941: Subtask append_to_database
[2025-01-16T06:56:04.397+0000] {task_command.py:467} INFO - Running <TaskInstance: stock_information.append_to_database scheduled__2025-01-16T06:55:00+00:00 [running]> on host 453ac4defedc
[2025-01-16T06:56:04.476+0000] {taskinstance.py:3132} INFO - Exporting env vars: AIRFLOW_CTX_DAG_OWNER='TuanDz' AIRFLOW_CTX_DAG_ID='stock_information' AIRFLOW_CTX_TASK_ID='append_to_database' AIRFLOW_CTX_EXECUTION_DATE='2025-01-16T06:55:00+00:00' AIRFLOW_CTX_TRY_NUMBER='1' AIRFLOW_CTX_DAG_RUN_ID='scheduled__2025-01-16T06:55:00+00:00'
[2025-01-16T06:56:04.479+0000] {taskinstance.py:731} INFO - ::endgroup::
[2025-01-16T06:56:04.541+0000] {logging_mixin.py:190} INFO - Kết nối thành công!
[2025-01-16T06:56:04.542+0000] {logging_mixin.py:190} INFO - <class 'str'>
[2025-01-16T06:56:04.543+0000] {logging_mixin.py:190} INFO - [['TCB', 25350, 22050, 23700, 'STOCK', 'HSX', '', 7045021622, 'STOCK', 8424683, 'Ngân hàng Thương mại Cổ phần Kỹ thương Việt Nam', 23700, '', '2025-01-16', 23800, 36000, 4106100, 97826, 23824.553712768808, 23950, 23700, 'b', 0, 0, 0, 1590552461, 97826.28999999998, 41061, 23700, 23750, 299600, 23700, 282400, 23650, 195100, 23800, 146400, 23850, 244700, 23900, 304700, '2025-01-16 06:56:02']]
[2025-01-16T06:56:04.544+0000] {logging_mixin.py:190} INFO - <class 'list'>
[2025-01-16T06:56:04.544+0000] {logging_mixin.py:190} INFO - [['TCB', 25350, 22050, 23700, 'STOCK', 'HSX', '', 7045021622, 'STOCK', 8424683, 'Ngân hàng Thương mại Cổ phần Kỹ thương Việt Nam', 23700, '', '2025-01-16', 23800, 36000, 4106100, 97826, 23824.553712768808, 23950, 23700, 'b', 0, 0, 0, 1590552461, 97826.28999999998, 41061, 23700, 23750, 299600, 23700, 282400, 23650, 195100, 23800, 146400, 23850, 244700, 23900, 304700, '2025-01-16 06:56:02']]
[2025-01-16T06:56:04.551+0000] {python.py:240} INFO - Done. Returned value was: None
[2025-01-16T06:56:04.560+0000] {taskinstance.py:340} INFO - ::group::Post task execution logs
[2025-01-16T06:56:04.561+0000] {taskinstance.py:352} INFO - Marking task as SUCCESS. dag_id=stock_information, task_id=append_to_database, run_id=scheduled__2025-01-16T06:55:00+00:00, execution_date=20250116T065500, start_date=20250116T065604, end_date=20250116T065604
[2025-01-16T06:56:04.611+0000] {local_task_job_runner.py:266} INFO - Task exited with return code 0
[2025-01-16T06:56:04.623+0000] {taskinstance.py:3895} INFO - 0 downstream tasks scheduled from follow-on schedule check
[2025-01-16T06:56:04.628+0000] {local_task_job_runner.py:245} INFO - ::endgroup::
