[2025-01-16T04:03:05.282+0000] {local_task_job_runner.py:123} INFO - ::group::Pre task execution logs
[2025-01-16T04:03:05.293+0000] {taskinstance.py:2613} INFO - Dependencies all met for dep_context=non-requeueable deps ti=<TaskInstance: stock_information.append_to_database scheduled__2025-01-16T04:02:00+00:00 [queued]>
[2025-01-16T04:03:05.300+0000] {taskinstance.py:2613} INFO - Dependencies all met for dep_context=requeueable deps ti=<TaskInstance: stock_information.append_to_database scheduled__2025-01-16T04:02:00+00:00 [queued]>
[2025-01-16T04:03:05.302+0000] {taskinstance.py:2866} INFO - Starting attempt 1 of 1
[2025-01-16T04:03:05.315+0000] {taskinstance.py:2889} INFO - Executing <Task(PythonOperator): append_to_database> on 2025-01-16 04:02:00+00:00
[2025-01-16T04:03:05.322+0000] {standard_task_runner.py:72} INFO - Started process 2764 to run task
[2025-01-16T04:03:05.324+0000] {standard_task_runner.py:104} INFO - Running: ['airflow', 'tasks', 'run', 'stock_information', 'append_to_database', 'scheduled__2025-01-16T04:02:00+00:00', '--job-id', '1595', '--raw', '--subdir', 'DAGS_FOLDER/vnstock_stream.py', '--cfg-path', '/tmp/tmpq8p5c6_j']
[2025-01-16T04:03:05.327+0000] {standard_task_runner.py:105} INFO - Job 1595: Subtask append_to_database
[2025-01-16T04:03:05.367+0000] {task_command.py:467} INFO - Running <TaskInstance: stock_information.append_to_database scheduled__2025-01-16T04:02:00+00:00 [running]> on host 453ac4defedc
[2025-01-16T04:03:05.447+0000] {taskinstance.py:3132} INFO - Exporting env vars: AIRFLOW_CTX_DAG_OWNER='TuanDz' AIRFLOW_CTX_DAG_ID='stock_information' AIRFLOW_CTX_TASK_ID='append_to_database' AIRFLOW_CTX_EXECUTION_DATE='2025-01-16T04:02:00+00:00' AIRFLOW_CTX_TRY_NUMBER='1' AIRFLOW_CTX_DAG_RUN_ID='scheduled__2025-01-16T04:02:00+00:00'
[2025-01-16T04:03:05.449+0000] {taskinstance.py:731} INFO - ::endgroup::
[2025-01-16T04:03:05.526+0000] {logging_mixin.py:190} INFO - Kết nối thành công!
[2025-01-16T04:03:05.528+0000] {logging_mixin.py:190} INFO - <class 'str'>
[2025-01-16T04:03:05.530+0000] {logging_mixin.py:190} INFO - [['TCB', 25350, 22050, 23700, 'STOCK', 'HSX', '', 7045021622, 'STOCK', 8424683, 'Ngân hàng Thương mại Cổ phần Kỹ thương Việt Nam', 23700, '', '2025-01-16', 23750, 1000, 3089900, 73687, 23847.697336483383, 23950, 23750, 's', 0, 0, 0, 1590552461, 73687.61499999999, 30899, 23700, 23750, 191200, 23700, 268400, 23650, 19000, 23800, 5700, 23850, 195800, 23900, 287500, '2025-01-16 04:03:02']]
[2025-01-16T04:03:05.532+0000] {logging_mixin.py:190} INFO - <class 'list'>
[2025-01-16T04:03:05.535+0000] {logging_mixin.py:190} INFO - [['TCB', 25350, 22050, 23700, 'STOCK', 'HSX', '', 7045021622, 'STOCK', 8424683, 'Ngân hàng Thương mại Cổ phần Kỹ thương Việt Nam', 23700, '', '2025-01-16', 23750, 1000, 3089900, 73687, 23847.697336483383, 23950, 23750, 's', 0, 0, 0, 1590552461, 73687.61499999999, 30899, 23700, 23750, 191200, 23700, 268400, 23650, 19000, 23800, 5700, 23850, 195800, 23900, 287500, '2025-01-16 04:03:02']]
[2025-01-16T04:03:05.549+0000] {python.py:240} INFO - Done. Returned value was: None
[2025-01-16T04:03:05.559+0000] {taskinstance.py:340} INFO - ::group::Post task execution logs
[2025-01-16T04:03:05.561+0000] {taskinstance.py:352} INFO - Marking task as SUCCESS. dag_id=stock_information, task_id=append_to_database, run_id=scheduled__2025-01-16T04:02:00+00:00, execution_date=20250116T040200, start_date=20250116T040305, end_date=20250116T040305
[2025-01-16T04:03:05.621+0000] {local_task_job_runner.py:266} INFO - Task exited with return code 0
[2025-01-16T04:03:05.634+0000] {taskinstance.py:3895} INFO - 0 downstream tasks scheduled from follow-on schedule check
[2025-01-16T04:03:05.639+0000] {local_task_job_runner.py:245} INFO - ::endgroup::
