[2025-01-17T03:15:03.510+0000] {local_task_job_runner.py:123} INFO - ::group::Pre task execution logs
[2025-01-17T03:15:03.523+0000] {taskinstance.py:2613} INFO - Dependencies all met for dep_context=non-requeueable deps ti=<TaskInstance: stock_information.append_to_database scheduled__2025-01-17T03:14:00+00:00 [queued]>
[2025-01-17T03:15:03.531+0000] {taskinstance.py:2613} INFO - Dependencies all met for dep_context=requeueable deps ti=<TaskInstance: stock_information.append_to_database scheduled__2025-01-17T03:14:00+00:00 [queued]>
[2025-01-17T03:15:03.532+0000] {taskinstance.py:2866} INFO - Starting attempt 1 of 1
[2025-01-17T03:15:03.543+0000] {taskinstance.py:2889} INFO - Executing <Task(PythonOperator): append_to_database> on 2025-01-17 03:14:00+00:00
[2025-01-17T03:15:03.549+0000] {standard_task_runner.py:72} INFO - Started process 2854 to run task
[2025-01-17T03:15:03.551+0000] {standard_task_runner.py:104} INFO - Running: ['airflow', 'tasks', 'run', 'stock_information', 'append_to_database', 'scheduled__2025-01-17T03:14:00+00:00', '--job-id', '2402', '--raw', '--subdir', 'DAGS_FOLDER/vnstock_stream.py', '--cfg-path', '/tmp/tmp3_gw2res']
[2025-01-17T03:15:03.554+0000] {standard_task_runner.py:105} INFO - Job 2402: Subtask append_to_database
[2025-01-17T03:15:03.591+0000] {task_command.py:467} INFO - Running <TaskInstance: stock_information.append_to_database scheduled__2025-01-17T03:14:00+00:00 [running]> on host 453ac4defedc
[2025-01-17T03:15:03.675+0000] {taskinstance.py:3132} INFO - Exporting env vars: AIRFLOW_CTX_DAG_OWNER='TuanDz' AIRFLOW_CTX_DAG_ID='stock_information' AIRFLOW_CTX_TASK_ID='append_to_database' AIRFLOW_CTX_EXECUTION_DATE='2025-01-17T03:14:00+00:00' AIRFLOW_CTX_TRY_NUMBER='1' AIRFLOW_CTX_DAG_RUN_ID='scheduled__2025-01-17T03:14:00+00:00'
[2025-01-17T03:15:03.677+0000] {taskinstance.py:731} INFO - ::endgroup::
[2025-01-17T03:15:03.756+0000] {logging_mixin.py:190} INFO - Kết nối thành công!
[2025-01-17T03:15:03.756+0000] {logging_mixin.py:190} INFO - <class 'str'>
[2025-01-17T03:15:03.757+0000] {logging_mixin.py:190} INFO - [['TCB', 25500, 22200, 23850, 'STOCK', 'HSX', '', 7045021622, 'STOCK', 8424683, 'Ngân hàng Thương mại Cổ phần Kỹ thương Việt Nam', 23850, '', '2025-01-17', 23850, 300, 544600, 12978, 23830.334190231362, 23900, 23750, 's', 5300, 41400, 0, 1590552461, 12978.115000000016, 5446, 23850, 23850, 66000, 23800, 242600, 23750, 92100, 23900, 190900, 23950, 327800, 24000, 949300, '2025-01-17 03:15:02']]
[2025-01-17T03:15:03.758+0000] {logging_mixin.py:190} INFO - <class 'list'>
[2025-01-17T03:15:03.759+0000] {logging_mixin.py:190} INFO - [['TCB', 25500, 22200, 23850, 'STOCK', 'HSX', '', 7045021622, 'STOCK', 8424683, 'Ngân hàng Thương mại Cổ phần Kỹ thương Việt Nam', 23850, '', '2025-01-17', 23850, 300, 544600, 12978, 23830.334190231362, 23900, 23750, 's', 5300, 41400, 0, 1590552461, 12978.115000000016, 5446, 23850, 23850, 66000, 23800, 242600, 23750, 92100, 23900, 190900, 23950, 327800, 24000, 949300, '2025-01-17 03:15:02']]
[2025-01-17T03:15:03.766+0000] {python.py:240} INFO - Done. Returned value was: None
[2025-01-17T03:15:03.774+0000] {taskinstance.py:340} INFO - ::group::Post task execution logs
[2025-01-17T03:15:03.776+0000] {taskinstance.py:352} INFO - Marking task as SUCCESS. dag_id=stock_information, task_id=append_to_database, run_id=scheduled__2025-01-17T03:14:00+00:00, execution_date=20250117T031400, start_date=20250117T031503, end_date=20250117T031503
[2025-01-17T03:15:03.806+0000] {local_task_job_runner.py:266} INFO - Task exited with return code 0
[2025-01-17T03:15:03.822+0000] {local_task_job_runner.py:245} INFO - ::endgroup::
