[2025-01-16T03:13:03.995+0000] {local_task_job_runner.py:123} INFO - ::group::Pre task execution logs
[2025-01-16T03:13:04.007+0000] {taskinstance.py:2613} INFO - Dependencies all met for dep_context=non-requeueable deps ti=<TaskInstance: stock_information.append_to_database scheduled__2025-01-16T03:12:00+00:00 [queued]>
[2025-01-16T03:13:04.014+0000] {taskinstance.py:2613} INFO - Dependencies all met for dep_context=requeueable deps ti=<TaskInstance: stock_information.append_to_database scheduled__2025-01-16T03:12:00+00:00 [queued]>
[2025-01-16T03:13:04.016+0000] {taskinstance.py:2866} INFO - Starting attempt 1 of 1
[2025-01-16T03:13:04.029+0000] {taskinstance.py:2889} INFO - Executing <Task(PythonOperator): append_to_database> on 2025-01-16 03:12:00+00:00
[2025-01-16T03:13:04.035+0000] {standard_task_runner.py:72} INFO - Started process 1293 to run task
[2025-01-16T03:13:04.037+0000] {standard_task_runner.py:104} INFO - Running: ['airflow', 'tasks', 'run', 'stock_information', 'append_to_database', 'scheduled__2025-01-16T03:12:00+00:00', '--job-id', '1495', '--raw', '--subdir', 'DAGS_FOLDER/vnstock_stream.py', '--cfg-path', '/tmp/tmpzsn5mx2f']
[2025-01-16T03:13:04.039+0000] {standard_task_runner.py:105} INFO - Job 1495: Subtask append_to_database
[2025-01-16T03:13:04.079+0000] {task_command.py:467} INFO - Running <TaskInstance: stock_information.append_to_database scheduled__2025-01-16T03:12:00+00:00 [running]> on host 453ac4defedc
[2025-01-16T03:13:04.158+0000] {taskinstance.py:3132} INFO - Exporting env vars: AIRFLOW_CTX_DAG_OWNER='TuanDz' AIRFLOW_CTX_DAG_ID='stock_information' AIRFLOW_CTX_TASK_ID='append_to_database' AIRFLOW_CTX_EXECUTION_DATE='2025-01-16T03:12:00+00:00' AIRFLOW_CTX_TRY_NUMBER='1' AIRFLOW_CTX_DAG_RUN_ID='scheduled__2025-01-16T03:12:00+00:00'
[2025-01-16T03:13:04.160+0000] {taskinstance.py:731} INFO - ::endgroup::
[2025-01-16T03:13:04.196+0000] {logging_mixin.py:190} INFO - Kết nối thành công!
[2025-01-16T03:13:04.196+0000] {logging_mixin.py:190} INFO - <class 'str'>
[2025-01-16T03:13:04.197+0000] {logging_mixin.py:190} INFO - [['TCB', 25350, 22050, 23700, 'STOCK', 'HSX', '', 7045021622, 'STOCK', 8424683, 'Ngân hàng Thương mại Cổ phần Kỹ thương Việt Nam', 23700, '', '2025-01-16', 23850, 1000, 2248000, 53656, 23868.32740213523, 23950, 23800, 's', 0, 0, 0, 1590552461, 53656.97499999991, 22480, 23700, 23850, 8900, 23800, 287600, 23750, 255600, 23900, 241700, 23950, 244700, 24000, 748300, '2025-01-16 03:13:02']]
[2025-01-16T03:13:04.198+0000] {logging_mixin.py:190} INFO - <class 'list'>
[2025-01-16T03:13:04.198+0000] {logging_mixin.py:190} INFO - [['TCB', 25350, 22050, 23700, 'STOCK', 'HSX', '', 7045021622, 'STOCK', 8424683, 'Ngân hàng Thương mại Cổ phần Kỹ thương Việt Nam', 23700, '', '2025-01-16', 23850, 1000, 2248000, 53656, 23868.32740213523, 23950, 23800, 's', 0, 0, 0, 1590552461, 53656.97499999991, 22480, 23700, 23850, 8900, 23800, 287600, 23750, 255600, 23900, 241700, 23950, 244700, 24000, 748300, '2025-01-16 03:13:02']]
[2025-01-16T03:13:04.201+0000] {python.py:240} INFO - Done. Returned value was: None
[2025-01-16T03:13:04.210+0000] {taskinstance.py:340} INFO - ::group::Post task execution logs
[2025-01-16T03:13:04.211+0000] {taskinstance.py:352} INFO - Marking task as SUCCESS. dag_id=stock_information, task_id=append_to_database, run_id=scheduled__2025-01-16T03:12:00+00:00, execution_date=20250116T031200, start_date=20250116T031304, end_date=20250116T031304
[2025-01-16T03:13:04.252+0000] {local_task_job_runner.py:266} INFO - Task exited with return code 0
[2025-01-16T03:13:04.272+0000] {taskinstance.py:3895} INFO - 0 downstream tasks scheduled from follow-on schedule check
[2025-01-16T03:13:04.277+0000] {local_task_job_runner.py:245} INFO - ::endgroup::
