[2025-01-16T06:15:04.983+0000] {local_task_job_runner.py:123} INFO - ::group::Pre task execution logs
[2025-01-16T06:15:04.998+0000] {taskinstance.py:2613} INFO - Dependencies all met for dep_context=non-requeueable deps ti=<TaskInstance: stock_information.append_to_database scheduled__2025-01-16T06:14:00+00:00 [queued]>
[2025-01-16T06:15:05.006+0000] {taskinstance.py:2613} INFO - Dependencies all met for dep_context=requeueable deps ti=<TaskInstance: stock_information.append_to_database scheduled__2025-01-16T06:14:00+00:00 [queued]>
[2025-01-16T06:15:05.008+0000] {taskinstance.py:2866} INFO - Starting attempt 1 of 1
[2025-01-16T06:15:05.020+0000] {taskinstance.py:2889} INFO - Executing <Task(PythonOperator): append_to_database> on 2025-01-16 06:14:00+00:00
[2025-01-16T06:15:05.027+0000] {standard_task_runner.py:72} INFO - Started process 6626 to run task
[2025-01-16T06:15:05.029+0000] {standard_task_runner.py:104} INFO - Running: ['airflow', 'tasks', 'run', 'stock_information', 'append_to_database', 'scheduled__2025-01-16T06:14:00+00:00', '--job-id', '1859', '--raw', '--subdir', 'DAGS_FOLDER/vnstock_stream.py', '--cfg-path', '/tmp/tmpoj4ty4tq']
[2025-01-16T06:15:05.032+0000] {standard_task_runner.py:105} INFO - Job 1859: Subtask append_to_database
[2025-01-16T06:15:05.072+0000] {task_command.py:467} INFO - Running <TaskInstance: stock_information.append_to_database scheduled__2025-01-16T06:14:00+00:00 [running]> on host 453ac4defedc
[2025-01-16T06:15:05.155+0000] {taskinstance.py:3132} INFO - Exporting env vars: AIRFLOW_CTX_DAG_OWNER='TuanDz' AIRFLOW_CTX_DAG_ID='stock_information' AIRFLOW_CTX_TASK_ID='append_to_database' AIRFLOW_CTX_EXECUTION_DATE='2025-01-16T06:14:00+00:00' AIRFLOW_CTX_TRY_NUMBER='1' AIRFLOW_CTX_DAG_RUN_ID='scheduled__2025-01-16T06:14:00+00:00'
[2025-01-16T06:15:05.157+0000] {taskinstance.py:731} INFO - ::endgroup::
[2025-01-16T06:15:05.228+0000] {logging_mixin.py:190} INFO - Kết nối thành công!
[2025-01-16T06:15:05.230+0000] {logging_mixin.py:190} INFO - <class 'str'>
[2025-01-16T06:15:05.231+0000] {logging_mixin.py:190} INFO - [['TCB', 25350, 22050, 23700, 'STOCK', 'HSX', '', 7045021622, 'STOCK', 8424683, 'Ngân hàng Thương mại Cổ phần Kỹ thương Việt Nam', 23700, '', '2025-01-16', 23750, 100, 3521400, 83934, 23835.406372465495, 23950, 23700, 's', 0, 0, 0, 1590552461, 83934.84999999999, 35214, 23700, 23750, 26800, 23700, 272400, 23650, 186500, 23800, 162800, 23850, 220600, 23900, 297400, '2025-01-16 06:15:02']]
[2025-01-16T06:15:05.231+0000] {logging_mixin.py:190} INFO - <class 'list'>
[2025-01-16T06:15:05.232+0000] {logging_mixin.py:190} INFO - [['TCB', 25350, 22050, 23700, 'STOCK', 'HSX', '', 7045021622, 'STOCK', 8424683, 'Ngân hàng Thương mại Cổ phần Kỹ thương Việt Nam', 23700, '', '2025-01-16', 23750, 100, 3521400, 83934, 23835.406372465495, 23950, 23700, 's', 0, 0, 0, 1590552461, 83934.84999999999, 35214, 23700, 23750, 26800, 23700, 272400, 23650, 186500, 23800, 162800, 23850, 220600, 23900, 297400, '2025-01-16 06:15:02']]
[2025-01-16T06:15:05.240+0000] {python.py:240} INFO - Done. Returned value was: None
[2025-01-16T06:15:05.252+0000] {taskinstance.py:340} INFO - ::group::Post task execution logs
[2025-01-16T06:15:05.255+0000] {taskinstance.py:352} INFO - Marking task as SUCCESS. dag_id=stock_information, task_id=append_to_database, run_id=scheduled__2025-01-16T06:14:00+00:00, execution_date=20250116T061400, start_date=20250116T061504, end_date=20250116T061505
[2025-01-16T06:15:05.286+0000] {local_task_job_runner.py:266} INFO - Task exited with return code 0
[2025-01-16T06:15:05.305+0000] {taskinstance.py:3895} INFO - 0 downstream tasks scheduled from follow-on schedule check
[2025-01-16T06:15:05.312+0000] {local_task_job_runner.py:245} INFO - ::endgroup::
