[2025-01-15T06:40:05.564+0000] {local_task_job_runner.py:123} INFO - ::group::Pre task execution logs
[2025-01-15T06:40:05.575+0000] {taskinstance.py:2613} INFO - Dependencies all met for dep_context=non-requeueable deps ti=<TaskInstance: stock_information.append_to_database scheduled__2025-01-15T06:39:00+00:00 [queued]>
[2025-01-15T06:40:05.583+0000] {taskinstance.py:2613} INFO - Dependencies all met for dep_context=requeueable deps ti=<TaskInstance: stock_information.append_to_database scheduled__2025-01-15T06:39:00+00:00 [queued]>
[2025-01-15T06:40:05.585+0000] {taskinstance.py:2866} INFO - Starting attempt 1 of 1
[2025-01-15T06:40:05.597+0000] {taskinstance.py:2889} INFO - Executing <Task(PythonOperator): append_to_database> on 2025-01-15 06:39:00+00:00
[2025-01-15T06:40:05.603+0000] {standard_task_runner.py:72} INFO - Started process 7355 to run task
[2025-01-15T06:40:05.606+0000] {standard_task_runner.py:104} INFO - Running: ['airflow', 'tasks', 'run', 'stock_information', 'append_to_database', 'scheduled__2025-01-15T06:39:00+00:00', '--job-id', '1012', '--raw', '--subdir', 'DAGS_FOLDER/vnstock_stream.py', '--cfg-path', '/tmp/tmpcbm_nybb']
[2025-01-15T06:40:05.609+0000] {standard_task_runner.py:105} INFO - Job 1012: Subtask append_to_database
[2025-01-15T06:40:05.648+0000] {task_command.py:467} INFO - Running <TaskInstance: stock_information.append_to_database scheduled__2025-01-15T06:39:00+00:00 [running]> on host 453ac4defedc
[2025-01-15T06:40:05.726+0000] {taskinstance.py:3132} INFO - Exporting env vars: AIRFLOW_CTX_DAG_OWNER='TuanDz' AIRFLOW_CTX_DAG_ID='stock_information' AIRFLOW_CTX_TASK_ID='append_to_database' AIRFLOW_CTX_EXECUTION_DATE='2025-01-15T06:39:00+00:00' AIRFLOW_CTX_TRY_NUMBER='1' AIRFLOW_CTX_DAG_RUN_ID='scheduled__2025-01-15T06:39:00+00:00'
[2025-01-15T06:40:05.729+0000] {taskinstance.py:731} INFO - ::endgroup::
[2025-01-15T06:40:05.763+0000] {logging_mixin.py:190} INFO - Kết nối thành công!
[2025-01-15T06:40:05.764+0000] {logging_mixin.py:190} INFO - <class 'str'>
[2025-01-15T06:40:05.765+0000] {logging_mixin.py:190} INFO - [['TCB', 25250, 21950, 23600, 'STOCK', 'HSX', '', 7045021622, 'STOCK', 8424683, 'Ngân hàng Thương mại Cổ phần Kỹ thương Việt Nam', 23600, '', '2025-01-15', 23750, 2200, 4000200, 95204, 23799.810009499524, 23900, 23650, 's', 156700, 156700, 0, 1590552461, 95204.7049999998, 40002, 23600, 23750, 383100, 23700, 322700, 23650, 233700, 23800, 8700, 23850, 81800, 23900, 189600, '2025-01-15 06:40:03']]
[2025-01-15T06:40:05.766+0000] {logging_mixin.py:190} INFO - <class 'list'>
[2025-01-15T06:40:05.767+0000] {logging_mixin.py:190} INFO - [['TCB', 25250, 21950, 23600, 'STOCK', 'HSX', '', 7045021622, 'STOCK', 8424683, 'Ngân hàng Thương mại Cổ phần Kỹ thương Việt Nam', 23600, '', '2025-01-15', 23750, 2200, 4000200, 95204, 23799.810009499524, 23900, 23650, 's', 156700, 156700, 0, 1590552461, 95204.7049999998, 40002, 23600, 23750, 383100, 23700, 322700, 23650, 233700, 23800, 8700, 23850, 81800, 23900, 189600, '2025-01-15 06:40:03']]
[2025-01-15T06:40:05.770+0000] {python.py:240} INFO - Done. Returned value was: None
[2025-01-15T06:40:05.777+0000] {taskinstance.py:340} INFO - ::group::Post task execution logs
[2025-01-15T06:40:05.778+0000] {taskinstance.py:352} INFO - Marking task as SUCCESS. dag_id=stock_information, task_id=append_to_database, run_id=scheduled__2025-01-15T06:39:00+00:00, execution_date=20250115T063900, start_date=20250115T064005, end_date=20250115T064005
[2025-01-15T06:40:05.821+0000] {local_task_job_runner.py:266} INFO - Task exited with return code 0
[2025-01-15T06:40:05.839+0000] {taskinstance.py:3895} INFO - 0 downstream tasks scheduled from follow-on schedule check
[2025-01-15T06:40:05.843+0000] {local_task_job_runner.py:245} INFO - ::endgroup::
