[2025-01-15T06:42:07.592+0000] {local_task_job_runner.py:123} INFO - ::group::Pre task execution logs
[2025-01-15T06:42:07.605+0000] {taskinstance.py:2613} INFO - Dependencies all met for dep_context=non-requeueable deps ti=<TaskInstance: stock_information.append_to_database scheduled__2025-01-15T06:41:00+00:00 [queued]>
[2025-01-15T06:42:07.612+0000] {taskinstance.py:2613} INFO - Dependencies all met for dep_context=requeueable deps ti=<TaskInstance: stock_information.append_to_database scheduled__2025-01-15T06:41:00+00:00 [queued]>
[2025-01-15T06:42:07.613+0000] {taskinstance.py:2866} INFO - Starting attempt 1 of 1
[2025-01-15T06:42:07.624+0000] {taskinstance.py:2889} INFO - Executing <Task(PythonOperator): append_to_database> on 2025-01-15 06:41:00+00:00
[2025-01-15T06:42:07.630+0000] {standard_task_runner.py:72} INFO - Started process 7415 to run task
[2025-01-15T06:42:07.632+0000] {standard_task_runner.py:104} INFO - Running: ['airflow', 'tasks', 'run', 'stock_information', 'append_to_database', 'scheduled__2025-01-15T06:41:00+00:00', '--job-id', '1016', '--raw', '--subdir', 'DAGS_FOLDER/vnstock_stream.py', '--cfg-path', '/tmp/tmp_t870bs6']
[2025-01-15T06:42:07.635+0000] {standard_task_runner.py:105} INFO - Job 1016: Subtask append_to_database
[2025-01-15T06:42:07.672+0000] {task_command.py:467} INFO - Running <TaskInstance: stock_information.append_to_database scheduled__2025-01-15T06:41:00+00:00 [running]> on host 453ac4defedc
[2025-01-15T06:42:07.746+0000] {taskinstance.py:3132} INFO - Exporting env vars: AIRFLOW_CTX_DAG_OWNER='TuanDz' AIRFLOW_CTX_DAG_ID='stock_information' AIRFLOW_CTX_TASK_ID='append_to_database' AIRFLOW_CTX_EXECUTION_DATE='2025-01-15T06:41:00+00:00' AIRFLOW_CTX_TRY_NUMBER='1' AIRFLOW_CTX_DAG_RUN_ID='scheduled__2025-01-15T06:41:00+00:00'
[2025-01-15T06:42:07.747+0000] {taskinstance.py:731} INFO - ::endgroup::
[2025-01-15T06:42:07.781+0000] {logging_mixin.py:190} INFO - Kết nối thành công!
[2025-01-15T06:42:07.782+0000] {logging_mixin.py:190} INFO - <class 'str'>
[2025-01-15T06:42:07.782+0000] {logging_mixin.py:190} INFO - [['TCB', 25250, 21950, 23600, 'STOCK', 'HSX', '', 7045021622, 'STOCK', 8424683, 'Ngân hàng Thương mại Cổ phần Kỹ thương Việt Nam', 23600, '', '2025-01-15', 23750, 2200, 4048000, 96340, 23799.407114624504, 23900, 23650, 's', 156700, 156700, 0, 1590552461, 96340.2149999998, 40480, 23600, 23750, 340900, 23700, 322800, 23650, 233700, 23800, 500, 23850, 76100, 23900, 195000, '2025-01-15 06:42:03']]
[2025-01-15T06:42:07.783+0000] {logging_mixin.py:190} INFO - <class 'list'>
[2025-01-15T06:42:07.784+0000] {logging_mixin.py:190} INFO - [['TCB', 25250, 21950, 23600, 'STOCK', 'HSX', '', 7045021622, 'STOCK', 8424683, 'Ngân hàng Thương mại Cổ phần Kỹ thương Việt Nam', 23600, '', '2025-01-15', 23750, 2200, 4048000, 96340, 23799.407114624504, 23900, 23650, 's', 156700, 156700, 0, 1590552461, 96340.2149999998, 40480, 23600, 23750, 340900, 23700, 322800, 23650, 233700, 23800, 500, 23850, 76100, 23900, 195000, '2025-01-15 06:42:03']]
[2025-01-15T06:42:07.786+0000] {python.py:240} INFO - Done. Returned value was: None
[2025-01-15T06:42:07.794+0000] {taskinstance.py:340} INFO - ::group::Post task execution logs
[2025-01-15T06:42:07.795+0000] {taskinstance.py:352} INFO - Marking task as SUCCESS. dag_id=stock_information, task_id=append_to_database, run_id=scheduled__2025-01-15T06:41:00+00:00, execution_date=20250115T064100, start_date=20250115T064207, end_date=20250115T064207
[2025-01-15T06:42:07.847+0000] {local_task_job_runner.py:266} INFO - Task exited with return code 0
[2025-01-15T06:42:07.865+0000] {taskinstance.py:3895} INFO - 0 downstream tasks scheduled from follow-on schedule check
[2025-01-15T06:42:07.870+0000] {local_task_job_runner.py:245} INFO - ::endgroup::
