[2024-11-28T15:10:52.262+0000] {processor.py:186} INFO - Started process (PID=182) to work on /opt/airflow/dags/kafka_stream.py
[2024-11-28T15:10:52.264+0000] {processor.py:914} INFO - Processing file /opt/airflow/dags/kafka_stream.py for tasks to queue
[2024-11-28T15:10:52.267+0000] {logging_mixin.py:190} INFO - [2024-11-28T15:10:52.267+0000] {dagbag.py:588} INFO - Filling up the DagBag from /opt/airflow/dags/kafka_stream.py
[2024-11-28T15:10:52.299+0000] {processor.py:925} INFO - DAG(s) 'user_automation' retrieved from /opt/airflow/dags/kafka_stream.py
[2024-11-28T15:10:52.333+0000] {logging_mixin.py:190} INFO - [2024-11-28T15:10:52.333+0000] {dag.py:3239} INFO - Sync 1 DAGs
[2024-11-28T15:10:52.349+0000] {logging_mixin.py:190} INFO - [2024-11-28T15:10:52.349+0000] {dag.py:4180} INFO - Setting next_dagrun for user_automation to None, run_after=None
[2024-11-28T15:10:52.373+0000] {processor.py:208} INFO - Processing /opt/airflow/dags/kafka_stream.py took 0.117 seconds
[2024-11-28T15:11:22.748+0000] {processor.py:186} INFO - Started process (PID=192) to work on /opt/airflow/dags/kafka_stream.py
[2024-11-28T15:11:22.750+0000] {processor.py:914} INFO - Processing file /opt/airflow/dags/kafka_stream.py for tasks to queue
[2024-11-28T15:11:22.759+0000] {logging_mixin.py:190} INFO - [2024-11-28T15:11:22.758+0000] {dagbag.py:588} INFO - Filling up the DagBag from /opt/airflow/dags/kafka_stream.py
[2024-11-28T15:11:22.824+0000] {processor.py:925} INFO - DAG(s) 'user_automation' retrieved from /opt/airflow/dags/kafka_stream.py
[2024-11-28T15:11:22.898+0000] {logging_mixin.py:190} INFO - [2024-11-28T15:11:22.898+0000] {dag.py:3239} INFO - Sync 1 DAGs
[2024-11-28T15:11:22.928+0000] {logging_mixin.py:190} INFO - [2024-11-28T15:11:22.928+0000] {dag.py:4180} INFO - Setting next_dagrun for user_automation to None, run_after=None
[2024-11-28T15:11:22.960+0000] {processor.py:208} INFO - Processing /opt/airflow/dags/kafka_stream.py took 0.268 seconds
[2024-11-28T15:11:55.662+0000] {processor.py:186} INFO - Started process (PID=202) to work on /opt/airflow/dags/kafka_stream.py
[2024-11-28T15:11:55.762+0000] {processor.py:914} INFO - Processing file /opt/airflow/dags/kafka_stream.py for tasks to queue
[2024-11-28T15:11:56.006+0000] {logging_mixin.py:190} INFO - [2024-11-28T15:11:55.965+0000] {dagbag.py:588} INFO - Filling up the DagBag from /opt/airflow/dags/kafka_stream.py
[2024-11-28T15:11:57.360+0000] {processor.py:925} INFO - DAG(s) 'user_automation' retrieved from /opt/airflow/dags/kafka_stream.py
[2024-11-28T15:11:58.412+0000] {logging_mixin.py:190} INFO - [2024-11-28T15:11:58.409+0000] {dag.py:3239} INFO - Sync 1 DAGs
[2024-11-28T15:11:58.621+0000] {logging_mixin.py:190} INFO - [2024-11-28T15:11:58.618+0000] {dag.py:4180} INFO - Setting next_dagrun for user_automation to None, run_after=None
[2024-11-28T15:11:58.760+0000] {processor.py:208} INFO - Processing /opt/airflow/dags/kafka_stream.py took 3.849 seconds
[2024-11-28T15:12:29.421+0000] {processor.py:186} INFO - Started process (PID=214) to work on /opt/airflow/dags/kafka_stream.py
[2024-11-28T15:12:29.422+0000] {processor.py:914} INFO - Processing file /opt/airflow/dags/kafka_stream.py for tasks to queue
[2024-11-28T15:12:29.424+0000] {logging_mixin.py:190} INFO - [2024-11-28T15:12:29.424+0000] {dagbag.py:588} INFO - Filling up the DagBag from /opt/airflow/dags/kafka_stream.py
[2024-11-28T15:12:29.451+0000] {processor.py:925} INFO - DAG(s) 'user_automation' retrieved from /opt/airflow/dags/kafka_stream.py
[2024-11-28T15:12:29.481+0000] {logging_mixin.py:190} INFO - [2024-11-28T15:12:29.481+0000] {dag.py:3239} INFO - Sync 1 DAGs
[2024-11-28T15:12:29.498+0000] {logging_mixin.py:190} INFO - [2024-11-28T15:12:29.498+0000] {dag.py:4180} INFO - Setting next_dagrun for user_automation to None, run_after=None
[2024-11-28T15:12:29.518+0000] {processor.py:208} INFO - Processing /opt/airflow/dags/kafka_stream.py took 0.105 seconds
[2024-11-28T15:12:59.897+0000] {processor.py:186} INFO - Started process (PID=224) to work on /opt/airflow/dags/kafka_stream.py
[2024-11-28T15:12:59.899+0000] {processor.py:914} INFO - Processing file /opt/airflow/dags/kafka_stream.py for tasks to queue
[2024-11-28T15:12:59.904+0000] {logging_mixin.py:190} INFO - [2024-11-28T15:12:59.904+0000] {dagbag.py:588} INFO - Filling up the DagBag from /opt/airflow/dags/kafka_stream.py
[2024-11-28T15:12:59.941+0000] {processor.py:925} INFO - DAG(s) 'user_automation' retrieved from /opt/airflow/dags/kafka_stream.py
[2024-11-28T15:12:59.975+0000] {logging_mixin.py:190} INFO - [2024-11-28T15:12:59.974+0000] {dag.py:3239} INFO - Sync 1 DAGs
[2024-11-28T15:12:59.995+0000] {logging_mixin.py:190} INFO - [2024-11-28T15:12:59.995+0000] {dag.py:4180} INFO - Setting next_dagrun for user_automation to None, run_after=None
[2024-11-28T15:13:00.025+0000] {processor.py:208} INFO - Processing /opt/airflow/dags/kafka_stream.py took 0.138 seconds
[2024-11-28T15:13:30.301+0000] {processor.py:186} INFO - Started process (PID=234) to work on /opt/airflow/dags/kafka_stream.py
[2024-11-28T15:13:30.304+0000] {processor.py:914} INFO - Processing file /opt/airflow/dags/kafka_stream.py for tasks to queue
[2024-11-28T15:13:30.306+0000] {logging_mixin.py:190} INFO - [2024-11-28T15:13:30.306+0000] {dagbag.py:588} INFO - Filling up the DagBag from /opt/airflow/dags/kafka_stream.py
[2024-11-28T15:13:30.323+0000] {processor.py:925} INFO - DAG(s) 'user_automation' retrieved from /opt/airflow/dags/kafka_stream.py
[2024-11-28T15:13:30.346+0000] {logging_mixin.py:190} INFO - [2024-11-28T15:13:30.346+0000] {dag.py:3239} INFO - Sync 1 DAGs
[2024-11-28T15:13:30.360+0000] {logging_mixin.py:190} INFO - [2024-11-28T15:13:30.360+0000] {dag.py:4180} INFO - Setting next_dagrun for user_automation to None, run_after=None
[2024-11-28T15:13:30.382+0000] {processor.py:208} INFO - Processing /opt/airflow/dags/kafka_stream.py took 0.086 seconds
[2024-11-28T15:14:00.761+0000] {processor.py:186} INFO - Started process (PID=249) to work on /opt/airflow/dags/kafka_stream.py
[2024-11-28T15:14:00.762+0000] {processor.py:914} INFO - Processing file /opt/airflow/dags/kafka_stream.py for tasks to queue
[2024-11-28T15:14:00.764+0000] {logging_mixin.py:190} INFO - [2024-11-28T15:14:00.763+0000] {dagbag.py:588} INFO - Filling up the DagBag from /opt/airflow/dags/kafka_stream.py
[2024-11-28T15:14:00.775+0000] {processor.py:925} INFO - DAG(s) 'user_automation' retrieved from /opt/airflow/dags/kafka_stream.py
[2024-11-28T15:14:00.793+0000] {logging_mixin.py:190} INFO - [2024-11-28T15:14:00.793+0000] {dag.py:3239} INFO - Sync 1 DAGs
[2024-11-28T15:14:00.805+0000] {logging_mixin.py:190} INFO - [2024-11-28T15:14:00.805+0000] {dag.py:4180} INFO - Setting next_dagrun for user_automation to None, run_after=None
[2024-11-28T15:14:00.835+0000] {processor.py:208} INFO - Processing /opt/airflow/dags/kafka_stream.py took 0.079 seconds
[2024-11-28T15:14:31.221+0000] {processor.py:186} INFO - Started process (PID=259) to work on /opt/airflow/dags/kafka_stream.py
[2024-11-28T15:14:31.222+0000] {processor.py:914} INFO - Processing file /opt/airflow/dags/kafka_stream.py for tasks to queue
[2024-11-28T15:14:31.224+0000] {logging_mixin.py:190} INFO - [2024-11-28T15:14:31.224+0000] {dagbag.py:588} INFO - Filling up the DagBag from /opt/airflow/dags/kafka_stream.py
[2024-11-28T15:14:31.237+0000] {processor.py:925} INFO - DAG(s) 'user_automation' retrieved from /opt/airflow/dags/kafka_stream.py
[2024-11-28T15:14:31.257+0000] {logging_mixin.py:190} INFO - [2024-11-28T15:14:31.257+0000] {dag.py:3239} INFO - Sync 1 DAGs
[2024-11-28T15:14:31.269+0000] {logging_mixin.py:190} INFO - [2024-11-28T15:14:31.269+0000] {dag.py:4180} INFO - Setting next_dagrun for user_automation to None, run_after=None
[2024-11-28T15:14:31.288+0000] {processor.py:208} INFO - Processing /opt/airflow/dags/kafka_stream.py took 0.071 seconds
[2024-11-28T15:15:01.597+0000] {processor.py:186} INFO - Started process (PID=269) to work on /opt/airflow/dags/kafka_stream.py
[2024-11-28T15:15:01.599+0000] {processor.py:914} INFO - Processing file /opt/airflow/dags/kafka_stream.py for tasks to queue
[2024-11-28T15:15:01.601+0000] {logging_mixin.py:190} INFO - [2024-11-28T15:15:01.601+0000] {dagbag.py:588} INFO - Filling up the DagBag from /opt/airflow/dags/kafka_stream.py
[2024-11-28T15:15:01.618+0000] {processor.py:925} INFO - DAG(s) 'user_automation' retrieved from /opt/airflow/dags/kafka_stream.py
[2024-11-28T15:15:01.649+0000] {logging_mixin.py:190} INFO - [2024-11-28T15:15:01.649+0000] {dag.py:3239} INFO - Sync 1 DAGs
[2024-11-28T15:15:01.662+0000] {logging_mixin.py:190} INFO - [2024-11-28T15:15:01.662+0000] {dag.py:4180} INFO - Setting next_dagrun for user_automation to None, run_after=None
[2024-11-28T15:15:01.684+0000] {processor.py:208} INFO - Processing /opt/airflow/dags/kafka_stream.py took 0.092 seconds
[2024-11-28T15:15:32.022+0000] {processor.py:186} INFO - Started process (PID=279) to work on /opt/airflow/dags/kafka_stream.py
[2024-11-28T15:15:32.023+0000] {processor.py:914} INFO - Processing file /opt/airflow/dags/kafka_stream.py for tasks to queue
[2024-11-28T15:15:32.025+0000] {logging_mixin.py:190} INFO - [2024-11-28T15:15:32.025+0000] {dagbag.py:588} INFO - Filling up the DagBag from /opt/airflow/dags/kafka_stream.py
[2024-11-28T15:15:32.038+0000] {processor.py:925} INFO - DAG(s) 'user_automation' retrieved from /opt/airflow/dags/kafka_stream.py
[2024-11-28T15:15:32.058+0000] {logging_mixin.py:190} INFO - [2024-11-28T15:15:32.058+0000] {dag.py:3239} INFO - Sync 1 DAGs
[2024-11-28T15:15:32.069+0000] {logging_mixin.py:190} INFO - [2024-11-28T15:15:32.069+0000] {dag.py:4180} INFO - Setting next_dagrun for user_automation to None, run_after=None
[2024-11-28T15:15:32.086+0000] {processor.py:208} INFO - Processing /opt/airflow/dags/kafka_stream.py took 0.068 seconds
[2024-11-28T15:16:02.605+0000] {processor.py:186} INFO - Started process (PID=289) to work on /opt/airflow/dags/kafka_stream.py
[2024-11-28T15:16:02.606+0000] {processor.py:914} INFO - Processing file /opt/airflow/dags/kafka_stream.py for tasks to queue
[2024-11-28T15:16:02.609+0000] {logging_mixin.py:190} INFO - [2024-11-28T15:16:02.609+0000] {dagbag.py:588} INFO - Filling up the DagBag from /opt/airflow/dags/kafka_stream.py
[2024-11-28T15:16:02.691+0000] {processor.py:925} INFO - DAG(s) 'user_automation' retrieved from /opt/airflow/dags/kafka_stream.py
[2024-11-28T15:16:02.718+0000] {logging_mixin.py:190} INFO - [2024-11-28T15:16:02.718+0000] {dag.py:3239} INFO - Sync 1 DAGs
[2024-11-28T15:16:02.730+0000] {logging_mixin.py:190} INFO - [2024-11-28T15:16:02.730+0000] {dag.py:4180} INFO - Setting next_dagrun for user_automation to None, run_after=None
[2024-11-28T15:16:02.751+0000] {processor.py:208} INFO - Processing /opt/airflow/dags/kafka_stream.py took 0.152 seconds
[2024-11-28T15:16:32.985+0000] {processor.py:186} INFO - Started process (PID=299) to work on /opt/airflow/dags/kafka_stream.py
[2024-11-28T15:16:32.986+0000] {processor.py:914} INFO - Processing file /opt/airflow/dags/kafka_stream.py for tasks to queue
[2024-11-28T15:16:32.988+0000] {logging_mixin.py:190} INFO - [2024-11-28T15:16:32.988+0000] {dagbag.py:588} INFO - Filling up the DagBag from /opt/airflow/dags/kafka_stream.py
[2024-11-28T15:16:33.001+0000] {processor.py:925} INFO - DAG(s) 'user_automation' retrieved from /opt/airflow/dags/kafka_stream.py
[2024-11-28T15:16:33.020+0000] {logging_mixin.py:190} INFO - [2024-11-28T15:16:33.019+0000] {dag.py:3239} INFO - Sync 1 DAGs
[2024-11-28T15:16:33.033+0000] {logging_mixin.py:190} INFO - [2024-11-28T15:16:33.033+0000] {dag.py:4180} INFO - Setting next_dagrun for user_automation to None, run_after=None
[2024-11-28T15:16:33.066+0000] {processor.py:208} INFO - Processing /opt/airflow/dags/kafka_stream.py took 0.086 seconds
[2024-11-28T15:17:03.374+0000] {processor.py:186} INFO - Started process (PID=309) to work on /opt/airflow/dags/kafka_stream.py
[2024-11-28T15:17:03.375+0000] {processor.py:914} INFO - Processing file /opt/airflow/dags/kafka_stream.py for tasks to queue
[2024-11-28T15:17:03.378+0000] {logging_mixin.py:190} INFO - [2024-11-28T15:17:03.377+0000] {dagbag.py:588} INFO - Filling up the DagBag from /opt/airflow/dags/kafka_stream.py
[2024-11-28T15:17:03.396+0000] {processor.py:925} INFO - DAG(s) 'user_automation' retrieved from /opt/airflow/dags/kafka_stream.py
[2024-11-28T15:17:03.418+0000] {logging_mixin.py:190} INFO - [2024-11-28T15:17:03.418+0000] {dag.py:3239} INFO - Sync 1 DAGs
[2024-11-28T15:17:03.429+0000] {logging_mixin.py:190} INFO - [2024-11-28T15:17:03.429+0000] {dag.py:4180} INFO - Setting next_dagrun for user_automation to None, run_after=None
[2024-11-28T15:17:03.447+0000] {processor.py:208} INFO - Processing /opt/airflow/dags/kafka_stream.py took 0.079 seconds
[2024-11-28T15:17:33.749+0000] {processor.py:186} INFO - Started process (PID=319) to work on /opt/airflow/dags/kafka_stream.py
[2024-11-28T15:17:33.750+0000] {processor.py:914} INFO - Processing file /opt/airflow/dags/kafka_stream.py for tasks to queue
[2024-11-28T15:17:33.752+0000] {logging_mixin.py:190} INFO - [2024-11-28T15:17:33.752+0000] {dagbag.py:588} INFO - Filling up the DagBag from /opt/airflow/dags/kafka_stream.py
[2024-11-28T15:17:33.764+0000] {processor.py:925} INFO - DAG(s) 'user_automation' retrieved from /opt/airflow/dags/kafka_stream.py
[2024-11-28T15:17:33.782+0000] {logging_mixin.py:190} INFO - [2024-11-28T15:17:33.782+0000] {dag.py:3239} INFO - Sync 1 DAGs
[2024-11-28T15:17:33.793+0000] {logging_mixin.py:190} INFO - [2024-11-28T15:17:33.793+0000] {dag.py:4180} INFO - Setting next_dagrun for user_automation to None, run_after=None
[2024-11-28T15:17:33.811+0000] {processor.py:208} INFO - Processing /opt/airflow/dags/kafka_stream.py took 0.066 seconds
[2024-11-28T15:18:04.142+0000] {processor.py:186} INFO - Started process (PID=329) to work on /opt/airflow/dags/kafka_stream.py
[2024-11-28T15:18:04.144+0000] {processor.py:914} INFO - Processing file /opt/airflow/dags/kafka_stream.py for tasks to queue
[2024-11-28T15:18:04.147+0000] {logging_mixin.py:190} INFO - [2024-11-28T15:18:04.147+0000] {dagbag.py:588} INFO - Filling up the DagBag from /opt/airflow/dags/kafka_stream.py
[2024-11-28T15:18:04.170+0000] {processor.py:925} INFO - DAG(s) 'user_automation' retrieved from /opt/airflow/dags/kafka_stream.py
[2024-11-28T15:18:04.196+0000] {logging_mixin.py:190} INFO - [2024-11-28T15:18:04.196+0000] {dag.py:3239} INFO - Sync 1 DAGs
[2024-11-28T15:18:04.209+0000] {logging_mixin.py:190} INFO - [2024-11-28T15:18:04.209+0000] {dag.py:4180} INFO - Setting next_dagrun for user_automation to None, run_after=None
[2024-11-28T15:18:04.239+0000] {processor.py:208} INFO - Processing /opt/airflow/dags/kafka_stream.py took 0.102 seconds
[2024-11-28T15:18:34.615+0000] {processor.py:186} INFO - Started process (PID=339) to work on /opt/airflow/dags/kafka_stream.py
[2024-11-28T15:18:34.619+0000] {processor.py:914} INFO - Processing file /opt/airflow/dags/kafka_stream.py for tasks to queue
[2024-11-28T15:18:34.623+0000] {logging_mixin.py:190} INFO - [2024-11-28T15:18:34.622+0000] {dagbag.py:588} INFO - Filling up the DagBag from /opt/airflow/dags/kafka_stream.py
[2024-11-28T15:18:34.658+0000] {processor.py:925} INFO - DAG(s) 'user_automation' retrieved from /opt/airflow/dags/kafka_stream.py
[2024-11-28T15:18:34.703+0000] {logging_mixin.py:190} INFO - [2024-11-28T15:18:34.703+0000] {dag.py:3239} INFO - Sync 1 DAGs
[2024-11-28T15:18:34.730+0000] {logging_mixin.py:190} INFO - [2024-11-28T15:18:34.729+0000] {dag.py:4180} INFO - Setting next_dagrun for user_automation to None, run_after=None
[2024-11-28T15:18:34.770+0000] {processor.py:208} INFO - Processing /opt/airflow/dags/kafka_stream.py took 0.186 seconds
[2024-11-28T15:52:50.958+0000] {processor.py:186} INFO - Started process (PID=182) to work on /opt/airflow/dags/kafka_stream.py
[2024-11-28T15:52:50.960+0000] {processor.py:914} INFO - Processing file /opt/airflow/dags/kafka_stream.py for tasks to queue
[2024-11-28T15:52:50.964+0000] {logging_mixin.py:190} INFO - [2024-11-28T15:52:50.964+0000] {dagbag.py:588} INFO - Filling up the DagBag from /opt/airflow/dags/kafka_stream.py
[2024-11-28T15:52:50.996+0000] {processor.py:925} INFO - DAG(s) 'user_automation' retrieved from /opt/airflow/dags/kafka_stream.py
[2024-11-28T15:52:51.036+0000] {logging_mixin.py:190} INFO - [2024-11-28T15:52:51.036+0000] {dag.py:3239} INFO - Sync 1 DAGs
[2024-11-28T15:52:51.052+0000] {logging_mixin.py:190} INFO - [2024-11-28T15:52:51.052+0000] {dag.py:4180} INFO - Setting next_dagrun for user_automation to None, run_after=None
[2024-11-28T15:52:51.070+0000] {processor.py:208} INFO - Processing /opt/airflow/dags/kafka_stream.py took 0.122 seconds
[2024-11-28T15:53:21.408+0000] {processor.py:186} INFO - Started process (PID=192) to work on /opt/airflow/dags/kafka_stream.py
[2024-11-28T15:53:21.412+0000] {processor.py:914} INFO - Processing file /opt/airflow/dags/kafka_stream.py for tasks to queue
[2024-11-28T15:53:21.422+0000] {logging_mixin.py:190} INFO - [2024-11-28T15:53:21.421+0000] {dagbag.py:588} INFO - Filling up the DagBag from /opt/airflow/dags/kafka_stream.py
[2024-11-28T15:53:21.495+0000] {processor.py:925} INFO - DAG(s) 'user_automation' retrieved from /opt/airflow/dags/kafka_stream.py
[2024-11-28T15:53:21.540+0000] {logging_mixin.py:190} INFO - [2024-11-28T15:53:21.539+0000] {dag.py:3239} INFO - Sync 1 DAGs
[2024-11-28T15:53:21.564+0000] {logging_mixin.py:190} INFO - [2024-11-28T15:53:21.563+0000] {dag.py:4180} INFO - Setting next_dagrun for user_automation to None, run_after=None
[2024-11-28T15:53:21.591+0000] {processor.py:208} INFO - Processing /opt/airflow/dags/kafka_stream.py took 0.195 seconds
[2024-11-28T15:53:51.850+0000] {processor.py:186} INFO - Started process (PID=202) to work on /opt/airflow/dags/kafka_stream.py
[2024-11-28T15:53:51.857+0000] {processor.py:914} INFO - Processing file /opt/airflow/dags/kafka_stream.py for tasks to queue
[2024-11-28T15:53:51.859+0000] {logging_mixin.py:190} INFO - [2024-11-28T15:53:51.859+0000] {dagbag.py:588} INFO - Filling up the DagBag from /opt/airflow/dags/kafka_stream.py
[2024-11-28T15:53:51.882+0000] {processor.py:925} INFO - DAG(s) 'user_automation' retrieved from /opt/airflow/dags/kafka_stream.py
[2024-11-28T15:53:51.906+0000] {logging_mixin.py:190} INFO - [2024-11-28T15:53:51.906+0000] {dag.py:3239} INFO - Sync 1 DAGs
[2024-11-28T15:53:51.919+0000] {logging_mixin.py:190} INFO - [2024-11-28T15:53:51.919+0000] {dag.py:4180} INFO - Setting next_dagrun for user_automation to None, run_after=None
[2024-11-28T15:53:51.944+0000] {processor.py:208} INFO - Processing /opt/airflow/dags/kafka_stream.py took 0.098 seconds
[2024-11-28T15:54:22.306+0000] {processor.py:186} INFO - Started process (PID=212) to work on /opt/airflow/dags/kafka_stream.py
[2024-11-28T15:54:22.307+0000] {processor.py:914} INFO - Processing file /opt/airflow/dags/kafka_stream.py for tasks to queue
[2024-11-28T15:54:22.309+0000] {logging_mixin.py:190} INFO - [2024-11-28T15:54:22.309+0000] {dagbag.py:588} INFO - Filling up the DagBag from /opt/airflow/dags/kafka_stream.py
[2024-11-28T15:54:22.328+0000] {processor.py:925} INFO - DAG(s) 'user_automation' retrieved from /opt/airflow/dags/kafka_stream.py
[2024-11-28T15:54:22.358+0000] {logging_mixin.py:190} INFO - [2024-11-28T15:54:22.357+0000] {dag.py:3239} INFO - Sync 1 DAGs
[2024-11-28T15:54:22.373+0000] {logging_mixin.py:190} INFO - [2024-11-28T15:54:22.373+0000] {dag.py:4180} INFO - Setting next_dagrun for user_automation to None, run_after=None
[2024-11-28T15:54:22.391+0000] {processor.py:208} INFO - Processing /opt/airflow/dags/kafka_stream.py took 0.090 seconds
[2024-11-28T15:54:52.768+0000] {processor.py:186} INFO - Started process (PID=222) to work on /opt/airflow/dags/kafka_stream.py
[2024-11-28T15:54:52.769+0000] {processor.py:914} INFO - Processing file /opt/airflow/dags/kafka_stream.py for tasks to queue
[2024-11-28T15:54:52.770+0000] {logging_mixin.py:190} INFO - [2024-11-28T15:54:52.770+0000] {dagbag.py:588} INFO - Filling up the DagBag from /opt/airflow/dags/kafka_stream.py
[2024-11-28T15:54:52.787+0000] {processor.py:925} INFO - DAG(s) 'user_automation' retrieved from /opt/airflow/dags/kafka_stream.py
[2024-11-28T15:54:52.808+0000] {logging_mixin.py:190} INFO - [2024-11-28T15:54:52.808+0000] {dag.py:3239} INFO - Sync 1 DAGs
[2024-11-28T15:54:52.821+0000] {logging_mixin.py:190} INFO - [2024-11-28T15:54:52.820+0000] {dag.py:4180} INFO - Setting next_dagrun for user_automation to None, run_after=None
[2024-11-28T15:54:52.839+0000] {processor.py:208} INFO - Processing /opt/airflow/dags/kafka_stream.py took 0.076 seconds
[2024-11-28T15:55:23.194+0000] {processor.py:186} INFO - Started process (PID=232) to work on /opt/airflow/dags/kafka_stream.py
[2024-11-28T15:55:23.195+0000] {processor.py:914} INFO - Processing file /opt/airflow/dags/kafka_stream.py for tasks to queue
[2024-11-28T15:55:23.197+0000] {logging_mixin.py:190} INFO - [2024-11-28T15:55:23.197+0000] {dagbag.py:588} INFO - Filling up the DagBag from /opt/airflow/dags/kafka_stream.py
[2024-11-28T15:55:23.228+0000] {processor.py:925} INFO - DAG(s) 'user_automation' retrieved from /opt/airflow/dags/kafka_stream.py
[2024-11-28T15:55:23.256+0000] {logging_mixin.py:190} INFO - [2024-11-28T15:55:23.256+0000] {dag.py:3239} INFO - Sync 1 DAGs
[2024-11-28T15:55:23.268+0000] {logging_mixin.py:190} INFO - [2024-11-28T15:55:23.268+0000] {dag.py:4180} INFO - Setting next_dagrun for user_automation to None, run_after=None
[2024-11-28T15:55:23.288+0000] {processor.py:208} INFO - Processing /opt/airflow/dags/kafka_stream.py took 0.101 seconds
[2024-11-28T16:16:18.748+0000] {processor.py:186} INFO - Started process (PID=182) to work on /opt/airflow/dags/kafka_stream.py
[2024-11-28T16:16:18.750+0000] {processor.py:914} INFO - Processing file /opt/airflow/dags/kafka_stream.py for tasks to queue
[2024-11-28T16:16:18.752+0000] {logging_mixin.py:190} INFO - [2024-11-28T16:16:18.751+0000] {dagbag.py:588} INFO - Filling up the DagBag from /opt/airflow/dags/kafka_stream.py
[2024-11-28T16:16:18.781+0000] {processor.py:925} INFO - DAG(s) 'user_automation' retrieved from /opt/airflow/dags/kafka_stream.py
[2024-11-28T16:16:18.820+0000] {logging_mixin.py:190} INFO - [2024-11-28T16:16:18.819+0000] {dag.py:3239} INFO - Sync 1 DAGs
[2024-11-28T16:16:18.844+0000] {logging_mixin.py:190} INFO - [2024-11-28T16:16:18.844+0000] {dag.py:4180} INFO - Setting next_dagrun for user_automation to None, run_after=None
[2024-11-28T16:16:18.874+0000] {processor.py:208} INFO - Processing /opt/airflow/dags/kafka_stream.py took 0.132 seconds
[2024-11-28T16:16:49.210+0000] {processor.py:186} INFO - Started process (PID=192) to work on /opt/airflow/dags/kafka_stream.py
[2024-11-28T16:16:49.211+0000] {processor.py:914} INFO - Processing file /opt/airflow/dags/kafka_stream.py for tasks to queue
[2024-11-28T16:16:49.212+0000] {logging_mixin.py:190} INFO - [2024-11-28T16:16:49.212+0000] {dagbag.py:588} INFO - Filling up the DagBag from /opt/airflow/dags/kafka_stream.py
[2024-11-28T16:16:49.228+0000] {processor.py:925} INFO - DAG(s) 'user_automation' retrieved from /opt/airflow/dags/kafka_stream.py
[2024-11-28T16:16:49.256+0000] {logging_mixin.py:190} INFO - [2024-11-28T16:16:49.256+0000] {dag.py:3239} INFO - Sync 1 DAGs
[2024-11-28T16:16:49.271+0000] {logging_mixin.py:190} INFO - [2024-11-28T16:16:49.270+0000] {dag.py:4180} INFO - Setting next_dagrun for user_automation to None, run_after=None
[2024-11-28T16:16:49.292+0000] {processor.py:208} INFO - Processing /opt/airflow/dags/kafka_stream.py took 0.087 seconds
[2024-11-28T16:17:19.670+0000] {processor.py:186} INFO - Started process (PID=202) to work on /opt/airflow/dags/kafka_stream.py
[2024-11-28T16:17:19.672+0000] {processor.py:914} INFO - Processing file /opt/airflow/dags/kafka_stream.py for tasks to queue
[2024-11-28T16:17:19.677+0000] {logging_mixin.py:190} INFO - [2024-11-28T16:17:19.676+0000] {dagbag.py:588} INFO - Filling up the DagBag from /opt/airflow/dags/kafka_stream.py
[2024-11-28T16:17:19.703+0000] {processor.py:925} INFO - DAG(s) 'user_automation' retrieved from /opt/airflow/dags/kafka_stream.py
[2024-11-28T16:17:19.737+0000] {logging_mixin.py:190} INFO - [2024-11-28T16:17:19.737+0000] {dag.py:3239} INFO - Sync 1 DAGs
[2024-11-28T16:17:19.754+0000] {logging_mixin.py:190} INFO - [2024-11-28T16:17:19.754+0000] {dag.py:4180} INFO - Setting next_dagrun for user_automation to None, run_after=None
[2024-11-28T16:17:19.783+0000] {processor.py:208} INFO - Processing /opt/airflow/dags/kafka_stream.py took 0.119 seconds
[2024-11-28T16:17:50.164+0000] {processor.py:186} INFO - Started process (PID=212) to work on /opt/airflow/dags/kafka_stream.py
[2024-11-28T16:17:50.165+0000] {processor.py:914} INFO - Processing file /opt/airflow/dags/kafka_stream.py for tasks to queue
[2024-11-28T16:17:50.171+0000] {logging_mixin.py:190} INFO - [2024-11-28T16:17:50.170+0000] {dagbag.py:588} INFO - Filling up the DagBag from /opt/airflow/dags/kafka_stream.py
[2024-11-28T16:17:50.206+0000] {processor.py:925} INFO - DAG(s) 'user_automation' retrieved from /opt/airflow/dags/kafka_stream.py
[2024-11-28T16:17:50.236+0000] {logging_mixin.py:190} INFO - [2024-11-28T16:17:50.236+0000] {dag.py:3239} INFO - Sync 1 DAGs
[2024-11-28T16:17:50.254+0000] {logging_mixin.py:190} INFO - [2024-11-28T16:17:50.254+0000] {dag.py:4180} INFO - Setting next_dagrun for user_automation to None, run_after=None
[2024-11-28T16:17:50.280+0000] {processor.py:208} INFO - Processing /opt/airflow/dags/kafka_stream.py took 0.121 seconds
[2024-11-28T16:18:20.634+0000] {processor.py:186} INFO - Started process (PID=222) to work on /opt/airflow/dags/kafka_stream.py
[2024-11-28T16:18:20.635+0000] {processor.py:914} INFO - Processing file /opt/airflow/dags/kafka_stream.py for tasks to queue
[2024-11-28T16:18:20.637+0000] {logging_mixin.py:190} INFO - [2024-11-28T16:18:20.637+0000] {dagbag.py:588} INFO - Filling up the DagBag from /opt/airflow/dags/kafka_stream.py
[2024-11-28T16:18:20.655+0000] {processor.py:925} INFO - DAG(s) 'user_automation' retrieved from /opt/airflow/dags/kafka_stream.py
[2024-11-28T16:18:20.683+0000] {logging_mixin.py:190} INFO - [2024-11-28T16:18:20.682+0000] {dag.py:3239} INFO - Sync 1 DAGs
[2024-11-28T16:18:20.695+0000] {logging_mixin.py:190} INFO - [2024-11-28T16:18:20.695+0000] {dag.py:4180} INFO - Setting next_dagrun for user_automation to None, run_after=None
[2024-11-28T16:18:20.717+0000] {processor.py:208} INFO - Processing /opt/airflow/dags/kafka_stream.py took 0.088 seconds
[2024-11-28T16:18:51.074+0000] {processor.py:186} INFO - Started process (PID=232) to work on /opt/airflow/dags/kafka_stream.py
[2024-11-28T16:18:51.075+0000] {processor.py:914} INFO - Processing file /opt/airflow/dags/kafka_stream.py for tasks to queue
[2024-11-28T16:18:51.077+0000] {logging_mixin.py:190} INFO - [2024-11-28T16:18:51.076+0000] {dagbag.py:588} INFO - Filling up the DagBag from /opt/airflow/dags/kafka_stream.py
[2024-11-28T16:18:51.095+0000] {processor.py:925} INFO - DAG(s) 'user_automation' retrieved from /opt/airflow/dags/kafka_stream.py
[2024-11-28T16:18:51.123+0000] {logging_mixin.py:190} INFO - [2024-11-28T16:18:51.122+0000] {dag.py:3239} INFO - Sync 1 DAGs
[2024-11-28T16:18:51.136+0000] {logging_mixin.py:190} INFO - [2024-11-28T16:18:51.136+0000] {dag.py:4180} INFO - Setting next_dagrun for user_automation to None, run_after=None
[2024-11-28T16:18:51.159+0000] {processor.py:208} INFO - Processing /opt/airflow/dags/kafka_stream.py took 0.090 seconds
[2024-11-28T16:19:21.507+0000] {processor.py:186} INFO - Started process (PID=242) to work on /opt/airflow/dags/kafka_stream.py
[2024-11-28T16:19:21.508+0000] {processor.py:914} INFO - Processing file /opt/airflow/dags/kafka_stream.py for tasks to queue
[2024-11-28T16:19:21.510+0000] {logging_mixin.py:190} INFO - [2024-11-28T16:19:21.510+0000] {dagbag.py:588} INFO - Filling up the DagBag from /opt/airflow/dags/kafka_stream.py
[2024-11-28T16:19:21.524+0000] {processor.py:925} INFO - DAG(s) 'user_automation' retrieved from /opt/airflow/dags/kafka_stream.py
[2024-11-28T16:19:21.542+0000] {logging_mixin.py:190} INFO - [2024-11-28T16:19:21.542+0000] {dag.py:3239} INFO - Sync 1 DAGs
[2024-11-28T16:19:21.552+0000] {logging_mixin.py:190} INFO - [2024-11-28T16:19:21.552+0000] {dag.py:4180} INFO - Setting next_dagrun for user_automation to None, run_after=None
[2024-11-28T16:19:21.571+0000] {processor.py:208} INFO - Processing /opt/airflow/dags/kafka_stream.py took 0.069 seconds
[2024-11-28T16:19:51.942+0000] {processor.py:186} INFO - Started process (PID=252) to work on /opt/airflow/dags/kafka_stream.py
[2024-11-28T16:19:51.943+0000] {processor.py:914} INFO - Processing file /opt/airflow/dags/kafka_stream.py for tasks to queue
[2024-11-28T16:19:51.947+0000] {logging_mixin.py:190} INFO - [2024-11-28T16:19:51.946+0000] {dagbag.py:588} INFO - Filling up the DagBag from /opt/airflow/dags/kafka_stream.py
[2024-11-28T16:19:51.969+0000] {processor.py:925} INFO - DAG(s) 'user_automation' retrieved from /opt/airflow/dags/kafka_stream.py
[2024-11-28T16:19:52.005+0000] {logging_mixin.py:190} INFO - [2024-11-28T16:19:52.004+0000] {dag.py:3239} INFO - Sync 1 DAGs
[2024-11-28T16:19:52.024+0000] {logging_mixin.py:190} INFO - [2024-11-28T16:19:52.024+0000] {dag.py:4180} INFO - Setting next_dagrun for user_automation to None, run_after=None
[2024-11-28T16:19:52.062+0000] {processor.py:208} INFO - Processing /opt/airflow/dags/kafka_stream.py took 0.125 seconds
[2024-11-28T16:20:22.444+0000] {processor.py:186} INFO - Started process (PID=262) to work on /opt/airflow/dags/kafka_stream.py
[2024-11-28T16:20:22.445+0000] {processor.py:914} INFO - Processing file /opt/airflow/dags/kafka_stream.py for tasks to queue
[2024-11-28T16:20:22.447+0000] {logging_mixin.py:190} INFO - [2024-11-28T16:20:22.447+0000] {dagbag.py:588} INFO - Filling up the DagBag from /opt/airflow/dags/kafka_stream.py
[2024-11-28T16:20:22.468+0000] {processor.py:925} INFO - DAG(s) 'user_automation' retrieved from /opt/airflow/dags/kafka_stream.py
[2024-11-28T16:20:22.497+0000] {logging_mixin.py:190} INFO - [2024-11-28T16:20:22.497+0000] {dag.py:3239} INFO - Sync 1 DAGs
[2024-11-28T16:20:22.510+0000] {logging_mixin.py:190} INFO - [2024-11-28T16:20:22.510+0000] {dag.py:4180} INFO - Setting next_dagrun for user_automation to None, run_after=None
[2024-11-28T16:20:22.528+0000] {processor.py:208} INFO - Processing /opt/airflow/dags/kafka_stream.py took 0.090 seconds
[2024-11-28T16:20:52.970+0000] {processor.py:186} INFO - Started process (PID=279) to work on /opt/airflow/dags/kafka_stream.py
[2024-11-28T16:20:52.971+0000] {processor.py:914} INFO - Processing file /opt/airflow/dags/kafka_stream.py for tasks to queue
[2024-11-28T16:20:52.973+0000] {logging_mixin.py:190} INFO - [2024-11-28T16:20:52.973+0000] {dagbag.py:588} INFO - Filling up the DagBag from /opt/airflow/dags/kafka_stream.py
[2024-11-28T16:20:52.999+0000] {processor.py:925} INFO - DAG(s) 'user_automation' retrieved from /opt/airflow/dags/kafka_stream.py
[2024-11-28T16:20:53.021+0000] {logging_mixin.py:190} INFO - [2024-11-28T16:20:53.021+0000] {dag.py:3239} INFO - Sync 1 DAGs
[2024-11-28T16:20:53.034+0000] {logging_mixin.py:190} INFO - [2024-11-28T16:20:53.034+0000] {dag.py:4180} INFO - Setting next_dagrun for user_automation to None, run_after=None
[2024-11-28T16:20:53.063+0000] {processor.py:208} INFO - Processing /opt/airflow/dags/kafka_stream.py took 0.097 seconds
[2024-11-28T16:21:23.675+0000] {processor.py:186} INFO - Started process (PID=297) to work on /opt/airflow/dags/kafka_stream.py
[2024-11-28T16:21:23.677+0000] {processor.py:914} INFO - Processing file /opt/airflow/dags/kafka_stream.py for tasks to queue
[2024-11-28T16:21:23.680+0000] {logging_mixin.py:190} INFO - [2024-11-28T16:21:23.680+0000] {dagbag.py:588} INFO - Filling up the DagBag from /opt/airflow/dags/kafka_stream.py
[2024-11-28T16:21:23.703+0000] {processor.py:925} INFO - DAG(s) 'user_automation' retrieved from /opt/airflow/dags/kafka_stream.py
[2024-11-28T16:21:23.733+0000] {logging_mixin.py:190} INFO - [2024-11-28T16:21:23.733+0000] {dag.py:3239} INFO - Sync 1 DAGs
[2024-11-28T16:21:23.751+0000] {logging_mixin.py:190} INFO - [2024-11-28T16:21:23.750+0000] {dag.py:4180} INFO - Setting next_dagrun for user_automation to None, run_after=None
[2024-11-28T16:21:23.779+0000] {processor.py:208} INFO - Processing /opt/airflow/dags/kafka_stream.py took 0.112 seconds
[2024-11-28T16:21:54.052+0000] {processor.py:186} INFO - Started process (PID=307) to work on /opt/airflow/dags/kafka_stream.py
[2024-11-28T16:21:54.052+0000] {processor.py:914} INFO - Processing file /opt/airflow/dags/kafka_stream.py for tasks to queue
[2024-11-28T16:21:54.056+0000] {logging_mixin.py:190} INFO - [2024-11-28T16:21:54.055+0000] {dagbag.py:588} INFO - Filling up the DagBag from /opt/airflow/dags/kafka_stream.py
[2024-11-28T16:21:54.077+0000] {processor.py:925} INFO - DAG(s) 'user_automation' retrieved from /opt/airflow/dags/kafka_stream.py
[2024-11-28T16:21:54.105+0000] {logging_mixin.py:190} INFO - [2024-11-28T16:21:54.105+0000] {dag.py:3239} INFO - Sync 1 DAGs
[2024-11-28T16:21:54.123+0000] {logging_mixin.py:190} INFO - [2024-11-28T16:21:54.123+0000] {dag.py:4180} INFO - Setting next_dagrun for user_automation to None, run_after=None
[2024-11-28T16:21:54.147+0000] {processor.py:208} INFO - Processing /opt/airflow/dags/kafka_stream.py took 0.103 seconds
[2024-11-28T16:22:24.543+0000] {processor.py:186} INFO - Started process (PID=322) to work on /opt/airflow/dags/kafka_stream.py
[2024-11-28T16:22:24.544+0000] {processor.py:914} INFO - Processing file /opt/airflow/dags/kafka_stream.py for tasks to queue
[2024-11-28T16:22:24.546+0000] {logging_mixin.py:190} INFO - [2024-11-28T16:22:24.546+0000] {dagbag.py:588} INFO - Filling up the DagBag from /opt/airflow/dags/kafka_stream.py
[2024-11-28T16:22:24.564+0000] {processor.py:925} INFO - DAG(s) 'user_automation' retrieved from /opt/airflow/dags/kafka_stream.py
[2024-11-28T16:22:24.589+0000] {logging_mixin.py:190} INFO - [2024-11-28T16:22:24.589+0000] {dag.py:3239} INFO - Sync 1 DAGs
[2024-11-28T16:22:24.604+0000] {logging_mixin.py:190} INFO - [2024-11-28T16:22:24.604+0000] {dag.py:4180} INFO - Setting next_dagrun for user_automation to None, run_after=None
[2024-11-28T16:22:24.623+0000] {processor.py:208} INFO - Processing /opt/airflow/dags/kafka_stream.py took 0.086 seconds
[2024-11-28T16:22:55.151+0000] {processor.py:186} INFO - Started process (PID=337) to work on /opt/airflow/dags/kafka_stream.py
[2024-11-28T16:22:55.154+0000] {processor.py:914} INFO - Processing file /opt/airflow/dags/kafka_stream.py for tasks to queue
[2024-11-28T16:22:55.159+0000] {logging_mixin.py:190} INFO - [2024-11-28T16:22:55.158+0000] {dagbag.py:588} INFO - Filling up the DagBag from /opt/airflow/dags/kafka_stream.py
[2024-11-28T16:22:55.194+0000] {processor.py:925} INFO - DAG(s) 'user_automation' retrieved from /opt/airflow/dags/kafka_stream.py
[2024-11-28T16:22:55.244+0000] {logging_mixin.py:190} INFO - [2024-11-28T16:22:55.244+0000] {dag.py:3239} INFO - Sync 1 DAGs
[2024-11-28T16:22:55.265+0000] {logging_mixin.py:190} INFO - [2024-11-28T16:22:55.265+0000] {dag.py:4180} INFO - Setting next_dagrun for user_automation to None, run_after=None
[2024-11-28T16:22:55.300+0000] {processor.py:208} INFO - Processing /opt/airflow/dags/kafka_stream.py took 0.158 seconds
[2024-11-28T16:23:25.637+0000] {processor.py:186} INFO - Started process (PID=350) to work on /opt/airflow/dags/kafka_stream.py
[2024-11-28T16:23:25.638+0000] {processor.py:914} INFO - Processing file /opt/airflow/dags/kafka_stream.py for tasks to queue
[2024-11-28T16:23:25.640+0000] {logging_mixin.py:190} INFO - [2024-11-28T16:23:25.639+0000] {dagbag.py:588} INFO - Filling up the DagBag from /opt/airflow/dags/kafka_stream.py
[2024-11-28T16:23:25.661+0000] {processor.py:925} INFO - DAG(s) 'user_automation' retrieved from /opt/airflow/dags/kafka_stream.py
[2024-11-28T16:23:25.691+0000] {logging_mixin.py:190} INFO - [2024-11-28T16:23:25.691+0000] {dag.py:3239} INFO - Sync 1 DAGs
[2024-11-28T16:23:25.706+0000] {logging_mixin.py:190} INFO - [2024-11-28T16:23:25.706+0000] {dag.py:4180} INFO - Setting next_dagrun for user_automation to None, run_after=None
[2024-11-28T16:23:25.729+0000] {processor.py:208} INFO - Processing /opt/airflow/dags/kafka_stream.py took 0.100 seconds
[2024-11-28T16:23:56.034+0000] {processor.py:186} INFO - Started process (PID=360) to work on /opt/airflow/dags/kafka_stream.py
[2024-11-28T16:23:56.035+0000] {processor.py:914} INFO - Processing file /opt/airflow/dags/kafka_stream.py for tasks to queue
[2024-11-28T16:23:56.038+0000] {logging_mixin.py:190} INFO - [2024-11-28T16:23:56.037+0000] {dagbag.py:588} INFO - Filling up the DagBag from /opt/airflow/dags/kafka_stream.py
[2024-11-28T16:23:56.057+0000] {processor.py:925} INFO - DAG(s) 'user_automation' retrieved from /opt/airflow/dags/kafka_stream.py
[2024-11-28T16:23:56.087+0000] {logging_mixin.py:190} INFO - [2024-11-28T16:23:56.087+0000] {dag.py:3239} INFO - Sync 1 DAGs
[2024-11-28T16:23:56.106+0000] {logging_mixin.py:190} INFO - [2024-11-28T16:23:56.105+0000] {dag.py:4180} INFO - Setting next_dagrun for user_automation to None, run_after=None
[2024-11-28T16:23:56.129+0000] {processor.py:208} INFO - Processing /opt/airflow/dags/kafka_stream.py took 0.102 seconds
[2024-11-28T16:24:26.741+0000] {processor.py:186} INFO - Started process (PID=370) to work on /opt/airflow/dags/kafka_stream.py
[2024-11-28T16:24:26.742+0000] {processor.py:914} INFO - Processing file /opt/airflow/dags/kafka_stream.py for tasks to queue
[2024-11-28T16:24:26.744+0000] {logging_mixin.py:190} INFO - [2024-11-28T16:24:26.743+0000] {dagbag.py:588} INFO - Filling up the DagBag from /opt/airflow/dags/kafka_stream.py
[2024-11-28T16:24:26.767+0000] {processor.py:925} INFO - DAG(s) 'user_automation' retrieved from /opt/airflow/dags/kafka_stream.py
[2024-11-28T16:24:26.794+0000] {logging_mixin.py:190} INFO - [2024-11-28T16:24:26.793+0000] {dag.py:3239} INFO - Sync 1 DAGs
[2024-11-28T16:24:26.807+0000] {logging_mixin.py:190} INFO - [2024-11-28T16:24:26.807+0000] {dag.py:4180} INFO - Setting next_dagrun for user_automation to None, run_after=None
[2024-11-28T16:24:26.830+0000] {processor.py:208} INFO - Processing /opt/airflow/dags/kafka_stream.py took 0.094 seconds
[2024-11-28T16:24:57.368+0000] {processor.py:186} INFO - Started process (PID=380) to work on /opt/airflow/dags/kafka_stream.py
[2024-11-28T16:24:57.369+0000] {processor.py:914} INFO - Processing file /opt/airflow/dags/kafka_stream.py for tasks to queue
[2024-11-28T16:24:57.372+0000] {logging_mixin.py:190} INFO - [2024-11-28T16:24:57.372+0000] {dagbag.py:588} INFO - Filling up the DagBag from /opt/airflow/dags/kafka_stream.py
[2024-11-28T16:24:57.385+0000] {processor.py:925} INFO - DAG(s) 'user_automation' retrieved from /opt/airflow/dags/kafka_stream.py
[2024-11-28T16:24:57.405+0000] {logging_mixin.py:190} INFO - [2024-11-28T16:24:57.405+0000] {dag.py:3239} INFO - Sync 1 DAGs
[2024-11-28T16:24:57.416+0000] {logging_mixin.py:190} INFO - [2024-11-28T16:24:57.416+0000] {dag.py:4180} INFO - Setting next_dagrun for user_automation to None, run_after=None
[2024-11-28T16:24:57.432+0000] {processor.py:208} INFO - Processing /opt/airflow/dags/kafka_stream.py took 0.069 seconds
[2024-11-28T16:25:27.906+0000] {processor.py:186} INFO - Started process (PID=390) to work on /opt/airflow/dags/kafka_stream.py
[2024-11-28T16:25:27.906+0000] {processor.py:914} INFO - Processing file /opt/airflow/dags/kafka_stream.py for tasks to queue
[2024-11-28T16:25:27.908+0000] {logging_mixin.py:190} INFO - [2024-11-28T16:25:27.908+0000] {dagbag.py:588} INFO - Filling up the DagBag from /opt/airflow/dags/kafka_stream.py
[2024-11-28T16:25:27.922+0000] {processor.py:925} INFO - DAG(s) 'user_automation' retrieved from /opt/airflow/dags/kafka_stream.py
[2024-11-28T16:25:27.943+0000] {logging_mixin.py:190} INFO - [2024-11-28T16:25:27.943+0000] {dag.py:3239} INFO - Sync 1 DAGs
[2024-11-28T16:25:27.954+0000] {logging_mixin.py:190} INFO - [2024-11-28T16:25:27.954+0000] {dag.py:4180} INFO - Setting next_dagrun for user_automation to None, run_after=None
[2024-11-28T16:25:27.972+0000] {processor.py:208} INFO - Processing /opt/airflow/dags/kafka_stream.py took 0.071 seconds
[2024-11-28T16:25:58.494+0000] {processor.py:186} INFO - Started process (PID=400) to work on /opt/airflow/dags/kafka_stream.py
[2024-11-28T16:25:58.495+0000] {processor.py:914} INFO - Processing file /opt/airflow/dags/kafka_stream.py for tasks to queue
[2024-11-28T16:25:58.497+0000] {logging_mixin.py:190} INFO - [2024-11-28T16:25:58.497+0000] {dagbag.py:588} INFO - Filling up the DagBag from /opt/airflow/dags/kafka_stream.py
[2024-11-28T16:25:58.510+0000] {processor.py:925} INFO - DAG(s) 'user_automation' retrieved from /opt/airflow/dags/kafka_stream.py
[2024-11-28T16:25:58.539+0000] {logging_mixin.py:190} INFO - [2024-11-28T16:25:58.539+0000] {dag.py:3239} INFO - Sync 1 DAGs
[2024-11-28T16:25:58.558+0000] {logging_mixin.py:190} INFO - [2024-11-28T16:25:58.558+0000] {dag.py:4180} INFO - Setting next_dagrun for user_automation to None, run_after=None
[2024-11-28T16:25:58.586+0000] {processor.py:208} INFO - Processing /opt/airflow/dags/kafka_stream.py took 0.097 seconds
[2024-11-28T16:26:29.107+0000] {processor.py:186} INFO - Started process (PID=415) to work on /opt/airflow/dags/kafka_stream.py
[2024-11-28T16:26:29.110+0000] {processor.py:914} INFO - Processing file /opt/airflow/dags/kafka_stream.py for tasks to queue
[2024-11-28T16:26:29.112+0000] {logging_mixin.py:190} INFO - [2024-11-28T16:26:29.112+0000] {dagbag.py:588} INFO - Filling up the DagBag from /opt/airflow/dags/kafka_stream.py
[2024-11-28T16:26:29.135+0000] {processor.py:925} INFO - DAG(s) 'user_automation' retrieved from /opt/airflow/dags/kafka_stream.py
[2024-11-28T16:26:29.170+0000] {logging_mixin.py:190} INFO - [2024-11-28T16:26:29.170+0000] {dag.py:3239} INFO - Sync 1 DAGs
[2024-11-28T16:26:29.187+0000] {logging_mixin.py:190} INFO - [2024-11-28T16:26:29.187+0000] {dag.py:4180} INFO - Setting next_dagrun for user_automation to None, run_after=None
[2024-11-28T16:26:29.213+0000] {processor.py:208} INFO - Processing /opt/airflow/dags/kafka_stream.py took 0.115 seconds
[2024-11-28T16:26:59.565+0000] {processor.py:186} INFO - Started process (PID=425) to work on /opt/airflow/dags/kafka_stream.py
[2024-11-28T16:26:59.566+0000] {processor.py:914} INFO - Processing file /opt/airflow/dags/kafka_stream.py for tasks to queue
[2024-11-28T16:26:59.568+0000] {logging_mixin.py:190} INFO - [2024-11-28T16:26:59.568+0000] {dagbag.py:588} INFO - Filling up the DagBag from /opt/airflow/dags/kafka_stream.py
[2024-11-28T16:26:59.581+0000] {processor.py:925} INFO - DAG(s) 'user_automation' retrieved from /opt/airflow/dags/kafka_stream.py
[2024-11-28T16:26:59.604+0000] {logging_mixin.py:190} INFO - [2024-11-28T16:26:59.604+0000] {dag.py:3239} INFO - Sync 1 DAGs
[2024-11-28T16:26:59.616+0000] {logging_mixin.py:190} INFO - [2024-11-28T16:26:59.616+0000] {dag.py:4180} INFO - Setting next_dagrun for user_automation to None, run_after=None
[2024-11-28T16:26:59.632+0000] {processor.py:208} INFO - Processing /opt/airflow/dags/kafka_stream.py took 0.072 seconds
[2024-11-28T16:27:29.988+0000] {processor.py:186} INFO - Started process (PID=438) to work on /opt/airflow/dags/kafka_stream.py
[2024-11-28T16:27:29.990+0000] {processor.py:914} INFO - Processing file /opt/airflow/dags/kafka_stream.py for tasks to queue
[2024-11-28T16:27:29.993+0000] {logging_mixin.py:190} INFO - [2024-11-28T16:27:29.992+0000] {dagbag.py:588} INFO - Filling up the DagBag from /opt/airflow/dags/kafka_stream.py
[2024-11-28T16:27:30.027+0000] {processor.py:925} INFO - DAG(s) 'user_automation' retrieved from /opt/airflow/dags/kafka_stream.py
[2024-11-28T16:27:30.074+0000] {logging_mixin.py:190} INFO - [2024-11-28T16:27:30.073+0000] {dag.py:3239} INFO - Sync 1 DAGs
[2024-11-28T16:27:30.095+0000] {logging_mixin.py:190} INFO - [2024-11-28T16:27:30.095+0000] {dag.py:4180} INFO - Setting next_dagrun for user_automation to None, run_after=None
[2024-11-28T16:27:30.118+0000] {processor.py:208} INFO - Processing /opt/airflow/dags/kafka_stream.py took 0.139 seconds
[2024-11-28T16:28:00.413+0000] {processor.py:186} INFO - Started process (PID=448) to work on /opt/airflow/dags/kafka_stream.py
[2024-11-28T16:28:00.414+0000] {processor.py:914} INFO - Processing file /opt/airflow/dags/kafka_stream.py for tasks to queue
[2024-11-28T16:28:00.417+0000] {logging_mixin.py:190} INFO - [2024-11-28T16:28:00.416+0000] {dagbag.py:588} INFO - Filling up the DagBag from /opt/airflow/dags/kafka_stream.py
[2024-11-28T16:28:00.435+0000] {processor.py:925} INFO - DAG(s) 'user_automation' retrieved from /opt/airflow/dags/kafka_stream.py
[2024-11-28T16:28:00.461+0000] {logging_mixin.py:190} INFO - [2024-11-28T16:28:00.461+0000] {dag.py:3239} INFO - Sync 1 DAGs
[2024-11-28T16:28:00.475+0000] {logging_mixin.py:190} INFO - [2024-11-28T16:28:00.475+0000] {dag.py:4180} INFO - Setting next_dagrun for user_automation to None, run_after=None
[2024-11-28T16:28:00.493+0000] {processor.py:208} INFO - Processing /opt/airflow/dags/kafka_stream.py took 0.088 seconds
[2024-11-28T16:28:30.862+0000] {processor.py:186} INFO - Started process (PID=458) to work on /opt/airflow/dags/kafka_stream.py
[2024-11-28T16:28:30.863+0000] {processor.py:914} INFO - Processing file /opt/airflow/dags/kafka_stream.py for tasks to queue
[2024-11-28T16:28:30.868+0000] {logging_mixin.py:190} INFO - [2024-11-28T16:28:30.867+0000] {dagbag.py:588} INFO - Filling up the DagBag from /opt/airflow/dags/kafka_stream.py
[2024-11-28T16:28:30.910+0000] {processor.py:925} INFO - DAG(s) 'user_automation' retrieved from /opt/airflow/dags/kafka_stream.py
[2024-11-28T16:28:30.969+0000] {logging_mixin.py:190} INFO - [2024-11-28T16:28:30.968+0000] {dag.py:3239} INFO - Sync 1 DAGs
[2024-11-28T16:28:30.991+0000] {logging_mixin.py:190} INFO - [2024-11-28T16:28:30.991+0000] {dag.py:4180} INFO - Setting next_dagrun for user_automation to None, run_after=None
[2024-11-28T16:28:31.024+0000] {processor.py:208} INFO - Processing /opt/airflow/dags/kafka_stream.py took 0.173 seconds
[2024-11-28T16:29:01.371+0000] {processor.py:186} INFO - Started process (PID=468) to work on /opt/airflow/dags/kafka_stream.py
[2024-11-28T16:29:01.372+0000] {processor.py:914} INFO - Processing file /opt/airflow/dags/kafka_stream.py for tasks to queue
[2024-11-28T16:29:01.374+0000] {logging_mixin.py:190} INFO - [2024-11-28T16:29:01.374+0000] {dagbag.py:588} INFO - Filling up the DagBag from /opt/airflow/dags/kafka_stream.py
[2024-11-28T16:29:01.389+0000] {processor.py:925} INFO - DAG(s) 'user_automation' retrieved from /opt/airflow/dags/kafka_stream.py
[2024-11-28T16:29:01.413+0000] {logging_mixin.py:190} INFO - [2024-11-28T16:29:01.413+0000] {dag.py:3239} INFO - Sync 1 DAGs
[2024-11-28T16:29:01.427+0000] {logging_mixin.py:190} INFO - [2024-11-28T16:29:01.427+0000] {dag.py:4180} INFO - Setting next_dagrun for user_automation to None, run_after=None
[2024-11-28T16:29:01.449+0000] {processor.py:208} INFO - Processing /opt/airflow/dags/kafka_stream.py took 0.084 seconds
[2024-11-28T16:29:31.838+0000] {processor.py:186} INFO - Started process (PID=478) to work on /opt/airflow/dags/kafka_stream.py
[2024-11-28T16:29:31.840+0000] {processor.py:914} INFO - Processing file /opt/airflow/dags/kafka_stream.py for tasks to queue
[2024-11-28T16:29:31.846+0000] {logging_mixin.py:190} INFO - [2024-11-28T16:29:31.845+0000] {dagbag.py:588} INFO - Filling up the DagBag from /opt/airflow/dags/kafka_stream.py
[2024-11-28T16:29:31.883+0000] {processor.py:925} INFO - DAG(s) 'user_automation' retrieved from /opt/airflow/dags/kafka_stream.py
[2024-11-28T16:29:31.925+0000] {logging_mixin.py:190} INFO - [2024-11-28T16:29:31.925+0000] {dag.py:3239} INFO - Sync 1 DAGs
[2024-11-28T16:29:31.964+0000] {logging_mixin.py:190} INFO - [2024-11-28T16:29:31.964+0000] {dag.py:4180} INFO - Setting next_dagrun for user_automation to None, run_after=None
[2024-11-28T16:29:31.994+0000] {processor.py:208} INFO - Processing /opt/airflow/dags/kafka_stream.py took 0.167 seconds
[2024-11-28T16:30:02.196+0000] {processor.py:186} INFO - Started process (PID=488) to work on /opt/airflow/dags/kafka_stream.py
[2024-11-28T16:30:02.197+0000] {processor.py:914} INFO - Processing file /opt/airflow/dags/kafka_stream.py for tasks to queue
[2024-11-28T16:30:02.201+0000] {logging_mixin.py:190} INFO - [2024-11-28T16:30:02.200+0000] {dagbag.py:588} INFO - Filling up the DagBag from /opt/airflow/dags/kafka_stream.py
[2024-11-28T16:30:02.238+0000] {processor.py:925} INFO - DAG(s) 'user_automation' retrieved from /opt/airflow/dags/kafka_stream.py
[2024-11-28T16:30:02.264+0000] {logging_mixin.py:190} INFO - [2024-11-28T16:30:02.264+0000] {dag.py:3239} INFO - Sync 1 DAGs
[2024-11-28T16:30:02.283+0000] {logging_mixin.py:190} INFO - [2024-11-28T16:30:02.282+0000] {dag.py:4180} INFO - Setting next_dagrun for user_automation to None, run_after=None
[2024-11-28T16:30:02.309+0000] {processor.py:208} INFO - Processing /opt/airflow/dags/kafka_stream.py took 0.121 seconds
[2024-11-28T16:30:32.761+0000] {processor.py:186} INFO - Started process (PID=498) to work on /opt/airflow/dags/kafka_stream.py
[2024-11-28T16:30:32.761+0000] {processor.py:914} INFO - Processing file /opt/airflow/dags/kafka_stream.py for tasks to queue
[2024-11-28T16:30:32.763+0000] {logging_mixin.py:190} INFO - [2024-11-28T16:30:32.763+0000] {dagbag.py:588} INFO - Filling up the DagBag from /opt/airflow/dags/kafka_stream.py
[2024-11-28T16:30:32.776+0000] {processor.py:925} INFO - DAG(s) 'user_automation' retrieved from /opt/airflow/dags/kafka_stream.py
[2024-11-28T16:30:32.797+0000] {logging_mixin.py:190} INFO - [2024-11-28T16:30:32.797+0000] {dag.py:3239} INFO - Sync 1 DAGs
[2024-11-28T16:30:32.808+0000] {logging_mixin.py:190} INFO - [2024-11-28T16:30:32.808+0000] {dag.py:4180} INFO - Setting next_dagrun for user_automation to None, run_after=None
[2024-11-28T16:30:32.826+0000] {processor.py:208} INFO - Processing /opt/airflow/dags/kafka_stream.py took 0.070 seconds
[2024-11-28T16:31:03.299+0000] {processor.py:186} INFO - Started process (PID=508) to work on /opt/airflow/dags/kafka_stream.py
[2024-11-28T16:31:03.300+0000] {processor.py:914} INFO - Processing file /opt/airflow/dags/kafka_stream.py for tasks to queue
[2024-11-28T16:31:03.304+0000] {logging_mixin.py:190} INFO - [2024-11-28T16:31:03.303+0000] {dagbag.py:588} INFO - Filling up the DagBag from /opt/airflow/dags/kafka_stream.py
[2024-11-28T16:31:03.339+0000] {processor.py:925} INFO - DAG(s) 'user_automation' retrieved from /opt/airflow/dags/kafka_stream.py
[2024-11-28T16:31:03.362+0000] {logging_mixin.py:190} INFO - [2024-11-28T16:31:03.362+0000] {dag.py:3239} INFO - Sync 1 DAGs
[2024-11-28T16:31:03.377+0000] {logging_mixin.py:190} INFO - [2024-11-28T16:31:03.377+0000] {dag.py:4180} INFO - Setting next_dagrun for user_automation to None, run_after=None
[2024-11-28T16:31:03.400+0000] {processor.py:208} INFO - Processing /opt/airflow/dags/kafka_stream.py took 0.106 seconds
[2024-11-28T16:31:33.886+0000] {processor.py:186} INFO - Started process (PID=518) to work on /opt/airflow/dags/kafka_stream.py
[2024-11-28T16:31:33.887+0000] {processor.py:914} INFO - Processing file /opt/airflow/dags/kafka_stream.py for tasks to queue
[2024-11-28T16:31:33.889+0000] {logging_mixin.py:190} INFO - [2024-11-28T16:31:33.889+0000] {dagbag.py:588} INFO - Filling up the DagBag from /opt/airflow/dags/kafka_stream.py
[2024-11-28T16:31:33.919+0000] {processor.py:925} INFO - DAG(s) 'user_automation' retrieved from /opt/airflow/dags/kafka_stream.py
[2024-11-28T16:31:33.938+0000] {logging_mixin.py:190} INFO - [2024-11-28T16:31:33.937+0000] {dag.py:3239} INFO - Sync 1 DAGs
[2024-11-28T16:31:33.949+0000] {logging_mixin.py:190} INFO - [2024-11-28T16:31:33.949+0000] {dag.py:4180} INFO - Setting next_dagrun for user_automation to None, run_after=None
[2024-11-28T16:31:33.967+0000] {processor.py:208} INFO - Processing /opt/airflow/dags/kafka_stream.py took 0.086 seconds
[2024-11-28T16:32:04.408+0000] {processor.py:186} INFO - Started process (PID=528) to work on /opt/airflow/dags/kafka_stream.py
[2024-11-28T16:32:04.409+0000] {processor.py:914} INFO - Processing file /opt/airflow/dags/kafka_stream.py for tasks to queue
[2024-11-28T16:32:04.411+0000] {logging_mixin.py:190} INFO - [2024-11-28T16:32:04.411+0000] {dagbag.py:588} INFO - Filling up the DagBag from /opt/airflow/dags/kafka_stream.py
[2024-11-28T16:32:04.422+0000] {processor.py:925} INFO - DAG(s) 'user_automation' retrieved from /opt/airflow/dags/kafka_stream.py
[2024-11-28T16:32:04.440+0000] {logging_mixin.py:190} INFO - [2024-11-28T16:32:04.440+0000] {dag.py:3239} INFO - Sync 1 DAGs
[2024-11-28T16:32:04.452+0000] {logging_mixin.py:190} INFO - [2024-11-28T16:32:04.451+0000] {dag.py:4180} INFO - Setting next_dagrun for user_automation to None, run_after=None
[2024-11-28T16:32:04.470+0000] {processor.py:208} INFO - Processing /opt/airflow/dags/kafka_stream.py took 0.066 seconds
[2024-11-28T16:32:34.764+0000] {processor.py:186} INFO - Started process (PID=538) to work on /opt/airflow/dags/kafka_stream.py
[2024-11-28T16:32:34.765+0000] {processor.py:914} INFO - Processing file /opt/airflow/dags/kafka_stream.py for tasks to queue
[2024-11-28T16:32:34.769+0000] {logging_mixin.py:190} INFO - [2024-11-28T16:32:34.768+0000] {dagbag.py:588} INFO - Filling up the DagBag from /opt/airflow/dags/kafka_stream.py
[2024-11-28T16:32:34.800+0000] {processor.py:925} INFO - DAG(s) 'user_automation' retrieved from /opt/airflow/dags/kafka_stream.py
[2024-11-28T16:32:34.823+0000] {logging_mixin.py:190} INFO - [2024-11-28T16:32:34.823+0000] {dag.py:3239} INFO - Sync 1 DAGs
[2024-11-28T16:32:34.835+0000] {logging_mixin.py:190} INFO - [2024-11-28T16:32:34.835+0000] {dag.py:4180} INFO - Setting next_dagrun for user_automation to None, run_after=None
[2024-11-28T16:32:34.858+0000] {processor.py:208} INFO - Processing /opt/airflow/dags/kafka_stream.py took 0.101 seconds
[2024-11-28T16:33:05.263+0000] {processor.py:186} INFO - Started process (PID=548) to work on /opt/airflow/dags/kafka_stream.py
[2024-11-28T16:33:05.264+0000] {processor.py:914} INFO - Processing file /opt/airflow/dags/kafka_stream.py for tasks to queue
[2024-11-28T16:33:05.267+0000] {logging_mixin.py:190} INFO - [2024-11-28T16:33:05.266+0000] {dagbag.py:588} INFO - Filling up the DagBag from /opt/airflow/dags/kafka_stream.py
[2024-11-28T16:33:05.282+0000] {processor.py:925} INFO - DAG(s) 'user_automation' retrieved from /opt/airflow/dags/kafka_stream.py
[2024-11-28T16:33:05.301+0000] {logging_mixin.py:190} INFO - [2024-11-28T16:33:05.301+0000] {dag.py:3239} INFO - Sync 1 DAGs
[2024-11-28T16:33:05.312+0000] {logging_mixin.py:190} INFO - [2024-11-28T16:33:05.312+0000] {dag.py:4180} INFO - Setting next_dagrun for user_automation to None, run_after=None
[2024-11-28T16:33:05.332+0000] {processor.py:208} INFO - Processing /opt/airflow/dags/kafka_stream.py took 0.074 seconds
[2024-11-28T16:33:35.716+0000] {processor.py:186} INFO - Started process (PID=558) to work on /opt/airflow/dags/kafka_stream.py
[2024-11-28T16:33:35.717+0000] {processor.py:914} INFO - Processing file /opt/airflow/dags/kafka_stream.py for tasks to queue
[2024-11-28T16:33:35.718+0000] {logging_mixin.py:190} INFO - [2024-11-28T16:33:35.718+0000] {dagbag.py:588} INFO - Filling up the DagBag from /opt/airflow/dags/kafka_stream.py
[2024-11-28T16:33:35.734+0000] {processor.py:925} INFO - DAG(s) 'user_automation' retrieved from /opt/airflow/dags/kafka_stream.py
[2024-11-28T16:33:35.766+0000] {logging_mixin.py:190} INFO - [2024-11-28T16:33:35.766+0000] {dag.py:3239} INFO - Sync 1 DAGs
[2024-11-28T16:33:35.778+0000] {logging_mixin.py:190} INFO - [2024-11-28T16:33:35.778+0000] {dag.py:4180} INFO - Setting next_dagrun for user_automation to None, run_after=None
[2024-11-28T16:33:35.798+0000] {processor.py:208} INFO - Processing /opt/airflow/dags/kafka_stream.py took 0.087 seconds
[2024-11-28T16:34:06.207+0000] {processor.py:186} INFO - Started process (PID=568) to work on /opt/airflow/dags/kafka_stream.py
[2024-11-28T16:34:06.209+0000] {processor.py:914} INFO - Processing file /opt/airflow/dags/kafka_stream.py for tasks to queue
[2024-11-28T16:34:06.211+0000] {logging_mixin.py:190} INFO - [2024-11-28T16:34:06.211+0000] {dagbag.py:588} INFO - Filling up the DagBag from /opt/airflow/dags/kafka_stream.py
[2024-11-28T16:34:06.247+0000] {processor.py:925} INFO - DAG(s) 'user_automation' retrieved from /opt/airflow/dags/kafka_stream.py
[2024-11-28T16:34:06.270+0000] {logging_mixin.py:190} INFO - [2024-11-28T16:34:06.270+0000] {dag.py:3239} INFO - Sync 1 DAGs
[2024-11-28T16:34:06.283+0000] {logging_mixin.py:190} INFO - [2024-11-28T16:34:06.283+0000] {dag.py:4180} INFO - Setting next_dagrun for user_automation to None, run_after=None
[2024-11-28T16:34:06.306+0000] {processor.py:208} INFO - Processing /opt/airflow/dags/kafka_stream.py took 0.106 seconds
[2024-11-28T16:34:36.670+0000] {processor.py:186} INFO - Started process (PID=578) to work on /opt/airflow/dags/kafka_stream.py
[2024-11-28T16:34:36.671+0000] {processor.py:914} INFO - Processing file /opt/airflow/dags/kafka_stream.py for tasks to queue
[2024-11-28T16:34:36.674+0000] {logging_mixin.py:190} INFO - [2024-11-28T16:34:36.673+0000] {dagbag.py:588} INFO - Filling up the DagBag from /opt/airflow/dags/kafka_stream.py
[2024-11-28T16:34:36.689+0000] {processor.py:925} INFO - DAG(s) 'user_automation' retrieved from /opt/airflow/dags/kafka_stream.py
[2024-11-28T16:34:36.713+0000] {logging_mixin.py:190} INFO - [2024-11-28T16:34:36.712+0000] {dag.py:3239} INFO - Sync 1 DAGs
[2024-11-28T16:34:36.725+0000] {logging_mixin.py:190} INFO - [2024-11-28T16:34:36.725+0000] {dag.py:4180} INFO - Setting next_dagrun for user_automation to None, run_after=None
[2024-11-28T16:34:36.742+0000] {processor.py:208} INFO - Processing /opt/airflow/dags/kafka_stream.py took 0.079 seconds
[2024-11-28T16:35:07.018+0000] {processor.py:186} INFO - Started process (PID=588) to work on /opt/airflow/dags/kafka_stream.py
[2024-11-28T16:35:07.019+0000] {processor.py:914} INFO - Processing file /opt/airflow/dags/kafka_stream.py for tasks to queue
[2024-11-28T16:35:07.021+0000] {logging_mixin.py:190} INFO - [2024-11-28T16:35:07.020+0000] {dagbag.py:588} INFO - Filling up the DagBag from /opt/airflow/dags/kafka_stream.py
[2024-11-28T16:35:07.032+0000] {processor.py:925} INFO - DAG(s) 'user_automation' retrieved from /opt/airflow/dags/kafka_stream.py
[2024-11-28T16:35:07.050+0000] {logging_mixin.py:190} INFO - [2024-11-28T16:35:07.050+0000] {dag.py:3239} INFO - Sync 1 DAGs
[2024-11-28T16:35:07.061+0000] {logging_mixin.py:190} INFO - [2024-11-28T16:35:07.061+0000] {dag.py:4180} INFO - Setting next_dagrun for user_automation to None, run_after=None
[2024-11-28T16:35:07.075+0000] {processor.py:208} INFO - Processing /opt/airflow/dags/kafka_stream.py took 0.061 seconds
[2024-11-28T16:35:37.310+0000] {processor.py:186} INFO - Started process (PID=598) to work on /opt/airflow/dags/kafka_stream.py
[2024-11-28T16:35:37.312+0000] {processor.py:914} INFO - Processing file /opt/airflow/dags/kafka_stream.py for tasks to queue
[2024-11-28T16:35:37.316+0000] {logging_mixin.py:190} INFO - [2024-11-28T16:35:37.315+0000] {dagbag.py:588} INFO - Filling up the DagBag from /opt/airflow/dags/kafka_stream.py
[2024-11-28T16:35:37.343+0000] {processor.py:925} INFO - DAG(s) 'user_automation' retrieved from /opt/airflow/dags/kafka_stream.py
[2024-11-28T16:35:37.379+0000] {logging_mixin.py:190} INFO - [2024-11-28T16:35:37.379+0000] {dag.py:3239} INFO - Sync 1 DAGs
[2024-11-28T16:35:37.396+0000] {logging_mixin.py:190} INFO - [2024-11-28T16:35:37.395+0000] {dag.py:4180} INFO - Setting next_dagrun for user_automation to None, run_after=None
[2024-11-28T16:35:37.430+0000] {processor.py:208} INFO - Processing /opt/airflow/dags/kafka_stream.py took 0.127 seconds
