[2024-11-28T15:10:52.256+0000] {processor.py:186} INFO - Started process (PID=179) to work on /opt/airflow/dags/vnstock_stream.py
[2024-11-28T15:10:52.257+0000] {processor.py:914} INFO - Processing file /opt/airflow/dags/vnstock_stream.py for tasks to queue
[2024-11-28T15:10:52.260+0000] {logging_mixin.py:190} INFO - [2024-11-28T15:10:52.259+0000] {dagbag.py:588} INFO - Filling up the DagBag from /opt/airflow/dags/vnstock_stream.py
[2024-11-28T15:10:52.298+0000] {logging_mixin.py:190} INFO - [2024-11-28T15:10:52.294+0000] {dagbag.py:387} ERROR - Failed to import: /opt/airflow/dags/vnstock_stream.py
Traceback (most recent call last):
  File "/home/airflow/.local/lib/python3.11/site-packages/airflow/models/dagbag.py", line 383, in parse
    loader.exec_module(new_module)
  File "<frozen importlib._bootstrap_external>", line 940, in exec_module
  File "<frozen importlib._bootstrap>", line 241, in _call_with_frames_removed
  File "/opt/airflow/dags/vnstock_stream.py", line 4, in <module>
    import vnstock3
ModuleNotFoundError: No module named 'vnstock3'
[2024-11-28T15:10:52.300+0000] {processor.py:927} WARNING - No viable dags retrieved from /opt/airflow/dags/vnstock_stream.py
[2024-11-28T15:10:52.322+0000] {processor.py:208} INFO - Processing /opt/airflow/dags/vnstock_stream.py took 0.073 seconds
[2024-11-28T15:11:22.747+0000] {processor.py:186} INFO - Started process (PID=189) to work on /opt/airflow/dags/vnstock_stream.py
[2024-11-28T15:11:22.750+0000] {processor.py:914} INFO - Processing file /opt/airflow/dags/vnstock_stream.py for tasks to queue
[2024-11-28T15:11:22.759+0000] {logging_mixin.py:190} INFO - [2024-11-28T15:11:22.758+0000] {dagbag.py:588} INFO - Filling up the DagBag from /opt/airflow/dags/vnstock_stream.py
[2024-11-28T15:11:22.791+0000] {logging_mixin.py:190} INFO - [2024-11-28T15:11:22.784+0000] {dagbag.py:387} ERROR - Failed to import: /opt/airflow/dags/vnstock_stream.py
Traceback (most recent call last):
  File "/home/airflow/.local/lib/python3.11/site-packages/airflow/models/dagbag.py", line 383, in parse
    loader.exec_module(new_module)
  File "<frozen importlib._bootstrap_external>", line 940, in exec_module
  File "<frozen importlib._bootstrap>", line 241, in _call_with_frames_removed
  File "/opt/airflow/dags/vnstock_stream.py", line 4, in <module>
    import vnstock3
ModuleNotFoundError: No module named 'vnstock3'
[2024-11-28T15:11:22.793+0000] {processor.py:927} WARNING - No viable dags retrieved from /opt/airflow/dags/vnstock_stream.py
[2024-11-28T15:11:22.842+0000] {processor.py:208} INFO - Processing /opt/airflow/dags/vnstock_stream.py took 0.152 seconds
[2024-11-28T15:11:55.661+0000] {processor.py:186} INFO - Started process (PID=199) to work on /opt/airflow/dags/vnstock_stream.py
[2024-11-28T15:11:55.762+0000] {processor.py:914} INFO - Processing file /opt/airflow/dags/vnstock_stream.py for tasks to queue
[2024-11-28T15:11:56.006+0000] {logging_mixin.py:190} INFO - [2024-11-28T15:11:55.965+0000] {dagbag.py:588} INFO - Filling up the DagBag from /opt/airflow/dags/vnstock_stream.py
[2024-11-28T15:11:56.478+0000] {logging_mixin.py:190} INFO - [2024-11-28T15:11:56.411+0000] {dagbag.py:387} ERROR - Failed to import: /opt/airflow/dags/vnstock_stream.py
Traceback (most recent call last):
  File "/home/airflow/.local/lib/python3.11/site-packages/airflow/models/dagbag.py", line 383, in parse
    loader.exec_module(new_module)
  File "<frozen importlib._bootstrap_external>", line 940, in exec_module
  File "<frozen importlib._bootstrap>", line 241, in _call_with_frames_removed
  File "/opt/airflow/dags/vnstock_stream.py", line 4, in <module>
    import vnstock3
ModuleNotFoundError: No module named 'vnstock3'
[2024-11-28T15:11:56.534+0000] {processor.py:927} WARNING - No viable dags retrieved from /opt/airflow/dags/vnstock_stream.py
[2024-11-28T15:11:57.919+0000] {processor.py:208} INFO - Processing /opt/airflow/dags/vnstock_stream.py took 3.605 seconds
[2024-11-28T15:12:08.079+0000] {processor.py:186} INFO - Started process (PID=209) to work on /opt/airflow/dags/vnstock_stream.py
[2024-11-28T15:12:08.083+0000] {processor.py:914} INFO - Processing file /opt/airflow/dags/vnstock_stream.py for tasks to queue
[2024-11-28T15:12:08.090+0000] {logging_mixin.py:190} INFO - [2024-11-28T15:12:08.089+0000] {dagbag.py:588} INFO - Filling up the DagBag from /opt/airflow/dags/vnstock_stream.py
[2024-11-28T15:12:08.174+0000] {logging_mixin.py:190} INFO - [2024-11-28T15:12:08.161+0000] {dagbag.py:387} ERROR - Failed to import: /opt/airflow/dags/vnstock_stream.py
Traceback (most recent call last):
  File "/home/airflow/.local/lib/python3.11/site-packages/airflow/models/dagbag.py", line 383, in parse
    loader.exec_module(new_module)
  File "<frozen importlib._bootstrap_external>", line 940, in exec_module
  File "<frozen importlib._bootstrap>", line 241, in _call_with_frames_removed
  File "/opt/airflow/dags/vnstock_stream.py", line 4, in <module>
    import vnstock3
ModuleNotFoundError: No module named 'vnstock3'
[2024-11-28T15:12:08.178+0000] {processor.py:927} WARNING - No viable dags retrieved from /opt/airflow/dags/vnstock_stream.py
[2024-11-28T15:12:08.248+0000] {processor.py:208} INFO - Processing /opt/airflow/dags/vnstock_stream.py took 0.220 seconds
[2024-11-28T15:12:38.566+0000] {processor.py:186} INFO - Started process (PID=219) to work on /opt/airflow/dags/vnstock_stream.py
[2024-11-28T15:12:38.567+0000] {processor.py:914} INFO - Processing file /opt/airflow/dags/vnstock_stream.py for tasks to queue
[2024-11-28T15:12:38.570+0000] {logging_mixin.py:190} INFO - [2024-11-28T15:12:38.570+0000] {dagbag.py:588} INFO - Filling up the DagBag from /opt/airflow/dags/vnstock_stream.py
[2024-11-28T15:12:38.587+0000] {logging_mixin.py:190} INFO - [2024-11-28T15:12:38.584+0000] {dagbag.py:387} ERROR - Failed to import: /opt/airflow/dags/vnstock_stream.py
Traceback (most recent call last):
  File "/home/airflow/.local/lib/python3.11/site-packages/airflow/models/dagbag.py", line 383, in parse
    loader.exec_module(new_module)
  File "<frozen importlib._bootstrap_external>", line 940, in exec_module
  File "<frozen importlib._bootstrap>", line 241, in _call_with_frames_removed
  File "/opt/airflow/dags/vnstock_stream.py", line 4, in <module>
    import vnstock3
ModuleNotFoundError: No module named 'vnstock3'
[2024-11-28T15:12:38.588+0000] {processor.py:927} WARNING - No viable dags retrieved from /opt/airflow/dags/vnstock_stream.py
[2024-11-28T15:12:38.613+0000] {processor.py:208} INFO - Processing /opt/airflow/dags/vnstock_stream.py took 0.052 seconds
[2024-11-28T15:13:09.032+0000] {processor.py:186} INFO - Started process (PID=229) to work on /opt/airflow/dags/vnstock_stream.py
[2024-11-28T15:13:09.034+0000] {processor.py:914} INFO - Processing file /opt/airflow/dags/vnstock_stream.py for tasks to queue
[2024-11-28T15:13:09.037+0000] {logging_mixin.py:190} INFO - [2024-11-28T15:13:09.036+0000] {dagbag.py:588} INFO - Filling up the DagBag from /opt/airflow/dags/vnstock_stream.py
[2024-11-28T15:13:09.069+0000] {logging_mixin.py:190} INFO - [2024-11-28T15:13:09.067+0000] {dagbag.py:387} ERROR - Failed to import: /opt/airflow/dags/vnstock_stream.py
Traceback (most recent call last):
  File "/home/airflow/.local/lib/python3.11/site-packages/airflow/models/dagbag.py", line 383, in parse
    loader.exec_module(new_module)
  File "<frozen importlib._bootstrap_external>", line 940, in exec_module
  File "<frozen importlib._bootstrap>", line 241, in _call_with_frames_removed
  File "/opt/airflow/dags/vnstock_stream.py", line 4, in <module>
    import vnstock3
ModuleNotFoundError: No module named 'vnstock3'
[2024-11-28T15:13:09.069+0000] {processor.py:927} WARNING - No viable dags retrieved from /opt/airflow/dags/vnstock_stream.py
[2024-11-28T15:13:09.086+0000] {processor.py:208} INFO - Processing /opt/airflow/dags/vnstock_stream.py took 0.059 seconds
[2024-11-28T15:13:31.354+0000] {processor.py:186} INFO - Started process (PID=239) to work on /opt/airflow/dags/vnstock_stream.py
[2024-11-28T15:13:31.355+0000] {processor.py:914} INFO - Processing file /opt/airflow/dags/vnstock_stream.py for tasks to queue
[2024-11-28T15:13:31.357+0000] {logging_mixin.py:190} INFO - [2024-11-28T15:13:31.357+0000] {dagbag.py:588} INFO - Filling up the DagBag from /opt/airflow/dags/vnstock_stream.py
[2024-11-28T15:13:31.381+0000] {logging_mixin.py:190} INFO - [2024-11-28T15:13:31.377+0000] {dagbag.py:387} ERROR - Failed to import: /opt/airflow/dags/vnstock_stream.py
Traceback (most recent call last):
  File "/home/airflow/.local/lib/python3.11/site-packages/airflow/models/dagbag.py", line 383, in parse
    loader.exec_module(new_module)
  File "<frozen importlib._bootstrap_external>", line 940, in exec_module
  File "<frozen importlib._bootstrap>", line 241, in _call_with_frames_removed
  File "/opt/airflow/dags/vnstock_stream.py", line 4, in <module>
    from vnstock3 import Vnstock
ModuleNotFoundError: No module named 'vnstock3'
[2024-11-28T15:13:31.382+0000] {processor.py:927} WARNING - No viable dags retrieved from /opt/airflow/dags/vnstock_stream.py
[2024-11-28T15:13:31.398+0000] {processor.py:208} INFO - Processing /opt/airflow/dags/vnstock_stream.py took 0.049 seconds
[2024-11-28T15:13:36.423+0000] {processor.py:186} INFO - Started process (PID=244) to work on /opt/airflow/dags/vnstock_stream.py
[2024-11-28T15:13:36.424+0000] {processor.py:914} INFO - Processing file /opt/airflow/dags/vnstock_stream.py for tasks to queue
[2024-11-28T15:13:36.427+0000] {logging_mixin.py:190} INFO - [2024-11-28T15:13:36.426+0000] {dagbag.py:588} INFO - Filling up the DagBag from /opt/airflow/dags/vnstock_stream.py
[2024-11-28T15:13:36.443+0000] {logging_mixin.py:190} INFO - [2024-11-28T15:13:36.440+0000] {dagbag.py:387} ERROR - Failed to import: /opt/airflow/dags/vnstock_stream.py
Traceback (most recent call last):
  File "/home/airflow/.local/lib/python3.11/site-packages/airflow/models/dagbag.py", line 383, in parse
    loader.exec_module(new_module)
  File "<frozen importlib._bootstrap_external>", line 940, in exec_module
  File "<frozen importlib._bootstrap>", line 241, in _call_with_frames_removed
  File "/opt/airflow/dags/vnstock_stream.py", line 4, in <module>
    from vnstock3 import Vnstock
ModuleNotFoundError: No module named 'vnstock3'
[2024-11-28T15:13:36.445+0000] {processor.py:927} WARNING - No viable dags retrieved from /opt/airflow/dags/vnstock_stream.py
[2024-11-28T15:13:36.464+0000] {processor.py:208} INFO - Processing /opt/airflow/dags/vnstock_stream.py took 0.046 seconds
[2024-11-28T15:14:06.905+0000] {processor.py:186} INFO - Started process (PID=254) to work on /opt/airflow/dags/vnstock_stream.py
[2024-11-28T15:14:06.907+0000] {processor.py:914} INFO - Processing file /opt/airflow/dags/vnstock_stream.py for tasks to queue
[2024-11-28T15:14:06.911+0000] {logging_mixin.py:190} INFO - [2024-11-28T15:14:06.911+0000] {dagbag.py:588} INFO - Filling up the DagBag from /opt/airflow/dags/vnstock_stream.py
[2024-11-28T15:14:06.941+0000] {logging_mixin.py:190} INFO - [2024-11-28T15:14:06.938+0000] {dagbag.py:387} ERROR - Failed to import: /opt/airflow/dags/vnstock_stream.py
Traceback (most recent call last):
  File "/home/airflow/.local/lib/python3.11/site-packages/airflow/models/dagbag.py", line 383, in parse
    loader.exec_module(new_module)
  File "<frozen importlib._bootstrap_external>", line 940, in exec_module
  File "<frozen importlib._bootstrap>", line 241, in _call_with_frames_removed
  File "/opt/airflow/dags/vnstock_stream.py", line 4, in <module>
    from vnstock3 import Vnstock
ModuleNotFoundError: No module named 'vnstock3'
[2024-11-28T15:14:06.942+0000] {processor.py:927} WARNING - No viable dags retrieved from /opt/airflow/dags/vnstock_stream.py
[2024-11-28T15:14:06.968+0000] {processor.py:208} INFO - Processing /opt/airflow/dags/vnstock_stream.py took 0.071 seconds
[2024-11-28T15:14:37.324+0000] {processor.py:186} INFO - Started process (PID=264) to work on /opt/airflow/dags/vnstock_stream.py
[2024-11-28T15:14:37.325+0000] {processor.py:914} INFO - Processing file /opt/airflow/dags/vnstock_stream.py for tasks to queue
[2024-11-28T15:14:37.326+0000] {logging_mixin.py:190} INFO - [2024-11-28T15:14:37.326+0000] {dagbag.py:588} INFO - Filling up the DagBag from /opt/airflow/dags/vnstock_stream.py
[2024-11-28T15:14:37.336+0000] {logging_mixin.py:190} INFO - [2024-11-28T15:14:37.334+0000] {dagbag.py:387} ERROR - Failed to import: /opt/airflow/dags/vnstock_stream.py
Traceback (most recent call last):
  File "/home/airflow/.local/lib/python3.11/site-packages/airflow/models/dagbag.py", line 383, in parse
    loader.exec_module(new_module)
  File "<frozen importlib._bootstrap_external>", line 940, in exec_module
  File "<frozen importlib._bootstrap>", line 241, in _call_with_frames_removed
  File "/opt/airflow/dags/vnstock_stream.py", line 4, in <module>
    from vnstock3 import Vnstock
ModuleNotFoundError: No module named 'vnstock3'
[2024-11-28T15:14:37.337+0000] {processor.py:927} WARNING - No viable dags retrieved from /opt/airflow/dags/vnstock_stream.py
[2024-11-28T15:14:37.352+0000] {processor.py:208} INFO - Processing /opt/airflow/dags/vnstock_stream.py took 0.033 seconds
[2024-11-28T15:15:07.713+0000] {processor.py:186} INFO - Started process (PID=274) to work on /opt/airflow/dags/vnstock_stream.py
[2024-11-28T15:15:07.714+0000] {processor.py:914} INFO - Processing file /opt/airflow/dags/vnstock_stream.py for tasks to queue
[2024-11-28T15:15:07.717+0000] {logging_mixin.py:190} INFO - [2024-11-28T15:15:07.717+0000] {dagbag.py:588} INFO - Filling up the DagBag from /opt/airflow/dags/vnstock_stream.py
[2024-11-28T15:15:07.733+0000] {logging_mixin.py:190} INFO - [2024-11-28T15:15:07.727+0000] {dagbag.py:387} ERROR - Failed to import: /opt/airflow/dags/vnstock_stream.py
Traceback (most recent call last):
  File "/home/airflow/.local/lib/python3.11/site-packages/airflow/models/dagbag.py", line 383, in parse
    loader.exec_module(new_module)
  File "<frozen importlib._bootstrap_external>", line 940, in exec_module
  File "<frozen importlib._bootstrap>", line 241, in _call_with_frames_removed
  File "/opt/airflow/dags/vnstock_stream.py", line 4, in <module>
    from vnstock3 import Vnstock
ModuleNotFoundError: No module named 'vnstock3'
[2024-11-28T15:15:07.737+0000] {processor.py:927} WARNING - No viable dags retrieved from /opt/airflow/dags/vnstock_stream.py
[2024-11-28T15:15:07.764+0000] {processor.py:208} INFO - Processing /opt/airflow/dags/vnstock_stream.py took 0.059 seconds
[2024-11-28T15:15:38.172+0000] {processor.py:186} INFO - Started process (PID=284) to work on /opt/airflow/dags/vnstock_stream.py
[2024-11-28T15:15:38.174+0000] {processor.py:914} INFO - Processing file /opt/airflow/dags/vnstock_stream.py for tasks to queue
[2024-11-28T15:15:38.176+0000] {logging_mixin.py:190} INFO - [2024-11-28T15:15:38.176+0000] {dagbag.py:588} INFO - Filling up the DagBag from /opt/airflow/dags/vnstock_stream.py
[2024-11-28T15:15:38.230+0000] {logging_mixin.py:190} INFO - [2024-11-28T15:15:38.220+0000] {dagbag.py:387} ERROR - Failed to import: /opt/airflow/dags/vnstock_stream.py
Traceback (most recent call last):
  File "/home/airflow/.local/lib/python3.11/site-packages/airflow/models/dagbag.py", line 383, in parse
    loader.exec_module(new_module)
  File "<frozen importlib._bootstrap_external>", line 940, in exec_module
  File "<frozen importlib._bootstrap>", line 241, in _call_with_frames_removed
  File "/opt/airflow/dags/vnstock_stream.py", line 4, in <module>
    from vnstock3 import Vnstock
ModuleNotFoundError: No module named 'vnstock3'
[2024-11-28T15:15:38.234+0000] {processor.py:927} WARNING - No viable dags retrieved from /opt/airflow/dags/vnstock_stream.py
[2024-11-28T15:15:38.253+0000] {processor.py:208} INFO - Processing /opt/airflow/dags/vnstock_stream.py took 0.087 seconds
[2024-11-28T15:16:08.693+0000] {processor.py:186} INFO - Started process (PID=294) to work on /opt/airflow/dags/vnstock_stream.py
[2024-11-28T15:16:08.694+0000] {processor.py:914} INFO - Processing file /opt/airflow/dags/vnstock_stream.py for tasks to queue
[2024-11-28T15:16:08.696+0000] {logging_mixin.py:190} INFO - [2024-11-28T15:16:08.696+0000] {dagbag.py:588} INFO - Filling up the DagBag from /opt/airflow/dags/vnstock_stream.py
[2024-11-28T15:16:08.705+0000] {logging_mixin.py:190} INFO - [2024-11-28T15:16:08.702+0000] {dagbag.py:387} ERROR - Failed to import: /opt/airflow/dags/vnstock_stream.py
Traceback (most recent call last):
  File "/home/airflow/.local/lib/python3.11/site-packages/airflow/models/dagbag.py", line 383, in parse
    loader.exec_module(new_module)
  File "<frozen importlib._bootstrap_external>", line 940, in exec_module
  File "<frozen importlib._bootstrap>", line 241, in _call_with_frames_removed
  File "/opt/airflow/dags/vnstock_stream.py", line 4, in <module>
    from vnstock3 import Vnstock
ModuleNotFoundError: No module named 'vnstock3'
[2024-11-28T15:16:08.705+0000] {processor.py:927} WARNING - No viable dags retrieved from /opt/airflow/dags/vnstock_stream.py
[2024-11-28T15:16:08.721+0000] {processor.py:208} INFO - Processing /opt/airflow/dags/vnstock_stream.py took 0.033 seconds
[2024-11-28T15:16:39.083+0000] {processor.py:186} INFO - Started process (PID=304) to work on /opt/airflow/dags/vnstock_stream.py
[2024-11-28T15:16:39.084+0000] {processor.py:914} INFO - Processing file /opt/airflow/dags/vnstock_stream.py for tasks to queue
[2024-11-28T15:16:39.086+0000] {logging_mixin.py:190} INFO - [2024-11-28T15:16:39.085+0000] {dagbag.py:588} INFO - Filling up the DagBag from /opt/airflow/dags/vnstock_stream.py
[2024-11-28T15:16:39.096+0000] {logging_mixin.py:190} INFO - [2024-11-28T15:16:39.093+0000] {dagbag.py:387} ERROR - Failed to import: /opt/airflow/dags/vnstock_stream.py
Traceback (most recent call last):
  File "/home/airflow/.local/lib/python3.11/site-packages/airflow/models/dagbag.py", line 383, in parse
    loader.exec_module(new_module)
  File "<frozen importlib._bootstrap_external>", line 940, in exec_module
  File "<frozen importlib._bootstrap>", line 241, in _call_with_frames_removed
  File "/opt/airflow/dags/vnstock_stream.py", line 4, in <module>
    from vnstock3 import Vnstock
ModuleNotFoundError: No module named 'vnstock3'
[2024-11-28T15:16:39.096+0000] {processor.py:927} WARNING - No viable dags retrieved from /opt/airflow/dags/vnstock_stream.py
[2024-11-28T15:16:39.115+0000] {processor.py:208} INFO - Processing /opt/airflow/dags/vnstock_stream.py took 0.037 seconds
[2024-11-28T15:17:09.476+0000] {processor.py:186} INFO - Started process (PID=314) to work on /opt/airflow/dags/vnstock_stream.py
[2024-11-28T15:17:09.477+0000] {processor.py:914} INFO - Processing file /opt/airflow/dags/vnstock_stream.py for tasks to queue
[2024-11-28T15:17:09.480+0000] {logging_mixin.py:190} INFO - [2024-11-28T15:17:09.479+0000] {dagbag.py:588} INFO - Filling up the DagBag from /opt/airflow/dags/vnstock_stream.py
[2024-11-28T15:17:09.489+0000] {logging_mixin.py:190} INFO - [2024-11-28T15:17:09.486+0000] {dagbag.py:387} ERROR - Failed to import: /opt/airflow/dags/vnstock_stream.py
Traceback (most recent call last):
  File "/home/airflow/.local/lib/python3.11/site-packages/airflow/models/dagbag.py", line 383, in parse
    loader.exec_module(new_module)
  File "<frozen importlib._bootstrap_external>", line 940, in exec_module
  File "<frozen importlib._bootstrap>", line 241, in _call_with_frames_removed
  File "/opt/airflow/dags/vnstock_stream.py", line 4, in <module>
    from vnstock3 import Vnstock
ModuleNotFoundError: No module named 'vnstock3'
[2024-11-28T15:17:09.490+0000] {processor.py:927} WARNING - No viable dags retrieved from /opt/airflow/dags/vnstock_stream.py
[2024-11-28T15:17:09.505+0000] {processor.py:208} INFO - Processing /opt/airflow/dags/vnstock_stream.py took 0.034 seconds
[2024-11-28T15:17:39.815+0000] {processor.py:186} INFO - Started process (PID=324) to work on /opt/airflow/dags/vnstock_stream.py
[2024-11-28T15:17:39.816+0000] {processor.py:914} INFO - Processing file /opt/airflow/dags/vnstock_stream.py for tasks to queue
[2024-11-28T15:17:39.818+0000] {logging_mixin.py:190} INFO - [2024-11-28T15:17:39.818+0000] {dagbag.py:588} INFO - Filling up the DagBag from /opt/airflow/dags/vnstock_stream.py
[2024-11-28T15:17:39.836+0000] {logging_mixin.py:190} INFO - [2024-11-28T15:17:39.831+0000] {dagbag.py:387} ERROR - Failed to import: /opt/airflow/dags/vnstock_stream.py
Traceback (most recent call last):
  File "/home/airflow/.local/lib/python3.11/site-packages/airflow/models/dagbag.py", line 383, in parse
    loader.exec_module(new_module)
  File "<frozen importlib._bootstrap_external>", line 940, in exec_module
  File "<frozen importlib._bootstrap>", line 241, in _call_with_frames_removed
  File "/opt/airflow/dags/vnstock_stream.py", line 4, in <module>
    from vnstock3 import Vnstock
ModuleNotFoundError: No module named 'vnstock3'
[2024-11-28T15:17:39.838+0000] {processor.py:927} WARNING - No viable dags retrieved from /opt/airflow/dags/vnstock_stream.py
[2024-11-28T15:17:39.864+0000] {processor.py:208} INFO - Processing /opt/airflow/dags/vnstock_stream.py took 0.054 seconds
[2024-11-28T15:18:10.245+0000] {processor.py:186} INFO - Started process (PID=334) to work on /opt/airflow/dags/vnstock_stream.py
[2024-11-28T15:18:10.247+0000] {processor.py:914} INFO - Processing file /opt/airflow/dags/vnstock_stream.py for tasks to queue
[2024-11-28T15:18:10.251+0000] {logging_mixin.py:190} INFO - [2024-11-28T15:18:10.250+0000] {dagbag.py:588} INFO - Filling up the DagBag from /opt/airflow/dags/vnstock_stream.py
[2024-11-28T15:18:10.280+0000] {logging_mixin.py:190} INFO - [2024-11-28T15:18:10.277+0000] {dagbag.py:387} ERROR - Failed to import: /opt/airflow/dags/vnstock_stream.py
Traceback (most recent call last):
  File "/home/airflow/.local/lib/python3.11/site-packages/airflow/models/dagbag.py", line 383, in parse
    loader.exec_module(new_module)
  File "<frozen importlib._bootstrap_external>", line 940, in exec_module
  File "<frozen importlib._bootstrap>", line 241, in _call_with_frames_removed
  File "/opt/airflow/dags/vnstock_stream.py", line 4, in <module>
    from vnstock3 import Vnstock
ModuleNotFoundError: No module named 'vnstock3'
[2024-11-28T15:18:10.281+0000] {processor.py:927} WARNING - No viable dags retrieved from /opt/airflow/dags/vnstock_stream.py
[2024-11-28T15:18:10.298+0000] {processor.py:208} INFO - Processing /opt/airflow/dags/vnstock_stream.py took 0.061 seconds
[2024-11-28T15:52:50.949+0000] {processor.py:186} INFO - Started process (PID=179) to work on /opt/airflow/dags/vnstock_stream.py
[2024-11-28T15:52:50.951+0000] {processor.py:914} INFO - Processing file /opt/airflow/dags/vnstock_stream.py for tasks to queue
[2024-11-28T15:52:50.957+0000] {logging_mixin.py:190} INFO - [2024-11-28T15:52:50.956+0000] {dagbag.py:588} INFO - Filling up the DagBag from /opt/airflow/dags/vnstock_stream.py
[2024-11-28T15:52:50.981+0000] {logging_mixin.py:190} INFO - [2024-11-28T15:52:50.974+0000] {dagbag.py:387} ERROR - Failed to import: /opt/airflow/dags/vnstock_stream.py
Traceback (most recent call last):
  File "/home/airflow/.local/lib/python3.11/site-packages/airflow/models/dagbag.py", line 383, in parse
    loader.exec_module(new_module)
  File "<frozen importlib._bootstrap_external>", line 940, in exec_module
  File "<frozen importlib._bootstrap>", line 241, in _call_with_frames_removed
  File "/opt/airflow/dags/vnstock_stream.py", line 4, in <module>
    from vnstock3 import Vnstock
ModuleNotFoundError: No module named 'vnstock3'
[2024-11-28T15:52:50.983+0000] {processor.py:927} WARNING - No viable dags retrieved from /opt/airflow/dags/vnstock_stream.py
[2024-11-28T15:52:51.012+0000] {processor.py:208} INFO - Processing /opt/airflow/dags/vnstock_stream.py took 0.078 seconds
[2024-11-28T15:53:21.408+0000] {processor.py:186} INFO - Started process (PID=189) to work on /opt/airflow/dags/vnstock_stream.py
[2024-11-28T15:53:21.410+0000] {processor.py:914} INFO - Processing file /opt/airflow/dags/vnstock_stream.py for tasks to queue
[2024-11-28T15:53:21.422+0000] {logging_mixin.py:190} INFO - [2024-11-28T15:53:21.421+0000] {dagbag.py:588} INFO - Filling up the DagBag from /opt/airflow/dags/vnstock_stream.py
[2024-11-28T15:53:21.459+0000] {logging_mixin.py:190} INFO - [2024-11-28T15:53:21.451+0000] {dagbag.py:387} ERROR - Failed to import: /opt/airflow/dags/vnstock_stream.py
Traceback (most recent call last):
  File "/home/airflow/.local/lib/python3.11/site-packages/airflow/models/dagbag.py", line 383, in parse
    loader.exec_module(new_module)
  File "<frozen importlib._bootstrap_external>", line 940, in exec_module
  File "<frozen importlib._bootstrap>", line 241, in _call_with_frames_removed
  File "/opt/airflow/dags/vnstock_stream.py", line 4, in <module>
    from vnstock3 import Vnstock
ModuleNotFoundError: No module named 'vnstock3'
[2024-11-28T15:53:21.461+0000] {processor.py:927} WARNING - No viable dags retrieved from /opt/airflow/dags/vnstock_stream.py
[2024-11-28T15:53:21.506+0000] {processor.py:208} INFO - Processing /opt/airflow/dags/vnstock_stream.py took 0.125 seconds
[2024-11-28T15:53:51.845+0000] {processor.py:186} INFO - Started process (PID=199) to work on /opt/airflow/dags/vnstock_stream.py
[2024-11-28T15:53:51.850+0000] {processor.py:914} INFO - Processing file /opt/airflow/dags/vnstock_stream.py for tasks to queue
[2024-11-28T15:53:51.857+0000] {logging_mixin.py:190} INFO - [2024-11-28T15:53:51.857+0000] {dagbag.py:588} INFO - Filling up the DagBag from /opt/airflow/dags/vnstock_stream.py
[2024-11-28T15:53:51.883+0000] {logging_mixin.py:190} INFO - [2024-11-28T15:53:51.877+0000] {dagbag.py:387} ERROR - Failed to import: /opt/airflow/dags/vnstock_stream.py
Traceback (most recent call last):
  File "/home/airflow/.local/lib/python3.11/site-packages/airflow/models/dagbag.py", line 383, in parse
    loader.exec_module(new_module)
  File "<frozen importlib._bootstrap_external>", line 940, in exec_module
  File "<frozen importlib._bootstrap>", line 241, in _call_with_frames_removed
  File "/opt/airflow/dags/vnstock_stream.py", line 4, in <module>
    from vnstock3 import Vnstock
ModuleNotFoundError: No module named 'vnstock3'
[2024-11-28T15:53:51.884+0000] {processor.py:927} WARNING - No viable dags retrieved from /opt/airflow/dags/vnstock_stream.py
[2024-11-28T15:53:51.903+0000] {processor.py:208} INFO - Processing /opt/airflow/dags/vnstock_stream.py took 0.064 seconds
[2024-11-28T15:54:22.298+0000] {processor.py:186} INFO - Started process (PID=209) to work on /opt/airflow/dags/vnstock_stream.py
[2024-11-28T15:54:22.299+0000] {processor.py:914} INFO - Processing file /opt/airflow/dags/vnstock_stream.py for tasks to queue
[2024-11-28T15:54:22.301+0000] {logging_mixin.py:190} INFO - [2024-11-28T15:54:22.301+0000] {dagbag.py:588} INFO - Filling up the DagBag from /opt/airflow/dags/vnstock_stream.py
[2024-11-28T15:54:22.318+0000] {logging_mixin.py:190} INFO - [2024-11-28T15:54:22.315+0000] {dagbag.py:387} ERROR - Failed to import: /opt/airflow/dags/vnstock_stream.py
Traceback (most recent call last):
  File "/home/airflow/.local/lib/python3.11/site-packages/airflow/models/dagbag.py", line 383, in parse
    loader.exec_module(new_module)
  File "<frozen importlib._bootstrap_external>", line 940, in exec_module
  File "<frozen importlib._bootstrap>", line 241, in _call_with_frames_removed
  File "/opt/airflow/dags/vnstock_stream.py", line 4, in <module>
    from vnstock3 import Vnstock
ModuleNotFoundError: No module named 'vnstock3'
[2024-11-28T15:54:22.319+0000] {processor.py:927} WARNING - No viable dags retrieved from /opt/airflow/dags/vnstock_stream.py
[2024-11-28T15:54:22.340+0000] {processor.py:208} INFO - Processing /opt/airflow/dags/vnstock_stream.py took 0.049 seconds
[2024-11-28T15:54:52.757+0000] {processor.py:186} INFO - Started process (PID=219) to work on /opt/airflow/dags/vnstock_stream.py
[2024-11-28T15:54:52.759+0000] {processor.py:914} INFO - Processing file /opt/airflow/dags/vnstock_stream.py for tasks to queue
[2024-11-28T15:54:52.761+0000] {logging_mixin.py:190} INFO - [2024-11-28T15:54:52.761+0000] {dagbag.py:588} INFO - Filling up the DagBag from /opt/airflow/dags/vnstock_stream.py
[2024-11-28T15:54:52.779+0000] {logging_mixin.py:190} INFO - [2024-11-28T15:54:52.776+0000] {dagbag.py:387} ERROR - Failed to import: /opt/airflow/dags/vnstock_stream.py
Traceback (most recent call last):
  File "/home/airflow/.local/lib/python3.11/site-packages/airflow/models/dagbag.py", line 383, in parse
    loader.exec_module(new_module)
  File "<frozen importlib._bootstrap_external>", line 940, in exec_module
  File "<frozen importlib._bootstrap>", line 241, in _call_with_frames_removed
  File "/opt/airflow/dags/vnstock_stream.py", line 4, in <module>
    from vnstock3 import Vnstock
ModuleNotFoundError: No module named 'vnstock3'
[2024-11-28T15:54:52.780+0000] {processor.py:927} WARNING - No viable dags retrieved from /opt/airflow/dags/vnstock_stream.py
[2024-11-28T15:54:52.798+0000] {processor.py:208} INFO - Processing /opt/airflow/dags/vnstock_stream.py took 0.047 seconds
[2024-11-28T15:55:23.194+0000] {processor.py:186} INFO - Started process (PID=229) to work on /opt/airflow/dags/vnstock_stream.py
[2024-11-28T15:55:23.195+0000] {processor.py:914} INFO - Processing file /opt/airflow/dags/vnstock_stream.py for tasks to queue
[2024-11-28T15:55:23.197+0000] {logging_mixin.py:190} INFO - [2024-11-28T15:55:23.197+0000] {dagbag.py:588} INFO - Filling up the DagBag from /opt/airflow/dags/vnstock_stream.py
[2024-11-28T15:55:23.229+0000] {logging_mixin.py:190} INFO - [2024-11-28T15:55:23.223+0000] {dagbag.py:387} ERROR - Failed to import: /opt/airflow/dags/vnstock_stream.py
Traceback (most recent call last):
  File "/home/airflow/.local/lib/python3.11/site-packages/airflow/models/dagbag.py", line 383, in parse
    loader.exec_module(new_module)
  File "<frozen importlib._bootstrap_external>", line 940, in exec_module
  File "<frozen importlib._bootstrap>", line 241, in _call_with_frames_removed
  File "/opt/airflow/dags/vnstock_stream.py", line 4, in <module>
    from vnstock3 import Vnstock
ModuleNotFoundError: No module named 'vnstock3'
[2024-11-28T15:55:23.231+0000] {processor.py:927} WARNING - No viable dags retrieved from /opt/airflow/dags/vnstock_stream.py
[2024-11-28T15:55:23.254+0000] {processor.py:208} INFO - Processing /opt/airflow/dags/vnstock_stream.py took 0.067 seconds
[2024-11-28T16:16:18.739+0000] {processor.py:186} INFO - Started process (PID=179) to work on /opt/airflow/dags/vnstock_stream.py
[2024-11-28T16:16:18.740+0000] {processor.py:914} INFO - Processing file /opt/airflow/dags/vnstock_stream.py for tasks to queue
[2024-11-28T16:16:18.742+0000] {logging_mixin.py:190} INFO - [2024-11-28T16:16:18.742+0000] {dagbag.py:588} INFO - Filling up the DagBag from /opt/airflow/dags/vnstock_stream.py
[2024-11-28T16:16:18.762+0000] {logging_mixin.py:190} INFO - [2024-11-28T16:16:18.758+0000] {dagbag.py:387} ERROR - Failed to import: /opt/airflow/dags/vnstock_stream.py
Traceback (most recent call last):
  File "/home/airflow/.local/lib/python3.11/site-packages/airflow/models/dagbag.py", line 383, in parse
    loader.exec_module(new_module)
  File "<frozen importlib._bootstrap_external>", line 940, in exec_module
  File "<frozen importlib._bootstrap>", line 241, in _call_with_frames_removed
  File "/opt/airflow/dags/vnstock_stream.py", line 4, in <module>
    from vnstock3 import Vnstock
ModuleNotFoundError: No module named 'vnstock3'
[2024-11-28T16:16:18.764+0000] {processor.py:927} WARNING - No viable dags retrieved from /opt/airflow/dags/vnstock_stream.py
[2024-11-28T16:16:18.793+0000] {processor.py:208} INFO - Processing /opt/airflow/dags/vnstock_stream.py took 0.062 seconds
[2024-11-28T16:16:49.201+0000] {processor.py:186} INFO - Started process (PID=189) to work on /opt/airflow/dags/vnstock_stream.py
[2024-11-28T16:16:49.203+0000] {processor.py:914} INFO - Processing file /opt/airflow/dags/vnstock_stream.py for tasks to queue
[2024-11-28T16:16:49.205+0000] {logging_mixin.py:190} INFO - [2024-11-28T16:16:49.205+0000] {dagbag.py:588} INFO - Filling up the DagBag from /opt/airflow/dags/vnstock_stream.py
[2024-11-28T16:16:49.214+0000] {logging_mixin.py:190} INFO - [2024-11-28T16:16:49.212+0000] {dagbag.py:387} ERROR - Failed to import: /opt/airflow/dags/vnstock_stream.py
Traceback (most recent call last):
  File "/home/airflow/.local/lib/python3.11/site-packages/airflow/models/dagbag.py", line 383, in parse
    loader.exec_module(new_module)
  File "<frozen importlib._bootstrap_external>", line 940, in exec_module
  File "<frozen importlib._bootstrap>", line 241, in _call_with_frames_removed
  File "/opt/airflow/dags/vnstock_stream.py", line 4, in <module>
    from vnstock3 import Vnstock
ModuleNotFoundError: No module named 'vnstock3'
[2024-11-28T16:16:49.216+0000] {processor.py:927} WARNING - No viable dags retrieved from /opt/airflow/dags/vnstock_stream.py
[2024-11-28T16:16:49.238+0000] {processor.py:208} INFO - Processing /opt/airflow/dags/vnstock_stream.py took 0.043 seconds
[2024-11-28T16:17:19.670+0000] {processor.py:186} INFO - Started process (PID=199) to work on /opt/airflow/dags/vnstock_stream.py
[2024-11-28T16:17:19.672+0000] {processor.py:914} INFO - Processing file /opt/airflow/dags/vnstock_stream.py for tasks to queue
[2024-11-28T16:17:19.677+0000] {logging_mixin.py:190} INFO - [2024-11-28T16:17:19.677+0000] {dagbag.py:588} INFO - Filling up the DagBag from /opt/airflow/dags/vnstock_stream.py
[2024-11-28T16:17:19.699+0000] {logging_mixin.py:190} INFO - [2024-11-28T16:17:19.695+0000] {dagbag.py:387} ERROR - Failed to import: /opt/airflow/dags/vnstock_stream.py
Traceback (most recent call last):
  File "/home/airflow/.local/lib/python3.11/site-packages/airflow/models/dagbag.py", line 383, in parse
    loader.exec_module(new_module)
  File "<frozen importlib._bootstrap_external>", line 940, in exec_module
  File "<frozen importlib._bootstrap>", line 241, in _call_with_frames_removed
  File "/opt/airflow/dags/vnstock_stream.py", line 4, in <module>
    from vnstock3 import Vnstock
ModuleNotFoundError: No module named 'vnstock3'
[2024-11-28T16:17:19.703+0000] {processor.py:927} WARNING - No viable dags retrieved from /opt/airflow/dags/vnstock_stream.py
[2024-11-28T16:17:19.735+0000] {processor.py:208} INFO - Processing /opt/airflow/dags/vnstock_stream.py took 0.075 seconds
[2024-11-28T16:17:50.153+0000] {processor.py:186} INFO - Started process (PID=209) to work on /opt/airflow/dags/vnstock_stream.py
[2024-11-28T16:17:50.154+0000] {processor.py:914} INFO - Processing file /opt/airflow/dags/vnstock_stream.py for tasks to queue
[2024-11-28T16:17:50.158+0000] {logging_mixin.py:190} INFO - [2024-11-28T16:17:50.157+0000] {dagbag.py:588} INFO - Filling up the DagBag from /opt/airflow/dags/vnstock_stream.py
[2024-11-28T16:17:50.189+0000] {logging_mixin.py:190} INFO - [2024-11-28T16:17:50.183+0000] {dagbag.py:387} ERROR - Failed to import: /opt/airflow/dags/vnstock_stream.py
Traceback (most recent call last):
  File "/home/airflow/.local/lib/python3.11/site-packages/airflow/models/dagbag.py", line 383, in parse
    loader.exec_module(new_module)
  File "<frozen importlib._bootstrap_external>", line 940, in exec_module
  File "<frozen importlib._bootstrap>", line 241, in _call_with_frames_removed
  File "/opt/airflow/dags/vnstock_stream.py", line 4, in <module>
    from vnstock3 import Vnstock
ModuleNotFoundError: No module named 'vnstock3'
[2024-11-28T16:17:50.193+0000] {processor.py:927} WARNING - No viable dags retrieved from /opt/airflow/dags/vnstock_stream.py
[2024-11-28T16:17:50.223+0000] {processor.py:208} INFO - Processing /opt/airflow/dags/vnstock_stream.py took 0.077 seconds
[2024-11-28T16:18:20.625+0000] {processor.py:186} INFO - Started process (PID=219) to work on /opt/airflow/dags/vnstock_stream.py
[2024-11-28T16:18:20.627+0000] {processor.py:914} INFO - Processing file /opt/airflow/dags/vnstock_stream.py for tasks to queue
[2024-11-28T16:18:20.629+0000] {logging_mixin.py:190} INFO - [2024-11-28T16:18:20.629+0000] {dagbag.py:588} INFO - Filling up the DagBag from /opt/airflow/dags/vnstock_stream.py
[2024-11-28T16:18:20.641+0000] {logging_mixin.py:190} INFO - [2024-11-28T16:18:20.638+0000] {dagbag.py:387} ERROR - Failed to import: /opt/airflow/dags/vnstock_stream.py
Traceback (most recent call last):
  File "/home/airflow/.local/lib/python3.11/site-packages/airflow/models/dagbag.py", line 383, in parse
    loader.exec_module(new_module)
  File "<frozen importlib._bootstrap_external>", line 940, in exec_module
  File "<frozen importlib._bootstrap>", line 241, in _call_with_frames_removed
  File "/opt/airflow/dags/vnstock_stream.py", line 4, in <module>
    from vnstock3 import Vnstock
ModuleNotFoundError: No module named 'vnstock3'
[2024-11-28T16:18:20.642+0000] {processor.py:927} WARNING - No viable dags retrieved from /opt/airflow/dags/vnstock_stream.py
[2024-11-28T16:18:20.663+0000] {processor.py:208} INFO - Processing /opt/airflow/dags/vnstock_stream.py took 0.044 seconds
[2024-11-28T16:18:51.064+0000] {processor.py:186} INFO - Started process (PID=229) to work on /opt/airflow/dags/vnstock_stream.py
[2024-11-28T16:18:51.066+0000] {processor.py:914} INFO - Processing file /opt/airflow/dags/vnstock_stream.py for tasks to queue
[2024-11-28T16:18:51.069+0000] {logging_mixin.py:190} INFO - [2024-11-28T16:18:51.069+0000] {dagbag.py:588} INFO - Filling up the DagBag from /opt/airflow/dags/vnstock_stream.py
[2024-11-28T16:18:51.088+0000] {logging_mixin.py:190} INFO - [2024-11-28T16:18:51.084+0000] {dagbag.py:387} ERROR - Failed to import: /opt/airflow/dags/vnstock_stream.py
Traceback (most recent call last):
  File "/home/airflow/.local/lib/python3.11/site-packages/airflow/models/dagbag.py", line 383, in parse
    loader.exec_module(new_module)
  File "<frozen importlib._bootstrap_external>", line 940, in exec_module
  File "<frozen importlib._bootstrap>", line 241, in _call_with_frames_removed
  File "/opt/airflow/dags/vnstock_stream.py", line 4, in <module>
    from vnstock3 import Vnstock
ModuleNotFoundError: No module named 'vnstock3'
[2024-11-28T16:18:51.089+0000] {processor.py:927} WARNING - No viable dags retrieved from /opt/airflow/dags/vnstock_stream.py
[2024-11-28T16:18:51.111+0000] {processor.py:208} INFO - Processing /opt/airflow/dags/vnstock_stream.py took 0.054 seconds
[2024-11-28T16:19:21.507+0000] {processor.py:186} INFO - Started process (PID=239) to work on /opt/airflow/dags/vnstock_stream.py
[2024-11-28T16:19:21.508+0000] {processor.py:914} INFO - Processing file /opt/airflow/dags/vnstock_stream.py for tasks to queue
[2024-11-28T16:19:21.510+0000] {logging_mixin.py:190} INFO - [2024-11-28T16:19:21.510+0000] {dagbag.py:588} INFO - Filling up the DagBag from /opt/airflow/dags/vnstock_stream.py
[2024-11-28T16:19:21.521+0000] {logging_mixin.py:190} INFO - [2024-11-28T16:19:21.519+0000] {dagbag.py:387} ERROR - Failed to import: /opt/airflow/dags/vnstock_stream.py
Traceback (most recent call last):
  File "/home/airflow/.local/lib/python3.11/site-packages/airflow/models/dagbag.py", line 383, in parse
    loader.exec_module(new_module)
  File "<frozen importlib._bootstrap_external>", line 940, in exec_module
  File "<frozen importlib._bootstrap>", line 241, in _call_with_frames_removed
  File "/opt/airflow/dags/vnstock_stream.py", line 4, in <module>
    from vnstock3 import Vnstock
ModuleNotFoundError: No module named 'vnstock3'
[2024-11-28T16:19:21.521+0000] {processor.py:927} WARNING - No viable dags retrieved from /opt/airflow/dags/vnstock_stream.py
[2024-11-28T16:19:21.537+0000] {processor.py:208} INFO - Processing /opt/airflow/dags/vnstock_stream.py took 0.034 seconds
[2024-11-28T16:19:51.937+0000] {processor.py:186} INFO - Started process (PID=249) to work on /opt/airflow/dags/vnstock_stream.py
[2024-11-28T16:19:51.939+0000] {processor.py:914} INFO - Processing file /opt/airflow/dags/vnstock_stream.py for tasks to queue
[2024-11-28T16:19:51.942+0000] {logging_mixin.py:190} INFO - [2024-11-28T16:19:51.941+0000] {dagbag.py:588} INFO - Filling up the DagBag from /opt/airflow/dags/vnstock_stream.py
[2024-11-28T16:19:51.964+0000] {logging_mixin.py:190} INFO - [2024-11-28T16:19:51.959+0000] {dagbag.py:387} ERROR - Failed to import: /opt/airflow/dags/vnstock_stream.py
Traceback (most recent call last):
  File "/home/airflow/.local/lib/python3.11/site-packages/airflow/models/dagbag.py", line 383, in parse
    loader.exec_module(new_module)
  File "<frozen importlib._bootstrap_external>", line 940, in exec_module
  File "<frozen importlib._bootstrap>", line 241, in _call_with_frames_removed
  File "/opt/airflow/dags/vnstock_stream.py", line 4, in <module>
    from vnstock3 import Vnstock
ModuleNotFoundError: No module named 'vnstock3'
[2024-11-28T16:19:51.966+0000] {processor.py:927} WARNING - No viable dags retrieved from /opt/airflow/dags/vnstock_stream.py
[2024-11-28T16:19:51.999+0000] {processor.py:208} INFO - Processing /opt/airflow/dags/vnstock_stream.py took 0.071 seconds
[2024-11-28T16:20:22.433+0000] {processor.py:186} INFO - Started process (PID=259) to work on /opt/airflow/dags/vnstock_stream.py
[2024-11-28T16:20:22.434+0000] {processor.py:914} INFO - Processing file /opt/airflow/dags/vnstock_stream.py for tasks to queue
[2024-11-28T16:20:22.437+0000] {logging_mixin.py:190} INFO - [2024-11-28T16:20:22.436+0000] {dagbag.py:588} INFO - Filling up the DagBag from /opt/airflow/dags/vnstock_stream.py
[2024-11-28T16:20:22.456+0000] {logging_mixin.py:190} INFO - [2024-11-28T16:20:22.453+0000] {dagbag.py:387} ERROR - Failed to import: /opt/airflow/dags/vnstock_stream.py
Traceback (most recent call last):
  File "/home/airflow/.local/lib/python3.11/site-packages/airflow/models/dagbag.py", line 383, in parse
    loader.exec_module(new_module)
  File "<frozen importlib._bootstrap_external>", line 940, in exec_module
  File "<frozen importlib._bootstrap>", line 241, in _call_with_frames_removed
  File "/opt/airflow/dags/vnstock_stream.py", line 4, in <module>
    from vnstock3 import Vnstock
ModuleNotFoundError: No module named 'vnstock3'
[2024-11-28T16:20:22.457+0000] {processor.py:927} WARNING - No viable dags retrieved from /opt/airflow/dags/vnstock_stream.py
[2024-11-28T16:20:22.483+0000] {processor.py:208} INFO - Processing /opt/airflow/dags/vnstock_stream.py took 0.057 seconds
[2024-11-28T16:20:27.604+0000] {processor.py:186} INFO - Started process (PID=269) to work on /opt/airflow/dags/vnstock_stream.py
[2024-11-28T16:20:27.606+0000] {processor.py:914} INFO - Processing file /opt/airflow/dags/vnstock_stream.py for tasks to queue
[2024-11-28T16:20:27.608+0000] {logging_mixin.py:190} INFO - [2024-11-28T16:20:27.608+0000] {dagbag.py:588} INFO - Filling up the DagBag from /opt/airflow/dags/vnstock_stream.py
[2024-11-28T16:20:27.701+0000] {processor.py:925} INFO - DAG(s) 'stock_information' retrieved from /opt/airflow/dags/vnstock_stream.py
[2024-11-28T16:20:28.416+0000] {logging_mixin.py:190} INFO - [2024-11-28T16:20:28.416+0000] {override.py:1911} INFO - Created Permission View: can read on DAG:stock_information
[2024-11-28T16:20:28.430+0000] {logging_mixin.py:190} INFO - [2024-11-28T16:20:28.429+0000] {override.py:1911} INFO - Created Permission View: can delete on DAG:stock_information
[2024-11-28T16:20:28.438+0000] {logging_mixin.py:190} INFO - [2024-11-28T16:20:28.438+0000] {override.py:1911} INFO - Created Permission View: can edit on DAG:stock_information
[2024-11-28T16:20:28.449+0000] {logging_mixin.py:190} INFO - [2024-11-28T16:20:28.449+0000] {override.py:1911} INFO - Created Permission View: can read on DAG Run:stock_information
[2024-11-28T16:20:28.458+0000] {logging_mixin.py:190} INFO - [2024-11-28T16:20:28.458+0000] {override.py:1911} INFO - Created Permission View: can create on DAG Run:stock_information
[2024-11-28T16:20:28.467+0000] {logging_mixin.py:190} INFO - [2024-11-28T16:20:28.466+0000] {override.py:1911} INFO - Created Permission View: can delete on DAG Run:stock_information
[2024-11-28T16:20:28.476+0000] {logging_mixin.py:190} INFO - [2024-11-28T16:20:28.476+0000] {override.py:1911} INFO - Created Permission View: menu access on DAG Run:stock_information
[2024-11-28T16:20:28.477+0000] {logging_mixin.py:190} INFO - [2024-11-28T16:20:28.477+0000] {dag.py:3239} INFO - Sync 1 DAGs
[2024-11-28T16:20:28.491+0000] {logging_mixin.py:190} INFO - [2024-11-28T16:20:28.491+0000] {dag.py:3262} INFO - Creating ORM DAG for stock_information
[2024-11-28T16:20:28.520+0000] {logging_mixin.py:190} INFO - [2024-11-28T16:20:28.519+0000] {dag.py:4180} INFO - Setting next_dagrun for stock_information to 2024-11-27 17:00:00+00:00, run_after=2024-11-28 17:00:00+00:00
[2024-11-28T16:20:28.546+0000] {processor.py:208} INFO - Processing /opt/airflow/dags/vnstock_stream.py took 0.953 seconds
[2024-11-28T16:20:38.761+0000] {processor.py:186} INFO - Started process (PID=274) to work on /opt/airflow/dags/vnstock_stream.py
[2024-11-28T16:20:38.762+0000] {processor.py:914} INFO - Processing file /opt/airflow/dags/vnstock_stream.py for tasks to queue
[2024-11-28T16:20:38.766+0000] {logging_mixin.py:190} INFO - [2024-11-28T16:20:38.766+0000] {dagbag.py:588} INFO - Filling up the DagBag from /opt/airflow/dags/vnstock_stream.py
[2024-11-28T16:20:38.803+0000] {processor.py:925} INFO - DAG(s) 'stock_information' retrieved from /opt/airflow/dags/vnstock_stream.py
[2024-11-28T16:20:38.820+0000] {logging_mixin.py:190} INFO - [2024-11-28T16:20:38.820+0000] {dag.py:3239} INFO - Sync 1 DAGs
[2024-11-28T16:20:38.850+0000] {logging_mixin.py:190} INFO - [2024-11-28T16:20:38.850+0000] {dag.py:4180} INFO - Setting next_dagrun for stock_information to 2024-11-27 17:00:00+00:00, run_after=2024-11-28 17:00:00+00:00
[2024-11-28T16:20:38.876+0000] {processor.py:208} INFO - Processing /opt/airflow/dags/vnstock_stream.py took 0.123 seconds
[2024-11-28T16:21:08.275+0000] {processor.py:186} INFO - Started process (PID=284) to work on /opt/airflow/dags/vnstock_stream.py
[2024-11-28T16:21:08.278+0000] {processor.py:914} INFO - Processing file /opt/airflow/dags/vnstock_stream.py for tasks to queue
[2024-11-28T16:21:08.281+0000] {logging_mixin.py:190} INFO - [2024-11-28T16:21:08.281+0000] {dagbag.py:588} INFO - Filling up the DagBag from /opt/airflow/dags/vnstock_stream.py
[2024-11-28T16:21:08.303+0000] {processor.py:925} INFO - DAG(s) 'stock_information' retrieved from /opt/airflow/dags/vnstock_stream.py
[2024-11-28T16:21:08.327+0000] {logging_mixin.py:190} INFO - [2024-11-28T16:21:08.326+0000] {dag.py:3239} INFO - Sync 1 DAGs
[2024-11-28T16:21:08.348+0000] {logging_mixin.py:190} INFO - [2024-11-28T16:21:08.348+0000] {dag.py:4180} INFO - Setting next_dagrun for stock_information to 2024-11-27 17:00:00+00:00, run_after=2024-11-28 17:00:00+00:00
[2024-11-28T16:21:08.374+0000] {processor.py:208} INFO - Processing /opt/airflow/dags/vnstock_stream.py took 0.104 seconds
[2024-11-28T16:21:11.382+0000] {processor.py:186} INFO - Started process (PID=289) to work on /opt/airflow/dags/vnstock_stream.py
[2024-11-28T16:21:11.384+0000] {processor.py:914} INFO - Processing file /opt/airflow/dags/vnstock_stream.py for tasks to queue
[2024-11-28T16:21:11.387+0000] {logging_mixin.py:190} INFO - [2024-11-28T16:21:11.386+0000] {dagbag.py:588} INFO - Filling up the DagBag from /opt/airflow/dags/vnstock_stream.py
[2024-11-28T16:21:11.424+0000] {processor.py:925} INFO - DAG(s) 'stock_information' retrieved from /opt/airflow/dags/vnstock_stream.py
[2024-11-28T16:21:11.449+0000] {logging_mixin.py:190} INFO - [2024-11-28T16:21:11.448+0000] {dag.py:3239} INFO - Sync 1 DAGs
[2024-11-28T16:21:11.469+0000] {logging_mixin.py:190} INFO - [2024-11-28T16:21:11.469+0000] {dag.py:4180} INFO - Setting next_dagrun for stock_information to 2024-11-27 17:00:00+00:00, run_after=2024-11-28 17:00:00+00:00
[2024-11-28T16:21:11.493+0000] {processor.py:208} INFO - Processing /opt/airflow/dags/vnstock_stream.py took 0.117 seconds
[2024-11-28T16:21:41.837+0000] {processor.py:186} INFO - Started process (PID=302) to work on /opt/airflow/dags/vnstock_stream.py
[2024-11-28T16:21:41.838+0000] {processor.py:914} INFO - Processing file /opt/airflow/dags/vnstock_stream.py for tasks to queue
[2024-11-28T16:21:41.840+0000] {logging_mixin.py:190} INFO - [2024-11-28T16:21:41.840+0000] {dagbag.py:588} INFO - Filling up the DagBag from /opt/airflow/dags/vnstock_stream.py
[2024-11-28T16:21:41.860+0000] {processor.py:925} INFO - DAG(s) 'stock_information' retrieved from /opt/airflow/dags/vnstock_stream.py
[2024-11-28T16:21:41.887+0000] {logging_mixin.py:190} INFO - [2024-11-28T16:21:41.887+0000] {dag.py:3239} INFO - Sync 1 DAGs
[2024-11-28T16:21:41.910+0000] {logging_mixin.py:190} INFO - [2024-11-28T16:21:41.910+0000] {dag.py:4180} INFO - Setting next_dagrun for stock_information to 2024-11-27 17:00:00+00:00, run_after=2024-11-28 17:00:00+00:00
[2024-11-28T16:21:41.928+0000] {processor.py:208} INFO - Processing /opt/airflow/dags/vnstock_stream.py took 0.098 seconds
[2024-11-28T16:22:12.255+0000] {processor.py:186} INFO - Started process (PID=312) to work on /opt/airflow/dags/vnstock_stream.py
[2024-11-28T16:22:12.256+0000] {processor.py:914} INFO - Processing file /opt/airflow/dags/vnstock_stream.py for tasks to queue
[2024-11-28T16:22:12.258+0000] {logging_mixin.py:190} INFO - [2024-11-28T16:22:12.257+0000] {dagbag.py:588} INFO - Filling up the DagBag from /opt/airflow/dags/vnstock_stream.py
[2024-11-28T16:22:12.273+0000] {processor.py:925} INFO - DAG(s) 'stock_information' retrieved from /opt/airflow/dags/vnstock_stream.py
[2024-11-28T16:22:12.296+0000] {logging_mixin.py:190} INFO - [2024-11-28T16:22:12.296+0000] {dag.py:3239} INFO - Sync 1 DAGs
[2024-11-28T16:22:12.322+0000] {logging_mixin.py:190} INFO - [2024-11-28T16:22:12.321+0000] {dag.py:4180} INFO - Setting next_dagrun for stock_information to 2024-11-27 17:00:00+00:00, run_after=2024-11-28 17:00:00+00:00
[2024-11-28T16:22:12.340+0000] {processor.py:208} INFO - Processing /opt/airflow/dags/vnstock_stream.py took 0.090 seconds
[2024-11-28T16:22:18.432+0000] {processor.py:186} INFO - Started process (PID=317) to work on /opt/airflow/dags/vnstock_stream.py
[2024-11-28T16:22:18.433+0000] {processor.py:914} INFO - Processing file /opt/airflow/dags/vnstock_stream.py for tasks to queue
[2024-11-28T16:22:18.435+0000] {logging_mixin.py:190} INFO - [2024-11-28T16:22:18.435+0000] {dagbag.py:588} INFO - Filling up the DagBag from /opt/airflow/dags/vnstock_stream.py
[2024-11-28T16:22:18.463+0000] {processor.py:925} INFO - DAG(s) 'stock_information' retrieved from /opt/airflow/dags/vnstock_stream.py
[2024-11-28T16:22:18.487+0000] {logging_mixin.py:190} INFO - [2024-11-28T16:22:18.487+0000] {dag.py:3239} INFO - Sync 1 DAGs
[2024-11-28T16:22:18.515+0000] {logging_mixin.py:190} INFO - [2024-11-28T16:22:18.514+0000] {dag.py:4180} INFO - Setting next_dagrun for stock_information to 2024-11-27 17:00:00+00:00, run_after=2024-11-28 17:00:00+00:00
[2024-11-28T16:22:18.536+0000] {processor.py:208} INFO - Processing /opt/airflow/dags/vnstock_stream.py took 0.110 seconds
[2024-11-28T16:22:31.718+0000] {processor.py:186} INFO - Started process (PID=327) to work on /opt/airflow/dags/vnstock_stream.py
[2024-11-28T16:22:31.719+0000] {processor.py:914} INFO - Processing file /opt/airflow/dags/vnstock_stream.py for tasks to queue
[2024-11-28T16:22:31.722+0000] {logging_mixin.py:190} INFO - [2024-11-28T16:22:31.722+0000] {dagbag.py:588} INFO - Filling up the DagBag from /opt/airflow/dags/vnstock_stream.py
[2024-11-28T16:22:31.780+0000] {processor.py:925} INFO - DAG(s) 'stock_information' retrieved from /opt/airflow/dags/vnstock_stream.py
[2024-11-28T16:22:31.804+0000] {logging_mixin.py:190} INFO - [2024-11-28T16:22:31.804+0000] {dag.py:3239} INFO - Sync 1 DAGs
[2024-11-28T16:22:31.826+0000] {logging_mixin.py:190} INFO - [2024-11-28T16:22:31.826+0000] {dag.py:4180} INFO - Setting next_dagrun for stock_information to 2024-11-27 17:00:00+00:00, run_after=2024-11-28 17:00:00+00:00
[2024-11-28T16:22:31.854+0000] {processor.py:208} INFO - Processing /opt/airflow/dags/vnstock_stream.py took 0.140 seconds
[2024-11-28T16:22:47.976+0000] {processor.py:186} INFO - Started process (PID=332) to work on /opt/airflow/dags/vnstock_stream.py
[2024-11-28T16:22:47.978+0000] {processor.py:914} INFO - Processing file /opt/airflow/dags/vnstock_stream.py for tasks to queue
[2024-11-28T16:22:47.981+0000] {logging_mixin.py:190} INFO - [2024-11-28T16:22:47.980+0000] {dagbag.py:588} INFO - Filling up the DagBag from /opt/airflow/dags/vnstock_stream.py
[2024-11-28T16:22:48.023+0000] {processor.py:925} INFO - DAG(s) 'stock_information' retrieved from /opt/airflow/dags/vnstock_stream.py
[2024-11-28T16:22:48.052+0000] {logging_mixin.py:190} INFO - [2024-11-28T16:22:48.052+0000] {dag.py:3239} INFO - Sync 1 DAGs
[2024-11-28T16:22:48.078+0000] {logging_mixin.py:190} INFO - [2024-11-28T16:22:48.078+0000] {dag.py:4180} INFO - Setting next_dagrun for stock_information to 2024-11-27 17:00:00+00:00, run_after=2024-11-28 17:00:00+00:00
[2024-11-28T16:22:48.112+0000] {processor.py:208} INFO - Processing /opt/airflow/dags/vnstock_stream.py took 0.141 seconds
[2024-11-28T16:23:18.492+0000] {processor.py:186} INFO - Started process (PID=345) to work on /opt/airflow/dags/vnstock_stream.py
[2024-11-28T16:23:18.493+0000] {processor.py:914} INFO - Processing file /opt/airflow/dags/vnstock_stream.py for tasks to queue
[2024-11-28T16:23:18.496+0000] {logging_mixin.py:190} INFO - [2024-11-28T16:23:18.495+0000] {dagbag.py:588} INFO - Filling up the DagBag from /opt/airflow/dags/vnstock_stream.py
[2024-11-28T16:23:18.519+0000] {processor.py:925} INFO - DAG(s) 'stock_information' retrieved from /opt/airflow/dags/vnstock_stream.py
[2024-11-28T16:23:18.551+0000] {logging_mixin.py:190} INFO - [2024-11-28T16:23:18.551+0000] {dag.py:3239} INFO - Sync 1 DAGs
[2024-11-28T16:23:18.579+0000] {logging_mixin.py:190} INFO - [2024-11-28T16:23:18.578+0000] {dag.py:4180} INFO - Setting next_dagrun for stock_information to 2024-11-27 17:00:00+00:00, run_after=2024-11-28 17:00:00+00:00
[2024-11-28T16:23:18.600+0000] {processor.py:208} INFO - Processing /opt/airflow/dags/vnstock_stream.py took 0.115 seconds
[2024-11-28T16:23:48.915+0000] {processor.py:186} INFO - Started process (PID=355) to work on /opt/airflow/dags/vnstock_stream.py
[2024-11-28T16:23:48.917+0000] {processor.py:914} INFO - Processing file /opt/airflow/dags/vnstock_stream.py for tasks to queue
[2024-11-28T16:23:48.920+0000] {logging_mixin.py:190} INFO - [2024-11-28T16:23:48.919+0000] {dagbag.py:588} INFO - Filling up the DagBag from /opt/airflow/dags/vnstock_stream.py
[2024-11-28T16:23:48.948+0000] {processor.py:925} INFO - DAG(s) 'stock_information' retrieved from /opt/airflow/dags/vnstock_stream.py
[2024-11-28T16:23:48.971+0000] {logging_mixin.py:190} INFO - [2024-11-28T16:23:48.971+0000] {dag.py:3239} INFO - Sync 1 DAGs
[2024-11-28T16:23:48.994+0000] {logging_mixin.py:190} INFO - [2024-11-28T16:23:48.994+0000] {dag.py:4180} INFO - Setting next_dagrun for stock_information to 2024-11-27 17:00:00+00:00, run_after=2024-11-28 17:00:00+00:00
[2024-11-28T16:23:49.012+0000] {processor.py:208} INFO - Processing /opt/airflow/dags/vnstock_stream.py took 0.105 seconds
[2024-11-28T16:24:19.301+0000] {processor.py:186} INFO - Started process (PID=365) to work on /opt/airflow/dags/vnstock_stream.py
[2024-11-28T16:24:19.302+0000] {processor.py:914} INFO - Processing file /opt/airflow/dags/vnstock_stream.py for tasks to queue
[2024-11-28T16:24:19.304+0000] {logging_mixin.py:190} INFO - [2024-11-28T16:24:19.303+0000] {dagbag.py:588} INFO - Filling up the DagBag from /opt/airflow/dags/vnstock_stream.py
[2024-11-28T16:24:19.321+0000] {processor.py:925} INFO - DAG(s) 'stock_information' retrieved from /opt/airflow/dags/vnstock_stream.py
[2024-11-28T16:24:19.346+0000] {logging_mixin.py:190} INFO - [2024-11-28T16:24:19.346+0000] {dag.py:3239} INFO - Sync 1 DAGs
[2024-11-28T16:24:19.370+0000] {logging_mixin.py:190} INFO - [2024-11-28T16:24:19.370+0000] {dag.py:4180} INFO - Setting next_dagrun for stock_information to 2024-11-27 17:00:00+00:00, run_after=2024-11-28 17:00:00+00:00
[2024-11-28T16:24:19.387+0000] {processor.py:208} INFO - Processing /opt/airflow/dags/vnstock_stream.py took 0.092 seconds
[2024-11-28T16:24:50.255+0000] {processor.py:186} INFO - Started process (PID=375) to work on /opt/airflow/dags/vnstock_stream.py
[2024-11-28T16:24:50.256+0000] {processor.py:914} INFO - Processing file /opt/airflow/dags/vnstock_stream.py for tasks to queue
[2024-11-28T16:24:50.258+0000] {logging_mixin.py:190} INFO - [2024-11-28T16:24:50.258+0000] {dagbag.py:588} INFO - Filling up the DagBag from /opt/airflow/dags/vnstock_stream.py
[2024-11-28T16:24:50.271+0000] {processor.py:925} INFO - DAG(s) 'stock_information' retrieved from /opt/airflow/dags/vnstock_stream.py
[2024-11-28T16:24:50.290+0000] {logging_mixin.py:190} INFO - [2024-11-28T16:24:50.290+0000] {dag.py:3239} INFO - Sync 1 DAGs
[2024-11-28T16:24:50.309+0000] {logging_mixin.py:190} INFO - [2024-11-28T16:24:50.309+0000] {dag.py:4180} INFO - Setting next_dagrun for stock_information to 2024-11-27 17:00:00+00:00, run_after=2024-11-28 17:00:00+00:00
[2024-11-28T16:24:50.337+0000] {processor.py:208} INFO - Processing /opt/airflow/dags/vnstock_stream.py took 0.087 seconds
[2024-11-28T16:25:20.822+0000] {processor.py:186} INFO - Started process (PID=385) to work on /opt/airflow/dags/vnstock_stream.py
[2024-11-28T16:25:20.823+0000] {processor.py:914} INFO - Processing file /opt/airflow/dags/vnstock_stream.py for tasks to queue
[2024-11-28T16:25:20.826+0000] {logging_mixin.py:190} INFO - [2024-11-28T16:25:20.826+0000] {dagbag.py:588} INFO - Filling up the DagBag from /opt/airflow/dags/vnstock_stream.py
[2024-11-28T16:25:20.858+0000] {processor.py:925} INFO - DAG(s) 'stock_information' retrieved from /opt/airflow/dags/vnstock_stream.py
[2024-11-28T16:25:20.885+0000] {logging_mixin.py:190} INFO - [2024-11-28T16:25:20.885+0000] {dag.py:3239} INFO - Sync 1 DAGs
[2024-11-28T16:25:20.906+0000] {logging_mixin.py:190} INFO - [2024-11-28T16:25:20.906+0000] {dag.py:4180} INFO - Setting next_dagrun for stock_information to 2024-11-27 17:00:00+00:00, run_after=2024-11-28 17:00:00+00:00
[2024-11-28T16:25:20.928+0000] {processor.py:208} INFO - Processing /opt/airflow/dags/vnstock_stream.py took 0.114 seconds
[2024-11-28T16:25:51.384+0000] {processor.py:186} INFO - Started process (PID=395) to work on /opt/airflow/dags/vnstock_stream.py
[2024-11-28T16:25:51.386+0000] {processor.py:914} INFO - Processing file /opt/airflow/dags/vnstock_stream.py for tasks to queue
[2024-11-28T16:25:51.388+0000] {logging_mixin.py:190} INFO - [2024-11-28T16:25:51.387+0000] {dagbag.py:588} INFO - Filling up the DagBag from /opt/airflow/dags/vnstock_stream.py
[2024-11-28T16:25:51.405+0000] {processor.py:925} INFO - DAG(s) 'stock_information' retrieved from /opt/airflow/dags/vnstock_stream.py
[2024-11-28T16:25:51.425+0000] {logging_mixin.py:190} INFO - [2024-11-28T16:25:51.424+0000] {dag.py:3239} INFO - Sync 1 DAGs
[2024-11-28T16:25:51.443+0000] {logging_mixin.py:190} INFO - [2024-11-28T16:25:51.443+0000] {dag.py:4180} INFO - Setting next_dagrun for stock_information to 2024-11-27 17:00:00+00:00, run_after=2024-11-28 17:00:00+00:00
[2024-11-28T16:25:51.460+0000] {processor.py:208} INFO - Processing /opt/airflow/dags/vnstock_stream.py took 0.080 seconds
[2024-11-28T16:26:19.874+0000] {processor.py:186} INFO - Started process (PID=405) to work on /opt/airflow/dags/vnstock_stream.py
[2024-11-28T16:26:19.875+0000] {processor.py:914} INFO - Processing file /opt/airflow/dags/vnstock_stream.py for tasks to queue
[2024-11-28T16:26:19.877+0000] {logging_mixin.py:190} INFO - [2024-11-28T16:26:19.877+0000] {dagbag.py:588} INFO - Filling up the DagBag from /opt/airflow/dags/vnstock_stream.py
[2024-11-28T16:26:19.904+0000] {processor.py:925} INFO - DAG(s) 'stock_information' retrieved from /opt/airflow/dags/vnstock_stream.py
[2024-11-28T16:26:19.925+0000] {logging_mixin.py:190} INFO - [2024-11-28T16:26:19.925+0000] {dag.py:3239} INFO - Sync 1 DAGs
[2024-11-28T16:26:19.944+0000] {logging_mixin.py:190} INFO - [2024-11-28T16:26:19.944+0000] {dag.py:4180} INFO - Setting next_dagrun for stock_information to 2024-11-27 17:00:00+00:00, run_after=2024-11-28 17:00:00+00:00
[2024-11-28T16:26:19.972+0000] {processor.py:208} INFO - Processing /opt/airflow/dags/vnstock_stream.py took 0.103 seconds
[2024-11-28T16:26:23.982+0000] {processor.py:186} INFO - Started process (PID=410) to work on /opt/airflow/dags/vnstock_stream.py
[2024-11-28T16:26:23.984+0000] {processor.py:914} INFO - Processing file /opt/airflow/dags/vnstock_stream.py for tasks to queue
[2024-11-28T16:26:23.987+0000] {logging_mixin.py:190} INFO - [2024-11-28T16:26:23.987+0000] {dagbag.py:588} INFO - Filling up the DagBag from /opt/airflow/dags/vnstock_stream.py
[2024-11-28T16:26:24.009+0000] {processor.py:925} INFO - DAG(s) 'stock_information' retrieved from /opt/airflow/dags/vnstock_stream.py
[2024-11-28T16:26:24.031+0000] {logging_mixin.py:190} INFO - [2024-11-28T16:26:24.031+0000] {dag.py:3239} INFO - Sync 1 DAGs
[2024-11-28T16:26:24.050+0000] {logging_mixin.py:190} INFO - [2024-11-28T16:26:24.050+0000] {dag.py:4180} INFO - Setting next_dagrun for stock_information to 2024-11-27 17:00:00+00:00, run_after=2024-11-28 17:00:00+00:00
[2024-11-28T16:26:24.073+0000] {processor.py:208} INFO - Processing /opt/airflow/dags/vnstock_stream.py took 0.096 seconds
[2024-11-28T16:26:54.418+0000] {processor.py:186} INFO - Started process (PID=420) to work on /opt/airflow/dags/vnstock_stream.py
[2024-11-28T16:26:54.419+0000] {processor.py:914} INFO - Processing file /opt/airflow/dags/vnstock_stream.py for tasks to queue
[2024-11-28T16:26:54.421+0000] {logging_mixin.py:190} INFO - [2024-11-28T16:26:54.420+0000] {dagbag.py:588} INFO - Filling up the DagBag from /opt/airflow/dags/vnstock_stream.py
[2024-11-28T16:26:54.436+0000] {processor.py:925} INFO - DAG(s) 'stock_information' retrieved from /opt/airflow/dags/vnstock_stream.py
[2024-11-28T16:26:54.457+0000] {logging_mixin.py:190} INFO - [2024-11-28T16:26:54.457+0000] {dag.py:3239} INFO - Sync 1 DAGs
[2024-11-28T16:26:54.477+0000] {logging_mixin.py:190} INFO - [2024-11-28T16:26:54.477+0000] {dag.py:4180} INFO - Setting next_dagrun for stock_information to 2024-11-27 17:00:00+00:00, run_after=2024-11-28 17:00:00+00:00
[2024-11-28T16:26:54.495+0000] {processor.py:208} INFO - Processing /opt/airflow/dags/vnstock_stream.py took 0.082 seconds
[2024-11-28T16:27:24.943+0000] {processor.py:186} INFO - Started process (PID=433) to work on /opt/airflow/dags/vnstock_stream.py
[2024-11-28T16:27:24.945+0000] {processor.py:914} INFO - Processing file /opt/airflow/dags/vnstock_stream.py for tasks to queue
[2024-11-28T16:27:24.950+0000] {logging_mixin.py:190} INFO - [2024-11-28T16:27:24.949+0000] {dagbag.py:588} INFO - Filling up the DagBag from /opt/airflow/dags/vnstock_stream.py
[2024-11-28T16:27:24.981+0000] {processor.py:925} INFO - DAG(s) 'stock_information' retrieved from /opt/airflow/dags/vnstock_stream.py
[2024-11-28T16:27:25.013+0000] {logging_mixin.py:190} INFO - [2024-11-28T16:27:25.013+0000] {dag.py:3239} INFO - Sync 1 DAGs
[2024-11-28T16:27:25.043+0000] {logging_mixin.py:190} INFO - [2024-11-28T16:27:25.042+0000] {dag.py:4180} INFO - Setting next_dagrun for stock_information to 2024-11-27 17:00:00+00:00, run_after=2024-11-28 17:00:00+00:00
[2024-11-28T16:27:25.072+0000] {processor.py:208} INFO - Processing /opt/airflow/dags/vnstock_stream.py took 0.141 seconds
[2024-11-28T16:27:55.262+0000] {processor.py:186} INFO - Started process (PID=443) to work on /opt/airflow/dags/vnstock_stream.py
[2024-11-28T16:27:55.264+0000] {processor.py:914} INFO - Processing file /opt/airflow/dags/vnstock_stream.py for tasks to queue
[2024-11-28T16:27:55.268+0000] {logging_mixin.py:190} INFO - [2024-11-28T16:27:55.267+0000] {dagbag.py:588} INFO - Filling up the DagBag from /opt/airflow/dags/vnstock_stream.py
[2024-11-28T16:27:55.322+0000] {processor.py:925} INFO - DAG(s) 'stock_information' retrieved from /opt/airflow/dags/vnstock_stream.py
[2024-11-28T16:27:55.359+0000] {logging_mixin.py:190} INFO - [2024-11-28T16:27:55.359+0000] {dag.py:3239} INFO - Sync 1 DAGs
[2024-11-28T16:27:55.381+0000] {logging_mixin.py:190} INFO - [2024-11-28T16:27:55.381+0000] {dag.py:4180} INFO - Setting next_dagrun for stock_information to 2024-11-27 17:00:00+00:00, run_after=2024-11-28 17:00:00+00:00
[2024-11-28T16:27:55.402+0000] {processor.py:208} INFO - Processing /opt/airflow/dags/vnstock_stream.py took 0.148 seconds
[2024-11-28T16:28:25.774+0000] {processor.py:186} INFO - Started process (PID=453) to work on /opt/airflow/dags/vnstock_stream.py
[2024-11-28T16:28:25.776+0000] {processor.py:914} INFO - Processing file /opt/airflow/dags/vnstock_stream.py for tasks to queue
[2024-11-28T16:28:25.780+0000] {logging_mixin.py:190} INFO - [2024-11-28T16:28:25.779+0000] {dagbag.py:588} INFO - Filling up the DagBag from /opt/airflow/dags/vnstock_stream.py
[2024-11-28T16:28:25.825+0000] {processor.py:925} INFO - DAG(s) 'stock_information' retrieved from /opt/airflow/dags/vnstock_stream.py
[2024-11-28T16:28:25.857+0000] {logging_mixin.py:190} INFO - [2024-11-28T16:28:25.857+0000] {dag.py:3239} INFO - Sync 1 DAGs
[2024-11-28T16:28:25.890+0000] {logging_mixin.py:190} INFO - [2024-11-28T16:28:25.890+0000] {dag.py:4180} INFO - Setting next_dagrun for stock_information to 2024-11-27 17:00:00+00:00, run_after=2024-11-28 17:00:00+00:00
[2024-11-28T16:28:25.928+0000] {processor.py:208} INFO - Processing /opt/airflow/dags/vnstock_stream.py took 0.161 seconds
[2024-11-28T16:28:56.321+0000] {processor.py:186} INFO - Started process (PID=463) to work on /opt/airflow/dags/vnstock_stream.py
[2024-11-28T16:28:56.322+0000] {processor.py:914} INFO - Processing file /opt/airflow/dags/vnstock_stream.py for tasks to queue
[2024-11-28T16:28:56.324+0000] {logging_mixin.py:190} INFO - [2024-11-28T16:28:56.324+0000] {dagbag.py:588} INFO - Filling up the DagBag from /opt/airflow/dags/vnstock_stream.py
[2024-11-28T16:28:56.345+0000] {processor.py:925} INFO - DAG(s) 'stock_information' retrieved from /opt/airflow/dags/vnstock_stream.py
[2024-11-28T16:28:56.373+0000] {logging_mixin.py:190} INFO - [2024-11-28T16:28:56.372+0000] {dag.py:3239} INFO - Sync 1 DAGs
[2024-11-28T16:28:56.396+0000] {logging_mixin.py:190} INFO - [2024-11-28T16:28:56.396+0000] {dag.py:4180} INFO - Setting next_dagrun for stock_information to 2024-11-27 17:00:00+00:00, run_after=2024-11-28 17:00:00+00:00
[2024-11-28T16:28:56.418+0000] {processor.py:208} INFO - Processing /opt/airflow/dags/vnstock_stream.py took 0.105 seconds
[2024-11-28T16:29:26.650+0000] {processor.py:186} INFO - Started process (PID=473) to work on /opt/airflow/dags/vnstock_stream.py
[2024-11-28T16:29:26.651+0000] {processor.py:914} INFO - Processing file /opt/airflow/dags/vnstock_stream.py for tasks to queue
[2024-11-28T16:29:26.654+0000] {logging_mixin.py:190} INFO - [2024-11-28T16:29:26.653+0000] {dagbag.py:588} INFO - Filling up the DagBag from /opt/airflow/dags/vnstock_stream.py
[2024-11-28T16:29:26.670+0000] {processor.py:925} INFO - DAG(s) 'stock_information' retrieved from /opt/airflow/dags/vnstock_stream.py
[2024-11-28T16:29:26.695+0000] {logging_mixin.py:190} INFO - [2024-11-28T16:29:26.694+0000] {dag.py:3239} INFO - Sync 1 DAGs
[2024-11-28T16:29:26.715+0000] {logging_mixin.py:190} INFO - [2024-11-28T16:29:26.715+0000] {dag.py:4180} INFO - Setting next_dagrun for stock_information to 2024-11-27 17:00:00+00:00, run_after=2024-11-28 17:00:00+00:00
[2024-11-28T16:29:26.736+0000] {processor.py:208} INFO - Processing /opt/airflow/dags/vnstock_stream.py took 0.091 seconds
[2024-11-28T16:29:57.117+0000] {processor.py:186} INFO - Started process (PID=483) to work on /opt/airflow/dags/vnstock_stream.py
[2024-11-28T16:29:57.119+0000] {processor.py:914} INFO - Processing file /opt/airflow/dags/vnstock_stream.py for tasks to queue
[2024-11-28T16:29:57.122+0000] {logging_mixin.py:190} INFO - [2024-11-28T16:29:57.122+0000] {dagbag.py:588} INFO - Filling up the DagBag from /opt/airflow/dags/vnstock_stream.py
[2024-11-28T16:29:57.152+0000] {processor.py:925} INFO - DAG(s) 'stock_information' retrieved from /opt/airflow/dags/vnstock_stream.py
[2024-11-28T16:29:57.188+0000] {logging_mixin.py:190} INFO - [2024-11-28T16:29:57.188+0000] {dag.py:3239} INFO - Sync 1 DAGs
[2024-11-28T16:29:57.217+0000] {logging_mixin.py:190} INFO - [2024-11-28T16:29:57.217+0000] {dag.py:4180} INFO - Setting next_dagrun for stock_information to 2024-11-27 17:00:00+00:00, run_after=2024-11-28 17:00:00+00:00
[2024-11-28T16:29:57.245+0000] {processor.py:208} INFO - Processing /opt/airflow/dags/vnstock_stream.py took 0.136 seconds
[2024-11-28T16:30:27.695+0000] {processor.py:186} INFO - Started process (PID=493) to work on /opt/airflow/dags/vnstock_stream.py
[2024-11-28T16:30:27.696+0000] {processor.py:914} INFO - Processing file /opt/airflow/dags/vnstock_stream.py for tasks to queue
[2024-11-28T16:30:27.699+0000] {logging_mixin.py:190} INFO - [2024-11-28T16:30:27.699+0000] {dagbag.py:588} INFO - Filling up the DagBag from /opt/airflow/dags/vnstock_stream.py
[2024-11-28T16:30:27.742+0000] {processor.py:925} INFO - DAG(s) 'stock_information' retrieved from /opt/airflow/dags/vnstock_stream.py
[2024-11-28T16:30:27.765+0000] {logging_mixin.py:190} INFO - [2024-11-28T16:30:27.765+0000] {dag.py:3239} INFO - Sync 1 DAGs
[2024-11-28T16:30:27.788+0000] {logging_mixin.py:190} INFO - [2024-11-28T16:30:27.788+0000] {dag.py:4180} INFO - Setting next_dagrun for stock_information to 2024-11-27 17:00:00+00:00, run_after=2024-11-28 17:00:00+00:00
[2024-11-28T16:30:27.806+0000] {processor.py:208} INFO - Processing /opt/airflow/dags/vnstock_stream.py took 0.117 seconds
[2024-11-28T16:30:58.170+0000] {processor.py:186} INFO - Started process (PID=503) to work on /opt/airflow/dags/vnstock_stream.py
[2024-11-28T16:30:58.171+0000] {processor.py:914} INFO - Processing file /opt/airflow/dags/vnstock_stream.py for tasks to queue
[2024-11-28T16:30:58.174+0000] {logging_mixin.py:190} INFO - [2024-11-28T16:30:58.173+0000] {dagbag.py:588} INFO - Filling up the DagBag from /opt/airflow/dags/vnstock_stream.py
[2024-11-28T16:30:58.196+0000] {processor.py:925} INFO - DAG(s) 'stock_information' retrieved from /opt/airflow/dags/vnstock_stream.py
[2024-11-28T16:30:58.220+0000] {logging_mixin.py:190} INFO - [2024-11-28T16:30:58.220+0000] {dag.py:3239} INFO - Sync 1 DAGs
[2024-11-28T16:30:58.240+0000] {logging_mixin.py:190} INFO - [2024-11-28T16:30:58.240+0000] {dag.py:4180} INFO - Setting next_dagrun for stock_information to 2024-11-27 17:00:00+00:00, run_after=2024-11-28 17:00:00+00:00
[2024-11-28T16:30:58.268+0000] {processor.py:208} INFO - Processing /opt/airflow/dags/vnstock_stream.py took 0.103 seconds
[2024-11-28T16:31:28.763+0000] {processor.py:186} INFO - Started process (PID=513) to work on /opt/airflow/dags/vnstock_stream.py
[2024-11-28T16:31:28.764+0000] {processor.py:914} INFO - Processing file /opt/airflow/dags/vnstock_stream.py for tasks to queue
[2024-11-28T16:31:28.767+0000] {logging_mixin.py:190} INFO - [2024-11-28T16:31:28.766+0000] {dagbag.py:588} INFO - Filling up the DagBag from /opt/airflow/dags/vnstock_stream.py
[2024-11-28T16:31:28.787+0000] {processor.py:925} INFO - DAG(s) 'stock_information' retrieved from /opt/airflow/dags/vnstock_stream.py
[2024-11-28T16:31:28.807+0000] {logging_mixin.py:190} INFO - [2024-11-28T16:31:28.807+0000] {dag.py:3239} INFO - Sync 1 DAGs
[2024-11-28T16:31:28.828+0000] {logging_mixin.py:190} INFO - [2024-11-28T16:31:28.828+0000] {dag.py:4180} INFO - Setting next_dagrun for stock_information to 2024-11-27 17:00:00+00:00, run_after=2024-11-28 17:00:00+00:00
[2024-11-28T16:31:28.846+0000] {processor.py:208} INFO - Processing /opt/airflow/dags/vnstock_stream.py took 0.087 seconds
[2024-11-28T16:31:59.349+0000] {processor.py:186} INFO - Started process (PID=523) to work on /opt/airflow/dags/vnstock_stream.py
[2024-11-28T16:31:59.354+0000] {processor.py:914} INFO - Processing file /opt/airflow/dags/vnstock_stream.py for tasks to queue
[2024-11-28T16:31:59.358+0000] {logging_mixin.py:190} INFO - [2024-11-28T16:31:59.357+0000] {dagbag.py:588} INFO - Filling up the DagBag from /opt/airflow/dags/vnstock_stream.py
[2024-11-28T16:31:59.404+0000] {processor.py:925} INFO - DAG(s) 'stock_information' retrieved from /opt/airflow/dags/vnstock_stream.py
[2024-11-28T16:31:59.429+0000] {logging_mixin.py:190} INFO - [2024-11-28T16:31:59.429+0000] {dag.py:3239} INFO - Sync 1 DAGs
[2024-11-28T16:31:59.450+0000] {logging_mixin.py:190} INFO - [2024-11-28T16:31:59.450+0000] {dag.py:4180} INFO - Setting next_dagrun for stock_information to 2024-11-27 17:00:00+00:00, run_after=2024-11-28 17:00:00+00:00
[2024-11-28T16:31:59.469+0000] {processor.py:208} INFO - Processing /opt/airflow/dags/vnstock_stream.py took 0.125 seconds
[2024-11-28T16:32:29.657+0000] {processor.py:186} INFO - Started process (PID=533) to work on /opt/airflow/dags/vnstock_stream.py
[2024-11-28T16:32:29.658+0000] {processor.py:914} INFO - Processing file /opt/airflow/dags/vnstock_stream.py for tasks to queue
[2024-11-28T16:32:29.660+0000] {logging_mixin.py:190} INFO - [2024-11-28T16:32:29.660+0000] {dagbag.py:588} INFO - Filling up the DagBag from /opt/airflow/dags/vnstock_stream.py
[2024-11-28T16:32:29.674+0000] {processor.py:925} INFO - DAG(s) 'stock_information' retrieved from /opt/airflow/dags/vnstock_stream.py
[2024-11-28T16:32:29.694+0000] {logging_mixin.py:190} INFO - [2024-11-28T16:32:29.693+0000] {dag.py:3239} INFO - Sync 1 DAGs
[2024-11-28T16:32:29.713+0000] {logging_mixin.py:190} INFO - [2024-11-28T16:32:29.712+0000] {dag.py:4180} INFO - Setting next_dagrun for stock_information to 2024-11-27 17:00:00+00:00, run_after=2024-11-28 17:00:00+00:00
[2024-11-28T16:32:29.730+0000] {processor.py:208} INFO - Processing /opt/airflow/dags/vnstock_stream.py took 0.078 seconds
[2024-11-28T16:33:00.143+0000] {processor.py:186} INFO - Started process (PID=543) to work on /opt/airflow/dags/vnstock_stream.py
[2024-11-28T16:33:00.144+0000] {processor.py:914} INFO - Processing file /opt/airflow/dags/vnstock_stream.py for tasks to queue
[2024-11-28T16:33:00.146+0000] {logging_mixin.py:190} INFO - [2024-11-28T16:33:00.146+0000] {dagbag.py:588} INFO - Filling up the DagBag from /opt/airflow/dags/vnstock_stream.py
[2024-11-28T16:33:00.166+0000] {processor.py:925} INFO - DAG(s) 'stock_information' retrieved from /opt/airflow/dags/vnstock_stream.py
[2024-11-28T16:33:00.189+0000] {logging_mixin.py:190} INFO - [2024-11-28T16:33:00.189+0000] {dag.py:3239} INFO - Sync 1 DAGs
[2024-11-28T16:33:00.210+0000] {logging_mixin.py:190} INFO - [2024-11-28T16:33:00.210+0000] {dag.py:4180} INFO - Setting next_dagrun for stock_information to 2024-11-27 17:00:00+00:00, run_after=2024-11-28 17:00:00+00:00
[2024-11-28T16:33:00.229+0000] {processor.py:208} INFO - Processing /opt/airflow/dags/vnstock_stream.py took 0.091 seconds
[2024-11-28T16:33:30.629+0000] {processor.py:186} INFO - Started process (PID=553) to work on /opt/airflow/dags/vnstock_stream.py
[2024-11-28T16:33:30.630+0000] {processor.py:914} INFO - Processing file /opt/airflow/dags/vnstock_stream.py for tasks to queue
[2024-11-28T16:33:30.632+0000] {logging_mixin.py:190} INFO - [2024-11-28T16:33:30.632+0000] {dagbag.py:588} INFO - Filling up the DagBag from /opt/airflow/dags/vnstock_stream.py
[2024-11-28T16:33:30.647+0000] {processor.py:925} INFO - DAG(s) 'stock_information' retrieved from /opt/airflow/dags/vnstock_stream.py
[2024-11-28T16:33:30.665+0000] {logging_mixin.py:190} INFO - [2024-11-28T16:33:30.665+0000] {dag.py:3239} INFO - Sync 1 DAGs
[2024-11-28T16:33:30.683+0000] {logging_mixin.py:190} INFO - [2024-11-28T16:33:30.683+0000] {dag.py:4180} INFO - Setting next_dagrun for stock_information to 2024-11-27 17:00:00+00:00, run_after=2024-11-28 17:00:00+00:00
[2024-11-28T16:33:30.709+0000] {processor.py:208} INFO - Processing /opt/airflow/dags/vnstock_stream.py took 0.085 seconds
[2024-11-28T16:34:01.133+0000] {processor.py:186} INFO - Started process (PID=563) to work on /opt/airflow/dags/vnstock_stream.py
[2024-11-28T16:34:01.134+0000] {processor.py:914} INFO - Processing file /opt/airflow/dags/vnstock_stream.py for tasks to queue
[2024-11-28T16:34:01.136+0000] {logging_mixin.py:190} INFO - [2024-11-28T16:34:01.135+0000] {dagbag.py:588} INFO - Filling up the DagBag from /opt/airflow/dags/vnstock_stream.py
[2024-11-28T16:34:01.157+0000] {processor.py:925} INFO - DAG(s) 'stock_information' retrieved from /opt/airflow/dags/vnstock_stream.py
[2024-11-28T16:34:01.176+0000] {logging_mixin.py:190} INFO - [2024-11-28T16:34:01.176+0000] {dag.py:3239} INFO - Sync 1 DAGs
[2024-11-28T16:34:01.195+0000] {logging_mixin.py:190} INFO - [2024-11-28T16:34:01.195+0000] {dag.py:4180} INFO - Setting next_dagrun for stock_information to 2024-11-27 17:00:00+00:00, run_after=2024-11-28 17:00:00+00:00
[2024-11-28T16:34:01.211+0000] {processor.py:208} INFO - Processing /opt/airflow/dags/vnstock_stream.py took 0.084 seconds
[2024-11-28T16:34:31.604+0000] {processor.py:186} INFO - Started process (PID=573) to work on /opt/airflow/dags/vnstock_stream.py
[2024-11-28T16:34:31.605+0000] {processor.py:914} INFO - Processing file /opt/airflow/dags/vnstock_stream.py for tasks to queue
[2024-11-28T16:34:31.607+0000] {logging_mixin.py:190} INFO - [2024-11-28T16:34:31.607+0000] {dagbag.py:588} INFO - Filling up the DagBag from /opt/airflow/dags/vnstock_stream.py
[2024-11-28T16:34:31.628+0000] {processor.py:925} INFO - DAG(s) 'stock_information' retrieved from /opt/airflow/dags/vnstock_stream.py
[2024-11-28T16:34:31.651+0000] {logging_mixin.py:190} INFO - [2024-11-28T16:34:31.650+0000] {dag.py:3239} INFO - Sync 1 DAGs
[2024-11-28T16:34:31.673+0000] {logging_mixin.py:190} INFO - [2024-11-28T16:34:31.673+0000] {dag.py:4180} INFO - Setting next_dagrun for stock_information to 2024-11-27 17:00:00+00:00, run_after=2024-11-28 17:00:00+00:00
[2024-11-28T16:34:31.694+0000] {processor.py:208} INFO - Processing /opt/airflow/dags/vnstock_stream.py took 0.096 seconds
[2024-11-28T16:35:01.866+0000] {processor.py:186} INFO - Started process (PID=583) to work on /opt/airflow/dags/vnstock_stream.py
[2024-11-28T16:35:01.867+0000] {processor.py:914} INFO - Processing file /opt/airflow/dags/vnstock_stream.py for tasks to queue
[2024-11-28T16:35:01.870+0000] {logging_mixin.py:190} INFO - [2024-11-28T16:35:01.870+0000] {dagbag.py:588} INFO - Filling up the DagBag from /opt/airflow/dags/vnstock_stream.py
[2024-11-28T16:35:01.896+0000] {processor.py:925} INFO - DAG(s) 'stock_information' retrieved from /opt/airflow/dags/vnstock_stream.py
[2024-11-28T16:35:01.923+0000] {logging_mixin.py:190} INFO - [2024-11-28T16:35:01.923+0000] {dag.py:3239} INFO - Sync 1 DAGs
[2024-11-28T16:35:01.953+0000] {logging_mixin.py:190} INFO - [2024-11-28T16:35:01.953+0000] {dag.py:4180} INFO - Setting next_dagrun for stock_information to 2024-11-27 17:00:00+00:00, run_after=2024-11-28 17:00:00+00:00
[2024-11-28T16:35:01.981+0000] {processor.py:208} INFO - Processing /opt/airflow/dags/vnstock_stream.py took 0.123 seconds
[2024-11-28T16:35:32.231+0000] {processor.py:186} INFO - Started process (PID=593) to work on /opt/airflow/dags/vnstock_stream.py
[2024-11-28T16:35:32.232+0000] {processor.py:914} INFO - Processing file /opt/airflow/dags/vnstock_stream.py for tasks to queue
[2024-11-28T16:35:32.234+0000] {logging_mixin.py:190} INFO - [2024-11-28T16:35:32.234+0000] {dagbag.py:588} INFO - Filling up the DagBag from /opt/airflow/dags/vnstock_stream.py
[2024-11-28T16:35:32.251+0000] {processor.py:925} INFO - DAG(s) 'stock_information' retrieved from /opt/airflow/dags/vnstock_stream.py
[2024-11-28T16:35:32.274+0000] {logging_mixin.py:190} INFO - [2024-11-28T16:35:32.274+0000] {dag.py:3239} INFO - Sync 1 DAGs
[2024-11-28T16:35:32.297+0000] {logging_mixin.py:190} INFO - [2024-11-28T16:35:32.297+0000] {dag.py:4180} INFO - Setting next_dagrun for stock_information to 2024-11-27 17:00:00+00:00, run_after=2024-11-28 17:00:00+00:00
[2024-11-28T16:35:32.317+0000] {processor.py:208} INFO - Processing /opt/airflow/dags/vnstock_stream.py took 0.092 seconds
