[2025-01-15T04:38:06.839+0000] {local_task_job_runner.py:123} INFO - ::group::Pre task execution logs
[2025-01-15T04:38:06.854+0000] {taskinstance.py:2613} INFO - Dependencies all met for dep_context=non-requeueable deps ti=<TaskInstance: stock_information.append_to_database scheduled__2025-01-15T04:37:00+00:00 [queued]>
[2025-01-15T04:38:06.863+0000] {taskinstance.py:2613} INFO - Dependencies all met for dep_context=requeueable deps ti=<TaskInstance: stock_information.append_to_database scheduled__2025-01-15T04:37:00+00:00 [queued]>
[2025-01-15T04:38:06.865+0000] {taskinstance.py:2866} INFO - Starting attempt 1 of 1
[2025-01-15T04:38:06.881+0000] {taskinstance.py:2889} INFO - Executing <Task(PythonOperator): append_to_database> on 2025-01-15 04:37:00+00:00
[2025-01-15T04:38:06.888+0000] {standard_task_runner.py:72} INFO - Started process 3823 to run task
[2025-01-15T04:38:06.891+0000] {standard_task_runner.py:104} INFO - Running: ['airflow', 'tasks', 'run', 'stock_information', 'append_to_database', 'scheduled__2025-01-15T04:37:00+00:00', '--job-id', '768', '--raw', '--subdir', 'DAGS_FOLDER/vnstock_stream.py', '--cfg-path', '/tmp/tmpw4mf2ttd']
[2025-01-15T04:38:06.894+0000] {standard_task_runner.py:105} INFO - Job 768: Subtask append_to_database
[2025-01-15T04:38:06.942+0000] {task_command.py:467} INFO - Running <TaskInstance: stock_information.append_to_database scheduled__2025-01-15T04:37:00+00:00 [running]> on host 453ac4defedc
[2025-01-15T04:38:07.041+0000] {taskinstance.py:3132} INFO - Exporting env vars: AIRFLOW_CTX_DAG_OWNER='TuanDz' AIRFLOW_CTX_DAG_ID='stock_information' AIRFLOW_CTX_TASK_ID='append_to_database' AIRFLOW_CTX_EXECUTION_DATE='2025-01-15T04:37:00+00:00' AIRFLOW_CTX_TRY_NUMBER='1' AIRFLOW_CTX_DAG_RUN_ID='scheduled__2025-01-15T04:37:00+00:00'
[2025-01-15T04:38:07.043+0000] {taskinstance.py:731} INFO - ::endgroup::
[2025-01-15T04:38:07.103+0000] {logging_mixin.py:190} INFO - Kết nối thành công!
[2025-01-15T04:38:07.105+0000] {logging_mixin.py:190} INFO - <class 'str'>
[2025-01-15T04:38:07.106+0000] {logging_mixin.py:190} INFO - [['TCB', 25250, 21950, 23600, 'STOCK', 'HSX', '', 7045021622, 'STOCK', 8424683, 'Ngân hàng Thương mại Cổ phần Kỹ thương Việt Nam', 23600, '', '2025-01-15', 23850, 10200, 2490500, 59208, 23773.53944990966, 23900, 23650, 's', 0, 0, 0, 1590552461, 59208.85999999998, 24905, 23600, 23850, 56200, 23800, 41400, 23750, 179300, 23900, 145000, 23950, 170500, 24000, 769600, '2025-01-15 04:38:04']]
[2025-01-15T04:38:07.107+0000] {logging_mixin.py:190} INFO - <class 'list'>
[2025-01-15T04:38:07.108+0000] {logging_mixin.py:190} INFO - [['TCB', 25250, 21950, 23600, 'STOCK', 'HSX', '', 7045021622, 'STOCK', 8424683, 'Ngân hàng Thương mại Cổ phần Kỹ thương Việt Nam', 23600, '', '2025-01-15', 23850, 10200, 2490500, 59208, 23773.53944990966, 23900, 23650, 's', 0, 0, 0, 1590552461, 59208.85999999998, 24905, 23600, 23850, 56200, 23800, 41400, 23750, 179300, 23900, 145000, 23950, 170500, 24000, 769600, '2025-01-15 04:38:04']]
[2025-01-15T04:38:07.111+0000] {python.py:240} INFO - Done. Returned value was: None
[2025-01-15T04:38:07.119+0000] {taskinstance.py:340} INFO - ::group::Post task execution logs
[2025-01-15T04:38:07.120+0000] {taskinstance.py:352} INFO - Marking task as SUCCESS. dag_id=stock_information, task_id=append_to_database, run_id=scheduled__2025-01-15T04:37:00+00:00, execution_date=20250115T043700, start_date=20250115T043806, end_date=20250115T043807
[2025-01-15T04:38:07.146+0000] {local_task_job_runner.py:266} INFO - Task exited with return code 0
[2025-01-15T04:38:07.163+0000] {taskinstance.py:3895} INFO - 0 downstream tasks scheduled from follow-on schedule check
[2025-01-15T04:38:07.167+0000] {local_task_job_runner.py:245} INFO - ::endgroup::
