[2025-01-15T07:23:04.250+0000] {local_task_job_runner.py:123} INFO - ::group::Pre task execution logs
[2025-01-15T07:23:04.262+0000] {taskinstance.py:2613} INFO - Dependencies all met for dep_context=non-requeueable deps ti=<TaskInstance: stock_information.append_to_database scheduled__2025-01-15T07:22:00+00:00 [queued]>
[2025-01-15T07:23:04.270+0000] {taskinstance.py:2613} INFO - Dependencies all met for dep_context=requeueable deps ti=<TaskInstance: stock_information.append_to_database scheduled__2025-01-15T07:22:00+00:00 [queued]>
[2025-01-15T07:23:04.271+0000] {taskinstance.py:2866} INFO - Starting attempt 1 of 1
[2025-01-15T07:23:04.283+0000] {taskinstance.py:2889} INFO - Executing <Task(PythonOperator): append_to_database> on 2025-01-15 07:22:00+00:00
[2025-01-15T07:23:04.289+0000] {standard_task_runner.py:72} INFO - Started process 8611 to run task
[2025-01-15T07:23:04.292+0000] {standard_task_runner.py:104} INFO - Running: ['airflow', 'tasks', 'run', 'stock_information', 'append_to_database', 'scheduled__2025-01-15T07:22:00+00:00', '--job-id', '1098', '--raw', '--subdir', 'DAGS_FOLDER/vnstock_stream.py', '--cfg-path', '/tmp/tmp4hz0vk95']
[2025-01-15T07:23:04.295+0000] {standard_task_runner.py:105} INFO - Job 1098: Subtask append_to_database
[2025-01-15T07:23:04.333+0000] {task_command.py:467} INFO - Running <TaskInstance: stock_information.append_to_database scheduled__2025-01-15T07:22:00+00:00 [running]> on host 453ac4defedc
[2025-01-15T07:23:04.409+0000] {taskinstance.py:3132} INFO - Exporting env vars: AIRFLOW_CTX_DAG_OWNER='TuanDz' AIRFLOW_CTX_DAG_ID='stock_information' AIRFLOW_CTX_TASK_ID='append_to_database' AIRFLOW_CTX_EXECUTION_DATE='2025-01-15T07:22:00+00:00' AIRFLOW_CTX_TRY_NUMBER='1' AIRFLOW_CTX_DAG_RUN_ID='scheduled__2025-01-15T07:22:00+00:00'
[2025-01-15T07:23:04.411+0000] {taskinstance.py:731} INFO - ::endgroup::
[2025-01-15T07:23:04.448+0000] {logging_mixin.py:190} INFO - Kết nối thành công!
[2025-01-15T07:23:04.449+0000] {logging_mixin.py:190} INFO - <class 'str'>
[2025-01-15T07:23:04.449+0000] {logging_mixin.py:190} INFO - [['TCB', 25250, 21950, 23600, 'STOCK', 'HSX', '', 7045021622, 'STOCK', 8424683, 'Ngân hàng Thương mại Cổ phần Kỹ thương Việt Nam', 23600, '', '2025-01-15', 23800, 800, 5957600, 141791, 23800.020142339195, 23900, 23650, 's', 156700, 186700, 0, 1590552461, 141791.05000000002, 59576, 23600, 23800, 16600, 23750, 177600, 23700, 266000, 23900, 272700, 23950, 214200, 24000, 747900, '2025-01-15 07:23:02']]
[2025-01-15T07:23:04.450+0000] {logging_mixin.py:190} INFO - <class 'list'>
[2025-01-15T07:23:04.451+0000] {logging_mixin.py:190} INFO - [['TCB', 25250, 21950, 23600, 'STOCK', 'HSX', '', 7045021622, 'STOCK', 8424683, 'Ngân hàng Thương mại Cổ phần Kỹ thương Việt Nam', 23600, '', '2025-01-15', 23800, 800, 5957600, 141791, 23800.020142339195, 23900, 23650, 's', 156700, 186700, 0, 1590552461, 141791.05000000002, 59576, 23600, 23800, 16600, 23750, 177600, 23700, 266000, 23900, 272700, 23950, 214200, 24000, 747900, '2025-01-15 07:23:02']]
[2025-01-15T07:23:04.454+0000] {python.py:240} INFO - Done. Returned value was: None
[2025-01-15T07:23:04.461+0000] {taskinstance.py:340} INFO - ::group::Post task execution logs
[2025-01-15T07:23:04.462+0000] {taskinstance.py:352} INFO - Marking task as SUCCESS. dag_id=stock_information, task_id=append_to_database, run_id=scheduled__2025-01-15T07:22:00+00:00, execution_date=20250115T072200, start_date=20250115T072304, end_date=20250115T072304
[2025-01-15T07:23:04.507+0000] {local_task_job_runner.py:266} INFO - Task exited with return code 0
[2025-01-15T07:23:04.528+0000] {taskinstance.py:3895} INFO - 0 downstream tasks scheduled from follow-on schedule check
[2025-01-15T07:23:04.532+0000] {local_task_job_runner.py:245} INFO - ::endgroup::
