[2025-01-16T07:24:04.008+0000] {local_task_job_runner.py:123} INFO - ::group::Pre task execution logs
[2025-01-16T07:24:04.022+0000] {taskinstance.py:2613} INFO - Dependencies all met for dep_context=non-requeueable deps ti=<TaskInstance: stock_information.append_to_database scheduled__2025-01-16T07:23:00+00:00 [queued]>
[2025-01-16T07:24:04.030+0000] {taskinstance.py:2613} INFO - Dependencies all met for dep_context=requeueable deps ti=<TaskInstance: stock_information.append_to_database scheduled__2025-01-16T07:23:00+00:00 [queued]>
[2025-01-16T07:24:04.031+0000] {taskinstance.py:2866} INFO - Starting attempt 1 of 1
[2025-01-16T07:24:04.043+0000] {taskinstance.py:2889} INFO - Executing <Task(PythonOperator): append_to_database> on 2025-01-16 07:23:00+00:00
[2025-01-16T07:24:04.050+0000] {standard_task_runner.py:72} INFO - Started process 8650 to run task
[2025-01-16T07:24:04.053+0000] {standard_task_runner.py:104} INFO - Running: ['airflow', 'tasks', 'run', 'stock_information', 'append_to_database', 'scheduled__2025-01-16T07:23:00+00:00', '--job-id', '1997', '--raw', '--subdir', 'DAGS_FOLDER/vnstock_stream.py', '--cfg-path', '/tmp/tmpmhafsgca']
[2025-01-16T07:24:04.056+0000] {standard_task_runner.py:105} INFO - Job 1997: Subtask append_to_database
[2025-01-16T07:24:04.105+0000] {task_command.py:467} INFO - Running <TaskInstance: stock_information.append_to_database scheduled__2025-01-16T07:23:00+00:00 [running]> on host 453ac4defedc
[2025-01-16T07:24:04.188+0000] {taskinstance.py:3132} INFO - Exporting env vars: AIRFLOW_CTX_DAG_OWNER='TuanDz' AIRFLOW_CTX_DAG_ID='stock_information' AIRFLOW_CTX_TASK_ID='append_to_database' AIRFLOW_CTX_EXECUTION_DATE='2025-01-16T07:23:00+00:00' AIRFLOW_CTX_TRY_NUMBER='1' AIRFLOW_CTX_DAG_RUN_ID='scheduled__2025-01-16T07:23:00+00:00'
[2025-01-16T07:24:04.190+0000] {taskinstance.py:731} INFO - ::endgroup::
[2025-01-16T07:24:04.247+0000] {logging_mixin.py:190} INFO - Kết nối thành công!
[2025-01-16T07:24:04.248+0000] {logging_mixin.py:190} INFO - <class 'str'>
[2025-01-16T07:24:04.249+0000] {logging_mixin.py:190} INFO - [['TCB', 25350, 22050, 23700, 'STOCK', 'HSX', '', 7045021622, 'STOCK', 8424683, 'Ngân hàng Thương mại Cổ phần Kỹ thương Việt Nam', 23700, '', '2025-01-16', 23700, 6100, 6524800, 155200, 23786.169691025014, 23950, 23600, 'b', 0, 43800, 0, 1590552461, 155200.7849999997, 65248, 23700, 23650, 47500, 23600, 288700, 23550, 261500, 23700, 2900, 23750, 17100, 23800, 90100, '2025-01-16 07:24:02']]
[2025-01-16T07:24:04.249+0000] {logging_mixin.py:190} INFO - <class 'list'>
[2025-01-16T07:24:04.250+0000] {logging_mixin.py:190} INFO - [['TCB', 25350, 22050, 23700, 'STOCK', 'HSX', '', 7045021622, 'STOCK', 8424683, 'Ngân hàng Thương mại Cổ phần Kỹ thương Việt Nam', 23700, '', '2025-01-16', 23700, 6100, 6524800, 155200, 23786.169691025014, 23950, 23600, 'b', 0, 43800, 0, 1590552461, 155200.7849999997, 65248, 23700, 23650, 47500, 23600, 288700, 23550, 261500, 23700, 2900, 23750, 17100, 23800, 90100, '2025-01-16 07:24:02']]
[2025-01-16T07:24:04.255+0000] {python.py:240} INFO - Done. Returned value was: None
[2025-01-16T07:24:04.263+0000] {taskinstance.py:340} INFO - ::group::Post task execution logs
[2025-01-16T07:24:04.264+0000] {taskinstance.py:352} INFO - Marking task as SUCCESS. dag_id=stock_information, task_id=append_to_database, run_id=scheduled__2025-01-16T07:23:00+00:00, execution_date=20250116T072300, start_date=20250116T072404, end_date=20250116T072404
[2025-01-16T07:24:04.309+0000] {local_task_job_runner.py:266} INFO - Task exited with return code 0
[2025-01-16T07:24:04.325+0000] {taskinstance.py:3895} INFO - 0 downstream tasks scheduled from follow-on schedule check
[2025-01-16T07:24:04.330+0000] {local_task_job_runner.py:245} INFO - ::endgroup::
