[2025-01-17T03:10:03.544+0000] {local_task_job_runner.py:123} INFO - ::group::Pre task execution logs
[2025-01-17T03:10:03.559+0000] {taskinstance.py:2613} INFO - Dependencies all met for dep_context=non-requeueable deps ti=<TaskInstance: stock_information.append_to_database scheduled__2025-01-17T03:09:00+00:00 [queued]>
[2025-01-17T03:10:03.570+0000] {taskinstance.py:2613} INFO - Dependencies all met for dep_context=requeueable deps ti=<TaskInstance: stock_information.append_to_database scheduled__2025-01-17T03:09:00+00:00 [queued]>
[2025-01-17T03:10:03.572+0000] {taskinstance.py:2866} INFO - Starting attempt 1 of 1
[2025-01-17T03:10:03.585+0000] {taskinstance.py:2889} INFO - Executing <Task(PythonOperator): append_to_database> on 2025-01-17 03:09:00+00:00
[2025-01-17T03:10:03.591+0000] {standard_task_runner.py:72} INFO - Started process 2710 to run task
[2025-01-17T03:10:03.594+0000] {standard_task_runner.py:104} INFO - Running: ['airflow', 'tasks', 'run', 'stock_information', 'append_to_database', 'scheduled__2025-01-17T03:09:00+00:00', '--job-id', '2392', '--raw', '--subdir', 'DAGS_FOLDER/vnstock_stream.py', '--cfg-path', '/tmp/tmp8pzd74cc']
[2025-01-17T03:10:03.597+0000] {standard_task_runner.py:105} INFO - Job 2392: Subtask append_to_database
[2025-01-17T03:10:03.635+0000] {task_command.py:467} INFO - Running <TaskInstance: stock_information.append_to_database scheduled__2025-01-17T03:09:00+00:00 [running]> on host 453ac4defedc
[2025-01-17T03:10:03.710+0000] {taskinstance.py:3132} INFO - Exporting env vars: AIRFLOW_CTX_DAG_OWNER='TuanDz' AIRFLOW_CTX_DAG_ID='stock_information' AIRFLOW_CTX_TASK_ID='append_to_database' AIRFLOW_CTX_EXECUTION_DATE='2025-01-17T03:09:00+00:00' AIRFLOW_CTX_TRY_NUMBER='1' AIRFLOW_CTX_DAG_RUN_ID='scheduled__2025-01-17T03:09:00+00:00'
[2025-01-17T03:10:03.712+0000] {taskinstance.py:731} INFO - ::endgroup::
[2025-01-17T03:10:03.772+0000] {logging_mixin.py:190} INFO - Kết nối thành công!
[2025-01-17T03:10:03.773+0000] {logging_mixin.py:190} INFO - <class 'str'>
[2025-01-17T03:10:03.774+0000] {logging_mixin.py:190} INFO - [['TCB', 25500, 22200, 23850, 'STOCK', 'HSX', '', 7045021622, 'STOCK', 8424683, 'Ngân hàng Thương mại Cổ phần Kỹ thương Việt Nam', 23850, '', '2025-01-17', 23850, 300, 407000, 9696, 23823.095823095824, 23900, 23750, 's', 5300, 36900, 0, 1590552461, 9696.355000000005, 4070, 23850, 23850, 73400, 23800, 233000, 23750, 94700, 23900, 179400, 23950, 325400, 24000, 950100, '2025-01-17 03:10:02']]
[2025-01-17T03:10:03.774+0000] {logging_mixin.py:190} INFO - <class 'list'>
[2025-01-17T03:10:03.775+0000] {logging_mixin.py:190} INFO - [['TCB', 25500, 22200, 23850, 'STOCK', 'HSX', '', 7045021622, 'STOCK', 8424683, 'Ngân hàng Thương mại Cổ phần Kỹ thương Việt Nam', 23850, '', '2025-01-17', 23850, 300, 407000, 9696, 23823.095823095824, 23900, 23750, 's', 5300, 36900, 0, 1590552461, 9696.355000000005, 4070, 23850, 23850, 73400, 23800, 233000, 23750, 94700, 23900, 179400, 23950, 325400, 24000, 950100, '2025-01-17 03:10:02']]
[2025-01-17T03:10:03.780+0000] {python.py:240} INFO - Done. Returned value was: None
[2025-01-17T03:10:03.787+0000] {taskinstance.py:340} INFO - ::group::Post task execution logs
[2025-01-17T03:10:03.788+0000] {taskinstance.py:352} INFO - Marking task as SUCCESS. dag_id=stock_information, task_id=append_to_database, run_id=scheduled__2025-01-17T03:09:00+00:00, execution_date=20250117T030900, start_date=20250117T031003, end_date=20250117T031003
[2025-01-17T03:10:03.810+0000] {local_task_job_runner.py:266} INFO - Task exited with return code 0
[2025-01-17T03:10:03.821+0000] {taskinstance.py:3895} INFO - 0 downstream tasks scheduled from follow-on schedule check
[2025-01-17T03:10:03.825+0000] {local_task_job_runner.py:245} INFO - ::endgroup::
