[2025-01-15T02:41:05.369+0000] {local_task_job_runner.py:123} INFO - ::group::Pre task execution logs
[2025-01-15T02:41:05.383+0000] {taskinstance.py:2613} INFO - Dependencies all met for dep_context=non-requeueable deps ti=<TaskInstance: stock_information.append_to_database scheduled__2025-01-15T02:40:00+00:00 [queued]>
[2025-01-15T02:41:05.390+0000] {taskinstance.py:2613} INFO - Dependencies all met for dep_context=requeueable deps ti=<TaskInstance: stock_information.append_to_database scheduled__2025-01-15T02:40:00+00:00 [queued]>
[2025-01-15T02:41:05.391+0000] {taskinstance.py:2866} INFO - Starting attempt 1 of 1
[2025-01-15T02:41:05.402+0000] {taskinstance.py:2889} INFO - Executing <Task(PythonOperator): append_to_database> on 2025-01-15 02:40:00+00:00
[2025-01-15T02:41:05.409+0000] {standard_task_runner.py:72} INFO - Started process 412 to run task
[2025-01-15T02:41:05.412+0000] {standard_task_runner.py:104} INFO - Running: ['airflow', 'tasks', 'run', 'stock_information', 'append_to_database', 'scheduled__2025-01-15T02:40:00+00:00', '--job-id', '534', '--raw', '--subdir', 'DAGS_FOLDER/vnstock_stream.py', '--cfg-path', '/tmp/tmpfunyr365']
[2025-01-15T02:41:05.414+0000] {standard_task_runner.py:105} INFO - Job 534: Subtask append_to_database
[2025-01-15T02:41:05.459+0000] {task_command.py:467} INFO - Running <TaskInstance: stock_information.append_to_database scheduled__2025-01-15T02:40:00+00:00 [running]> on host 453ac4defedc
[2025-01-15T02:41:05.552+0000] {taskinstance.py:3132} INFO - Exporting env vars: AIRFLOW_CTX_DAG_OWNER='TuanDz' AIRFLOW_CTX_DAG_ID='stock_information' AIRFLOW_CTX_TASK_ID='append_to_database' AIRFLOW_CTX_EXECUTION_DATE='2025-01-15T02:40:00+00:00' AIRFLOW_CTX_TRY_NUMBER='1' AIRFLOW_CTX_DAG_RUN_ID='scheduled__2025-01-15T02:40:00+00:00'
[2025-01-15T02:41:05.553+0000] {taskinstance.py:731} INFO - ::endgroup::
[2025-01-15T02:41:05.592+0000] {logging_mixin.py:190} INFO - Kết nối thành công!
[2025-01-15T02:41:05.593+0000] {logging_mixin.py:190} INFO - <class 'str'>
[2025-01-15T02:41:05.594+0000] {logging_mixin.py:190} INFO - [['TCB', 25250, 21950, 23600, 'STOCK', 'HSX', '', 7045021622, 'STOCK', 8424683, 'Ngân hàng Thương mại Cổ phần Kỹ thương Việt Nam', 23600, '', '2025-01-15', 23750, 10000, 342300, 8128, 23745.252702307916, 23800, 23650, 'b', 0, 0, 0, 1590552461, 8128.909999999996, 3423, 23600, 23700, 201100, 23650, 52700, 23600, 106200, 23750, 72600, 23800, 143900, 23850, 118300, '2025-01-15 02:41:02']]
[2025-01-15T02:41:05.594+0000] {logging_mixin.py:190} INFO - <class 'list'>
[2025-01-15T02:41:05.595+0000] {logging_mixin.py:190} INFO - [['TCB', 25250, 21950, 23600, 'STOCK', 'HSX', '', 7045021622, 'STOCK', 8424683, 'Ngân hàng Thương mại Cổ phần Kỹ thương Việt Nam', 23600, '', '2025-01-15', 23750, 10000, 342300, 8128, 23745.252702307916, 23800, 23650, 'b', 0, 0, 0, 1590552461, 8128.909999999996, 3423, 23600, 23700, 201100, 23650, 52700, 23600, 106200, 23750, 72600, 23800, 143900, 23850, 118300, '2025-01-15 02:41:02']]
[2025-01-15T02:41:05.597+0000] {python.py:240} INFO - Done. Returned value was: None
[2025-01-15T02:41:05.604+0000] {taskinstance.py:340} INFO - ::group::Post task execution logs
[2025-01-15T02:41:05.605+0000] {taskinstance.py:352} INFO - Marking task as SUCCESS. dag_id=stock_information, task_id=append_to_database, run_id=scheduled__2025-01-15T02:40:00+00:00, execution_date=20250115T024000, start_date=20250115T024105, end_date=20250115T024105
[2025-01-15T02:41:05.626+0000] {local_task_job_runner.py:266} INFO - Task exited with return code 0
[2025-01-15T02:41:05.643+0000] {taskinstance.py:3895} INFO - 0 downstream tasks scheduled from follow-on schedule check
[2025-01-15T02:41:05.649+0000] {local_task_job_runner.py:245} INFO - ::endgroup::
