[2025-01-17T03:03:03.802+0000] {local_task_job_runner.py:123} INFO - ::group::Pre task execution logs
[2025-01-17T03:03:03.813+0000] {taskinstance.py:2613} INFO - Dependencies all met for dep_context=non-requeueable deps ti=<TaskInstance: stock_information.append_to_database scheduled__2025-01-17T03:02:00+00:00 [queued]>
[2025-01-17T03:03:03.821+0000] {taskinstance.py:2613} INFO - Dependencies all met for dep_context=requeueable deps ti=<TaskInstance: stock_information.append_to_database scheduled__2025-01-17T03:02:00+00:00 [queued]>
[2025-01-17T03:03:03.822+0000] {taskinstance.py:2866} INFO - Starting attempt 1 of 1
[2025-01-17T03:03:03.834+0000] {taskinstance.py:2889} INFO - Executing <Task(PythonOperator): append_to_database> on 2025-01-17 03:02:00+00:00
[2025-01-17T03:03:03.839+0000] {standard_task_runner.py:72} INFO - Started process 2500 to run task
[2025-01-17T03:03:03.842+0000] {standard_task_runner.py:104} INFO - Running: ['airflow', 'tasks', 'run', 'stock_information', 'append_to_database', 'scheduled__2025-01-17T03:02:00+00:00', '--job-id', '2378', '--raw', '--subdir', 'DAGS_FOLDER/vnstock_stream.py', '--cfg-path', '/tmp/tmpr1uusbj_']
[2025-01-17T03:03:03.844+0000] {standard_task_runner.py:105} INFO - Job 2378: Subtask append_to_database
[2025-01-17T03:03:03.883+0000] {task_command.py:467} INFO - Running <TaskInstance: stock_information.append_to_database scheduled__2025-01-17T03:02:00+00:00 [running]> on host 453ac4defedc
[2025-01-17T03:03:03.958+0000] {taskinstance.py:3132} INFO - Exporting env vars: AIRFLOW_CTX_DAG_OWNER='TuanDz' AIRFLOW_CTX_DAG_ID='stock_information' AIRFLOW_CTX_TASK_ID='append_to_database' AIRFLOW_CTX_EXECUTION_DATE='2025-01-17T03:02:00+00:00' AIRFLOW_CTX_TRY_NUMBER='1' AIRFLOW_CTX_DAG_RUN_ID='scheduled__2025-01-17T03:02:00+00:00'
[2025-01-17T03:03:03.960+0000] {taskinstance.py:731} INFO - ::endgroup::
[2025-01-17T03:03:04.017+0000] {logging_mixin.py:190} INFO - Kết nối thành công!
[2025-01-17T03:03:04.018+0000] {logging_mixin.py:190} INFO - <class 'str'>
[2025-01-17T03:03:04.019+0000] {logging_mixin.py:190} INFO - [['TCB', 25500, 22200, 23850, 'STOCK', 'HSX', '', 7045021622, 'STOCK', 8424683, 'Ngân hàng Thương mại Cổ phần Kỹ thương Việt Nam', 23850, '', '2025-01-17', 23850, 300, 367900, 8765, 23824.40880674096, 23900, 23750, 's', 5300, 30600, 0, 1590552461, 8765.040000000015, 3679, 23850, 23850, 2200, 23800, 164300, 23750, 70900, 23900, 178500, 23950, 309300, 24000, 952000, '2025-01-17 03:03:02']]
[2025-01-17T03:03:04.020+0000] {logging_mixin.py:190} INFO - <class 'list'>
[2025-01-17T03:03:04.020+0000] {logging_mixin.py:190} INFO - [['TCB', 25500, 22200, 23850, 'STOCK', 'HSX', '', 7045021622, 'STOCK', 8424683, 'Ngân hàng Thương mại Cổ phần Kỹ thương Việt Nam', 23850, '', '2025-01-17', 23850, 300, 367900, 8765, 23824.40880674096, 23900, 23750, 's', 5300, 30600, 0, 1590552461, 8765.040000000015, 3679, 23850, 23850, 2200, 23800, 164300, 23750, 70900, 23900, 178500, 23950, 309300, 24000, 952000, '2025-01-17 03:03:02']]
[2025-01-17T03:03:04.026+0000] {python.py:240} INFO - Done. Returned value was: None
[2025-01-17T03:03:04.033+0000] {taskinstance.py:340} INFO - ::group::Post task execution logs
[2025-01-17T03:03:04.034+0000] {taskinstance.py:352} INFO - Marking task as SUCCESS. dag_id=stock_information, task_id=append_to_database, run_id=scheduled__2025-01-17T03:02:00+00:00, execution_date=20250117T030200, start_date=20250117T030303, end_date=20250117T030304
[2025-01-17T03:03:04.056+0000] {local_task_job_runner.py:266} INFO - Task exited with return code 0
[2025-01-17T03:03:04.070+0000] {taskinstance.py:3895} INFO - 0 downstream tasks scheduled from follow-on schedule check
[2025-01-17T03:03:04.074+0000] {local_task_job_runner.py:245} INFO - ::endgroup::
