[2025-01-16T03:07:04.925+0000] {local_task_job_runner.py:123} INFO - ::group::Pre task execution logs
[2025-01-16T03:07:04.937+0000] {taskinstance.py:2613} INFO - Dependencies all met for dep_context=non-requeueable deps ti=<TaskInstance: stock_information.append_to_database scheduled__2025-01-16T03:06:00+00:00 [queued]>
[2025-01-16T03:07:04.946+0000] {taskinstance.py:2613} INFO - Dependencies all met for dep_context=requeueable deps ti=<TaskInstance: stock_information.append_to_database scheduled__2025-01-16T03:06:00+00:00 [queued]>
[2025-01-16T03:07:04.948+0000] {taskinstance.py:2866} INFO - Starting attempt 1 of 1
[2025-01-16T03:07:04.963+0000] {taskinstance.py:2889} INFO - Executing <Task(PythonOperator): append_to_database> on 2025-01-16 03:06:00+00:00
[2025-01-16T03:07:04.969+0000] {standard_task_runner.py:72} INFO - Started process 1119 to run task
[2025-01-16T03:07:04.973+0000] {standard_task_runner.py:104} INFO - Running: ['airflow', 'tasks', 'run', 'stock_information', 'append_to_database', 'scheduled__2025-01-16T03:06:00+00:00', '--job-id', '1483', '--raw', '--subdir', 'DAGS_FOLDER/vnstock_stream.py', '--cfg-path', '/tmp/tmp45zpku3g']
[2025-01-16T03:07:04.976+0000] {standard_task_runner.py:105} INFO - Job 1483: Subtask append_to_database
[2025-01-16T03:07:05.015+0000] {task_command.py:467} INFO - Running <TaskInstance: stock_information.append_to_database scheduled__2025-01-16T03:06:00+00:00 [running]> on host 453ac4defedc
[2025-01-16T03:07:05.095+0000] {taskinstance.py:3132} INFO - Exporting env vars: AIRFLOW_CTX_DAG_OWNER='TuanDz' AIRFLOW_CTX_DAG_ID='stock_information' AIRFLOW_CTX_TASK_ID='append_to_database' AIRFLOW_CTX_EXECUTION_DATE='2025-01-16T03:06:00+00:00' AIRFLOW_CTX_TRY_NUMBER='1' AIRFLOW_CTX_DAG_RUN_ID='scheduled__2025-01-16T03:06:00+00:00'
[2025-01-16T03:07:05.097+0000] {taskinstance.py:731} INFO - ::endgroup::
[2025-01-16T03:07:05.141+0000] {logging_mixin.py:190} INFO - Kết nối thành công!
[2025-01-16T03:07:05.142+0000] {logging_mixin.py:190} INFO - <class 'str'>
[2025-01-16T03:07:05.142+0000] {logging_mixin.py:190} INFO - [['TCB', 25350, 22050, 23700, 'STOCK', 'HSX', '', 7045021622, 'STOCK', 8424683, 'Ngân hàng Thương mại Cổ phần Kỹ thương Việt Nam', 23700, '', '2025-01-16', 23850, 700, 2157700, 51503, 23869.397970060712, 23950, 23800, 's', 0, 0, 0, 1590552461, 51503.559999999925, 21577, 23700, 23850, 22400, 23800, 269800, 23750, 262600, 23900, 237700, 23950, 245700, 24000, 733600, '2025-01-16 03:07:02']]
[2025-01-16T03:07:05.143+0000] {logging_mixin.py:190} INFO - <class 'list'>
[2025-01-16T03:07:05.143+0000] {logging_mixin.py:190} INFO - [['TCB', 25350, 22050, 23700, 'STOCK', 'HSX', '', 7045021622, 'STOCK', 8424683, 'Ngân hàng Thương mại Cổ phần Kỹ thương Việt Nam', 23700, '', '2025-01-16', 23850, 700, 2157700, 51503, 23869.397970060712, 23950, 23800, 's', 0, 0, 0, 1590552461, 51503.559999999925, 21577, 23700, 23850, 22400, 23800, 269800, 23750, 262600, 23900, 237700, 23950, 245700, 24000, 733600, '2025-01-16 03:07:02']]
[2025-01-16T03:07:05.147+0000] {python.py:240} INFO - Done. Returned value was: None
[2025-01-16T03:07:05.155+0000] {taskinstance.py:340} INFO - ::group::Post task execution logs
[2025-01-16T03:07:05.156+0000] {taskinstance.py:352} INFO - Marking task as SUCCESS. dag_id=stock_information, task_id=append_to_database, run_id=scheduled__2025-01-16T03:06:00+00:00, execution_date=20250116T030600, start_date=20250116T030704, end_date=20250116T030705
[2025-01-16T03:07:05.187+0000] {local_task_job_runner.py:266} INFO - Task exited with return code 0
[2025-01-16T03:07:05.200+0000] {taskinstance.py:3895} INFO - 0 downstream tasks scheduled from follow-on schedule check
[2025-01-16T03:07:05.204+0000] {local_task_job_runner.py:245} INFO - ::endgroup::
