[2025-01-16T03:42:04.080+0000] {local_task_job_runner.py:123} INFO - ::group::Pre task execution logs
[2025-01-16T03:42:04.093+0000] {taskinstance.py:2613} INFO - Dependencies all met for dep_context=non-requeueable deps ti=<TaskInstance: stock_information.append_to_database scheduled__2025-01-16T03:41:00+00:00 [queued]>
[2025-01-16T03:42:04.102+0000] {taskinstance.py:2613} INFO - Dependencies all met for dep_context=requeueable deps ti=<TaskInstance: stock_information.append_to_database scheduled__2025-01-16T03:41:00+00:00 [queued]>
[2025-01-16T03:42:04.103+0000] {taskinstance.py:2866} INFO - Starting attempt 1 of 1
[2025-01-16T03:42:04.115+0000] {taskinstance.py:2889} INFO - Executing <Task(PythonOperator): append_to_database> on 2025-01-16 03:41:00+00:00
[2025-01-16T03:42:04.120+0000] {standard_task_runner.py:72} INFO - Started process 2146 to run task
[2025-01-16T03:42:04.122+0000] {standard_task_runner.py:104} INFO - Running: ['airflow', 'tasks', 'run', 'stock_information', 'append_to_database', 'scheduled__2025-01-16T03:41:00+00:00', '--job-id', '1553', '--raw', '--subdir', 'DAGS_FOLDER/vnstock_stream.py', '--cfg-path', '/tmp/tmp6ihef73c']
[2025-01-16T03:42:04.125+0000] {standard_task_runner.py:105} INFO - Job 1553: Subtask append_to_database
[2025-01-16T03:42:04.164+0000] {task_command.py:467} INFO - Running <TaskInstance: stock_information.append_to_database scheduled__2025-01-16T03:41:00+00:00 [running]> on host 453ac4defedc
[2025-01-16T03:42:04.243+0000] {taskinstance.py:3132} INFO - Exporting env vars: AIRFLOW_CTX_DAG_OWNER='TuanDz' AIRFLOW_CTX_DAG_ID='stock_information' AIRFLOW_CTX_TASK_ID='append_to_database' AIRFLOW_CTX_EXECUTION_DATE='2025-01-16T03:41:00+00:00' AIRFLOW_CTX_TRY_NUMBER='1' AIRFLOW_CTX_DAG_RUN_ID='scheduled__2025-01-16T03:41:00+00:00'
[2025-01-16T03:42:04.245+0000] {taskinstance.py:731} INFO - ::endgroup::
[2025-01-16T03:42:04.293+0000] {logging_mixin.py:190} INFO - Kết nối thành công!
[2025-01-16T03:42:04.294+0000] {logging_mixin.py:190} INFO - <class 'str'>
[2025-01-16T03:42:04.296+0000] {logging_mixin.py:190} INFO - [['TCB', 25350, 22050, 23700, 'STOCK', 'HSX', '', 7045021622, 'STOCK', 8424683, 'Ngân hàng Thương mại Cổ phần Kỹ thương Việt Nam', 23700, '', '2025-01-16', 23750, 1000, 2979800, 71072, 23851.265185582924, 23950, 23750, 's', 0, 0, 0, 1590552461, 71072.20499999997, 29798, 23700, 23750, 272400, 23700, 251800, 23650, 23600, 23800, 7000, 23850, 189800, 23900, 262000, '2025-01-16 03:42:02']]
[2025-01-16T03:42:04.297+0000] {logging_mixin.py:190} INFO - <class 'list'>
[2025-01-16T03:42:04.298+0000] {logging_mixin.py:190} INFO - [['TCB', 25350, 22050, 23700, 'STOCK', 'HSX', '', 7045021622, 'STOCK', 8424683, 'Ngân hàng Thương mại Cổ phần Kỹ thương Việt Nam', 23700, '', '2025-01-16', 23750, 1000, 2979800, 71072, 23851.265185582924, 23950, 23750, 's', 0, 0, 0, 1590552461, 71072.20499999997, 29798, 23700, 23750, 272400, 23700, 251800, 23650, 23600, 23800, 7000, 23850, 189800, 23900, 262000, '2025-01-16 03:42:02']]
[2025-01-16T03:42:04.304+0000] {python.py:240} INFO - Done. Returned value was: None
[2025-01-16T03:42:04.311+0000] {taskinstance.py:340} INFO - ::group::Post task execution logs
[2025-01-16T03:42:04.312+0000] {taskinstance.py:352} INFO - Marking task as SUCCESS. dag_id=stock_information, task_id=append_to_database, run_id=scheduled__2025-01-16T03:41:00+00:00, execution_date=20250116T034100, start_date=20250116T034204, end_date=20250116T034204
[2025-01-16T03:42:04.338+0000] {local_task_job_runner.py:266} INFO - Task exited with return code 0
[2025-01-16T03:42:04.351+0000] {taskinstance.py:3895} INFO - 0 downstream tasks scheduled from follow-on schedule check
[2025-01-16T03:42:04.355+0000] {local_task_job_runner.py:245} INFO - ::endgroup::
