[2025-01-15T06:19:11.471+0000] {local_task_job_runner.py:123} INFO - ::group::Pre task execution logs
[2025-01-15T06:19:11.483+0000] {taskinstance.py:2613} INFO - Dependencies all met for dep_context=non-requeueable deps ti=<TaskInstance: stock_information.append_to_database scheduled__2025-01-15T06:18:00+00:00 [queued]>
[2025-01-15T06:19:11.490+0000] {taskinstance.py:2613} INFO - Dependencies all met for dep_context=requeueable deps ti=<TaskInstance: stock_information.append_to_database scheduled__2025-01-15T06:18:00+00:00 [queued]>
[2025-01-15T06:19:11.491+0000] {taskinstance.py:2866} INFO - Starting attempt 1 of 1
[2025-01-15T06:19:11.502+0000] {taskinstance.py:2889} INFO - Executing <Task(PythonOperator): append_to_database> on 2025-01-15 06:18:00+00:00
[2025-01-15T06:19:11.507+0000] {standard_task_runner.py:72} INFO - Started process 6748 to run task
[2025-01-15T06:19:11.510+0000] {standard_task_runner.py:104} INFO - Running: ['airflow', 'tasks', 'run', 'stock_information', 'append_to_database', 'scheduled__2025-01-15T06:18:00+00:00', '--job-id', '970', '--raw', '--subdir', 'DAGS_FOLDER/vnstock_stream.py', '--cfg-path', '/tmp/tmpjvuq4lw8']
[2025-01-15T06:19:11.513+0000] {standard_task_runner.py:105} INFO - Job 970: Subtask append_to_database
[2025-01-15T06:19:11.555+0000] {task_command.py:467} INFO - Running <TaskInstance: stock_information.append_to_database scheduled__2025-01-15T06:18:00+00:00 [running]> on host 453ac4defedc
[2025-01-15T06:19:11.631+0000] {taskinstance.py:3132} INFO - Exporting env vars: AIRFLOW_CTX_DAG_OWNER='TuanDz' AIRFLOW_CTX_DAG_ID='stock_information' AIRFLOW_CTX_TASK_ID='append_to_database' AIRFLOW_CTX_EXECUTION_DATE='2025-01-15T06:18:00+00:00' AIRFLOW_CTX_TRY_NUMBER='1' AIRFLOW_CTX_DAG_RUN_ID='scheduled__2025-01-15T06:18:00+00:00'
[2025-01-15T06:19:11.633+0000] {taskinstance.py:731} INFO - ::endgroup::
[2025-01-15T06:19:11.667+0000] {logging_mixin.py:190} INFO - Kết nối thành công!
[2025-01-15T06:19:11.668+0000] {logging_mixin.py:190} INFO - <class 'str'>
[2025-01-15T06:19:11.668+0000] {logging_mixin.py:190} INFO - [['TCB', 25250, 21950, 23600, 'STOCK', 'HSX', '', 7045021622, 'STOCK', 8424683, 'Ngân hàng Thương mại Cổ phần Kỹ thương Việt Nam', 23600, '', '2025-01-15', 23850, 2200, 3308500, 78744, 23800.51382801874, 23900, 23650, 's', 156700, 156700, 0, 1590552461, 78744.95999999977, 33085, 23600, 23850, 117400, 23800, 230900, 23750, 288900, 23900, 186500, 23950, 242400, 24000, 761900, '2025-01-15 06:19:03']]
[2025-01-15T06:19:11.669+0000] {logging_mixin.py:190} INFO - <class 'list'>
[2025-01-15T06:19:11.670+0000] {logging_mixin.py:190} INFO - [['TCB', 25250, 21950, 23600, 'STOCK', 'HSX', '', 7045021622, 'STOCK', 8424683, 'Ngân hàng Thương mại Cổ phần Kỹ thương Việt Nam', 23600, '', '2025-01-15', 23850, 2200, 3308500, 78744, 23800.51382801874, 23900, 23650, 's', 156700, 156700, 0, 1590552461, 78744.95999999977, 33085, 23600, 23850, 117400, 23800, 230900, 23750, 288900, 23900, 186500, 23950, 242400, 24000, 761900, '2025-01-15 06:19:03']]
[2025-01-15T06:19:11.672+0000] {python.py:240} INFO - Done. Returned value was: None
[2025-01-15T06:19:11.680+0000] {taskinstance.py:340} INFO - ::group::Post task execution logs
[2025-01-15T06:19:11.681+0000] {taskinstance.py:352} INFO - Marking task as SUCCESS. dag_id=stock_information, task_id=append_to_database, run_id=scheduled__2025-01-15T06:18:00+00:00, execution_date=20250115T061800, start_date=20250115T061911, end_date=20250115T061911
[2025-01-15T06:19:11.725+0000] {local_task_job_runner.py:266} INFO - Task exited with return code 0
[2025-01-15T06:19:11.743+0000] {taskinstance.py:3895} INFO - 0 downstream tasks scheduled from follow-on schedule check
[2025-01-15T06:19:11.747+0000] {local_task_job_runner.py:245} INFO - ::endgroup::
