[2025-01-16T06:55:03.753+0000] {local_task_job_runner.py:123} INFO - ::group::Pre task execution logs
[2025-01-16T06:55:03.767+0000] {taskinstance.py:2613} INFO - Dependencies all met for dep_context=non-requeueable deps ti=<TaskInstance: stock_information.append_to_database scheduled__2025-01-16T06:54:00+00:00 [queued]>
[2025-01-16T06:55:03.774+0000] {taskinstance.py:2613} INFO - Dependencies all met for dep_context=requeueable deps ti=<TaskInstance: stock_information.append_to_database scheduled__2025-01-16T06:54:00+00:00 [queued]>
[2025-01-16T06:55:03.775+0000] {taskinstance.py:2866} INFO - Starting attempt 1 of 1
[2025-01-16T06:55:03.787+0000] {taskinstance.py:2889} INFO - Executing <Task(PythonOperator): append_to_database> on 2025-01-16 06:54:00+00:00
[2025-01-16T06:55:03.792+0000] {standard_task_runner.py:72} INFO - Started process 7803 to run task
[2025-01-16T06:55:03.795+0000] {standard_task_runner.py:104} INFO - Running: ['airflow', 'tasks', 'run', 'stock_information', 'append_to_database', 'scheduled__2025-01-16T06:54:00+00:00', '--job-id', '1939', '--raw', '--subdir', 'DAGS_FOLDER/vnstock_stream.py', '--cfg-path', '/tmp/tmp0gl3gyss']
[2025-01-16T06:55:03.797+0000] {standard_task_runner.py:105} INFO - Job 1939: Subtask append_to_database
[2025-01-16T06:55:03.835+0000] {task_command.py:467} INFO - Running <TaskInstance: stock_information.append_to_database scheduled__2025-01-16T06:54:00+00:00 [running]> on host 453ac4defedc
[2025-01-16T06:55:03.913+0000] {taskinstance.py:3132} INFO - Exporting env vars: AIRFLOW_CTX_DAG_OWNER='TuanDz' AIRFLOW_CTX_DAG_ID='stock_information' AIRFLOW_CTX_TASK_ID='append_to_database' AIRFLOW_CTX_EXECUTION_DATE='2025-01-16T06:54:00+00:00' AIRFLOW_CTX_TRY_NUMBER='1' AIRFLOW_CTX_DAG_RUN_ID='scheduled__2025-01-16T06:54:00+00:00'
[2025-01-16T06:55:03.915+0000] {taskinstance.py:731} INFO - ::endgroup::
[2025-01-16T06:55:03.955+0000] {logging_mixin.py:190} INFO - Kết nối thành công!
[2025-01-16T06:55:03.956+0000] {logging_mixin.py:190} INFO - <class 'str'>
[2025-01-16T06:55:03.956+0000] {logging_mixin.py:190} INFO - [['TCB', 25350, 22050, 23700, 'STOCK', 'HSX', '', 7045021622, 'STOCK', 8424683, 'Ngân hàng Thương mại Cổ phần Kỹ thương Việt Nam', 23700, '', '2025-01-16', 23750, 1000, 4006500, 95456, 23825.283913640335, 23950, 23700, 's', 0, 0, 0, 1590552461, 95456.49999999999, 40065, 23700, 23750, 302900, 23700, 280400, 23650, 195100, 23800, 232200, 23850, 244700, 23900, 304700, '2025-01-16 06:55:02']]
[2025-01-16T06:55:03.957+0000] {logging_mixin.py:190} INFO - <class 'list'>
[2025-01-16T06:55:03.957+0000] {logging_mixin.py:190} INFO - [['TCB', 25350, 22050, 23700, 'STOCK', 'HSX', '', 7045021622, 'STOCK', 8424683, 'Ngân hàng Thương mại Cổ phần Kỹ thương Việt Nam', 23700, '', '2025-01-16', 23750, 1000, 4006500, 95456, 23825.283913640335, 23950, 23700, 's', 0, 0, 0, 1590552461, 95456.49999999999, 40065, 23700, 23750, 302900, 23700, 280400, 23650, 195100, 23800, 232200, 23850, 244700, 23900, 304700, '2025-01-16 06:55:02']]
[2025-01-16T06:55:03.959+0000] {python.py:240} INFO - Done. Returned value was: None
[2025-01-16T06:55:03.966+0000] {taskinstance.py:340} INFO - ::group::Post task execution logs
[2025-01-16T06:55:03.966+0000] {taskinstance.py:352} INFO - Marking task as SUCCESS. dag_id=stock_information, task_id=append_to_database, run_id=scheduled__2025-01-16T06:54:00+00:00, execution_date=20250116T065400, start_date=20250116T065503, end_date=20250116T065503
[2025-01-16T06:55:04.010+0000] {local_task_job_runner.py:266} INFO - Task exited with return code 0
[2025-01-16T06:55:04.027+0000] {taskinstance.py:3895} INFO - 0 downstream tasks scheduled from follow-on schedule check
[2025-01-16T06:55:04.031+0000] {local_task_job_runner.py:245} INFO - ::endgroup::
