[2025-01-15T06:51:05.232+0000] {local_task_job_runner.py:123} INFO - ::group::Pre task execution logs
[2025-01-15T06:51:05.245+0000] {taskinstance.py:2613} INFO - Dependencies all met for dep_context=non-requeueable deps ti=<TaskInstance: stock_information.append_to_database scheduled__2025-01-15T06:50:00+00:00 [queued]>
[2025-01-15T06:51:05.251+0000] {taskinstance.py:2613} INFO - Dependencies all met for dep_context=requeueable deps ti=<TaskInstance: stock_information.append_to_database scheduled__2025-01-15T06:50:00+00:00 [queued]>
[2025-01-15T06:51:05.252+0000] {taskinstance.py:2866} INFO - Starting attempt 1 of 1
[2025-01-15T06:51:05.263+0000] {taskinstance.py:2889} INFO - Executing <Task(PythonOperator): append_to_database> on 2025-01-15 06:50:00+00:00
[2025-01-15T06:51:05.269+0000] {standard_task_runner.py:72} INFO - Started process 7674 to run task
[2025-01-15T06:51:05.271+0000] {standard_task_runner.py:104} INFO - Running: ['airflow', 'tasks', 'run', 'stock_information', 'append_to_database', 'scheduled__2025-01-15T06:50:00+00:00', '--job-id', '1034', '--raw', '--subdir', 'DAGS_FOLDER/vnstock_stream.py', '--cfg-path', '/tmp/tmp0di9xgyd']
[2025-01-15T06:51:05.275+0000] {standard_task_runner.py:105} INFO - Job 1034: Subtask append_to_database
[2025-01-15T06:51:05.312+0000] {task_command.py:467} INFO - Running <TaskInstance: stock_information.append_to_database scheduled__2025-01-15T06:50:00+00:00 [running]> on host 453ac4defedc
[2025-01-15T06:51:05.387+0000] {taskinstance.py:3132} INFO - Exporting env vars: AIRFLOW_CTX_DAG_OWNER='TuanDz' AIRFLOW_CTX_DAG_ID='stock_information' AIRFLOW_CTX_TASK_ID='append_to_database' AIRFLOW_CTX_EXECUTION_DATE='2025-01-15T06:50:00+00:00' AIRFLOW_CTX_TRY_NUMBER='1' AIRFLOW_CTX_DAG_RUN_ID='scheduled__2025-01-15T06:50:00+00:00'
[2025-01-15T06:51:05.389+0000] {taskinstance.py:731} INFO - ::endgroup::
[2025-01-15T06:51:05.425+0000] {logging_mixin.py:190} INFO - Kết nối thành công!
[2025-01-15T06:51:05.426+0000] {logging_mixin.py:190} INFO - <class 'str'>
[2025-01-15T06:51:05.426+0000] {logging_mixin.py:190} INFO - [['TCB', 25250, 21950, 23600, 'STOCK', 'HSX', '', 7045021622, 'STOCK', 8424683, 'Ngân hàng Thương mại Cổ phần Kỹ thương Việt Nam', 23600, '', '2025-01-15', 23800, 2200, 4390900, 104500, 23799.221116399825, 23900, 23650, 's', 156700, 166700, 0, 1590552461, 104500.5649999998, 43909, 23600, 23800, 65000, 23750, 321000, 23700, 321300, 23850, 44800, 23900, 198000, 23950, 230500, '2025-01-15 06:51:03']]
[2025-01-15T06:51:05.427+0000] {logging_mixin.py:190} INFO - <class 'list'>
[2025-01-15T06:51:05.428+0000] {logging_mixin.py:190} INFO - [['TCB', 25250, 21950, 23600, 'STOCK', 'HSX', '', 7045021622, 'STOCK', 8424683, 'Ngân hàng Thương mại Cổ phần Kỹ thương Việt Nam', 23600, '', '2025-01-15', 23800, 2200, 4390900, 104500, 23799.221116399825, 23900, 23650, 's', 156700, 166700, 0, 1590552461, 104500.5649999998, 43909, 23600, 23800, 65000, 23750, 321000, 23700, 321300, 23850, 44800, 23900, 198000, 23950, 230500, '2025-01-15 06:51:03']]
[2025-01-15T06:51:05.431+0000] {python.py:240} INFO - Done. Returned value was: None
[2025-01-15T06:51:05.438+0000] {taskinstance.py:340} INFO - ::group::Post task execution logs
[2025-01-15T06:51:05.439+0000] {taskinstance.py:352} INFO - Marking task as SUCCESS. dag_id=stock_information, task_id=append_to_database, run_id=scheduled__2025-01-15T06:50:00+00:00, execution_date=20250115T065000, start_date=20250115T065105, end_date=20250115T065105
[2025-01-15T06:51:05.486+0000] {local_task_job_runner.py:266} INFO - Task exited with return code 0
[2025-01-15T06:51:05.503+0000] {taskinstance.py:3895} INFO - 0 downstream tasks scheduled from follow-on schedule check
[2025-01-15T06:51:05.506+0000] {local_task_job_runner.py:245} INFO - ::endgroup::
