[2025-01-15T06:30:04.457+0000] {local_task_job_runner.py:123} INFO - ::group::Pre task execution logs
[2025-01-15T06:30:04.469+0000] {taskinstance.py:2613} INFO - Dependencies all met for dep_context=non-requeueable deps ti=<TaskInstance: stock_information.append_to_database scheduled__2025-01-15T06:29:00+00:00 [queued]>
[2025-01-15T06:30:04.477+0000] {taskinstance.py:2613} INFO - Dependencies all met for dep_context=requeueable deps ti=<TaskInstance: stock_information.append_to_database scheduled__2025-01-15T06:29:00+00:00 [queued]>
[2025-01-15T06:30:04.478+0000] {taskinstance.py:2866} INFO - Starting attempt 1 of 1
[2025-01-15T06:30:04.490+0000] {taskinstance.py:2889} INFO - Executing <Task(PythonOperator): append_to_database> on 2025-01-15 06:29:00+00:00
[2025-01-15T06:30:04.496+0000] {standard_task_runner.py:72} INFO - Started process 7067 to run task
[2025-01-15T06:30:04.499+0000] {standard_task_runner.py:104} INFO - Running: ['airflow', 'tasks', 'run', 'stock_information', 'append_to_database', 'scheduled__2025-01-15T06:29:00+00:00', '--job-id', '992', '--raw', '--subdir', 'DAGS_FOLDER/vnstock_stream.py', '--cfg-path', '/tmp/tmp7hpgn3a_']
[2025-01-15T06:30:04.502+0000] {standard_task_runner.py:105} INFO - Job 992: Subtask append_to_database
[2025-01-15T06:30:04.541+0000] {task_command.py:467} INFO - Running <TaskInstance: stock_information.append_to_database scheduled__2025-01-15T06:29:00+00:00 [running]> on host 453ac4defedc
[2025-01-15T06:30:04.618+0000] {taskinstance.py:3132} INFO - Exporting env vars: AIRFLOW_CTX_DAG_OWNER='TuanDz' AIRFLOW_CTX_DAG_ID='stock_information' AIRFLOW_CTX_TASK_ID='append_to_database' AIRFLOW_CTX_EXECUTION_DATE='2025-01-15T06:29:00+00:00' AIRFLOW_CTX_TRY_NUMBER='1' AIRFLOW_CTX_DAG_RUN_ID='scheduled__2025-01-15T06:29:00+00:00'
[2025-01-15T06:30:04.620+0000] {taskinstance.py:731} INFO - ::endgroup::
[2025-01-15T06:30:04.660+0000] {logging_mixin.py:190} INFO - Kết nối thành công!
[2025-01-15T06:30:04.662+0000] {logging_mixin.py:190} INFO - <class 'str'>
[2025-01-15T06:30:04.662+0000] {logging_mixin.py:190} INFO - [['TCB', 25250, 21950, 23600, 'STOCK', 'HSX', '', 7045021622, 'STOCK', 8424683, 'Ngân hàng Thương mại Cổ phần Kỹ thương Việt Nam', 23600, '', '2025-01-15', 23850, 22200, 3811200, 90715, 23802.21452560873, 23900, 23650, 'b', 156700, 156700, 0, 1590552461, 90715.12499999981, 38112, 23600, 23750, 239000, 23700, 328000, 23650, 232200, 23850, 24500, 23900, 197500, 23950, 212100, '2025-01-15 06:30:02']]
[2025-01-15T06:30:04.663+0000] {logging_mixin.py:190} INFO - <class 'list'>
[2025-01-15T06:30:04.664+0000] {logging_mixin.py:190} INFO - [['TCB', 25250, 21950, 23600, 'STOCK', 'HSX', '', 7045021622, 'STOCK', 8424683, 'Ngân hàng Thương mại Cổ phần Kỹ thương Việt Nam', 23600, '', '2025-01-15', 23850, 22200, 3811200, 90715, 23802.21452560873, 23900, 23650, 'b', 156700, 156700, 0, 1590552461, 90715.12499999981, 38112, 23600, 23750, 239000, 23700, 328000, 23650, 232200, 23850, 24500, 23900, 197500, 23950, 212100, '2025-01-15 06:30:02']]
[2025-01-15T06:30:04.665+0000] {python.py:240} INFO - Done. Returned value was: None
[2025-01-15T06:30:04.673+0000] {taskinstance.py:340} INFO - ::group::Post task execution logs
[2025-01-15T06:30:04.674+0000] {taskinstance.py:352} INFO - Marking task as SUCCESS. dag_id=stock_information, task_id=append_to_database, run_id=scheduled__2025-01-15T06:29:00+00:00, execution_date=20250115T062900, start_date=20250115T063004, end_date=20250115T063004
[2025-01-15T06:30:04.714+0000] {local_task_job_runner.py:266} INFO - Task exited with return code 0
[2025-01-15T06:30:04.734+0000] {taskinstance.py:3895} INFO - 0 downstream tasks scheduled from follow-on schedule check
[2025-01-15T06:30:04.739+0000] {local_task_job_runner.py:245} INFO - ::endgroup::
