[2025-01-15T07:05:05.836+0000] {local_task_job_runner.py:123} INFO - ::group::Pre task execution logs
[2025-01-15T07:05:05.848+0000] {taskinstance.py:2613} INFO - Dependencies all met for dep_context=non-requeueable deps ti=<TaskInstance: stock_information.append_to_database scheduled__2025-01-15T07:04:00+00:00 [queued]>
[2025-01-15T07:05:05.853+0000] {taskinstance.py:2613} INFO - Dependencies all met for dep_context=requeueable deps ti=<TaskInstance: stock_information.append_to_database scheduled__2025-01-15T07:04:00+00:00 [queued]>
[2025-01-15T07:05:05.854+0000] {taskinstance.py:2866} INFO - Starting attempt 1 of 1
[2025-01-15T07:05:05.865+0000] {taskinstance.py:2889} INFO - Executing <Task(PythonOperator): append_to_database> on 2025-01-15 07:04:00+00:00
[2025-01-15T07:05:05.870+0000] {standard_task_runner.py:72} INFO - Started process 8082 to run task
[2025-01-15T07:05:05.873+0000] {standard_task_runner.py:104} INFO - Running: ['airflow', 'tasks', 'run', 'stock_information', 'append_to_database', 'scheduled__2025-01-15T07:04:00+00:00', '--job-id', '1062', '--raw', '--subdir', 'DAGS_FOLDER/vnstock_stream.py', '--cfg-path', '/tmp/tmpuq3m2zls']
[2025-01-15T07:05:05.875+0000] {standard_task_runner.py:105} INFO - Job 1062: Subtask append_to_database
[2025-01-15T07:05:05.914+0000] {task_command.py:467} INFO - Running <TaskInstance: stock_information.append_to_database scheduled__2025-01-15T07:04:00+00:00 [running]> on host 453ac4defedc
[2025-01-15T07:05:05.992+0000] {taskinstance.py:3132} INFO - Exporting env vars: AIRFLOW_CTX_DAG_OWNER='TuanDz' AIRFLOW_CTX_DAG_ID='stock_information' AIRFLOW_CTX_TASK_ID='append_to_database' AIRFLOW_CTX_EXECUTION_DATE='2025-01-15T07:04:00+00:00' AIRFLOW_CTX_TRY_NUMBER='1' AIRFLOW_CTX_DAG_RUN_ID='scheduled__2025-01-15T07:04:00+00:00'
[2025-01-15T07:05:05.993+0000] {taskinstance.py:731} INFO - ::endgroup::
[2025-01-15T07:05:06.033+0000] {logging_mixin.py:190} INFO - Kết nối thành công!
[2025-01-15T07:05:06.034+0000] {logging_mixin.py:190} INFO - <class 'str'>
[2025-01-15T07:05:06.035+0000] {logging_mixin.py:190} INFO - [['TCB', 25250, 21950, 23600, 'STOCK', 'HSX', '', 7045021622, 'STOCK', 8424683, 'Ngân hàng Thương mại Cổ phần Kỹ thương Việt Nam', 23600, '', '2025-01-15', 23750, 2100, 5129400, 122052, 23794.595859164816, 23900, 23650, 's', 156700, 166700, 0, 1590552461, 122052.10499999979, 51294, 23600, 23750, 185900, 23700, 436100, 23650, 113500, 23800, 26500, 23850, 98600, 23900, 158100, '2025-01-15 07:05:02']]
[2025-01-15T07:05:06.035+0000] {logging_mixin.py:190} INFO - <class 'list'>
[2025-01-15T07:05:06.036+0000] {logging_mixin.py:190} INFO - [['TCB', 25250, 21950, 23600, 'STOCK', 'HSX', '', 7045021622, 'STOCK', 8424683, 'Ngân hàng Thương mại Cổ phần Kỹ thương Việt Nam', 23600, '', '2025-01-15', 23750, 2100, 5129400, 122052, 23794.595859164816, 23900, 23650, 's', 156700, 166700, 0, 1590552461, 122052.10499999979, 51294, 23600, 23750, 185900, 23700, 436100, 23650, 113500, 23800, 26500, 23850, 98600, 23900, 158100, '2025-01-15 07:05:02']]
[2025-01-15T07:05:06.039+0000] {python.py:240} INFO - Done. Returned value was: None
[2025-01-15T07:05:06.046+0000] {taskinstance.py:340} INFO - ::group::Post task execution logs
[2025-01-15T07:05:06.047+0000] {taskinstance.py:352} INFO - Marking task as SUCCESS. dag_id=stock_information, task_id=append_to_database, run_id=scheduled__2025-01-15T07:04:00+00:00, execution_date=20250115T070400, start_date=20250115T070505, end_date=20250115T070506
[2025-01-15T07:05:06.088+0000] {local_task_job_runner.py:266} INFO - Task exited with return code 0
[2025-01-15T07:05:06.101+0000] {taskinstance.py:3895} INFO - 0 downstream tasks scheduled from follow-on schedule check
[2025-01-15T07:05:06.106+0000] {local_task_job_runner.py:245} INFO - ::endgroup::
