[2025-01-16T07:20:03.995+0000] {local_task_job_runner.py:123} INFO - ::group::Pre task execution logs
[2025-01-16T07:20:04.011+0000] {taskinstance.py:2613} INFO - Dependencies all met for dep_context=non-requeueable deps ti=<TaskInstance: stock_information.append_to_database scheduled__2025-01-16T07:19:00+00:00 [queued]>
[2025-01-16T07:20:04.020+0000] {taskinstance.py:2613} INFO - Dependencies all met for dep_context=requeueable deps ti=<TaskInstance: stock_information.append_to_database scheduled__2025-01-16T07:19:00+00:00 [queued]>
[2025-01-16T07:20:04.021+0000] {taskinstance.py:2866} INFO - Starting attempt 1 of 1
[2025-01-16T07:20:04.034+0000] {taskinstance.py:2889} INFO - Executing <Task(PythonOperator): append_to_database> on 2025-01-16 07:19:00+00:00
[2025-01-16T07:20:04.040+0000] {standard_task_runner.py:72} INFO - Started process 8530 to run task
[2025-01-16T07:20:04.042+0000] {standard_task_runner.py:104} INFO - Running: ['airflow', 'tasks', 'run', 'stock_information', 'append_to_database', 'scheduled__2025-01-16T07:19:00+00:00', '--job-id', '1989', '--raw', '--subdir', 'DAGS_FOLDER/vnstock_stream.py', '--cfg-path', '/tmp/tmp0zszzbed']
[2025-01-16T07:20:04.045+0000] {standard_task_runner.py:105} INFO - Job 1989: Subtask append_to_database
[2025-01-16T07:20:04.085+0000] {task_command.py:467} INFO - Running <TaskInstance: stock_information.append_to_database scheduled__2025-01-16T07:19:00+00:00 [running]> on host 453ac4defedc
[2025-01-16T07:20:04.169+0000] {taskinstance.py:3132} INFO - Exporting env vars: AIRFLOW_CTX_DAG_OWNER='TuanDz' AIRFLOW_CTX_DAG_ID='stock_information' AIRFLOW_CTX_TASK_ID='append_to_database' AIRFLOW_CTX_EXECUTION_DATE='2025-01-16T07:19:00+00:00' AIRFLOW_CTX_TRY_NUMBER='1' AIRFLOW_CTX_DAG_RUN_ID='scheduled__2025-01-16T07:19:00+00:00'
[2025-01-16T07:20:04.171+0000] {taskinstance.py:731} INFO - ::endgroup::
[2025-01-16T07:20:04.238+0000] {logging_mixin.py:190} INFO - Kết nối thành công!
[2025-01-16T07:20:04.239+0000] {logging_mixin.py:190} INFO - <class 'str'>
[2025-01-16T07:20:04.240+0000] {logging_mixin.py:190} INFO - [['TCB', 25350, 22050, 23700, 'STOCK', 'HSX', '', 7045021622, 'STOCK', 8424683, 'Ngân hàng Thương mại Cổ phần Kỹ thương Việt Nam', 23700, '', '2025-01-16', 23650, 10600, 5733500, 136469, 23802.040638353537, 23950, 23600, 's', 0, 43800, 0, 1590552461, 136469.58999999994, 57335, 23700, 23650, 69000, 23600, 208500, 23550, 224800, 23800, 80800, 23850, 215800, 23900, 414800, '2025-01-16 07:20:02']]
[2025-01-16T07:20:04.241+0000] {logging_mixin.py:190} INFO - <class 'list'>
[2025-01-16T07:20:04.242+0000] {logging_mixin.py:190} INFO - [['TCB', 25350, 22050, 23700, 'STOCK', 'HSX', '', 7045021622, 'STOCK', 8424683, 'Ngân hàng Thương mại Cổ phần Kỹ thương Việt Nam', 23700, '', '2025-01-16', 23650, 10600, 5733500, 136469, 23802.040638353537, 23950, 23600, 's', 0, 43800, 0, 1590552461, 136469.58999999994, 57335, 23700, 23650, 69000, 23600, 208500, 23550, 224800, 23800, 80800, 23850, 215800, 23900, 414800, '2025-01-16 07:20:02']]
[2025-01-16T07:20:04.248+0000] {python.py:240} INFO - Done. Returned value was: None
[2025-01-16T07:20:04.254+0000] {taskinstance.py:340} INFO - ::group::Post task execution logs
[2025-01-16T07:20:04.255+0000] {taskinstance.py:352} INFO - Marking task as SUCCESS. dag_id=stock_information, task_id=append_to_database, run_id=scheduled__2025-01-16T07:19:00+00:00, execution_date=20250116T071900, start_date=20250116T072004, end_date=20250116T072004
[2025-01-16T07:20:04.298+0000] {local_task_job_runner.py:266} INFO - Task exited with return code 0
[2025-01-16T07:20:04.311+0000] {taskinstance.py:3895} INFO - 0 downstream tasks scheduled from follow-on schedule check
[2025-01-16T07:20:04.316+0000] {local_task_job_runner.py:245} INFO - ::endgroup::
