[2025-01-16T02:37:05.347+0000] {local_task_job_runner.py:123} INFO - ::group::Pre task execution logs
[2025-01-16T02:37:05.361+0000] {taskinstance.py:2613} INFO - Dependencies all met for dep_context=non-requeueable deps ti=<TaskInstance: stock_information.append_to_database scheduled__2025-01-16T02:36:00+00:00 [queued]>
[2025-01-16T02:37:05.368+0000] {taskinstance.py:2613} INFO - Dependencies all met for dep_context=requeueable deps ti=<TaskInstance: stock_information.append_to_database scheduled__2025-01-16T02:36:00+00:00 [queued]>
[2025-01-16T02:37:05.369+0000] {taskinstance.py:2866} INFO - Starting attempt 1 of 1
[2025-01-16T02:37:05.382+0000] {taskinstance.py:2889} INFO - Executing <Task(PythonOperator): append_to_database> on 2025-01-16 02:36:00+00:00
[2025-01-16T02:37:05.388+0000] {standard_task_runner.py:72} INFO - Started process 242 to run task
[2025-01-16T02:37:05.390+0000] {standard_task_runner.py:104} INFO - Running: ['airflow', 'tasks', 'run', 'stock_information', 'append_to_database', 'scheduled__2025-01-16T02:36:00+00:00', '--job-id', '1423', '--raw', '--subdir', 'DAGS_FOLDER/vnstock_stream.py', '--cfg-path', '/tmp/tmpaswpa71t']
[2025-01-16T02:37:05.393+0000] {standard_task_runner.py:105} INFO - Job 1423: Subtask append_to_database
[2025-01-16T02:37:05.431+0000] {task_command.py:467} INFO - Running <TaskInstance: stock_information.append_to_database scheduled__2025-01-16T02:36:00+00:00 [running]> on host 453ac4defedc
[2025-01-16T02:37:05.514+0000] {taskinstance.py:3132} INFO - Exporting env vars: AIRFLOW_CTX_DAG_OWNER='TuanDz' AIRFLOW_CTX_DAG_ID='stock_information' AIRFLOW_CTX_TASK_ID='append_to_database' AIRFLOW_CTX_EXECUTION_DATE='2025-01-16T02:36:00+00:00' AIRFLOW_CTX_TRY_NUMBER='1' AIRFLOW_CTX_DAG_RUN_ID='scheduled__2025-01-16T02:36:00+00:00'
[2025-01-16T02:37:05.516+0000] {taskinstance.py:731} INFO - ::endgroup::
[2025-01-16T02:37:05.565+0000] {logging_mixin.py:190} INFO - Kết nối thành công!
[2025-01-16T02:37:05.566+0000] {logging_mixin.py:190} INFO - <class 'str'>
[2025-01-16T02:37:05.567+0000] {logging_mixin.py:190} INFO - [['TCB', 25350, 22050, 23700, 'STOCK', 'HSX', '', 7045021622, 'STOCK', 8424683, 'Ngân hàng Thương mại Cổ phần Kỹ thương Việt Nam', 23700, '', '2025-01-16', 23850, 600, 1070300, 25543, 23865.271419228255, 23900, 23800, 's', 0, 0, 0, 1590552461, 25543.91499999991, 10703, 23700, 23850, 165600, 23800, 150200, 23750, 123400, 23900, 15500, 23950, 161300, 24000, 579100, '2025-01-16 02:37:03']]
[2025-01-16T02:37:05.567+0000] {logging_mixin.py:190} INFO - <class 'list'>
[2025-01-16T02:37:05.568+0000] {logging_mixin.py:190} INFO - [['TCB', 25350, 22050, 23700, 'STOCK', 'HSX', '', 7045021622, 'STOCK', 8424683, 'Ngân hàng Thương mại Cổ phần Kỹ thương Việt Nam', 23700, '', '2025-01-16', 23850, 600, 1070300, 25543, 23865.271419228255, 23900, 23800, 's', 0, 0, 0, 1590552461, 25543.91499999991, 10703, 23700, 23850, 165600, 23800, 150200, 23750, 123400, 23900, 15500, 23950, 161300, 24000, 579100, '2025-01-16 02:37:03']]
[2025-01-16T02:37:05.572+0000] {python.py:240} INFO - Done. Returned value was: None
[2025-01-16T02:37:05.579+0000] {taskinstance.py:340} INFO - ::group::Post task execution logs
[2025-01-16T02:37:05.580+0000] {taskinstance.py:352} INFO - Marking task as SUCCESS. dag_id=stock_information, task_id=append_to_database, run_id=scheduled__2025-01-16T02:36:00+00:00, execution_date=20250116T023600, start_date=20250116T023705, end_date=20250116T023705
[2025-01-16T02:37:05.605+0000] {local_task_job_runner.py:266} INFO - Task exited with return code 0
[2025-01-16T02:37:05.620+0000] {taskinstance.py:3895} INFO - 0 downstream tasks scheduled from follow-on schedule check
[2025-01-16T02:37:05.624+0000] {local_task_job_runner.py:245} INFO - ::endgroup::
