[2025-01-15T06:20:07.545+0000] {local_task_job_runner.py:123} INFO - ::group::Pre task execution logs
[2025-01-15T06:20:07.568+0000] {taskinstance.py:2613} INFO - Dependencies all met for dep_context=non-requeueable deps ti=<TaskInstance: stock_information.append_to_database scheduled__2025-01-15T06:19:00+00:00 [queued]>
[2025-01-15T06:20:07.581+0000] {taskinstance.py:2613} INFO - Dependencies all met for dep_context=requeueable deps ti=<TaskInstance: stock_information.append_to_database scheduled__2025-01-15T06:19:00+00:00 [queued]>
[2025-01-15T06:20:07.583+0000] {taskinstance.py:2866} INFO - Starting attempt 1 of 1
[2025-01-15T06:20:07.598+0000] {taskinstance.py:2889} INFO - Executing <Task(PythonOperator): append_to_database> on 2025-01-15 06:19:00+00:00
[2025-01-15T06:20:07.605+0000] {standard_task_runner.py:72} INFO - Started process 6773 to run task
[2025-01-15T06:20:07.608+0000] {standard_task_runner.py:104} INFO - Running: ['airflow', 'tasks', 'run', 'stock_information', 'append_to_database', 'scheduled__2025-01-15T06:19:00+00:00', '--job-id', '972', '--raw', '--subdir', 'DAGS_FOLDER/vnstock_stream.py', '--cfg-path', '/tmp/tmp61vjd2aw']
[2025-01-15T06:20:07.610+0000] {standard_task_runner.py:105} INFO - Job 972: Subtask append_to_database
[2025-01-15T06:20:07.668+0000] {task_command.py:467} INFO - Running <TaskInstance: stock_information.append_to_database scheduled__2025-01-15T06:19:00+00:00 [running]> on host 453ac4defedc
[2025-01-15T06:20:07.770+0000] {taskinstance.py:3132} INFO - Exporting env vars: AIRFLOW_CTX_DAG_OWNER='TuanDz' AIRFLOW_CTX_DAG_ID='stock_information' AIRFLOW_CTX_TASK_ID='append_to_database' AIRFLOW_CTX_EXECUTION_DATE='2025-01-15T06:19:00+00:00' AIRFLOW_CTX_TRY_NUMBER='1' AIRFLOW_CTX_DAG_RUN_ID='scheduled__2025-01-15T06:19:00+00:00'
[2025-01-15T06:20:07.773+0000] {taskinstance.py:731} INFO - ::endgroup::
[2025-01-15T06:20:07.810+0000] {logging_mixin.py:190} INFO - Kết nối thành công!
[2025-01-15T06:20:07.811+0000] {logging_mixin.py:190} INFO - <class 'str'>
[2025-01-15T06:20:07.812+0000] {logging_mixin.py:190} INFO - [['TCB', 25250, 21950, 23600, 'STOCK', 'HSX', '', 7045021622, 'STOCK', 8424683, 'Ngân hàng Thương mại Cổ phần Kỹ thương Việt Nam', 23600, '', '2025-01-15', 23850, 100, 3432700, 81706, 23802.254784863228, 23900, 23650, 's', 156700, 156700, 0, 1590552461, 81706.9349999998, 34327, 23600, 23850, 500, 23800, 228500, 23750, 293200, 23900, 176500, 23950, 242500, 24000, 764900, '2025-01-15 06:20:03']]
[2025-01-15T06:20:07.812+0000] {logging_mixin.py:190} INFO - <class 'list'>
[2025-01-15T06:20:07.813+0000] {logging_mixin.py:190} INFO - [['TCB', 25250, 21950, 23600, 'STOCK', 'HSX', '', 7045021622, 'STOCK', 8424683, 'Ngân hàng Thương mại Cổ phần Kỹ thương Việt Nam', 23600, '', '2025-01-15', 23850, 100, 3432700, 81706, 23802.254784863228, 23900, 23650, 's', 156700, 156700, 0, 1590552461, 81706.9349999998, 34327, 23600, 23850, 500, 23800, 228500, 23750, 293200, 23900, 176500, 23950, 242500, 24000, 764900, '2025-01-15 06:20:03']]
[2025-01-15T06:20:07.815+0000] {python.py:240} INFO - Done. Returned value was: None
[2025-01-15T06:20:07.822+0000] {taskinstance.py:340} INFO - ::group::Post task execution logs
[2025-01-15T06:20:07.823+0000] {taskinstance.py:352} INFO - Marking task as SUCCESS. dag_id=stock_information, task_id=append_to_database, run_id=scheduled__2025-01-15T06:19:00+00:00, execution_date=20250115T061900, start_date=20250115T062007, end_date=20250115T062007
[2025-01-15T06:20:07.863+0000] {local_task_job_runner.py:266} INFO - Task exited with return code 0
[2025-01-15T06:20:07.882+0000] {taskinstance.py:3895} INFO - 0 downstream tasks scheduled from follow-on schedule check
[2025-01-15T06:20:07.886+0000] {local_task_job_runner.py:245} INFO - ::endgroup::
