[2025-01-16T02:50:04.900+0000] {local_task_job_runner.py:123} INFO - ::group::Pre task execution logs
[2025-01-16T02:50:04.913+0000] {taskinstance.py:2613} INFO - Dependencies all met for dep_context=non-requeueable deps ti=<TaskInstance: stock_information.append_to_database scheduled__2025-01-16T02:49:00+00:00 [queued]>
[2025-01-16T02:50:04.920+0000] {taskinstance.py:2613} INFO - Dependencies all met for dep_context=requeueable deps ti=<TaskInstance: stock_information.append_to_database scheduled__2025-01-16T02:49:00+00:00 [queued]>
[2025-01-16T02:50:04.922+0000] {taskinstance.py:2866} INFO - Starting attempt 1 of 1
[2025-01-16T02:50:04.936+0000] {taskinstance.py:2889} INFO - Executing <Task(PythonOperator): append_to_database> on 2025-01-16 02:49:00+00:00
[2025-01-16T02:50:04.941+0000] {standard_task_runner.py:72} INFO - Started process 615 to run task
[2025-01-16T02:50:04.944+0000] {standard_task_runner.py:104} INFO - Running: ['airflow', 'tasks', 'run', 'stock_information', 'append_to_database', 'scheduled__2025-01-16T02:49:00+00:00', '--job-id', '1449', '--raw', '--subdir', 'DAGS_FOLDER/vnstock_stream.py', '--cfg-path', '/tmp/tmpty478u3i']
[2025-01-16T02:50:04.946+0000] {standard_task_runner.py:105} INFO - Job 1449: Subtask append_to_database
[2025-01-16T02:50:04.987+0000] {task_command.py:467} INFO - Running <TaskInstance: stock_information.append_to_database scheduled__2025-01-16T02:49:00+00:00 [running]> on host 453ac4defedc
[2025-01-16T02:50:05.068+0000] {taskinstance.py:3132} INFO - Exporting env vars: AIRFLOW_CTX_DAG_OWNER='TuanDz' AIRFLOW_CTX_DAG_ID='stock_information' AIRFLOW_CTX_TASK_ID='append_to_database' AIRFLOW_CTX_EXECUTION_DATE='2025-01-16T02:49:00+00:00' AIRFLOW_CTX_TRY_NUMBER='1' AIRFLOW_CTX_DAG_RUN_ID='scheduled__2025-01-16T02:49:00+00:00'
[2025-01-16T02:50:05.070+0000] {taskinstance.py:731} INFO - ::endgroup::
[2025-01-16T02:50:05.104+0000] {logging_mixin.py:190} INFO - Kết nối thành công!
[2025-01-16T02:50:05.105+0000] {logging_mixin.py:190} INFO - <class 'str'>
[2025-01-16T02:50:05.106+0000] {logging_mixin.py:190} INFO - [['TCB', 25350, 22050, 23700, 'STOCK', 'HSX', '', 7045021622, 'STOCK', 8424683, 'Ngân hàng Thương mại Cổ phần Kỹ thương Việt Nam', 23700, '', '2025-01-16', 23800, 1000, 1957300, 46727, 23873.192663362795, 23950, 23800, 's', 0, 0, 0, 1590552461, 46727.244999999835, 19573, 23700, 23800, 150000, 23750, 225700, 23700, 210000, 23900, 81400, 23950, 214200, 24000, 614300, '2025-01-16 02:50:02']]
[2025-01-16T02:50:05.106+0000] {logging_mixin.py:190} INFO - <class 'list'>
[2025-01-16T02:50:05.107+0000] {logging_mixin.py:190} INFO - [['TCB', 25350, 22050, 23700, 'STOCK', 'HSX', '', 7045021622, 'STOCK', 8424683, 'Ngân hàng Thương mại Cổ phần Kỹ thương Việt Nam', 23700, '', '2025-01-16', 23800, 1000, 1957300, 46727, 23873.192663362795, 23950, 23800, 's', 0, 0, 0, 1590552461, 46727.244999999835, 19573, 23700, 23800, 150000, 23750, 225700, 23700, 210000, 23900, 81400, 23950, 214200, 24000, 614300, '2025-01-16 02:50:02']]
[2025-01-16T02:50:05.108+0000] {python.py:240} INFO - Done. Returned value was: None
[2025-01-16T02:50:05.115+0000] {taskinstance.py:340} INFO - ::group::Post task execution logs
[2025-01-16T02:50:05.115+0000] {taskinstance.py:352} INFO - Marking task as SUCCESS. dag_id=stock_information, task_id=append_to_database, run_id=scheduled__2025-01-16T02:49:00+00:00, execution_date=20250116T024900, start_date=20250116T025004, end_date=20250116T025005
[2025-01-16T02:50:05.159+0000] {local_task_job_runner.py:266} INFO - Task exited with return code 0
[2025-01-16T02:50:05.172+0000] {taskinstance.py:3895} INFO - 0 downstream tasks scheduled from follow-on schedule check
[2025-01-16T02:50:05.176+0000] {local_task_job_runner.py:245} INFO - ::endgroup::
