[2025-01-15T03:25:04.556+0000] {local_task_job_runner.py:123} INFO - ::group::Pre task execution logs
[2025-01-15T03:25:04.568+0000] {taskinstance.py:2613} INFO - Dependencies all met for dep_context=non-requeueable deps ti=<TaskInstance: stock_information.append_to_database scheduled__2025-01-15T03:24:00+00:00 [queued]>
[2025-01-15T03:25:04.575+0000] {taskinstance.py:2613} INFO - Dependencies all met for dep_context=requeueable deps ti=<TaskInstance: stock_information.append_to_database scheduled__2025-01-15T03:24:00+00:00 [queued]>
[2025-01-15T03:25:04.576+0000] {taskinstance.py:2866} INFO - Starting attempt 1 of 1
[2025-01-15T03:25:04.587+0000] {taskinstance.py:2889} INFO - Executing <Task(PythonOperator): append_to_database> on 2025-01-15 03:24:00+00:00
[2025-01-15T03:25:04.593+0000] {standard_task_runner.py:72} INFO - Started process 1697 to run task
[2025-01-15T03:25:04.595+0000] {standard_task_runner.py:104} INFO - Running: ['airflow', 'tasks', 'run', 'stock_information', 'append_to_database', 'scheduled__2025-01-15T03:24:00+00:00', '--job-id', '622', '--raw', '--subdir', 'DAGS_FOLDER/vnstock_stream.py', '--cfg-path', '/tmp/tmp9koes4re']
[2025-01-15T03:25:04.599+0000] {standard_task_runner.py:105} INFO - Job 622: Subtask append_to_database
[2025-01-15T03:25:04.638+0000] {task_command.py:467} INFO - Running <TaskInstance: stock_information.append_to_database scheduled__2025-01-15T03:24:00+00:00 [running]> on host 453ac4defedc
[2025-01-15T03:25:04.716+0000] {taskinstance.py:3132} INFO - Exporting env vars: AIRFLOW_CTX_DAG_OWNER='TuanDz' AIRFLOW_CTX_DAG_ID='stock_information' AIRFLOW_CTX_TASK_ID='append_to_database' AIRFLOW_CTX_EXECUTION_DATE='2025-01-15T03:24:00+00:00' AIRFLOW_CTX_TRY_NUMBER='1' AIRFLOW_CTX_DAG_RUN_ID='scheduled__2025-01-15T03:24:00+00:00'
[2025-01-15T03:25:04.718+0000] {taskinstance.py:731} INFO - ::endgroup::
[2025-01-15T03:25:04.757+0000] {logging_mixin.py:190} INFO - Kết nối thành công!
[2025-01-15T03:25:04.758+0000] {logging_mixin.py:190} INFO - <class 'str'>
[2025-01-15T03:25:04.759+0000] {logging_mixin.py:190} INFO - [['TCB', 25250, 21950, 23600, 'STOCK', 'HSX', '', 7045021622, 'STOCK', 8424683, 'Ngân hàng Thương mại Cổ phần Kỹ thương Việt Nam', 23600, '', '2025-01-15', 23700, 500, 989500, 23480, 23729.156139464376, 23800, 23650, 's', 0, 0, 0, 1590552461, 23480.935000000005, 9895, 23600, 23650, 203700, 23600, 335800, 23550, 181100, 23700, 18100, 23750, 48600, 23800, 188800, '2025-01-15 03:25:02']]
[2025-01-15T03:25:04.760+0000] {logging_mixin.py:190} INFO - <class 'list'>
[2025-01-15T03:25:04.760+0000] {logging_mixin.py:190} INFO - [['TCB', 25250, 21950, 23600, 'STOCK', 'HSX', '', 7045021622, 'STOCK', 8424683, 'Ngân hàng Thương mại Cổ phần Kỹ thương Việt Nam', 23600, '', '2025-01-15', 23700, 500, 989500, 23480, 23729.156139464376, 23800, 23650, 's', 0, 0, 0, 1590552461, 23480.935000000005, 9895, 23600, 23650, 203700, 23600, 335800, 23550, 181100, 23700, 18100, 23750, 48600, 23800, 188800, '2025-01-15 03:25:02']]
[2025-01-15T03:25:04.763+0000] {python.py:240} INFO - Done. Returned value was: None
[2025-01-15T03:25:04.770+0000] {taskinstance.py:340} INFO - ::group::Post task execution logs
[2025-01-15T03:25:04.771+0000] {taskinstance.py:352} INFO - Marking task as SUCCESS. dag_id=stock_information, task_id=append_to_database, run_id=scheduled__2025-01-15T03:24:00+00:00, execution_date=20250115T032400, start_date=20250115T032504, end_date=20250115T032504
[2025-01-15T03:25:04.811+0000] {local_task_job_runner.py:266} INFO - Task exited with return code 0
[2025-01-15T03:25:04.830+0000] {taskinstance.py:3895} INFO - 0 downstream tasks scheduled from follow-on schedule check
[2025-01-15T03:25:04.834+0000] {local_task_job_runner.py:245} INFO - ::endgroup::
