[2025-01-17T03:19:03.704+0000] {local_task_job_runner.py:123} INFO - ::group::Pre task execution logs
[2025-01-17T03:19:03.716+0000] {taskinstance.py:2613} INFO - Dependencies all met for dep_context=non-requeueable deps ti=<TaskInstance: stock_information.append_to_database scheduled__2025-01-17T03:18:00+00:00 [queued]>
[2025-01-17T03:19:03.723+0000] {taskinstance.py:2613} INFO - Dependencies all met for dep_context=requeueable deps ti=<TaskInstance: stock_information.append_to_database scheduled__2025-01-17T03:18:00+00:00 [queued]>
[2025-01-17T03:19:03.724+0000] {taskinstance.py:2866} INFO - Starting attempt 1 of 1
[2025-01-17T03:19:03.736+0000] {taskinstance.py:2889} INFO - Executing <Task(PythonOperator): append_to_database> on 2025-01-17 03:18:00+00:00
[2025-01-17T03:19:03.740+0000] {standard_task_runner.py:72} INFO - Started process 2974 to run task
[2025-01-17T03:19:03.742+0000] {standard_task_runner.py:104} INFO - Running: ['airflow', 'tasks', 'run', 'stock_information', 'append_to_database', 'scheduled__2025-01-17T03:18:00+00:00', '--job-id', '2410', '--raw', '--subdir', 'DAGS_FOLDER/vnstock_stream.py', '--cfg-path', '/tmp/tmpcyq5yoo5']
[2025-01-17T03:19:03.745+0000] {standard_task_runner.py:105} INFO - Job 2410: Subtask append_to_database
[2025-01-17T03:19:03.778+0000] {task_command.py:467} INFO - Running <TaskInstance: stock_information.append_to_database scheduled__2025-01-17T03:18:00+00:00 [running]> on host 453ac4defedc
[2025-01-17T03:19:03.847+0000] {taskinstance.py:3132} INFO - Exporting env vars: AIRFLOW_CTX_DAG_OWNER='TuanDz' AIRFLOW_CTX_DAG_ID='stock_information' AIRFLOW_CTX_TASK_ID='append_to_database' AIRFLOW_CTX_EXECUTION_DATE='2025-01-17T03:18:00+00:00' AIRFLOW_CTX_TRY_NUMBER='1' AIRFLOW_CTX_DAG_RUN_ID='scheduled__2025-01-17T03:18:00+00:00'
[2025-01-17T03:19:03.848+0000] {taskinstance.py:731} INFO - ::endgroup::
[2025-01-17T03:19:03.905+0000] {logging_mixin.py:190} INFO - Kết nối thành công!
[2025-01-17T03:19:03.906+0000] {logging_mixin.py:190} INFO - <class 'str'>
[2025-01-17T03:19:03.906+0000] {logging_mixin.py:190} INFO - [['TCB', 25500, 22200, 23850, 'STOCK', 'HSX', '', 7045021622, 'STOCK', 8424683, 'Ngân hàng Thương mại Cổ phần Kỹ thương Việt Nam', 23850, '', '2025-01-17', 23850, 300, 555500, 13238, 23830.78307830783, 23900, 23750, 's', 5300, 45000, 0, 1590552461, 13238.080000000022, 5555, 23850, 23850, 112100, 23800, 251400, 23750, 94200, 23900, 207100, 23950, 326500, 24000, 961700, '2025-01-17 03:19:02']]
[2025-01-17T03:19:03.907+0000] {logging_mixin.py:190} INFO - <class 'list'>
[2025-01-17T03:19:03.907+0000] {logging_mixin.py:190} INFO - [['TCB', 25500, 22200, 23850, 'STOCK', 'HSX', '', 7045021622, 'STOCK', 8424683, 'Ngân hàng Thương mại Cổ phần Kỹ thương Việt Nam', 23850, '', '2025-01-17', 23850, 300, 555500, 13238, 23830.78307830783, 23900, 23750, 's', 5300, 45000, 0, 1590552461, 13238.080000000022, 5555, 23850, 23850, 112100, 23800, 251400, 23750, 94200, 23900, 207100, 23950, 326500, 24000, 961700, '2025-01-17 03:19:02']]
[2025-01-17T03:19:03.913+0000] {python.py:240} INFO - Done. Returned value was: None
[2025-01-17T03:19:03.921+0000] {taskinstance.py:340} INFO - ::group::Post task execution logs
[2025-01-17T03:19:03.921+0000] {taskinstance.py:352} INFO - Marking task as SUCCESS. dag_id=stock_information, task_id=append_to_database, run_id=scheduled__2025-01-17T03:18:00+00:00, execution_date=20250117T031800, start_date=20250117T031903, end_date=20250117T031903
[2025-01-17T03:19:03.956+0000] {local_task_job_runner.py:266} INFO - Task exited with return code 0
[2025-01-17T03:19:03.972+0000] {taskinstance.py:3895} INFO - 0 downstream tasks scheduled from follow-on schedule check
[2025-01-17T03:19:03.976+0000] {local_task_job_runner.py:245} INFO - ::endgroup::
