[2025-01-15T06:33:04.729+0000] {local_task_job_runner.py:123} INFO - ::group::Pre task execution logs
[2025-01-15T06:33:04.742+0000] {taskinstance.py:2613} INFO - Dependencies all met for dep_context=non-requeueable deps ti=<TaskInstance: stock_information.append_to_database scheduled__2025-01-15T06:32:00+00:00 [queued]>
[2025-01-15T06:33:04.751+0000] {taskinstance.py:2613} INFO - Dependencies all met for dep_context=requeueable deps ti=<TaskInstance: stock_information.append_to_database scheduled__2025-01-15T06:32:00+00:00 [queued]>
[2025-01-15T06:33:04.753+0000] {taskinstance.py:2866} INFO - Starting attempt 1 of 1
[2025-01-15T06:33:04.765+0000] {taskinstance.py:2889} INFO - Executing <Task(PythonOperator): append_to_database> on 2025-01-15 06:32:00+00:00
[2025-01-15T06:33:04.773+0000] {standard_task_runner.py:72} INFO - Started process 7151 to run task
[2025-01-15T06:33:04.775+0000] {standard_task_runner.py:104} INFO - Running: ['airflow', 'tasks', 'run', 'stock_information', 'append_to_database', 'scheduled__2025-01-15T06:32:00+00:00', '--job-id', '998', '--raw', '--subdir', 'DAGS_FOLDER/vnstock_stream.py', '--cfg-path', '/tmp/tmp9ajuw3r8']
[2025-01-15T06:33:04.778+0000] {standard_task_runner.py:105} INFO - Job 998: Subtask append_to_database
[2025-01-15T06:33:04.829+0000] {task_command.py:467} INFO - Running <TaskInstance: stock_information.append_to_database scheduled__2025-01-15T06:32:00+00:00 [running]> on host 453ac4defedc
[2025-01-15T06:33:04.924+0000] {taskinstance.py:3132} INFO - Exporting env vars: AIRFLOW_CTX_DAG_OWNER='TuanDz' AIRFLOW_CTX_DAG_ID='stock_information' AIRFLOW_CTX_TASK_ID='append_to_database' AIRFLOW_CTX_EXECUTION_DATE='2025-01-15T06:32:00+00:00' AIRFLOW_CTX_TRY_NUMBER='1' AIRFLOW_CTX_DAG_RUN_ID='scheduled__2025-01-15T06:32:00+00:00'
[2025-01-15T06:33:04.926+0000] {taskinstance.py:731} INFO - ::endgroup::
[2025-01-15T06:33:04.993+0000] {logging_mixin.py:190} INFO - Kết nối thành công!
[2025-01-15T06:33:04.996+0000] {logging_mixin.py:190} INFO - <class 'str'>
[2025-01-15T06:33:04.998+0000] {logging_mixin.py:190} INFO - [['TCB', 25250, 21950, 23600, 'STOCK', 'HSX', '', 7045021622, 'STOCK', 8424683, 'Ngân hàng Thương mại Cổ phần Kỹ thương Việt Nam', 23600, '', '2025-01-15', 23750, 2200, 3854200, 91736, 23801.56712158165, 23900, 23650, 's', 156700, 156700, 0, 1590552461, 91736.65499999982, 38542, 23600, 23750, 222800, 23700, 333100, 23650, 233200, 23850, 78000, 23900, 196600, 23950, 212100, '2025-01-15 06:33:02']]
[2025-01-15T06:33:05.001+0000] {logging_mixin.py:190} INFO - <class 'list'>
[2025-01-15T06:33:05.003+0000] {logging_mixin.py:190} INFO - [['TCB', 25250, 21950, 23600, 'STOCK', 'HSX', '', 7045021622, 'STOCK', 8424683, 'Ngân hàng Thương mại Cổ phần Kỹ thương Việt Nam', 23600, '', '2025-01-15', 23750, 2200, 3854200, 91736, 23801.56712158165, 23900, 23650, 's', 156700, 156700, 0, 1590552461, 91736.65499999982, 38542, 23600, 23750, 222800, 23700, 333100, 23650, 233200, 23850, 78000, 23900, 196600, 23950, 212100, '2025-01-15 06:33:02']]
[2025-01-15T06:33:05.012+0000] {python.py:240} INFO - Done. Returned value was: None
[2025-01-15T06:33:05.020+0000] {taskinstance.py:340} INFO - ::group::Post task execution logs
[2025-01-15T06:33:05.021+0000] {taskinstance.py:352} INFO - Marking task as SUCCESS. dag_id=stock_information, task_id=append_to_database, run_id=scheduled__2025-01-15T06:32:00+00:00, execution_date=20250115T063200, start_date=20250115T063304, end_date=20250115T063305
[2025-01-15T06:33:05.070+0000] {local_task_job_runner.py:266} INFO - Task exited with return code 0
[2025-01-15T06:33:05.088+0000] {taskinstance.py:3895} INFO - 0 downstream tasks scheduled from follow-on schedule check
[2025-01-15T06:33:05.098+0000] {local_task_job_runner.py:245} INFO - ::endgroup::
