[2025-01-16T07:44:04.823+0000] {local_task_job_runner.py:123} INFO - ::group::Pre task execution logs
[2025-01-16T07:44:04.836+0000] {taskinstance.py:2613} INFO - Dependencies all met for dep_context=non-requeueable deps ti=<TaskInstance: stock_information.append_to_database scheduled__2025-01-16T07:43:00+00:00 [queued]>
[2025-01-16T07:44:04.844+0000] {taskinstance.py:2613} INFO - Dependencies all met for dep_context=requeueable deps ti=<TaskInstance: stock_information.append_to_database scheduled__2025-01-16T07:43:00+00:00 [queued]>
[2025-01-16T07:44:04.845+0000] {taskinstance.py:2866} INFO - Starting attempt 1 of 1
[2025-01-16T07:44:04.859+0000] {taskinstance.py:2889} INFO - Executing <Task(PythonOperator): append_to_database> on 2025-01-16 07:43:00+00:00
[2025-01-16T07:44:04.865+0000] {standard_task_runner.py:72} INFO - Started process 9233 to run task
[2025-01-16T07:44:04.867+0000] {standard_task_runner.py:104} INFO - Running: ['airflow', 'tasks', 'run', 'stock_information', 'append_to_database', 'scheduled__2025-01-16T07:43:00+00:00', '--job-id', '2037', '--raw', '--subdir', 'DAGS_FOLDER/vnstock_stream.py', '--cfg-path', '/tmp/tmpqje4aq78']
[2025-01-16T07:44:04.869+0000] {standard_task_runner.py:105} INFO - Job 2037: Subtask append_to_database
[2025-01-16T07:44:04.910+0000] {task_command.py:467} INFO - Running <TaskInstance: stock_information.append_to_database scheduled__2025-01-16T07:43:00+00:00 [running]> on host 453ac4defedc
[2025-01-16T07:44:04.987+0000] {taskinstance.py:3132} INFO - Exporting env vars: AIRFLOW_CTX_DAG_OWNER='TuanDz' AIRFLOW_CTX_DAG_ID='stock_information' AIRFLOW_CTX_TASK_ID='append_to_database' AIRFLOW_CTX_EXECUTION_DATE='2025-01-16T07:43:00+00:00' AIRFLOW_CTX_TRY_NUMBER='1' AIRFLOW_CTX_DAG_RUN_ID='scheduled__2025-01-16T07:43:00+00:00'
[2025-01-16T07:44:04.989+0000] {taskinstance.py:731} INFO - ::endgroup::
[2025-01-16T07:44:05.048+0000] {logging_mixin.py:190} INFO - Kết nối thành công!
[2025-01-16T07:44:05.049+0000] {logging_mixin.py:190} INFO - <class 'str'>
[2025-01-16T07:44:05.049+0000] {logging_mixin.py:190} INFO - [['TCB', 25350, 22050, 23700, 'STOCK', 'HSX', '', 7045021622, 'STOCK', 8424683, 'Ngân hàng Thương mại Cổ phần Kỹ thương Việt Nam', 23700, '', '2025-01-16', 23850, 0, 7499500, 178238, 23766.651110074006, 23950, 23600, 's', 0, 43800, 0, 1590552461, 178238.56999999922, 74995, 23700, 0, 474600, 24100, 100000, 23800, 3300, 0, 158300, 23550, 400, 23600, 900, '2025-01-16 07:44:02']]
[2025-01-16T07:44:05.050+0000] {logging_mixin.py:190} INFO - <class 'list'>
[2025-01-16T07:44:05.051+0000] {logging_mixin.py:190} INFO - [['TCB', 25350, 22050, 23700, 'STOCK', 'HSX', '', 7045021622, 'STOCK', 8424683, 'Ngân hàng Thương mại Cổ phần Kỹ thương Việt Nam', 23700, '', '2025-01-16', 23850, 0, 7499500, 178238, 23766.651110074006, 23950, 23600, 's', 0, 43800, 0, 1590552461, 178238.56999999922, 74995, 23700, 0, 474600, 24100, 100000, 23800, 3300, 0, 158300, 23550, 400, 23600, 900, '2025-01-16 07:44:02']]
[2025-01-16T07:44:05.061+0000] {python.py:240} INFO - Done. Returned value was: None
[2025-01-16T07:44:05.070+0000] {taskinstance.py:340} INFO - ::group::Post task execution logs
[2025-01-16T07:44:05.071+0000] {taskinstance.py:352} INFO - Marking task as SUCCESS. dag_id=stock_information, task_id=append_to_database, run_id=scheduled__2025-01-16T07:43:00+00:00, execution_date=20250116T074300, start_date=20250116T074404, end_date=20250116T074405
[2025-01-16T07:44:05.123+0000] {local_task_job_runner.py:266} INFO - Task exited with return code 0
[2025-01-16T07:44:05.138+0000] {taskinstance.py:3895} INFO - 0 downstream tasks scheduled from follow-on schedule check
[2025-01-16T07:44:05.142+0000] {local_task_job_runner.py:245} INFO - ::endgroup::
