[2025-01-16T02:42:04.437+0000] {local_task_job_runner.py:123} INFO - ::group::Pre task execution logs
[2025-01-16T02:42:04.451+0000] {taskinstance.py:2613} INFO - Dependencies all met for dep_context=non-requeueable deps ti=<TaskInstance: stock_information.append_to_database scheduled__2025-01-16T02:41:00+00:00 [queued]>
[2025-01-16T02:42:04.459+0000] {taskinstance.py:2613} INFO - Dependencies all met for dep_context=requeueable deps ti=<TaskInstance: stock_information.append_to_database scheduled__2025-01-16T02:41:00+00:00 [queued]>
[2025-01-16T02:42:04.461+0000] {taskinstance.py:2866} INFO - Starting attempt 1 of 1
[2025-01-16T02:42:04.472+0000] {taskinstance.py:2889} INFO - Executing <Task(PythonOperator): append_to_database> on 2025-01-16 02:41:00+00:00
[2025-01-16T02:42:04.479+0000] {standard_task_runner.py:72} INFO - Started process 386 to run task
[2025-01-16T02:42:04.482+0000] {standard_task_runner.py:104} INFO - Running: ['airflow', 'tasks', 'run', 'stock_information', 'append_to_database', 'scheduled__2025-01-16T02:41:00+00:00', '--job-id', '1433', '--raw', '--subdir', 'DAGS_FOLDER/vnstock_stream.py', '--cfg-path', '/tmp/tmpi5gkxzs_']
[2025-01-16T02:42:04.485+0000] {standard_task_runner.py:105} INFO - Job 1433: Subtask append_to_database
[2025-01-16T02:42:04.525+0000] {task_command.py:467} INFO - Running <TaskInstance: stock_information.append_to_database scheduled__2025-01-16T02:41:00+00:00 [running]> on host 453ac4defedc
[2025-01-16T02:42:04.604+0000] {taskinstance.py:3132} INFO - Exporting env vars: AIRFLOW_CTX_DAG_OWNER='TuanDz' AIRFLOW_CTX_DAG_ID='stock_information' AIRFLOW_CTX_TASK_ID='append_to_database' AIRFLOW_CTX_EXECUTION_DATE='2025-01-16T02:41:00+00:00' AIRFLOW_CTX_TRY_NUMBER='1' AIRFLOW_CTX_DAG_RUN_ID='scheduled__2025-01-16T02:41:00+00:00'
[2025-01-16T02:42:04.606+0000] {taskinstance.py:731} INFO - ::endgroup::
[2025-01-16T02:42:04.639+0000] {logging_mixin.py:190} INFO - Kết nối thành công!
[2025-01-16T02:42:04.640+0000] {logging_mixin.py:190} INFO - <class 'str'>
[2025-01-16T02:42:04.640+0000] {logging_mixin.py:190} INFO - [['TCB', 25350, 22050, 23700, 'STOCK', 'HSX', '', 7045021622, 'STOCK', 8424683, 'Ngân hàng Thương mại Cổ phần Kỹ thương Việt Nam', 23700, '', '2025-01-16', 23850, 1000, 1653100, 39471, 23876.958441715564, 23950, 23800, 's', 0, 0, 0, 1590552461, 39471.579999999885, 16531, 23700, 23850, 179200, 23800, 151400, 23750, 123900, 23900, 35600, 23950, 188500, 24000, 589000, '2025-01-16 02:42:02']]
[2025-01-16T02:42:04.641+0000] {logging_mixin.py:190} INFO - <class 'list'>
[2025-01-16T02:42:04.641+0000] {logging_mixin.py:190} INFO - [['TCB', 25350, 22050, 23700, 'STOCK', 'HSX', '', 7045021622, 'STOCK', 8424683, 'Ngân hàng Thương mại Cổ phần Kỹ thương Việt Nam', 23700, '', '2025-01-16', 23850, 1000, 1653100, 39471, 23876.958441715564, 23950, 23800, 's', 0, 0, 0, 1590552461, 39471.579999999885, 16531, 23700, 23850, 179200, 23800, 151400, 23750, 123900, 23900, 35600, 23950, 188500, 24000, 589000, '2025-01-16 02:42:02']]
[2025-01-16T02:42:04.643+0000] {python.py:240} INFO - Done. Returned value was: None
[2025-01-16T02:42:04.650+0000] {taskinstance.py:340} INFO - ::group::Post task execution logs
[2025-01-16T02:42:04.650+0000] {taskinstance.py:352} INFO - Marking task as SUCCESS. dag_id=stock_information, task_id=append_to_database, run_id=scheduled__2025-01-16T02:41:00+00:00, execution_date=20250116T024100, start_date=20250116T024204, end_date=20250116T024204
[2025-01-16T02:42:04.698+0000] {local_task_job_runner.py:266} INFO - Task exited with return code 0
[2025-01-16T02:42:04.711+0000] {taskinstance.py:3895} INFO - 0 downstream tasks scheduled from follow-on schedule check
[2025-01-16T02:42:04.715+0000] {local_task_job_runner.py:245} INFO - ::endgroup::
