[2025-01-15T07:07:04.925+0000] {local_task_job_runner.py:123} INFO - ::group::Pre task execution logs
[2025-01-15T07:07:04.944+0000] {taskinstance.py:2613} INFO - Dependencies all met for dep_context=non-requeueable deps ti=<TaskInstance: stock_information.append_to_database scheduled__2025-01-15T07:06:00+00:00 [queued]>
[2025-01-15T07:07:04.955+0000] {taskinstance.py:2613} INFO - Dependencies all met for dep_context=requeueable deps ti=<TaskInstance: stock_information.append_to_database scheduled__2025-01-15T07:06:00+00:00 [queued]>
[2025-01-15T07:07:04.959+0000] {taskinstance.py:2866} INFO - Starting attempt 1 of 1
[2025-01-15T07:07:04.979+0000] {taskinstance.py:2889} INFO - Executing <Task(PythonOperator): append_to_database> on 2025-01-15 07:06:00+00:00
[2025-01-15T07:07:04.988+0000] {standard_task_runner.py:72} INFO - Started process 8142 to run task
[2025-01-15T07:07:04.991+0000] {standard_task_runner.py:104} INFO - Running: ['airflow', 'tasks', 'run', 'stock_information', 'append_to_database', 'scheduled__2025-01-15T07:06:00+00:00', '--job-id', '1066', '--raw', '--subdir', 'DAGS_FOLDER/vnstock_stream.py', '--cfg-path', '/tmp/tmp1n5zfgae']
[2025-01-15T07:07:04.996+0000] {standard_task_runner.py:105} INFO - Job 1066: Subtask append_to_database
[2025-01-15T07:07:05.058+0000] {task_command.py:467} INFO - Running <TaskInstance: stock_information.append_to_database scheduled__2025-01-15T07:06:00+00:00 [running]> on host 453ac4defedc
[2025-01-15T07:07:05.145+0000] {taskinstance.py:3132} INFO - Exporting env vars: AIRFLOW_CTX_DAG_OWNER='TuanDz' AIRFLOW_CTX_DAG_ID='stock_information' AIRFLOW_CTX_TASK_ID='append_to_database' AIRFLOW_CTX_EXECUTION_DATE='2025-01-15T07:06:00+00:00' AIRFLOW_CTX_TRY_NUMBER='1' AIRFLOW_CTX_DAG_RUN_ID='scheduled__2025-01-15T07:06:00+00:00'
[2025-01-15T07:07:05.148+0000] {taskinstance.py:731} INFO - ::endgroup::
[2025-01-15T07:07:05.190+0000] {logging_mixin.py:190} INFO - Kết nối thành công!
[2025-01-15T07:07:05.191+0000] {logging_mixin.py:190} INFO - <class 'str'>
[2025-01-15T07:07:05.192+0000] {logging_mixin.py:190} INFO - [['TCB', 25250, 21950, 23600, 'STOCK', 'HSX', '', 7045021622, 'STOCK', 8424683, 'Ngân hàng Thương mại Cổ phần Kỹ thương Việt Nam', 23600, '', '2025-01-15', 23800, 2100, 5193100, 123568, 23794.6505940575, 23900, 23650, 's', 156700, 166700, 0, 1590552461, 123568.06499999973, 51931, 23600, 23800, 52200, 23750, 192700, 23700, 426100, 23850, 100000, 23900, 158100, 23950, 232000, '2025-01-15 07:07:02']]
[2025-01-15T07:07:05.192+0000] {logging_mixin.py:190} INFO - <class 'list'>
[2025-01-15T07:07:05.193+0000] {logging_mixin.py:190} INFO - [['TCB', 25250, 21950, 23600, 'STOCK', 'HSX', '', 7045021622, 'STOCK', 8424683, 'Ngân hàng Thương mại Cổ phần Kỹ thương Việt Nam', 23600, '', '2025-01-15', 23800, 2100, 5193100, 123568, 23794.6505940575, 23900, 23650, 's', 156700, 166700, 0, 1590552461, 123568.06499999973, 51931, 23600, 23800, 52200, 23750, 192700, 23700, 426100, 23850, 100000, 23900, 158100, 23950, 232000, '2025-01-15 07:07:02']]
[2025-01-15T07:07:05.196+0000] {python.py:240} INFO - Done. Returned value was: None
[2025-01-15T07:07:05.203+0000] {taskinstance.py:340} INFO - ::group::Post task execution logs
[2025-01-15T07:07:05.204+0000] {taskinstance.py:352} INFO - Marking task as SUCCESS. dag_id=stock_information, task_id=append_to_database, run_id=scheduled__2025-01-15T07:06:00+00:00, execution_date=20250115T070600, start_date=20250115T070704, end_date=20250115T070705
[2025-01-15T07:07:05.249+0000] {local_task_job_runner.py:266} INFO - Task exited with return code 0
[2025-01-15T07:07:05.262+0000] {taskinstance.py:3895} INFO - 0 downstream tasks scheduled from follow-on schedule check
[2025-01-15T07:07:05.265+0000] {local_task_job_runner.py:245} INFO - ::endgroup::
