[2025-01-15T07:12:04.761+0000] {local_task_job_runner.py:123} INFO - ::group::Pre task execution logs
[2025-01-15T07:12:04.774+0000] {taskinstance.py:2613} INFO - Dependencies all met for dep_context=non-requeueable deps ti=<TaskInstance: stock_information.append_to_database scheduled__2025-01-15T07:11:00+00:00 [queued]>
[2025-01-15T07:12:04.785+0000] {taskinstance.py:2613} INFO - Dependencies all met for dep_context=requeueable deps ti=<TaskInstance: stock_information.append_to_database scheduled__2025-01-15T07:11:00+00:00 [queued]>
[2025-01-15T07:12:04.787+0000] {taskinstance.py:2866} INFO - Starting attempt 1 of 1
[2025-01-15T07:12:04.802+0000] {taskinstance.py:2889} INFO - Executing <Task(PythonOperator): append_to_database> on 2025-01-15 07:11:00+00:00
[2025-01-15T07:12:04.811+0000] {standard_task_runner.py:72} INFO - Started process 8292 to run task
[2025-01-15T07:12:04.816+0000] {standard_task_runner.py:104} INFO - Running: ['airflow', 'tasks', 'run', 'stock_information', 'append_to_database', 'scheduled__2025-01-15T07:11:00+00:00', '--job-id', '1076', '--raw', '--subdir', 'DAGS_FOLDER/vnstock_stream.py', '--cfg-path', '/tmp/tmp5jrel8s0']
[2025-01-15T07:12:04.820+0000] {standard_task_runner.py:105} INFO - Job 1076: Subtask append_to_database
[2025-01-15T07:12:04.866+0000] {task_command.py:467} INFO - Running <TaskInstance: stock_information.append_to_database scheduled__2025-01-15T07:11:00+00:00 [running]> on host 453ac4defedc
[2025-01-15T07:12:04.957+0000] {taskinstance.py:3132} INFO - Exporting env vars: AIRFLOW_CTX_DAG_OWNER='TuanDz' AIRFLOW_CTX_DAG_ID='stock_information' AIRFLOW_CTX_TASK_ID='append_to_database' AIRFLOW_CTX_EXECUTION_DATE='2025-01-15T07:11:00+00:00' AIRFLOW_CTX_TRY_NUMBER='1' AIRFLOW_CTX_DAG_RUN_ID='scheduled__2025-01-15T07:11:00+00:00'
[2025-01-15T07:12:04.959+0000] {taskinstance.py:731} INFO - ::endgroup::
[2025-01-15T07:12:05.003+0000] {logging_mixin.py:190} INFO - Kết nối thành công!
[2025-01-15T07:12:05.004+0000] {logging_mixin.py:190} INFO - <class 'str'>
[2025-01-15T07:12:05.005+0000] {logging_mixin.py:190} INFO - [['TCB', 25250, 21950, 23600, 'STOCK', 'HSX', '', 7045021622, 'STOCK', 8424683, 'Ngân hàng Thương mại Cổ phần Kỹ thương Việt Nam', 23600, '', '2025-01-15', 23850, 100, 5540400, 131842, 23796.476788679516, 23900, 23650, 'b', 156700, 186700, 0, 1590552461, 131842.37999999963, 55404, 23600, 23800, 12500, 23750, 230000, 23700, 368300, 23850, 50600, 23900, 192700, 23950, 244100, '2025-01-15 07:12:02']]
[2025-01-15T07:12:05.007+0000] {logging_mixin.py:190} INFO - <class 'list'>
[2025-01-15T07:12:05.007+0000] {logging_mixin.py:190} INFO - [['TCB', 25250, 21950, 23600, 'STOCK', 'HSX', '', 7045021622, 'STOCK', 8424683, 'Ngân hàng Thương mại Cổ phần Kỹ thương Việt Nam', 23600, '', '2025-01-15', 23850, 100, 5540400, 131842, 23796.476788679516, 23900, 23650, 'b', 156700, 186700, 0, 1590552461, 131842.37999999963, 55404, 23600, 23800, 12500, 23750, 230000, 23700, 368300, 23850, 50600, 23900, 192700, 23950, 244100, '2025-01-15 07:12:02']]
[2025-01-15T07:12:05.011+0000] {python.py:240} INFO - Done. Returned value was: None
[2025-01-15T07:12:05.021+0000] {taskinstance.py:340} INFO - ::group::Post task execution logs
[2025-01-15T07:12:05.022+0000] {taskinstance.py:352} INFO - Marking task as SUCCESS. dag_id=stock_information, task_id=append_to_database, run_id=scheduled__2025-01-15T07:11:00+00:00, execution_date=20250115T071100, start_date=20250115T071204, end_date=20250115T071205
[2025-01-15T07:12:05.073+0000] {local_task_job_runner.py:266} INFO - Task exited with return code 0
[2025-01-15T07:12:05.089+0000] {taskinstance.py:3895} INFO - 0 downstream tasks scheduled from follow-on schedule check
[2025-01-15T07:12:05.093+0000] {local_task_job_runner.py:245} INFO - ::endgroup::
