[2025-01-15T03:00:05.672+0000] {local_task_job_runner.py:123} INFO - ::group::Pre task execution logs
[2025-01-15T03:00:05.689+0000] {taskinstance.py:2613} INFO - Dependencies all met for dep_context=non-requeueable deps ti=<TaskInstance: stock_information.append_to_database scheduled__2025-01-15T02:59:00+00:00 [queued]>
[2025-01-15T03:00:05.699+0000] {taskinstance.py:2613} INFO - Dependencies all met for dep_context=requeueable deps ti=<TaskInstance: stock_information.append_to_database scheduled__2025-01-15T02:59:00+00:00 [queued]>
[2025-01-15T03:00:05.701+0000] {taskinstance.py:2866} INFO - Starting attempt 1 of 1
[2025-01-15T03:00:05.716+0000] {taskinstance.py:2889} INFO - Executing <Task(PythonOperator): append_to_database> on 2025-01-15 02:59:00+00:00
[2025-01-15T03:00:05.724+0000] {standard_task_runner.py:72} INFO - Started process 970 to run task
[2025-01-15T03:00:05.727+0000] {standard_task_runner.py:104} INFO - Running: ['airflow', 'tasks', 'run', 'stock_information', 'append_to_database', 'scheduled__2025-01-15T02:59:00+00:00', '--job-id', '572', '--raw', '--subdir', 'DAGS_FOLDER/vnstock_stream.py', '--cfg-path', '/tmp/tmpvhc75odz']
[2025-01-15T03:00:05.732+0000] {standard_task_runner.py:105} INFO - Job 572: Subtask append_to_database
[2025-01-15T03:00:05.785+0000] {task_command.py:467} INFO - Running <TaskInstance: stock_information.append_to_database scheduled__2025-01-15T02:59:00+00:00 [running]> on host 453ac4defedc
[2025-01-15T03:00:05.909+0000] {taskinstance.py:3132} INFO - Exporting env vars: AIRFLOW_CTX_DAG_OWNER='TuanDz' AIRFLOW_CTX_DAG_ID='stock_information' AIRFLOW_CTX_TASK_ID='append_to_database' AIRFLOW_CTX_EXECUTION_DATE='2025-01-15T02:59:00+00:00' AIRFLOW_CTX_TRY_NUMBER='1' AIRFLOW_CTX_DAG_RUN_ID='scheduled__2025-01-15T02:59:00+00:00'
[2025-01-15T03:00:05.913+0000] {taskinstance.py:731} INFO - ::endgroup::
[2025-01-15T03:00:05.976+0000] {logging_mixin.py:190} INFO - Kết nối thành công!
[2025-01-15T03:00:05.978+0000] {logging_mixin.py:190} INFO - <class 'str'>
[2025-01-15T03:00:05.979+0000] {logging_mixin.py:190} INFO - [['TCB', 25250, 21950, 23600, 'STOCK', 'HSX', '', 7045021622, 'STOCK', 8424683, 'Ngân hàng Thương mại Cổ phần Kỹ thương Việt Nam', 23600, '', '2025-01-15', 23700, 100, 543200, 12891, 23731.59057437408, 23800, 23650, 's', 0, 0, 0, 1590552461, 12891.280000000004, 5432, 23600, 23700, 114800, 23650, 75100, 23600, 131300, 23750, 143700, 23800, 140500, 23850, 142700, '2025-01-15 03:00:03']]
[2025-01-15T03:00:05.981+0000] {logging_mixin.py:190} INFO - <class 'list'>
[2025-01-15T03:00:05.983+0000] {logging_mixin.py:190} INFO - [['TCB', 25250, 21950, 23600, 'STOCK', 'HSX', '', 7045021622, 'STOCK', 8424683, 'Ngân hàng Thương mại Cổ phần Kỹ thương Việt Nam', 23600, '', '2025-01-15', 23700, 100, 543200, 12891, 23731.59057437408, 23800, 23650, 's', 0, 0, 0, 1590552461, 12891.280000000004, 5432, 23600, 23700, 114800, 23650, 75100, 23600, 131300, 23750, 143700, 23800, 140500, 23850, 142700, '2025-01-15 03:00:03']]
[2025-01-15T03:00:05.991+0000] {python.py:240} INFO - Done. Returned value was: None
[2025-01-15T03:00:06.002+0000] {taskinstance.py:340} INFO - ::group::Post task execution logs
[2025-01-15T03:00:06.003+0000] {taskinstance.py:352} INFO - Marking task as SUCCESS. dag_id=stock_information, task_id=append_to_database, run_id=scheduled__2025-01-15T02:59:00+00:00, execution_date=20250115T025900, start_date=20250115T030005, end_date=20250115T030006
[2025-01-15T03:00:06.063+0000] {local_task_job_runner.py:266} INFO - Task exited with return code 0
[2025-01-15T03:00:06.079+0000] {taskinstance.py:3895} INFO - 0 downstream tasks scheduled from follow-on schedule check
[2025-01-15T03:00:06.085+0000] {local_task_job_runner.py:245} INFO - ::endgroup::
