[2025-01-17T02:40:04.702+0000] {local_task_job_runner.py:123} INFO - ::group::Pre task execution logs
[2025-01-17T02:40:04.713+0000] {taskinstance.py:2613} INFO - Dependencies all met for dep_context=non-requeueable deps ti=<TaskInstance: stock_information.append_to_database scheduled__2025-01-17T02:39:00+00:00 [queued]>
[2025-01-17T02:40:04.720+0000] {taskinstance.py:2613} INFO - Dependencies all met for dep_context=requeueable deps ti=<TaskInstance: stock_information.append_to_database scheduled__2025-01-17T02:39:00+00:00 [queued]>
[2025-01-17T02:40:04.722+0000] {taskinstance.py:2866} INFO - Starting attempt 1 of 1
[2025-01-17T02:40:04.735+0000] {taskinstance.py:2889} INFO - Executing <Task(PythonOperator): append_to_database> on 2025-01-17 02:39:00+00:00
[2025-01-17T02:40:04.740+0000] {standard_task_runner.py:72} INFO - Started process 1833 to run task
[2025-01-17T02:40:04.742+0000] {standard_task_runner.py:104} INFO - Running: ['airflow', 'tasks', 'run', 'stock_information', 'append_to_database', 'scheduled__2025-01-17T02:39:00+00:00', '--job-id', '2332', '--raw', '--subdir', 'DAGS_FOLDER/vnstock_stream.py', '--cfg-path', '/tmp/tmps8b73f68']
[2025-01-17T02:40:04.745+0000] {standard_task_runner.py:105} INFO - Job 2332: Subtask append_to_database
[2025-01-17T02:40:04.783+0000] {task_command.py:467} INFO - Running <TaskInstance: stock_information.append_to_database scheduled__2025-01-17T02:39:00+00:00 [running]> on host 453ac4defedc
[2025-01-17T02:40:04.857+0000] {taskinstance.py:3132} INFO - Exporting env vars: AIRFLOW_CTX_DAG_OWNER='TuanDz' AIRFLOW_CTX_DAG_ID='stock_information' AIRFLOW_CTX_TASK_ID='append_to_database' AIRFLOW_CTX_EXECUTION_DATE='2025-01-17T02:39:00+00:00' AIRFLOW_CTX_TRY_NUMBER='1' AIRFLOW_CTX_DAG_RUN_ID='scheduled__2025-01-17T02:39:00+00:00'
[2025-01-17T02:40:04.858+0000] {taskinstance.py:731} INFO - ::endgroup::
[2025-01-17T02:40:04.945+0000] {logging_mixin.py:190} INFO - Kết nối thành công!
[2025-01-17T02:40:04.947+0000] {logging_mixin.py:190} INFO - <class 'str'>
[2025-01-17T02:40:04.948+0000] {logging_mixin.py:190} INFO - [['TCB', 25500, 22200, 23850, 'STOCK', 'HSX', '', 7045021622, 'STOCK', 8424683, 'Ngân hàng Thương mại Cổ phần Kỹ thương Việt Nam', 23850, '', '2025-01-17', 23750, 2000, 151100, 3598, 23812.045003309067, 23900, 23750, 's', 5300, 9900, 0, 1590552461, 3598.145000000003, 1511, 23850, 23750, 93200, 23700, 49100, 23650, 44500, 23800, 4200, 23850, 57000, 23900, 79900, '2025-01-17 02:40:02']]
[2025-01-17T02:40:04.949+0000] {logging_mixin.py:190} INFO - <class 'list'>
[2025-01-17T02:40:04.950+0000] {logging_mixin.py:190} INFO - [['TCB', 25500, 22200, 23850, 'STOCK', 'HSX', '', 7045021622, 'STOCK', 8424683, 'Ngân hàng Thương mại Cổ phần Kỹ thương Việt Nam', 23850, '', '2025-01-17', 23750, 2000, 151100, 3598, 23812.045003309067, 23900, 23750, 's', 5300, 9900, 0, 1590552461, 3598.145000000003, 1511, 23850, 23750, 93200, 23700, 49100, 23650, 44500, 23800, 4200, 23850, 57000, 23900, 79900, '2025-01-17 02:40:02']]
[2025-01-17T02:40:04.959+0000] {python.py:240} INFO - Done. Returned value was: None
[2025-01-17T02:40:04.969+0000] {taskinstance.py:340} INFO - ::group::Post task execution logs
[2025-01-17T02:40:04.971+0000] {taskinstance.py:352} INFO - Marking task as SUCCESS. dag_id=stock_information, task_id=append_to_database, run_id=scheduled__2025-01-17T02:39:00+00:00, execution_date=20250117T023900, start_date=20250117T024004, end_date=20250117T024004
[2025-01-17T02:40:04.997+0000] {local_task_job_runner.py:266} INFO - Task exited with return code 0
[2025-01-17T02:40:05.010+0000] {taskinstance.py:3895} INFO - 0 downstream tasks scheduled from follow-on schedule check
[2025-01-17T02:40:05.015+0000] {local_task_job_runner.py:245} INFO - ::endgroup::
