[2025-01-16T04:04:03.594+0000] {local_task_job_runner.py:123} INFO - ::group::Pre task execution logs
[2025-01-16T04:04:03.605+0000] {taskinstance.py:2613} INFO - Dependencies all met for dep_context=non-requeueable deps ti=<TaskInstance: stock_information.append_to_database scheduled__2025-01-16T04:03:00+00:00 [queued]>
[2025-01-16T04:04:03.614+0000] {taskinstance.py:2613} INFO - Dependencies all met for dep_context=requeueable deps ti=<TaskInstance: stock_information.append_to_database scheduled__2025-01-16T04:03:00+00:00 [queued]>
[2025-01-16T04:04:03.615+0000] {taskinstance.py:2866} INFO - Starting attempt 1 of 1
[2025-01-16T04:04:03.628+0000] {taskinstance.py:2889} INFO - Executing <Task(PythonOperator): append_to_database> on 2025-01-16 04:03:00+00:00
[2025-01-16T04:04:03.634+0000] {standard_task_runner.py:72} INFO - Started process 2783 to run task
[2025-01-16T04:04:03.636+0000] {standard_task_runner.py:104} INFO - Running: ['airflow', 'tasks', 'run', 'stock_information', 'append_to_database', 'scheduled__2025-01-16T04:03:00+00:00', '--job-id', '1597', '--raw', '--subdir', 'DAGS_FOLDER/vnstock_stream.py', '--cfg-path', '/tmp/tmpzusp1jdv']
[2025-01-16T04:04:03.639+0000] {standard_task_runner.py:105} INFO - Job 1597: Subtask append_to_database
[2025-01-16T04:04:03.678+0000] {task_command.py:467} INFO - Running <TaskInstance: stock_information.append_to_database scheduled__2025-01-16T04:03:00+00:00 [running]> on host 453ac4defedc
[2025-01-16T04:04:03.754+0000] {taskinstance.py:3132} INFO - Exporting env vars: AIRFLOW_CTX_DAG_OWNER='TuanDz' AIRFLOW_CTX_DAG_ID='stock_information' AIRFLOW_CTX_TASK_ID='append_to_database' AIRFLOW_CTX_EXECUTION_DATE='2025-01-16T04:03:00+00:00' AIRFLOW_CTX_TRY_NUMBER='1' AIRFLOW_CTX_DAG_RUN_ID='scheduled__2025-01-16T04:03:00+00:00'
[2025-01-16T04:04:03.756+0000] {taskinstance.py:731} INFO - ::endgroup::
[2025-01-16T04:04:03.803+0000] {logging_mixin.py:190} INFO - Kết nối thành công!
[2025-01-16T04:04:03.804+0000] {logging_mixin.py:190} INFO - <class 'str'>
[2025-01-16T04:04:03.805+0000] {logging_mixin.py:190} INFO - [['TCB', 25350, 22050, 23700, 'STOCK', 'HSX', '', 7045021622, 'STOCK', 8424683, 'Ngân hàng Thương mại Cổ phần Kỹ thương Việt Nam', 23700, '', '2025-01-16', 23750, 1000, 3094900, 73806, 23847.620278522732, 23950, 23750, 's', 0, 0, 0, 1590552461, 73806.36499999999, 30949, 23700, 23750, 186700, 23700, 168400, 23650, 19000, 23800, 62700, 23850, 195800, 23900, 287500, '2025-01-16 04:04:02']]
[2025-01-16T04:04:03.806+0000] {logging_mixin.py:190} INFO - <class 'list'>
[2025-01-16T04:04:03.807+0000] {logging_mixin.py:190} INFO - [['TCB', 25350, 22050, 23700, 'STOCK', 'HSX', '', 7045021622, 'STOCK', 8424683, 'Ngân hàng Thương mại Cổ phần Kỹ thương Việt Nam', 23700, '', '2025-01-16', 23750, 1000, 3094900, 73806, 23847.620278522732, 23950, 23750, 's', 0, 0, 0, 1590552461, 73806.36499999999, 30949, 23700, 23750, 186700, 23700, 168400, 23650, 19000, 23800, 62700, 23850, 195800, 23900, 287500, '2025-01-16 04:04:02']]
[2025-01-16T04:04:03.813+0000] {python.py:240} INFO - Done. Returned value was: None
[2025-01-16T04:04:03.819+0000] {taskinstance.py:340} INFO - ::group::Post task execution logs
[2025-01-16T04:04:03.820+0000] {taskinstance.py:352} INFO - Marking task as SUCCESS. dag_id=stock_information, task_id=append_to_database, run_id=scheduled__2025-01-16T04:03:00+00:00, execution_date=20250116T040300, start_date=20250116T040403, end_date=20250116T040403
[2025-01-16T04:04:03.852+0000] {local_task_job_runner.py:266} INFO - Task exited with return code 0
[2025-01-16T04:04:03.867+0000] {taskinstance.py:3895} INFO - 0 downstream tasks scheduled from follow-on schedule check
[2025-01-16T04:04:03.871+0000] {local_task_job_runner.py:245} INFO - ::endgroup::
