[2025-01-16T09:37:04.047+0000] {local_task_job_runner.py:123} INFO - ::group::Pre task execution logs
[2025-01-16T09:37:04.061+0000] {taskinstance.py:2613} INFO - Dependencies all met for dep_context=non-requeueable deps ti=<TaskInstance: stock_information.append_to_database scheduled__2025-01-16T09:36:00+00:00 [queued]>
[2025-01-16T09:37:04.069+0000] {taskinstance.py:2613} INFO - Dependencies all met for dep_context=requeueable deps ti=<TaskInstance: stock_information.append_to_database scheduled__2025-01-16T09:36:00+00:00 [queued]>
[2025-01-16T09:37:04.071+0000] {taskinstance.py:2866} INFO - Starting attempt 1 of 1
[2025-01-16T09:37:04.083+0000] {taskinstance.py:2889} INFO - Executing <Task(PythonOperator): append_to_database> on 2025-01-16 09:36:00+00:00
[2025-01-16T09:37:04.089+0000] {standard_task_runner.py:72} INFO - Started process 12542 to run task
[2025-01-16T09:37:04.093+0000] {standard_task_runner.py:104} INFO - Running: ['airflow', 'tasks', 'run', 'stock_information', 'append_to_database', 'scheduled__2025-01-16T09:36:00+00:00', '--job-id', '2263', '--raw', '--subdir', 'DAGS_FOLDER/vnstock_stream.py', '--cfg-path', '/tmp/tmphs7jor38']
[2025-01-16T09:37:04.095+0000] {standard_task_runner.py:105} INFO - Job 2263: Subtask append_to_database
[2025-01-16T09:37:04.133+0000] {task_command.py:467} INFO - Running <TaskInstance: stock_information.append_to_database scheduled__2025-01-16T09:36:00+00:00 [running]> on host 453ac4defedc
[2025-01-16T09:37:04.214+0000] {taskinstance.py:3132} INFO - Exporting env vars: AIRFLOW_CTX_DAG_OWNER='TuanDz' AIRFLOW_CTX_DAG_ID='stock_information' AIRFLOW_CTX_TASK_ID='append_to_database' AIRFLOW_CTX_EXECUTION_DATE='2025-01-16T09:36:00+00:00' AIRFLOW_CTX_TRY_NUMBER='1' AIRFLOW_CTX_DAG_RUN_ID='scheduled__2025-01-16T09:36:00+00:00'
[2025-01-16T09:37:04.215+0000] {taskinstance.py:731} INFO - ::endgroup::
[2025-01-16T09:37:04.285+0000] {logging_mixin.py:190} INFO - Kết nối thành công!
[2025-01-16T09:37:04.286+0000] {logging_mixin.py:190} INFO - <class 'str'>
[2025-01-16T09:37:04.287+0000] {logging_mixin.py:190} INFO - [['TCB', 25350, 22050, 23700, 'STOCK', 'HSX', '', 7045021622, 'STOCK', 8424683, 'Ngân hàng Thương mại Cổ phần Kỹ thương Việt Nam', 23700, '', '2025-01-16', 23850, 574600, 8074100, 191942, 23772.556693625294, 23950, 23600, 'unknown', 0, 73800, 0, 1590552461, 191942.7799999992, 80741, 23700, 23800, 3400, 23750, 200100, 23700, 200, 23850, 106000, 23900, 391800, 23950, 330400, '2025-01-16 09:37:02']]
[2025-01-16T09:37:04.288+0000] {logging_mixin.py:190} INFO - <class 'list'>
[2025-01-16T09:37:04.288+0000] {logging_mixin.py:190} INFO - [['TCB', 25350, 22050, 23700, 'STOCK', 'HSX', '', 7045021622, 'STOCK', 8424683, 'Ngân hàng Thương mại Cổ phần Kỹ thương Việt Nam', 23700, '', '2025-01-16', 23850, 574600, 8074100, 191942, 23772.556693625294, 23950, 23600, 'unknown', 0, 73800, 0, 1590552461, 191942.7799999992, 80741, 23700, 23800, 3400, 23750, 200100, 23700, 200, 23850, 106000, 23900, 391800, 23950, 330400, '2025-01-16 09:37:02']]
[2025-01-16T09:37:04.295+0000] {python.py:240} INFO - Done. Returned value was: None
[2025-01-16T09:37:04.302+0000] {taskinstance.py:340} INFO - ::group::Post task execution logs
[2025-01-16T09:37:04.304+0000] {taskinstance.py:352} INFO - Marking task as SUCCESS. dag_id=stock_information, task_id=append_to_database, run_id=scheduled__2025-01-16T09:36:00+00:00, execution_date=20250116T093600, start_date=20250116T093704, end_date=20250116T093704
[2025-01-16T09:37:04.348+0000] {local_task_job_runner.py:266} INFO - Task exited with return code 0
[2025-01-16T09:37:04.365+0000] {taskinstance.py:3895} INFO - 0 downstream tasks scheduled from follow-on schedule check
[2025-01-16T09:37:04.369+0000] {local_task_job_runner.py:245} INFO - ::endgroup::
