[2025-01-16T07:23:04.594+0000] {local_task_job_runner.py:123} INFO - ::group::Pre task execution logs
[2025-01-16T07:23:04.611+0000] {taskinstance.py:2613} INFO - Dependencies all met for dep_context=non-requeueable deps ti=<TaskInstance: stock_information.append_to_database scheduled__2025-01-16T07:22:00+00:00 [queued]>
[2025-01-16T07:23:04.620+0000] {taskinstance.py:2613} INFO - Dependencies all met for dep_context=requeueable deps ti=<TaskInstance: stock_information.append_to_database scheduled__2025-01-16T07:22:00+00:00 [queued]>
[2025-01-16T07:23:04.622+0000] {taskinstance.py:2866} INFO - Starting attempt 1 of 1
[2025-01-16T07:23:04.638+0000] {taskinstance.py:2889} INFO - Executing <Task(PythonOperator): append_to_database> on 2025-01-16 07:22:00+00:00
[2025-01-16T07:23:04.645+0000] {standard_task_runner.py:72} INFO - Started process 8620 to run task
[2025-01-16T07:23:04.648+0000] {standard_task_runner.py:104} INFO - Running: ['airflow', 'tasks', 'run', 'stock_information', 'append_to_database', 'scheduled__2025-01-16T07:22:00+00:00', '--job-id', '1995', '--raw', '--subdir', 'DAGS_FOLDER/vnstock_stream.py', '--cfg-path', '/tmp/tmpguiswdx9']
[2025-01-16T07:23:04.651+0000] {standard_task_runner.py:105} INFO - Job 1995: Subtask append_to_database
[2025-01-16T07:23:04.695+0000] {task_command.py:467} INFO - Running <TaskInstance: stock_information.append_to_database scheduled__2025-01-16T07:22:00+00:00 [running]> on host 453ac4defedc
[2025-01-16T07:23:04.790+0000] {taskinstance.py:3132} INFO - Exporting env vars: AIRFLOW_CTX_DAG_OWNER='TuanDz' AIRFLOW_CTX_DAG_ID='stock_information' AIRFLOW_CTX_TASK_ID='append_to_database' AIRFLOW_CTX_EXECUTION_DATE='2025-01-16T07:22:00+00:00' AIRFLOW_CTX_TRY_NUMBER='1' AIRFLOW_CTX_DAG_RUN_ID='scheduled__2025-01-16T07:22:00+00:00'
[2025-01-16T07:23:04.792+0000] {taskinstance.py:731} INFO - ::endgroup::
[2025-01-16T07:23:04.877+0000] {logging_mixin.py:190} INFO - Kết nối thành công!
[2025-01-16T07:23:04.879+0000] {logging_mixin.py:190} INFO - <class 'str'>
[2025-01-16T07:23:04.881+0000] {logging_mixin.py:190} INFO - [['TCB', 25350, 22050, 23700, 'STOCK', 'HSX', '', 7045021622, 'STOCK', 8424683, 'Ngân hàng Thương mại Cổ phần Kỹ thương Việt Nam', 23700, '', '2025-01-16', 23600, 300, 6351300, 151094, 23789.460425424717, 23950, 23600, 's', 0, 43800, 0, 1590552461, 151094.95999999973, 63513, 23700, 23650, 9400, 23600, 246900, 23550, 259500, 23700, 15500, 23750, 22700, 23800, 60200, '2025-01-16 07:23:02']]
[2025-01-16T07:23:04.883+0000] {logging_mixin.py:190} INFO - <class 'list'>
[2025-01-16T07:23:04.885+0000] {logging_mixin.py:190} INFO - [['TCB', 25350, 22050, 23700, 'STOCK', 'HSX', '', 7045021622, 'STOCK', 8424683, 'Ngân hàng Thương mại Cổ phần Kỹ thương Việt Nam', 23700, '', '2025-01-16', 23600, 300, 6351300, 151094, 23789.460425424717, 23950, 23600, 's', 0, 43800, 0, 1590552461, 151094.95999999973, 63513, 23700, 23650, 9400, 23600, 246900, 23550, 259500, 23700, 15500, 23750, 22700, 23800, 60200, '2025-01-16 07:23:02']]
[2025-01-16T07:23:04.898+0000] {python.py:240} INFO - Done. Returned value was: None
[2025-01-16T07:23:04.907+0000] {taskinstance.py:340} INFO - ::group::Post task execution logs
[2025-01-16T07:23:04.909+0000] {taskinstance.py:352} INFO - Marking task as SUCCESS. dag_id=stock_information, task_id=append_to_database, run_id=scheduled__2025-01-16T07:22:00+00:00, execution_date=20250116T072200, start_date=20250116T072304, end_date=20250116T072304
[2025-01-16T07:23:04.944+0000] {local_task_job_runner.py:266} INFO - Task exited with return code 0
[2025-01-16T07:23:04.958+0000] {taskinstance.py:3895} INFO - 0 downstream tasks scheduled from follow-on schedule check
[2025-01-16T07:23:04.963+0000] {local_task_job_runner.py:245} INFO - ::endgroup::
