[2025-01-15T03:58:05.789+0000] {local_task_job_runner.py:123} INFO - ::group::Pre task execution logs
[2025-01-15T03:58:05.801+0000] {taskinstance.py:2613} INFO - Dependencies all met for dep_context=non-requeueable deps ti=<TaskInstance: stock_information.append_to_database scheduled__2025-01-15T03:57:00+00:00 [queued]>
[2025-01-15T03:58:05.808+0000] {taskinstance.py:2613} INFO - Dependencies all met for dep_context=requeueable deps ti=<TaskInstance: stock_information.append_to_database scheduled__2025-01-15T03:57:00+00:00 [queued]>
[2025-01-15T03:58:05.810+0000] {taskinstance.py:2866} INFO - Starting attempt 1 of 1
[2025-01-15T03:58:05.823+0000] {taskinstance.py:2889} INFO - Executing <Task(PythonOperator): append_to_database> on 2025-01-15 03:57:00+00:00
[2025-01-15T03:58:05.829+0000] {standard_task_runner.py:72} INFO - Started process 2664 to run task
[2025-01-15T03:58:05.831+0000] {standard_task_runner.py:104} INFO - Running: ['airflow', 'tasks', 'run', 'stock_information', 'append_to_database', 'scheduled__2025-01-15T03:57:00+00:00', '--job-id', '688', '--raw', '--subdir', 'DAGS_FOLDER/vnstock_stream.py', '--cfg-path', '/tmp/tmp72kev5fj']
[2025-01-15T03:58:05.835+0000] {standard_task_runner.py:105} INFO - Job 688: Subtask append_to_database
[2025-01-15T03:58:05.879+0000] {task_command.py:467} INFO - Running <TaskInstance: stock_information.append_to_database scheduled__2025-01-15T03:57:00+00:00 [running]> on host 453ac4defedc
[2025-01-15T03:58:05.966+0000] {taskinstance.py:3132} INFO - Exporting env vars: AIRFLOW_CTX_DAG_OWNER='TuanDz' AIRFLOW_CTX_DAG_ID='stock_information' AIRFLOW_CTX_TASK_ID='append_to_database' AIRFLOW_CTX_EXECUTION_DATE='2025-01-15T03:57:00+00:00' AIRFLOW_CTX_TRY_NUMBER='1' AIRFLOW_CTX_DAG_RUN_ID='scheduled__2025-01-15T03:57:00+00:00'
[2025-01-15T03:58:05.968+0000] {taskinstance.py:731} INFO - ::endgroup::
[2025-01-15T03:58:06.015+0000] {logging_mixin.py:190} INFO - Kết nối thành công!
[2025-01-15T03:58:06.016+0000] {logging_mixin.py:190} INFO - <class 'str'>
[2025-01-15T03:58:06.017+0000] {logging_mixin.py:190} INFO - [['TCB', 25250, 21950, 23600, 'STOCK', 'HSX', '', 7045021622, 'STOCK', 8424683, 'Ngân hàng Thương mại Cổ phần Kỹ thương Việt Nam', 23600, '', '2025-01-15', 23800, 13400, 1639200, 38908, 23735.968765251342, 23800, 23650, 'b', 0, 0, 0, 1590552461, 38908.96999999999, 16392, 23600, 23750, 146700, 23700, 137900, 23650, 235100, 23800, 82500, 23850, 156600, 23900, 209700, '2025-01-15 03:58:03']]
[2025-01-15T03:58:06.019+0000] {logging_mixin.py:190} INFO - <class 'list'>
[2025-01-15T03:58:06.020+0000] {logging_mixin.py:190} INFO - [['TCB', 25250, 21950, 23600, 'STOCK', 'HSX', '', 7045021622, 'STOCK', 8424683, 'Ngân hàng Thương mại Cổ phần Kỹ thương Việt Nam', 23600, '', '2025-01-15', 23800, 13400, 1639200, 38908, 23735.968765251342, 23800, 23650, 'b', 0, 0, 0, 1590552461, 38908.96999999999, 16392, 23600, 23750, 146700, 23700, 137900, 23650, 235100, 23800, 82500, 23850, 156600, 23900, 209700, '2025-01-15 03:58:03']]
[2025-01-15T03:58:06.023+0000] {python.py:240} INFO - Done. Returned value was: None
[2025-01-15T03:58:06.030+0000] {taskinstance.py:340} INFO - ::group::Post task execution logs
[2025-01-15T03:58:06.031+0000] {taskinstance.py:352} INFO - Marking task as SUCCESS. dag_id=stock_information, task_id=append_to_database, run_id=scheduled__2025-01-15T03:57:00+00:00, execution_date=20250115T035700, start_date=20250115T035805, end_date=20250115T035806
[2025-01-15T03:58:06.047+0000] {local_task_job_runner.py:266} INFO - Task exited with return code 0
[2025-01-15T03:58:06.060+0000] {taskinstance.py:3895} INFO - 0 downstream tasks scheduled from follow-on schedule check
[2025-01-15T03:58:06.063+0000] {local_task_job_runner.py:245} INFO - ::endgroup::
