[2025-01-15T02:54:04.756+0000] {local_task_job_runner.py:123} INFO - ::group::Pre task execution logs
[2025-01-15T02:54:04.772+0000] {taskinstance.py:2613} INFO - Dependencies all met for dep_context=non-requeueable deps ti=<TaskInstance: stock_information.append_to_database scheduled__2025-01-15T02:53:00+00:00 [queued]>
[2025-01-15T02:54:04.781+0000] {taskinstance.py:2613} INFO - Dependencies all met for dep_context=requeueable deps ti=<TaskInstance: stock_information.append_to_database scheduled__2025-01-15T02:53:00+00:00 [queued]>
[2025-01-15T02:54:04.783+0000] {taskinstance.py:2866} INFO - Starting attempt 1 of 1
[2025-01-15T02:54:04.801+0000] {taskinstance.py:2889} INFO - Executing <Task(PythonOperator): append_to_database> on 2025-01-15 02:53:00+00:00
[2025-01-15T02:54:04.807+0000] {standard_task_runner.py:72} INFO - Started process 790 to run task
[2025-01-15T02:54:04.810+0000] {standard_task_runner.py:104} INFO - Running: ['airflow', 'tasks', 'run', 'stock_information', 'append_to_database', 'scheduled__2025-01-15T02:53:00+00:00', '--job-id', '560', '--raw', '--subdir', 'DAGS_FOLDER/vnstock_stream.py', '--cfg-path', '/tmp/tmp152tjg2b']
[2025-01-15T02:54:04.813+0000] {standard_task_runner.py:105} INFO - Job 560: Subtask append_to_database
[2025-01-15T02:54:04.857+0000] {task_command.py:467} INFO - Running <TaskInstance: stock_information.append_to_database scheduled__2025-01-15T02:53:00+00:00 [running]> on host 453ac4defedc
[2025-01-15T02:54:04.952+0000] {taskinstance.py:3132} INFO - Exporting env vars: AIRFLOW_CTX_DAG_OWNER='TuanDz' AIRFLOW_CTX_DAG_ID='stock_information' AIRFLOW_CTX_TASK_ID='append_to_database' AIRFLOW_CTX_EXECUTION_DATE='2025-01-15T02:53:00+00:00' AIRFLOW_CTX_TRY_NUMBER='1' AIRFLOW_CTX_DAG_RUN_ID='scheduled__2025-01-15T02:53:00+00:00'
[2025-01-15T02:54:04.954+0000] {taskinstance.py:731} INFO - ::endgroup::
[2025-01-15T02:54:04.999+0000] {logging_mixin.py:190} INFO - Kết nối thành công!
[2025-01-15T02:54:05.000+0000] {logging_mixin.py:190} INFO - <class 'str'>
[2025-01-15T02:54:05.001+0000] {logging_mixin.py:190} INFO - [['TCB', 25250, 21950, 23600, 'STOCK', 'HSX', '', 7045021622, 'STOCK', 8424683, 'Ngân hàng Thương mại Cổ phần Kỹ thương Việt Nam', 23600, '', '2025-01-15', 23700, 1500, 394100, 9357, 23742.704897234205, 23800, 23650, 's', 0, 0, 0, 1590552461, 9357.55, 3941, 23600, 23700, 240500, 23650, 55100, 23600, 100900, 23750, 98700, 23800, 160800, 23850, 134600, '2025-01-15 02:54:03']]
[2025-01-15T02:54:05.002+0000] {logging_mixin.py:190} INFO - <class 'list'>
[2025-01-15T02:54:05.003+0000] {logging_mixin.py:190} INFO - [['TCB', 25250, 21950, 23600, 'STOCK', 'HSX', '', 7045021622, 'STOCK', 8424683, 'Ngân hàng Thương mại Cổ phần Kỹ thương Việt Nam', 23600, '', '2025-01-15', 23700, 1500, 394100, 9357, 23742.704897234205, 23800, 23650, 's', 0, 0, 0, 1590552461, 9357.55, 3941, 23600, 23700, 240500, 23650, 55100, 23600, 100900, 23750, 98700, 23800, 160800, 23850, 134600, '2025-01-15 02:54:03']]
[2025-01-15T02:54:05.009+0000] {python.py:240} INFO - Done. Returned value was: None
[2025-01-15T02:54:05.018+0000] {taskinstance.py:340} INFO - ::group::Post task execution logs
[2025-01-15T02:54:05.019+0000] {taskinstance.py:352} INFO - Marking task as SUCCESS. dag_id=stock_information, task_id=append_to_database, run_id=scheduled__2025-01-15T02:53:00+00:00, execution_date=20250115T025300, start_date=20250115T025404, end_date=20250115T025405
[2025-01-15T02:54:05.067+0000] {local_task_job_runner.py:266} INFO - Task exited with return code 0
[2025-01-15T02:54:05.084+0000] {taskinstance.py:3895} INFO - 0 downstream tasks scheduled from follow-on schedule check
[2025-01-15T02:54:05.089+0000] {local_task_job_runner.py:245} INFO - ::endgroup::
