[2025-01-16T03:40:04.110+0000] {local_task_job_runner.py:123} INFO - ::group::Pre task execution logs
[2025-01-16T03:40:04.122+0000] {taskinstance.py:2613} INFO - Dependencies all met for dep_context=non-requeueable deps ti=<TaskInstance: stock_information.append_to_database scheduled__2025-01-16T03:39:00+00:00 [queued]>
[2025-01-16T03:40:04.130+0000] {taskinstance.py:2613} INFO - Dependencies all met for dep_context=requeueable deps ti=<TaskInstance: stock_information.append_to_database scheduled__2025-01-16T03:39:00+00:00 [queued]>
[2025-01-16T03:40:04.132+0000] {taskinstance.py:2866} INFO - Starting attempt 1 of 1
[2025-01-16T03:40:04.145+0000] {taskinstance.py:2889} INFO - Executing <Task(PythonOperator): append_to_database> on 2025-01-16 03:39:00+00:00
[2025-01-16T03:40:04.151+0000] {standard_task_runner.py:72} INFO - Started process 2086 to run task
[2025-01-16T03:40:04.154+0000] {standard_task_runner.py:104} INFO - Running: ['airflow', 'tasks', 'run', 'stock_information', 'append_to_database', 'scheduled__2025-01-16T03:39:00+00:00', '--job-id', '1549', '--raw', '--subdir', 'DAGS_FOLDER/vnstock_stream.py', '--cfg-path', '/tmp/tmpnvdcas27']
[2025-01-16T03:40:04.156+0000] {standard_task_runner.py:105} INFO - Job 1549: Subtask append_to_database
[2025-01-16T03:40:04.196+0000] {task_command.py:467} INFO - Running <TaskInstance: stock_information.append_to_database scheduled__2025-01-16T03:39:00+00:00 [running]> on host 453ac4defedc
[2025-01-16T03:40:04.272+0000] {taskinstance.py:3132} INFO - Exporting env vars: AIRFLOW_CTX_DAG_OWNER='TuanDz' AIRFLOW_CTX_DAG_ID='stock_information' AIRFLOW_CTX_TASK_ID='append_to_database' AIRFLOW_CTX_EXECUTION_DATE='2025-01-16T03:39:00+00:00' AIRFLOW_CTX_TRY_NUMBER='1' AIRFLOW_CTX_DAG_RUN_ID='scheduled__2025-01-16T03:39:00+00:00'
[2025-01-16T03:40:04.274+0000] {taskinstance.py:731} INFO - ::endgroup::
[2025-01-16T03:40:04.331+0000] {logging_mixin.py:190} INFO - Kết nối thành công!
[2025-01-16T03:40:04.333+0000] {logging_mixin.py:190} INFO - <class 'str'>
[2025-01-16T03:40:04.334+0000] {logging_mixin.py:190} INFO - [['TCB', 25350, 22050, 23700, 'STOCK', 'HSX', '', 7045021622, 'STOCK', 8424683, 'Ngân hàng Thương mại Cổ phần Kỹ thương Việt Nam', 23700, '', '2025-01-16', 23750, 1000, 2974500, 70946, 23851.403597243236, 23950, 23750, 's', 0, 0, 0, 1590552461, 70946.32999999997, 29745, 23700, 23750, 256000, 23700, 248200, 23650, 20300, 23800, 5000, 23850, 190300, 23900, 247000, '2025-01-16 03:40:02']]
[2025-01-16T03:40:04.335+0000] {logging_mixin.py:190} INFO - <class 'list'>
[2025-01-16T03:40:04.336+0000] {logging_mixin.py:190} INFO - [['TCB', 25350, 22050, 23700, 'STOCK', 'HSX', '', 7045021622, 'STOCK', 8424683, 'Ngân hàng Thương mại Cổ phần Kỹ thương Việt Nam', 23700, '', '2025-01-16', 23750, 1000, 2974500, 70946, 23851.403597243236, 23950, 23750, 's', 0, 0, 0, 1590552461, 70946.32999999997, 29745, 23700, 23750, 256000, 23700, 248200, 23650, 20300, 23800, 5000, 23850, 190300, 23900, 247000, '2025-01-16 03:40:02']]
[2025-01-16T03:40:04.342+0000] {python.py:240} INFO - Done. Returned value was: None
[2025-01-16T03:40:04.350+0000] {taskinstance.py:340} INFO - ::group::Post task execution logs
[2025-01-16T03:40:04.351+0000] {taskinstance.py:352} INFO - Marking task as SUCCESS. dag_id=stock_information, task_id=append_to_database, run_id=scheduled__2025-01-16T03:39:00+00:00, execution_date=20250116T033900, start_date=20250116T034004, end_date=20250116T034004
[2025-01-16T03:40:04.369+0000] {local_task_job_runner.py:266} INFO - Task exited with return code 0
[2025-01-16T03:40:04.383+0000] {taskinstance.py:3895} INFO - 0 downstream tasks scheduled from follow-on schedule check
[2025-01-16T03:40:04.387+0000] {local_task_job_runner.py:245} INFO - ::endgroup::
