[2025-01-16T04:10:03.993+0000] {local_task_job_runner.py:123} INFO - ::group::Pre task execution logs
[2025-01-16T04:10:04.006+0000] {taskinstance.py:2613} INFO - Dependencies all met for dep_context=non-requeueable deps ti=<TaskInstance: stock_information.append_to_database scheduled__2025-01-16T04:09:00+00:00 [queued]>
[2025-01-16T04:10:04.014+0000] {taskinstance.py:2613} INFO - Dependencies all met for dep_context=requeueable deps ti=<TaskInstance: stock_information.append_to_database scheduled__2025-01-16T04:09:00+00:00 [queued]>
[2025-01-16T04:10:04.016+0000] {taskinstance.py:2866} INFO - Starting attempt 1 of 1
[2025-01-16T04:10:04.027+0000] {taskinstance.py:2889} INFO - Executing <Task(PythonOperator): append_to_database> on 2025-01-16 04:09:00+00:00
[2025-01-16T04:10:04.033+0000] {standard_task_runner.py:72} INFO - Started process 2963 to run task
[2025-01-16T04:10:04.036+0000] {standard_task_runner.py:104} INFO - Running: ['airflow', 'tasks', 'run', 'stock_information', 'append_to_database', 'scheduled__2025-01-16T04:09:00+00:00', '--job-id', '1609', '--raw', '--subdir', 'DAGS_FOLDER/vnstock_stream.py', '--cfg-path', '/tmp/tmp6_v_006m']
[2025-01-16T04:10:04.038+0000] {standard_task_runner.py:105} INFO - Job 1609: Subtask append_to_database
[2025-01-16T04:10:04.078+0000] {task_command.py:467} INFO - Running <TaskInstance: stock_information.append_to_database scheduled__2025-01-16T04:09:00+00:00 [running]> on host 453ac4defedc
[2025-01-16T04:10:04.154+0000] {taskinstance.py:3132} INFO - Exporting env vars: AIRFLOW_CTX_DAG_OWNER='TuanDz' AIRFLOW_CTX_DAG_ID='stock_information' AIRFLOW_CTX_TASK_ID='append_to_database' AIRFLOW_CTX_EXECUTION_DATE='2025-01-16T04:09:00+00:00' AIRFLOW_CTX_TRY_NUMBER='1' AIRFLOW_CTX_DAG_RUN_ID='scheduled__2025-01-16T04:09:00+00:00'
[2025-01-16T04:10:04.156+0000] {taskinstance.py:731} INFO - ::endgroup::
[2025-01-16T04:10:04.209+0000] {logging_mixin.py:190} INFO - Kết nối thành công!
[2025-01-16T04:10:04.210+0000] {logging_mixin.py:190} INFO - <class 'str'>
[2025-01-16T04:10:04.211+0000] {logging_mixin.py:190} INFO - [['TCB', 25350, 22050, 23700, 'STOCK', 'HSX', '', 7045021622, 'STOCK', 8424683, 'Ngân hàng Thương mại Cổ phần Kỹ thương Việt Nam', 23700, '', '2025-01-16', 23750, 1000, 3124600, 74512, 23846.892402227484, 23950, 23750, 's', 0, 0, 0, 1590552461, 74512.25, 31246, 23700, 23750, 165200, 23700, 188700, 23650, 124500, 23800, 63200, 23850, 198000, 23900, 288700, '2025-01-16 04:10:02']]
[2025-01-16T04:10:04.212+0000] {logging_mixin.py:190} INFO - <class 'list'>
[2025-01-16T04:10:04.212+0000] {logging_mixin.py:190} INFO - [['TCB', 25350, 22050, 23700, 'STOCK', 'HSX', '', 7045021622, 'STOCK', 8424683, 'Ngân hàng Thương mại Cổ phần Kỹ thương Việt Nam', 23700, '', '2025-01-16', 23750, 1000, 3124600, 74512, 23846.892402227484, 23950, 23750, 's', 0, 0, 0, 1590552461, 74512.25, 31246, 23700, 23750, 165200, 23700, 188700, 23650, 124500, 23800, 63200, 23850, 198000, 23900, 288700, '2025-01-16 04:10:02']]
[2025-01-16T04:10:04.216+0000] {python.py:240} INFO - Done. Returned value was: None
[2025-01-16T04:10:04.223+0000] {taskinstance.py:340} INFO - ::group::Post task execution logs
[2025-01-16T04:10:04.224+0000] {taskinstance.py:352} INFO - Marking task as SUCCESS. dag_id=stock_information, task_id=append_to_database, run_id=scheduled__2025-01-16T04:09:00+00:00, execution_date=20250116T040900, start_date=20250116T041004, end_date=20250116T041004
[2025-01-16T04:10:04.251+0000] {local_task_job_runner.py:266} INFO - Task exited with return code 0
[2025-01-16T04:10:04.263+0000] {taskinstance.py:3895} INFO - 0 downstream tasks scheduled from follow-on schedule check
[2025-01-16T04:10:04.268+0000] {local_task_job_runner.py:245} INFO - ::endgroup::
