[2025-01-10T17:10:02.095+0000] {local_task_job_runner.py:123} INFO - ::group::Pre task execution logs
[2025-01-10T17:10:02.108+0000] {taskinstance.py:2613} INFO - Dependencies all met for dep_context=non-requeueable deps ti=<TaskInstance: stock_information.stream_data_from_api scheduled__2025-01-10T17:09:00+00:00 [queued]>
[2025-01-10T17:10:02.116+0000] {taskinstance.py:2613} INFO - Dependencies all met for dep_context=requeueable deps ti=<TaskInstance: stock_information.stream_data_from_api scheduled__2025-01-10T17:09:00+00:00 [queued]>
[2025-01-10T17:10:02.118+0000] {taskinstance.py:2866} INFO - Starting attempt 1 of 1
[2025-01-10T17:10:02.130+0000] {taskinstance.py:2889} INFO - Executing <Task(PythonOperator): stream_data_from_api> on 2025-01-10 17:09:00+00:00
[2025-01-10T17:10:02.136+0000] {standard_task_runner.py:72} INFO - Started process 1098 to run task
[2025-01-10T17:10:02.138+0000] {standard_task_runner.py:104} INFO - Running: ['airflow', 'tasks', 'run', 'stock_information', 'stream_data_from_api', 'scheduled__2025-01-10T17:09:00+00:00', '--job-id', '132', '--raw', '--subdir', 'DAGS_FOLDER/vnstock_stream.py', '--cfg-path', '/tmp/tmpo9d7r4ij']
[2025-01-10T17:10:02.141+0000] {standard_task_runner.py:105} INFO - Job 132: Subtask stream_data_from_api
[2025-01-10T17:10:02.179+0000] {task_command.py:467} INFO - Running <TaskInstance: stock_information.stream_data_from_api scheduled__2025-01-10T17:09:00+00:00 [running]> on host 453ac4defedc
[2025-01-10T17:10:02.247+0000] {taskinstance.py:3132} INFO - Exporting env vars: AIRFLOW_CTX_DAG_OWNER='TuanDz' AIRFLOW_CTX_DAG_ID='stock_information' AIRFLOW_CTX_TASK_ID='stream_data_from_api' AIRFLOW_CTX_EXECUTION_DATE='2025-01-10T17:09:00+00:00' AIRFLOW_CTX_TRY_NUMBER='1' AIRFLOW_CTX_DAG_RUN_ID='scheduled__2025-01-10T17:09:00+00:00'
[2025-01-10T17:10:02.248+0000] {taskinstance.py:731} INFO - ::endgroup::
[2025-01-10T17:10:02.671+0000] {data_explorer.py:64} WARNING - Thông tin niêm yết & giao dịch sẽ được truy xuất từ TCBS
[2025-01-10T17:10:02.909+0000] {python.py:240} INFO - Done. Returned value was:   symbol  ceiling  floor  ...  ask_3_price ask_3_volume                last_update
0    TCB    25600  22300  ...        23600        29000 2025-01-10 17:10:02.908113

[1 rows x 42 columns]
[2025-01-10T17:10:02.988+0000] {taskinstance.py:340} INFO - ::group::Post task execution logs
[2025-01-10T17:10:02.989+0000] {taskinstance.py:352} INFO - Marking task as SUCCESS. dag_id=stock_information, task_id=stream_data_from_api, run_id=scheduled__2025-01-10T17:09:00+00:00, execution_date=20250110T170900, start_date=20250110T171002, end_date=20250110T171002
[2025-01-10T17:10:03.039+0000] {local_task_job_runner.py:266} INFO - Task exited with return code 0
[2025-01-10T17:10:03.061+0000] {taskinstance.py:3895} INFO - 1 downstream tasks scheduled from follow-on schedule check
[2025-01-10T17:10:03.066+0000] {local_task_job_runner.py:245} INFO - ::endgroup::
