[2025-01-16T03:55:05.162+0000] {local_task_job_runner.py:123} INFO - ::group::Pre task execution logs
[2025-01-16T03:55:05.174+0000] {taskinstance.py:2613} INFO - Dependencies all met for dep_context=non-requeueable deps ti=<TaskInstance: stock_information.append_to_database scheduled__2025-01-16T03:54:00+00:00 [queued]>
[2025-01-16T03:55:05.181+0000] {taskinstance.py:2613} INFO - Dependencies all met for dep_context=requeueable deps ti=<TaskInstance: stock_information.append_to_database scheduled__2025-01-16T03:54:00+00:00 [queued]>
[2025-01-16T03:55:05.183+0000] {taskinstance.py:2866} INFO - Starting attempt 1 of 1
[2025-01-16T03:55:05.196+0000] {taskinstance.py:2889} INFO - Executing <Task(PythonOperator): append_to_database> on 2025-01-16 03:54:00+00:00
[2025-01-16T03:55:05.202+0000] {standard_task_runner.py:72} INFO - Started process 2524 to run task
[2025-01-16T03:55:05.205+0000] {standard_task_runner.py:104} INFO - Running: ['airflow', 'tasks', 'run', 'stock_information', 'append_to_database', 'scheduled__2025-01-16T03:54:00+00:00', '--job-id', '1579', '--raw', '--subdir', 'DAGS_FOLDER/vnstock_stream.py', '--cfg-path', '/tmp/tmpiaihsgz4']
[2025-01-16T03:55:05.207+0000] {standard_task_runner.py:105} INFO - Job 1579: Subtask append_to_database
[2025-01-16T03:55:05.244+0000] {task_command.py:467} INFO - Running <TaskInstance: stock_information.append_to_database scheduled__2025-01-16T03:54:00+00:00 [running]> on host 453ac4defedc
[2025-01-16T03:55:05.322+0000] {taskinstance.py:3132} INFO - Exporting env vars: AIRFLOW_CTX_DAG_OWNER='TuanDz' AIRFLOW_CTX_DAG_ID='stock_information' AIRFLOW_CTX_TASK_ID='append_to_database' AIRFLOW_CTX_EXECUTION_DATE='2025-01-16T03:54:00+00:00' AIRFLOW_CTX_TRY_NUMBER='1' AIRFLOW_CTX_DAG_RUN_ID='scheduled__2025-01-16T03:54:00+00:00'
[2025-01-16T03:55:05.325+0000] {taskinstance.py:731} INFO - ::endgroup::
[2025-01-16T03:55:05.381+0000] {logging_mixin.py:190} INFO - Kết nối thành công!
[2025-01-16T03:55:05.382+0000] {logging_mixin.py:190} INFO - <class 'str'>
[2025-01-16T03:55:05.383+0000] {logging_mixin.py:190} INFO - [['TCB', 25350, 22050, 23700, 'STOCK', 'HSX', '', 7045021622, 'STOCK', 8424683, 'Ngân hàng Thương mại Cổ phần Kỹ thương Việt Nam', 23700, '', '2025-01-16', 23750, 500, 3050800, 72758, 23848.82653730169, 23950, 23750, 's', 0, 0, 0, 1590552461, 72758.96499999998, 30508, 23700, 23750, 215900, 23700, 268000, 23650, 19000, 23800, 2700, 23850, 195700, 23900, 270400, '2025-01-16 03:55:03']]
[2025-01-16T03:55:05.384+0000] {logging_mixin.py:190} INFO - <class 'list'>
[2025-01-16T03:55:05.385+0000] {logging_mixin.py:190} INFO - [['TCB', 25350, 22050, 23700, 'STOCK', 'HSX', '', 7045021622, 'STOCK', 8424683, 'Ngân hàng Thương mại Cổ phần Kỹ thương Việt Nam', 23700, '', '2025-01-16', 23750, 500, 3050800, 72758, 23848.82653730169, 23950, 23750, 's', 0, 0, 0, 1590552461, 72758.96499999998, 30508, 23700, 23750, 215900, 23700, 268000, 23650, 19000, 23800, 2700, 23850, 195700, 23900, 270400, '2025-01-16 03:55:03']]
[2025-01-16T03:55:05.392+0000] {python.py:240} INFO - Done. Returned value was: None
[2025-01-16T03:55:05.401+0000] {taskinstance.py:340} INFO - ::group::Post task execution logs
[2025-01-16T03:55:05.402+0000] {taskinstance.py:352} INFO - Marking task as SUCCESS. dag_id=stock_information, task_id=append_to_database, run_id=scheduled__2025-01-16T03:54:00+00:00, execution_date=20250116T035400, start_date=20250116T035505, end_date=20250116T035505
[2025-01-16T03:55:05.419+0000] {local_task_job_runner.py:266} INFO - Task exited with return code 0
[2025-01-16T03:55:05.434+0000] {taskinstance.py:3895} INFO - 0 downstream tasks scheduled from follow-on schedule check
[2025-01-16T03:55:05.439+0000] {local_task_job_runner.py:245} INFO - ::endgroup::
