[2025-01-16T03:32:03.544+0000] {local_task_job_runner.py:123} INFO - ::group::Pre task execution logs
[2025-01-16T03:32:03.557+0000] {taskinstance.py:2613} INFO - Dependencies all met for dep_context=non-requeueable deps ti=<TaskInstance: stock_information.append_to_database scheduled__2025-01-16T03:31:00+00:00 [queued]>
[2025-01-16T03:32:03.564+0000] {taskinstance.py:2613} INFO - Dependencies all met for dep_context=requeueable deps ti=<TaskInstance: stock_information.append_to_database scheduled__2025-01-16T03:31:00+00:00 [queued]>
[2025-01-16T03:32:03.565+0000] {taskinstance.py:2866} INFO - Starting attempt 1 of 1
[2025-01-16T03:32:03.578+0000] {taskinstance.py:2889} INFO - Executing <Task(PythonOperator): append_to_database> on 2025-01-16 03:31:00+00:00
[2025-01-16T03:32:03.585+0000] {standard_task_runner.py:72} INFO - Started process 1846 to run task
[2025-01-16T03:32:03.587+0000] {standard_task_runner.py:104} INFO - Running: ['airflow', 'tasks', 'run', 'stock_information', 'append_to_database', 'scheduled__2025-01-16T03:31:00+00:00', '--job-id', '1533', '--raw', '--subdir', 'DAGS_FOLDER/vnstock_stream.py', '--cfg-path', '/tmp/tmp25lwngcn']
[2025-01-16T03:32:03.589+0000] {standard_task_runner.py:105} INFO - Job 1533: Subtask append_to_database
[2025-01-16T03:32:03.626+0000] {task_command.py:467} INFO - Running <TaskInstance: stock_information.append_to_database scheduled__2025-01-16T03:31:00+00:00 [running]> on host 453ac4defedc
[2025-01-16T03:32:03.706+0000] {taskinstance.py:3132} INFO - Exporting env vars: AIRFLOW_CTX_DAG_OWNER='TuanDz' AIRFLOW_CTX_DAG_ID='stock_information' AIRFLOW_CTX_TASK_ID='append_to_database' AIRFLOW_CTX_EXECUTION_DATE='2025-01-16T03:31:00+00:00' AIRFLOW_CTX_TRY_NUMBER='1' AIRFLOW_CTX_DAG_RUN_ID='scheduled__2025-01-16T03:31:00+00:00'
[2025-01-16T03:32:03.707+0000] {taskinstance.py:731} INFO - ::endgroup::
[2025-01-16T03:32:03.759+0000] {logging_mixin.py:190} INFO - Kết nối thành công!
[2025-01-16T03:32:03.761+0000] {logging_mixin.py:190} INFO - <class 'str'>
[2025-01-16T03:32:03.761+0000] {logging_mixin.py:190} INFO - [['TCB', 25350, 22050, 23700, 'STOCK', 'HSX', '', 7045021622, 'STOCK', 8424683, 'Ngân hàng Thương mại Cổ phần Kỹ thương Việt Nam', 23700, '', '2025-01-16', 23750, 1000, 2740000, 65364, 23855.474452554743, 23950, 23750, 's', 0, 0, 0, 1590552461, 65364.639999999956, 27400, 23700, 23750, 287700, 23700, 247000, 23650, 20000, 23850, 208600, 23900, 240400, 23950, 275900, '2025-01-16 03:32:02']]
[2025-01-16T03:32:03.762+0000] {logging_mixin.py:190} INFO - <class 'list'>
[2025-01-16T03:32:03.762+0000] {logging_mixin.py:190} INFO - [['TCB', 25350, 22050, 23700, 'STOCK', 'HSX', '', 7045021622, 'STOCK', 8424683, 'Ngân hàng Thương mại Cổ phần Kỹ thương Việt Nam', 23700, '', '2025-01-16', 23750, 1000, 2740000, 65364, 23855.474452554743, 23950, 23750, 's', 0, 0, 0, 1590552461, 65364.639999999956, 27400, 23700, 23750, 287700, 23700, 247000, 23650, 20000, 23850, 208600, 23900, 240400, 23950, 275900, '2025-01-16 03:32:02']]
[2025-01-16T03:32:03.769+0000] {python.py:240} INFO - Done. Returned value was: None
[2025-01-16T03:32:03.776+0000] {taskinstance.py:340} INFO - ::group::Post task execution logs
[2025-01-16T03:32:03.777+0000] {taskinstance.py:352} INFO - Marking task as SUCCESS. dag_id=stock_information, task_id=append_to_database, run_id=scheduled__2025-01-16T03:31:00+00:00, execution_date=20250116T033100, start_date=20250116T033203, end_date=20250116T033203
[2025-01-16T03:32:03.802+0000] {local_task_job_runner.py:266} INFO - Task exited with return code 0
[2025-01-16T03:32:03.817+0000] {taskinstance.py:3895} INFO - 0 downstream tasks scheduled from follow-on schedule check
[2025-01-16T03:32:03.822+0000] {local_task_job_runner.py:245} INFO - ::endgroup::
