[2025-01-15T03:24:04.988+0000] {local_task_job_runner.py:123} INFO - ::group::Pre task execution logs
[2025-01-15T03:24:05.000+0000] {taskinstance.py:2613} INFO - Dependencies all met for dep_context=non-requeueable deps ti=<TaskInstance: stock_information.append_to_database scheduled__2025-01-15T03:23:00+00:00 [queued]>
[2025-01-15T03:24:05.007+0000] {taskinstance.py:2613} INFO - Dependencies all met for dep_context=requeueable deps ti=<TaskInstance: stock_information.append_to_database scheduled__2025-01-15T03:23:00+00:00 [queued]>
[2025-01-15T03:24:05.008+0000] {taskinstance.py:2866} INFO - Starting attempt 1 of 1
[2025-01-15T03:24:05.019+0000] {taskinstance.py:2889} INFO - Executing <Task(PythonOperator): append_to_database> on 2025-01-15 03:23:00+00:00
[2025-01-15T03:24:05.026+0000] {standard_task_runner.py:72} INFO - Started process 1667 to run task
[2025-01-15T03:24:05.028+0000] {standard_task_runner.py:104} INFO - Running: ['airflow', 'tasks', 'run', 'stock_information', 'append_to_database', 'scheduled__2025-01-15T03:23:00+00:00', '--job-id', '620', '--raw', '--subdir', 'DAGS_FOLDER/vnstock_stream.py', '--cfg-path', '/tmp/tmpnerxkrdz']
[2025-01-15T03:24:05.031+0000] {standard_task_runner.py:105} INFO - Job 620: Subtask append_to_database
[2025-01-15T03:24:05.068+0000] {task_command.py:467} INFO - Running <TaskInstance: stock_information.append_to_database scheduled__2025-01-15T03:23:00+00:00 [running]> on host 453ac4defedc
[2025-01-15T03:24:05.155+0000] {taskinstance.py:3132} INFO - Exporting env vars: AIRFLOW_CTX_DAG_OWNER='TuanDz' AIRFLOW_CTX_DAG_ID='stock_information' AIRFLOW_CTX_TASK_ID='append_to_database' AIRFLOW_CTX_EXECUTION_DATE='2025-01-15T03:23:00+00:00' AIRFLOW_CTX_TRY_NUMBER='1' AIRFLOW_CTX_DAG_RUN_ID='scheduled__2025-01-15T03:23:00+00:00'
[2025-01-15T03:24:05.159+0000] {taskinstance.py:731} INFO - ::endgroup::
[2025-01-15T03:24:05.221+0000] {logging_mixin.py:190} INFO - Kết nối thành công!
[2025-01-15T03:24:05.224+0000] {logging_mixin.py:190} INFO - <class 'str'>
[2025-01-15T03:24:05.226+0000] {logging_mixin.py:190} INFO - [['TCB', 25250, 21950, 23600, 'STOCK', 'HSX', '', 7045021622, 'STOCK', 8424683, 'Ngân hàng Thương mại Cổ phần Kỹ thương Việt Nam', 23600, '', '2025-01-15', 23700, 100, 982600, 23317, 23729.90026460411, 23800, 23650, 's', 0, 0, 0, 1590552461, 23317.405000000002, 9826, 23600, 23700, 6400, 23650, 203700, 23600, 335700, 23750, 27600, 23800, 189800, 23850, 155000, '2025-01-15 03:24:03']]
[2025-01-15T03:24:05.229+0000] {logging_mixin.py:190} INFO - <class 'list'>
[2025-01-15T03:24:05.231+0000] {logging_mixin.py:190} INFO - [['TCB', 25250, 21950, 23600, 'STOCK', 'HSX', '', 7045021622, 'STOCK', 8424683, 'Ngân hàng Thương mại Cổ phần Kỹ thương Việt Nam', 23600, '', '2025-01-15', 23700, 100, 982600, 23317, 23729.90026460411, 23800, 23650, 's', 0, 0, 0, 1590552461, 23317.405000000002, 9826, 23600, 23700, 6400, 23650, 203700, 23600, 335700, 23750, 27600, 23800, 189800, 23850, 155000, '2025-01-15 03:24:03']]
[2025-01-15T03:24:05.238+0000] {python.py:240} INFO - Done. Returned value was: None
[2025-01-15T03:24:05.247+0000] {taskinstance.py:340} INFO - ::group::Post task execution logs
[2025-01-15T03:24:05.248+0000] {taskinstance.py:352} INFO - Marking task as SUCCESS. dag_id=stock_information, task_id=append_to_database, run_id=scheduled__2025-01-15T03:23:00+00:00, execution_date=20250115T032300, start_date=20250115T032405, end_date=20250115T032405
[2025-01-15T03:24:05.284+0000] {local_task_job_runner.py:266} INFO - Task exited with return code 0
[2025-01-15T03:24:05.300+0000] {taskinstance.py:3895} INFO - 0 downstream tasks scheduled from follow-on schedule check
[2025-01-15T03:24:05.304+0000] {local_task_job_runner.py:245} INFO - ::endgroup::
