[2025-01-15T07:08:05.225+0000] {local_task_job_runner.py:123} INFO - ::group::Pre task execution logs
[2025-01-15T07:08:05.236+0000] {taskinstance.py:2613} INFO - Dependencies all met for dep_context=non-requeueable deps ti=<TaskInstance: stock_information.append_to_database scheduled__2025-01-15T07:07:00+00:00 [queued]>
[2025-01-15T07:08:05.244+0000] {taskinstance.py:2613} INFO - Dependencies all met for dep_context=requeueable deps ti=<TaskInstance: stock_information.append_to_database scheduled__2025-01-15T07:07:00+00:00 [queued]>
[2025-01-15T07:08:05.245+0000] {taskinstance.py:2866} INFO - Starting attempt 1 of 1
[2025-01-15T07:08:05.256+0000] {taskinstance.py:2889} INFO - Executing <Task(PythonOperator): append_to_database> on 2025-01-15 07:07:00+00:00
[2025-01-15T07:08:05.262+0000] {standard_task_runner.py:72} INFO - Started process 8172 to run task
[2025-01-15T07:08:05.264+0000] {standard_task_runner.py:104} INFO - Running: ['airflow', 'tasks', 'run', 'stock_information', 'append_to_database', 'scheduled__2025-01-15T07:07:00+00:00', '--job-id', '1068', '--raw', '--subdir', 'DAGS_FOLDER/vnstock_stream.py', '--cfg-path', '/tmp/tmpvdznz86a']
[2025-01-15T07:08:05.267+0000] {standard_task_runner.py:105} INFO - Job 1068: Subtask append_to_database
[2025-01-15T07:08:05.307+0000] {task_command.py:467} INFO - Running <TaskInstance: stock_information.append_to_database scheduled__2025-01-15T07:07:00+00:00 [running]> on host 453ac4defedc
[2025-01-15T07:08:05.387+0000] {taskinstance.py:3132} INFO - Exporting env vars: AIRFLOW_CTX_DAG_OWNER='TuanDz' AIRFLOW_CTX_DAG_ID='stock_information' AIRFLOW_CTX_TASK_ID='append_to_database' AIRFLOW_CTX_EXECUTION_DATE='2025-01-15T07:07:00+00:00' AIRFLOW_CTX_TRY_NUMBER='1' AIRFLOW_CTX_DAG_RUN_ID='scheduled__2025-01-15T07:07:00+00:00'
[2025-01-15T07:08:05.390+0000] {taskinstance.py:731} INFO - ::endgroup::
[2025-01-15T07:08:05.433+0000] {logging_mixin.py:190} INFO - Kết nối thành công!
[2025-01-15T07:08:05.435+0000] {logging_mixin.py:190} INFO - <class 'str'>
[2025-01-15T07:08:05.436+0000] {logging_mixin.py:190} INFO - [['TCB', 25250, 21950, 23600, 'STOCK', 'HSX', '', 7045021622, 'STOCK', 8424683, 'Ngân hàng Thương mại Cổ phần Kỹ thương Việt Nam', 23600, '', '2025-01-15', 23800, 2100, 5225200, 124332, 23794.687284697236, 23900, 23650, 's', 156700, 166700, 0, 1590552461, 124332.0549999997, 52252, 23600, 23800, 38100, 23750, 199400, 23700, 428000, 23850, 136200, 23900, 158500, 23950, 234000, '2025-01-15 07:08:02']]
[2025-01-15T07:08:05.437+0000] {logging_mixin.py:190} INFO - <class 'list'>
[2025-01-15T07:08:05.438+0000] {logging_mixin.py:190} INFO - [['TCB', 25250, 21950, 23600, 'STOCK', 'HSX', '', 7045021622, 'STOCK', 8424683, 'Ngân hàng Thương mại Cổ phần Kỹ thương Việt Nam', 23600, '', '2025-01-15', 23800, 2100, 5225200, 124332, 23794.687284697236, 23900, 23650, 's', 156700, 166700, 0, 1590552461, 124332.0549999997, 52252, 23600, 23800, 38100, 23750, 199400, 23700, 428000, 23850, 136200, 23900, 158500, 23950, 234000, '2025-01-15 07:08:02']]
[2025-01-15T07:08:05.441+0000] {python.py:240} INFO - Done. Returned value was: None
[2025-01-15T07:08:05.448+0000] {taskinstance.py:340} INFO - ::group::Post task execution logs
[2025-01-15T07:08:05.449+0000] {taskinstance.py:352} INFO - Marking task as SUCCESS. dag_id=stock_information, task_id=append_to_database, run_id=scheduled__2025-01-15T07:07:00+00:00, execution_date=20250115T070700, start_date=20250115T070805, end_date=20250115T070805
[2025-01-15T07:08:05.479+0000] {local_task_job_runner.py:266} INFO - Task exited with return code 0
[2025-01-15T07:08:05.493+0000] {taskinstance.py:3895} INFO - 0 downstream tasks scheduled from follow-on schedule check
[2025-01-15T07:08:05.498+0000] {local_task_job_runner.py:245} INFO - ::endgroup::
