[2025-01-14T11:14:31.130+0000] {local_task_job_runner.py:123} INFO - ::group::Pre task execution logs
[2025-01-14T11:14:31.144+0000] {taskinstance.py:2613} INFO - Dependencies all met for dep_context=non-requeueable deps ti=<TaskInstance: stock_information.append_to_database scheduled__2025-01-13T17:19:00+00:00 [queued]>
[2025-01-14T11:14:31.153+0000] {taskinstance.py:2613} INFO - Dependencies all met for dep_context=requeueable deps ti=<TaskInstance: stock_information.append_to_database scheduled__2025-01-13T17:19:00+00:00 [queued]>
[2025-01-14T11:14:31.155+0000] {taskinstance.py:2866} INFO - Starting attempt 1 of 1
[2025-01-14T11:14:31.169+0000] {taskinstance.py:2889} INFO - Executing <Task(PythonOperator): append_to_database> on 2025-01-13 17:19:00+00:00
[2025-01-14T11:14:31.176+0000] {standard_task_runner.py:72} INFO - Started process 4518 to run task
[2025-01-14T11:14:31.179+0000] {standard_task_runner.py:104} INFO - Running: ['airflow', 'tasks', 'run', 'stock_information', 'append_to_database', 'scheduled__2025-01-13T17:19:00+00:00', '--job-id', '517', '--raw', '--subdir', 'DAGS_FOLDER/vnstock_stream.py', '--cfg-path', '/tmp/tmpojd0suyc']
[2025-01-14T11:14:31.182+0000] {standard_task_runner.py:105} INFO - Job 517: Subtask append_to_database
[2025-01-14T11:14:31.226+0000] {task_command.py:467} INFO - Running <TaskInstance: stock_information.append_to_database scheduled__2025-01-13T17:19:00+00:00 [running]> on host 453ac4defedc
[2025-01-14T11:14:31.339+0000] {taskinstance.py:3132} INFO - Exporting env vars: AIRFLOW_CTX_DAG_OWNER='TuanDz' AIRFLOW_CTX_DAG_ID='stock_information' AIRFLOW_CTX_TASK_ID='append_to_database' AIRFLOW_CTX_EXECUTION_DATE='2025-01-13T17:19:00+00:00' AIRFLOW_CTX_TRY_NUMBER='1' AIRFLOW_CTX_DAG_RUN_ID='scheduled__2025-01-13T17:19:00+00:00'
[2025-01-14T11:14:31.342+0000] {taskinstance.py:731} INFO - ::endgroup::
[2025-01-14T11:14:31.398+0000] {logging_mixin.py:190} INFO - Kết nối thành công!
[2025-01-14T11:14:31.399+0000] {logging_mixin.py:190} INFO - <class 'str'>
[2025-01-14T11:14:31.400+0000] {logging_mixin.py:190} INFO - [['TCB', 25450, 22150, 23800, 'STOCK', 'HSX', '', 7045021622, 'STOCK', 8424683, 'Ngân hàng Thương mại Cổ phần Kỹ thương Việt Nam', 23800, '', '2025-01-14', 23600, 536000, 4180100, 98696, 23610.91839908136, 23750, 23500, 'unknown', 105300, 97300, 0, 1590552461, 98696.47500000068, 41801, 23800, 23600, 87700, 23550, 199500, 23500, 179100, 23650, 114600, 23700, 193300, 23750, 137700, '2025-01-14 11:14:29']]
[2025-01-14T11:14:31.402+0000] {logging_mixin.py:190} INFO - <class 'list'>
[2025-01-14T11:14:31.403+0000] {logging_mixin.py:190} INFO - [['TCB', 25450, 22150, 23800, 'STOCK', 'HSX', '', 7045021622, 'STOCK', 8424683, 'Ngân hàng Thương mại Cổ phần Kỹ thương Việt Nam', 23800, '', '2025-01-14', 23600, 536000, 4180100, 98696, 23610.91839908136, 23750, 23500, 'unknown', 105300, 97300, 0, 1590552461, 98696.47500000068, 41801, 23800, 23600, 87700, 23550, 199500, 23500, 179100, 23650, 114600, 23700, 193300, 23750, 137700, '2025-01-14 11:14:29']]
[2025-01-14T11:14:31.407+0000] {python.py:240} INFO - Done. Returned value was: None
[2025-01-14T11:14:31.416+0000] {taskinstance.py:340} INFO - ::group::Post task execution logs
[2025-01-14T11:14:31.417+0000] {taskinstance.py:352} INFO - Marking task as SUCCESS. dag_id=stock_information, task_id=append_to_database, run_id=scheduled__2025-01-13T17:19:00+00:00, execution_date=20250113T171900, start_date=20250114T111431, end_date=20250114T111431
[2025-01-14T11:14:31.475+0000] {local_task_job_runner.py:266} INFO - Task exited with return code 0
[2025-01-14T11:14:31.494+0000] {taskinstance.py:3895} INFO - 0 downstream tasks scheduled from follow-on schedule check
[2025-01-14T11:14:31.499+0000] {local_task_job_runner.py:245} INFO - ::endgroup::
