[2025-01-17T02:39:04.096+0000] {local_task_job_runner.py:123} INFO - ::group::Pre task execution logs
[2025-01-17T02:39:04.108+0000] {taskinstance.py:2613} INFO - Dependencies all met for dep_context=non-requeueable deps ti=<TaskInstance: stock_information.append_to_database scheduled__2025-01-17T02:38:00+00:00 [queued]>
[2025-01-17T02:39:04.116+0000] {taskinstance.py:2613} INFO - Dependencies all met for dep_context=requeueable deps ti=<TaskInstance: stock_information.append_to_database scheduled__2025-01-17T02:38:00+00:00 [queued]>
[2025-01-17T02:39:04.118+0000] {taskinstance.py:2866} INFO - Starting attempt 1 of 1
[2025-01-17T02:39:04.131+0000] {taskinstance.py:2889} INFO - Executing <Task(PythonOperator): append_to_database> on 2025-01-17 02:38:00+00:00
[2025-01-17T02:39:04.136+0000] {standard_task_runner.py:72} INFO - Started process 1803 to run task
[2025-01-17T02:39:04.139+0000] {standard_task_runner.py:104} INFO - Running: ['airflow', 'tasks', 'run', 'stock_information', 'append_to_database', 'scheduled__2025-01-17T02:38:00+00:00', '--job-id', '2330', '--raw', '--subdir', 'DAGS_FOLDER/vnstock_stream.py', '--cfg-path', '/tmp/tmpi9x6_zan']
[2025-01-17T02:39:04.143+0000] {standard_task_runner.py:105} INFO - Job 2330: Subtask append_to_database
[2025-01-17T02:39:04.182+0000] {task_command.py:467} INFO - Running <TaskInstance: stock_information.append_to_database scheduled__2025-01-17T02:38:00+00:00 [running]> on host 453ac4defedc
[2025-01-17T02:39:04.258+0000] {taskinstance.py:3132} INFO - Exporting env vars: AIRFLOW_CTX_DAG_OWNER='TuanDz' AIRFLOW_CTX_DAG_ID='stock_information' AIRFLOW_CTX_TASK_ID='append_to_database' AIRFLOW_CTX_EXECUTION_DATE='2025-01-17T02:38:00+00:00' AIRFLOW_CTX_TRY_NUMBER='1' AIRFLOW_CTX_DAG_RUN_ID='scheduled__2025-01-17T02:38:00+00:00'
[2025-01-17T02:39:04.260+0000] {taskinstance.py:731} INFO - ::endgroup::
[2025-01-17T02:39:04.316+0000] {logging_mixin.py:190} INFO - Kết nối thành công!
[2025-01-17T02:39:04.317+0000] {logging_mixin.py:190} INFO - <class 'str'>
[2025-01-17T02:39:04.318+0000] {logging_mixin.py:190} INFO - [['TCB', 25500, 22200, 23850, 'STOCK', 'HSX', '', 7045021622, 'STOCK', 8424683, 'Ngân hàng Thương mại Cổ phần Kỹ thương Việt Nam', 23850, '', '2025-01-17', 23750, 300, 125300, 2984, 23814.84437350359, 23900, 23750, 's', 5300, 9000, 0, 1590552461, 2984.2750000000033, 1253, 23850, 23750, 90400, 23700, 49100, 23650, 44500, 23800, 24000, 23850, 58600, 23900, 79900, '2025-01-17 02:39:02']]
[2025-01-17T02:39:04.319+0000] {logging_mixin.py:190} INFO - <class 'list'>
[2025-01-17T02:39:04.319+0000] {logging_mixin.py:190} INFO - [['TCB', 25500, 22200, 23850, 'STOCK', 'HSX', '', 7045021622, 'STOCK', 8424683, 'Ngân hàng Thương mại Cổ phần Kỹ thương Việt Nam', 23850, '', '2025-01-17', 23750, 300, 125300, 2984, 23814.84437350359, 23900, 23750, 's', 5300, 9000, 0, 1590552461, 2984.2750000000033, 1253, 23850, 23750, 90400, 23700, 49100, 23650, 44500, 23800, 24000, 23850, 58600, 23900, 79900, '2025-01-17 02:39:02']]
[2025-01-17T02:39:04.325+0000] {python.py:240} INFO - Done. Returned value was: None
[2025-01-17T02:39:04.333+0000] {taskinstance.py:340} INFO - ::group::Post task execution logs
[2025-01-17T02:39:04.334+0000] {taskinstance.py:352} INFO - Marking task as SUCCESS. dag_id=stock_information, task_id=append_to_database, run_id=scheduled__2025-01-17T02:38:00+00:00, execution_date=20250117T023800, start_date=20250117T023904, end_date=20250117T023904
[2025-01-17T02:39:04.354+0000] {local_task_job_runner.py:266} INFO - Task exited with return code 0
[2025-01-17T02:39:04.367+0000] {taskinstance.py:3895} INFO - 0 downstream tasks scheduled from follow-on schedule check
[2025-01-17T02:39:04.371+0000] {local_task_job_runner.py:245} INFO - ::endgroup::
