[2025-01-15T07:26:05.045+0000] {local_task_job_runner.py:123} INFO - ::group::Pre task execution logs
[2025-01-15T07:26:05.057+0000] {taskinstance.py:2613} INFO - Dependencies all met for dep_context=non-requeueable deps ti=<TaskInstance: stock_information.append_to_database scheduled__2025-01-15T07:25:00+00:00 [queued]>
[2025-01-15T07:26:05.064+0000] {taskinstance.py:2613} INFO - Dependencies all met for dep_context=requeueable deps ti=<TaskInstance: stock_information.append_to_database scheduled__2025-01-15T07:25:00+00:00 [queued]>
[2025-01-15T07:26:05.065+0000] {taskinstance.py:2866} INFO - Starting attempt 1 of 1
[2025-01-15T07:26:05.077+0000] {taskinstance.py:2889} INFO - Executing <Task(PythonOperator): append_to_database> on 2025-01-15 07:25:00+00:00
[2025-01-15T07:26:05.083+0000] {standard_task_runner.py:72} INFO - Started process 8695 to run task
[2025-01-15T07:26:05.086+0000] {standard_task_runner.py:104} INFO - Running: ['airflow', 'tasks', 'run', 'stock_information', 'append_to_database', 'scheduled__2025-01-15T07:25:00+00:00', '--job-id', '1104', '--raw', '--subdir', 'DAGS_FOLDER/vnstock_stream.py', '--cfg-path', '/tmp/tmp2j3n4cxq']
[2025-01-15T07:26:05.089+0000] {standard_task_runner.py:105} INFO - Job 1104: Subtask append_to_database
[2025-01-15T07:26:05.127+0000] {task_command.py:467} INFO - Running <TaskInstance: stock_information.append_to_database scheduled__2025-01-15T07:25:00+00:00 [running]> on host 453ac4defedc
[2025-01-15T07:26:05.209+0000] {taskinstance.py:3132} INFO - Exporting env vars: AIRFLOW_CTX_DAG_OWNER='TuanDz' AIRFLOW_CTX_DAG_ID='stock_information' AIRFLOW_CTX_TASK_ID='append_to_database' AIRFLOW_CTX_EXECUTION_DATE='2025-01-15T07:25:00+00:00' AIRFLOW_CTX_TRY_NUMBER='1' AIRFLOW_CTX_DAG_RUN_ID='scheduled__2025-01-15T07:25:00+00:00'
[2025-01-15T07:26:05.211+0000] {taskinstance.py:731} INFO - ::endgroup::
[2025-01-15T07:26:05.247+0000] {logging_mixin.py:190} INFO - Kết nối thành công!
[2025-01-15T07:26:05.249+0000] {logging_mixin.py:190} INFO - <class 'str'>
[2025-01-15T07:26:05.249+0000] {logging_mixin.py:190} INFO - [['TCB', 25250, 21950, 23600, 'STOCK', 'HSX', '', 7045021622, 'STOCK', 8424683, 'Ngân hàng Thương mại Cổ phần Kỹ thương Việt Nam', 23600, '', '2025-01-15', 23750, 3700, 6184900, 147204, 23800.546492263416, 23900, 23650, 's', 156700, 186700, 0, 1590552461, 147204.39500000008, 61849, 23600, 23750, 115400, 23700, 251900, 23650, 70600, 23850, 39800, 23900, 200000, 23950, 218300, '2025-01-15 07:26:02']]
[2025-01-15T07:26:05.251+0000] {logging_mixin.py:190} INFO - <class 'list'>
[2025-01-15T07:26:05.252+0000] {logging_mixin.py:190} INFO - [['TCB', 25250, 21950, 23600, 'STOCK', 'HSX', '', 7045021622, 'STOCK', 8424683, 'Ngân hàng Thương mại Cổ phần Kỹ thương Việt Nam', 23600, '', '2025-01-15', 23750, 3700, 6184900, 147204, 23800.546492263416, 23900, 23650, 's', 156700, 186700, 0, 1590552461, 147204.39500000008, 61849, 23600, 23750, 115400, 23700, 251900, 23650, 70600, 23850, 39800, 23900, 200000, 23950, 218300, '2025-01-15 07:26:02']]
[2025-01-15T07:26:05.255+0000] {python.py:240} INFO - Done. Returned value was: None
[2025-01-15T07:26:05.263+0000] {taskinstance.py:340} INFO - ::group::Post task execution logs
[2025-01-15T07:26:05.264+0000] {taskinstance.py:352} INFO - Marking task as SUCCESS. dag_id=stock_information, task_id=append_to_database, run_id=scheduled__2025-01-15T07:25:00+00:00, execution_date=20250115T072500, start_date=20250115T072605, end_date=20250115T072605
[2025-01-15T07:26:05.302+0000] {local_task_job_runner.py:266} INFO - Task exited with return code 0
[2025-01-15T07:26:05.320+0000] {taskinstance.py:3895} INFO - 0 downstream tasks scheduled from follow-on schedule check
[2025-01-15T07:26:05.324+0000] {local_task_job_runner.py:245} INFO - ::endgroup::
