[2025-01-10T16:48:01.527+0000] {local_task_job_runner.py:123} INFO - ::group::Pre task execution logs
[2025-01-10T16:48:01.541+0000] {taskinstance.py:2613} INFO - Dependencies all met for dep_context=non-requeueable deps ti=<TaskInstance: stock_information.stream_data_from_api scheduled__2025-01-10T16:47:00+00:00 [queued]>
[2025-01-10T16:48:01.549+0000] {taskinstance.py:2613} INFO - Dependencies all met for dep_context=requeueable deps ti=<TaskInstance: stock_information.stream_data_from_api scheduled__2025-01-10T16:47:00+00:00 [queued]>
[2025-01-10T16:48:01.551+0000] {taskinstance.py:2866} INFO - Starting attempt 1 of 1
[2025-01-10T16:48:01.565+0000] {taskinstance.py:2889} INFO - Executing <Task(PythonOperator): stream_data_from_api> on 2025-01-10 16:47:00+00:00
[2025-01-10T16:48:01.572+0000] {standard_task_runner.py:72} INFO - Started process 444 to run task
[2025-01-10T16:48:01.575+0000] {standard_task_runner.py:104} INFO - Running: ['airflow', 'tasks', 'run', 'stock_information', 'stream_data_from_api', 'scheduled__2025-01-10T16:47:00+00:00', '--job-id', '88', '--raw', '--subdir', 'DAGS_FOLDER/vnstock_stream.py', '--cfg-path', '/tmp/tmp4rnxj0t4']
[2025-01-10T16:48:01.578+0000] {standard_task_runner.py:105} INFO - Job 88: Subtask stream_data_from_api
[2025-01-10T16:48:01.618+0000] {task_command.py:467} INFO - Running <TaskInstance: stock_information.stream_data_from_api scheduled__2025-01-10T16:47:00+00:00 [running]> on host 453ac4defedc
[2025-01-10T16:48:01.692+0000] {taskinstance.py:3132} INFO - Exporting env vars: AIRFLOW_CTX_DAG_OWNER='TuanDz' AIRFLOW_CTX_DAG_ID='stock_information' AIRFLOW_CTX_TASK_ID='stream_data_from_api' AIRFLOW_CTX_EXECUTION_DATE='2025-01-10T16:47:00+00:00' AIRFLOW_CTX_TRY_NUMBER='1' AIRFLOW_CTX_DAG_RUN_ID='scheduled__2025-01-10T16:47:00+00:00'
[2025-01-10T16:48:01.694+0000] {taskinstance.py:731} INFO - ::endgroup::
[2025-01-10T16:48:01.969+0000] {data_explorer.py:64} WARNING - Thông tin niêm yết & giao dịch sẽ được truy xuất từ TCBS
[2025-01-10T16:48:02.235+0000] {python.py:240} INFO - Done. Returned value was:   symbol  ceiling  floor  ...  ask_3_price ask_3_volume                last_update
0    TCB    25600  22300  ...        23600        29000 2025-01-10 16:48:02.233901

[1 rows x 42 columns]
[2025-01-10T16:48:02.287+0000] {taskinstance.py:340} INFO - ::group::Post task execution logs
[2025-01-10T16:48:02.289+0000] {taskinstance.py:352} INFO - Marking task as SUCCESS. dag_id=stock_information, task_id=stream_data_from_api, run_id=scheduled__2025-01-10T16:47:00+00:00, execution_date=20250110T164700, start_date=20250110T164801, end_date=20250110T164802
[2025-01-10T16:48:02.314+0000] {local_task_job_runner.py:266} INFO - Task exited with return code 0
[2025-01-10T16:48:02.331+0000] {taskinstance.py:3895} INFO - 1 downstream tasks scheduled from follow-on schedule check
[2025-01-10T16:48:02.335+0000] {local_task_job_runner.py:245} INFO - ::endgroup::
