[2025-01-16T02:40:04.452+0000] {local_task_job_runner.py:123} INFO - ::group::Pre task execution logs
[2025-01-16T02:40:04.467+0000] {taskinstance.py:2613} INFO - Dependencies all met for dep_context=non-requeueable deps ti=<TaskInstance: stock_information.append_to_database scheduled__2025-01-16T02:39:00+00:00 [queued]>
[2025-01-16T02:40:04.477+0000] {taskinstance.py:2613} INFO - Dependencies all met for dep_context=requeueable deps ti=<TaskInstance: stock_information.append_to_database scheduled__2025-01-16T02:39:00+00:00 [queued]>
[2025-01-16T02:40:04.480+0000] {taskinstance.py:2866} INFO - Starting attempt 1 of 1
[2025-01-16T02:40:04.494+0000] {taskinstance.py:2889} INFO - Executing <Task(PythonOperator): append_to_database> on 2025-01-16 02:39:00+00:00
[2025-01-16T02:40:04.501+0000] {standard_task_runner.py:72} INFO - Started process 326 to run task
[2025-01-16T02:40:04.503+0000] {standard_task_runner.py:104} INFO - Running: ['airflow', 'tasks', 'run', 'stock_information', 'append_to_database', 'scheduled__2025-01-16T02:39:00+00:00', '--job-id', '1429', '--raw', '--subdir', 'DAGS_FOLDER/vnstock_stream.py', '--cfg-path', '/tmp/tmp5zjsahwt']
[2025-01-16T02:40:04.506+0000] {standard_task_runner.py:105} INFO - Job 1429: Subtask append_to_database
[2025-01-16T02:40:04.547+0000] {task_command.py:467} INFO - Running <TaskInstance: stock_information.append_to_database scheduled__2025-01-16T02:39:00+00:00 [running]> on host 453ac4defedc
[2025-01-16T02:40:04.628+0000] {taskinstance.py:3132} INFO - Exporting env vars: AIRFLOW_CTX_DAG_OWNER='TuanDz' AIRFLOW_CTX_DAG_ID='stock_information' AIRFLOW_CTX_TASK_ID='append_to_database' AIRFLOW_CTX_EXECUTION_DATE='2025-01-16T02:39:00+00:00' AIRFLOW_CTX_TRY_NUMBER='1' AIRFLOW_CTX_DAG_RUN_ID='scheduled__2025-01-16T02:39:00+00:00'
[2025-01-16T02:40:04.631+0000] {taskinstance.py:731} INFO - ::endgroup::
[2025-01-16T02:40:04.672+0000] {logging_mixin.py:190} INFO - Kết nối thành công!
[2025-01-16T02:40:04.673+0000] {logging_mixin.py:190} INFO - <class 'str'>
[2025-01-16T02:40:04.674+0000] {logging_mixin.py:190} INFO - [['TCB', 25350, 22050, 23700, 'STOCK', 'HSX', '', 7045021622, 'STOCK', 8424683, 'Ngân hàng Thương mại Cổ phần Kỹ thương Việt Nam', 23700, '', '2025-01-16', 23900, 1000, 1340600, 32003, 23872.146799940325, 23950, 23800, 's', 0, 0, 0, 1590552461, 32003.379999999892, 13406, 23700, 23900, 41100, 23850, 187000, 23800, 150400, 23950, 162200, 24000, 583000, 24050, 109000, '2025-01-16 02:40:02']]
[2025-01-16T02:40:04.675+0000] {logging_mixin.py:190} INFO - <class 'list'>
[2025-01-16T02:40:04.676+0000] {logging_mixin.py:190} INFO - [['TCB', 25350, 22050, 23700, 'STOCK', 'HSX', '', 7045021622, 'STOCK', 8424683, 'Ngân hàng Thương mại Cổ phần Kỹ thương Việt Nam', 23700, '', '2025-01-16', 23900, 1000, 1340600, 32003, 23872.146799940325, 23950, 23800, 's', 0, 0, 0, 1590552461, 32003.379999999892, 13406, 23700, 23900, 41100, 23850, 187000, 23800, 150400, 23950, 162200, 24000, 583000, 24050, 109000, '2025-01-16 02:40:02']]
[2025-01-16T02:40:04.679+0000] {python.py:240} INFO - Done. Returned value was: None
[2025-01-16T02:40:04.687+0000] {taskinstance.py:340} INFO - ::group::Post task execution logs
[2025-01-16T02:40:04.688+0000] {taskinstance.py:352} INFO - Marking task as SUCCESS. dag_id=stock_information, task_id=append_to_database, run_id=scheduled__2025-01-16T02:39:00+00:00, execution_date=20250116T023900, start_date=20250116T024004, end_date=20250116T024004
[2025-01-16T02:40:04.719+0000] {local_task_job_runner.py:266} INFO - Task exited with return code 0
[2025-01-16T02:40:04.734+0000] {taskinstance.py:3895} INFO - 0 downstream tasks scheduled from follow-on schedule check
[2025-01-16T02:40:04.738+0000] {local_task_job_runner.py:245} INFO - ::endgroup::
