[2025-01-15T04:19:05.225+0000] {local_task_job_runner.py:123} INFO - ::group::Pre task execution logs
[2025-01-15T04:19:05.236+0000] {taskinstance.py:2613} INFO - Dependencies all met for dep_context=non-requeueable deps ti=<TaskInstance: stock_information.append_to_database scheduled__2025-01-15T04:18:00+00:00 [queued]>
[2025-01-15T04:19:05.244+0000] {taskinstance.py:2613} INFO - Dependencies all met for dep_context=requeueable deps ti=<TaskInstance: stock_information.append_to_database scheduled__2025-01-15T04:18:00+00:00 [queued]>
[2025-01-15T04:19:05.245+0000] {taskinstance.py:2866} INFO - Starting attempt 1 of 1
[2025-01-15T04:19:05.256+0000] {taskinstance.py:2889} INFO - Executing <Task(PythonOperator): append_to_database> on 2025-01-15 04:18:00+00:00
[2025-01-15T04:19:05.263+0000] {standard_task_runner.py:72} INFO - Started process 3271 to run task
[2025-01-15T04:19:05.265+0000] {standard_task_runner.py:104} INFO - Running: ['airflow', 'tasks', 'run', 'stock_information', 'append_to_database', 'scheduled__2025-01-15T04:18:00+00:00', '--job-id', '730', '--raw', '--subdir', 'DAGS_FOLDER/vnstock_stream.py', '--cfg-path', '/tmp/tmp9ousehxc']
[2025-01-15T04:19:05.268+0000] {standard_task_runner.py:105} INFO - Job 730: Subtask append_to_database
[2025-01-15T04:19:05.306+0000] {task_command.py:467} INFO - Running <TaskInstance: stock_information.append_to_database scheduled__2025-01-15T04:18:00+00:00 [running]> on host 453ac4defedc
[2025-01-15T04:19:05.382+0000] {taskinstance.py:3132} INFO - Exporting env vars: AIRFLOW_CTX_DAG_OWNER='TuanDz' AIRFLOW_CTX_DAG_ID='stock_information' AIRFLOW_CTX_TASK_ID='append_to_database' AIRFLOW_CTX_EXECUTION_DATE='2025-01-15T04:18:00+00:00' AIRFLOW_CTX_TRY_NUMBER='1' AIRFLOW_CTX_DAG_RUN_ID='scheduled__2025-01-15T04:18:00+00:00'
[2025-01-15T04:19:05.385+0000] {taskinstance.py:731} INFO - ::endgroup::
[2025-01-15T04:19:05.425+0000] {logging_mixin.py:190} INFO - Kết nối thành công!
[2025-01-15T04:19:05.426+0000] {logging_mixin.py:190} INFO - <class 'str'>
[2025-01-15T04:19:05.427+0000] {logging_mixin.py:190} INFO - [['TCB', 25250, 21950, 23600, 'STOCK', 'HSX', '', 7045021622, 'STOCK', 8424683, 'Ngân hàng Thương mại Cổ phần Kỹ thương Việt Nam', 23600, '', '2025-01-15', 23800, 200, 2263400, 53783, 23762.039409737565, 23900, 23650, 's', 0, 0, 0, 1590552461, 53783.92500000001, 22634, 23600, 23800, 124300, 23750, 170600, 23700, 196800, 23850, 26000, 23900, 323400, 23950, 164200, '2025-01-15 04:19:02']]
[2025-01-15T04:19:05.428+0000] {logging_mixin.py:190} INFO - <class 'list'>
[2025-01-15T04:19:05.428+0000] {logging_mixin.py:190} INFO - [['TCB', 25250, 21950, 23600, 'STOCK', 'HSX', '', 7045021622, 'STOCK', 8424683, 'Ngân hàng Thương mại Cổ phần Kỹ thương Việt Nam', 23600, '', '2025-01-15', 23800, 200, 2263400, 53783, 23762.039409737565, 23900, 23650, 's', 0, 0, 0, 1590552461, 53783.92500000001, 22634, 23600, 23800, 124300, 23750, 170600, 23700, 196800, 23850, 26000, 23900, 323400, 23950, 164200, '2025-01-15 04:19:02']]
[2025-01-15T04:19:05.430+0000] {python.py:240} INFO - Done. Returned value was: None
[2025-01-15T04:19:05.437+0000] {taskinstance.py:340} INFO - ::group::Post task execution logs
[2025-01-15T04:19:05.438+0000] {taskinstance.py:352} INFO - Marking task as SUCCESS. dag_id=stock_information, task_id=append_to_database, run_id=scheduled__2025-01-15T04:18:00+00:00, execution_date=20250115T041800, start_date=20250115T041905, end_date=20250115T041905
[2025-01-15T04:19:05.480+0000] {local_task_job_runner.py:266} INFO - Task exited with return code 0
[2025-01-15T04:19:05.494+0000] {taskinstance.py:3895} INFO - 0 downstream tasks scheduled from follow-on schedule check
[2025-01-15T04:19:05.498+0000] {local_task_job_runner.py:245} INFO - ::endgroup::
