[2025-01-15T02:57:04.015+0000] {local_task_job_runner.py:123} INFO - ::group::Pre task execution logs
[2025-01-15T02:57:04.030+0000] {taskinstance.py:2613} INFO - Dependencies all met for dep_context=non-requeueable deps ti=<TaskInstance: stock_information.append_to_database scheduled__2025-01-15T02:56:00+00:00 [queued]>
[2025-01-15T02:57:04.040+0000] {taskinstance.py:2613} INFO - Dependencies all met for dep_context=requeueable deps ti=<TaskInstance: stock_information.append_to_database scheduled__2025-01-15T02:56:00+00:00 [queued]>
[2025-01-15T02:57:04.042+0000] {taskinstance.py:2866} INFO - Starting attempt 1 of 1
[2025-01-15T02:57:04.057+0000] {taskinstance.py:2889} INFO - Executing <Task(PythonOperator): append_to_database> on 2025-01-15 02:56:00+00:00
[2025-01-15T02:57:04.064+0000] {standard_task_runner.py:72} INFO - Started process 880 to run task
[2025-01-15T02:57:04.067+0000] {standard_task_runner.py:104} INFO - Running: ['airflow', 'tasks', 'run', 'stock_information', 'append_to_database', 'scheduled__2025-01-15T02:56:00+00:00', '--job-id', '566', '--raw', '--subdir', 'DAGS_FOLDER/vnstock_stream.py', '--cfg-path', '/tmp/tmp4bduy9vt']
[2025-01-15T02:57:04.071+0000] {standard_task_runner.py:105} INFO - Job 566: Subtask append_to_database
[2025-01-15T02:57:04.114+0000] {task_command.py:467} INFO - Running <TaskInstance: stock_information.append_to_database scheduled__2025-01-15T02:56:00+00:00 [running]> on host 453ac4defedc
[2025-01-15T02:57:04.205+0000] {taskinstance.py:3132} INFO - Exporting env vars: AIRFLOW_CTX_DAG_OWNER='TuanDz' AIRFLOW_CTX_DAG_ID='stock_information' AIRFLOW_CTX_TASK_ID='append_to_database' AIRFLOW_CTX_EXECUTION_DATE='2025-01-15T02:56:00+00:00' AIRFLOW_CTX_TRY_NUMBER='1' AIRFLOW_CTX_DAG_RUN_ID='scheduled__2025-01-15T02:56:00+00:00'
[2025-01-15T02:57:04.206+0000] {taskinstance.py:731} INFO - ::endgroup::
[2025-01-15T02:57:04.242+0000] {logging_mixin.py:190} INFO - Kết nối thành công!
[2025-01-15T02:57:04.243+0000] {logging_mixin.py:190} INFO - <class 'str'>
[2025-01-15T02:57:04.243+0000] {logging_mixin.py:190} INFO - [['TCB', 25250, 21950, 23600, 'STOCK', 'HSX', '', 7045021622, 'STOCK', 8424683, 'Ngân hàng Thương mại Cổ phần Kỹ thương Việt Nam', 23600, '', '2025-01-15', 23750, 1000, 498700, 11836, 23733.707639863645, 23800, 23650, 'b', 0, 0, 0, 1590552461, 11836.630000000001, 4987, 23600, 23700, 136200, 23650, 75000, 23600, 131200, 23750, 118200, 23800, 160500, 23850, 137300, '2025-01-15 02:57:02']]
[2025-01-15T02:57:04.244+0000] {logging_mixin.py:190} INFO - <class 'list'>
[2025-01-15T02:57:04.244+0000] {logging_mixin.py:190} INFO - [['TCB', 25250, 21950, 23600, 'STOCK', 'HSX', '', 7045021622, 'STOCK', 8424683, 'Ngân hàng Thương mại Cổ phần Kỹ thương Việt Nam', 23600, '', '2025-01-15', 23750, 1000, 498700, 11836, 23733.707639863645, 23800, 23650, 'b', 0, 0, 0, 1590552461, 11836.630000000001, 4987, 23600, 23700, 136200, 23650, 75000, 23600, 131200, 23750, 118200, 23800, 160500, 23850, 137300, '2025-01-15 02:57:02']]
[2025-01-15T02:57:04.246+0000] {python.py:240} INFO - Done. Returned value was: None
[2025-01-15T02:57:04.256+0000] {taskinstance.py:340} INFO - ::group::Post task execution logs
[2025-01-15T02:57:04.257+0000] {taskinstance.py:352} INFO - Marking task as SUCCESS. dag_id=stock_information, task_id=append_to_database, run_id=scheduled__2025-01-15T02:56:00+00:00, execution_date=20250115T025600, start_date=20250115T025704, end_date=20250115T025704
[2025-01-15T02:57:04.283+0000] {local_task_job_runner.py:266} INFO - Task exited with return code 0
[2025-01-15T02:57:04.300+0000] {taskinstance.py:3895} INFO - 0 downstream tasks scheduled from follow-on schedule check
[2025-01-15T02:57:04.304+0000] {local_task_job_runner.py:245} INFO - ::endgroup::
