[2025-01-16T06:40:04.484+0000] {local_task_job_runner.py:123} INFO - ::group::Pre task execution logs
[2025-01-16T06:40:04.498+0000] {taskinstance.py:2613} INFO - Dependencies all met for dep_context=non-requeueable deps ti=<TaskInstance: stock_information.append_to_database scheduled__2025-01-16T06:39:00+00:00 [queued]>
[2025-01-16T06:40:04.506+0000] {taskinstance.py:2613} INFO - Dependencies all met for dep_context=requeueable deps ti=<TaskInstance: stock_information.append_to_database scheduled__2025-01-16T06:39:00+00:00 [queued]>
[2025-01-16T06:40:04.508+0000] {taskinstance.py:2866} INFO - Starting attempt 1 of 1
[2025-01-16T06:40:04.520+0000] {taskinstance.py:2889} INFO - Executing <Task(PythonOperator): append_to_database> on 2025-01-16 06:39:00+00:00
[2025-01-16T06:40:04.526+0000] {standard_task_runner.py:72} INFO - Started process 7359 to run task
[2025-01-16T06:40:04.528+0000] {standard_task_runner.py:104} INFO - Running: ['airflow', 'tasks', 'run', 'stock_information', 'append_to_database', 'scheduled__2025-01-16T06:39:00+00:00', '--job-id', '1909', '--raw', '--subdir', 'DAGS_FOLDER/vnstock_stream.py', '--cfg-path', '/tmp/tmp_exoikc4']
[2025-01-16T06:40:04.531+0000] {standard_task_runner.py:105} INFO - Job 1909: Subtask append_to_database
[2025-01-16T06:40:04.571+0000] {task_command.py:467} INFO - Running <TaskInstance: stock_information.append_to_database scheduled__2025-01-16T06:39:00+00:00 [running]> on host 453ac4defedc
[2025-01-16T06:40:04.646+0000] {taskinstance.py:3132} INFO - Exporting env vars: AIRFLOW_CTX_DAG_OWNER='TuanDz' AIRFLOW_CTX_DAG_ID='stock_information' AIRFLOW_CTX_TASK_ID='append_to_database' AIRFLOW_CTX_EXECUTION_DATE='2025-01-16T06:39:00+00:00' AIRFLOW_CTX_TRY_NUMBER='1' AIRFLOW_CTX_DAG_RUN_ID='scheduled__2025-01-16T06:39:00+00:00'
[2025-01-16T06:40:04.648+0000] {taskinstance.py:731} INFO - ::endgroup::
[2025-01-16T06:40:04.709+0000] {logging_mixin.py:190} INFO - Kết nối thành công!
[2025-01-16T06:40:04.710+0000] {logging_mixin.py:190} INFO - <class 'str'>
[2025-01-16T06:40:04.710+0000] {logging_mixin.py:190} INFO - [['TCB', 25350, 22050, 23700, 'STOCK', 'HSX', '', 7045021622, 'STOCK', 8424683, 'Ngân hàng Thương mại Cổ phần Kỹ thương Việt Nam', 23700, '', '2025-01-16', 23750, 1000, 3921500, 93436, 23826.596965446894, 23950, 23700, 's', 0, 0, 0, 1590552461, 93436.98999999995, 39215, 23700, 23750, 400, 23700, 308400, 23650, 195200, 23800, 181000, 23850, 210300, 23900, 313600, '2025-01-16 06:40:02']]
[2025-01-16T06:40:04.711+0000] {logging_mixin.py:190} INFO - <class 'list'>
[2025-01-16T06:40:04.712+0000] {logging_mixin.py:190} INFO - [['TCB', 25350, 22050, 23700, 'STOCK', 'HSX', '', 7045021622, 'STOCK', 8424683, 'Ngân hàng Thương mại Cổ phần Kỹ thương Việt Nam', 23700, '', '2025-01-16', 23750, 1000, 3921500, 93436, 23826.596965446894, 23950, 23700, 's', 0, 0, 0, 1590552461, 93436.98999999995, 39215, 23700, 23750, 400, 23700, 308400, 23650, 195200, 23800, 181000, 23850, 210300, 23900, 313600, '2025-01-16 06:40:02']]
[2025-01-16T06:40:04.721+0000] {python.py:240} INFO - Done. Returned value was: None
[2025-01-16T06:40:04.730+0000] {taskinstance.py:340} INFO - ::group::Post task execution logs
[2025-01-16T06:40:04.731+0000] {taskinstance.py:352} INFO - Marking task as SUCCESS. dag_id=stock_information, task_id=append_to_database, run_id=scheduled__2025-01-16T06:39:00+00:00, execution_date=20250116T063900, start_date=20250116T064004, end_date=20250116T064004
[2025-01-16T06:40:04.784+0000] {local_task_job_runner.py:266} INFO - Task exited with return code 0
[2025-01-16T06:40:04.798+0000] {taskinstance.py:3895} INFO - 0 downstream tasks scheduled from follow-on schedule check
[2025-01-16T06:40:04.803+0000] {local_task_job_runner.py:245} INFO - ::endgroup::
