[2025-01-15T03:53:05.150+0000] {local_task_job_runner.py:123} INFO - ::group::Pre task execution logs
[2025-01-15T03:53:05.165+0000] {taskinstance.py:2613} INFO - Dependencies all met for dep_context=non-requeueable deps ti=<TaskInstance: stock_information.append_to_database scheduled__2025-01-15T03:52:00+00:00 [queued]>
[2025-01-15T03:53:05.173+0000] {taskinstance.py:2613} INFO - Dependencies all met for dep_context=requeueable deps ti=<TaskInstance: stock_information.append_to_database scheduled__2025-01-15T03:52:00+00:00 [queued]>
[2025-01-15T03:53:05.175+0000] {taskinstance.py:2866} INFO - Starting attempt 1 of 1
[2025-01-15T03:53:05.188+0000] {taskinstance.py:2889} INFO - Executing <Task(PythonOperator): append_to_database> on 2025-01-15 03:52:00+00:00
[2025-01-15T03:53:05.194+0000] {standard_task_runner.py:72} INFO - Started process 2514 to run task
[2025-01-15T03:53:05.197+0000] {standard_task_runner.py:104} INFO - Running: ['airflow', 'tasks', 'run', 'stock_information', 'append_to_database', 'scheduled__2025-01-15T03:52:00+00:00', '--job-id', '678', '--raw', '--subdir', 'DAGS_FOLDER/vnstock_stream.py', '--cfg-path', '/tmp/tmpm7f0mac6']
[2025-01-15T03:53:05.199+0000] {standard_task_runner.py:105} INFO - Job 678: Subtask append_to_database
[2025-01-15T03:53:05.239+0000] {task_command.py:467} INFO - Running <TaskInstance: stock_information.append_to_database scheduled__2025-01-15T03:52:00+00:00 [running]> on host 453ac4defedc
[2025-01-15T03:53:05.316+0000] {taskinstance.py:3132} INFO - Exporting env vars: AIRFLOW_CTX_DAG_OWNER='TuanDz' AIRFLOW_CTX_DAG_ID='stock_information' AIRFLOW_CTX_TASK_ID='append_to_database' AIRFLOW_CTX_EXECUTION_DATE='2025-01-15T03:52:00+00:00' AIRFLOW_CTX_TRY_NUMBER='1' AIRFLOW_CTX_DAG_RUN_ID='scheduled__2025-01-15T03:52:00+00:00'
[2025-01-15T03:53:05.319+0000] {taskinstance.py:731} INFO - ::endgroup::
[2025-01-15T03:53:05.355+0000] {logging_mixin.py:190} INFO - Kết nối thành công!
[2025-01-15T03:53:05.356+0000] {logging_mixin.py:190} INFO - <class 'str'>
[2025-01-15T03:53:05.357+0000] {logging_mixin.py:190} INFO - [['TCB', 25250, 21950, 23600, 'STOCK', 'HSX', '', 7045021622, 'STOCK', 8424683, 'Ngân hàng Thương mại Cổ phần Kỹ thương Việt Nam', 23600, '', '2025-01-15', 23800, 200, 1587100, 37669, 23734.484279503497, 23800, 23650, 'b', 0, 0, 0, 1590552461, 37669.29999999999, 15871, 23600, 23750, 60900, 23700, 138300, 23650, 233600, 23800, 82600, 23850, 158600, 23900, 106200, '2025-01-15 03:53:03']]
[2025-01-15T03:53:05.357+0000] {logging_mixin.py:190} INFO - <class 'list'>
[2025-01-15T03:53:05.358+0000] {logging_mixin.py:190} INFO - [['TCB', 25250, 21950, 23600, 'STOCK', 'HSX', '', 7045021622, 'STOCK', 8424683, 'Ngân hàng Thương mại Cổ phần Kỹ thương Việt Nam', 23600, '', '2025-01-15', 23800, 200, 1587100, 37669, 23734.484279503497, 23800, 23650, 'b', 0, 0, 0, 1590552461, 37669.29999999999, 15871, 23600, 23750, 60900, 23700, 138300, 23650, 233600, 23800, 82600, 23850, 158600, 23900, 106200, '2025-01-15 03:53:03']]
[2025-01-15T03:53:05.360+0000] {python.py:240} INFO - Done. Returned value was: None
[2025-01-15T03:53:05.368+0000] {taskinstance.py:340} INFO - ::group::Post task execution logs
[2025-01-15T03:53:05.369+0000] {taskinstance.py:352} INFO - Marking task as SUCCESS. dag_id=stock_information, task_id=append_to_database, run_id=scheduled__2025-01-15T03:52:00+00:00, execution_date=20250115T035200, start_date=20250115T035305, end_date=20250115T035305
[2025-01-15T03:53:05.413+0000] {local_task_job_runner.py:266} INFO - Task exited with return code 0
[2025-01-15T03:53:05.431+0000] {taskinstance.py:3895} INFO - 0 downstream tasks scheduled from follow-on schedule check
[2025-01-15T03:53:05.436+0000] {local_task_job_runner.py:245} INFO - ::endgroup::
