[2025-01-17T03:07:03.947+0000] {local_task_job_runner.py:123} INFO - ::group::Pre task execution logs
[2025-01-17T03:07:03.960+0000] {taskinstance.py:2613} INFO - Dependencies all met for dep_context=non-requeueable deps ti=<TaskInstance: stock_information.append_to_database scheduled__2025-01-17T03:06:00+00:00 [queued]>
[2025-01-17T03:07:03.967+0000] {taskinstance.py:2613} INFO - Dependencies all met for dep_context=requeueable deps ti=<TaskInstance: stock_information.append_to_database scheduled__2025-01-17T03:06:00+00:00 [queued]>
[2025-01-17T03:07:03.968+0000] {taskinstance.py:2866} INFO - Starting attempt 1 of 1
[2025-01-17T03:07:03.979+0000] {taskinstance.py:2889} INFO - Executing <Task(PythonOperator): append_to_database> on 2025-01-17 03:06:00+00:00
[2025-01-17T03:07:03.985+0000] {standard_task_runner.py:72} INFO - Started process 2620 to run task
[2025-01-17T03:07:03.987+0000] {standard_task_runner.py:104} INFO - Running: ['airflow', 'tasks', 'run', 'stock_information', 'append_to_database', 'scheduled__2025-01-17T03:06:00+00:00', '--job-id', '2386', '--raw', '--subdir', 'DAGS_FOLDER/vnstock_stream.py', '--cfg-path', '/tmp/tmpta4ozvwd']
[2025-01-17T03:07:03.989+0000] {standard_task_runner.py:105} INFO - Job 2386: Subtask append_to_database
[2025-01-17T03:07:04.025+0000] {task_command.py:467} INFO - Running <TaskInstance: stock_information.append_to_database scheduled__2025-01-17T03:06:00+00:00 [running]> on host 453ac4defedc
[2025-01-17T03:07:04.097+0000] {taskinstance.py:3132} INFO - Exporting env vars: AIRFLOW_CTX_DAG_OWNER='TuanDz' AIRFLOW_CTX_DAG_ID='stock_information' AIRFLOW_CTX_TASK_ID='append_to_database' AIRFLOW_CTX_EXECUTION_DATE='2025-01-17T03:06:00+00:00' AIRFLOW_CTX_TRY_NUMBER='1' AIRFLOW_CTX_DAG_RUN_ID='scheduled__2025-01-17T03:06:00+00:00'
[2025-01-17T03:07:04.098+0000] {taskinstance.py:731} INFO - ::endgroup::
[2025-01-17T03:07:04.157+0000] {logging_mixin.py:190} INFO - Kết nối thành công!
[2025-01-17T03:07:04.158+0000] {logging_mixin.py:190} INFO - <class 'str'>
[2025-01-17T03:07:04.159+0000] {logging_mixin.py:190} INFO - [['TCB', 25500, 22200, 23850, 'STOCK', 'HSX', '', 7045021622, 'STOCK', 8424683, 'Ngân hàng Thương mại Cổ phần Kỹ thương Việt Nam', 23850, '', '2025-01-17', 23850, 300, 394600, 9400, 23821.59148504815, 23900, 23750, 's', 5300, 34200, 0, 1590552461, 9400.750000000007, 3946, 23850, 23850, 100, 23800, 144700, 23750, 81400, 23900, 172800, 23950, 307200, 24000, 948200, '2025-01-17 03:07:02']]
[2025-01-17T03:07:04.159+0000] {logging_mixin.py:190} INFO - <class 'list'>
[2025-01-17T03:07:04.160+0000] {logging_mixin.py:190} INFO - [['TCB', 25500, 22200, 23850, 'STOCK', 'HSX', '', 7045021622, 'STOCK', 8424683, 'Ngân hàng Thương mại Cổ phần Kỹ thương Việt Nam', 23850, '', '2025-01-17', 23850, 300, 394600, 9400, 23821.59148504815, 23900, 23750, 's', 5300, 34200, 0, 1590552461, 9400.750000000007, 3946, 23850, 23850, 100, 23800, 144700, 23750, 81400, 23900, 172800, 23950, 307200, 24000, 948200, '2025-01-17 03:07:02']]
[2025-01-17T03:07:04.165+0000] {python.py:240} INFO - Done. Returned value was: None
[2025-01-17T03:07:04.172+0000] {taskinstance.py:340} INFO - ::group::Post task execution logs
[2025-01-17T03:07:04.172+0000] {taskinstance.py:352} INFO - Marking task as SUCCESS. dag_id=stock_information, task_id=append_to_database, run_id=scheduled__2025-01-17T03:06:00+00:00, execution_date=20250117T030600, start_date=20250117T030703, end_date=20250117T030704
[2025-01-17T03:07:04.201+0000] {local_task_job_runner.py:266} INFO - Task exited with return code 0
[2025-01-17T03:07:04.216+0000] {taskinstance.py:3895} INFO - 0 downstream tasks scheduled from follow-on schedule check
[2025-01-17T03:07:04.221+0000] {local_task_job_runner.py:245} INFO - ::endgroup::
