[2025-01-15T03:43:03.775+0000] {local_task_job_runner.py:123} INFO - ::group::Pre task execution logs
[2025-01-15T03:43:03.786+0000] {taskinstance.py:2613} INFO - Dependencies all met for dep_context=non-requeueable deps ti=<TaskInstance: stock_information.append_to_database scheduled__2025-01-15T03:42:00+00:00 [queued]>
[2025-01-15T03:43:03.794+0000] {taskinstance.py:2613} INFO - Dependencies all met for dep_context=requeueable deps ti=<TaskInstance: stock_information.append_to_database scheduled__2025-01-15T03:42:00+00:00 [queued]>
[2025-01-15T03:43:03.795+0000] {taskinstance.py:2866} INFO - Starting attempt 1 of 1
[2025-01-15T03:43:03.806+0000] {taskinstance.py:2889} INFO - Executing <Task(PythonOperator): append_to_database> on 2025-01-15 03:42:00+00:00
[2025-01-15T03:43:03.812+0000] {standard_task_runner.py:72} INFO - Started process 2220 to run task
[2025-01-15T03:43:03.815+0000] {standard_task_runner.py:104} INFO - Running: ['airflow', 'tasks', 'run', 'stock_information', 'append_to_database', 'scheduled__2025-01-15T03:42:00+00:00', '--job-id', '658', '--raw', '--subdir', 'DAGS_FOLDER/vnstock_stream.py', '--cfg-path', '/tmp/tmp8usvzmpd']
[2025-01-15T03:43:03.817+0000] {standard_task_runner.py:105} INFO - Job 658: Subtask append_to_database
[2025-01-15T03:43:03.857+0000] {task_command.py:467} INFO - Running <TaskInstance: stock_information.append_to_database scheduled__2025-01-15T03:42:00+00:00 [running]> on host 453ac4defedc
[2025-01-15T03:43:03.957+0000] {taskinstance.py:3132} INFO - Exporting env vars: AIRFLOW_CTX_DAG_OWNER='TuanDz' AIRFLOW_CTX_DAG_ID='stock_information' AIRFLOW_CTX_TASK_ID='append_to_database' AIRFLOW_CTX_EXECUTION_DATE='2025-01-15T03:42:00+00:00' AIRFLOW_CTX_TRY_NUMBER='1' AIRFLOW_CTX_DAG_RUN_ID='scheduled__2025-01-15T03:42:00+00:00'
[2025-01-15T03:43:03.959+0000] {taskinstance.py:731} INFO - ::endgroup::
[2025-01-15T03:43:04.010+0000] {logging_mixin.py:190} INFO - Kết nối thành công!
[2025-01-15T03:43:04.011+0000] {logging_mixin.py:190} INFO - <class 'str'>
[2025-01-15T03:43:04.013+0000] {logging_mixin.py:190} INFO - [['TCB', 25250, 21950, 23600, 'STOCK', 'HSX', '', 7045021622, 'STOCK', 8424683, 'Ngân hàng Thương mại Cổ phần Kỹ thương Việt Nam', 23600, '', '2025-01-15', 23750, 1700, 1344400, 31899, 23727.31329961321, 23800, 23650, 'b', 0, 0, 0, 1590552461, 31899.93500000001, 13444, 23600, 23700, 145000, 23650, 236100, 23600, 287500, 23750, 34100, 23800, 183800, 23850, 152200, '2025-01-15 03:43:02']]
[2025-01-15T03:43:04.014+0000] {logging_mixin.py:190} INFO - <class 'list'>
[2025-01-15T03:43:04.015+0000] {logging_mixin.py:190} INFO - [['TCB', 25250, 21950, 23600, 'STOCK', 'HSX', '', 7045021622, 'STOCK', 8424683, 'Ngân hàng Thương mại Cổ phần Kỹ thương Việt Nam', 23600, '', '2025-01-15', 23750, 1700, 1344400, 31899, 23727.31329961321, 23800, 23650, 'b', 0, 0, 0, 1590552461, 31899.93500000001, 13444, 23600, 23700, 145000, 23650, 236100, 23600, 287500, 23750, 34100, 23800, 183800, 23850, 152200, '2025-01-15 03:43:02']]
[2025-01-15T03:43:04.021+0000] {python.py:240} INFO - Done. Returned value was: None
[2025-01-15T03:43:04.029+0000] {taskinstance.py:340} INFO - ::group::Post task execution logs
[2025-01-15T03:43:04.031+0000] {taskinstance.py:352} INFO - Marking task as SUCCESS. dag_id=stock_information, task_id=append_to_database, run_id=scheduled__2025-01-15T03:42:00+00:00, execution_date=20250115T034200, start_date=20250115T034303, end_date=20250115T034304
[2025-01-15T03:43:04.069+0000] {local_task_job_runner.py:266} INFO - Task exited with return code 0
[2025-01-15T03:43:04.089+0000] {taskinstance.py:3895} INFO - 0 downstream tasks scheduled from follow-on schedule check
[2025-01-15T03:43:04.093+0000] {local_task_job_runner.py:245} INFO - ::endgroup::
