[2025-01-15T04:11:04.231+0000] {local_task_job_runner.py:123} INFO - ::group::Pre task execution logs
[2025-01-15T04:11:04.246+0000] {taskinstance.py:2613} INFO - Dependencies all met for dep_context=non-requeueable deps ti=<TaskInstance: stock_information.append_to_database scheduled__2025-01-15T04:10:00+00:00 [queued]>
[2025-01-15T04:11:04.254+0000] {taskinstance.py:2613} INFO - Dependencies all met for dep_context=requeueable deps ti=<TaskInstance: stock_information.append_to_database scheduled__2025-01-15T04:10:00+00:00 [queued]>
[2025-01-15T04:11:04.255+0000] {taskinstance.py:2866} INFO - Starting attempt 1 of 1
[2025-01-15T04:11:04.267+0000] {taskinstance.py:2889} INFO - Executing <Task(PythonOperator): append_to_database> on 2025-01-15 04:10:00+00:00
[2025-01-15T04:11:04.274+0000] {standard_task_runner.py:72} INFO - Started process 3037 to run task
[2025-01-15T04:11:04.276+0000] {standard_task_runner.py:104} INFO - Running: ['airflow', 'tasks', 'run', 'stock_information', 'append_to_database', 'scheduled__2025-01-15T04:10:00+00:00', '--job-id', '714', '--raw', '--subdir', 'DAGS_FOLDER/vnstock_stream.py', '--cfg-path', '/tmp/tmpkqjorfvu']
[2025-01-15T04:11:04.279+0000] {standard_task_runner.py:105} INFO - Job 714: Subtask append_to_database
[2025-01-15T04:11:04.317+0000] {task_command.py:467} INFO - Running <TaskInstance: stock_information.append_to_database scheduled__2025-01-15T04:10:00+00:00 [running]> on host 453ac4defedc
[2025-01-15T04:11:04.393+0000] {taskinstance.py:3132} INFO - Exporting env vars: AIRFLOW_CTX_DAG_OWNER='TuanDz' AIRFLOW_CTX_DAG_ID='stock_information' AIRFLOW_CTX_TASK_ID='append_to_database' AIRFLOW_CTX_EXECUTION_DATE='2025-01-15T04:10:00+00:00' AIRFLOW_CTX_TRY_NUMBER='1' AIRFLOW_CTX_DAG_RUN_ID='scheduled__2025-01-15T04:10:00+00:00'
[2025-01-15T04:11:04.395+0000] {taskinstance.py:731} INFO - ::endgroup::
[2025-01-15T04:11:04.429+0000] {logging_mixin.py:190} INFO - Kết nối thành công!
[2025-01-15T04:11:04.429+0000] {logging_mixin.py:190} INFO - <class 'str'>
[2025-01-15T04:11:04.430+0000] {logging_mixin.py:190} INFO - [['TCB', 25250, 21950, 23600, 'STOCK', 'HSX', '', 7045021622, 'STOCK', 8424683, 'Ngân hàng Thương mại Cổ phần Kỹ thương Việt Nam', 23600, '', '2025-01-15', 23750, 100, 2175900, 51698, 23759.3639413576, 23900, 23650, 's', 0, 0, 0, 1590552461, 51698.005, 21759, 23600, 23750, 151700, 23700, 137400, 23650, 226800, 23800, 15800, 23850, 27100, 23900, 317500, '2025-01-15 04:11:02']]
[2025-01-15T04:11:04.431+0000] {logging_mixin.py:190} INFO - <class 'list'>
[2025-01-15T04:11:04.431+0000] {logging_mixin.py:190} INFO - [['TCB', 25250, 21950, 23600, 'STOCK', 'HSX', '', 7045021622, 'STOCK', 8424683, 'Ngân hàng Thương mại Cổ phần Kỹ thương Việt Nam', 23600, '', '2025-01-15', 23750, 100, 2175900, 51698, 23759.3639413576, 23900, 23650, 's', 0, 0, 0, 1590552461, 51698.005, 21759, 23600, 23750, 151700, 23700, 137400, 23650, 226800, 23800, 15800, 23850, 27100, 23900, 317500, '2025-01-15 04:11:02']]
[2025-01-15T04:11:04.434+0000] {python.py:240} INFO - Done. Returned value was: None
[2025-01-15T04:11:04.441+0000] {taskinstance.py:340} INFO - ::group::Post task execution logs
[2025-01-15T04:11:04.442+0000] {taskinstance.py:352} INFO - Marking task as SUCCESS. dag_id=stock_information, task_id=append_to_database, run_id=scheduled__2025-01-15T04:10:00+00:00, execution_date=20250115T041000, start_date=20250115T041104, end_date=20250115T041104
[2025-01-15T04:11:04.491+0000] {local_task_job_runner.py:266} INFO - Task exited with return code 0
[2025-01-15T04:11:04.510+0000] {taskinstance.py:3895} INFO - 0 downstream tasks scheduled from follow-on schedule check
[2025-01-15T04:11:04.516+0000] {local_task_job_runner.py:245} INFO - ::endgroup::
