[2025-01-15T04:29:06.282+0000] {local_task_job_runner.py:123} INFO - ::group::Pre task execution logs
[2025-01-15T04:29:06.300+0000] {taskinstance.py:2613} INFO - Dependencies all met for dep_context=non-requeueable deps ti=<TaskInstance: stock_information.append_to_database scheduled__2025-01-15T04:28:00+00:00 [queued]>
[2025-01-15T04:29:06.311+0000] {taskinstance.py:2613} INFO - Dependencies all met for dep_context=requeueable deps ti=<TaskInstance: stock_information.append_to_database scheduled__2025-01-15T04:28:00+00:00 [queued]>
[2025-01-15T04:29:06.313+0000] {taskinstance.py:2866} INFO - Starting attempt 1 of 1
[2025-01-15T04:29:06.328+0000] {taskinstance.py:2889} INFO - Executing <Task(PythonOperator): append_to_database> on 2025-01-15 04:28:00+00:00
[2025-01-15T04:29:06.335+0000] {standard_task_runner.py:72} INFO - Started process 3565 to run task
[2025-01-15T04:29:06.337+0000] {standard_task_runner.py:104} INFO - Running: ['airflow', 'tasks', 'run', 'stock_information', 'append_to_database', 'scheduled__2025-01-15T04:28:00+00:00', '--job-id', '750', '--raw', '--subdir', 'DAGS_FOLDER/vnstock_stream.py', '--cfg-path', '/tmp/tmpzf40kpi1']
[2025-01-15T04:29:06.340+0000] {standard_task_runner.py:105} INFO - Job 750: Subtask append_to_database
[2025-01-15T04:29:06.383+0000] {task_command.py:467} INFO - Running <TaskInstance: stock_information.append_to_database scheduled__2025-01-15T04:28:00+00:00 [running]> on host 453ac4defedc
[2025-01-15T04:29:06.477+0000] {taskinstance.py:3132} INFO - Exporting env vars: AIRFLOW_CTX_DAG_OWNER='TuanDz' AIRFLOW_CTX_DAG_ID='stock_information' AIRFLOW_CTX_TASK_ID='append_to_database' AIRFLOW_CTX_EXECUTION_DATE='2025-01-15T04:28:00+00:00' AIRFLOW_CTX_TRY_NUMBER='1' AIRFLOW_CTX_DAG_RUN_ID='scheduled__2025-01-15T04:28:00+00:00'
[2025-01-15T04:29:06.480+0000] {taskinstance.py:731} INFO - ::endgroup::
[2025-01-15T04:29:06.533+0000] {logging_mixin.py:190} INFO - Kết nối thành công!
[2025-01-15T04:29:06.535+0000] {logging_mixin.py:190} INFO - <class 'str'>
[2025-01-15T04:29:06.536+0000] {logging_mixin.py:190} INFO - [['TCB', 25250, 21950, 23600, 'STOCK', 'HSX', '', 7045021622, 'STOCK', 8424683, 'Ngân hàng Thương mại Cổ phần Kỹ thương Việt Nam', 23600, '', '2025-01-15', 23850, 300, 2476400, 58872, 23773.219189145533, 23900, 23650, 's', 0, 0, 0, 1590552461, 58872.57499999998, 24764, 23600, 23850, 70300, 23800, 41400, 23750, 178800, 23900, 144600, 23950, 170500, 24000, 768700, '2025-01-15 04:29:03']]
[2025-01-15T04:29:06.538+0000] {logging_mixin.py:190} INFO - <class 'list'>
[2025-01-15T04:29:06.539+0000] {logging_mixin.py:190} INFO - [['TCB', 25250, 21950, 23600, 'STOCK', 'HSX', '', 7045021622, 'STOCK', 8424683, 'Ngân hàng Thương mại Cổ phần Kỹ thương Việt Nam', 23600, '', '2025-01-15', 23850, 300, 2476400, 58872, 23773.219189145533, 23900, 23650, 's', 0, 0, 0, 1590552461, 58872.57499999998, 24764, 23600, 23850, 70300, 23800, 41400, 23750, 178800, 23900, 144600, 23950, 170500, 24000, 768700, '2025-01-15 04:29:03']]
[2025-01-15T04:29:06.546+0000] {python.py:240} INFO - Done. Returned value was: None
[2025-01-15T04:29:06.558+0000] {taskinstance.py:340} INFO - ::group::Post task execution logs
[2025-01-15T04:29:06.559+0000] {taskinstance.py:352} INFO - Marking task as SUCCESS. dag_id=stock_information, task_id=append_to_database, run_id=scheduled__2025-01-15T04:28:00+00:00, execution_date=20250115T042800, start_date=20250115T042906, end_date=20250115T042906
[2025-01-15T04:29:06.593+0000] {local_task_job_runner.py:266} INFO - Task exited with return code 0
[2025-01-15T04:29:06.610+0000] {taskinstance.py:3895} INFO - 0 downstream tasks scheduled from follow-on schedule check
[2025-01-15T04:29:06.614+0000] {local_task_job_runner.py:245} INFO - ::endgroup::
