[2025-01-16T06:47:04.199+0000] {local_task_job_runner.py:123} INFO - ::group::Pre task execution logs
[2025-01-16T06:47:04.213+0000] {taskinstance.py:2613} INFO - Dependencies all met for dep_context=non-requeueable deps ti=<TaskInstance: stock_information.append_to_database scheduled__2025-01-16T06:46:00+00:00 [queued]>
[2025-01-16T06:47:04.221+0000] {taskinstance.py:2613} INFO - Dependencies all met for dep_context=requeueable deps ti=<TaskInstance: stock_information.append_to_database scheduled__2025-01-16T06:46:00+00:00 [queued]>
[2025-01-16T06:47:04.223+0000] {taskinstance.py:2866} INFO - Starting attempt 1 of 1
[2025-01-16T06:47:04.235+0000] {taskinstance.py:2889} INFO - Executing <Task(PythonOperator): append_to_database> on 2025-01-16 06:46:00+00:00
[2025-01-16T06:47:04.242+0000] {standard_task_runner.py:72} INFO - Started process 7563 to run task
[2025-01-16T06:47:04.245+0000] {standard_task_runner.py:104} INFO - Running: ['airflow', 'tasks', 'run', 'stock_information', 'append_to_database', 'scheduled__2025-01-16T06:46:00+00:00', '--job-id', '1923', '--raw', '--subdir', 'DAGS_FOLDER/vnstock_stream.py', '--cfg-path', '/tmp/tmpxbln40ti']
[2025-01-16T06:47:04.247+0000] {standard_task_runner.py:105} INFO - Job 1923: Subtask append_to_database
[2025-01-16T06:47:04.286+0000] {task_command.py:467} INFO - Running <TaskInstance: stock_information.append_to_database scheduled__2025-01-16T06:46:00+00:00 [running]> on host 453ac4defedc
[2025-01-16T06:47:04.363+0000] {taskinstance.py:3132} INFO - Exporting env vars: AIRFLOW_CTX_DAG_OWNER='TuanDz' AIRFLOW_CTX_DAG_ID='stock_information' AIRFLOW_CTX_TASK_ID='append_to_database' AIRFLOW_CTX_EXECUTION_DATE='2025-01-16T06:46:00+00:00' AIRFLOW_CTX_TRY_NUMBER='1' AIRFLOW_CTX_DAG_RUN_ID='scheduled__2025-01-16T06:46:00+00:00'
[2025-01-16T06:47:04.365+0000] {taskinstance.py:731} INFO - ::endgroup::
[2025-01-16T06:47:04.456+0000] {logging_mixin.py:190} INFO - Kết nối thành công!
[2025-01-16T06:47:04.457+0000] {logging_mixin.py:190} INFO - <class 'str'>
[2025-01-16T06:47:04.458+0000] {logging_mixin.py:190} INFO - [['TCB', 25350, 22050, 23700, 'STOCK', 'HSX', '', 7045021622, 'STOCK', 8424683, 'Ngân hàng Thương mại Cổ phần Kỹ thương Việt Nam', 23700, '', '2025-01-16', 23800, 600, 3959200, 94332, 23826.025459688826, 23950, 23700, 'b', 0, 0, 0, 1590552461, 94332.86999999998, 39592, 23700, 23750, 223900, 23700, 300100, 23650, 195100, 23800, 234600, 23850, 223400, 23900, 317200, '2025-01-16 06:47:02']]
[2025-01-16T06:47:04.459+0000] {logging_mixin.py:190} INFO - <class 'list'>
[2025-01-16T06:47:04.460+0000] {logging_mixin.py:190} INFO - [['TCB', 25350, 22050, 23700, 'STOCK', 'HSX', '', 7045021622, 'STOCK', 8424683, 'Ngân hàng Thương mại Cổ phần Kỹ thương Việt Nam', 23700, '', '2025-01-16', 23800, 600, 3959200, 94332, 23826.025459688826, 23950, 23700, 'b', 0, 0, 0, 1590552461, 94332.86999999998, 39592, 23700, 23750, 223900, 23700, 300100, 23650, 195100, 23800, 234600, 23850, 223400, 23900, 317200, '2025-01-16 06:47:02']]
[2025-01-16T06:47:04.469+0000] {python.py:240} INFO - Done. Returned value was: None
[2025-01-16T06:47:04.477+0000] {taskinstance.py:340} INFO - ::group::Post task execution logs
[2025-01-16T06:47:04.477+0000] {taskinstance.py:352} INFO - Marking task as SUCCESS. dag_id=stock_information, task_id=append_to_database, run_id=scheduled__2025-01-16T06:46:00+00:00, execution_date=20250116T064600, start_date=20250116T064704, end_date=20250116T064704
[2025-01-16T06:47:04.500+0000] {local_task_job_runner.py:266} INFO - Task exited with return code 0
[2025-01-16T06:47:04.514+0000] {taskinstance.py:3895} INFO - 0 downstream tasks scheduled from follow-on schedule check
[2025-01-16T06:47:04.518+0000] {local_task_job_runner.py:245} INFO - ::endgroup::
