[2025-01-17T03:06:04.265+0000] {local_task_job_runner.py:123} INFO - ::group::Pre task execution logs
[2025-01-17T03:06:04.276+0000] {taskinstance.py:2613} INFO - Dependencies all met for dep_context=non-requeueable deps ti=<TaskInstance: stock_information.append_to_database scheduled__2025-01-17T03:05:00+00:00 [queued]>
[2025-01-17T03:06:04.283+0000] {taskinstance.py:2613} INFO - Dependencies all met for dep_context=requeueable deps ti=<TaskInstance: stock_information.append_to_database scheduled__2025-01-17T03:05:00+00:00 [queued]>
[2025-01-17T03:06:04.285+0000] {taskinstance.py:2866} INFO - Starting attempt 1 of 1
[2025-01-17T03:06:04.298+0000] {taskinstance.py:2889} INFO - Executing <Task(PythonOperator): append_to_database> on 2025-01-17 03:05:00+00:00
[2025-01-17T03:06:04.303+0000] {standard_task_runner.py:72} INFO - Started process 2590 to run task
[2025-01-17T03:06:04.305+0000] {standard_task_runner.py:104} INFO - Running: ['airflow', 'tasks', 'run', 'stock_information', 'append_to_database', 'scheduled__2025-01-17T03:05:00+00:00', '--job-id', '2384', '--raw', '--subdir', 'DAGS_FOLDER/vnstock_stream.py', '--cfg-path', '/tmp/tmp43qr0q6w']
[2025-01-17T03:06:04.308+0000] {standard_task_runner.py:105} INFO - Job 2384: Subtask append_to_database
[2025-01-17T03:06:04.344+0000] {task_command.py:467} INFO - Running <TaskInstance: stock_information.append_to_database scheduled__2025-01-17T03:05:00+00:00 [running]> on host 453ac4defedc
[2025-01-17T03:06:04.416+0000] {taskinstance.py:3132} INFO - Exporting env vars: AIRFLOW_CTX_DAG_OWNER='TuanDz' AIRFLOW_CTX_DAG_ID='stock_information' AIRFLOW_CTX_TASK_ID='append_to_database' AIRFLOW_CTX_EXECUTION_DATE='2025-01-17T03:05:00+00:00' AIRFLOW_CTX_TRY_NUMBER='1' AIRFLOW_CTX_DAG_RUN_ID='scheduled__2025-01-17T03:05:00+00:00'
[2025-01-17T03:06:04.418+0000] {taskinstance.py:731} INFO - ::endgroup::
[2025-01-17T03:06:04.499+0000] {logging_mixin.py:190} INFO - Kết nối thành công!
[2025-01-17T03:06:04.501+0000] {logging_mixin.py:190} INFO - <class 'str'>
[2025-01-17T03:06:04.501+0000] {logging_mixin.py:190} INFO - [['TCB', 25500, 22200, 23850, 'STOCK', 'HSX', '', 7045021622, 'STOCK', 8424683, 'Ngân hàng Thương mại Cổ phần Kỹ thương Việt Nam', 23850, '', '2025-01-17', 23800, 500, 391800, 9334, 23823.379275140378, 23900, 23750, 's', 5300, 33300, 0, 1590552461, 9334.02000000001, 3918, 23850, 23800, 144800, 23750, 81400, 23700, 57700, 23850, 800, 23900, 169900, 23950, 312200, '2025-01-17 03:06:02']]
[2025-01-17T03:06:04.502+0000] {logging_mixin.py:190} INFO - <class 'list'>
[2025-01-17T03:06:04.503+0000] {logging_mixin.py:190} INFO - [['TCB', 25500, 22200, 23850, 'STOCK', 'HSX', '', 7045021622, 'STOCK', 8424683, 'Ngân hàng Thương mại Cổ phần Kỹ thương Việt Nam', 23850, '', '2025-01-17', 23800, 500, 391800, 9334, 23823.379275140378, 23900, 23750, 's', 5300, 33300, 0, 1590552461, 9334.02000000001, 3918, 23850, 23800, 144800, 23750, 81400, 23700, 57700, 23850, 800, 23900, 169900, 23950, 312200, '2025-01-17 03:06:02']]
[2025-01-17T03:06:04.510+0000] {python.py:240} INFO - Done. Returned value was: None
[2025-01-17T03:06:04.519+0000] {taskinstance.py:340} INFO - ::group::Post task execution logs
[2025-01-17T03:06:04.520+0000] {taskinstance.py:352} INFO - Marking task as SUCCESS. dag_id=stock_information, task_id=append_to_database, run_id=scheduled__2025-01-17T03:05:00+00:00, execution_date=20250117T030500, start_date=20250117T030604, end_date=20250117T030604
[2025-01-17T03:06:04.561+0000] {local_task_job_runner.py:266} INFO - Task exited with return code 0
[2025-01-17T03:06:04.579+0000] {taskinstance.py:3895} INFO - 0 downstream tasks scheduled from follow-on schedule check
[2025-01-17T03:06:04.583+0000] {local_task_job_runner.py:245} INFO - ::endgroup::
