[2025-01-15T04:24:05.075+0000] {local_task_job_runner.py:123} INFO - ::group::Pre task execution logs
[2025-01-15T04:24:05.088+0000] {taskinstance.py:2613} INFO - Dependencies all met for dep_context=non-requeueable deps ti=<TaskInstance: stock_information.append_to_database scheduled__2025-01-15T04:23:00+00:00 [queued]>
[2025-01-15T04:24:05.096+0000] {taskinstance.py:2613} INFO - Dependencies all met for dep_context=requeueable deps ti=<TaskInstance: stock_information.append_to_database scheduled__2025-01-15T04:23:00+00:00 [queued]>
[2025-01-15T04:24:05.098+0000] {taskinstance.py:2866} INFO - Starting attempt 1 of 1
[2025-01-15T04:24:05.111+0000] {taskinstance.py:2889} INFO - Executing <Task(PythonOperator): append_to_database> on 2025-01-15 04:23:00+00:00
[2025-01-15T04:24:05.116+0000] {standard_task_runner.py:72} INFO - Started process 3419 to run task
[2025-01-15T04:24:05.119+0000] {standard_task_runner.py:104} INFO - Running: ['airflow', 'tasks', 'run', 'stock_information', 'append_to_database', 'scheduled__2025-01-15T04:23:00+00:00', '--job-id', '740', '--raw', '--subdir', 'DAGS_FOLDER/vnstock_stream.py', '--cfg-path', '/tmp/tmp3xejwh8d']
[2025-01-15T04:24:05.122+0000] {standard_task_runner.py:105} INFO - Job 740: Subtask append_to_database
[2025-01-15T04:24:05.164+0000] {task_command.py:467} INFO - Running <TaskInstance: stock_information.append_to_database scheduled__2025-01-15T04:23:00+00:00 [running]> on host 453ac4defedc
[2025-01-15T04:24:05.245+0000] {taskinstance.py:3132} INFO - Exporting env vars: AIRFLOW_CTX_DAG_OWNER='TuanDz' AIRFLOW_CTX_DAG_ID='stock_information' AIRFLOW_CTX_TASK_ID='append_to_database' AIRFLOW_CTX_EXECUTION_DATE='2025-01-15T04:23:00+00:00' AIRFLOW_CTX_TRY_NUMBER='1' AIRFLOW_CTX_DAG_RUN_ID='scheduled__2025-01-15T04:23:00+00:00'
[2025-01-15T04:24:05.247+0000] {taskinstance.py:731} INFO - ::endgroup::
[2025-01-15T04:24:05.283+0000] {logging_mixin.py:190} INFO - Kết nối thành công!
[2025-01-15T04:24:05.283+0000] {logging_mixin.py:190} INFO - <class 'str'>
[2025-01-15T04:24:05.284+0000] {logging_mixin.py:190} INFO - [['TCB', 25250, 21950, 23600, 'STOCK', 'HSX', '', 7045021622, 'STOCK', 8424683, 'Ngân hàng Thương mại Cổ phần Kỹ thương Việt Nam', 23600, '', '2025-01-15', 23900, 20000, 2456000, 58385, 23772.394136807816, 23900, 23650, 'b', 0, 0, 0, 1590552461, 58385.34999999999, 24560, 23600, 23850, 10700, 23800, 36300, 23750, 166200, 23900, 154600, 23950, 174300, 24000, 738900, '2025-01-15 04:24:03']]
[2025-01-15T04:24:05.285+0000] {logging_mixin.py:190} INFO - <class 'list'>
[2025-01-15T04:24:05.285+0000] {logging_mixin.py:190} INFO - [['TCB', 25250, 21950, 23600, 'STOCK', 'HSX', '', 7045021622, 'STOCK', 8424683, 'Ngân hàng Thương mại Cổ phần Kỹ thương Việt Nam', 23600, '', '2025-01-15', 23900, 20000, 2456000, 58385, 23772.394136807816, 23900, 23650, 'b', 0, 0, 0, 1590552461, 58385.34999999999, 24560, 23600, 23850, 10700, 23800, 36300, 23750, 166200, 23900, 154600, 23950, 174300, 24000, 738900, '2025-01-15 04:24:03']]
[2025-01-15T04:24:05.287+0000] {python.py:240} INFO - Done. Returned value was: None
[2025-01-15T04:24:05.294+0000] {taskinstance.py:340} INFO - ::group::Post task execution logs
[2025-01-15T04:24:05.295+0000] {taskinstance.py:352} INFO - Marking task as SUCCESS. dag_id=stock_information, task_id=append_to_database, run_id=scheduled__2025-01-15T04:23:00+00:00, execution_date=20250115T042300, start_date=20250115T042405, end_date=20250115T042405
[2025-01-15T04:24:05.334+0000] {local_task_job_runner.py:266} INFO - Task exited with return code 0
[2025-01-15T04:24:05.346+0000] {taskinstance.py:3895} INFO - 0 downstream tasks scheduled from follow-on schedule check
[2025-01-15T04:24:05.352+0000] {local_task_job_runner.py:245} INFO - ::endgroup::
