[2025-01-16T07:42:03.852+0000] {local_task_job_runner.py:123} INFO - ::group::Pre task execution logs
[2025-01-16T07:42:03.870+0000] {taskinstance.py:2613} INFO - Dependencies all met for dep_context=non-requeueable deps ti=<TaskInstance: stock_information.append_to_database scheduled__2025-01-16T07:41:00+00:00 [queued]>
[2025-01-16T07:42:03.880+0000] {taskinstance.py:2613} INFO - Dependencies all met for dep_context=requeueable deps ti=<TaskInstance: stock_information.append_to_database scheduled__2025-01-16T07:41:00+00:00 [queued]>
[2025-01-16T07:42:03.882+0000] {taskinstance.py:2866} INFO - Starting attempt 1 of 1
[2025-01-16T07:42:03.898+0000] {taskinstance.py:2889} INFO - Executing <Task(PythonOperator): append_to_database> on 2025-01-16 07:41:00+00:00
[2025-01-16T07:42:03.905+0000] {standard_task_runner.py:72} INFO - Started process 9178 to run task
[2025-01-16T07:42:03.908+0000] {standard_task_runner.py:104} INFO - Running: ['airflow', 'tasks', 'run', 'stock_information', 'append_to_database', 'scheduled__2025-01-16T07:41:00+00:00', '--job-id', '2033', '--raw', '--subdir', 'DAGS_FOLDER/vnstock_stream.py', '--cfg-path', '/tmp/tmp65mie79i']
[2025-01-16T07:42:03.911+0000] {standard_task_runner.py:105} INFO - Job 2033: Subtask append_to_database
[2025-01-16T07:42:03.961+0000] {task_command.py:467} INFO - Running <TaskInstance: stock_information.append_to_database scheduled__2025-01-16T07:41:00+00:00 [running]> on host 453ac4defedc
[2025-01-16T07:42:04.071+0000] {taskinstance.py:3132} INFO - Exporting env vars: AIRFLOW_CTX_DAG_OWNER='TuanDz' AIRFLOW_CTX_DAG_ID='stock_information' AIRFLOW_CTX_TASK_ID='append_to_database' AIRFLOW_CTX_EXECUTION_DATE='2025-01-16T07:41:00+00:00' AIRFLOW_CTX_TRY_NUMBER='1' AIRFLOW_CTX_DAG_RUN_ID='scheduled__2025-01-16T07:41:00+00:00'
[2025-01-16T07:42:04.073+0000] {taskinstance.py:731} INFO - ::endgroup::
[2025-01-16T07:42:04.186+0000] {logging_mixin.py:190} INFO - Kết nối thành công!
[2025-01-16T07:42:04.187+0000] {logging_mixin.py:190} INFO - <class 'str'>
[2025-01-16T07:42:04.188+0000] {logging_mixin.py:190} INFO - [['TCB', 25350, 22050, 23700, 'STOCK', 'HSX', '', 7045021622, 'STOCK', 8424683, 'Ngân hàng Thương mại Cổ phần Kỹ thương Việt Nam', 23700, '', '2025-01-16', 23800, 0, 7499500, 178238, 23766.651110074006, 23950, 23600, 's', 0, 43800, 0, 1590552461, 178238.56999999922, 74995, 23700, 0, 174000, 24100, 100000, 23800, 2800, 0, 155400, 23550, 400, 23600, 900, '2025-01-16 07:42:02']]
[2025-01-16T07:42:04.189+0000] {logging_mixin.py:190} INFO - <class 'list'>
[2025-01-16T07:42:04.190+0000] {logging_mixin.py:190} INFO - [['TCB', 25350, 22050, 23700, 'STOCK', 'HSX', '', 7045021622, 'STOCK', 8424683, 'Ngân hàng Thương mại Cổ phần Kỹ thương Việt Nam', 23700, '', '2025-01-16', 23800, 0, 7499500, 178238, 23766.651110074006, 23950, 23600, 's', 0, 43800, 0, 1590552461, 178238.56999999922, 74995, 23700, 0, 174000, 24100, 100000, 23800, 2800, 0, 155400, 23550, 400, 23600, 900, '2025-01-16 07:42:02']]
[2025-01-16T07:42:04.197+0000] {python.py:240} INFO - Done. Returned value was: None
[2025-01-16T07:42:04.204+0000] {taskinstance.py:340} INFO - ::group::Post task execution logs
[2025-01-16T07:42:04.205+0000] {taskinstance.py:352} INFO - Marking task as SUCCESS. dag_id=stock_information, task_id=append_to_database, run_id=scheduled__2025-01-16T07:41:00+00:00, execution_date=20250116T074100, start_date=20250116T074203, end_date=20250116T074204
[2025-01-16T07:42:04.244+0000] {local_task_job_runner.py:266} INFO - Task exited with return code 0
[2025-01-16T07:42:04.256+0000] {taskinstance.py:3895} INFO - 0 downstream tasks scheduled from follow-on schedule check
[2025-01-16T07:42:04.260+0000] {local_task_job_runner.py:245} INFO - ::endgroup::
