[2025-01-16T04:24:04.149+0000] {local_task_job_runner.py:123} INFO - ::group::Pre task execution logs
[2025-01-16T04:24:04.161+0000] {taskinstance.py:2613} INFO - Dependencies all met for dep_context=non-requeueable deps ti=<TaskInstance: stock_information.append_to_database scheduled__2025-01-16T04:23:00+00:00 [queued]>
[2025-01-16T04:24:04.168+0000] {taskinstance.py:2613} INFO - Dependencies all met for dep_context=requeueable deps ti=<TaskInstance: stock_information.append_to_database scheduled__2025-01-16T04:23:00+00:00 [queued]>
[2025-01-16T04:24:04.169+0000] {taskinstance.py:2866} INFO - Starting attempt 1 of 1
[2025-01-16T04:24:04.180+0000] {taskinstance.py:2889} INFO - Executing <Task(PythonOperator): append_to_database> on 2025-01-16 04:23:00+00:00
[2025-01-16T04:24:04.186+0000] {standard_task_runner.py:72} INFO - Started process 3377 to run task
[2025-01-16T04:24:04.189+0000] {standard_task_runner.py:104} INFO - Running: ['airflow', 'tasks', 'run', 'stock_information', 'append_to_database', 'scheduled__2025-01-16T04:23:00+00:00', '--job-id', '1637', '--raw', '--subdir', 'DAGS_FOLDER/vnstock_stream.py', '--cfg-path', '/tmp/tmplizd5wrl']
[2025-01-16T04:24:04.192+0000] {standard_task_runner.py:105} INFO - Job 1637: Subtask append_to_database
[2025-01-16T04:24:04.229+0000] {task_command.py:467} INFO - Running <TaskInstance: stock_information.append_to_database scheduled__2025-01-16T04:23:00+00:00 [running]> on host 453ac4defedc
[2025-01-16T04:24:04.309+0000] {taskinstance.py:3132} INFO - Exporting env vars: AIRFLOW_CTX_DAG_OWNER='TuanDz' AIRFLOW_CTX_DAG_ID='stock_information' AIRFLOW_CTX_TASK_ID='append_to_database' AIRFLOW_CTX_EXECUTION_DATE='2025-01-16T04:23:00+00:00' AIRFLOW_CTX_TRY_NUMBER='1' AIRFLOW_CTX_DAG_RUN_ID='scheduled__2025-01-16T04:23:00+00:00'
[2025-01-16T04:24:04.311+0000] {taskinstance.py:731} INFO - ::endgroup::
[2025-01-16T04:24:04.355+0000] {logging_mixin.py:190} INFO - Kết nối thành công!
[2025-01-16T04:24:04.355+0000] {logging_mixin.py:190} INFO - <class 'str'>
[2025-01-16T04:24:04.356+0000] {logging_mixin.py:190} INFO - [['TCB', 25350, 22050, 23700, 'STOCK', 'HSX', '', 7045021622, 'STOCK', 8424683, 'Ngân hàng Thương mại Cổ phần Kỹ thương Việt Nam', 23700, '', '2025-01-16', 23750, 1000, 3243600, 77340, 23843.877173510915, 23950, 23750, 's', 0, 0, 0, 1590552461, 77340.55500000001, 32436, 23700, 23750, 113700, 23700, 209800, 23650, 124500, 23800, 157600, 23850, 205500, 23900, 287300, '2025-01-16 04:24:02']]
[2025-01-16T04:24:04.356+0000] {logging_mixin.py:190} INFO - <class 'list'>
[2025-01-16T04:24:04.357+0000] {logging_mixin.py:190} INFO - [['TCB', 25350, 22050, 23700, 'STOCK', 'HSX', '', 7045021622, 'STOCK', 8424683, 'Ngân hàng Thương mại Cổ phần Kỹ thương Việt Nam', 23700, '', '2025-01-16', 23750, 1000, 3243600, 77340, 23843.877173510915, 23950, 23750, 's', 0, 0, 0, 1590552461, 77340.55500000001, 32436, 23700, 23750, 113700, 23700, 209800, 23650, 124500, 23800, 157600, 23850, 205500, 23900, 287300, '2025-01-16 04:24:02']]
[2025-01-16T04:24:04.362+0000] {python.py:240} INFO - Done. Returned value was: None
[2025-01-16T04:24:04.370+0000] {taskinstance.py:340} INFO - ::group::Post task execution logs
[2025-01-16T04:24:04.371+0000] {taskinstance.py:352} INFO - Marking task as SUCCESS. dag_id=stock_information, task_id=append_to_database, run_id=scheduled__2025-01-16T04:23:00+00:00, execution_date=20250116T042300, start_date=20250116T042404, end_date=20250116T042404
[2025-01-16T04:24:04.404+0000] {local_task_job_runner.py:266} INFO - Task exited with return code 0
[2025-01-16T04:24:04.421+0000] {taskinstance.py:3895} INFO - 0 downstream tasks scheduled from follow-on schedule check
[2025-01-16T04:24:04.425+0000] {local_task_job_runner.py:245} INFO - ::endgroup::
