[2025-01-15T04:13:04.349+0000] {local_task_job_runner.py:123} INFO - ::group::Pre task execution logs
[2025-01-15T04:13:04.362+0000] {taskinstance.py:2613} INFO - Dependencies all met for dep_context=non-requeueable deps ti=<TaskInstance: stock_information.append_to_database scheduled__2025-01-15T04:12:00+00:00 [queued]>
[2025-01-15T04:13:04.370+0000] {taskinstance.py:2613} INFO - Dependencies all met for dep_context=requeueable deps ti=<TaskInstance: stock_information.append_to_database scheduled__2025-01-15T04:12:00+00:00 [queued]>
[2025-01-15T04:13:04.371+0000] {taskinstance.py:2866} INFO - Starting attempt 1 of 1
[2025-01-15T04:13:04.382+0000] {taskinstance.py:2889} INFO - Executing <Task(PythonOperator): append_to_database> on 2025-01-15 04:12:00+00:00
[2025-01-15T04:13:04.388+0000] {standard_task_runner.py:72} INFO - Started process 3097 to run task
[2025-01-15T04:13:04.391+0000] {standard_task_runner.py:104} INFO - Running: ['airflow', 'tasks', 'run', 'stock_information', 'append_to_database', 'scheduled__2025-01-15T04:12:00+00:00', '--job-id', '718', '--raw', '--subdir', 'DAGS_FOLDER/vnstock_stream.py', '--cfg-path', '/tmp/tmprwxg7vlv']
[2025-01-15T04:13:04.394+0000] {standard_task_runner.py:105} INFO - Job 718: Subtask append_to_database
[2025-01-15T04:13:04.432+0000] {task_command.py:467} INFO - Running <TaskInstance: stock_information.append_to_database scheduled__2025-01-15T04:12:00+00:00 [running]> on host 453ac4defedc
[2025-01-15T04:13:04.510+0000] {taskinstance.py:3132} INFO - Exporting env vars: AIRFLOW_CTX_DAG_OWNER='TuanDz' AIRFLOW_CTX_DAG_ID='stock_information' AIRFLOW_CTX_TASK_ID='append_to_database' AIRFLOW_CTX_EXECUTION_DATE='2025-01-15T04:12:00+00:00' AIRFLOW_CTX_TRY_NUMBER='1' AIRFLOW_CTX_DAG_RUN_ID='scheduled__2025-01-15T04:12:00+00:00'
[2025-01-15T04:13:04.513+0000] {taskinstance.py:731} INFO - ::endgroup::
[2025-01-15T04:13:04.547+0000] {logging_mixin.py:190} INFO - Kết nối thành công!
[2025-01-15T04:13:04.548+0000] {logging_mixin.py:190} INFO - <class 'str'>
[2025-01-15T04:13:04.549+0000] {logging_mixin.py:190} INFO - [['TCB', 25250, 21950, 23600, 'STOCK', 'HSX', '', 7045021622, 'STOCK', 8424683, 'Ngân hàng Thương mại Cổ phần Kỹ thương Việt Nam', 23600, '', '2025-01-15', 23800, 4000, 2188300, 51993, 23759.539368459536, 23900, 23650, 's', 0, 0, 0, 1590552461, 51993.015, 21883, 23600, 23750, 154800, 23700, 197400, 23650, 227000, 23800, 2000, 23850, 37200, 23900, 317500, '2025-01-15 04:13:02']]
[2025-01-15T04:13:04.550+0000] {logging_mixin.py:190} INFO - <class 'list'>
[2025-01-15T04:13:04.550+0000] {logging_mixin.py:190} INFO - [['TCB', 25250, 21950, 23600, 'STOCK', 'HSX', '', 7045021622, 'STOCK', 8424683, 'Ngân hàng Thương mại Cổ phần Kỹ thương Việt Nam', 23600, '', '2025-01-15', 23800, 4000, 2188300, 51993, 23759.539368459536, 23900, 23650, 's', 0, 0, 0, 1590552461, 51993.015, 21883, 23600, 23750, 154800, 23700, 197400, 23650, 227000, 23800, 2000, 23850, 37200, 23900, 317500, '2025-01-15 04:13:02']]
[2025-01-15T04:13:04.553+0000] {python.py:240} INFO - Done. Returned value was: None
[2025-01-15T04:13:04.561+0000] {taskinstance.py:340} INFO - ::group::Post task execution logs
[2025-01-15T04:13:04.561+0000] {taskinstance.py:352} INFO - Marking task as SUCCESS. dag_id=stock_information, task_id=append_to_database, run_id=scheduled__2025-01-15T04:12:00+00:00, execution_date=20250115T041200, start_date=20250115T041304, end_date=20250115T041304
[2025-01-15T04:13:04.606+0000] {local_task_job_runner.py:266} INFO - Task exited with return code 0
[2025-01-15T04:13:04.621+0000] {taskinstance.py:3895} INFO - 0 downstream tasks scheduled from follow-on schedule check
[2025-01-15T04:13:04.625+0000] {local_task_job_runner.py:245} INFO - ::endgroup::
