[2025-01-17T02:49:03.555+0000] {local_task_job_runner.py:123} INFO - ::group::Pre task execution logs
[2025-01-17T02:49:03.568+0000] {taskinstance.py:2613} INFO - Dependencies all met for dep_context=non-requeueable deps ti=<TaskInstance: stock_information.append_to_database scheduled__2025-01-17T02:48:00+00:00 [queued]>
[2025-01-17T02:49:03.575+0000] {taskinstance.py:2613} INFO - Dependencies all met for dep_context=requeueable deps ti=<TaskInstance: stock_information.append_to_database scheduled__2025-01-17T02:48:00+00:00 [queued]>
[2025-01-17T02:49:03.576+0000] {taskinstance.py:2866} INFO - Starting attempt 1 of 1
[2025-01-17T02:49:03.589+0000] {taskinstance.py:2889} INFO - Executing <Task(PythonOperator): append_to_database> on 2025-01-17 02:48:00+00:00
[2025-01-17T02:49:03.594+0000] {standard_task_runner.py:72} INFO - Started process 2097 to run task
[2025-01-17T02:49:03.597+0000] {standard_task_runner.py:104} INFO - Running: ['airflow', 'tasks', 'run', 'stock_information', 'append_to_database', 'scheduled__2025-01-17T02:48:00+00:00', '--job-id', '2350', '--raw', '--subdir', 'DAGS_FOLDER/vnstock_stream.py', '--cfg-path', '/tmp/tmpdt_qase_']
[2025-01-17T02:49:03.599+0000] {standard_task_runner.py:105} INFO - Job 2350: Subtask append_to_database
[2025-01-17T02:49:03.635+0000] {task_command.py:467} INFO - Running <TaskInstance: stock_information.append_to_database scheduled__2025-01-17T02:48:00+00:00 [running]> on host 453ac4defedc
[2025-01-17T02:49:03.712+0000] {taskinstance.py:3132} INFO - Exporting env vars: AIRFLOW_CTX_DAG_OWNER='TuanDz' AIRFLOW_CTX_DAG_ID='stock_information' AIRFLOW_CTX_TASK_ID='append_to_database' AIRFLOW_CTX_EXECUTION_DATE='2025-01-17T02:48:00+00:00' AIRFLOW_CTX_TRY_NUMBER='1' AIRFLOW_CTX_DAG_RUN_ID='scheduled__2025-01-17T02:48:00+00:00'
[2025-01-17T02:49:03.714+0000] {taskinstance.py:731} INFO - ::endgroup::
[2025-01-17T02:49:03.776+0000] {logging_mixin.py:190} INFO - Kết nối thành công!
[2025-01-17T02:49:03.777+0000] {logging_mixin.py:190} INFO - <class 'str'>
[2025-01-17T02:49:03.777+0000] {logging_mixin.py:190} INFO - [['TCB', 25500, 22200, 23850, 'STOCK', 'HSX', '', 7045021622, 'STOCK', 8424683, 'Ngân hàng Thương mại Cổ phần Kỹ thương Việt Nam', 23850, '', '2025-01-17', 23800, 100, 200200, 4766, 23806.193806193805, 23900, 23750, 's', 5300, 18000, 0, 1590552461, 4766.725000000007, 2002, 23850, 23800, 162700, 23750, 67000, 23700, 56800, 23850, 73000, 23900, 108900, 23950, 312200, '2025-01-17 02:49:02']]
[2025-01-17T02:49:03.778+0000] {logging_mixin.py:190} INFO - <class 'list'>
[2025-01-17T02:49:03.779+0000] {logging_mixin.py:190} INFO - [['TCB', 25500, 22200, 23850, 'STOCK', 'HSX', '', 7045021622, 'STOCK', 8424683, 'Ngân hàng Thương mại Cổ phần Kỹ thương Việt Nam', 23850, '', '2025-01-17', 23800, 100, 200200, 4766, 23806.193806193805, 23900, 23750, 's', 5300, 18000, 0, 1590552461, 4766.725000000007, 2002, 23850, 23800, 162700, 23750, 67000, 23700, 56800, 23850, 73000, 23900, 108900, 23950, 312200, '2025-01-17 02:49:02']]
[2025-01-17T02:49:03.786+0000] {python.py:240} INFO - Done. Returned value was: None
[2025-01-17T02:49:03.793+0000] {taskinstance.py:340} INFO - ::group::Post task execution logs
[2025-01-17T02:49:03.794+0000] {taskinstance.py:352} INFO - Marking task as SUCCESS. dag_id=stock_information, task_id=append_to_database, run_id=scheduled__2025-01-17T02:48:00+00:00, execution_date=20250117T024800, start_date=20250117T024903, end_date=20250117T024903
[2025-01-17T02:49:03.811+0000] {local_task_job_runner.py:266} INFO - Task exited with return code 0
[2025-01-17T02:49:03.824+0000] {taskinstance.py:3895} INFO - 0 downstream tasks scheduled from follow-on schedule check
[2025-01-17T02:49:03.829+0000] {local_task_job_runner.py:245} INFO - ::endgroup::
