[2025-01-17T03:00:05.302+0000] {local_task_job_runner.py:123} INFO - ::group::Pre task execution logs
[2025-01-17T03:00:05.317+0000] {taskinstance.py:2613} INFO - Dependencies all met for dep_context=non-requeueable deps ti=<TaskInstance: stock_information.append_to_database scheduled__2025-01-17T02:59:00+00:00 [queued]>
[2025-01-17T03:00:05.326+0000] {taskinstance.py:2613} INFO - Dependencies all met for dep_context=requeueable deps ti=<TaskInstance: stock_information.append_to_database scheduled__2025-01-17T02:59:00+00:00 [queued]>
[2025-01-17T03:00:05.328+0000] {taskinstance.py:2866} INFO - Starting attempt 1 of 1
[2025-01-17T03:00:05.343+0000] {taskinstance.py:2889} INFO - Executing <Task(PythonOperator): append_to_database> on 2025-01-17 02:59:00+00:00
[2025-01-17T03:00:05.352+0000] {standard_task_runner.py:72} INFO - Started process 2416 to run task
[2025-01-17T03:00:05.355+0000] {standard_task_runner.py:104} INFO - Running: ['airflow', 'tasks', 'run', 'stock_information', 'append_to_database', 'scheduled__2025-01-17T02:59:00+00:00', '--job-id', '2372', '--raw', '--subdir', 'DAGS_FOLDER/vnstock_stream.py', '--cfg-path', '/tmp/tmpwanjkftx']
[2025-01-17T03:00:05.360+0000] {standard_task_runner.py:105} INFO - Job 2372: Subtask append_to_database
[2025-01-17T03:00:05.409+0000] {task_command.py:467} INFO - Running <TaskInstance: stock_information.append_to_database scheduled__2025-01-17T02:59:00+00:00 [running]> on host 453ac4defedc
[2025-01-17T03:00:05.489+0000] {taskinstance.py:3132} INFO - Exporting env vars: AIRFLOW_CTX_DAG_OWNER='TuanDz' AIRFLOW_CTX_DAG_ID='stock_information' AIRFLOW_CTX_TASK_ID='append_to_database' AIRFLOW_CTX_EXECUTION_DATE='2025-01-17T02:59:00+00:00' AIRFLOW_CTX_TRY_NUMBER='1' AIRFLOW_CTX_DAG_RUN_ID='scheduled__2025-01-17T02:59:00+00:00'
[2025-01-17T03:00:05.491+0000] {taskinstance.py:731} INFO - ::endgroup::
[2025-01-17T03:00:05.551+0000] {logging_mixin.py:190} INFO - Kết nối thành công!
[2025-01-17T03:00:05.552+0000] {logging_mixin.py:190} INFO - <class 'str'>
[2025-01-17T03:00:05.552+0000] {logging_mixin.py:190} INFO - [['TCB', 25500, 22200, 23850, 'STOCK', 'HSX', '', 7045021622, 'STOCK', 8424683, 'Ngân hàng Thương mại Cổ phần Kỹ thương Việt Nam', 23850, '', '2025-01-17', 23900, 1000, 347300, 8273, 23820.904117477687, 23900, 23750, 'b', 5300, 27900, 0, 1590552461, 8273.185000000014, 3473, 23850, 23800, 165500, 23750, 69100, 23700, 54600, 23900, 172900, 23950, 308400, 24000, 936300, '2025-01-17 03:00:03']]
[2025-01-17T03:00:05.553+0000] {logging_mixin.py:190} INFO - <class 'list'>
[2025-01-17T03:00:05.554+0000] {logging_mixin.py:190} INFO - [['TCB', 25500, 22200, 23850, 'STOCK', 'HSX', '', 7045021622, 'STOCK', 8424683, 'Ngân hàng Thương mại Cổ phần Kỹ thương Việt Nam', 23850, '', '2025-01-17', 23900, 1000, 347300, 8273, 23820.904117477687, 23900, 23750, 'b', 5300, 27900, 0, 1590552461, 8273.185000000014, 3473, 23850, 23800, 165500, 23750, 69100, 23700, 54600, 23900, 172900, 23950, 308400, 24000, 936300, '2025-01-17 03:00:03']]
[2025-01-17T03:00:05.561+0000] {python.py:240} INFO - Done. Returned value was: None
[2025-01-17T03:00:05.567+0000] {taskinstance.py:340} INFO - ::group::Post task execution logs
[2025-01-17T03:00:05.568+0000] {taskinstance.py:352} INFO - Marking task as SUCCESS. dag_id=stock_information, task_id=append_to_database, run_id=scheduled__2025-01-17T02:59:00+00:00, execution_date=20250117T025900, start_date=20250117T030005, end_date=20250117T030005
[2025-01-17T03:00:05.614+0000] {local_task_job_runner.py:266} INFO - Task exited with return code 0
[2025-01-17T03:00:05.632+0000] {taskinstance.py:3895} INFO - 0 downstream tasks scheduled from follow-on schedule check
[2025-01-17T03:00:05.636+0000] {local_task_job_runner.py:245} INFO - ::endgroup::
