[2025-01-15T03:13:03.829+0000] {local_task_job_runner.py:123} INFO - ::group::Pre task execution logs
[2025-01-15T03:13:03.842+0000] {taskinstance.py:2613} INFO - Dependencies all met for dep_context=non-requeueable deps ti=<TaskInstance: stock_information.append_to_database scheduled__2025-01-15T03:12:00+00:00 [queued]>
[2025-01-15T03:13:03.850+0000] {taskinstance.py:2613} INFO - Dependencies all met for dep_context=requeueable deps ti=<TaskInstance: stock_information.append_to_database scheduled__2025-01-15T03:12:00+00:00 [queued]>
[2025-01-15T03:13:03.852+0000] {taskinstance.py:2866} INFO - Starting attempt 1 of 1
[2025-01-15T03:13:03.865+0000] {taskinstance.py:2889} INFO - Executing <Task(PythonOperator): append_to_database> on 2025-01-15 03:12:00+00:00
[2025-01-15T03:13:03.871+0000] {standard_task_runner.py:72} INFO - Started process 1343 to run task
[2025-01-15T03:13:03.873+0000] {standard_task_runner.py:104} INFO - Running: ['airflow', 'tasks', 'run', 'stock_information', 'append_to_database', 'scheduled__2025-01-15T03:12:00+00:00', '--job-id', '598', '--raw', '--subdir', 'DAGS_FOLDER/vnstock_stream.py', '--cfg-path', '/tmp/tmp9vt6_71c']
[2025-01-15T03:13:03.877+0000] {standard_task_runner.py:105} INFO - Job 598: Subtask append_to_database
[2025-01-15T03:13:03.916+0000] {task_command.py:467} INFO - Running <TaskInstance: stock_information.append_to_database scheduled__2025-01-15T03:12:00+00:00 [running]> on host 453ac4defedc
[2025-01-15T03:13:03.995+0000] {taskinstance.py:3132} INFO - Exporting env vars: AIRFLOW_CTX_DAG_OWNER='TuanDz' AIRFLOW_CTX_DAG_ID='stock_information' AIRFLOW_CTX_TASK_ID='append_to_database' AIRFLOW_CTX_EXECUTION_DATE='2025-01-15T03:12:00+00:00' AIRFLOW_CTX_TRY_NUMBER='1' AIRFLOW_CTX_DAG_RUN_ID='scheduled__2025-01-15T03:12:00+00:00'
[2025-01-15T03:13:03.997+0000] {taskinstance.py:731} INFO - ::endgroup::
[2025-01-15T03:13:04.031+0000] {logging_mixin.py:190} INFO - Kết nối thành công!
[2025-01-15T03:13:04.032+0000] {logging_mixin.py:190} INFO - <class 'str'>
[2025-01-15T03:13:04.033+0000] {logging_mixin.py:190} INFO - [['TCB', 25250, 21950, 23600, 'STOCK', 'HSX', '', 7045021622, 'STOCK', 8424683, 'Ngân hàng Thương mại Cổ phần Kỹ thương Việt Nam', 23600, '', '2025-01-15', 23700, 3100, 757300, 17974, 23734.319292222368, 23800, 23650, 's', 0, 0, 0, 1590552461, 17974.225000000006, 7573, 23600, 23700, 152200, 23650, 134200, 23600, 230600, 23750, 3600, 23800, 173600, 23850, 151800, '2025-01-15 03:13:02']]
[2025-01-15T03:13:04.034+0000] {logging_mixin.py:190} INFO - <class 'list'>
[2025-01-15T03:13:04.035+0000] {logging_mixin.py:190} INFO - [['TCB', 25250, 21950, 23600, 'STOCK', 'HSX', '', 7045021622, 'STOCK', 8424683, 'Ngân hàng Thương mại Cổ phần Kỹ thương Việt Nam', 23600, '', '2025-01-15', 23700, 3100, 757300, 17974, 23734.319292222368, 23800, 23650, 's', 0, 0, 0, 1590552461, 17974.225000000006, 7573, 23600, 23700, 152200, 23650, 134200, 23600, 230600, 23750, 3600, 23800, 173600, 23850, 151800, '2025-01-15 03:13:02']]
[2025-01-15T03:13:04.037+0000] {python.py:240} INFO - Done. Returned value was: None
[2025-01-15T03:13:04.044+0000] {taskinstance.py:340} INFO - ::group::Post task execution logs
[2025-01-15T03:13:04.045+0000] {taskinstance.py:352} INFO - Marking task as SUCCESS. dag_id=stock_information, task_id=append_to_database, run_id=scheduled__2025-01-15T03:12:00+00:00, execution_date=20250115T031200, start_date=20250115T031303, end_date=20250115T031304
[2025-01-15T03:13:04.090+0000] {local_task_job_runner.py:266} INFO - Task exited with return code 0
[2025-01-15T03:13:04.109+0000] {taskinstance.py:3895} INFO - 0 downstream tasks scheduled from follow-on schedule check
[2025-01-15T03:13:04.113+0000] {local_task_job_runner.py:245} INFO - ::endgroup::
