[2025-01-16T05:25:04.172+0000] {local_task_job_runner.py:123} INFO - ::group::Pre task execution logs
[2025-01-16T05:25:04.186+0000] {taskinstance.py:2613} INFO - Dependencies all met for dep_context=non-requeueable deps ti=<TaskInstance: stock_information.append_to_database scheduled__2025-01-16T05:24:00+00:00 [queued]>
[2025-01-16T05:25:04.193+0000] {taskinstance.py:2613} INFO - Dependencies all met for dep_context=requeueable deps ti=<TaskInstance: stock_information.append_to_database scheduled__2025-01-16T05:24:00+00:00 [queued]>
[2025-01-16T05:25:04.195+0000] {taskinstance.py:2866} INFO - Starting attempt 1 of 1
[2025-01-16T05:25:04.206+0000] {taskinstance.py:2889} INFO - Executing <Task(PythonOperator): append_to_database> on 2025-01-16 05:24:00+00:00
[2025-01-16T05:25:04.211+0000] {standard_task_runner.py:72} INFO - Started process 5161 to run task
[2025-01-16T05:25:04.213+0000] {standard_task_runner.py:104} INFO - Running: ['airflow', 'tasks', 'run', 'stock_information', 'append_to_database', 'scheduled__2025-01-16T05:24:00+00:00', '--job-id', '1759', '--raw', '--subdir', 'DAGS_FOLDER/vnstock_stream.py', '--cfg-path', '/tmp/tmp3fsj05xj']
[2025-01-16T05:25:04.216+0000] {standard_task_runner.py:105} INFO - Job 1759: Subtask append_to_database
[2025-01-16T05:25:04.255+0000] {task_command.py:467} INFO - Running <TaskInstance: stock_information.append_to_database scheduled__2025-01-16T05:24:00+00:00 [running]> on host 453ac4defedc
[2025-01-16T05:25:04.337+0000] {taskinstance.py:3132} INFO - Exporting env vars: AIRFLOW_CTX_DAG_OWNER='TuanDz' AIRFLOW_CTX_DAG_ID='stock_information' AIRFLOW_CTX_TASK_ID='append_to_database' AIRFLOW_CTX_EXECUTION_DATE='2025-01-16T05:24:00+00:00' AIRFLOW_CTX_TRY_NUMBER='1' AIRFLOW_CTX_DAG_RUN_ID='scheduled__2025-01-16T05:24:00+00:00'
[2025-01-16T05:25:04.339+0000] {taskinstance.py:731} INFO - ::endgroup::
[2025-01-16T05:25:04.401+0000] {logging_mixin.py:190} INFO - Kết nối thành công!
[2025-01-16T05:25:04.403+0000] {logging_mixin.py:190} INFO - <class 'str'>
[2025-01-16T05:25:04.404+0000] {logging_mixin.py:190} INFO - [['TCB', 25350, 22050, 23700, 'STOCK', 'HSX', '', 7045021622, 'STOCK', 8424683, 'Ngân hàng Thương mại Cổ phần Kỹ thương Việt Nam', 23700, '', '2025-01-16', 23700, 1000, 3396300, 80966, 23839.472366987604, 23950, 23700, 's', 0, 0, 0, 1590552461, 80966.20000000001, 33963, 23700, 23700, 210100, 23650, 142700, 23600, 101500, 23750, 8400, 23800, 155300, 23850, 205500, '2025-01-16 05:25:02']]
[2025-01-16T05:25:04.405+0000] {logging_mixin.py:190} INFO - <class 'list'>
[2025-01-16T05:25:04.405+0000] {logging_mixin.py:190} INFO - [['TCB', 25350, 22050, 23700, 'STOCK', 'HSX', '', 7045021622, 'STOCK', 8424683, 'Ngân hàng Thương mại Cổ phần Kỹ thương Việt Nam', 23700, '', '2025-01-16', 23700, 1000, 3396300, 80966, 23839.472366987604, 23950, 23700, 's', 0, 0, 0, 1590552461, 80966.20000000001, 33963, 23700, 23700, 210100, 23650, 142700, 23600, 101500, 23750, 8400, 23800, 155300, 23850, 205500, '2025-01-16 05:25:02']]
[2025-01-16T05:25:04.413+0000] {python.py:240} INFO - Done. Returned value was: None
[2025-01-16T05:25:04.421+0000] {taskinstance.py:340} INFO - ::group::Post task execution logs
[2025-01-16T05:25:04.422+0000] {taskinstance.py:352} INFO - Marking task as SUCCESS. dag_id=stock_information, task_id=append_to_database, run_id=scheduled__2025-01-16T05:24:00+00:00, execution_date=20250116T052400, start_date=20250116T052504, end_date=20250116T052504
[2025-01-16T05:25:04.469+0000] {local_task_job_runner.py:266} INFO - Task exited with return code 0
[2025-01-16T05:25:04.482+0000] {taskinstance.py:3895} INFO - 0 downstream tasks scheduled from follow-on schedule check
[2025-01-16T05:25:04.485+0000] {local_task_job_runner.py:245} INFO - ::endgroup::
