[2025-01-15T03:07:04.318+0000] {local_task_job_runner.py:123} INFO - ::group::Pre task execution logs
[2025-01-15T03:07:04.332+0000] {taskinstance.py:2613} INFO - Dependencies all met for dep_context=non-requeueable deps ti=<TaskInstance: stock_information.append_to_database scheduled__2025-01-15T03:06:00+00:00 [queued]>
[2025-01-15T03:07:04.342+0000] {taskinstance.py:2613} INFO - Dependencies all met for dep_context=requeueable deps ti=<TaskInstance: stock_information.append_to_database scheduled__2025-01-15T03:06:00+00:00 [queued]>
[2025-01-15T03:07:04.345+0000] {taskinstance.py:2866} INFO - Starting attempt 1 of 1
[2025-01-15T03:07:04.362+0000] {taskinstance.py:2889} INFO - Executing <Task(PythonOperator): append_to_database> on 2025-01-15 03:06:00+00:00
[2025-01-15T03:07:04.369+0000] {standard_task_runner.py:72} INFO - Started process 1169 to run task
[2025-01-15T03:07:04.372+0000] {standard_task_runner.py:104} INFO - Running: ['airflow', 'tasks', 'run', 'stock_information', 'append_to_database', 'scheduled__2025-01-15T03:06:00+00:00', '--job-id', '586', '--raw', '--subdir', 'DAGS_FOLDER/vnstock_stream.py', '--cfg-path', '/tmp/tmp26ij1lp2']
[2025-01-15T03:07:04.377+0000] {standard_task_runner.py:105} INFO - Job 586: Subtask append_to_database
[2025-01-15T03:07:04.419+0000] {task_command.py:467} INFO - Running <TaskInstance: stock_information.append_to_database scheduled__2025-01-15T03:06:00+00:00 [running]> on host 453ac4defedc
[2025-01-15T03:07:04.498+0000] {taskinstance.py:3132} INFO - Exporting env vars: AIRFLOW_CTX_DAG_OWNER='TuanDz' AIRFLOW_CTX_DAG_ID='stock_information' AIRFLOW_CTX_TASK_ID='append_to_database' AIRFLOW_CTX_EXECUTION_DATE='2025-01-15T03:06:00+00:00' AIRFLOW_CTX_TRY_NUMBER='1' AIRFLOW_CTX_DAG_RUN_ID='scheduled__2025-01-15T03:06:00+00:00'
[2025-01-15T03:07:04.500+0000] {taskinstance.py:731} INFO - ::endgroup::
[2025-01-15T03:07:04.536+0000] {logging_mixin.py:190} INFO - Kết nối thành công!
[2025-01-15T03:07:04.537+0000] {logging_mixin.py:190} INFO - <class 'str'>
[2025-01-15T03:07:04.537+0000] {logging_mixin.py:190} INFO - [['TCB', 25250, 21950, 23600, 'STOCK', 'HSX', '', 7045021622, 'STOCK', 8424683, 'Ngân hàng Thương mại Cổ phần Kỹ thương Việt Nam', 23600, '', '2025-01-15', 23750, 1200, 656900, 15591, 23734.206119652914, 23800, 23650, 'b', 0, 0, 0, 1590552461, 15591.400000000005, 6569, 23600, 23700, 174900, 23650, 133600, 23600, 198500, 23750, 49800, 23800, 168900, 23850, 146200, '2025-01-15 03:07:02']]
[2025-01-15T03:07:04.538+0000] {logging_mixin.py:190} INFO - <class 'list'>
[2025-01-15T03:07:04.539+0000] {logging_mixin.py:190} INFO - [['TCB', 25250, 21950, 23600, 'STOCK', 'HSX', '', 7045021622, 'STOCK', 8424683, 'Ngân hàng Thương mại Cổ phần Kỹ thương Việt Nam', 23600, '', '2025-01-15', 23750, 1200, 656900, 15591, 23734.206119652914, 23800, 23650, 'b', 0, 0, 0, 1590552461, 15591.400000000005, 6569, 23600, 23700, 174900, 23650, 133600, 23600, 198500, 23750, 49800, 23800, 168900, 23850, 146200, '2025-01-15 03:07:02']]
[2025-01-15T03:07:04.541+0000] {python.py:240} INFO - Done. Returned value was: None
[2025-01-15T03:07:04.548+0000] {taskinstance.py:340} INFO - ::group::Post task execution logs
[2025-01-15T03:07:04.549+0000] {taskinstance.py:352} INFO - Marking task as SUCCESS. dag_id=stock_information, task_id=append_to_database, run_id=scheduled__2025-01-15T03:06:00+00:00, execution_date=20250115T030600, start_date=20250115T030704, end_date=20250115T030704
[2025-01-15T03:07:04.590+0000] {local_task_job_runner.py:266} INFO - Task exited with return code 0
[2025-01-15T03:07:04.605+0000] {taskinstance.py:3895} INFO - 0 downstream tasks scheduled from follow-on schedule check
[2025-01-15T03:07:04.609+0000] {local_task_job_runner.py:245} INFO - ::endgroup::
