[2025-01-13T16:11:07.369+0000] {local_task_job_runner.py:123} INFO - ::group::Pre task execution logs
[2025-01-13T16:11:07.383+0000] {taskinstance.py:2613} INFO - Dependencies all met for dep_context=non-requeueable deps ti=<TaskInstance: stock_information.append_to_database scheduled__2025-01-13T16:10:00+00:00 [queued]>
[2025-01-13T16:11:07.391+0000] {taskinstance.py:2613} INFO - Dependencies all met for dep_context=requeueable deps ti=<TaskInstance: stock_information.append_to_database scheduled__2025-01-13T16:10:00+00:00 [queued]>
[2025-01-13T16:11:07.392+0000] {taskinstance.py:2866} INFO - Starting attempt 1 of 1
[2025-01-13T16:11:07.405+0000] {taskinstance.py:2889} INFO - Executing <Task(PythonOperator): append_to_database> on 2025-01-13 16:10:00+00:00
[2025-01-13T16:11:07.412+0000] {standard_task_runner.py:72} INFO - Started process 2623 to run task
[2025-01-13T16:11:07.415+0000] {standard_task_runner.py:104} INFO - Running: ['airflow', 'tasks', 'run', 'stock_information', 'append_to_database', 'scheduled__2025-01-13T16:10:00+00:00', '--job-id', '409', '--raw', '--subdir', 'DAGS_FOLDER/vnstock_stream.py', '--cfg-path', '/tmp/tmp_0l2mslq']
[2025-01-13T16:11:07.418+0000] {standard_task_runner.py:105} INFO - Job 409: Subtask append_to_database
[2025-01-13T16:11:07.465+0000] {task_command.py:467} INFO - Running <TaskInstance: stock_information.append_to_database scheduled__2025-01-13T16:10:00+00:00 [running]> on host 453ac4defedc
[2025-01-13T16:11:07.555+0000] {taskinstance.py:3132} INFO - Exporting env vars: AIRFLOW_CTX_DAG_OWNER='TuanDz' AIRFLOW_CTX_DAG_ID='stock_information' AIRFLOW_CTX_TASK_ID='append_to_database' AIRFLOW_CTX_EXECUTION_DATE='2025-01-13T16:10:00+00:00' AIRFLOW_CTX_TRY_NUMBER='1' AIRFLOW_CTX_DAG_RUN_ID='scheduled__2025-01-13T16:10:00+00:00'
[2025-01-13T16:11:07.557+0000] {taskinstance.py:731} INFO - ::endgroup::
[2025-01-13T16:11:07.603+0000] {logging_mixin.py:190} INFO - Kết nối thành công!
[2025-01-13T16:11:07.604+0000] {logging_mixin.py:190} INFO - <class 'str'>
[2025-01-13T16:11:07.604+0000] {logging_mixin.py:190} INFO - None
[2025-01-13T16:11:07.605+0000] {logging_mixin.py:190} INFO - Có lỗi khi thực hiện append_database: The second parameter to executemany must be a sequence, iterator, or generator.
[2025-01-13T16:11:07.606+0000] {python.py:240} INFO - Done. Returned value was: None
[2025-01-13T16:11:07.616+0000] {taskinstance.py:340} INFO - ::group::Post task execution logs
[2025-01-13T16:11:07.617+0000] {taskinstance.py:352} INFO - Marking task as SUCCESS. dag_id=stock_information, task_id=append_to_database, run_id=scheduled__2025-01-13T16:10:00+00:00, execution_date=20250113T161000, start_date=20250113T161107, end_date=20250113T161107
[2025-01-13T16:11:07.670+0000] {local_task_job_runner.py:266} INFO - Task exited with return code 0
[2025-01-13T16:11:07.688+0000] {taskinstance.py:3895} INFO - 0 downstream tasks scheduled from follow-on schedule check
[2025-01-13T16:11:07.694+0000] {local_task_job_runner.py:245} INFO - ::endgroup::
