[2025-01-16T07:32:04.166+0000] {local_task_job_runner.py:123} INFO - ::group::Pre task execution logs
[2025-01-16T07:32:04.178+0000] {taskinstance.py:2613} INFO - Dependencies all met for dep_context=non-requeueable deps ti=<TaskInstance: stock_information.append_to_database scheduled__2025-01-16T07:31:00+00:00 [queued]>
[2025-01-16T07:32:04.186+0000] {taskinstance.py:2613} INFO - Dependencies all met for dep_context=requeueable deps ti=<TaskInstance: stock_information.append_to_database scheduled__2025-01-16T07:31:00+00:00 [queued]>
[2025-01-16T07:32:04.187+0000] {taskinstance.py:2866} INFO - Starting attempt 1 of 1
[2025-01-16T07:32:04.199+0000] {taskinstance.py:2889} INFO - Executing <Task(PythonOperator): append_to_database> on 2025-01-16 07:31:00+00:00
[2025-01-16T07:32:04.204+0000] {standard_task_runner.py:72} INFO - Started process 8884 to run task
[2025-01-16T07:32:04.206+0000] {standard_task_runner.py:104} INFO - Running: ['airflow', 'tasks', 'run', 'stock_information', 'append_to_database', 'scheduled__2025-01-16T07:31:00+00:00', '--job-id', '2013', '--raw', '--subdir', 'DAGS_FOLDER/vnstock_stream.py', '--cfg-path', '/tmp/tmploluwj72']
[2025-01-16T07:32:04.208+0000] {standard_task_runner.py:105} INFO - Job 2013: Subtask append_to_database
[2025-01-16T07:32:04.246+0000] {task_command.py:467} INFO - Running <TaskInstance: stock_information.append_to_database scheduled__2025-01-16T07:31:00+00:00 [running]> on host 453ac4defedc
[2025-01-16T07:32:04.326+0000] {taskinstance.py:3132} INFO - Exporting env vars: AIRFLOW_CTX_DAG_OWNER='TuanDz' AIRFLOW_CTX_DAG_ID='stock_information' AIRFLOW_CTX_TASK_ID='append_to_database' AIRFLOW_CTX_EXECUTION_DATE='2025-01-16T07:31:00+00:00' AIRFLOW_CTX_TRY_NUMBER='1' AIRFLOW_CTX_DAG_RUN_ID='scheduled__2025-01-16T07:31:00+00:00'
[2025-01-16T07:32:04.328+0000] {taskinstance.py:731} INFO - ::endgroup::
[2025-01-16T07:32:04.399+0000] {logging_mixin.py:190} INFO - Kết nối thành công!
[2025-01-16T07:32:04.400+0000] {logging_mixin.py:190} INFO - <class 'str'>
[2025-01-16T07:32:04.401+0000] {logging_mixin.py:190} INFO - [['TCB', 25350, 22050, 23700, 'STOCK', 'HSX', '', 7045021622, 'STOCK', 8424683, 'Ngân hàng Thương mại Cổ phần Kỹ thương Việt Nam', 23700, '', '2025-01-16', 23550, 0, 7499500, 178238, 23766.651110074006, 23950, 23600, 's', 0, 43800, 0, 1590552461, 178238.56999999922, 74995, 23700, 0, 4200, 23650, 300, 23600, 90900, 0, 135200, 23600, 300, 23650, 100, '2025-01-16 07:32:02']]
[2025-01-16T07:32:04.401+0000] {logging_mixin.py:190} INFO - <class 'list'>
[2025-01-16T07:32:04.402+0000] {logging_mixin.py:190} INFO - [['TCB', 25350, 22050, 23700, 'STOCK', 'HSX', '', 7045021622, 'STOCK', 8424683, 'Ngân hàng Thương mại Cổ phần Kỹ thương Việt Nam', 23700, '', '2025-01-16', 23550, 0, 7499500, 178238, 23766.651110074006, 23950, 23600, 's', 0, 43800, 0, 1590552461, 178238.56999999922, 74995, 23700, 0, 4200, 23650, 300, 23600, 90900, 0, 135200, 23600, 300, 23650, 100, '2025-01-16 07:32:02']]
[2025-01-16T07:32:04.407+0000] {python.py:240} INFO - Done. Returned value was: None
[2025-01-16T07:32:04.414+0000] {taskinstance.py:340} INFO - ::group::Post task execution logs
[2025-01-16T07:32:04.414+0000] {taskinstance.py:352} INFO - Marking task as SUCCESS. dag_id=stock_information, task_id=append_to_database, run_id=scheduled__2025-01-16T07:31:00+00:00, execution_date=20250116T073100, start_date=20250116T073204, end_date=20250116T073204
[2025-01-16T07:32:04.461+0000] {local_task_job_runner.py:266} INFO - Task exited with return code 0
[2025-01-16T07:32:04.481+0000] {taskinstance.py:3895} INFO - 0 downstream tasks scheduled from follow-on schedule check
[2025-01-16T07:32:04.487+0000] {local_task_job_runner.py:245} INFO - ::endgroup::
