[2025-01-16T03:49:04.389+0000] {local_task_job_runner.py:123} INFO - ::group::Pre task execution logs
[2025-01-16T03:49:04.403+0000] {taskinstance.py:2613} INFO - Dependencies all met for dep_context=non-requeueable deps ti=<TaskInstance: stock_information.append_to_database scheduled__2025-01-16T03:48:00+00:00 [queued]>
[2025-01-16T03:49:04.410+0000] {taskinstance.py:2613} INFO - Dependencies all met for dep_context=requeueable deps ti=<TaskInstance: stock_information.append_to_database scheduled__2025-01-16T03:48:00+00:00 [queued]>
[2025-01-16T03:49:04.412+0000] {taskinstance.py:2866} INFO - Starting attempt 1 of 1
[2025-01-16T03:49:04.425+0000] {taskinstance.py:2889} INFO - Executing <Task(PythonOperator): append_to_database> on 2025-01-16 03:48:00+00:00
[2025-01-16T03:49:04.432+0000] {standard_task_runner.py:72} INFO - Started process 2350 to run task
[2025-01-16T03:49:04.434+0000] {standard_task_runner.py:104} INFO - Running: ['airflow', 'tasks', 'run', 'stock_information', 'append_to_database', 'scheduled__2025-01-16T03:48:00+00:00', '--job-id', '1567', '--raw', '--subdir', 'DAGS_FOLDER/vnstock_stream.py', '--cfg-path', '/tmp/tmpwscitb75']
[2025-01-16T03:49:04.437+0000] {standard_task_runner.py:105} INFO - Job 1567: Subtask append_to_database
[2025-01-16T03:49:04.474+0000] {task_command.py:467} INFO - Running <TaskInstance: stock_information.append_to_database scheduled__2025-01-16T03:48:00+00:00 [running]> on host 453ac4defedc
[2025-01-16T03:49:04.554+0000] {taskinstance.py:3132} INFO - Exporting env vars: AIRFLOW_CTX_DAG_OWNER='TuanDz' AIRFLOW_CTX_DAG_ID='stock_information' AIRFLOW_CTX_TASK_ID='append_to_database' AIRFLOW_CTX_EXECUTION_DATE='2025-01-16T03:48:00+00:00' AIRFLOW_CTX_TRY_NUMBER='1' AIRFLOW_CTX_DAG_RUN_ID='scheduled__2025-01-16T03:48:00+00:00'
[2025-01-16T03:49:04.556+0000] {taskinstance.py:731} INFO - ::endgroup::
[2025-01-16T03:49:04.602+0000] {logging_mixin.py:190} INFO - Kết nối thành công!
[2025-01-16T03:49:04.603+0000] {logging_mixin.py:190} INFO - <class 'str'>
[2025-01-16T03:49:04.603+0000] {logging_mixin.py:190} INFO - [['TCB', 25350, 22050, 23700, 'STOCK', 'HSX', '', 7045021622, 'STOCK', 8424683, 'Ngân hàng Thương mại Cổ phần Kỹ thương Việt Nam', 23700, '', '2025-01-16', 23750, 100, 3007600, 71732, 23850.24604335683, 23950, 23750, 's', 0, 0, 0, 1590552461, 71732.57999999997, 30076, 23700, 23750, 249000, 23700, 247700, 23650, 22800, 23800, 26400, 23850, 195400, 23900, 269400, '2025-01-16 03:49:02']]
[2025-01-16T03:49:04.604+0000] {logging_mixin.py:190} INFO - <class 'list'>
[2025-01-16T03:49:04.604+0000] {logging_mixin.py:190} INFO - [['TCB', 25350, 22050, 23700, 'STOCK', 'HSX', '', 7045021622, 'STOCK', 8424683, 'Ngân hàng Thương mại Cổ phần Kỹ thương Việt Nam', 23700, '', '2025-01-16', 23750, 100, 3007600, 71732, 23850.24604335683, 23950, 23750, 's', 0, 0, 0, 1590552461, 71732.57999999997, 30076, 23700, 23750, 249000, 23700, 247700, 23650, 22800, 23800, 26400, 23850, 195400, 23900, 269400, '2025-01-16 03:49:02']]
[2025-01-16T03:49:04.609+0000] {python.py:240} INFO - Done. Returned value was: None
[2025-01-16T03:49:04.616+0000] {taskinstance.py:340} INFO - ::group::Post task execution logs
[2025-01-16T03:49:04.617+0000] {taskinstance.py:352} INFO - Marking task as SUCCESS. dag_id=stock_information, task_id=append_to_database, run_id=scheduled__2025-01-16T03:48:00+00:00, execution_date=20250116T034800, start_date=20250116T034904, end_date=20250116T034904
[2025-01-16T03:49:04.650+0000] {local_task_job_runner.py:266} INFO - Task exited with return code 0
[2025-01-16T03:49:04.669+0000] {taskinstance.py:3895} INFO - 0 downstream tasks scheduled from follow-on schedule check
[2025-01-16T03:49:04.672+0000] {local_task_job_runner.py:245} INFO - ::endgroup::
