[2025-01-16T04:35:03.696+0000] {local_task_job_runner.py:123} INFO - ::group::Pre task execution logs
[2025-01-16T04:35:03.708+0000] {taskinstance.py:2613} INFO - Dependencies all met for dep_context=non-requeueable deps ti=<TaskInstance: stock_information.append_to_database scheduled__2025-01-16T04:34:00+00:00 [queued]>
[2025-01-16T04:35:03.716+0000] {taskinstance.py:2613} INFO - Dependencies all met for dep_context=requeueable deps ti=<TaskInstance: stock_information.append_to_database scheduled__2025-01-16T04:34:00+00:00 [queued]>
[2025-01-16T04:35:03.717+0000] {taskinstance.py:2866} INFO - Starting attempt 1 of 1
[2025-01-16T04:35:03.730+0000] {taskinstance.py:2889} INFO - Executing <Task(PythonOperator): append_to_database> on 2025-01-16 04:34:00+00:00
[2025-01-16T04:35:03.735+0000] {standard_task_runner.py:72} INFO - Started process 3701 to run task
[2025-01-16T04:35:03.738+0000] {standard_task_runner.py:104} INFO - Running: ['airflow', 'tasks', 'run', 'stock_information', 'append_to_database', 'scheduled__2025-01-16T04:34:00+00:00', '--job-id', '1659', '--raw', '--subdir', 'DAGS_FOLDER/vnstock_stream.py', '--cfg-path', '/tmp/tmp11apvvz8']
[2025-01-16T04:35:03.740+0000] {standard_task_runner.py:105} INFO - Job 1659: Subtask append_to_database
[2025-01-16T04:35:03.792+0000] {task_command.py:467} INFO - Running <TaskInstance: stock_information.append_to_database scheduled__2025-01-16T04:34:00+00:00 [running]> on host 453ac4defedc
[2025-01-16T04:35:03.894+0000] {taskinstance.py:3132} INFO - Exporting env vars: AIRFLOW_CTX_DAG_OWNER='TuanDz' AIRFLOW_CTX_DAG_ID='stock_information' AIRFLOW_CTX_TASK_ID='append_to_database' AIRFLOW_CTX_EXECUTION_DATE='2025-01-16T04:34:00+00:00' AIRFLOW_CTX_TRY_NUMBER='1' AIRFLOW_CTX_DAG_RUN_ID='scheduled__2025-01-16T04:34:00+00:00'
[2025-01-16T04:35:03.897+0000] {taskinstance.py:731} INFO - ::endgroup::
[2025-01-16T04:35:03.974+0000] {logging_mixin.py:190} INFO - Kết nối thành công!
[2025-01-16T04:35:03.975+0000] {logging_mixin.py:190} INFO - <class 'str'>
[2025-01-16T04:35:03.976+0000] {logging_mixin.py:190} INFO - [['TCB', 25350, 22050, 23700, 'STOCK', 'HSX', '', 7045021622, 'STOCK', 8424683, 'Ngân hàng Thương mại Cổ phần Kỹ thương Việt Nam', 23700, '', '2025-01-16', 23700, 1000, 3396300, 80966, 23839.472366987604, 23950, 23700, 's', 0, 0, 0, 1590552461, 80966.20000000001, 33963, 23700, 23700, 210100, 23650, 142700, 23600, 101500, 23750, 8400, 23800, 155300, 23850, 205500, '2025-01-16 04:35:02']]
[2025-01-16T04:35:03.978+0000] {logging_mixin.py:190} INFO - <class 'list'>
[2025-01-16T04:35:03.979+0000] {logging_mixin.py:190} INFO - [['TCB', 25350, 22050, 23700, 'STOCK', 'HSX', '', 7045021622, 'STOCK', 8424683, 'Ngân hàng Thương mại Cổ phần Kỹ thương Việt Nam', 23700, '', '2025-01-16', 23700, 1000, 3396300, 80966, 23839.472366987604, 23950, 23700, 's', 0, 0, 0, 1590552461, 80966.20000000001, 33963, 23700, 23700, 210100, 23650, 142700, 23600, 101500, 23750, 8400, 23800, 155300, 23850, 205500, '2025-01-16 04:35:02']]
[2025-01-16T04:35:03.990+0000] {python.py:240} INFO - Done. Returned value was: None
[2025-01-16T04:35:04.001+0000] {taskinstance.py:340} INFO - ::group::Post task execution logs
[2025-01-16T04:35:04.003+0000] {taskinstance.py:352} INFO - Marking task as SUCCESS. dag_id=stock_information, task_id=append_to_database, run_id=scheduled__2025-01-16T04:34:00+00:00, execution_date=20250116T043400, start_date=20250116T043503, end_date=20250116T043504
[2025-01-16T04:35:04.033+0000] {local_task_job_runner.py:266} INFO - Task exited with return code 0
[2025-01-16T04:35:04.047+0000] {taskinstance.py:3895} INFO - 0 downstream tasks scheduled from follow-on schedule check
[2025-01-16T04:35:04.053+0000] {local_task_job_runner.py:245} INFO - ::endgroup::
