[2025-01-16T04:12:04.965+0000] {local_task_job_runner.py:123} INFO - ::group::Pre task execution logs
[2025-01-16T04:12:04.977+0000] {taskinstance.py:2613} INFO - Dependencies all met for dep_context=non-requeueable deps ti=<TaskInstance: stock_information.append_to_database scheduled__2025-01-16T04:11:00+00:00 [queued]>
[2025-01-16T04:12:04.985+0000] {taskinstance.py:2613} INFO - Dependencies all met for dep_context=requeueable deps ti=<TaskInstance: stock_information.append_to_database scheduled__2025-01-16T04:11:00+00:00 [queued]>
[2025-01-16T04:12:04.986+0000] {taskinstance.py:2866} INFO - Starting attempt 1 of 1
[2025-01-16T04:12:05.001+0000] {taskinstance.py:2889} INFO - Executing <Task(PythonOperator): append_to_database> on 2025-01-16 04:11:00+00:00
[2025-01-16T04:12:05.006+0000] {standard_task_runner.py:72} INFO - Started process 3023 to run task
[2025-01-16T04:12:05.009+0000] {standard_task_runner.py:104} INFO - Running: ['airflow', 'tasks', 'run', 'stock_information', 'append_to_database', 'scheduled__2025-01-16T04:11:00+00:00', '--job-id', '1613', '--raw', '--subdir', 'DAGS_FOLDER/vnstock_stream.py', '--cfg-path', '/tmp/tmpabz1iomr']
[2025-01-16T04:12:05.011+0000] {standard_task_runner.py:105} INFO - Job 1613: Subtask append_to_database
[2025-01-16T04:12:05.049+0000] {task_command.py:467} INFO - Running <TaskInstance: stock_information.append_to_database scheduled__2025-01-16T04:11:00+00:00 [running]> on host 453ac4defedc
[2025-01-16T04:12:05.127+0000] {taskinstance.py:3132} INFO - Exporting env vars: AIRFLOW_CTX_DAG_OWNER='TuanDz' AIRFLOW_CTX_DAG_ID='stock_information' AIRFLOW_CTX_TASK_ID='append_to_database' AIRFLOW_CTX_EXECUTION_DATE='2025-01-16T04:11:00+00:00' AIRFLOW_CTX_TRY_NUMBER='1' AIRFLOW_CTX_DAG_RUN_ID='scheduled__2025-01-16T04:11:00+00:00'
[2025-01-16T04:12:05.130+0000] {taskinstance.py:731} INFO - ::endgroup::
[2025-01-16T04:12:05.182+0000] {logging_mixin.py:190} INFO - Kết nối thành công!
[2025-01-16T04:12:05.183+0000] {logging_mixin.py:190} INFO - <class 'str'>
[2025-01-16T04:12:05.184+0000] {logging_mixin.py:190} INFO - [['TCB', 25350, 22050, 23700, 'STOCK', 'HSX', '', 7045021622, 'STOCK', 8424683, 'Ngân hàng Thương mại Cổ phần Kỹ thương Việt Nam', 23700, '', '2025-01-16', 23800, 30000, 3161700, 75394, 23846.032197868237, 23950, 23750, 'b', 0, 0, 0, 1590552461, 75394.88, 31617, 23700, 23750, 158300, 23700, 188200, 23650, 124500, 23800, 35900, 23850, 201000, 23900, 289700, '2025-01-16 04:12:03']]
[2025-01-16T04:12:05.185+0000] {logging_mixin.py:190} INFO - <class 'list'>
[2025-01-16T04:12:05.186+0000] {logging_mixin.py:190} INFO - [['TCB', 25350, 22050, 23700, 'STOCK', 'HSX', '', 7045021622, 'STOCK', 8424683, 'Ngân hàng Thương mại Cổ phần Kỹ thương Việt Nam', 23700, '', '2025-01-16', 23800, 30000, 3161700, 75394, 23846.032197868237, 23950, 23750, 'b', 0, 0, 0, 1590552461, 75394.88, 31617, 23700, 23750, 158300, 23700, 188200, 23650, 124500, 23800, 35900, 23850, 201000, 23900, 289700, '2025-01-16 04:12:03']]
[2025-01-16T04:12:05.195+0000] {python.py:240} INFO - Done. Returned value was: None
[2025-01-16T04:12:05.203+0000] {taskinstance.py:340} INFO - ::group::Post task execution logs
[2025-01-16T04:12:05.204+0000] {taskinstance.py:352} INFO - Marking task as SUCCESS. dag_id=stock_information, task_id=append_to_database, run_id=scheduled__2025-01-16T04:11:00+00:00, execution_date=20250116T041100, start_date=20250116T041204, end_date=20250116T041205
[2025-01-16T04:12:05.223+0000] {local_task_job_runner.py:266} INFO - Task exited with return code 0
[2025-01-16T04:12:05.240+0000] {taskinstance.py:3895} INFO - 0 downstream tasks scheduled from follow-on schedule check
[2025-01-16T04:12:05.245+0000] {local_task_job_runner.py:245} INFO - ::endgroup::
