[2025-01-15T03:47:05.351+0000] {local_task_job_runner.py:123} INFO - ::group::Pre task execution logs
[2025-01-15T03:47:05.365+0000] {taskinstance.py:2613} INFO - Dependencies all met for dep_context=non-requeueable deps ti=<TaskInstance: stock_information.append_to_database scheduled__2025-01-15T03:46:00+00:00 [queued]>
[2025-01-15T03:47:05.373+0000] {taskinstance.py:2613} INFO - Dependencies all met for dep_context=requeueable deps ti=<TaskInstance: stock_information.append_to_database scheduled__2025-01-15T03:46:00+00:00 [queued]>
[2025-01-15T03:47:05.376+0000] {taskinstance.py:2866} INFO - Starting attempt 1 of 1
[2025-01-15T03:47:05.397+0000] {taskinstance.py:2889} INFO - Executing <Task(PythonOperator): append_to_database> on 2025-01-15 03:46:00+00:00
[2025-01-15T03:47:05.405+0000] {standard_task_runner.py:72} INFO - Started process 2340 to run task
[2025-01-15T03:47:05.408+0000] {standard_task_runner.py:104} INFO - Running: ['airflow', 'tasks', 'run', 'stock_information', 'append_to_database', 'scheduled__2025-01-15T03:46:00+00:00', '--job-id', '666', '--raw', '--subdir', 'DAGS_FOLDER/vnstock_stream.py', '--cfg-path', '/tmp/tmpwf69kurn']
[2025-01-15T03:47:05.412+0000] {standard_task_runner.py:105} INFO - Job 666: Subtask append_to_database
[2025-01-15T03:47:05.462+0000] {task_command.py:467} INFO - Running <TaskInstance: stock_information.append_to_database scheduled__2025-01-15T03:46:00+00:00 [running]> on host 453ac4defedc
[2025-01-15T03:47:05.557+0000] {taskinstance.py:3132} INFO - Exporting env vars: AIRFLOW_CTX_DAG_OWNER='TuanDz' AIRFLOW_CTX_DAG_ID='stock_information' AIRFLOW_CTX_TASK_ID='append_to_database' AIRFLOW_CTX_EXECUTION_DATE='2025-01-15T03:46:00+00:00' AIRFLOW_CTX_TRY_NUMBER='1' AIRFLOW_CTX_DAG_RUN_ID='scheduled__2025-01-15T03:46:00+00:00'
[2025-01-15T03:47:05.559+0000] {taskinstance.py:731} INFO - ::endgroup::
[2025-01-15T03:47:05.598+0000] {logging_mixin.py:190} INFO - Kết nối thành công!
[2025-01-15T03:47:05.599+0000] {logging_mixin.py:190} INFO - <class 'str'>
[2025-01-15T03:47:05.600+0000] {logging_mixin.py:190} INFO - [['TCB', 25250, 21950, 23600, 'STOCK', 'HSX', '', 7045021622, 'STOCK', 8424683, 'Ngân hàng Thương mại Cổ phần Kỹ thương Việt Nam', 23600, '', '2025-01-15', 23750, 700, 1394800, 33096, 23728.133065672497, 23800, 23650, 's', 0, 0, 0, 1590552461, 33096.55000000001, 13948, 23600, 23750, 113900, 23700, 145600, 23650, 236100, 23800, 188500, 23850, 156600, 23900, 104600, '2025-01-15 03:47:03']]
[2025-01-15T03:47:05.600+0000] {logging_mixin.py:190} INFO - <class 'list'>
[2025-01-15T03:47:05.601+0000] {logging_mixin.py:190} INFO - [['TCB', 25250, 21950, 23600, 'STOCK', 'HSX', '', 7045021622, 'STOCK', 8424683, 'Ngân hàng Thương mại Cổ phần Kỹ thương Việt Nam', 23600, '', '2025-01-15', 23750, 700, 1394800, 33096, 23728.133065672497, 23800, 23650, 's', 0, 0, 0, 1590552461, 33096.55000000001, 13948, 23600, 23750, 113900, 23700, 145600, 23650, 236100, 23800, 188500, 23850, 156600, 23900, 104600, '2025-01-15 03:47:03']]
[2025-01-15T03:47:05.604+0000] {python.py:240} INFO - Done. Returned value was: None
[2025-01-15T03:47:05.613+0000] {taskinstance.py:340} INFO - ::group::Post task execution logs
[2025-01-15T03:47:05.614+0000] {taskinstance.py:352} INFO - Marking task as SUCCESS. dag_id=stock_information, task_id=append_to_database, run_id=scheduled__2025-01-15T03:46:00+00:00, execution_date=20250115T034600, start_date=20250115T034705, end_date=20250115T034705
[2025-01-15T03:47:05.665+0000] {local_task_job_runner.py:266} INFO - Task exited with return code 0
[2025-01-15T03:47:05.684+0000] {taskinstance.py:3895} INFO - 0 downstream tasks scheduled from follow-on schedule check
[2025-01-15T03:47:05.689+0000] {local_task_job_runner.py:245} INFO - ::endgroup::
