[2025-01-16T02:53:03.718+0000] {local_task_job_runner.py:123} INFO - ::group::Pre task execution logs
[2025-01-16T02:53:03.732+0000] {taskinstance.py:2613} INFO - Dependencies all met for dep_context=non-requeueable deps ti=<TaskInstance: stock_information.append_to_database scheduled__2025-01-16T02:52:00+00:00 [queued]>
[2025-01-16T02:53:03.740+0000] {taskinstance.py:2613} INFO - Dependencies all met for dep_context=requeueable deps ti=<TaskInstance: stock_information.append_to_database scheduled__2025-01-16T02:52:00+00:00 [queued]>
[2025-01-16T02:53:03.742+0000] {taskinstance.py:2866} INFO - Starting attempt 1 of 1
[2025-01-16T02:53:03.754+0000] {taskinstance.py:2889} INFO - Executing <Task(PythonOperator): append_to_database> on 2025-01-16 02:52:00+00:00
[2025-01-16T02:53:03.759+0000] {standard_task_runner.py:72} INFO - Started process 705 to run task
[2025-01-16T02:53:03.761+0000] {standard_task_runner.py:104} INFO - Running: ['airflow', 'tasks', 'run', 'stock_information', 'append_to_database', 'scheduled__2025-01-16T02:52:00+00:00', '--job-id', '1455', '--raw', '--subdir', 'DAGS_FOLDER/vnstock_stream.py', '--cfg-path', '/tmp/tmp0ebhxs58']
[2025-01-16T02:53:03.764+0000] {standard_task_runner.py:105} INFO - Job 1455: Subtask append_to_database
[2025-01-16T02:53:03.803+0000] {task_command.py:467} INFO - Running <TaskInstance: stock_information.append_to_database scheduled__2025-01-16T02:52:00+00:00 [running]> on host 453ac4defedc
[2025-01-16T02:53:03.880+0000] {taskinstance.py:3132} INFO - Exporting env vars: AIRFLOW_CTX_DAG_OWNER='TuanDz' AIRFLOW_CTX_DAG_ID='stock_information' AIRFLOW_CTX_TASK_ID='append_to_database' AIRFLOW_CTX_EXECUTION_DATE='2025-01-16T02:52:00+00:00' AIRFLOW_CTX_TRY_NUMBER='1' AIRFLOW_CTX_DAG_RUN_ID='scheduled__2025-01-16T02:52:00+00:00'
[2025-01-16T02:53:03.883+0000] {taskinstance.py:731} INFO - ::endgroup::
[2025-01-16T02:53:03.922+0000] {logging_mixin.py:190} INFO - Kết nối thành công!
[2025-01-16T02:53:03.922+0000] {logging_mixin.py:190} INFO - <class 'str'>
[2025-01-16T02:53:03.923+0000] {logging_mixin.py:190} INFO - [['TCB', 25350, 22050, 23700, 'STOCK', 'HSX', '', 7045021622, 'STOCK', 8424683, 'Ngân hàng Thương mại Cổ phần Kỹ thương Việt Nam', 23700, '', '2025-01-16', 23800, 1000, 2002800, 47811, 23872.079089275016, 23950, 23800, 's', 0, 0, 0, 1590552461, 47811.66499999987, 20028, 23700, 23800, 139200, 23750, 227300, 23700, 217000, 23850, 42100, 23900, 145700, 23950, 218900, '2025-01-16 02:53:02']]
[2025-01-16T02:53:03.924+0000] {logging_mixin.py:190} INFO - <class 'list'>
[2025-01-16T02:53:03.925+0000] {logging_mixin.py:190} INFO - [['TCB', 25350, 22050, 23700, 'STOCK', 'HSX', '', 7045021622, 'STOCK', 8424683, 'Ngân hàng Thương mại Cổ phần Kỹ thương Việt Nam', 23700, '', '2025-01-16', 23800, 1000, 2002800, 47811, 23872.079089275016, 23950, 23800, 's', 0, 0, 0, 1590552461, 47811.66499999987, 20028, 23700, 23800, 139200, 23750, 227300, 23700, 217000, 23850, 42100, 23900, 145700, 23950, 218900, '2025-01-16 02:53:02']]
[2025-01-16T02:53:03.927+0000] {python.py:240} INFO - Done. Returned value was: None
[2025-01-16T02:53:03.934+0000] {taskinstance.py:340} INFO - ::group::Post task execution logs
[2025-01-16T02:53:03.934+0000] {taskinstance.py:352} INFO - Marking task as SUCCESS. dag_id=stock_information, task_id=append_to_database, run_id=scheduled__2025-01-16T02:52:00+00:00, execution_date=20250116T025200, start_date=20250116T025303, end_date=20250116T025303
[2025-01-16T02:53:03.977+0000] {local_task_job_runner.py:266} INFO - Task exited with return code 0
[2025-01-16T02:53:03.993+0000] {taskinstance.py:3895} INFO - 0 downstream tasks scheduled from follow-on schedule check
[2025-01-16T02:53:03.997+0000] {local_task_job_runner.py:245} INFO - ::endgroup::
