[2025-01-17T02:48:03.278+0000] {local_task_job_runner.py:123} INFO - ::group::Pre task execution logs
[2025-01-17T02:48:03.289+0000] {taskinstance.py:2613} INFO - Dependencies all met for dep_context=non-requeueable deps ti=<TaskInstance: stock_information.append_to_database scheduled__2025-01-17T02:47:00+00:00 [queued]>
[2025-01-17T02:48:03.295+0000] {taskinstance.py:2613} INFO - Dependencies all met for dep_context=requeueable deps ti=<TaskInstance: stock_information.append_to_database scheduled__2025-01-17T02:47:00+00:00 [queued]>
[2025-01-17T02:48:03.296+0000] {taskinstance.py:2866} INFO - Starting attempt 1 of 1
[2025-01-17T02:48:03.308+0000] {taskinstance.py:2889} INFO - Executing <Task(PythonOperator): append_to_database> on 2025-01-17 02:47:00+00:00
[2025-01-17T02:48:03.313+0000] {standard_task_runner.py:72} INFO - Started process 2067 to run task
[2025-01-17T02:48:03.316+0000] {standard_task_runner.py:104} INFO - Running: ['airflow', 'tasks', 'run', 'stock_information', 'append_to_database', 'scheduled__2025-01-17T02:47:00+00:00', '--job-id', '2348', '--raw', '--subdir', 'DAGS_FOLDER/vnstock_stream.py', '--cfg-path', '/tmp/tmp5a68ozug']
[2025-01-17T02:48:03.318+0000] {standard_task_runner.py:105} INFO - Job 2348: Subtask append_to_database
[2025-01-17T02:48:03.352+0000] {task_command.py:467} INFO - Running <TaskInstance: stock_information.append_to_database scheduled__2025-01-17T02:47:00+00:00 [running]> on host 453ac4defedc
[2025-01-17T02:48:03.425+0000] {taskinstance.py:3132} INFO - Exporting env vars: AIRFLOW_CTX_DAG_OWNER='TuanDz' AIRFLOW_CTX_DAG_ID='stock_information' AIRFLOW_CTX_TASK_ID='append_to_database' AIRFLOW_CTX_EXECUTION_DATE='2025-01-17T02:47:00+00:00' AIRFLOW_CTX_TRY_NUMBER='1' AIRFLOW_CTX_DAG_RUN_ID='scheduled__2025-01-17T02:47:00+00:00'
[2025-01-17T02:48:03.427+0000] {taskinstance.py:731} INFO - ::endgroup::
[2025-01-17T02:48:03.491+0000] {logging_mixin.py:190} INFO - Kết nối thành công!
[2025-01-17T02:48:03.491+0000] {logging_mixin.py:190} INFO - <class 'str'>
[2025-01-17T02:48:03.492+0000] {logging_mixin.py:190} INFO - [['TCB', 25500, 22200, 23850, 'STOCK', 'HSX', '', 7045021622, 'STOCK', 8424683, 'Ngân hàng Thương mại Cổ phần Kỹ thương Việt Nam', 23850, '', '2025-01-17', 23800, 1000, 197700, 4707, 23808.801213960545, 23900, 23750, 's', 5300, 17100, 0, 1590552461, 4707.225000000006, 1977, 23850, 23800, 82500, 23750, 66800, 23700, 56400, 23850, 72500, 23900, 106400, 23950, 312200, '2025-01-17 02:48:01']]
[2025-01-17T02:48:03.492+0000] {logging_mixin.py:190} INFO - <class 'list'>
[2025-01-17T02:48:03.493+0000] {logging_mixin.py:190} INFO - [['TCB', 25500, 22200, 23850, 'STOCK', 'HSX', '', 7045021622, 'STOCK', 8424683, 'Ngân hàng Thương mại Cổ phần Kỹ thương Việt Nam', 23850, '', '2025-01-17', 23800, 1000, 197700, 4707, 23808.801213960545, 23900, 23750, 's', 5300, 17100, 0, 1590552461, 4707.225000000006, 1977, 23850, 23800, 82500, 23750, 66800, 23700, 56400, 23850, 72500, 23900, 106400, 23950, 312200, '2025-01-17 02:48:01']]
[2025-01-17T02:48:03.498+0000] {python.py:240} INFO - Done. Returned value was: None
[2025-01-17T02:48:03.505+0000] {taskinstance.py:340} INFO - ::group::Post task execution logs
[2025-01-17T02:48:03.506+0000] {taskinstance.py:352} INFO - Marking task as SUCCESS. dag_id=stock_information, task_id=append_to_database, run_id=scheduled__2025-01-17T02:47:00+00:00, execution_date=20250117T024700, start_date=20250117T024803, end_date=20250117T024803
[2025-01-17T02:48:03.531+0000] {local_task_job_runner.py:266} INFO - Task exited with return code 0
[2025-01-17T02:48:03.544+0000] {taskinstance.py:3895} INFO - 0 downstream tasks scheduled from follow-on schedule check
[2025-01-17T02:48:03.548+0000] {local_task_job_runner.py:245} INFO - ::endgroup::
