[2025-01-15T03:56:04.331+0000] {local_task_job_runner.py:123} INFO - ::group::Pre task execution logs
[2025-01-15T03:56:04.344+0000] {taskinstance.py:2613} INFO - Dependencies all met for dep_context=non-requeueable deps ti=<TaskInstance: stock_information.append_to_database scheduled__2025-01-15T03:55:00+00:00 [queued]>
[2025-01-15T03:56:04.351+0000] {taskinstance.py:2613} INFO - Dependencies all met for dep_context=requeueable deps ti=<TaskInstance: stock_information.append_to_database scheduled__2025-01-15T03:55:00+00:00 [queued]>
[2025-01-15T03:56:04.352+0000] {taskinstance.py:2866} INFO - Starting attempt 1 of 1
[2025-01-15T03:56:04.364+0000] {taskinstance.py:2889} INFO - Executing <Task(PythonOperator): append_to_database> on 2025-01-15 03:55:00+00:00
[2025-01-15T03:56:04.370+0000] {standard_task_runner.py:72} INFO - Started process 2604 to run task
[2025-01-15T03:56:04.372+0000] {standard_task_runner.py:104} INFO - Running: ['airflow', 'tasks', 'run', 'stock_information', 'append_to_database', 'scheduled__2025-01-15T03:55:00+00:00', '--job-id', '684', '--raw', '--subdir', 'DAGS_FOLDER/vnstock_stream.py', '--cfg-path', '/tmp/tmpe65fnznd']
[2025-01-15T03:56:04.375+0000] {standard_task_runner.py:105} INFO - Job 684: Subtask append_to_database
[2025-01-15T03:56:04.415+0000] {task_command.py:467} INFO - Running <TaskInstance: stock_information.append_to_database scheduled__2025-01-15T03:55:00+00:00 [running]> on host 453ac4defedc
[2025-01-15T03:56:04.518+0000] {taskinstance.py:3132} INFO - Exporting env vars: AIRFLOW_CTX_DAG_OWNER='TuanDz' AIRFLOW_CTX_DAG_ID='stock_information' AIRFLOW_CTX_TASK_ID='append_to_database' AIRFLOW_CTX_EXECUTION_DATE='2025-01-15T03:55:00+00:00' AIRFLOW_CTX_TRY_NUMBER='1' AIRFLOW_CTX_DAG_RUN_ID='scheduled__2025-01-15T03:55:00+00:00'
[2025-01-15T03:56:04.521+0000] {taskinstance.py:731} INFO - ::endgroup::
[2025-01-15T03:56:04.567+0000] {logging_mixin.py:190} INFO - Kết nối thành công!
[2025-01-15T03:56:04.568+0000] {logging_mixin.py:190} INFO - <class 'str'>
[2025-01-15T03:56:04.569+0000] {logging_mixin.py:190} INFO - [['TCB', 25250, 21950, 23600, 'STOCK', 'HSX', '', 7045021622, 'STOCK', 8424683, 'Ngân hàng Thương mại Cổ phần Kỹ thương Việt Nam', 23600, '', '2025-01-15', 23800, 600, 1612900, 38283, 23735.507471014942, 23800, 23650, 'b', 0, 0, 0, 1590552461, 38283.02999999999, 16129, 23600, 23750, 96800, 23700, 87700, 23650, 233100, 23800, 66100, 23850, 157500, 23900, 207200, '2025-01-15 03:56:02']]
[2025-01-15T03:56:04.571+0000] {logging_mixin.py:190} INFO - <class 'list'>
[2025-01-15T03:56:04.572+0000] {logging_mixin.py:190} INFO - [['TCB', 25250, 21950, 23600, 'STOCK', 'HSX', '', 7045021622, 'STOCK', 8424683, 'Ngân hàng Thương mại Cổ phần Kỹ thương Việt Nam', 23600, '', '2025-01-15', 23800, 600, 1612900, 38283, 23735.507471014942, 23800, 23650, 'b', 0, 0, 0, 1590552461, 38283.02999999999, 16129, 23600, 23750, 96800, 23700, 87700, 23650, 233100, 23800, 66100, 23850, 157500, 23900, 207200, '2025-01-15 03:56:02']]
[2025-01-15T03:56:04.576+0000] {python.py:240} INFO - Done. Returned value was: None
[2025-01-15T03:56:04.586+0000] {taskinstance.py:340} INFO - ::group::Post task execution logs
[2025-01-15T03:56:04.588+0000] {taskinstance.py:352} INFO - Marking task as SUCCESS. dag_id=stock_information, task_id=append_to_database, run_id=scheduled__2025-01-15T03:55:00+00:00, execution_date=20250115T035500, start_date=20250115T035604, end_date=20250115T035604
[2025-01-15T03:56:04.629+0000] {local_task_job_runner.py:266} INFO - Task exited with return code 0
[2025-01-15T03:56:04.647+0000] {taskinstance.py:3895} INFO - 0 downstream tasks scheduled from follow-on schedule check
[2025-01-15T03:56:04.651+0000] {local_task_job_runner.py:245} INFO - ::endgroup::
