[2025-01-16T06:33:04.601+0000] {local_task_job_runner.py:123} INFO - ::group::Pre task execution logs
[2025-01-16T06:33:04.616+0000] {taskinstance.py:2613} INFO - Dependencies all met for dep_context=non-requeueable deps ti=<TaskInstance: stock_information.append_to_database scheduled__2025-01-16T06:32:00+00:00 [queued]>
[2025-01-16T06:33:04.624+0000] {taskinstance.py:2613} INFO - Dependencies all met for dep_context=requeueable deps ti=<TaskInstance: stock_information.append_to_database scheduled__2025-01-16T06:32:00+00:00 [queued]>
[2025-01-16T06:33:04.626+0000] {taskinstance.py:2866} INFO - Starting attempt 1 of 1
[2025-01-16T06:33:04.639+0000] {taskinstance.py:2889} INFO - Executing <Task(PythonOperator): append_to_database> on 2025-01-16 06:32:00+00:00
[2025-01-16T06:33:04.644+0000] {standard_task_runner.py:72} INFO - Started process 7155 to run task
[2025-01-16T06:33:04.648+0000] {standard_task_runner.py:104} INFO - Running: ['airflow', 'tasks', 'run', 'stock_information', 'append_to_database', 'scheduled__2025-01-16T06:32:00+00:00', '--job-id', '1895', '--raw', '--subdir', 'DAGS_FOLDER/vnstock_stream.py', '--cfg-path', '/tmp/tmpoydxewv6']
[2025-01-16T06:33:04.651+0000] {standard_task_runner.py:105} INFO - Job 1895: Subtask append_to_database
[2025-01-16T06:33:04.691+0000] {task_command.py:467} INFO - Running <TaskInstance: stock_information.append_to_database scheduled__2025-01-16T06:32:00+00:00 [running]> on host 453ac4defedc
[2025-01-16T06:33:04.776+0000] {taskinstance.py:3132} INFO - Exporting env vars: AIRFLOW_CTX_DAG_OWNER='TuanDz' AIRFLOW_CTX_DAG_ID='stock_information' AIRFLOW_CTX_TASK_ID='append_to_database' AIRFLOW_CTX_EXECUTION_DATE='2025-01-16T06:32:00+00:00' AIRFLOW_CTX_TRY_NUMBER='1' AIRFLOW_CTX_DAG_RUN_ID='scheduled__2025-01-16T06:32:00+00:00'
[2025-01-16T06:33:04.778+0000] {taskinstance.py:731} INFO - ::endgroup::
[2025-01-16T06:33:04.865+0000] {logging_mixin.py:190} INFO - Kết nối thành công!
[2025-01-16T06:33:04.866+0000] {logging_mixin.py:190} INFO - <class 'str'>
[2025-01-16T06:33:04.867+0000] {logging_mixin.py:190} INFO - [['TCB', 25350, 22050, 23700, 'STOCK', 'HSX', '', 7045021622, 'STOCK', 8424683, 'Ngân hàng Thương mại Cổ phần Kỹ thương Việt Nam', 23700, '', '2025-01-16', 23750, 1000, 3718500, 88616, 23831.11469678634, 23950, 23700, 's', 0, 0, 0, 1590552461, 88616.62999999999, 37185, 23700, 23750, 117100, 23700, 237600, 23650, 192600, 23800, 177800, 23850, 209700, 23900, 314400, '2025-01-16 06:33:02']]
[2025-01-16T06:33:04.868+0000] {logging_mixin.py:190} INFO - <class 'list'>
[2025-01-16T06:33:04.869+0000] {logging_mixin.py:190} INFO - [['TCB', 25350, 22050, 23700, 'STOCK', 'HSX', '', 7045021622, 'STOCK', 8424683, 'Ngân hàng Thương mại Cổ phần Kỹ thương Việt Nam', 23700, '', '2025-01-16', 23750, 1000, 3718500, 88616, 23831.11469678634, 23950, 23700, 's', 0, 0, 0, 1590552461, 88616.62999999999, 37185, 23700, 23750, 117100, 23700, 237600, 23650, 192600, 23800, 177800, 23850, 209700, 23900, 314400, '2025-01-16 06:33:02']]
[2025-01-16T06:33:04.877+0000] {python.py:240} INFO - Done. Returned value was: None
[2025-01-16T06:33:04.888+0000] {taskinstance.py:340} INFO - ::group::Post task execution logs
[2025-01-16T06:33:04.889+0000] {taskinstance.py:352} INFO - Marking task as SUCCESS. dag_id=stock_information, task_id=append_to_database, run_id=scheduled__2025-01-16T06:32:00+00:00, execution_date=20250116T063200, start_date=20250116T063304, end_date=20250116T063304
[2025-01-16T06:33:04.943+0000] {local_task_job_runner.py:266} INFO - Task exited with return code 0
[2025-01-16T06:33:04.959+0000] {taskinstance.py:3895} INFO - 0 downstream tasks scheduled from follow-on schedule check
[2025-01-16T06:33:04.964+0000] {local_task_job_runner.py:245} INFO - ::endgroup::
