[2025-01-17T02:36:04.572+0000] {local_task_job_runner.py:123} INFO - ::group::Pre task execution logs
[2025-01-17T02:36:04.584+0000] {taskinstance.py:2613} INFO - Dependencies all met for dep_context=non-requeueable deps ti=<TaskInstance: stock_information.append_to_database scheduled__2025-01-17T02:35:00+00:00 [queued]>
[2025-01-17T02:36:04.591+0000] {taskinstance.py:2613} INFO - Dependencies all met for dep_context=requeueable deps ti=<TaskInstance: stock_information.append_to_database scheduled__2025-01-17T02:35:00+00:00 [queued]>
[2025-01-17T02:36:04.592+0000] {taskinstance.py:2866} INFO - Starting attempt 1 of 1
[2025-01-17T02:36:04.603+0000] {taskinstance.py:2889} INFO - Executing <Task(PythonOperator): append_to_database> on 2025-01-17 02:35:00+00:00
[2025-01-17T02:36:04.608+0000] {standard_task_runner.py:72} INFO - Started process 1713 to run task
[2025-01-17T02:36:04.610+0000] {standard_task_runner.py:104} INFO - Running: ['airflow', 'tasks', 'run', 'stock_information', 'append_to_database', 'scheduled__2025-01-17T02:35:00+00:00', '--job-id', '2324', '--raw', '--subdir', 'DAGS_FOLDER/vnstock_stream.py', '--cfg-path', '/tmp/tmp36bwx1ua']
[2025-01-17T02:36:04.613+0000] {standard_task_runner.py:105} INFO - Job 2324: Subtask append_to_database
[2025-01-17T02:36:04.649+0000] {task_command.py:467} INFO - Running <TaskInstance: stock_information.append_to_database scheduled__2025-01-17T02:35:00+00:00 [running]> on host 453ac4defedc
[2025-01-17T02:36:04.727+0000] {taskinstance.py:3132} INFO - Exporting env vars: AIRFLOW_CTX_DAG_OWNER='TuanDz' AIRFLOW_CTX_DAG_ID='stock_information' AIRFLOW_CTX_TASK_ID='append_to_database' AIRFLOW_CTX_EXECUTION_DATE='2025-01-17T02:35:00+00:00' AIRFLOW_CTX_TRY_NUMBER='1' AIRFLOW_CTX_DAG_RUN_ID='scheduled__2025-01-17T02:35:00+00:00'
[2025-01-17T02:36:04.729+0000] {taskinstance.py:731} INFO - ::endgroup::
[2025-01-17T02:36:04.819+0000] {logging_mixin.py:190} INFO - Kết nối thành công!
[2025-01-17T02:36:04.820+0000] {logging_mixin.py:190} INFO - <class 'str'>
[2025-01-17T02:36:04.820+0000] {logging_mixin.py:190} INFO - [['TCB', 25500, 22200, 23850, 'STOCK', 'HSX', '', 7045021622, 'STOCK', 8424683, 'Ngân hàng Thương mại Cổ phần Kỹ thương Việt Nam', 23850, '', '2025-01-17', 23800, 100, 119500, 2846, 23815.899581589958, 23900, 23800, 's', 5300, 6300, 0, 1590552461, 2846.370000000003, 1195, 23850, 23750, 30100, 23700, 48900, 23650, 41000, 23800, 26100, 23850, 28000, 23900, 76000, '2025-01-17 02:36:02']]
[2025-01-17T02:36:04.821+0000] {logging_mixin.py:190} INFO - <class 'list'>
[2025-01-17T02:36:04.821+0000] {logging_mixin.py:190} INFO - [['TCB', 25500, 22200, 23850, 'STOCK', 'HSX', '', 7045021622, 'STOCK', 8424683, 'Ngân hàng Thương mại Cổ phần Kỹ thương Việt Nam', 23850, '', '2025-01-17', 23800, 100, 119500, 2846, 23815.899581589958, 23900, 23800, 's', 5300, 6300, 0, 1590552461, 2846.370000000003, 1195, 23850, 23750, 30100, 23700, 48900, 23650, 41000, 23800, 26100, 23850, 28000, 23900, 76000, '2025-01-17 02:36:02']]
[2025-01-17T02:36:04.830+0000] {python.py:240} INFO - Done. Returned value was: None
[2025-01-17T02:36:04.837+0000] {taskinstance.py:340} INFO - ::group::Post task execution logs
[2025-01-17T02:36:04.837+0000] {taskinstance.py:352} INFO - Marking task as SUCCESS. dag_id=stock_information, task_id=append_to_database, run_id=scheduled__2025-01-17T02:35:00+00:00, execution_date=20250117T023500, start_date=20250117T023604, end_date=20250117T023604
[2025-01-17T02:36:04.866+0000] {local_task_job_runner.py:266} INFO - Task exited with return code 0
[2025-01-17T02:36:04.882+0000] {taskinstance.py:3895} INFO - 0 downstream tasks scheduled from follow-on schedule check
[2025-01-17T02:36:04.886+0000] {local_task_job_runner.py:245} INFO - ::endgroup::
