[2025-01-16T04:23:03.905+0000] {local_task_job_runner.py:123} INFO - ::group::Pre task execution logs
[2025-01-16T04:23:03.917+0000] {taskinstance.py:2613} INFO - Dependencies all met for dep_context=non-requeueable deps ti=<TaskInstance: stock_information.append_to_database scheduled__2025-01-16T04:22:00+00:00 [queued]>
[2025-01-16T04:23:03.925+0000] {taskinstance.py:2613} INFO - Dependencies all met for dep_context=requeueable deps ti=<TaskInstance: stock_information.append_to_database scheduled__2025-01-16T04:22:00+00:00 [queued]>
[2025-01-16T04:23:03.927+0000] {taskinstance.py:2866} INFO - Starting attempt 1 of 1
[2025-01-16T04:23:03.942+0000] {taskinstance.py:2889} INFO - Executing <Task(PythonOperator): append_to_database> on 2025-01-16 04:22:00+00:00
[2025-01-16T04:23:03.949+0000] {standard_task_runner.py:72} INFO - Started process 3347 to run task
[2025-01-16T04:23:03.951+0000] {standard_task_runner.py:104} INFO - Running: ['airflow', 'tasks', 'run', 'stock_information', 'append_to_database', 'scheduled__2025-01-16T04:22:00+00:00', '--job-id', '1635', '--raw', '--subdir', 'DAGS_FOLDER/vnstock_stream.py', '--cfg-path', '/tmp/tmpkebfhvk2']
[2025-01-16T04:23:03.954+0000] {standard_task_runner.py:105} INFO - Job 1635: Subtask append_to_database
[2025-01-16T04:23:03.994+0000] {task_command.py:467} INFO - Running <TaskInstance: stock_information.append_to_database scheduled__2025-01-16T04:22:00+00:00 [running]> on host 453ac4defedc
[2025-01-16T04:23:04.073+0000] {taskinstance.py:3132} INFO - Exporting env vars: AIRFLOW_CTX_DAG_OWNER='TuanDz' AIRFLOW_CTX_DAG_ID='stock_information' AIRFLOW_CTX_TASK_ID='append_to_database' AIRFLOW_CTX_EXECUTION_DATE='2025-01-16T04:22:00+00:00' AIRFLOW_CTX_TRY_NUMBER='1' AIRFLOW_CTX_DAG_RUN_ID='scheduled__2025-01-16T04:22:00+00:00'
[2025-01-16T04:23:04.075+0000] {taskinstance.py:731} INFO - ::endgroup::
[2025-01-16T04:23:04.143+0000] {logging_mixin.py:190} INFO - Kết nối thành công!
[2025-01-16T04:23:04.144+0000] {logging_mixin.py:190} INFO - <class 'str'>
[2025-01-16T04:23:04.145+0000] {logging_mixin.py:190} INFO - [['TCB', 25350, 22050, 23700, 'STOCK', 'HSX', '', 7045021622, 'STOCK', 8424683, 'Ngân hàng Thương mại Cổ phần Kỹ thương Việt Nam', 23700, '', '2025-01-16', 23750, 100, 3241000, 77278, 23843.87534711509, 23950, 23750, 's', 0, 0, 0, 1590552461, 77278.8, 32410, 23700, 23750, 116200, 23700, 209800, 23650, 124500, 23800, 57700, 23850, 206000, 23900, 287300, '2025-01-16 04:23:02']]
[2025-01-16T04:23:04.145+0000] {logging_mixin.py:190} INFO - <class 'list'>
[2025-01-16T04:23:04.146+0000] {logging_mixin.py:190} INFO - [['TCB', 25350, 22050, 23700, 'STOCK', 'HSX', '', 7045021622, 'STOCK', 8424683, 'Ngân hàng Thương mại Cổ phần Kỹ thương Việt Nam', 23700, '', '2025-01-16', 23750, 100, 3241000, 77278, 23843.87534711509, 23950, 23750, 's', 0, 0, 0, 1590552461, 77278.8, 32410, 23700, 23750, 116200, 23700, 209800, 23650, 124500, 23800, 57700, 23850, 206000, 23900, 287300, '2025-01-16 04:23:02']]
[2025-01-16T04:23:04.152+0000] {python.py:240} INFO - Done. Returned value was: None
[2025-01-16T04:23:04.160+0000] {taskinstance.py:340} INFO - ::group::Post task execution logs
[2025-01-16T04:23:04.161+0000] {taskinstance.py:352} INFO - Marking task as SUCCESS. dag_id=stock_information, task_id=append_to_database, run_id=scheduled__2025-01-16T04:22:00+00:00, execution_date=20250116T042200, start_date=20250116T042303, end_date=20250116T042304
[2025-01-16T04:23:04.208+0000] {local_task_job_runner.py:266} INFO - Task exited with return code 0
[2025-01-16T04:23:04.225+0000] {taskinstance.py:3895} INFO - 0 downstream tasks scheduled from follow-on schedule check
[2025-01-16T04:23:04.232+0000] {local_task_job_runner.py:245} INFO - ::endgroup::
