[2025-01-15T06:14:04.889+0000] {local_task_job_runner.py:123} INFO - ::group::Pre task execution logs
[2025-01-15T06:14:04.902+0000] {taskinstance.py:2613} INFO - Dependencies all met for dep_context=non-requeueable deps ti=<TaskInstance: stock_information.append_to_database scheduled__2025-01-15T06:13:00+00:00 [queued]>
[2025-01-15T06:14:04.909+0000] {taskinstance.py:2613} INFO - Dependencies all met for dep_context=requeueable deps ti=<TaskInstance: stock_information.append_to_database scheduled__2025-01-15T06:13:00+00:00 [queued]>
[2025-01-15T06:14:04.911+0000] {taskinstance.py:2866} INFO - Starting attempt 1 of 1
[2025-01-15T06:14:04.923+0000] {taskinstance.py:2889} INFO - Executing <Task(PythonOperator): append_to_database> on 2025-01-15 06:13:00+00:00
[2025-01-15T06:14:04.929+0000] {standard_task_runner.py:72} INFO - Started process 6599 to run task
[2025-01-15T06:14:04.932+0000] {standard_task_runner.py:104} INFO - Running: ['airflow', 'tasks', 'run', 'stock_information', 'append_to_database', 'scheduled__2025-01-15T06:13:00+00:00', '--job-id', '960', '--raw', '--subdir', 'DAGS_FOLDER/vnstock_stream.py', '--cfg-path', '/tmp/tmprev0f4az']
[2025-01-15T06:14:04.936+0000] {standard_task_runner.py:105} INFO - Job 960: Subtask append_to_database
[2025-01-15T06:14:04.975+0000] {task_command.py:467} INFO - Running <TaskInstance: stock_information.append_to_database scheduled__2025-01-15T06:13:00+00:00 [running]> on host 453ac4defedc
[2025-01-15T06:14:05.049+0000] {taskinstance.py:3132} INFO - Exporting env vars: AIRFLOW_CTX_DAG_OWNER='TuanDz' AIRFLOW_CTX_DAG_ID='stock_information' AIRFLOW_CTX_TASK_ID='append_to_database' AIRFLOW_CTX_EXECUTION_DATE='2025-01-15T06:13:00+00:00' AIRFLOW_CTX_TRY_NUMBER='1' AIRFLOW_CTX_DAG_RUN_ID='scheduled__2025-01-15T06:13:00+00:00'
[2025-01-15T06:14:05.052+0000] {taskinstance.py:731} INFO - ::endgroup::
[2025-01-15T06:14:05.087+0000] {logging_mixin.py:190} INFO - Kết nối thành công!
[2025-01-15T06:14:05.088+0000] {logging_mixin.py:190} INFO - <class 'str'>
[2025-01-15T06:14:05.089+0000] {logging_mixin.py:190} INFO - [['TCB', 25250, 21950, 23600, 'STOCK', 'HSX', '', 7045021622, 'STOCK', 8424683, 'Ngân hàng Thương mại Cổ phần Kỹ thương Việt Nam', 23600, '', '2025-01-15', 23850, 300, 3161800, 75244, 23797.83667531153, 23900, 23650, 's', 156700, 156700, 0, 1590552461, 75244.81499999977, 31618, 23600, 23850, 170400, 23800, 96400, 23750, 283900, 23900, 90200, 23950, 231500, 24000, 748200, '2025-01-15 06:14:02']]
[2025-01-15T06:14:05.090+0000] {logging_mixin.py:190} INFO - <class 'list'>
[2025-01-15T06:14:05.090+0000] {logging_mixin.py:190} INFO - [['TCB', 25250, 21950, 23600, 'STOCK', 'HSX', '', 7045021622, 'STOCK', 8424683, 'Ngân hàng Thương mại Cổ phần Kỹ thương Việt Nam', 23600, '', '2025-01-15', 23850, 300, 3161800, 75244, 23797.83667531153, 23900, 23650, 's', 156700, 156700, 0, 1590552461, 75244.81499999977, 31618, 23600, 23850, 170400, 23800, 96400, 23750, 283900, 23900, 90200, 23950, 231500, 24000, 748200, '2025-01-15 06:14:02']]
[2025-01-15T06:14:05.093+0000] {python.py:240} INFO - Done. Returned value was: None
[2025-01-15T06:14:05.100+0000] {taskinstance.py:340} INFO - ::group::Post task execution logs
[2025-01-15T06:14:05.102+0000] {taskinstance.py:352} INFO - Marking task as SUCCESS. dag_id=stock_information, task_id=append_to_database, run_id=scheduled__2025-01-15T06:13:00+00:00, execution_date=20250115T061300, start_date=20250115T061404, end_date=20250115T061405
[2025-01-15T06:14:05.147+0000] {local_task_job_runner.py:266} INFO - Task exited with return code 0
[2025-01-15T06:14:05.166+0000] {taskinstance.py:3895} INFO - 0 downstream tasks scheduled from follow-on schedule check
[2025-01-15T06:14:05.170+0000] {local_task_job_runner.py:245} INFO - ::endgroup::
