[2025-01-16T06:24:03.877+0000] {local_task_job_runner.py:123} INFO - ::group::Pre task execution logs
[2025-01-16T06:24:03.891+0000] {taskinstance.py:2613} INFO - Dependencies all met for dep_context=non-requeueable deps ti=<TaskInstance: stock_information.append_to_database scheduled__2025-01-16T06:23:00+00:00 [queued]>
[2025-01-16T06:24:03.898+0000] {taskinstance.py:2613} INFO - Dependencies all met for dep_context=requeueable deps ti=<TaskInstance: stock_information.append_to_database scheduled__2025-01-16T06:23:00+00:00 [queued]>
[2025-01-16T06:24:03.899+0000] {taskinstance.py:2866} INFO - Starting attempt 1 of 1
[2025-01-16T06:24:03.911+0000] {taskinstance.py:2889} INFO - Executing <Task(PythonOperator): append_to_database> on 2025-01-16 06:23:00+00:00
[2025-01-16T06:24:03.917+0000] {standard_task_runner.py:72} INFO - Started process 6896 to run task
[2025-01-16T06:24:03.919+0000] {standard_task_runner.py:104} INFO - Running: ['airflow', 'tasks', 'run', 'stock_information', 'append_to_database', 'scheduled__2025-01-16T06:23:00+00:00', '--job-id', '1877', '--raw', '--subdir', 'DAGS_FOLDER/vnstock_stream.py', '--cfg-path', '/tmp/tmpa16nkrkg']
[2025-01-16T06:24:03.922+0000] {standard_task_runner.py:105} INFO - Job 1877: Subtask append_to_database
[2025-01-16T06:24:03.960+0000] {task_command.py:467} INFO - Running <TaskInstance: stock_information.append_to_database scheduled__2025-01-16T06:23:00+00:00 [running]> on host 453ac4defedc
[2025-01-16T06:24:04.038+0000] {taskinstance.py:3132} INFO - Exporting env vars: AIRFLOW_CTX_DAG_OWNER='TuanDz' AIRFLOW_CTX_DAG_ID='stock_information' AIRFLOW_CTX_TASK_ID='append_to_database' AIRFLOW_CTX_EXECUTION_DATE='2025-01-16T06:23:00+00:00' AIRFLOW_CTX_TRY_NUMBER='1' AIRFLOW_CTX_DAG_RUN_ID='scheduled__2025-01-16T06:23:00+00:00'
[2025-01-16T06:24:04.039+0000] {taskinstance.py:731} INFO - ::endgroup::
[2025-01-16T06:24:04.105+0000] {logging_mixin.py:190} INFO - Kết nối thành công!
[2025-01-16T06:24:04.106+0000] {logging_mixin.py:190} INFO - <class 'str'>
[2025-01-16T06:24:04.106+0000] {logging_mixin.py:190} INFO - [['TCB', 25350, 22050, 23700, 'STOCK', 'HSX', '', 7045021622, 'STOCK', 8424683, 'Ngân hàng Thương mại Cổ phần Kỹ thương Việt Nam', 23700, '', '2025-01-16', 23750, 600, 3610100, 86042, 23833.68881748428, 23950, 23700, 's', 0, 0, 0, 1590552461, 86042.025, 36101, 23700, 23750, 208600, 23700, 246500, 23650, 188500, 23800, 163900, 23850, 224400, 23900, 308500, '2025-01-16 06:24:02']]
[2025-01-16T06:24:04.107+0000] {logging_mixin.py:190} INFO - <class 'list'>
[2025-01-16T06:24:04.107+0000] {logging_mixin.py:190} INFO - [['TCB', 25350, 22050, 23700, 'STOCK', 'HSX', '', 7045021622, 'STOCK', 8424683, 'Ngân hàng Thương mại Cổ phần Kỹ thương Việt Nam', 23700, '', '2025-01-16', 23750, 600, 3610100, 86042, 23833.68881748428, 23950, 23700, 's', 0, 0, 0, 1590552461, 86042.025, 36101, 23700, 23750, 208600, 23700, 246500, 23650, 188500, 23800, 163900, 23850, 224400, 23900, 308500, '2025-01-16 06:24:02']]
[2025-01-16T06:24:04.115+0000] {python.py:240} INFO - Done. Returned value was: None
[2025-01-16T06:24:04.123+0000] {taskinstance.py:340} INFO - ::group::Post task execution logs
[2025-01-16T06:24:04.124+0000] {taskinstance.py:352} INFO - Marking task as SUCCESS. dag_id=stock_information, task_id=append_to_database, run_id=scheduled__2025-01-16T06:23:00+00:00, execution_date=20250116T062300, start_date=20250116T062403, end_date=20250116T062404
[2025-01-16T06:24:04.175+0000] {local_task_job_runner.py:266} INFO - Task exited with return code 0
[2025-01-16T06:24:04.192+0000] {taskinstance.py:3895} INFO - 0 downstream tasks scheduled from follow-on schedule check
[2025-01-16T06:24:04.196+0000] {local_task_job_runner.py:245} INFO - ::endgroup::
