[2025-01-16T07:31:03.654+0000] {local_task_job_runner.py:123} INFO - ::group::Pre task execution logs
[2025-01-16T07:31:03.666+0000] {taskinstance.py:2613} INFO - Dependencies all met for dep_context=non-requeueable deps ti=<TaskInstance: stock_information.append_to_database scheduled__2025-01-16T07:30:00+00:00 [queued]>
[2025-01-16T07:31:03.673+0000] {taskinstance.py:2613} INFO - Dependencies all met for dep_context=requeueable deps ti=<TaskInstance: stock_information.append_to_database scheduled__2025-01-16T07:30:00+00:00 [queued]>
[2025-01-16T07:31:03.674+0000] {taskinstance.py:2866} INFO - Starting attempt 1 of 1
[2025-01-16T07:31:03.686+0000] {taskinstance.py:2889} INFO - Executing <Task(PythonOperator): append_to_database> on 2025-01-16 07:30:00+00:00
[2025-01-16T07:31:03.691+0000] {standard_task_runner.py:72} INFO - Started process 8854 to run task
[2025-01-16T07:31:03.693+0000] {standard_task_runner.py:104} INFO - Running: ['airflow', 'tasks', 'run', 'stock_information', 'append_to_database', 'scheduled__2025-01-16T07:30:00+00:00', '--job-id', '2011', '--raw', '--subdir', 'DAGS_FOLDER/vnstock_stream.py', '--cfg-path', '/tmp/tmp1d2xvzlb']
[2025-01-16T07:31:03.696+0000] {standard_task_runner.py:105} INFO - Job 2011: Subtask append_to_database
[2025-01-16T07:31:03.733+0000] {task_command.py:467} INFO - Running <TaskInstance: stock_information.append_to_database scheduled__2025-01-16T07:30:00+00:00 [running]> on host 453ac4defedc
[2025-01-16T07:31:03.809+0000] {taskinstance.py:3132} INFO - Exporting env vars: AIRFLOW_CTX_DAG_OWNER='TuanDz' AIRFLOW_CTX_DAG_ID='stock_information' AIRFLOW_CTX_TASK_ID='append_to_database' AIRFLOW_CTX_EXECUTION_DATE='2025-01-16T07:30:00+00:00' AIRFLOW_CTX_TRY_NUMBER='1' AIRFLOW_CTX_DAG_RUN_ID='scheduled__2025-01-16T07:30:00+00:00'
[2025-01-16T07:31:03.811+0000] {taskinstance.py:731} INFO - ::endgroup::
[2025-01-16T07:31:03.873+0000] {logging_mixin.py:190} INFO - Kết nối thành công!
[2025-01-16T07:31:03.874+0000] {logging_mixin.py:190} INFO - <class 'str'>
[2025-01-16T07:31:03.875+0000] {logging_mixin.py:190} INFO - [['TCB', 25350, 22050, 23700, 'STOCK', 'HSX', '', 7045021622, 'STOCK', 8424683, 'Ngân hàng Thương mại Cổ phần Kỹ thương Việt Nam', 23700, '', '2025-01-16', 23550, 0, 7499500, 178238, 23766.651110074006, 23950, 23600, 's', 0, 43800, 0, 1590552461, 178238.56999999922, 74995, 23700, 0, 3600, 23650, 300, 23600, 90900, 0, 135200, 23600, 300, 23750, 47900, '2025-01-16 07:31:02']]
[2025-01-16T07:31:03.876+0000] {logging_mixin.py:190} INFO - <class 'list'>
[2025-01-16T07:31:03.876+0000] {logging_mixin.py:190} INFO - [['TCB', 25350, 22050, 23700, 'STOCK', 'HSX', '', 7045021622, 'STOCK', 8424683, 'Ngân hàng Thương mại Cổ phần Kỹ thương Việt Nam', 23700, '', '2025-01-16', 23550, 0, 7499500, 178238, 23766.651110074006, 23950, 23600, 's', 0, 43800, 0, 1590552461, 178238.56999999922, 74995, 23700, 0, 3600, 23650, 300, 23600, 90900, 0, 135200, 23600, 300, 23750, 47900, '2025-01-16 07:31:02']]
[2025-01-16T07:31:03.883+0000] {python.py:240} INFO - Done. Returned value was: None
[2025-01-16T07:31:03.891+0000] {taskinstance.py:340} INFO - ::group::Post task execution logs
[2025-01-16T07:31:03.892+0000] {taskinstance.py:352} INFO - Marking task as SUCCESS. dag_id=stock_information, task_id=append_to_database, run_id=scheduled__2025-01-16T07:30:00+00:00, execution_date=20250116T073000, start_date=20250116T073103, end_date=20250116T073103
[2025-01-16T07:31:03.908+0000] {local_task_job_runner.py:266} INFO - Task exited with return code 0
[2025-01-16T07:31:03.920+0000] {taskinstance.py:3895} INFO - 0 downstream tasks scheduled from follow-on schedule check
[2025-01-16T07:31:03.926+0000] {local_task_job_runner.py:245} INFO - ::endgroup::
