[2025-01-15T07:21:04.143+0000] {local_task_job_runner.py:123} INFO - ::group::Pre task execution logs
[2025-01-15T07:21:04.156+0000] {taskinstance.py:2613} INFO - Dependencies all met for dep_context=non-requeueable deps ti=<TaskInstance: stock_information.append_to_database scheduled__2025-01-15T07:20:00+00:00 [queued]>
[2025-01-15T07:21:04.164+0000] {taskinstance.py:2613} INFO - Dependencies all met for dep_context=requeueable deps ti=<TaskInstance: stock_information.append_to_database scheduled__2025-01-15T07:20:00+00:00 [queued]>
[2025-01-15T07:21:04.166+0000] {taskinstance.py:2866} INFO - Starting attempt 1 of 1
[2025-01-15T07:21:04.179+0000] {taskinstance.py:2889} INFO - Executing <Task(PythonOperator): append_to_database> on 2025-01-15 07:20:00+00:00
[2025-01-15T07:21:04.185+0000] {standard_task_runner.py:72} INFO - Started process 8551 to run task
[2025-01-15T07:21:04.187+0000] {standard_task_runner.py:104} INFO - Running: ['airflow', 'tasks', 'run', 'stock_information', 'append_to_database', 'scheduled__2025-01-15T07:20:00+00:00', '--job-id', '1094', '--raw', '--subdir', 'DAGS_FOLDER/vnstock_stream.py', '--cfg-path', '/tmp/tmp54_akymw']
[2025-01-15T07:21:04.190+0000] {standard_task_runner.py:105} INFO - Job 1094: Subtask append_to_database
[2025-01-15T07:21:04.231+0000] {task_command.py:467} INFO - Running <TaskInstance: stock_information.append_to_database scheduled__2025-01-15T07:20:00+00:00 [running]> on host 453ac4defedc
[2025-01-15T07:21:04.308+0000] {taskinstance.py:3132} INFO - Exporting env vars: AIRFLOW_CTX_DAG_OWNER='TuanDz' AIRFLOW_CTX_DAG_ID='stock_information' AIRFLOW_CTX_TASK_ID='append_to_database' AIRFLOW_CTX_EXECUTION_DATE='2025-01-15T07:20:00+00:00' AIRFLOW_CTX_TRY_NUMBER='1' AIRFLOW_CTX_DAG_RUN_ID='scheduled__2025-01-15T07:20:00+00:00'
[2025-01-15T07:21:04.311+0000] {taskinstance.py:731} INFO - ::endgroup::
[2025-01-15T07:21:04.347+0000] {logging_mixin.py:190} INFO - Kết nối thành công!
[2025-01-15T07:21:04.348+0000] {logging_mixin.py:190} INFO - <class 'str'>
[2025-01-15T07:21:04.349+0000] {logging_mixin.py:190} INFO - [['TCB', 25250, 21950, 23600, 'STOCK', 'HSX', '', 7045021622, 'STOCK', 8424683, 'Ngân hàng Thương mại Cổ phần Kỹ thương Việt Nam', 23600, '', '2025-01-15', 23850, 3800, 5749200, 136820, 23798.09364781187, 23900, 23650, 's', 156700, 186700, 0, 1590552461, 136820.2899999999, 57492, 23600, 23850, 36700, 23800, 70000, 23750, 235500, 23900, 256300, 23950, 308100, 24000, 775300, '2025-01-15 07:21:02']]
[2025-01-15T07:21:04.350+0000] {logging_mixin.py:190} INFO - <class 'list'>
[2025-01-15T07:21:04.351+0000] {logging_mixin.py:190} INFO - [['TCB', 25250, 21950, 23600, 'STOCK', 'HSX', '', 7045021622, 'STOCK', 8424683, 'Ngân hàng Thương mại Cổ phần Kỹ thương Việt Nam', 23600, '', '2025-01-15', 23850, 3800, 5749200, 136820, 23798.09364781187, 23900, 23650, 's', 156700, 186700, 0, 1590552461, 136820.2899999999, 57492, 23600, 23850, 36700, 23800, 70000, 23750, 235500, 23900, 256300, 23950, 308100, 24000, 775300, '2025-01-15 07:21:02']]
[2025-01-15T07:21:04.353+0000] {python.py:240} INFO - Done. Returned value was: None
[2025-01-15T07:21:04.360+0000] {taskinstance.py:340} INFO - ::group::Post task execution logs
[2025-01-15T07:21:04.361+0000] {taskinstance.py:352} INFO - Marking task as SUCCESS. dag_id=stock_information, task_id=append_to_database, run_id=scheduled__2025-01-15T07:20:00+00:00, execution_date=20250115T072000, start_date=20250115T072104, end_date=20250115T072104
[2025-01-15T07:21:04.404+0000] {local_task_job_runner.py:266} INFO - Task exited with return code 0
[2025-01-15T07:21:04.422+0000] {taskinstance.py:3895} INFO - 0 downstream tasks scheduled from follow-on schedule check
[2025-01-15T07:21:04.426+0000] {local_task_job_runner.py:245} INFO - ::endgroup::
