[2025-01-15T04:30:04.814+0000] {local_task_job_runner.py:123} INFO - ::group::Pre task execution logs
[2025-01-15T04:30:04.826+0000] {taskinstance.py:2613} INFO - Dependencies all met for dep_context=non-requeueable deps ti=<TaskInstance: stock_information.append_to_database scheduled__2025-01-15T04:29:00+00:00 [queued]>
[2025-01-15T04:30:04.832+0000] {taskinstance.py:2613} INFO - Dependencies all met for dep_context=requeueable deps ti=<TaskInstance: stock_information.append_to_database scheduled__2025-01-15T04:29:00+00:00 [queued]>
[2025-01-15T04:30:04.834+0000] {taskinstance.py:2866} INFO - Starting attempt 1 of 1
[2025-01-15T04:30:04.846+0000] {taskinstance.py:2889} INFO - Executing <Task(PythonOperator): append_to_database> on 2025-01-15 04:29:00+00:00
[2025-01-15T04:30:04.852+0000] {standard_task_runner.py:72} INFO - Started process 3593 to run task
[2025-01-15T04:30:04.855+0000] {standard_task_runner.py:104} INFO - Running: ['airflow', 'tasks', 'run', 'stock_information', 'append_to_database', 'scheduled__2025-01-15T04:29:00+00:00', '--job-id', '752', '--raw', '--subdir', 'DAGS_FOLDER/vnstock_stream.py', '--cfg-path', '/tmp/tmpqntg2a2c']
[2025-01-15T04:30:04.858+0000] {standard_task_runner.py:105} INFO - Job 752: Subtask append_to_database
[2025-01-15T04:30:04.898+0000] {task_command.py:467} INFO - Running <TaskInstance: stock_information.append_to_database scheduled__2025-01-15T04:29:00+00:00 [running]> on host 453ac4defedc
[2025-01-15T04:30:04.978+0000] {taskinstance.py:3132} INFO - Exporting env vars: AIRFLOW_CTX_DAG_OWNER='TuanDz' AIRFLOW_CTX_DAG_ID='stock_information' AIRFLOW_CTX_TASK_ID='append_to_database' AIRFLOW_CTX_EXECUTION_DATE='2025-01-15T04:29:00+00:00' AIRFLOW_CTX_TRY_NUMBER='1' AIRFLOW_CTX_DAG_RUN_ID='scheduled__2025-01-15T04:29:00+00:00'
[2025-01-15T04:30:04.980+0000] {taskinstance.py:731} INFO - ::endgroup::
[2025-01-15T04:30:05.015+0000] {logging_mixin.py:190} INFO - Kết nối thành công!
[2025-01-15T04:30:05.016+0000] {logging_mixin.py:190} INFO - <class 'str'>
[2025-01-15T04:30:05.016+0000] {logging_mixin.py:190} INFO - [['TCB', 25250, 21950, 23600, 'STOCK', 'HSX', '', 7045021622, 'STOCK', 8424683, 'Ngân hàng Thương mại Cổ phần Kỹ thương Việt Nam', 23600, '', '2025-01-15', 23850, 10200, 2490500, 59208, 23773.53944990966, 23900, 23650, 's', 0, 0, 0, 1590552461, 59208.85999999998, 24905, 23600, 23850, 56200, 23800, 41400, 23750, 179300, 23900, 145000, 23950, 170500, 24000, 769600, '2025-01-15 04:30:03']]
[2025-01-15T04:30:05.017+0000] {logging_mixin.py:190} INFO - <class 'list'>
[2025-01-15T04:30:05.018+0000] {logging_mixin.py:190} INFO - [['TCB', 25250, 21950, 23600, 'STOCK', 'HSX', '', 7045021622, 'STOCK', 8424683, 'Ngân hàng Thương mại Cổ phần Kỹ thương Việt Nam', 23600, '', '2025-01-15', 23850, 10200, 2490500, 59208, 23773.53944990966, 23900, 23650, 's', 0, 0, 0, 1590552461, 59208.85999999998, 24905, 23600, 23850, 56200, 23800, 41400, 23750, 179300, 23900, 145000, 23950, 170500, 24000, 769600, '2025-01-15 04:30:03']]
[2025-01-15T04:30:05.021+0000] {python.py:240} INFO - Done. Returned value was: None
[2025-01-15T04:30:05.029+0000] {taskinstance.py:340} INFO - ::group::Post task execution logs
[2025-01-15T04:30:05.031+0000] {taskinstance.py:352} INFO - Marking task as SUCCESS. dag_id=stock_information, task_id=append_to_database, run_id=scheduled__2025-01-15T04:29:00+00:00, execution_date=20250115T042900, start_date=20250115T043004, end_date=20250115T043005
[2025-01-15T04:30:05.070+0000] {local_task_job_runner.py:266} INFO - Task exited with return code 0
[2025-01-15T04:30:05.090+0000] {taskinstance.py:3895} INFO - 0 downstream tasks scheduled from follow-on schedule check
[2025-01-15T04:30:05.095+0000] {local_task_job_runner.py:245} INFO - ::endgroup::
