[2025-01-16T06:50:04.811+0000] {local_task_job_runner.py:123} INFO - ::group::Pre task execution logs
[2025-01-16T06:50:04.823+0000] {taskinstance.py:2613} INFO - Dependencies all met for dep_context=non-requeueable deps ti=<TaskInstance: stock_information.append_to_database scheduled__2025-01-16T06:49:00+00:00 [queued]>
[2025-01-16T06:50:04.831+0000] {taskinstance.py:2613} INFO - Dependencies all met for dep_context=requeueable deps ti=<TaskInstance: stock_information.append_to_database scheduled__2025-01-16T06:49:00+00:00 [queued]>
[2025-01-16T06:50:04.832+0000] {taskinstance.py:2866} INFO - Starting attempt 1 of 1
[2025-01-16T06:50:04.843+0000] {taskinstance.py:2889} INFO - Executing <Task(PythonOperator): append_to_database> on 2025-01-16 06:49:00+00:00
[2025-01-16T06:50:04.849+0000] {standard_task_runner.py:72} INFO - Started process 7653 to run task
[2025-01-16T06:50:04.851+0000] {standard_task_runner.py:104} INFO - Running: ['airflow', 'tasks', 'run', 'stock_information', 'append_to_database', 'scheduled__2025-01-16T06:49:00+00:00', '--job-id', '1929', '--raw', '--subdir', 'DAGS_FOLDER/vnstock_stream.py', '--cfg-path', '/tmp/tmpke7fvln7']
[2025-01-16T06:50:04.854+0000] {standard_task_runner.py:105} INFO - Job 1929: Subtask append_to_database
[2025-01-16T06:50:04.893+0000] {task_command.py:467} INFO - Running <TaskInstance: stock_information.append_to_database scheduled__2025-01-16T06:49:00+00:00 [running]> on host 453ac4defedc
[2025-01-16T06:50:04.969+0000] {taskinstance.py:3132} INFO - Exporting env vars: AIRFLOW_CTX_DAG_OWNER='TuanDz' AIRFLOW_CTX_DAG_ID='stock_information' AIRFLOW_CTX_TASK_ID='append_to_database' AIRFLOW_CTX_EXECUTION_DATE='2025-01-16T06:49:00+00:00' AIRFLOW_CTX_TRY_NUMBER='1' AIRFLOW_CTX_DAG_RUN_ID='scheduled__2025-01-16T06:49:00+00:00'
[2025-01-16T06:50:04.970+0000] {taskinstance.py:731} INFO - ::endgroup::
[2025-01-16T06:50:05.039+0000] {logging_mixin.py:190} INFO - Kết nối thành công!
[2025-01-16T06:50:05.040+0000] {logging_mixin.py:190} INFO - <class 'str'>
[2025-01-16T06:50:05.040+0000] {logging_mixin.py:190} INFO - [['TCB', 25350, 22050, 23700, 'STOCK', 'HSX', '', 7045021622, 'STOCK', 8424683, 'Ngân hàng Thương mại Cổ phần Kỹ thương Việt Nam', 23700, '', '2025-01-16', 23750, 300, 3974100, 94686, 23825.771872876878, 23950, 23700, 's', 0, 0, 0, 1590552461, 94686.74999999999, 39741, 23700, 23750, 246500, 23700, 280000, 23650, 195100, 23800, 246400, 23850, 229300, 23900, 317000, '2025-01-16 06:50:02']]
[2025-01-16T06:50:05.041+0000] {logging_mixin.py:190} INFO - <class 'list'>
[2025-01-16T06:50:05.042+0000] {logging_mixin.py:190} INFO - [['TCB', 25350, 22050, 23700, 'STOCK', 'HSX', '', 7045021622, 'STOCK', 8424683, 'Ngân hàng Thương mại Cổ phần Kỹ thương Việt Nam', 23700, '', '2025-01-16', 23750, 300, 3974100, 94686, 23825.771872876878, 23950, 23700, 's', 0, 0, 0, 1590552461, 94686.74999999999, 39741, 23700, 23750, 246500, 23700, 280000, 23650, 195100, 23800, 246400, 23850, 229300, 23900, 317000, '2025-01-16 06:50:02']]
[2025-01-16T06:50:05.047+0000] {python.py:240} INFO - Done. Returned value was: None
[2025-01-16T06:50:05.056+0000] {taskinstance.py:340} INFO - ::group::Post task execution logs
[2025-01-16T06:50:05.057+0000] {taskinstance.py:352} INFO - Marking task as SUCCESS. dag_id=stock_information, task_id=append_to_database, run_id=scheduled__2025-01-16T06:49:00+00:00, execution_date=20250116T064900, start_date=20250116T065004, end_date=20250116T065005
[2025-01-16T06:50:05.106+0000] {local_task_job_runner.py:266} INFO - Task exited with return code 0
[2025-01-16T06:50:05.119+0000] {taskinstance.py:3895} INFO - 0 downstream tasks scheduled from follow-on schedule check
[2025-01-16T06:50:05.123+0000] {local_task_job_runner.py:245} INFO - ::endgroup::
