[2025-01-15T04:21:05.933+0000] {local_task_job_runner.py:123} INFO - ::group::Pre task execution logs
[2025-01-15T04:21:05.949+0000] {taskinstance.py:2613} INFO - Dependencies all met for dep_context=non-requeueable deps ti=<TaskInstance: stock_information.append_to_database scheduled__2025-01-15T04:20:00+00:00 [queued]>
[2025-01-15T04:21:05.958+0000] {taskinstance.py:2613} INFO - Dependencies all met for dep_context=requeueable deps ti=<TaskInstance: stock_information.append_to_database scheduled__2025-01-15T04:20:00+00:00 [queued]>
[2025-01-15T04:21:05.959+0000] {taskinstance.py:2866} INFO - Starting attempt 1 of 1
[2025-01-15T04:21:05.973+0000] {taskinstance.py:2889} INFO - Executing <Task(PythonOperator): append_to_database> on 2025-01-15 04:20:00+00:00
[2025-01-15T04:21:05.980+0000] {standard_task_runner.py:72} INFO - Started process 3331 to run task
[2025-01-15T04:21:05.983+0000] {standard_task_runner.py:104} INFO - Running: ['airflow', 'tasks', 'run', 'stock_information', 'append_to_database', 'scheduled__2025-01-15T04:20:00+00:00', '--job-id', '734', '--raw', '--subdir', 'DAGS_FOLDER/vnstock_stream.py', '--cfg-path', '/tmp/tmp463saqeu']
[2025-01-15T04:21:05.986+0000] {standard_task_runner.py:105} INFO - Job 734: Subtask append_to_database
[2025-01-15T04:21:06.030+0000] {task_command.py:467} INFO - Running <TaskInstance: stock_information.append_to_database scheduled__2025-01-15T04:20:00+00:00 [running]> on host 453ac4defedc
[2025-01-15T04:21:06.133+0000] {taskinstance.py:3132} INFO - Exporting env vars: AIRFLOW_CTX_DAG_OWNER='TuanDz' AIRFLOW_CTX_DAG_ID='stock_information' AIRFLOW_CTX_TASK_ID='append_to_database' AIRFLOW_CTX_EXECUTION_DATE='2025-01-15T04:20:00+00:00' AIRFLOW_CTX_TRY_NUMBER='1' AIRFLOW_CTX_DAG_RUN_ID='scheduled__2025-01-15T04:20:00+00:00'
[2025-01-15T04:21:06.136+0000] {taskinstance.py:731} INFO - ::endgroup::
[2025-01-15T04:21:06.199+0000] {logging_mixin.py:190} INFO - Kết nối thành công!
[2025-01-15T04:21:06.202+0000] {logging_mixin.py:190} INFO - <class 'str'>
[2025-01-15T04:21:06.205+0000] {logging_mixin.py:190} INFO - [['TCB', 25250, 21950, 23600, 'STOCK', 'HSX', '', 7045021622, 'STOCK', 8424683, 'Ngân hàng Thương mại Cổ phần Kỹ thương Việt Nam', 23600, '', '2025-01-15', 23800, 100, 2265700, 53838, 23762.19269982787, 23900, 23650, 's', 0, 0, 0, 1590552461, 53838.71500000001, 22657, 23600, 23800, 143600, 23750, 165200, 23700, 196700, 23850, 26500, 23900, 323400, 23950, 164200, '2025-01-15 04:21:03']]
[2025-01-15T04:21:06.207+0000] {logging_mixin.py:190} INFO - <class 'list'>
[2025-01-15T04:21:06.208+0000] {logging_mixin.py:190} INFO - [['TCB', 25250, 21950, 23600, 'STOCK', 'HSX', '', 7045021622, 'STOCK', 8424683, 'Ngân hàng Thương mại Cổ phần Kỹ thương Việt Nam', 23600, '', '2025-01-15', 23800, 100, 2265700, 53838, 23762.19269982787, 23900, 23650, 's', 0, 0, 0, 1590552461, 53838.71500000001, 22657, 23600, 23800, 143600, 23750, 165200, 23700, 196700, 23850, 26500, 23900, 323400, 23950, 164200, '2025-01-15 04:21:03']]
[2025-01-15T04:21:06.211+0000] {python.py:240} INFO - Done. Returned value was: None
[2025-01-15T04:21:06.220+0000] {taskinstance.py:340} INFO - ::group::Post task execution logs
[2025-01-15T04:21:06.221+0000] {taskinstance.py:352} INFO - Marking task as SUCCESS. dag_id=stock_information, task_id=append_to_database, run_id=scheduled__2025-01-15T04:20:00+00:00, execution_date=20250115T042000, start_date=20250115T042105, end_date=20250115T042106
[2025-01-15T04:21:06.238+0000] {local_task_job_runner.py:266} INFO - Task exited with return code 0
[2025-01-15T04:21:06.255+0000] {taskinstance.py:3895} INFO - 0 downstream tasks scheduled from follow-on schedule check
[2025-01-15T04:21:06.260+0000] {local_task_job_runner.py:245} INFO - ::endgroup::
