[2025-01-16T03:51:04.750+0000] {local_task_job_runner.py:123} INFO - ::group::Pre task execution logs
[2025-01-16T03:51:04.761+0000] {taskinstance.py:2613} INFO - Dependencies all met for dep_context=non-requeueable deps ti=<TaskInstance: stock_information.append_to_database scheduled__2025-01-16T03:50:00+00:00 [queued]>
[2025-01-16T03:51:04.769+0000] {taskinstance.py:2613} INFO - Dependencies all met for dep_context=requeueable deps ti=<TaskInstance: stock_information.append_to_database scheduled__2025-01-16T03:50:00+00:00 [queued]>
[2025-01-16T03:51:04.771+0000] {taskinstance.py:2866} INFO - Starting attempt 1 of 1
[2025-01-16T03:51:04.784+0000] {taskinstance.py:2889} INFO - Executing <Task(PythonOperator): append_to_database> on 2025-01-16 03:50:00+00:00
[2025-01-16T03:51:04.789+0000] {standard_task_runner.py:72} INFO - Started process 2410 to run task
[2025-01-16T03:51:04.792+0000] {standard_task_runner.py:104} INFO - Running: ['airflow', 'tasks', 'run', 'stock_information', 'append_to_database', 'scheduled__2025-01-16T03:50:00+00:00', '--job-id', '1571', '--raw', '--subdir', 'DAGS_FOLDER/vnstock_stream.py', '--cfg-path', '/tmp/tmptv6nhgr4']
[2025-01-16T03:51:04.796+0000] {standard_task_runner.py:105} INFO - Job 1571: Subtask append_to_database
[2025-01-16T03:51:04.840+0000] {task_command.py:467} INFO - Running <TaskInstance: stock_information.append_to_database scheduled__2025-01-16T03:50:00+00:00 [running]> on host 453ac4defedc
[2025-01-16T03:51:04.920+0000] {taskinstance.py:3132} INFO - Exporting env vars: AIRFLOW_CTX_DAG_OWNER='TuanDz' AIRFLOW_CTX_DAG_ID='stock_information' AIRFLOW_CTX_TASK_ID='append_to_database' AIRFLOW_CTX_EXECUTION_DATE='2025-01-16T03:50:00+00:00' AIRFLOW_CTX_TRY_NUMBER='1' AIRFLOW_CTX_DAG_RUN_ID='scheduled__2025-01-16T03:50:00+00:00'
[2025-01-16T03:51:04.922+0000] {taskinstance.py:731} INFO - ::endgroup::
[2025-01-16T03:51:04.971+0000] {logging_mixin.py:190} INFO - Kết nối thành công!
[2025-01-16T03:51:04.971+0000] {logging_mixin.py:190} INFO - <class 'str'>
[2025-01-16T03:51:04.972+0000] {logging_mixin.py:190} INFO - [['TCB', 25350, 22050, 23700, 'STOCK', 'HSX', '', 7045021622, 'STOCK', 8424683, 'Ngân hàng Thương mại Cổ phần Kỹ thương Việt Nam', 23700, '', '2025-01-16', 23750, 1000, 3024300, 72129, 23849.816486459677, 23950, 23750, 's', 0, 0, 0, 1590552461, 72129.58999999998, 30243, 23700, 23750, 234600, 23700, 261600, 23650, 29300, 23800, 17200, 23850, 195500, 23900, 270400, '2025-01-16 03:51:02']]
[2025-01-16T03:51:04.973+0000] {logging_mixin.py:190} INFO - <class 'list'>
[2025-01-16T03:51:04.973+0000] {logging_mixin.py:190} INFO - [['TCB', 25350, 22050, 23700, 'STOCK', 'HSX', '', 7045021622, 'STOCK', 8424683, 'Ngân hàng Thương mại Cổ phần Kỹ thương Việt Nam', 23700, '', '2025-01-16', 23750, 1000, 3024300, 72129, 23849.816486459677, 23950, 23750, 's', 0, 0, 0, 1590552461, 72129.58999999998, 30243, 23700, 23750, 234600, 23700, 261600, 23650, 29300, 23800, 17200, 23850, 195500, 23900, 270400, '2025-01-16 03:51:02']]
[2025-01-16T03:51:04.978+0000] {python.py:240} INFO - Done. Returned value was: None
[2025-01-16T03:51:04.985+0000] {taskinstance.py:340} INFO - ::group::Post task execution logs
[2025-01-16T03:51:04.986+0000] {taskinstance.py:352} INFO - Marking task as SUCCESS. dag_id=stock_information, task_id=append_to_database, run_id=scheduled__2025-01-16T03:50:00+00:00, execution_date=20250116T035000, start_date=20250116T035104, end_date=20250116T035104
[2025-01-16T03:51:05.007+0000] {local_task_job_runner.py:266} INFO - Task exited with return code 0
[2025-01-16T03:51:05.020+0000] {taskinstance.py:3895} INFO - 0 downstream tasks scheduled from follow-on schedule check
[2025-01-16T03:51:05.024+0000] {local_task_job_runner.py:245} INFO - ::endgroup::
