[2025-01-17T03:17:03.641+0000] {local_task_job_runner.py:123} INFO - ::group::Pre task execution logs
[2025-01-17T03:17:03.654+0000] {taskinstance.py:2613} INFO - Dependencies all met for dep_context=non-requeueable deps ti=<TaskInstance: stock_information.append_to_database scheduled__2025-01-17T03:16:00+00:00 [queued]>
[2025-01-17T03:17:03.661+0000] {taskinstance.py:2613} INFO - Dependencies all met for dep_context=requeueable deps ti=<TaskInstance: stock_information.append_to_database scheduled__2025-01-17T03:16:00+00:00 [queued]>
[2025-01-17T03:17:03.663+0000] {taskinstance.py:2866} INFO - Starting attempt 1 of 1
[2025-01-17T03:17:03.675+0000] {taskinstance.py:2889} INFO - Executing <Task(PythonOperator): append_to_database> on 2025-01-17 03:16:00+00:00
[2025-01-17T03:17:03.681+0000] {standard_task_runner.py:72} INFO - Started process 2914 to run task
[2025-01-17T03:17:03.683+0000] {standard_task_runner.py:104} INFO - Running: ['airflow', 'tasks', 'run', 'stock_information', 'append_to_database', 'scheduled__2025-01-17T03:16:00+00:00', '--job-id', '2406', '--raw', '--subdir', 'DAGS_FOLDER/vnstock_stream.py', '--cfg-path', '/tmp/tmpo6mm17vk']
[2025-01-17T03:17:03.686+0000] {standard_task_runner.py:105} INFO - Job 2406: Subtask append_to_database
[2025-01-17T03:17:03.724+0000] {task_command.py:467} INFO - Running <TaskInstance: stock_information.append_to_database scheduled__2025-01-17T03:16:00+00:00 [running]> on host 453ac4defedc
[2025-01-17T03:17:03.798+0000] {taskinstance.py:3132} INFO - Exporting env vars: AIRFLOW_CTX_DAG_OWNER='TuanDz' AIRFLOW_CTX_DAG_ID='stock_information' AIRFLOW_CTX_TASK_ID='append_to_database' AIRFLOW_CTX_EXECUTION_DATE='2025-01-17T03:16:00+00:00' AIRFLOW_CTX_TRY_NUMBER='1' AIRFLOW_CTX_DAG_RUN_ID='scheduled__2025-01-17T03:16:00+00:00'
[2025-01-17T03:17:03.800+0000] {taskinstance.py:731} INFO - ::endgroup::
[2025-01-17T03:17:03.858+0000] {logging_mixin.py:190} INFO - Kết nối thành công!
[2025-01-17T03:17:03.859+0000] {logging_mixin.py:190} INFO - <class 'str'>
[2025-01-17T03:17:03.859+0000] {logging_mixin.py:190} INFO - [['TCB', 25500, 22200, 23850, 'STOCK', 'HSX', '', 7045021622, 'STOCK', 8424683, 'Ngân hàng Thương mại Cổ phần Kỹ thương Việt Nam', 23850, '', '2025-01-17', 23850, 300, 550700, 13123, 23829.671327401487, 23900, 23750, 's', 5300, 43200, 0, 1590552461, 13123.600000000019, 5507, 23850, 23850, 64200, 23800, 248300, 23750, 92900, 23900, 204000, 23950, 328300, 24000, 960800, '2025-01-17 03:17:02']]
[2025-01-17T03:17:03.860+0000] {logging_mixin.py:190} INFO - <class 'list'>
[2025-01-17T03:17:03.860+0000] {logging_mixin.py:190} INFO - [['TCB', 25500, 22200, 23850, 'STOCK', 'HSX', '', 7045021622, 'STOCK', 8424683, 'Ngân hàng Thương mại Cổ phần Kỹ thương Việt Nam', 23850, '', '2025-01-17', 23850, 300, 550700, 13123, 23829.671327401487, 23900, 23750, 's', 5300, 43200, 0, 1590552461, 13123.600000000019, 5507, 23850, 23850, 64200, 23800, 248300, 23750, 92900, 23900, 204000, 23950, 328300, 24000, 960800, '2025-01-17 03:17:02']]
[2025-01-17T03:17:03.866+0000] {python.py:240} INFO - Done. Returned value was: None
[2025-01-17T03:17:03.873+0000] {taskinstance.py:340} INFO - ::group::Post task execution logs
[2025-01-17T03:17:03.873+0000] {taskinstance.py:352} INFO - Marking task as SUCCESS. dag_id=stock_information, task_id=append_to_database, run_id=scheduled__2025-01-17T03:16:00+00:00, execution_date=20250117T031600, start_date=20250117T031703, end_date=20250117T031703
[2025-01-17T03:17:03.898+0000] {local_task_job_runner.py:266} INFO - Task exited with return code 0
[2025-01-17T03:17:03.912+0000] {taskinstance.py:3895} INFO - 0 downstream tasks scheduled from follow-on schedule check
[2025-01-17T03:17:03.916+0000] {local_task_job_runner.py:245} INFO - ::endgroup::
