[2025-01-17T02:54:04.371+0000] {local_task_job_runner.py:123} INFO - ::group::Pre task execution logs
[2025-01-17T02:54:04.383+0000] {taskinstance.py:2613} INFO - Dependencies all met for dep_context=non-requeueable deps ti=<TaskInstance: stock_information.append_to_database scheduled__2025-01-17T02:53:00+00:00 [queued]>
[2025-01-17T02:54:04.391+0000] {taskinstance.py:2613} INFO - Dependencies all met for dep_context=requeueable deps ti=<TaskInstance: stock_information.append_to_database scheduled__2025-01-17T02:53:00+00:00 [queued]>
[2025-01-17T02:54:04.392+0000] {taskinstance.py:2866} INFO - Starting attempt 1 of 1
[2025-01-17T02:54:04.404+0000] {taskinstance.py:2889} INFO - Executing <Task(PythonOperator): append_to_database> on 2025-01-17 02:53:00+00:00
[2025-01-17T02:54:04.408+0000] {standard_task_runner.py:72} INFO - Started process 2241 to run task
[2025-01-17T02:54:04.411+0000] {standard_task_runner.py:104} INFO - Running: ['airflow', 'tasks', 'run', 'stock_information', 'append_to_database', 'scheduled__2025-01-17T02:53:00+00:00', '--job-id', '2360', '--raw', '--subdir', 'DAGS_FOLDER/vnstock_stream.py', '--cfg-path', '/tmp/tmpq5z02uhr']
[2025-01-17T02:54:04.414+0000] {standard_task_runner.py:105} INFO - Job 2360: Subtask append_to_database
[2025-01-17T02:54:04.452+0000] {task_command.py:467} INFO - Running <TaskInstance: stock_information.append_to_database scheduled__2025-01-17T02:53:00+00:00 [running]> on host 453ac4defedc
[2025-01-17T02:54:04.528+0000] {taskinstance.py:3132} INFO - Exporting env vars: AIRFLOW_CTX_DAG_OWNER='TuanDz' AIRFLOW_CTX_DAG_ID='stock_information' AIRFLOW_CTX_TASK_ID='append_to_database' AIRFLOW_CTX_EXECUTION_DATE='2025-01-17T02:53:00+00:00' AIRFLOW_CTX_TRY_NUMBER='1' AIRFLOW_CTX_DAG_RUN_ID='scheduled__2025-01-17T02:53:00+00:00'
[2025-01-17T02:54:04.530+0000] {taskinstance.py:731} INFO - ::endgroup::
[2025-01-17T02:54:04.596+0000] {logging_mixin.py:190} INFO - Kết nối thành công!
[2025-01-17T02:54:04.597+0000] {logging_mixin.py:190} INFO - <class 'str'>
[2025-01-17T02:54:04.598+0000] {logging_mixin.py:190} INFO - [['TCB', 25500, 22200, 23850, 'STOCK', 'HSX', '', 7045021622, 'STOCK', 8424683, 'Ngân hàng Thương mại Cổ phần Kỹ thương Việt Nam', 23850, '', '2025-01-17', 23850, 300, 278600, 6634, 23811.91672648959, 23900, 23750, 's', 5300, 22500, 0, 1590552461, 6634.675000000015, 2786, 23850, 23850, 23800, 23800, 155600, 23750, 66000, 23900, 176900, 23950, 303800, 24000, 901700, '2025-01-17 02:54:02']]
[2025-01-17T02:54:04.598+0000] {logging_mixin.py:190} INFO - <class 'list'>
[2025-01-17T02:54:04.599+0000] {logging_mixin.py:190} INFO - [['TCB', 25500, 22200, 23850, 'STOCK', 'HSX', '', 7045021622, 'STOCK', 8424683, 'Ngân hàng Thương mại Cổ phần Kỹ thương Việt Nam', 23850, '', '2025-01-17', 23850, 300, 278600, 6634, 23811.91672648959, 23900, 23750, 's', 5300, 22500, 0, 1590552461, 6634.675000000015, 2786, 23850, 23850, 23800, 23800, 155600, 23750, 66000, 23900, 176900, 23950, 303800, 24000, 901700, '2025-01-17 02:54:02']]
[2025-01-17T02:54:04.606+0000] {python.py:240} INFO - Done. Returned value was: None
[2025-01-17T02:54:04.614+0000] {taskinstance.py:340} INFO - ::group::Post task execution logs
[2025-01-17T02:54:04.615+0000] {taskinstance.py:352} INFO - Marking task as SUCCESS. dag_id=stock_information, task_id=append_to_database, run_id=scheduled__2025-01-17T02:53:00+00:00, execution_date=20250117T025300, start_date=20250117T025404, end_date=20250117T025404
[2025-01-17T02:54:04.667+0000] {local_task_job_runner.py:266} INFO - Task exited with return code 0
[2025-01-17T02:54:04.687+0000] {taskinstance.py:3895} INFO - 0 downstream tasks scheduled from follow-on schedule check
[2025-01-17T02:54:04.692+0000] {local_task_job_runner.py:245} INFO - ::endgroup::
