[2025-01-16T06:09:04.744+0000] {local_task_job_runner.py:123} INFO - ::group::Pre task execution logs
[2025-01-16T06:09:04.761+0000] {taskinstance.py:2613} INFO - Dependencies all met for dep_context=non-requeueable deps ti=<TaskInstance: stock_information.append_to_database scheduled__2025-01-16T06:08:00+00:00 [queued]>
[2025-01-16T06:09:04.769+0000] {taskinstance.py:2613} INFO - Dependencies all met for dep_context=requeueable deps ti=<TaskInstance: stock_information.append_to_database scheduled__2025-01-16T06:08:00+00:00 [queued]>
[2025-01-16T06:09:04.771+0000] {taskinstance.py:2866} INFO - Starting attempt 1 of 1
[2025-01-16T06:09:04.784+0000] {taskinstance.py:2889} INFO - Executing <Task(PythonOperator): append_to_database> on 2025-01-16 06:08:00+00:00
[2025-01-16T06:09:04.791+0000] {standard_task_runner.py:72} INFO - Started process 6452 to run task
[2025-01-16T06:09:04.793+0000] {standard_task_runner.py:104} INFO - Running: ['airflow', 'tasks', 'run', 'stock_information', 'append_to_database', 'scheduled__2025-01-16T06:08:00+00:00', '--job-id', '1847', '--raw', '--subdir', 'DAGS_FOLDER/vnstock_stream.py', '--cfg-path', '/tmp/tmpgv4ypyk8']
[2025-01-16T06:09:04.797+0000] {standard_task_runner.py:105} INFO - Job 1847: Subtask append_to_database
[2025-01-16T06:09:04.845+0000] {task_command.py:467} INFO - Running <TaskInstance: stock_information.append_to_database scheduled__2025-01-16T06:08:00+00:00 [running]> on host 453ac4defedc
[2025-01-16T06:09:04.926+0000] {taskinstance.py:3132} INFO - Exporting env vars: AIRFLOW_CTX_DAG_OWNER='TuanDz' AIRFLOW_CTX_DAG_ID='stock_information' AIRFLOW_CTX_TASK_ID='append_to_database' AIRFLOW_CTX_EXECUTION_DATE='2025-01-16T06:08:00+00:00' AIRFLOW_CTX_TRY_NUMBER='1' AIRFLOW_CTX_DAG_RUN_ID='scheduled__2025-01-16T06:08:00+00:00'
[2025-01-16T06:09:04.928+0000] {taskinstance.py:731} INFO - ::endgroup::
[2025-01-16T06:09:05.015+0000] {logging_mixin.py:190} INFO - Kết nối thành công!
[2025-01-16T06:09:05.016+0000] {logging_mixin.py:190} INFO - <class 'str'>
[2025-01-16T06:09:05.017+0000] {logging_mixin.py:190} INFO - [['TCB', 25350, 22050, 23700, 'STOCK', 'HSX', '', 7045021622, 'STOCK', 8424683, 'Ngân hàng Thương mại Cổ phần Kỹ thương Việt Nam', 23700, '', '2025-01-16', 23700, 200, 3477200, 82885, 23836.70769584723, 23950, 23700, 's', 0, 0, 0, 1590552461, 82885.255, 34772, 23700, 23700, 255400, 23650, 155500, 23600, 208200, 23750, 8600, 23800, 161600, 23850, 220600, '2025-01-16 06:09:02']]
[2025-01-16T06:09:05.018+0000] {logging_mixin.py:190} INFO - <class 'list'>
[2025-01-16T06:09:05.019+0000] {logging_mixin.py:190} INFO - [['TCB', 25350, 22050, 23700, 'STOCK', 'HSX', '', 7045021622, 'STOCK', 8424683, 'Ngân hàng Thương mại Cổ phần Kỹ thương Việt Nam', 23700, '', '2025-01-16', 23700, 200, 3477200, 82885, 23836.70769584723, 23950, 23700, 's', 0, 0, 0, 1590552461, 82885.255, 34772, 23700, 23700, 255400, 23650, 155500, 23600, 208200, 23750, 8600, 23800, 161600, 23850, 220600, '2025-01-16 06:09:02']]
[2025-01-16T06:09:05.028+0000] {python.py:240} INFO - Done. Returned value was: None
[2025-01-16T06:09:05.036+0000] {taskinstance.py:340} INFO - ::group::Post task execution logs
[2025-01-16T06:09:05.036+0000] {taskinstance.py:352} INFO - Marking task as SUCCESS. dag_id=stock_information, task_id=append_to_database, run_id=scheduled__2025-01-16T06:08:00+00:00, execution_date=20250116T060800, start_date=20250116T060904, end_date=20250116T060905
[2025-01-16T06:09:05.091+0000] {local_task_job_runner.py:266} INFO - Task exited with return code 0
[2025-01-16T06:09:05.103+0000] {taskinstance.py:3895} INFO - 0 downstream tasks scheduled from follow-on schedule check
[2025-01-16T06:09:05.106+0000] {local_task_job_runner.py:245} INFO - ::endgroup::
