[2025-01-17T02:41:04.201+0000] {local_task_job_runner.py:123} INFO - ::group::Pre task execution logs
[2025-01-17T02:41:04.214+0000] {taskinstance.py:2613} INFO - Dependencies all met for dep_context=non-requeueable deps ti=<TaskInstance: stock_information.append_to_database scheduled__2025-01-17T02:40:00+00:00 [queued]>
[2025-01-17T02:41:04.221+0000] {taskinstance.py:2613} INFO - Dependencies all met for dep_context=requeueable deps ti=<TaskInstance: stock_information.append_to_database scheduled__2025-01-17T02:40:00+00:00 [queued]>
[2025-01-17T02:41:04.222+0000] {taskinstance.py:2866} INFO - Starting attempt 1 of 1
[2025-01-17T02:41:04.235+0000] {taskinstance.py:2889} INFO - Executing <Task(PythonOperator): append_to_database> on 2025-01-17 02:40:00+00:00
[2025-01-17T02:41:04.241+0000] {standard_task_runner.py:72} INFO - Started process 1863 to run task
[2025-01-17T02:41:04.243+0000] {standard_task_runner.py:104} INFO - Running: ['airflow', 'tasks', 'run', 'stock_information', 'append_to_database', 'scheduled__2025-01-17T02:40:00+00:00', '--job-id', '2334', '--raw', '--subdir', 'DAGS_FOLDER/vnstock_stream.py', '--cfg-path', '/tmp/tmpb4zfnjmo']
[2025-01-17T02:41:04.246+0000] {standard_task_runner.py:105} INFO - Job 2334: Subtask append_to_database
[2025-01-17T02:41:04.285+0000] {task_command.py:467} INFO - Running <TaskInstance: stock_information.append_to_database scheduled__2025-01-17T02:40:00+00:00 [running]> on host 453ac4defedc
[2025-01-17T02:41:04.359+0000] {taskinstance.py:3132} INFO - Exporting env vars: AIRFLOW_CTX_DAG_OWNER='TuanDz' AIRFLOW_CTX_DAG_ID='stock_information' AIRFLOW_CTX_TASK_ID='append_to_database' AIRFLOW_CTX_EXECUTION_DATE='2025-01-17T02:40:00+00:00' AIRFLOW_CTX_TRY_NUMBER='1' AIRFLOW_CTX_DAG_RUN_ID='scheduled__2025-01-17T02:40:00+00:00'
[2025-01-17T02:41:04.361+0000] {taskinstance.py:731} INFO - ::endgroup::
[2025-01-17T02:41:04.396+0000] {logging_mixin.py:190} INFO - Kết nối thành công!
[2025-01-17T02:41:04.398+0000] {logging_mixin.py:190} INFO - <class 'str'>
[2025-01-17T02:41:04.398+0000] {logging_mixin.py:190} INFO - [['TCB', 25500, 22200, 23850, 'STOCK', 'HSX', '', 7045021622, 'STOCK', 8424683, 'Ngân hàng Thương mại Cổ phần Kỹ thương Việt Nam', 23850, '', '2025-01-17', 23800, 300, 157200, 3743, 23810.432569974553, 23900, 23750, 's', 5300, 10800, 0, 1590552461, 3743.3100000000036, 1572, 23850, 23800, 45200, 23750, 94900, 23700, 50100, 23850, 57000, 23900, 79900, 23950, 291600, '2025-01-17 02:41:02']]
[2025-01-17T02:41:04.399+0000] {logging_mixin.py:190} INFO - <class 'list'>
[2025-01-17T02:41:04.400+0000] {logging_mixin.py:190} INFO - [['TCB', 25500, 22200, 23850, 'STOCK', 'HSX', '', 7045021622, 'STOCK', 8424683, 'Ngân hàng Thương mại Cổ phần Kỹ thương Việt Nam', 23850, '', '2025-01-17', 23800, 300, 157200, 3743, 23810.432569974553, 23900, 23750, 's', 5300, 10800, 0, 1590552461, 3743.3100000000036, 1572, 23850, 23800, 45200, 23750, 94900, 23700, 50100, 23850, 57000, 23900, 79900, 23950, 291600, '2025-01-17 02:41:02']]
[2025-01-17T02:41:04.404+0000] {python.py:240} INFO - Done. Returned value was: None
[2025-01-17T02:41:04.412+0000] {taskinstance.py:340} INFO - ::group::Post task execution logs
[2025-01-17T02:41:04.414+0000] {taskinstance.py:352} INFO - Marking task as SUCCESS. dag_id=stock_information, task_id=append_to_database, run_id=scheduled__2025-01-17T02:40:00+00:00, execution_date=20250117T024000, start_date=20250117T024104, end_date=20250117T024104
[2025-01-17T02:41:04.458+0000] {local_task_job_runner.py:266} INFO - Task exited with return code 0
[2025-01-17T02:41:04.470+0000] {taskinstance.py:3895} INFO - 0 downstream tasks scheduled from follow-on schedule check
[2025-01-17T02:41:04.473+0000] {local_task_job_runner.py:245} INFO - ::endgroup::
