[2025-01-15T06:39:05.310+0000] {local_task_job_runner.py:123} INFO - ::group::Pre task execution logs
[2025-01-15T06:39:05.323+0000] {taskinstance.py:2613} INFO - Dependencies all met for dep_context=non-requeueable deps ti=<TaskInstance: stock_information.append_to_database scheduled__2025-01-15T06:38:00+00:00 [queued]>
[2025-01-15T06:39:05.330+0000] {taskinstance.py:2613} INFO - Dependencies all met for dep_context=requeueable deps ti=<TaskInstance: stock_information.append_to_database scheduled__2025-01-15T06:38:00+00:00 [queued]>
[2025-01-15T06:39:05.332+0000] {taskinstance.py:2866} INFO - Starting attempt 1 of 1
[2025-01-15T06:39:05.345+0000] {taskinstance.py:2889} INFO - Executing <Task(PythonOperator): append_to_database> on 2025-01-15 06:38:00+00:00
[2025-01-15T06:39:05.352+0000] {standard_task_runner.py:72} INFO - Started process 7325 to run task
[2025-01-15T06:39:05.355+0000] {standard_task_runner.py:104} INFO - Running: ['airflow', 'tasks', 'run', 'stock_information', 'append_to_database', 'scheduled__2025-01-15T06:38:00+00:00', '--job-id', '1010', '--raw', '--subdir', 'DAGS_FOLDER/vnstock_stream.py', '--cfg-path', '/tmp/tmphu2rpy4r']
[2025-01-15T06:39:05.360+0000] {standard_task_runner.py:105} INFO - Job 1010: Subtask append_to_database
[2025-01-15T06:39:05.407+0000] {task_command.py:467} INFO - Running <TaskInstance: stock_information.append_to_database scheduled__2025-01-15T06:38:00+00:00 [running]> on host 453ac4defedc
[2025-01-15T06:39:05.487+0000] {taskinstance.py:3132} INFO - Exporting env vars: AIRFLOW_CTX_DAG_OWNER='TuanDz' AIRFLOW_CTX_DAG_ID='stock_information' AIRFLOW_CTX_TASK_ID='append_to_database' AIRFLOW_CTX_EXECUTION_DATE='2025-01-15T06:38:00+00:00' AIRFLOW_CTX_TRY_NUMBER='1' AIRFLOW_CTX_DAG_RUN_ID='scheduled__2025-01-15T06:38:00+00:00'
[2025-01-15T06:39:05.489+0000] {taskinstance.py:731} INFO - ::endgroup::
[2025-01-15T06:39:05.536+0000] {logging_mixin.py:190} INFO - Kết nối thành công!
[2025-01-15T06:39:05.537+0000] {logging_mixin.py:190} INFO - <class 'str'>
[2025-01-15T06:39:05.538+0000] {logging_mixin.py:190} INFO - [['TCB', 25250, 21950, 23600, 'STOCK', 'HSX', '', 7045021622, 'STOCK', 8424683, 'Ngân hàng Thương mại Cổ phần Kỹ thương Việt Nam', 23600, '', '2025-01-15', 23750, 2200, 3959400, 94235, 23800.32328130525, 23900, 23650, 's', 156700, 156700, 0, 1590552461, 94235.4949999998, 39594, 23600, 23750, 368300, 23700, 322300, 23650, 233200, 23800, 3700, 23850, 81800, 23900, 192600, '2025-01-15 06:39:03']]
[2025-01-15T06:39:05.539+0000] {logging_mixin.py:190} INFO - <class 'list'>
[2025-01-15T06:39:05.540+0000] {logging_mixin.py:190} INFO - [['TCB', 25250, 21950, 23600, 'STOCK', 'HSX', '', 7045021622, 'STOCK', 8424683, 'Ngân hàng Thương mại Cổ phần Kỹ thương Việt Nam', 23600, '', '2025-01-15', 23750, 2200, 3959400, 94235, 23800.32328130525, 23900, 23650, 's', 156700, 156700, 0, 1590552461, 94235.4949999998, 39594, 23600, 23750, 368300, 23700, 322300, 23650, 233200, 23800, 3700, 23850, 81800, 23900, 192600, '2025-01-15 06:39:03']]
[2025-01-15T06:39:05.543+0000] {python.py:240} INFO - Done. Returned value was: None
[2025-01-15T06:39:05.552+0000] {taskinstance.py:340} INFO - ::group::Post task execution logs
[2025-01-15T06:39:05.554+0000] {taskinstance.py:352} INFO - Marking task as SUCCESS. dag_id=stock_information, task_id=append_to_database, run_id=scheduled__2025-01-15T06:38:00+00:00, execution_date=20250115T063800, start_date=20250115T063905, end_date=20250115T063905
[2025-01-15T06:39:05.572+0000] {local_task_job_runner.py:266} INFO - Task exited with return code 0
[2025-01-15T06:39:05.586+0000] {taskinstance.py:3895} INFO - 0 downstream tasks scheduled from follow-on schedule check
[2025-01-15T06:39:05.590+0000] {local_task_job_runner.py:245} INFO - ::endgroup::
