[2025-01-15T04:16:07.087+0000] {local_task_job_runner.py:123} INFO - ::group::Pre task execution logs
[2025-01-15T04:16:07.108+0000] {taskinstance.py:2613} INFO - Dependencies all met for dep_context=non-requeueable deps ti=<TaskInstance: stock_information.append_to_database scheduled__2025-01-15T04:15:00+00:00 [queued]>
[2025-01-15T04:16:07.121+0000] {taskinstance.py:2613} INFO - Dependencies all met for dep_context=requeueable deps ti=<TaskInstance: stock_information.append_to_database scheduled__2025-01-15T04:15:00+00:00 [queued]>
[2025-01-15T04:16:07.124+0000] {taskinstance.py:2866} INFO - Starting attempt 1 of 1
[2025-01-15T04:16:07.139+0000] {taskinstance.py:2889} INFO - Executing <Task(PythonOperator): append_to_database> on 2025-01-15 04:15:00+00:00
[2025-01-15T04:16:07.153+0000] {standard_task_runner.py:72} INFO - Started process 3181 to run task
[2025-01-15T04:16:07.158+0000] {standard_task_runner.py:104} INFO - Running: ['airflow', 'tasks', 'run', 'stock_information', 'append_to_database', 'scheduled__2025-01-15T04:15:00+00:00', '--job-id', '724', '--raw', '--subdir', 'DAGS_FOLDER/vnstock_stream.py', '--cfg-path', '/tmp/tmp53wbwuuj']
[2025-01-15T04:16:07.167+0000] {standard_task_runner.py:105} INFO - Job 724: Subtask append_to_database
[2025-01-15T04:16:07.248+0000] {task_command.py:467} INFO - Running <TaskInstance: stock_information.append_to_database scheduled__2025-01-15T04:15:00+00:00 [running]> on host 453ac4defedc
[2025-01-15T04:16:07.451+0000] {taskinstance.py:3132} INFO - Exporting env vars: AIRFLOW_CTX_DAG_OWNER='TuanDz' AIRFLOW_CTX_DAG_ID='stock_information' AIRFLOW_CTX_TASK_ID='append_to_database' AIRFLOW_CTX_EXECUTION_DATE='2025-01-15T04:15:00+00:00' AIRFLOW_CTX_TRY_NUMBER='1' AIRFLOW_CTX_DAG_RUN_ID='scheduled__2025-01-15T04:15:00+00:00'
[2025-01-15T04:16:07.454+0000] {taskinstance.py:731} INFO - ::endgroup::
[2025-01-15T04:16:07.509+0000] {logging_mixin.py:190} INFO - Kết nối thành công!
[2025-01-15T04:16:07.511+0000] {logging_mixin.py:190} INFO - <class 'str'>
[2025-01-15T04:16:07.512+0000] {logging_mixin.py:190} INFO - [['TCB', 25250, 21950, 23600, 'STOCK', 'HSX', '', 7045021622, 'STOCK', 8424683, 'Ngân hàng Thương mại Cổ phần Kỹ thương Việt Nam', 23600, '', '2025-01-15', 23850, 1800, 2232600, 53049, 23761.085729642567, 23900, 23650, 'b', 0, 0, 0, 1590552461, 53049.35500000001, 22326, 23600, 23800, 31200, 23750, 164800, 23700, 197000, 23850, 4500, 23900, 322900, 23950, 184200, '2025-01-15 04:16:04']]
[2025-01-15T04:16:07.513+0000] {logging_mixin.py:190} INFO - <class 'list'>
[2025-01-15T04:16:07.514+0000] {logging_mixin.py:190} INFO - [['TCB', 25250, 21950, 23600, 'STOCK', 'HSX', '', 7045021622, 'STOCK', 8424683, 'Ngân hàng Thương mại Cổ phần Kỹ thương Việt Nam', 23600, '', '2025-01-15', 23850, 1800, 2232600, 53049, 23761.085729642567, 23900, 23650, 'b', 0, 0, 0, 1590552461, 53049.35500000001, 22326, 23600, 23800, 31200, 23750, 164800, 23700, 197000, 23850, 4500, 23900, 322900, 23950, 184200, '2025-01-15 04:16:04']]
[2025-01-15T04:16:07.518+0000] {python.py:240} INFO - Done. Returned value was: None
[2025-01-15T04:16:07.527+0000] {taskinstance.py:340} INFO - ::group::Post task execution logs
[2025-01-15T04:16:07.528+0000] {taskinstance.py:352} INFO - Marking task as SUCCESS. dag_id=stock_information, task_id=append_to_database, run_id=scheduled__2025-01-15T04:15:00+00:00, execution_date=20250115T041500, start_date=20250115T041607, end_date=20250115T041607
[2025-01-15T04:16:07.577+0000] {local_task_job_runner.py:266} INFO - Task exited with return code 0
[2025-01-15T04:16:07.596+0000] {taskinstance.py:3895} INFO - 0 downstream tasks scheduled from follow-on schedule check
[2025-01-15T04:16:07.601+0000] {local_task_job_runner.py:245} INFO - ::endgroup::
