[2025-01-16T02:55:03.721+0000] {local_task_job_runner.py:123} INFO - ::group::Pre task execution logs
[2025-01-16T02:55:03.732+0000] {taskinstance.py:2613} INFO - Dependencies all met for dep_context=non-requeueable deps ti=<TaskInstance: stock_information.append_to_database scheduled__2025-01-16T02:54:00+00:00 [queued]>
[2025-01-16T02:55:03.741+0000] {taskinstance.py:2613} INFO - Dependencies all met for dep_context=requeueable deps ti=<TaskInstance: stock_information.append_to_database scheduled__2025-01-16T02:54:00+00:00 [queued]>
[2025-01-16T02:55:03.743+0000] {taskinstance.py:2866} INFO - Starting attempt 1 of 1
[2025-01-16T02:55:03.756+0000] {taskinstance.py:2889} INFO - Executing <Task(PythonOperator): append_to_database> on 2025-01-16 02:54:00+00:00
[2025-01-16T02:55:03.761+0000] {standard_task_runner.py:72} INFO - Started process 765 to run task
[2025-01-16T02:55:03.764+0000] {standard_task_runner.py:104} INFO - Running: ['airflow', 'tasks', 'run', 'stock_information', 'append_to_database', 'scheduled__2025-01-16T02:54:00+00:00', '--job-id', '1459', '--raw', '--subdir', 'DAGS_FOLDER/vnstock_stream.py', '--cfg-path', '/tmp/tmpiic538h_']
[2025-01-16T02:55:03.766+0000] {standard_task_runner.py:105} INFO - Job 1459: Subtask append_to_database
[2025-01-16T02:55:03.808+0000] {task_command.py:467} INFO - Running <TaskInstance: stock_information.append_to_database scheduled__2025-01-16T02:54:00+00:00 [running]> on host 453ac4defedc
[2025-01-16T02:55:03.886+0000] {taskinstance.py:3132} INFO - Exporting env vars: AIRFLOW_CTX_DAG_OWNER='TuanDz' AIRFLOW_CTX_DAG_ID='stock_information' AIRFLOW_CTX_TASK_ID='append_to_database' AIRFLOW_CTX_EXECUTION_DATE='2025-01-16T02:54:00+00:00' AIRFLOW_CTX_TRY_NUMBER='1' AIRFLOW_CTX_DAG_RUN_ID='scheduled__2025-01-16T02:54:00+00:00'
[2025-01-16T02:55:03.887+0000] {taskinstance.py:731} INFO - ::endgroup::
[2025-01-16T02:55:03.927+0000] {logging_mixin.py:190} INFO - Kết nối thành công!
[2025-01-16T02:55:03.928+0000] {logging_mixin.py:190} INFO - <class 'str'>
[2025-01-16T02:55:03.928+0000] {logging_mixin.py:190} INFO - [['TCB', 25350, 22050, 23700, 'STOCK', 'HSX', '', 7045021622, 'STOCK', 8424683, 'Ngân hàng Thương mại Cổ phần Kỹ thương Việt Nam', 23700, '', '2025-01-16', 23800, 300, 2045300, 48824, 23871.31472155674, 23950, 23800, 's', 0, 0, 0, 1590552461, 48824.234999999906, 20453, 23700, 23800, 244800, 23750, 227700, 23700, 218000, 23850, 23600, 23900, 145100, 23950, 219900, '2025-01-16 02:55:02']]
[2025-01-16T02:55:03.929+0000] {logging_mixin.py:190} INFO - <class 'list'>
[2025-01-16T02:55:03.929+0000] {logging_mixin.py:190} INFO - [['TCB', 25350, 22050, 23700, 'STOCK', 'HSX', '', 7045021622, 'STOCK', 8424683, 'Ngân hàng Thương mại Cổ phần Kỹ thương Việt Nam', 23700, '', '2025-01-16', 23800, 300, 2045300, 48824, 23871.31472155674, 23950, 23800, 's', 0, 0, 0, 1590552461, 48824.234999999906, 20453, 23700, 23800, 244800, 23750, 227700, 23700, 218000, 23850, 23600, 23900, 145100, 23950, 219900, '2025-01-16 02:55:02']]
[2025-01-16T02:55:03.932+0000] {python.py:240} INFO - Done. Returned value was: None
[2025-01-16T02:55:03.938+0000] {taskinstance.py:340} INFO - ::group::Post task execution logs
[2025-01-16T02:55:03.939+0000] {taskinstance.py:352} INFO - Marking task as SUCCESS. dag_id=stock_information, task_id=append_to_database, run_id=scheduled__2025-01-16T02:54:00+00:00, execution_date=20250116T025400, start_date=20250116T025503, end_date=20250116T025503
[2025-01-16T02:55:03.979+0000] {local_task_job_runner.py:266} INFO - Task exited with return code 0
[2025-01-16T02:55:03.993+0000] {taskinstance.py:3895} INFO - 0 downstream tasks scheduled from follow-on schedule check
[2025-01-16T02:55:03.997+0000] {local_task_job_runner.py:245} INFO - ::endgroup::
