[2025-01-15T07:02:04.440+0000] {local_task_job_runner.py:123} INFO - ::group::Pre task execution logs
[2025-01-15T07:02:04.456+0000] {taskinstance.py:2613} INFO - Dependencies all met for dep_context=non-requeueable deps ti=<TaskInstance: stock_information.append_to_database scheduled__2025-01-15T07:01:00+00:00 [queued]>
[2025-01-15T07:02:04.467+0000] {taskinstance.py:2613} INFO - Dependencies all met for dep_context=requeueable deps ti=<TaskInstance: stock_information.append_to_database scheduled__2025-01-15T07:01:00+00:00 [queued]>
[2025-01-15T07:02:04.468+0000] {taskinstance.py:2866} INFO - Starting attempt 1 of 1
[2025-01-15T07:02:04.484+0000] {taskinstance.py:2889} INFO - Executing <Task(PythonOperator): append_to_database> on 2025-01-15 07:01:00+00:00
[2025-01-15T07:02:04.492+0000] {standard_task_runner.py:72} INFO - Started process 7998 to run task
[2025-01-15T07:02:04.495+0000] {standard_task_runner.py:104} INFO - Running: ['airflow', 'tasks', 'run', 'stock_information', 'append_to_database', 'scheduled__2025-01-15T07:01:00+00:00', '--job-id', '1056', '--raw', '--subdir', 'DAGS_FOLDER/vnstock_stream.py', '--cfg-path', '/tmp/tmpti83fags']
[2025-01-15T07:02:04.499+0000] {standard_task_runner.py:105} INFO - Job 1056: Subtask append_to_database
[2025-01-15T07:02:04.544+0000] {task_command.py:467} INFO - Running <TaskInstance: stock_information.append_to_database scheduled__2025-01-15T07:01:00+00:00 [running]> on host 453ac4defedc
[2025-01-15T07:02:04.634+0000] {taskinstance.py:3132} INFO - Exporting env vars: AIRFLOW_CTX_DAG_OWNER='TuanDz' AIRFLOW_CTX_DAG_ID='stock_information' AIRFLOW_CTX_TASK_ID='append_to_database' AIRFLOW_CTX_EXECUTION_DATE='2025-01-15T07:01:00+00:00' AIRFLOW_CTX_TRY_NUMBER='1' AIRFLOW_CTX_DAG_RUN_ID='scheduled__2025-01-15T07:01:00+00:00'
[2025-01-15T07:02:04.638+0000] {taskinstance.py:731} INFO - ::endgroup::
[2025-01-15T07:02:04.683+0000] {logging_mixin.py:190} INFO - Kết nối thành công!
[2025-01-15T07:02:04.684+0000] {logging_mixin.py:190} INFO - <class 'str'>
[2025-01-15T07:02:04.686+0000] {logging_mixin.py:190} INFO - [['TCB', 25250, 21950, 23600, 'STOCK', 'HSX', '', 7045021622, 'STOCK', 8424683, 'Ngân hàng Thương mại Cổ phần Kỹ thương Việt Nam', 23600, '', '2025-01-15', 23750, 800, 5022600, 119513, 23795.046390315772, 23900, 23650, 's', 156700, 166700, 0, 1590552461, 119513.05499999977, 50226, 23600, 23750, 88500, 23700, 434600, 23650, 232800, 23800, 69100, 23850, 98100, 23900, 159700, '2025-01-15 07:02:02']]
[2025-01-15T07:02:04.688+0000] {logging_mixin.py:190} INFO - <class 'list'>
[2025-01-15T07:02:04.689+0000] {logging_mixin.py:190} INFO - [['TCB', 25250, 21950, 23600, 'STOCK', 'HSX', '', 7045021622, 'STOCK', 8424683, 'Ngân hàng Thương mại Cổ phần Kỹ thương Việt Nam', 23600, '', '2025-01-15', 23750, 800, 5022600, 119513, 23795.046390315772, 23900, 23650, 's', 156700, 166700, 0, 1590552461, 119513.05499999977, 50226, 23600, 23750, 88500, 23700, 434600, 23650, 232800, 23800, 69100, 23850, 98100, 23900, 159700, '2025-01-15 07:02:02']]
[2025-01-15T07:02:04.694+0000] {python.py:240} INFO - Done. Returned value was: None
[2025-01-15T07:02:04.702+0000] {taskinstance.py:340} INFO - ::group::Post task execution logs
[2025-01-15T07:02:04.704+0000] {taskinstance.py:352} INFO - Marking task as SUCCESS. dag_id=stock_information, task_id=append_to_database, run_id=scheduled__2025-01-15T07:01:00+00:00, execution_date=20250115T070100, start_date=20250115T070204, end_date=20250115T070204
[2025-01-15T07:02:04.750+0000] {local_task_job_runner.py:266} INFO - Task exited with return code 0
[2025-01-15T07:02:04.764+0000] {taskinstance.py:3895} INFO - 0 downstream tasks scheduled from follow-on schedule check
[2025-01-15T07:02:04.769+0000] {local_task_job_runner.py:245} INFO - ::endgroup::
