[2025-01-16T04:21:04.983+0000] {local_task_job_runner.py:123} INFO - ::group::Pre task execution logs
[2025-01-16T04:21:04.996+0000] {taskinstance.py:2613} INFO - Dependencies all met for dep_context=non-requeueable deps ti=<TaskInstance: stock_information.append_to_database scheduled__2025-01-16T04:20:00+00:00 [queued]>
[2025-01-16T04:21:05.004+0000] {taskinstance.py:2613} INFO - Dependencies all met for dep_context=requeueable deps ti=<TaskInstance: stock_information.append_to_database scheduled__2025-01-16T04:20:00+00:00 [queued]>
[2025-01-16T04:21:05.005+0000] {taskinstance.py:2866} INFO - Starting attempt 1 of 1
[2025-01-16T04:21:05.016+0000] {taskinstance.py:2889} INFO - Executing <Task(PythonOperator): append_to_database> on 2025-01-16 04:20:00+00:00
[2025-01-16T04:21:05.022+0000] {standard_task_runner.py:72} INFO - Started process 3287 to run task
[2025-01-16T04:21:05.024+0000] {standard_task_runner.py:104} INFO - Running: ['airflow', 'tasks', 'run', 'stock_information', 'append_to_database', 'scheduled__2025-01-16T04:20:00+00:00', '--job-id', '1631', '--raw', '--subdir', 'DAGS_FOLDER/vnstock_stream.py', '--cfg-path', '/tmp/tmptxjy5kaq']
[2025-01-16T04:21:05.027+0000] {standard_task_runner.py:105} INFO - Job 1631: Subtask append_to_database
[2025-01-16T04:21:05.068+0000] {task_command.py:467} INFO - Running <TaskInstance: stock_information.append_to_database scheduled__2025-01-16T04:20:00+00:00 [running]> on host 453ac4defedc
[2025-01-16T04:21:05.141+0000] {taskinstance.py:3132} INFO - Exporting env vars: AIRFLOW_CTX_DAG_OWNER='TuanDz' AIRFLOW_CTX_DAG_ID='stock_information' AIRFLOW_CTX_TASK_ID='append_to_database' AIRFLOW_CTX_EXECUTION_DATE='2025-01-16T04:20:00+00:00' AIRFLOW_CTX_TRY_NUMBER='1' AIRFLOW_CTX_DAG_RUN_ID='scheduled__2025-01-16T04:20:00+00:00'
[2025-01-16T04:21:05.143+0000] {taskinstance.py:731} INFO - ::endgroup::
[2025-01-16T04:21:05.205+0000] {logging_mixin.py:190} INFO - Kết nối thành công!
[2025-01-16T04:21:05.207+0000] {logging_mixin.py:190} INFO - <class 'str'>
[2025-01-16T04:21:05.208+0000] {logging_mixin.py:190} INFO - [['TCB', 25350, 22050, 23700, 'STOCK', 'HSX', '', 7045021622, 'STOCK', 8424683, 'Ngân hàng Thương mại Cổ phần Kỹ thương Việt Nam', 23700, '', '2025-01-16', 23750, 100, 3230400, 77027, 23844.41555225359, 23950, 23750, 's', 0, 0, 0, 1590552461, 77027.05, 32304, 23700, 23750, 126800, 23700, 208200, 23650, 124500, 23800, 55200, 23850, 201000, 23900, 287800, '2025-01-16 04:21:02']]
[2025-01-16T04:21:05.209+0000] {logging_mixin.py:190} INFO - <class 'list'>
[2025-01-16T04:21:05.210+0000] {logging_mixin.py:190} INFO - [['TCB', 25350, 22050, 23700, 'STOCK', 'HSX', '', 7045021622, 'STOCK', 8424683, 'Ngân hàng Thương mại Cổ phần Kỹ thương Việt Nam', 23700, '', '2025-01-16', 23750, 100, 3230400, 77027, 23844.41555225359, 23950, 23750, 's', 0, 0, 0, 1590552461, 77027.05, 32304, 23700, 23750, 126800, 23700, 208200, 23650, 124500, 23800, 55200, 23850, 201000, 23900, 287800, '2025-01-16 04:21:02']]
[2025-01-16T04:21:05.216+0000] {python.py:240} INFO - Done. Returned value was: None
[2025-01-16T04:21:05.225+0000] {taskinstance.py:340} INFO - ::group::Post task execution logs
[2025-01-16T04:21:05.226+0000] {taskinstance.py:352} INFO - Marking task as SUCCESS. dag_id=stock_information, task_id=append_to_database, run_id=scheduled__2025-01-16T04:20:00+00:00, execution_date=20250116T042000, start_date=20250116T042104, end_date=20250116T042105
[2025-01-16T04:21:05.280+0000] {local_task_job_runner.py:266} INFO - Task exited with return code 0
[2025-01-16T04:21:05.300+0000] {taskinstance.py:3895} INFO - 0 downstream tasks scheduled from follow-on schedule check
[2025-01-16T04:21:05.306+0000] {local_task_job_runner.py:245} INFO - ::endgroup::
