[2025-01-15T07:18:04.278+0000] {local_task_job_runner.py:123} INFO - ::group::Pre task execution logs
[2025-01-15T07:18:04.291+0000] {taskinstance.py:2613} INFO - Dependencies all met for dep_context=non-requeueable deps ti=<TaskInstance: stock_information.append_to_database scheduled__2025-01-15T07:17:00+00:00 [queued]>
[2025-01-15T07:18:04.298+0000] {taskinstance.py:2613} INFO - Dependencies all met for dep_context=requeueable deps ti=<TaskInstance: stock_information.append_to_database scheduled__2025-01-15T07:17:00+00:00 [queued]>
[2025-01-15T07:18:04.300+0000] {taskinstance.py:2866} INFO - Starting attempt 1 of 1
[2025-01-15T07:18:04.311+0000] {taskinstance.py:2889} INFO - Executing <Task(PythonOperator): append_to_database> on 2025-01-15 07:17:00+00:00
[2025-01-15T07:18:04.317+0000] {standard_task_runner.py:72} INFO - Started process 8461 to run task
[2025-01-15T07:18:04.320+0000] {standard_task_runner.py:104} INFO - Running: ['airflow', 'tasks', 'run', 'stock_information', 'append_to_database', 'scheduled__2025-01-15T07:17:00+00:00', '--job-id', '1088', '--raw', '--subdir', 'DAGS_FOLDER/vnstock_stream.py', '--cfg-path', '/tmp/tmpu3mva2mt']
[2025-01-15T07:18:04.322+0000] {standard_task_runner.py:105} INFO - Job 1088: Subtask append_to_database
[2025-01-15T07:18:04.361+0000] {task_command.py:467} INFO - Running <TaskInstance: stock_information.append_to_database scheduled__2025-01-15T07:17:00+00:00 [running]> on host 453ac4defedc
[2025-01-15T07:18:04.439+0000] {taskinstance.py:3132} INFO - Exporting env vars: AIRFLOW_CTX_DAG_OWNER='TuanDz' AIRFLOW_CTX_DAG_ID='stock_information' AIRFLOW_CTX_TASK_ID='append_to_database' AIRFLOW_CTX_EXECUTION_DATE='2025-01-15T07:17:00+00:00' AIRFLOW_CTX_TRY_NUMBER='1' AIRFLOW_CTX_DAG_RUN_ID='scheduled__2025-01-15T07:17:00+00:00'
[2025-01-15T07:18:04.440+0000] {taskinstance.py:731} INFO - ::endgroup::
[2025-01-15T07:18:04.474+0000] {logging_mixin.py:190} INFO - Kết nối thành công!
[2025-01-15T07:18:04.474+0000] {logging_mixin.py:190} INFO - <class 'str'>
[2025-01-15T07:18:04.475+0000] {logging_mixin.py:190} INFO - [['TCB', 25250, 21950, 23600, 'STOCK', 'HSX', '', 7045021622, 'STOCK', 8424683, 'Ngân hàng Thương mại Cổ phần Kỹ thương Việt Nam', 23600, '', '2025-01-15', 23850, 1000, 5672200, 134982, 23797.115757554388, 23900, 23650, 'b', 156700, 186700, 0, 1590552461, 134982.08499999976, 56722, 23600, 23800, 100800, 23750, 218400, 23700, 368700, 23850, 3500, 23900, 275300, 23950, 239700, '2025-01-15 07:18:02']]
[2025-01-15T07:18:04.476+0000] {logging_mixin.py:190} INFO - <class 'list'>
[2025-01-15T07:18:04.476+0000] {logging_mixin.py:190} INFO - [['TCB', 25250, 21950, 23600, 'STOCK', 'HSX', '', 7045021622, 'STOCK', 8424683, 'Ngân hàng Thương mại Cổ phần Kỹ thương Việt Nam', 23600, '', '2025-01-15', 23850, 1000, 5672200, 134982, 23797.115757554388, 23900, 23650, 'b', 156700, 186700, 0, 1590552461, 134982.08499999976, 56722, 23600, 23800, 100800, 23750, 218400, 23700, 368700, 23850, 3500, 23900, 275300, 23950, 239700, '2025-01-15 07:18:02']]
[2025-01-15T07:18:04.479+0000] {python.py:240} INFO - Done. Returned value was: None
[2025-01-15T07:18:04.486+0000] {taskinstance.py:340} INFO - ::group::Post task execution logs
[2025-01-15T07:18:04.487+0000] {taskinstance.py:352} INFO - Marking task as SUCCESS. dag_id=stock_information, task_id=append_to_database, run_id=scheduled__2025-01-15T07:17:00+00:00, execution_date=20250115T071700, start_date=20250115T071804, end_date=20250115T071804
[2025-01-15T07:18:04.535+0000] {local_task_job_runner.py:266} INFO - Task exited with return code 0
[2025-01-15T07:18:04.552+0000] {taskinstance.py:3895} INFO - 0 downstream tasks scheduled from follow-on schedule check
[2025-01-15T07:18:04.556+0000] {local_task_job_runner.py:245} INFO - ::endgroup::
