[2025-01-16T09:55:03.443+0000] {local_task_job_runner.py:123} INFO - ::group::Pre task execution logs
[2025-01-16T09:55:03.457+0000] {taskinstance.py:2613} INFO - Dependencies all met for dep_context=non-requeueable deps ti=<TaskInstance: stock_information.append_to_database scheduled__2025-01-16T09:54:00+00:00 [queued]>
[2025-01-16T09:55:03.465+0000] {taskinstance.py:2613} INFO - Dependencies all met for dep_context=requeueable deps ti=<TaskInstance: stock_information.append_to_database scheduled__2025-01-16T09:54:00+00:00 [queued]>
[2025-01-16T09:55:03.467+0000] {taskinstance.py:2866} INFO - Starting attempt 1 of 1
[2025-01-16T09:55:03.481+0000] {taskinstance.py:2889} INFO - Executing <Task(PythonOperator): append_to_database> on 2025-01-16 09:54:00+00:00
[2025-01-16T09:55:03.486+0000] {standard_task_runner.py:72} INFO - Started process 13070 to run task
[2025-01-16T09:55:03.488+0000] {standard_task_runner.py:104} INFO - Running: ['airflow', 'tasks', 'run', 'stock_information', 'append_to_database', 'scheduled__2025-01-16T09:54:00+00:00', '--job-id', '2299', '--raw', '--subdir', 'DAGS_FOLDER/vnstock_stream.py', '--cfg-path', '/tmp/tmpj7t_bnzv']
[2025-01-16T09:55:03.491+0000] {standard_task_runner.py:105} INFO - Job 2299: Subtask append_to_database
[2025-01-16T09:55:03.531+0000] {task_command.py:467} INFO - Running <TaskInstance: stock_information.append_to_database scheduled__2025-01-16T09:54:00+00:00 [running]> on host 453ac4defedc
[2025-01-16T09:55:03.614+0000] {taskinstance.py:3132} INFO - Exporting env vars: AIRFLOW_CTX_DAG_OWNER='TuanDz' AIRFLOW_CTX_DAG_ID='stock_information' AIRFLOW_CTX_TASK_ID='append_to_database' AIRFLOW_CTX_EXECUTION_DATE='2025-01-16T09:54:00+00:00' AIRFLOW_CTX_TRY_NUMBER='1' AIRFLOW_CTX_DAG_RUN_ID='scheduled__2025-01-16T09:54:00+00:00'
[2025-01-16T09:55:03.616+0000] {taskinstance.py:731} INFO - ::endgroup::
[2025-01-16T09:55:03.706+0000] {logging_mixin.py:190} INFO - Kết nối thành công!
[2025-01-16T09:55:03.708+0000] {logging_mixin.py:190} INFO - <class 'str'>
[2025-01-16T09:55:03.710+0000] {logging_mixin.py:190} INFO - [['TCB', 25350, 22050, 23700, 'STOCK', 'HSX', '', 7045021622, 'STOCK', 8424683, 'Ngân hàng Thương mại Cổ phần Kỹ thương Việt Nam', 23700, '', '2025-01-16', 23850, 574600, 8074100, 191942, 23772.556693625294, 23950, 23600, 'unknown', 0, 73800, 0, 1590552461, 191942.7799999992, 80741, 23700, 23800, 3400, 23750, 200100, 23700, 200, 23850, 106000, 23900, 391800, 23950, 330400, '2025-01-16 09:55:02']]
[2025-01-16T09:55:03.712+0000] {logging_mixin.py:190} INFO - <class 'list'>
[2025-01-16T09:55:03.714+0000] {logging_mixin.py:190} INFO - [['TCB', 25350, 22050, 23700, 'STOCK', 'HSX', '', 7045021622, 'STOCK', 8424683, 'Ngân hàng Thương mại Cổ phần Kỹ thương Việt Nam', 23700, '', '2025-01-16', 23850, 574600, 8074100, 191942, 23772.556693625294, 23950, 23600, 'unknown', 0, 73800, 0, 1590552461, 191942.7799999992, 80741, 23700, 23800, 3400, 23750, 200100, 23700, 200, 23850, 106000, 23900, 391800, 23950, 330400, '2025-01-16 09:55:02']]
[2025-01-16T09:55:03.726+0000] {python.py:240} INFO - Done. Returned value was: None
[2025-01-16T09:55:03.735+0000] {taskinstance.py:340} INFO - ::group::Post task execution logs
[2025-01-16T09:55:03.738+0000] {taskinstance.py:352} INFO - Marking task as SUCCESS. dag_id=stock_information, task_id=append_to_database, run_id=scheduled__2025-01-16T09:54:00+00:00, execution_date=20250116T095400, start_date=20250116T095503, end_date=20250116T095503
[2025-01-16T09:55:03.784+0000] {local_task_job_runner.py:266} INFO - Task exited with return code 0
[2025-01-16T09:55:03.797+0000] {taskinstance.py:3895} INFO - 0 downstream tasks scheduled from follow-on schedule check
[2025-01-16T09:55:03.802+0000] {local_task_job_runner.py:245} INFO - ::endgroup::
