[2025-01-15T03:31:05.076+0000] {local_task_job_runner.py:123} INFO - ::group::Pre task execution logs
[2025-01-15T03:31:05.090+0000] {taskinstance.py:2613} INFO - Dependencies all met for dep_context=non-requeueable deps ti=<TaskInstance: stock_information.append_to_database scheduled__2025-01-15T03:30:00+00:00 [queued]>
[2025-01-15T03:31:05.099+0000] {taskinstance.py:2613} INFO - Dependencies all met for dep_context=requeueable deps ti=<TaskInstance: stock_information.append_to_database scheduled__2025-01-15T03:30:00+00:00 [queued]>
[2025-01-15T03:31:05.100+0000] {taskinstance.py:2866} INFO - Starting attempt 1 of 1
[2025-01-15T03:31:05.112+0000] {taskinstance.py:2889} INFO - Executing <Task(PythonOperator): append_to_database> on 2025-01-15 03:30:00+00:00
[2025-01-15T03:31:05.120+0000] {standard_task_runner.py:72} INFO - Started process 1875 to run task
[2025-01-15T03:31:05.124+0000] {standard_task_runner.py:104} INFO - Running: ['airflow', 'tasks', 'run', 'stock_information', 'append_to_database', 'scheduled__2025-01-15T03:30:00+00:00', '--job-id', '634', '--raw', '--subdir', 'DAGS_FOLDER/vnstock_stream.py', '--cfg-path', '/tmp/tmp8y51raq8']
[2025-01-15T03:31:05.126+0000] {standard_task_runner.py:105} INFO - Job 634: Subtask append_to_database
[2025-01-15T03:31:05.174+0000] {task_command.py:467} INFO - Running <TaskInstance: stock_information.append_to_database scheduled__2025-01-15T03:30:00+00:00 [running]> on host 453ac4defedc
[2025-01-15T03:31:05.257+0000] {taskinstance.py:3132} INFO - Exporting env vars: AIRFLOW_CTX_DAG_OWNER='TuanDz' AIRFLOW_CTX_DAG_ID='stock_information' AIRFLOW_CTX_TASK_ID='append_to_database' AIRFLOW_CTX_EXECUTION_DATE='2025-01-15T03:30:00+00:00' AIRFLOW_CTX_TRY_NUMBER='1' AIRFLOW_CTX_DAG_RUN_ID='scheduled__2025-01-15T03:30:00+00:00'
[2025-01-15T03:31:05.259+0000] {taskinstance.py:731} INFO - ::endgroup::
[2025-01-15T03:31:05.302+0000] {logging_mixin.py:190} INFO - Kết nối thành công!
[2025-01-15T03:31:05.303+0000] {logging_mixin.py:190} INFO - <class 'str'>
[2025-01-15T03:31:05.304+0000] {logging_mixin.py:190} INFO - [['TCB', 25250, 21950, 23600, 'STOCK', 'HSX', '', 7045021622, 'STOCK', 8424683, 'Ngân hàng Thương mại Cổ phần Kỹ thương Việt Nam', 23600, '', '2025-01-15', 23700, 30000, 1078600, 25592, 23727.053587984425, 23800, 23650, 'b', 0, 0, 0, 1590552461, 25592.51500000001, 10786, 23600, 23650, 225100, 23600, 335500, 23550, 181900, 23700, 78800, 23750, 60600, 23800, 198100, '2025-01-15 03:31:02']]
[2025-01-15T03:31:05.304+0000] {logging_mixin.py:190} INFO - <class 'list'>
[2025-01-15T03:31:05.305+0000] {logging_mixin.py:190} INFO - [['TCB', 25250, 21950, 23600, 'STOCK', 'HSX', '', 7045021622, 'STOCK', 8424683, 'Ngân hàng Thương mại Cổ phần Kỹ thương Việt Nam', 23600, '', '2025-01-15', 23700, 30000, 1078600, 25592, 23727.053587984425, 23800, 23650, 'b', 0, 0, 0, 1590552461, 25592.51500000001, 10786, 23600, 23650, 225100, 23600, 335500, 23550, 181900, 23700, 78800, 23750, 60600, 23800, 198100, '2025-01-15 03:31:02']]
[2025-01-15T03:31:05.308+0000] {python.py:240} INFO - Done. Returned value was: None
[2025-01-15T03:31:05.315+0000] {taskinstance.py:340} INFO - ::group::Post task execution logs
[2025-01-15T03:31:05.316+0000] {taskinstance.py:352} INFO - Marking task as SUCCESS. dag_id=stock_information, task_id=append_to_database, run_id=scheduled__2025-01-15T03:30:00+00:00, execution_date=20250115T033000, start_date=20250115T033105, end_date=20250115T033105
[2025-01-15T03:31:05.339+0000] {local_task_job_runner.py:266} INFO - Task exited with return code 0
[2025-01-15T03:31:05.352+0000] {taskinstance.py:3895} INFO - 0 downstream tasks scheduled from follow-on schedule check
[2025-01-15T03:31:05.356+0000] {local_task_job_runner.py:245} INFO - ::endgroup::
