[2025-01-15T07:06:04.039+0000] {local_task_job_runner.py:123} INFO - ::group::Pre task execution logs
[2025-01-15T07:06:04.050+0000] {taskinstance.py:2613} INFO - Dependencies all met for dep_context=non-requeueable deps ti=<TaskInstance: stock_information.append_to_database scheduled__2025-01-15T07:05:00+00:00 [queued]>
[2025-01-15T07:06:04.058+0000] {taskinstance.py:2613} INFO - Dependencies all met for dep_context=requeueable deps ti=<TaskInstance: stock_information.append_to_database scheduled__2025-01-15T07:05:00+00:00 [queued]>
[2025-01-15T07:06:04.059+0000] {taskinstance.py:2866} INFO - Starting attempt 1 of 1
[2025-01-15T07:06:04.071+0000] {taskinstance.py:2889} INFO - Executing <Task(PythonOperator): append_to_database> on 2025-01-15 07:05:00+00:00
[2025-01-15T07:06:04.077+0000] {standard_task_runner.py:72} INFO - Started process 8112 to run task
[2025-01-15T07:06:04.080+0000] {standard_task_runner.py:104} INFO - Running: ['airflow', 'tasks', 'run', 'stock_information', 'append_to_database', 'scheduled__2025-01-15T07:05:00+00:00', '--job-id', '1064', '--raw', '--subdir', 'DAGS_FOLDER/vnstock_stream.py', '--cfg-path', '/tmp/tmpih4fu0dp']
[2025-01-15T07:06:04.083+0000] {standard_task_runner.py:105} INFO - Job 1064: Subtask append_to_database
[2025-01-15T07:06:04.122+0000] {task_command.py:467} INFO - Running <TaskInstance: stock_information.append_to_database scheduled__2025-01-15T07:05:00+00:00 [running]> on host 453ac4defedc
[2025-01-15T07:06:04.199+0000] {taskinstance.py:3132} INFO - Exporting env vars: AIRFLOW_CTX_DAG_OWNER='TuanDz' AIRFLOW_CTX_DAG_ID='stock_information' AIRFLOW_CTX_TASK_ID='append_to_database' AIRFLOW_CTX_EXECUTION_DATE='2025-01-15T07:05:00+00:00' AIRFLOW_CTX_TRY_NUMBER='1' AIRFLOW_CTX_DAG_RUN_ID='scheduled__2025-01-15T07:05:00+00:00'
[2025-01-15T07:06:04.200+0000] {taskinstance.py:731} INFO - ::endgroup::
[2025-01-15T07:06:04.245+0000] {logging_mixin.py:190} INFO - Kết nối thành công!
[2025-01-15T07:06:04.246+0000] {logging_mixin.py:190} INFO - <class 'str'>
[2025-01-15T07:06:04.247+0000] {logging_mixin.py:190} INFO - [['TCB', 25250, 21950, 23600, 'STOCK', 'HSX', '', 7045021622, 'STOCK', 8424683, 'Ngân hàng Thương mại Cổ phần Kỹ thương Việt Nam', 23600, '', '2025-01-15', 23850, 100, 5176900, 123182, 23794.548861287643, 23900, 23650, 'b', 156700, 166700, 0, 1590552461, 123182.50499999974, 51769, 23600, 23800, 57600, 23750, 190500, 23700, 426100, 23850, 98900, 23900, 158100, 23950, 232000, '2025-01-15 07:06:02']]
[2025-01-15T07:06:04.247+0000] {logging_mixin.py:190} INFO - <class 'list'>
[2025-01-15T07:06:04.248+0000] {logging_mixin.py:190} INFO - [['TCB', 25250, 21950, 23600, 'STOCK', 'HSX', '', 7045021622, 'STOCK', 8424683, 'Ngân hàng Thương mại Cổ phần Kỹ thương Việt Nam', 23600, '', '2025-01-15', 23850, 100, 5176900, 123182, 23794.548861287643, 23900, 23650, 'b', 156700, 166700, 0, 1590552461, 123182.50499999974, 51769, 23600, 23800, 57600, 23750, 190500, 23700, 426100, 23850, 98900, 23900, 158100, 23950, 232000, '2025-01-15 07:06:02']]
[2025-01-15T07:06:04.249+0000] {python.py:240} INFO - Done. Returned value was: None
[2025-01-15T07:06:04.257+0000] {taskinstance.py:340} INFO - ::group::Post task execution logs
[2025-01-15T07:06:04.258+0000] {taskinstance.py:352} INFO - Marking task as SUCCESS. dag_id=stock_information, task_id=append_to_database, run_id=scheduled__2025-01-15T07:05:00+00:00, execution_date=20250115T070500, start_date=20250115T070604, end_date=20250115T070604
[2025-01-15T07:06:04.294+0000] {local_task_job_runner.py:266} INFO - Task exited with return code 0
[2025-01-15T07:06:04.311+0000] {taskinstance.py:3895} INFO - 0 downstream tasks scheduled from follow-on schedule check
[2025-01-15T07:06:04.315+0000] {local_task_job_runner.py:245} INFO - ::endgroup::
