[2025-01-15T02:50:05.038+0000] {local_task_job_runner.py:123} INFO - ::group::Pre task execution logs
[2025-01-15T02:50:05.054+0000] {taskinstance.py:2613} INFO - Dependencies all met for dep_context=non-requeueable deps ti=<TaskInstance: stock_information.append_to_database scheduled__2025-01-15T02:49:00+00:00 [queued]>
[2025-01-15T02:50:05.064+0000] {taskinstance.py:2613} INFO - Dependencies all met for dep_context=requeueable deps ti=<TaskInstance: stock_information.append_to_database scheduled__2025-01-15T02:49:00+00:00 [queued]>
[2025-01-15T02:50:05.066+0000] {taskinstance.py:2866} INFO - Starting attempt 1 of 1
[2025-01-15T02:50:05.081+0000] {taskinstance.py:2889} INFO - Executing <Task(PythonOperator): append_to_database> on 2025-01-15 02:49:00+00:00
[2025-01-15T02:50:05.087+0000] {standard_task_runner.py:72} INFO - Started process 676 to run task
[2025-01-15T02:50:05.091+0000] {standard_task_runner.py:104} INFO - Running: ['airflow', 'tasks', 'run', 'stock_information', 'append_to_database', 'scheduled__2025-01-15T02:49:00+00:00', '--job-id', '552', '--raw', '--subdir', 'DAGS_FOLDER/vnstock_stream.py', '--cfg-path', '/tmp/tmpsp1s4egf']
[2025-01-15T02:50:05.093+0000] {standard_task_runner.py:105} INFO - Job 552: Subtask append_to_database
[2025-01-15T02:50:05.139+0000] {task_command.py:467} INFO - Running <TaskInstance: stock_information.append_to_database scheduled__2025-01-15T02:49:00+00:00 [running]> on host 453ac4defedc
[2025-01-15T02:50:05.249+0000] {taskinstance.py:3132} INFO - Exporting env vars: AIRFLOW_CTX_DAG_OWNER='TuanDz' AIRFLOW_CTX_DAG_ID='stock_information' AIRFLOW_CTX_TASK_ID='append_to_database' AIRFLOW_CTX_EXECUTION_DATE='2025-01-15T02:49:00+00:00' AIRFLOW_CTX_TRY_NUMBER='1' AIRFLOW_CTX_DAG_RUN_ID='scheduled__2025-01-15T02:49:00+00:00'
[2025-01-15T02:50:05.251+0000] {taskinstance.py:731} INFO - ::endgroup::
[2025-01-15T02:50:05.295+0000] {logging_mixin.py:190} INFO - Kết nối thành công!
[2025-01-15T02:50:05.297+0000] {logging_mixin.py:190} INFO - <class 'str'>
[2025-01-15T02:50:05.297+0000] {logging_mixin.py:190} INFO - [['TCB', 25250, 21950, 23600, 'STOCK', 'HSX', '', 7045021622, 'STOCK', 8424683, 'Ngân hàng Thương mại Cổ phần Kỹ thương Việt Nam', 23600, '', '2025-01-15', 23750, 11200, 375800, 8923, 23744.012772751463, 23800, 23650, 'b', 0, 0, 0, 1590552461, 8923.789999999999, 3758, 23600, 23700, 258100, 23650, 55100, 23600, 100900, 23750, 103600, 23800, 148000, 23850, 124000, '2025-01-15 02:50:03']]
[2025-01-15T02:50:05.298+0000] {logging_mixin.py:190} INFO - <class 'list'>
[2025-01-15T02:50:05.300+0000] {logging_mixin.py:190} INFO - [['TCB', 25250, 21950, 23600, 'STOCK', 'HSX', '', 7045021622, 'STOCK', 8424683, 'Ngân hàng Thương mại Cổ phần Kỹ thương Việt Nam', 23600, '', '2025-01-15', 23750, 11200, 375800, 8923, 23744.012772751463, 23800, 23650, 'b', 0, 0, 0, 1590552461, 8923.789999999999, 3758, 23600, 23700, 258100, 23650, 55100, 23600, 100900, 23750, 103600, 23800, 148000, 23850, 124000, '2025-01-15 02:50:03']]
[2025-01-15T02:50:05.303+0000] {python.py:240} INFO - Done. Returned value was: None
[2025-01-15T02:50:05.312+0000] {taskinstance.py:340} INFO - ::group::Post task execution logs
[2025-01-15T02:50:05.313+0000] {taskinstance.py:352} INFO - Marking task as SUCCESS. dag_id=stock_information, task_id=append_to_database, run_id=scheduled__2025-01-15T02:49:00+00:00, execution_date=20250115T024900, start_date=20250115T025005, end_date=20250115T025005
[2025-01-15T02:50:05.345+0000] {local_task_job_runner.py:266} INFO - Task exited with return code 0
[2025-01-15T02:50:05.362+0000] {taskinstance.py:3895} INFO - 0 downstream tasks scheduled from follow-on schedule check
[2025-01-15T02:50:05.366+0000] {local_task_job_runner.py:245} INFO - ::endgroup::
