[2025-01-15T06:52:04.908+0000] {local_task_job_runner.py:123} INFO - ::group::Pre task execution logs
[2025-01-15T06:52:04.920+0000] {taskinstance.py:2613} INFO - Dependencies all met for dep_context=non-requeueable deps ti=<TaskInstance: stock_information.append_to_database scheduled__2025-01-15T06:51:00+00:00 [queued]>
[2025-01-15T06:52:04.928+0000] {taskinstance.py:2613} INFO - Dependencies all met for dep_context=requeueable deps ti=<TaskInstance: stock_information.append_to_database scheduled__2025-01-15T06:51:00+00:00 [queued]>
[2025-01-15T06:52:04.930+0000] {taskinstance.py:2866} INFO - Starting attempt 1 of 1
[2025-01-15T06:52:04.942+0000] {taskinstance.py:2889} INFO - Executing <Task(PythonOperator): append_to_database> on 2025-01-15 06:51:00+00:00
[2025-01-15T06:52:04.949+0000] {standard_task_runner.py:72} INFO - Started process 7704 to run task
[2025-01-15T06:52:04.952+0000] {standard_task_runner.py:104} INFO - Running: ['airflow', 'tasks', 'run', 'stock_information', 'append_to_database', 'scheduled__2025-01-15T06:51:00+00:00', '--job-id', '1036', '--raw', '--subdir', 'DAGS_FOLDER/vnstock_stream.py', '--cfg-path', '/tmp/tmpp5uh5e5b']
[2025-01-15T06:52:04.954+0000] {standard_task_runner.py:105} INFO - Job 1036: Subtask append_to_database
[2025-01-15T06:52:04.995+0000] {task_command.py:467} INFO - Running <TaskInstance: stock_information.append_to_database scheduled__2025-01-15T06:51:00+00:00 [running]> on host 453ac4defedc
[2025-01-15T06:52:05.083+0000] {taskinstance.py:3132} INFO - Exporting env vars: AIRFLOW_CTX_DAG_OWNER='TuanDz' AIRFLOW_CTX_DAG_ID='stock_information' AIRFLOW_CTX_TASK_ID='append_to_database' AIRFLOW_CTX_EXECUTION_DATE='2025-01-15T06:51:00+00:00' AIRFLOW_CTX_TRY_NUMBER='1' AIRFLOW_CTX_DAG_RUN_ID='scheduled__2025-01-15T06:51:00+00:00'
[2025-01-15T06:52:05.087+0000] {taskinstance.py:731} INFO - ::endgroup::
[2025-01-15T06:52:05.131+0000] {logging_mixin.py:190} INFO - Kết nối thành công!
[2025-01-15T06:52:05.132+0000] {logging_mixin.py:190} INFO - <class 'str'>
[2025-01-15T06:52:05.133+0000] {logging_mixin.py:190} INFO - [['TCB', 25250, 21950, 23600, 'STOCK', 'HSX', '', 7045021622, 'STOCK', 8424683, 'Ngân hàng Thương mại Cổ phần Kỹ thương Việt Nam', 23600, '', '2025-01-15', 23800, 2200, 4405100, 104838, 23799.232707543528, 23900, 23650, 's', 156700, 166700, 0, 1590552461, 104838.52499999979, 44051, 23600, 23800, 55100, 23750, 321000, 23700, 322200, 23850, 56800, 23900, 198200, 23950, 230500, '2025-01-15 06:52:02']]
[2025-01-15T06:52:05.134+0000] {logging_mixin.py:190} INFO - <class 'list'>
[2025-01-15T06:52:05.135+0000] {logging_mixin.py:190} INFO - [['TCB', 25250, 21950, 23600, 'STOCK', 'HSX', '', 7045021622, 'STOCK', 8424683, 'Ngân hàng Thương mại Cổ phần Kỹ thương Việt Nam', 23600, '', '2025-01-15', 23800, 2200, 4405100, 104838, 23799.232707543528, 23900, 23650, 's', 156700, 166700, 0, 1590552461, 104838.52499999979, 44051, 23600, 23800, 55100, 23750, 321000, 23700, 322200, 23850, 56800, 23900, 198200, 23950, 230500, '2025-01-15 06:52:02']]
[2025-01-15T06:52:05.138+0000] {python.py:240} INFO - Done. Returned value was: None
[2025-01-15T06:52:05.145+0000] {taskinstance.py:340} INFO - ::group::Post task execution logs
[2025-01-15T06:52:05.146+0000] {taskinstance.py:352} INFO - Marking task as SUCCESS. dag_id=stock_information, task_id=append_to_database, run_id=scheduled__2025-01-15T06:51:00+00:00, execution_date=20250115T065100, start_date=20250115T065204, end_date=20250115T065205
[2025-01-15T06:52:05.167+0000] {local_task_job_runner.py:266} INFO - Task exited with return code 0
[2025-01-15T06:52:05.181+0000] {taskinstance.py:3895} INFO - 0 downstream tasks scheduled from follow-on schedule check
[2025-01-15T06:52:05.186+0000] {local_task_job_runner.py:245} INFO - ::endgroup::
