[2025-01-15T06:15:04.007+0000] {local_task_job_runner.py:123} INFO - ::group::Pre task execution logs
[2025-01-15T06:15:04.022+0000] {taskinstance.py:2613} INFO - Dependencies all met for dep_context=non-requeueable deps ti=<TaskInstance: stock_information.append_to_database scheduled__2025-01-15T06:14:00+00:00 [queued]>
[2025-01-15T06:15:04.030+0000] {taskinstance.py:2613} INFO - Dependencies all met for dep_context=requeueable deps ti=<TaskInstance: stock_information.append_to_database scheduled__2025-01-15T06:14:00+00:00 [queued]>
[2025-01-15T06:15:04.032+0000] {taskinstance.py:2866} INFO - Starting attempt 1 of 1
[2025-01-15T06:15:04.044+0000] {taskinstance.py:2889} INFO - Executing <Task(PythonOperator): append_to_database> on 2025-01-15 06:14:00+00:00
[2025-01-15T06:15:04.051+0000] {standard_task_runner.py:72} INFO - Started process 6627 to run task
[2025-01-15T06:15:04.053+0000] {standard_task_runner.py:104} INFO - Running: ['airflow', 'tasks', 'run', 'stock_information', 'append_to_database', 'scheduled__2025-01-15T06:14:00+00:00', '--job-id', '962', '--raw', '--subdir', 'DAGS_FOLDER/vnstock_stream.py', '--cfg-path', '/tmp/tmpz574_6os']
[2025-01-15T06:15:04.057+0000] {standard_task_runner.py:105} INFO - Job 962: Subtask append_to_database
[2025-01-15T06:15:04.106+0000] {task_command.py:467} INFO - Running <TaskInstance: stock_information.append_to_database scheduled__2025-01-15T06:14:00+00:00 [running]> on host 453ac4defedc
[2025-01-15T06:15:04.192+0000] {taskinstance.py:3132} INFO - Exporting env vars: AIRFLOW_CTX_DAG_OWNER='TuanDz' AIRFLOW_CTX_DAG_ID='stock_information' AIRFLOW_CTX_TASK_ID='append_to_database' AIRFLOW_CTX_EXECUTION_DATE='2025-01-15T06:14:00+00:00' AIRFLOW_CTX_TRY_NUMBER='1' AIRFLOW_CTX_DAG_RUN_ID='scheduled__2025-01-15T06:14:00+00:00'
[2025-01-15T06:15:04.195+0000] {taskinstance.py:731} INFO - ::endgroup::
[2025-01-15T06:15:04.247+0000] {logging_mixin.py:190} INFO - Kết nối thành công!
[2025-01-15T06:15:04.250+0000] {logging_mixin.py:190} INFO - <class 'str'>
[2025-01-15T06:15:04.252+0000] {logging_mixin.py:190} INFO - [['TCB', 25250, 21950, 23600, 'STOCK', 'HSX', '', 7045021622, 'STOCK', 8424683, 'Ngân hàng Thương mại Cổ phần Kỹ thương Việt Nam', 23600, '', '2025-01-15', 23850, 2200, 3175800, 75578, 23798.098117009886, 23900, 23650, 's', 156700, 156700, 0, 1590552461, 75578.86499999976, 31758, 23600, 23850, 161900, 23800, 126400, 23750, 283900, 23900, 102500, 23950, 231500, 24000, 748200, '2025-01-15 06:15:02']]
[2025-01-15T06:15:04.255+0000] {logging_mixin.py:190} INFO - <class 'list'>
[2025-01-15T06:15:04.258+0000] {logging_mixin.py:190} INFO - [['TCB', 25250, 21950, 23600, 'STOCK', 'HSX', '', 7045021622, 'STOCK', 8424683, 'Ngân hàng Thương mại Cổ phần Kỹ thương Việt Nam', 23600, '', '2025-01-15', 23850, 2200, 3175800, 75578, 23798.098117009886, 23900, 23650, 's', 156700, 156700, 0, 1590552461, 75578.86499999976, 31758, 23600, 23850, 161900, 23800, 126400, 23750, 283900, 23900, 102500, 23950, 231500, 24000, 748200, '2025-01-15 06:15:02']]
[2025-01-15T06:15:04.267+0000] {python.py:240} INFO - Done. Returned value was: None
[2025-01-15T06:15:04.278+0000] {taskinstance.py:340} INFO - ::group::Post task execution logs
[2025-01-15T06:15:04.279+0000] {taskinstance.py:352} INFO - Marking task as SUCCESS. dag_id=stock_information, task_id=append_to_database, run_id=scheduled__2025-01-15T06:14:00+00:00, execution_date=20250115T061400, start_date=20250115T061504, end_date=20250115T061504
[2025-01-15T06:15:04.308+0000] {local_task_job_runner.py:266} INFO - Task exited with return code 0
[2025-01-15T06:15:04.324+0000] {taskinstance.py:3895} INFO - 0 downstream tasks scheduled from follow-on schedule check
[2025-01-15T06:15:04.331+0000] {local_task_job_runner.py:245} INFO - ::endgroup::
