[2025-01-16T06:03:05.091+0000] {local_task_job_runner.py:123} INFO - ::group::Pre task execution logs
[2025-01-16T06:03:05.102+0000] {taskinstance.py:2613} INFO - Dependencies all met for dep_context=non-requeueable deps ti=<TaskInstance: stock_information.append_to_database scheduled__2025-01-16T06:02:00+00:00 [queued]>
[2025-01-16T06:03:05.112+0000] {taskinstance.py:2613} INFO - Dependencies all met for dep_context=requeueable deps ti=<TaskInstance: stock_information.append_to_database scheduled__2025-01-16T06:02:00+00:00 [queued]>
[2025-01-16T06:03:05.113+0000] {taskinstance.py:2866} INFO - Starting attempt 1 of 1
[2025-01-16T06:03:05.127+0000] {taskinstance.py:2889} INFO - Executing <Task(PythonOperator): append_to_database> on 2025-01-16 06:02:00+00:00
[2025-01-16T06:03:05.133+0000] {standard_task_runner.py:72} INFO - Started process 6278 to run task
[2025-01-16T06:03:05.135+0000] {standard_task_runner.py:104} INFO - Running: ['airflow', 'tasks', 'run', 'stock_information', 'append_to_database', 'scheduled__2025-01-16T06:02:00+00:00', '--job-id', '1835', '--raw', '--subdir', 'DAGS_FOLDER/vnstock_stream.py', '--cfg-path', '/tmp/tmp54d5mo3j']
[2025-01-16T06:03:05.138+0000] {standard_task_runner.py:105} INFO - Job 1835: Subtask append_to_database
[2025-01-16T06:03:05.176+0000] {task_command.py:467} INFO - Running <TaskInstance: stock_information.append_to_database scheduled__2025-01-16T06:02:00+00:00 [running]> on host 453ac4defedc
[2025-01-16T06:03:05.262+0000] {taskinstance.py:3132} INFO - Exporting env vars: AIRFLOW_CTX_DAG_OWNER='TuanDz' AIRFLOW_CTX_DAG_ID='stock_information' AIRFLOW_CTX_TASK_ID='append_to_database' AIRFLOW_CTX_EXECUTION_DATE='2025-01-16T06:02:00+00:00' AIRFLOW_CTX_TRY_NUMBER='1' AIRFLOW_CTX_DAG_RUN_ID='scheduled__2025-01-16T06:02:00+00:00'
[2025-01-16T06:03:05.266+0000] {taskinstance.py:731} INFO - ::endgroup::
[2025-01-16T06:03:05.348+0000] {logging_mixin.py:190} INFO - Kết nối thành công!
[2025-01-16T06:03:05.349+0000] {logging_mixin.py:190} INFO - <class 'str'>
[2025-01-16T06:03:05.350+0000] {logging_mixin.py:190} INFO - [['TCB', 25350, 22050, 23700, 'STOCK', 'HSX', '', 7045021622, 'STOCK', 8424683, 'Ngân hàng Thương mại Cổ phần Kỹ thương Việt Nam', 23700, '', '2025-01-16', 23750, 100, 3448900, 82213, 23837.455420568876, 23950, 23700, 'b', 0, 0, 0, 1590552461, 82213.28, 34489, 23700, 23700, 187400, 23650, 155500, 23600, 200600, 23750, 31900, 23800, 160900, 23850, 217600, '2025-01-16 06:03:03']]
[2025-01-16T06:03:05.351+0000] {logging_mixin.py:190} INFO - <class 'list'>
[2025-01-16T06:03:05.351+0000] {logging_mixin.py:190} INFO - [['TCB', 25350, 22050, 23700, 'STOCK', 'HSX', '', 7045021622, 'STOCK', 8424683, 'Ngân hàng Thương mại Cổ phần Kỹ thương Việt Nam', 23700, '', '2025-01-16', 23750, 100, 3448900, 82213, 23837.455420568876, 23950, 23700, 'b', 0, 0, 0, 1590552461, 82213.28, 34489, 23700, 23700, 187400, 23650, 155500, 23600, 200600, 23750, 31900, 23800, 160900, 23850, 217600, '2025-01-16 06:03:03']]
[2025-01-16T06:03:05.358+0000] {python.py:240} INFO - Done. Returned value was: None
[2025-01-16T06:03:05.365+0000] {taskinstance.py:340} INFO - ::group::Post task execution logs
[2025-01-16T06:03:05.366+0000] {taskinstance.py:352} INFO - Marking task as SUCCESS. dag_id=stock_information, task_id=append_to_database, run_id=scheduled__2025-01-16T06:02:00+00:00, execution_date=20250116T060200, start_date=20250116T060305, end_date=20250116T060305
[2025-01-16T06:03:05.390+0000] {local_task_job_runner.py:266} INFO - Task exited with return code 0
[2025-01-16T06:03:05.404+0000] {taskinstance.py:3895} INFO - 0 downstream tasks scheduled from follow-on schedule check
[2025-01-16T06:03:05.408+0000] {local_task_job_runner.py:245} INFO - ::endgroup::
