[2025-01-15T02:39:06.783+0000] {local_task_job_runner.py:123} INFO - ::group::Pre task execution logs
[2025-01-15T02:39:06.797+0000] {taskinstance.py:2613} INFO - Dependencies all met for dep_context=non-requeueable deps ti=<TaskInstance: stock_information.append_to_database scheduled__2025-01-15T02:38:00+00:00 [queued]>
[2025-01-15T02:39:06.805+0000] {taskinstance.py:2613} INFO - Dependencies all met for dep_context=requeueable deps ti=<TaskInstance: stock_information.append_to_database scheduled__2025-01-15T02:38:00+00:00 [queued]>
[2025-01-15T02:39:06.807+0000] {taskinstance.py:2866} INFO - Starting attempt 1 of 1
[2025-01-15T02:39:06.819+0000] {taskinstance.py:2889} INFO - Executing <Task(PythonOperator): append_to_database> on 2025-01-15 02:38:00+00:00
[2025-01-15T02:39:06.825+0000] {standard_task_runner.py:72} INFO - Started process 352 to run task
[2025-01-15T02:39:06.828+0000] {standard_task_runner.py:104} INFO - Running: ['airflow', 'tasks', 'run', 'stock_information', 'append_to_database', 'scheduled__2025-01-15T02:38:00+00:00', '--job-id', '530', '--raw', '--subdir', 'DAGS_FOLDER/vnstock_stream.py', '--cfg-path', '/tmp/tmpch7grpov']
[2025-01-15T02:39:06.831+0000] {standard_task_runner.py:105} INFO - Job 530: Subtask append_to_database
[2025-01-15T02:39:06.871+0000] {task_command.py:467} INFO - Running <TaskInstance: stock_information.append_to_database scheduled__2025-01-15T02:38:00+00:00 [running]> on host 453ac4defedc
[2025-01-15T02:39:06.954+0000] {taskinstance.py:3132} INFO - Exporting env vars: AIRFLOW_CTX_DAG_OWNER='TuanDz' AIRFLOW_CTX_DAG_ID='stock_information' AIRFLOW_CTX_TASK_ID='append_to_database' AIRFLOW_CTX_EXECUTION_DATE='2025-01-15T02:38:00+00:00' AIRFLOW_CTX_TRY_NUMBER='1' AIRFLOW_CTX_DAG_RUN_ID='scheduled__2025-01-15T02:38:00+00:00'
[2025-01-15T02:39:06.957+0000] {taskinstance.py:731} INFO - ::endgroup::
[2025-01-15T02:39:06.998+0000] {logging_mixin.py:190} INFO - Kết nối thành công!
[2025-01-15T02:39:07.000+0000] {logging_mixin.py:190} INFO - <class 'str'>
[2025-01-15T02:39:07.001+0000] {logging_mixin.py:190} INFO - [['TCB', 25250, 21950, 23600, 'STOCK', 'HSX', '', 7045021622, 'STOCK', 8424683, 'Ngân hàng Thương mại Cổ phần Kỹ thương Việt Nam', 23600, '', '2025-01-15', 23750, 2000, 328400, 7798, 23745.43239951279, 23800, 23650, 'b', 0, 0, 0, 1590552461, 7798.979999999996, 3284, 23600, 23700, 203800, 23650, 50800, 23600, 104000, 23750, 72400, 23800, 131900, 23850, 118200, '2025-01-15 02:39:05']]
[2025-01-15T02:39:07.002+0000] {logging_mixin.py:190} INFO - <class 'list'>
[2025-01-15T02:39:07.004+0000] {logging_mixin.py:190} INFO - [['TCB', 25250, 21950, 23600, 'STOCK', 'HSX', '', 7045021622, 'STOCK', 8424683, 'Ngân hàng Thương mại Cổ phần Kỹ thương Việt Nam', 23600, '', '2025-01-15', 23750, 2000, 328400, 7798, 23745.43239951279, 23800, 23650, 'b', 0, 0, 0, 1590552461, 7798.979999999996, 3284, 23600, 23700, 203800, 23650, 50800, 23600, 104000, 23750, 72400, 23800, 131900, 23850, 118200, '2025-01-15 02:39:05']]
[2025-01-15T02:39:07.008+0000] {python.py:240} INFO - Done. Returned value was: None
[2025-01-15T02:39:07.017+0000] {taskinstance.py:340} INFO - ::group::Post task execution logs
[2025-01-15T02:39:07.018+0000] {taskinstance.py:352} INFO - Marking task as SUCCESS. dag_id=stock_information, task_id=append_to_database, run_id=scheduled__2025-01-15T02:38:00+00:00, execution_date=20250115T023800, start_date=20250115T023906, end_date=20250115T023907
[2025-01-15T02:39:07.044+0000] {local_task_job_runner.py:266} INFO - Task exited with return code 0
[2025-01-15T02:39:07.061+0000] {taskinstance.py:3895} INFO - 0 downstream tasks scheduled from follow-on schedule check
[2025-01-15T02:39:07.066+0000] {local_task_job_runner.py:245} INFO - ::endgroup::
