[2025-01-15T04:25:03.829+0000] {local_task_job_runner.py:123} INFO - ::group::Pre task execution logs
[2025-01-15T04:25:03.841+0000] {taskinstance.py:2613} INFO - Dependencies all met for dep_context=non-requeueable deps ti=<TaskInstance: stock_information.append_to_database scheduled__2025-01-15T04:24:00+00:00 [queued]>
[2025-01-15T04:25:03.849+0000] {taskinstance.py:2613} INFO - Dependencies all met for dep_context=requeueable deps ti=<TaskInstance: stock_information.append_to_database scheduled__2025-01-15T04:24:00+00:00 [queued]>
[2025-01-15T04:25:03.851+0000] {taskinstance.py:2866} INFO - Starting attempt 1 of 1
[2025-01-15T04:25:03.861+0000] {taskinstance.py:2889} INFO - Executing <Task(PythonOperator): append_to_database> on 2025-01-15 04:24:00+00:00
[2025-01-15T04:25:03.868+0000] {standard_task_runner.py:72} INFO - Started process 3445 to run task
[2025-01-15T04:25:03.870+0000] {standard_task_runner.py:104} INFO - Running: ['airflow', 'tasks', 'run', 'stock_information', 'append_to_database', 'scheduled__2025-01-15T04:24:00+00:00', '--job-id', '742', '--raw', '--subdir', 'DAGS_FOLDER/vnstock_stream.py', '--cfg-path', '/tmp/tmp3mdqmign']
[2025-01-15T04:25:03.873+0000] {standard_task_runner.py:105} INFO - Job 742: Subtask append_to_database
[2025-01-15T04:25:03.911+0000] {task_command.py:467} INFO - Running <TaskInstance: stock_information.append_to_database scheduled__2025-01-15T04:24:00+00:00 [running]> on host 453ac4defedc
[2025-01-15T04:25:03.989+0000] {taskinstance.py:3132} INFO - Exporting env vars: AIRFLOW_CTX_DAG_OWNER='TuanDz' AIRFLOW_CTX_DAG_ID='stock_information' AIRFLOW_CTX_TASK_ID='append_to_database' AIRFLOW_CTX_EXECUTION_DATE='2025-01-15T04:24:00+00:00' AIRFLOW_CTX_TRY_NUMBER='1' AIRFLOW_CTX_DAG_RUN_ID='scheduled__2025-01-15T04:24:00+00:00'
[2025-01-15T04:25:03.991+0000] {taskinstance.py:731} INFO - ::endgroup::
[2025-01-15T04:25:04.027+0000] {logging_mixin.py:190} INFO - Kết nối thành công!
[2025-01-15T04:25:04.028+0000] {logging_mixin.py:190} INFO - <class 'str'>
[2025-01-15T04:25:04.029+0000] {logging_mixin.py:190} INFO - [['TCB', 25250, 21950, 23600, 'STOCK', 'HSX', '', 7045021622, 'STOCK', 8424683, 'Ngân hàng Thương mại Cổ phần Kỹ thương Việt Nam', 23600, '', '2025-01-15', 23900, 200, 2472200, 58772, 23773.157511528192, 23900, 23650, 'b', 0, 0, 0, 1590552461, 58772.37999999999, 24722, 23600, 23850, 73100, 23800, 37300, 23750, 166200, 23900, 145200, 23950, 171700, 24000, 738900, '2025-01-15 04:25:02']]
[2025-01-15T04:25:04.030+0000] {logging_mixin.py:190} INFO - <class 'list'>
[2025-01-15T04:25:04.031+0000] {logging_mixin.py:190} INFO - [['TCB', 25250, 21950, 23600, 'STOCK', 'HSX', '', 7045021622, 'STOCK', 8424683, 'Ngân hàng Thương mại Cổ phần Kỹ thương Việt Nam', 23600, '', '2025-01-15', 23900, 200, 2472200, 58772, 23773.157511528192, 23900, 23650, 'b', 0, 0, 0, 1590552461, 58772.37999999999, 24722, 23600, 23850, 73100, 23800, 37300, 23750, 166200, 23900, 145200, 23950, 171700, 24000, 738900, '2025-01-15 04:25:02']]
[2025-01-15T04:25:04.034+0000] {python.py:240} INFO - Done. Returned value was: None
[2025-01-15T04:25:04.041+0000] {taskinstance.py:340} INFO - ::group::Post task execution logs
[2025-01-15T04:25:04.042+0000] {taskinstance.py:352} INFO - Marking task as SUCCESS. dag_id=stock_information, task_id=append_to_database, run_id=scheduled__2025-01-15T04:24:00+00:00, execution_date=20250115T042400, start_date=20250115T042503, end_date=20250115T042504
[2025-01-15T04:25:04.085+0000] {local_task_job_runner.py:266} INFO - Task exited with return code 0
[2025-01-15T04:25:04.099+0000] {taskinstance.py:3895} INFO - 0 downstream tasks scheduled from follow-on schedule check
[2025-01-15T04:25:04.103+0000] {local_task_job_runner.py:245} INFO - ::endgroup::
