[2025-01-16T04:37:03.779+0000] {local_task_job_runner.py:123} INFO - ::group::Pre task execution logs
[2025-01-16T04:37:03.791+0000] {taskinstance.py:2613} INFO - Dependencies all met for dep_context=non-requeueable deps ti=<TaskInstance: stock_information.append_to_database scheduled__2025-01-16T04:36:00+00:00 [queued]>
[2025-01-16T04:37:03.800+0000] {taskinstance.py:2613} INFO - Dependencies all met for dep_context=requeueable deps ti=<TaskInstance: stock_information.append_to_database scheduled__2025-01-16T04:36:00+00:00 [queued]>
[2025-01-16T04:37:03.801+0000] {taskinstance.py:2866} INFO - Starting attempt 1 of 1
[2025-01-16T04:37:03.813+0000] {taskinstance.py:2889} INFO - Executing <Task(PythonOperator): append_to_database> on 2025-01-16 04:36:00+00:00
[2025-01-16T04:37:03.818+0000] {standard_task_runner.py:72} INFO - Started process 3755 to run task
[2025-01-16T04:37:03.820+0000] {standard_task_runner.py:104} INFO - Running: ['airflow', 'tasks', 'run', 'stock_information', 'append_to_database', 'scheduled__2025-01-16T04:36:00+00:00', '--job-id', '1663', '--raw', '--subdir', 'DAGS_FOLDER/vnstock_stream.py', '--cfg-path', '/tmp/tmpdf3brsh6']
[2025-01-16T04:37:03.823+0000] {standard_task_runner.py:105} INFO - Job 1663: Subtask append_to_database
[2025-01-16T04:37:03.859+0000] {task_command.py:467} INFO - Running <TaskInstance: stock_information.append_to_database scheduled__2025-01-16T04:36:00+00:00 [running]> on host 453ac4defedc
[2025-01-16T04:37:03.966+0000] {taskinstance.py:3132} INFO - Exporting env vars: AIRFLOW_CTX_DAG_OWNER='TuanDz' AIRFLOW_CTX_DAG_ID='stock_information' AIRFLOW_CTX_TASK_ID='append_to_database' AIRFLOW_CTX_EXECUTION_DATE='2025-01-16T04:36:00+00:00' AIRFLOW_CTX_TRY_NUMBER='1' AIRFLOW_CTX_DAG_RUN_ID='scheduled__2025-01-16T04:36:00+00:00'
[2025-01-16T04:37:03.968+0000] {taskinstance.py:731} INFO - ::endgroup::
[2025-01-16T04:37:04.040+0000] {logging_mixin.py:190} INFO - Kết nối thành công!
[2025-01-16T04:37:04.042+0000] {logging_mixin.py:190} INFO - <class 'str'>
[2025-01-16T04:37:04.043+0000] {logging_mixin.py:190} INFO - [['TCB', 25350, 22050, 23700, 'STOCK', 'HSX', '', 7045021622, 'STOCK', 8424683, 'Ngân hàng Thương mại Cổ phần Kỹ thương Việt Nam', 23700, '', '2025-01-16', 23700, 1000, 3396300, 80966, 23839.472366987604, 23950, 23700, 's', 0, 0, 0, 1590552461, 80966.20000000001, 33963, 23700, 23700, 210100, 23650, 142700, 23600, 101500, 23750, 8400, 23800, 155300, 23850, 205500, '2025-01-16 04:37:02']]
[2025-01-16T04:37:04.044+0000] {logging_mixin.py:190} INFO - <class 'list'>
[2025-01-16T04:37:04.045+0000] {logging_mixin.py:190} INFO - [['TCB', 25350, 22050, 23700, 'STOCK', 'HSX', '', 7045021622, 'STOCK', 8424683, 'Ngân hàng Thương mại Cổ phần Kỹ thương Việt Nam', 23700, '', '2025-01-16', 23700, 1000, 3396300, 80966, 23839.472366987604, 23950, 23700, 's', 0, 0, 0, 1590552461, 80966.20000000001, 33963, 23700, 23700, 210100, 23650, 142700, 23600, 101500, 23750, 8400, 23800, 155300, 23850, 205500, '2025-01-16 04:37:02']]
[2025-01-16T04:37:04.052+0000] {python.py:240} INFO - Done. Returned value was: None
[2025-01-16T04:37:04.062+0000] {taskinstance.py:340} INFO - ::group::Post task execution logs
[2025-01-16T04:37:04.063+0000] {taskinstance.py:352} INFO - Marking task as SUCCESS. dag_id=stock_information, task_id=append_to_database, run_id=scheduled__2025-01-16T04:36:00+00:00, execution_date=20250116T043600, start_date=20250116T043703, end_date=20250116T043704
[2025-01-16T04:37:04.115+0000] {local_task_job_runner.py:266} INFO - Task exited with return code 0
[2025-01-16T04:37:04.132+0000] {taskinstance.py:3895} INFO - 0 downstream tasks scheduled from follow-on schedule check
[2025-01-16T04:37:04.136+0000] {local_task_job_runner.py:245} INFO - ::endgroup::
