[2025-01-13T17:14:03.572+0000] {local_task_job_runner.py:123} INFO - ::group::Pre task execution logs
[2025-01-13T17:14:03.585+0000] {taskinstance.py:2613} INFO - Dependencies all met for dep_context=non-requeueable deps ti=<TaskInstance: stock_information.append_to_database scheduled__2025-01-13T17:13:00+00:00 [queued]>
[2025-01-13T17:14:03.593+0000] {taskinstance.py:2613} INFO - Dependencies all met for dep_context=requeueable deps ti=<TaskInstance: stock_information.append_to_database scheduled__2025-01-13T17:13:00+00:00 [queued]>
[2025-01-13T17:14:03.596+0000] {taskinstance.py:2866} INFO - Starting attempt 1 of 1
[2025-01-13T17:14:03.611+0000] {taskinstance.py:2889} INFO - Executing <Task(PythonOperator): append_to_database> on 2025-01-13 17:13:00+00:00
[2025-01-13T17:14:03.617+0000] {standard_task_runner.py:72} INFO - Started process 4338 to run task
[2025-01-13T17:14:03.620+0000] {standard_task_runner.py:104} INFO - Running: ['airflow', 'tasks', 'run', 'stock_information', 'append_to_database', 'scheduled__2025-01-13T17:13:00+00:00', '--job-id', '505', '--raw', '--subdir', 'DAGS_FOLDER/vnstock_stream.py', '--cfg-path', '/tmp/tmpuwrmsi88']
[2025-01-13T17:14:03.623+0000] {standard_task_runner.py:105} INFO - Job 505: Subtask append_to_database
[2025-01-13T17:14:03.671+0000] {task_command.py:467} INFO - Running <TaskInstance: stock_information.append_to_database scheduled__2025-01-13T17:13:00+00:00 [running]> on host 453ac4defedc
[2025-01-13T17:14:03.753+0000] {taskinstance.py:3132} INFO - Exporting env vars: AIRFLOW_CTX_DAG_OWNER='TuanDz' AIRFLOW_CTX_DAG_ID='stock_information' AIRFLOW_CTX_TASK_ID='append_to_database' AIRFLOW_CTX_EXECUTION_DATE='2025-01-13T17:13:00+00:00' AIRFLOW_CTX_TRY_NUMBER='1' AIRFLOW_CTX_DAG_RUN_ID='scheduled__2025-01-13T17:13:00+00:00'
[2025-01-13T17:14:03.757+0000] {taskinstance.py:731} INFO - ::endgroup::
[2025-01-13T17:14:03.802+0000] {logging_mixin.py:190} INFO - Kết nối thành công!
[2025-01-13T17:14:03.804+0000] {logging_mixin.py:190} INFO - <class 'str'>
[2025-01-13T17:14:03.804+0000] {logging_mixin.py:190} INFO - [['TCB', 25000, 21800, 23400, 'STOCK', 'HSX', '', 7045021622, 'STOCK', 8424683, 'Ngân hàng Thương mại Cổ phần Kỹ thương Việt Nam', 23400, '', '2025-01-13', 23800, 838200, 7939900, 185556, 23370.067633093615, 23800, 23150, 'unknown', 67300, 70100, 0, 1590552461, 185556.69500000082, 79399, 23400, 23750, 100, 23650, 300, 23600, 35700, 23800, 522500, 23850, 189400, 23900, 369400, '2025-01-13 17:14:02']]
[2025-01-13T17:14:03.805+0000] {logging_mixin.py:190} INFO - <class 'list'>
[2025-01-13T17:14:03.806+0000] {logging_mixin.py:190} INFO - [['TCB', 25000, 21800, 23400, 'STOCK', 'HSX', '', 7045021622, 'STOCK', 8424683, 'Ngân hàng Thương mại Cổ phần Kỹ thương Việt Nam', 23400, '', '2025-01-13', 23800, 838200, 7939900, 185556, 23370.067633093615, 23800, 23150, 'unknown', 67300, 70100, 0, 1590552461, 185556.69500000082, 79399, 23400, 23750, 100, 23650, 300, 23600, 35700, 23800, 522500, 23850, 189400, 23900, 369400, '2025-01-13 17:14:02']]
[2025-01-13T17:14:03.808+0000] {python.py:240} INFO - Done. Returned value was: None
[2025-01-13T17:14:03.815+0000] {taskinstance.py:340} INFO - ::group::Post task execution logs
[2025-01-13T17:14:03.817+0000] {taskinstance.py:352} INFO - Marking task as SUCCESS. dag_id=stock_information, task_id=append_to_database, run_id=scheduled__2025-01-13T17:13:00+00:00, execution_date=20250113T171300, start_date=20250113T171403, end_date=20250113T171403
[2025-01-13T17:14:03.835+0000] {local_task_job_runner.py:266} INFO - Task exited with return code 0
[2025-01-13T17:14:03.848+0000] {taskinstance.py:3895} INFO - 0 downstream tasks scheduled from follow-on schedule check
[2025-01-13T17:14:03.853+0000] {local_task_job_runner.py:245} INFO - ::endgroup::
