[2025-01-16T07:27:04.430+0000] {local_task_job_runner.py:123} INFO - ::group::Pre task execution logs
[2025-01-16T07:27:04.445+0000] {taskinstance.py:2613} INFO - Dependencies all met for dep_context=non-requeueable deps ti=<TaskInstance: stock_information.append_to_database scheduled__2025-01-16T07:26:00+00:00 [queued]>
[2025-01-16T07:27:04.454+0000] {taskinstance.py:2613} INFO - Dependencies all met for dep_context=requeueable deps ti=<TaskInstance: stock_information.append_to_database scheduled__2025-01-16T07:26:00+00:00 [queued]>
[2025-01-16T07:27:04.456+0000] {taskinstance.py:2866} INFO - Starting attempt 1 of 1
[2025-01-16T07:27:04.469+0000] {taskinstance.py:2889} INFO - Executing <Task(PythonOperator): append_to_database> on 2025-01-16 07:26:00+00:00
[2025-01-16T07:27:04.476+0000] {standard_task_runner.py:72} INFO - Started process 8740 to run task
[2025-01-16T07:27:04.479+0000] {standard_task_runner.py:104} INFO - Running: ['airflow', 'tasks', 'run', 'stock_information', 'append_to_database', 'scheduled__2025-01-16T07:26:00+00:00', '--job-id', '2003', '--raw', '--subdir', 'DAGS_FOLDER/vnstock_stream.py', '--cfg-path', '/tmp/tmpo6p45tqh']
[2025-01-16T07:27:04.482+0000] {standard_task_runner.py:105} INFO - Job 2003: Subtask append_to_database
[2025-01-16T07:27:04.522+0000] {task_command.py:467} INFO - Running <TaskInstance: stock_information.append_to_database scheduled__2025-01-16T07:26:00+00:00 [running]> on host 453ac4defedc
[2025-01-16T07:27:04.607+0000] {taskinstance.py:3132} INFO - Exporting env vars: AIRFLOW_CTX_DAG_OWNER='TuanDz' AIRFLOW_CTX_DAG_ID='stock_information' AIRFLOW_CTX_TASK_ID='append_to_database' AIRFLOW_CTX_EXECUTION_DATE='2025-01-16T07:26:00+00:00' AIRFLOW_CTX_TRY_NUMBER='1' AIRFLOW_CTX_DAG_RUN_ID='scheduled__2025-01-16T07:26:00+00:00'
[2025-01-16T07:27:04.609+0000] {taskinstance.py:731} INFO - ::endgroup::
[2025-01-16T07:27:04.678+0000] {logging_mixin.py:190} INFO - Kết nối thành công!
[2025-01-16T07:27:04.679+0000] {logging_mixin.py:190} INFO - <class 'str'>
[2025-01-16T07:27:04.680+0000] {logging_mixin.py:190} INFO - [['TCB', 25350, 22050, 23700, 'STOCK', 'HSX', '', 7045021622, 'STOCK', 8424683, 'Ngân hàng Thương mại Cổ phần Kỹ thương Việt Nam', 23700, '', '2025-01-16', 23600, 9500, 7047300, 167552, 23775.346586636017, 23950, 23600, 's', 0, 43800, 0, 1590552461, 167552.75999999954, 70473, 23700, 23650, 1000, 23600, 238800, 23550, 260500, 23700, 22900, 23750, 67500, 23800, 84300, '2025-01-16 07:27:02']]
[2025-01-16T07:27:04.680+0000] {logging_mixin.py:190} INFO - <class 'list'>
[2025-01-16T07:27:04.681+0000] {logging_mixin.py:190} INFO - [['TCB', 25350, 22050, 23700, 'STOCK', 'HSX', '', 7045021622, 'STOCK', 8424683, 'Ngân hàng Thương mại Cổ phần Kỹ thương Việt Nam', 23700, '', '2025-01-16', 23600, 9500, 7047300, 167552, 23775.346586636017, 23950, 23600, 's', 0, 43800, 0, 1590552461, 167552.75999999954, 70473, 23700, 23650, 1000, 23600, 238800, 23550, 260500, 23700, 22900, 23750, 67500, 23800, 84300, '2025-01-16 07:27:02']]
[2025-01-16T07:27:04.687+0000] {python.py:240} INFO - Done. Returned value was: None
[2025-01-16T07:27:04.694+0000] {taskinstance.py:340} INFO - ::group::Post task execution logs
[2025-01-16T07:27:04.695+0000] {taskinstance.py:352} INFO - Marking task as SUCCESS. dag_id=stock_information, task_id=append_to_database, run_id=scheduled__2025-01-16T07:26:00+00:00, execution_date=20250116T072600, start_date=20250116T072704, end_date=20250116T072704
[2025-01-16T07:27:04.735+0000] {local_task_job_runner.py:266} INFO - Task exited with return code 0
[2025-01-16T07:27:04.758+0000] {taskinstance.py:3895} INFO - 0 downstream tasks scheduled from follow-on schedule check
[2025-01-16T07:27:04.764+0000] {local_task_job_runner.py:245} INFO - ::endgroup::
