[2025-01-16T04:08:03.781+0000] {local_task_job_runner.py:123} INFO - ::group::Pre task execution logs
[2025-01-16T04:08:03.795+0000] {taskinstance.py:2613} INFO - Dependencies all met for dep_context=non-requeueable deps ti=<TaskInstance: stock_information.append_to_database scheduled__2025-01-16T04:07:00+00:00 [queued]>
[2025-01-16T04:08:03.807+0000] {taskinstance.py:2613} INFO - Dependencies all met for dep_context=requeueable deps ti=<TaskInstance: stock_information.append_to_database scheduled__2025-01-16T04:07:00+00:00 [queued]>
[2025-01-16T04:08:03.809+0000] {taskinstance.py:2866} INFO - Starting attempt 1 of 1
[2025-01-16T04:08:03.821+0000] {taskinstance.py:2889} INFO - Executing <Task(PythonOperator): append_to_database> on 2025-01-16 04:07:00+00:00
[2025-01-16T04:08:03.827+0000] {standard_task_runner.py:72} INFO - Started process 2903 to run task
[2025-01-16T04:08:03.830+0000] {standard_task_runner.py:104} INFO - Running: ['airflow', 'tasks', 'run', 'stock_information', 'append_to_database', 'scheduled__2025-01-16T04:07:00+00:00', '--job-id', '1605', '--raw', '--subdir', 'DAGS_FOLDER/vnstock_stream.py', '--cfg-path', '/tmp/tmpn1ju2lfz']
[2025-01-16T04:08:03.832+0000] {standard_task_runner.py:105} INFO - Job 1605: Subtask append_to_database
[2025-01-16T04:08:03.869+0000] {task_command.py:467} INFO - Running <TaskInstance: stock_information.append_to_database scheduled__2025-01-16T04:07:00+00:00 [running]> on host 453ac4defedc
[2025-01-16T04:08:03.943+0000] {taskinstance.py:3132} INFO - Exporting env vars: AIRFLOW_CTX_DAG_OWNER='TuanDz' AIRFLOW_CTX_DAG_ID='stock_information' AIRFLOW_CTX_TASK_ID='append_to_database' AIRFLOW_CTX_EXECUTION_DATE='2025-01-16T04:07:00+00:00' AIRFLOW_CTX_TRY_NUMBER='1' AIRFLOW_CTX_DAG_RUN_ID='scheduled__2025-01-16T04:07:00+00:00'
[2025-01-16T04:08:03.944+0000] {taskinstance.py:731} INFO - ::endgroup::
[2025-01-16T04:08:03.988+0000] {logging_mixin.py:190} INFO - Kết nối thành công!
[2025-01-16T04:08:03.989+0000] {logging_mixin.py:190} INFO - <class 'str'>
[2025-01-16T04:08:03.990+0000] {logging_mixin.py:190} INFO - [['TCB', 25350, 22050, 23700, 'STOCK', 'HSX', '', 7045021622, 'STOCK', 8424683, 'Ngân hàng Thương mại Cổ phần Kỹ thương Việt Nam', 23700, '', '2025-01-16', 23750, 1000, 3116400, 74317, 23847.067128738287, 23950, 23750, 's', 0, 0, 0, 1590552461, 74317.23999999999, 31164, 23700, 23750, 163900, 23700, 178500, 23650, 24000, 23800, 69900, 23850, 196000, 23900, 288700, '2025-01-16 04:08:01']]
[2025-01-16T04:08:03.990+0000] {logging_mixin.py:190} INFO - <class 'list'>
[2025-01-16T04:08:03.991+0000] {logging_mixin.py:190} INFO - [['TCB', 25350, 22050, 23700, 'STOCK', 'HSX', '', 7045021622, 'STOCK', 8424683, 'Ngân hàng Thương mại Cổ phần Kỹ thương Việt Nam', 23700, '', '2025-01-16', 23750, 1000, 3116400, 74317, 23847.067128738287, 23950, 23750, 's', 0, 0, 0, 1590552461, 74317.23999999999, 31164, 23700, 23750, 163900, 23700, 178500, 23650, 24000, 23800, 69900, 23850, 196000, 23900, 288700, '2025-01-16 04:08:01']]
[2025-01-16T04:08:03.995+0000] {python.py:240} INFO - Done. Returned value was: None
[2025-01-16T04:08:04.002+0000] {taskinstance.py:340} INFO - ::group::Post task execution logs
[2025-01-16T04:08:04.002+0000] {taskinstance.py:352} INFO - Marking task as SUCCESS. dag_id=stock_information, task_id=append_to_database, run_id=scheduled__2025-01-16T04:07:00+00:00, execution_date=20250116T040700, start_date=20250116T040803, end_date=20250116T040804
[2025-01-16T04:08:04.045+0000] {local_task_job_runner.py:266} INFO - Task exited with return code 0
[2025-01-16T04:08:04.062+0000] {taskinstance.py:3895} INFO - 0 downstream tasks scheduled from follow-on schedule check
[2025-01-16T04:08:04.067+0000] {local_task_job_runner.py:245} INFO - ::endgroup::
