[2025-01-17T03:21:04.947+0000] {local_task_job_runner.py:123} INFO - ::group::Pre task execution logs
[2025-01-17T03:21:04.959+0000] {taskinstance.py:2613} INFO - Dependencies all met for dep_context=non-requeueable deps ti=<TaskInstance: stock_information.append_to_database scheduled__2025-01-17T03:20:00+00:00 [queued]>
[2025-01-17T03:21:04.966+0000] {taskinstance.py:2613} INFO - Dependencies all met for dep_context=requeueable deps ti=<TaskInstance: stock_information.append_to_database scheduled__2025-01-17T03:20:00+00:00 [queued]>
[2025-01-17T03:21:04.968+0000] {taskinstance.py:2866} INFO - Starting attempt 1 of 1
[2025-01-17T03:21:04.980+0000] {taskinstance.py:2889} INFO - Executing <Task(PythonOperator): append_to_database> on 2025-01-17 03:20:00+00:00
[2025-01-17T03:21:04.986+0000] {standard_task_runner.py:72} INFO - Started process 3034 to run task
[2025-01-17T03:21:04.988+0000] {standard_task_runner.py:104} INFO - Running: ['airflow', 'tasks', 'run', 'stock_information', 'append_to_database', 'scheduled__2025-01-17T03:20:00+00:00', '--job-id', '2414', '--raw', '--subdir', 'DAGS_FOLDER/vnstock_stream.py', '--cfg-path', '/tmp/tmp5b96q7az']
[2025-01-17T03:21:04.991+0000] {standard_task_runner.py:105} INFO - Job 2414: Subtask append_to_database
[2025-01-17T03:21:05.029+0000] {task_command.py:467} INFO - Running <TaskInstance: stock_information.append_to_database scheduled__2025-01-17T03:20:00+00:00 [running]> on host 453ac4defedc
[2025-01-17T03:21:05.105+0000] {taskinstance.py:3132} INFO - Exporting env vars: AIRFLOW_CTX_DAG_OWNER='TuanDz' AIRFLOW_CTX_DAG_ID='stock_information' AIRFLOW_CTX_TASK_ID='append_to_database' AIRFLOW_CTX_EXECUTION_DATE='2025-01-17T03:20:00+00:00' AIRFLOW_CTX_TRY_NUMBER='1' AIRFLOW_CTX_DAG_RUN_ID='scheduled__2025-01-17T03:20:00+00:00'
[2025-01-17T03:21:05.107+0000] {taskinstance.py:731} INFO - ::endgroup::
[2025-01-17T03:21:05.169+0000] {logging_mixin.py:190} INFO - Kết nối thành công!
[2025-01-17T03:21:05.170+0000] {logging_mixin.py:190} INFO - <class 'str'>
[2025-01-17T03:21:05.171+0000] {logging_mixin.py:190} INFO - [['TCB', 25500, 22200, 23850, 'STOCK', 'HSX', '', 7045021622, 'STOCK', 8424683, 'Ngân hàng Thương mại Cổ phần Kỹ thương Việt Nam', 23850, '', '2025-01-17', 23850, 300, 565900, 13486, 23831.065559286093, 23900, 23750, 's', 5300, 46800, 0, 1590552461, 13486.405000000026, 5659, 23850, 23850, 117000, 23800, 189100, 23750, 97200, 23900, 206600, 23950, 331500, 24000, 962500, '2025-01-17 03:21:02']]
[2025-01-17T03:21:05.172+0000] {logging_mixin.py:190} INFO - <class 'list'>
[2025-01-17T03:21:05.172+0000] {logging_mixin.py:190} INFO - [['TCB', 25500, 22200, 23850, 'STOCK', 'HSX', '', 7045021622, 'STOCK', 8424683, 'Ngân hàng Thương mại Cổ phần Kỹ thương Việt Nam', 23850, '', '2025-01-17', 23850, 300, 565900, 13486, 23831.065559286093, 23900, 23750, 's', 5300, 46800, 0, 1590552461, 13486.405000000026, 5659, 23850, 23850, 117000, 23800, 189100, 23750, 97200, 23900, 206600, 23950, 331500, 24000, 962500, '2025-01-17 03:21:02']]
[2025-01-17T03:21:05.178+0000] {python.py:240} INFO - Done. Returned value was: None
[2025-01-17T03:21:05.185+0000] {taskinstance.py:340} INFO - ::group::Post task execution logs
[2025-01-17T03:21:05.186+0000] {taskinstance.py:352} INFO - Marking task as SUCCESS. dag_id=stock_information, task_id=append_to_database, run_id=scheduled__2025-01-17T03:20:00+00:00, execution_date=20250117T032000, start_date=20250117T032104, end_date=20250117T032105
[2025-01-17T03:21:05.204+0000] {local_task_job_runner.py:266} INFO - Task exited with return code 0
[2025-01-17T03:21:05.217+0000] {taskinstance.py:3895} INFO - 0 downstream tasks scheduled from follow-on schedule check
[2025-01-17T03:21:05.222+0000] {local_task_job_runner.py:245} INFO - ::endgroup::
