[2025-01-15T03:02:03.682+0000] {local_task_job_runner.py:123} INFO - ::group::Pre task execution logs
[2025-01-15T03:02:03.695+0000] {taskinstance.py:2613} INFO - Dependencies all met for dep_context=non-requeueable deps ti=<TaskInstance: stock_information.append_to_database scheduled__2025-01-15T03:01:00+00:00 [queued]>
[2025-01-15T03:02:03.703+0000] {taskinstance.py:2613} INFO - Dependencies all met for dep_context=requeueable deps ti=<TaskInstance: stock_information.append_to_database scheduled__2025-01-15T03:01:00+00:00 [queued]>
[2025-01-15T03:02:03.704+0000] {taskinstance.py:2866} INFO - Starting attempt 1 of 1
[2025-01-15T03:02:03.720+0000] {taskinstance.py:2889} INFO - Executing <Task(PythonOperator): append_to_database> on 2025-01-15 03:01:00+00:00
[2025-01-15T03:02:03.728+0000] {standard_task_runner.py:72} INFO - Started process 1027 to run task
[2025-01-15T03:02:03.731+0000] {standard_task_runner.py:104} INFO - Running: ['airflow', 'tasks', 'run', 'stock_information', 'append_to_database', 'scheduled__2025-01-15T03:01:00+00:00', '--job-id', '576', '--raw', '--subdir', 'DAGS_FOLDER/vnstock_stream.py', '--cfg-path', '/tmp/tmpiodj6pws']
[2025-01-15T03:02:03.735+0000] {standard_task_runner.py:105} INFO - Job 576: Subtask append_to_database
[2025-01-15T03:02:03.783+0000] {task_command.py:467} INFO - Running <TaskInstance: stock_information.append_to_database scheduled__2025-01-15T03:01:00+00:00 [running]> on host 453ac4defedc
[2025-01-15T03:02:03.870+0000] {taskinstance.py:3132} INFO - Exporting env vars: AIRFLOW_CTX_DAG_OWNER='TuanDz' AIRFLOW_CTX_DAG_ID='stock_information' AIRFLOW_CTX_TASK_ID='append_to_database' AIRFLOW_CTX_EXECUTION_DATE='2025-01-15T03:01:00+00:00' AIRFLOW_CTX_TRY_NUMBER='1' AIRFLOW_CTX_DAG_RUN_ID='scheduled__2025-01-15T03:01:00+00:00'
[2025-01-15T03:02:03.873+0000] {taskinstance.py:731} INFO - ::endgroup::
[2025-01-15T03:02:03.910+0000] {logging_mixin.py:190} INFO - Kết nối thành công!
[2025-01-15T03:02:03.912+0000] {logging_mixin.py:190} INFO - <class 'str'>
[2025-01-15T03:02:03.913+0000] {logging_mixin.py:190} INFO - [['TCB', 25250, 21950, 23600, 'STOCK', 'HSX', '', 7045021622, 'STOCK', 8424683, 'Ngân hàng Thương mại Cổ phần Kỹ thương Việt Nam', 23600, '', '2025-01-15', 23700, 100, 543400, 12896, 23732.057416267944, 23800, 23650, 's', 0, 0, 0, 1590552461, 12896.025000000005, 5434, 23600, 23700, 129400, 23650, 124500, 23600, 137300, 23750, 150800, 23800, 143400, 23850, 142700, '2025-01-15 03:02:02']]
[2025-01-15T03:02:03.914+0000] {logging_mixin.py:190} INFO - <class 'list'>
[2025-01-15T03:02:03.914+0000] {logging_mixin.py:190} INFO - [['TCB', 25250, 21950, 23600, 'STOCK', 'HSX', '', 7045021622, 'STOCK', 8424683, 'Ngân hàng Thương mại Cổ phần Kỹ thương Việt Nam', 23600, '', '2025-01-15', 23700, 100, 543400, 12896, 23732.057416267944, 23800, 23650, 's', 0, 0, 0, 1590552461, 12896.025000000005, 5434, 23600, 23700, 129400, 23650, 124500, 23600, 137300, 23750, 150800, 23800, 143400, 23850, 142700, '2025-01-15 03:02:02']]
[2025-01-15T03:02:03.917+0000] {python.py:240} INFO - Done. Returned value was: None
[2025-01-15T03:02:03.925+0000] {taskinstance.py:340} INFO - ::group::Post task execution logs
[2025-01-15T03:02:03.925+0000] {taskinstance.py:352} INFO - Marking task as SUCCESS. dag_id=stock_information, task_id=append_to_database, run_id=scheduled__2025-01-15T03:01:00+00:00, execution_date=20250115T030100, start_date=20250115T030203, end_date=20250115T030203
[2025-01-15T03:02:03.946+0000] {local_task_job_runner.py:266} INFO - Task exited with return code 0
[2025-01-15T03:02:03.960+0000] {taskinstance.py:3895} INFO - 0 downstream tasks scheduled from follow-on schedule check
[2025-01-15T03:02:03.965+0000] {local_task_job_runner.py:245} INFO - ::endgroup::
