[2025-01-15T02:37:03.503+0000] {local_task_job_runner.py:123} INFO - ::group::Pre task execution logs
[2025-01-15T02:37:03.518+0000] {taskinstance.py:2613} INFO - Dependencies all met for dep_context=non-requeueable deps ti=<TaskInstance: stock_information.append_to_database scheduled__2025-01-15T02:36:00+00:00 [queued]>
[2025-01-15T02:37:03.527+0000] {taskinstance.py:2613} INFO - Dependencies all met for dep_context=requeueable deps ti=<TaskInstance: stock_information.append_to_database scheduled__2025-01-15T02:36:00+00:00 [queued]>
[2025-01-15T02:37:03.529+0000] {taskinstance.py:2866} INFO - Starting attempt 1 of 1
[2025-01-15T02:37:03.542+0000] {taskinstance.py:2889} INFO - Executing <Task(PythonOperator): append_to_database> on 2025-01-15 02:36:00+00:00
[2025-01-15T02:37:03.548+0000] {standard_task_runner.py:72} INFO - Started process 292 to run task
[2025-01-15T02:37:03.551+0000] {standard_task_runner.py:104} INFO - Running: ['airflow', 'tasks', 'run', 'stock_information', 'append_to_database', 'scheduled__2025-01-15T02:36:00+00:00', '--job-id', '526', '--raw', '--subdir', 'DAGS_FOLDER/vnstock_stream.py', '--cfg-path', '/tmp/tmpq13pk1pu']
[2025-01-15T02:37:03.554+0000] {standard_task_runner.py:105} INFO - Job 526: Subtask append_to_database
[2025-01-15T02:37:03.600+0000] {task_command.py:467} INFO - Running <TaskInstance: stock_information.append_to_database scheduled__2025-01-15T02:36:00+00:00 [running]> on host 453ac4defedc
[2025-01-15T02:37:03.696+0000] {taskinstance.py:3132} INFO - Exporting env vars: AIRFLOW_CTX_DAG_OWNER='TuanDz' AIRFLOW_CTX_DAG_ID='stock_information' AIRFLOW_CTX_TASK_ID='append_to_database' AIRFLOW_CTX_EXECUTION_DATE='2025-01-15T02:36:00+00:00' AIRFLOW_CTX_TRY_NUMBER='1' AIRFLOW_CTX_DAG_RUN_ID='scheduled__2025-01-15T02:36:00+00:00'
[2025-01-15T02:37:03.699+0000] {taskinstance.py:731} INFO - ::endgroup::
[2025-01-15T02:37:03.742+0000] {logging_mixin.py:190} INFO - Kết nối thành công!
[2025-01-15T02:37:03.743+0000] {logging_mixin.py:190} INFO - <class 'str'>
[2025-01-15T02:37:03.744+0000] {logging_mixin.py:190} INFO - [['TCB', 25250, 21950, 23600, 'STOCK', 'HSX', '', 7045021622, 'STOCK', 8424683, 'Ngân hàng Thương mại Cổ phần Kỹ thương Việt Nam', 23600, '', '2025-01-15', 23750, 4800, 324700, 7711, 23748.075146288884, 23800, 23650, 'b', 0, 0, 0, 1590552461, 7711.104999999996, 3247, 23600, 23700, 202700, 23650, 51800, 23600, 93000, 23750, 1700, 23800, 132200, 23850, 98200, '2025-01-15 02:37:02']]
[2025-01-15T02:37:03.745+0000] {logging_mixin.py:190} INFO - <class 'list'>
[2025-01-15T02:37:03.746+0000] {logging_mixin.py:190} INFO - [['TCB', 25250, 21950, 23600, 'STOCK', 'HSX', '', 7045021622, 'STOCK', 8424683, 'Ngân hàng Thương mại Cổ phần Kỹ thương Việt Nam', 23600, '', '2025-01-15', 23750, 4800, 324700, 7711, 23748.075146288884, 23800, 23650, 'b', 0, 0, 0, 1590552461, 7711.104999999996, 3247, 23600, 23700, 202700, 23650, 51800, 23600, 93000, 23750, 1700, 23800, 132200, 23850, 98200, '2025-01-15 02:37:02']]
[2025-01-15T02:37:03.748+0000] {python.py:240} INFO - Done. Returned value was: None
[2025-01-15T02:37:03.757+0000] {taskinstance.py:340} INFO - ::group::Post task execution logs
[2025-01-15T02:37:03.758+0000] {taskinstance.py:352} INFO - Marking task as SUCCESS. dag_id=stock_information, task_id=append_to_database, run_id=scheduled__2025-01-15T02:36:00+00:00, execution_date=20250115T023600, start_date=20250115T023703, end_date=20250115T023703
[2025-01-15T02:37:03.807+0000] {local_task_job_runner.py:266} INFO - Task exited with return code 0
[2025-01-15T02:37:03.820+0000] {taskinstance.py:3895} INFO - 0 downstream tasks scheduled from follow-on schedule check
[2025-01-15T02:37:03.824+0000] {local_task_job_runner.py:245} INFO - ::endgroup::
