[2025-01-16T07:41:04.289+0000] {local_task_job_runner.py:123} INFO - ::group::Pre task execution logs
[2025-01-16T07:41:04.301+0000] {taskinstance.py:2613} INFO - Dependencies all met for dep_context=non-requeueable deps ti=<TaskInstance: stock_information.append_to_database scheduled__2025-01-16T07:40:00+00:00 [queued]>
[2025-01-16T07:41:04.309+0000] {taskinstance.py:2613} INFO - Dependencies all met for dep_context=requeueable deps ti=<TaskInstance: stock_information.append_to_database scheduled__2025-01-16T07:40:00+00:00 [queued]>
[2025-01-16T07:41:04.310+0000] {taskinstance.py:2866} INFO - Starting attempt 1 of 1
[2025-01-16T07:41:04.323+0000] {taskinstance.py:2889} INFO - Executing <Task(PythonOperator): append_to_database> on 2025-01-16 07:40:00+00:00
[2025-01-16T07:41:04.329+0000] {standard_task_runner.py:72} INFO - Started process 9148 to run task
[2025-01-16T07:41:04.332+0000] {standard_task_runner.py:104} INFO - Running: ['airflow', 'tasks', 'run', 'stock_information', 'append_to_database', 'scheduled__2025-01-16T07:40:00+00:00', '--job-id', '2031', '--raw', '--subdir', 'DAGS_FOLDER/vnstock_stream.py', '--cfg-path', '/tmp/tmpqmx497qi']
[2025-01-16T07:41:04.336+0000] {standard_task_runner.py:105} INFO - Job 2031: Subtask append_to_database
[2025-01-16T07:41:04.373+0000] {task_command.py:467} INFO - Running <TaskInstance: stock_information.append_to_database scheduled__2025-01-16T07:40:00+00:00 [running]> on host 453ac4defedc
[2025-01-16T07:41:04.455+0000] {taskinstance.py:3132} INFO - Exporting env vars: AIRFLOW_CTX_DAG_OWNER='TuanDz' AIRFLOW_CTX_DAG_ID='stock_information' AIRFLOW_CTX_TASK_ID='append_to_database' AIRFLOW_CTX_EXECUTION_DATE='2025-01-16T07:40:00+00:00' AIRFLOW_CTX_TRY_NUMBER='1' AIRFLOW_CTX_DAG_RUN_ID='scheduled__2025-01-16T07:40:00+00:00'
[2025-01-16T07:41:04.457+0000] {taskinstance.py:731} INFO - ::endgroup::
[2025-01-16T07:41:04.549+0000] {logging_mixin.py:190} INFO - Kết nối thành công!
[2025-01-16T07:41:04.551+0000] {logging_mixin.py:190} INFO - <class 'str'>
[2025-01-16T07:41:04.552+0000] {logging_mixin.py:190} INFO - [['TCB', 25350, 22050, 23700, 'STOCK', 'HSX', '', 7045021622, 'STOCK', 8424683, 'Ngân hàng Thương mại Cổ phần Kỹ thương Việt Nam', 23700, '', '2025-01-16', 23750, 0, 7499500, 178238, 23766.651110074006, 23950, 23600, 's', 0, 43800, 0, 1590552461, 178238.56999999922, 74995, 23700, 0, 174000, 23800, 2800, 23750, 100, 0, 155400, 23550, 400, 23600, 800, '2025-01-16 07:41:02']]
[2025-01-16T07:41:04.553+0000] {logging_mixin.py:190} INFO - <class 'list'>
[2025-01-16T07:41:04.554+0000] {logging_mixin.py:190} INFO - [['TCB', 25350, 22050, 23700, 'STOCK', 'HSX', '', 7045021622, 'STOCK', 8424683, 'Ngân hàng Thương mại Cổ phần Kỹ thương Việt Nam', 23700, '', '2025-01-16', 23750, 0, 7499500, 178238, 23766.651110074006, 23950, 23600, 's', 0, 43800, 0, 1590552461, 178238.56999999922, 74995, 23700, 0, 174000, 23800, 2800, 23750, 100, 0, 155400, 23550, 400, 23600, 800, '2025-01-16 07:41:02']]
[2025-01-16T07:41:04.564+0000] {python.py:240} INFO - Done. Returned value was: None
[2025-01-16T07:41:04.573+0000] {taskinstance.py:340} INFO - ::group::Post task execution logs
[2025-01-16T07:41:04.574+0000] {taskinstance.py:352} INFO - Marking task as SUCCESS. dag_id=stock_information, task_id=append_to_database, run_id=scheduled__2025-01-16T07:40:00+00:00, execution_date=20250116T074000, start_date=20250116T074104, end_date=20250116T074104
[2025-01-16T07:41:04.628+0000] {local_task_job_runner.py:266} INFO - Task exited with return code 0
[2025-01-16T07:41:04.647+0000] {taskinstance.py:3895} INFO - 0 downstream tasks scheduled from follow-on schedule check
[2025-01-16T07:41:04.651+0000] {local_task_job_runner.py:245} INFO - ::endgroup::
