[2025-01-17T03:25:03.357+0000] {local_task_job_runner.py:123} INFO - ::group::Pre task execution logs
[2025-01-17T03:25:03.368+0000] {taskinstance.py:2613} INFO - Dependencies all met for dep_context=non-requeueable deps ti=<TaskInstance: stock_information.append_to_database scheduled__2025-01-17T03:24:00+00:00 [queued]>
[2025-01-17T03:25:03.375+0000] {taskinstance.py:2613} INFO - Dependencies all met for dep_context=requeueable deps ti=<TaskInstance: stock_information.append_to_database scheduled__2025-01-17T03:24:00+00:00 [queued]>
[2025-01-17T03:25:03.377+0000] {taskinstance.py:2866} INFO - Starting attempt 1 of 1
[2025-01-17T03:25:03.388+0000] {taskinstance.py:2889} INFO - Executing <Task(PythonOperator): append_to_database> on 2025-01-17 03:24:00+00:00
[2025-01-17T03:25:03.393+0000] {standard_task_runner.py:72} INFO - Started process 3148 to run task
[2025-01-17T03:25:03.395+0000] {standard_task_runner.py:104} INFO - Running: ['airflow', 'tasks', 'run', 'stock_information', 'append_to_database', 'scheduled__2025-01-17T03:24:00+00:00', '--job-id', '2422', '--raw', '--subdir', 'DAGS_FOLDER/vnstock_stream.py', '--cfg-path', '/tmp/tmpv3b134rf']
[2025-01-17T03:25:03.397+0000] {standard_task_runner.py:105} INFO - Job 2422: Subtask append_to_database
[2025-01-17T03:25:03.433+0000] {task_command.py:467} INFO - Running <TaskInstance: stock_information.append_to_database scheduled__2025-01-17T03:24:00+00:00 [running]> on host 453ac4defedc
[2025-01-17T03:25:03.509+0000] {taskinstance.py:3132} INFO - Exporting env vars: AIRFLOW_CTX_DAG_OWNER='TuanDz' AIRFLOW_CTX_DAG_ID='stock_information' AIRFLOW_CTX_TASK_ID='append_to_database' AIRFLOW_CTX_EXECUTION_DATE='2025-01-17T03:24:00+00:00' AIRFLOW_CTX_TRY_NUMBER='1' AIRFLOW_CTX_DAG_RUN_ID='scheduled__2025-01-17T03:24:00+00:00'
[2025-01-17T03:25:03.511+0000] {taskinstance.py:731} INFO - ::endgroup::
[2025-01-17T03:25:03.571+0000] {logging_mixin.py:190} INFO - Kết nối thành công!
[2025-01-17T03:25:03.571+0000] {logging_mixin.py:190} INFO - <class 'str'>
[2025-01-17T03:25:03.572+0000] {logging_mixin.py:190} INFO - [['TCB', 25500, 22200, 23850, 'STOCK', 'HSX', '', 7045021622, 'STOCK', 8424683, 'Ngân hàng Thương mại Cổ phần Kỹ thương Việt Nam', 23850, '', '2025-01-17', 23850, 300, 583800, 13913, 23831.791709489553, 23900, 23750, 's', 5300, 50400, 0, 1590552461, 13913.32000000003, 5838, 23850, 23850, 100600, 23800, 190600, 23750, 102200, 23900, 208600, 23950, 329500, 24000, 1013900, '2025-01-17 03:25:01']]
[2025-01-17T03:25:03.573+0000] {logging_mixin.py:190} INFO - <class 'list'>
[2025-01-17T03:25:03.574+0000] {logging_mixin.py:190} INFO - [['TCB', 25500, 22200, 23850, 'STOCK', 'HSX', '', 7045021622, 'STOCK', 8424683, 'Ngân hàng Thương mại Cổ phần Kỹ thương Việt Nam', 23850, '', '2025-01-17', 23850, 300, 583800, 13913, 23831.791709489553, 23900, 23750, 's', 5300, 50400, 0, 1590552461, 13913.32000000003, 5838, 23850, 23850, 100600, 23800, 190600, 23750, 102200, 23900, 208600, 23950, 329500, 24000, 1013900, '2025-01-17 03:25:01']]
[2025-01-17T03:25:03.580+0000] {python.py:240} INFO - Done. Returned value was: None
[2025-01-17T03:25:03.586+0000] {taskinstance.py:340} INFO - ::group::Post task execution logs
[2025-01-17T03:25:03.587+0000] {taskinstance.py:352} INFO - Marking task as SUCCESS. dag_id=stock_information, task_id=append_to_database, run_id=scheduled__2025-01-17T03:24:00+00:00, execution_date=20250117T032400, start_date=20250117T032503, end_date=20250117T032503
[2025-01-17T03:25:03.610+0000] {local_task_job_runner.py:266} INFO - Task exited with return code 0
[2025-01-17T03:25:03.624+0000] {taskinstance.py:3895} INFO - 0 downstream tasks scheduled from follow-on schedule check
[2025-01-17T03:25:03.628+0000] {local_task_job_runner.py:245} INFO - ::endgroup::
