[2025-01-17T03:11:05.019+0000] {local_task_job_runner.py:123} INFO - ::group::Pre task execution logs
[2025-01-17T03:11:05.031+0000] {taskinstance.py:2613} INFO - Dependencies all met for dep_context=non-requeueable deps ti=<TaskInstance: stock_information.append_to_database scheduled__2025-01-17T03:10:00+00:00 [queued]>
[2025-01-17T03:11:05.039+0000] {taskinstance.py:2613} INFO - Dependencies all met for dep_context=requeueable deps ti=<TaskInstance: stock_information.append_to_database scheduled__2025-01-17T03:10:00+00:00 [queued]>
[2025-01-17T03:11:05.040+0000] {taskinstance.py:2866} INFO - Starting attempt 1 of 1
[2025-01-17T03:11:05.053+0000] {taskinstance.py:2889} INFO - Executing <Task(PythonOperator): append_to_database> on 2025-01-17 03:10:00+00:00
[2025-01-17T03:11:05.059+0000] {standard_task_runner.py:72} INFO - Started process 2740 to run task
[2025-01-17T03:11:05.061+0000] {standard_task_runner.py:104} INFO - Running: ['airflow', 'tasks', 'run', 'stock_information', 'append_to_database', 'scheduled__2025-01-17T03:10:00+00:00', '--job-id', '2394', '--raw', '--subdir', 'DAGS_FOLDER/vnstock_stream.py', '--cfg-path', '/tmp/tmpblzi1nlw']
[2025-01-17T03:11:05.064+0000] {standard_task_runner.py:105} INFO - Job 2394: Subtask append_to_database
[2025-01-17T03:11:05.100+0000] {task_command.py:467} INFO - Running <TaskInstance: stock_information.append_to_database scheduled__2025-01-17T03:10:00+00:00 [running]> on host 453ac4defedc
[2025-01-17T03:11:05.176+0000] {taskinstance.py:3132} INFO - Exporting env vars: AIRFLOW_CTX_DAG_OWNER='TuanDz' AIRFLOW_CTX_DAG_ID='stock_information' AIRFLOW_CTX_TASK_ID='append_to_database' AIRFLOW_CTX_EXECUTION_DATE='2025-01-17T03:10:00+00:00' AIRFLOW_CTX_TRY_NUMBER='1' AIRFLOW_CTX_DAG_RUN_ID='scheduled__2025-01-17T03:10:00+00:00'
[2025-01-17T03:11:05.177+0000] {taskinstance.py:731} INFO - ::endgroup::
[2025-01-17T03:11:05.236+0000] {logging_mixin.py:190} INFO - Kết nối thành công!
[2025-01-17T03:11:05.237+0000] {logging_mixin.py:190} INFO - <class 'str'>
[2025-01-17T03:11:05.238+0000] {logging_mixin.py:190} INFO - [['TCB', 25500, 22200, 23850, 'STOCK', 'HSX', '', 7045021622, 'STOCK', 8424683, 'Ngân hàng Thương mại Cổ phần Kỹ thương Việt Nam', 23850, '', '2025-01-17', 23850, 300, 408800, 9739, 23823.385518591, 23900, 23750, 's', 5300, 37800, 0, 1590552461, 9739.285000000007, 4088, 23850, 23850, 131600, 23800, 243200, 23750, 89700, 23900, 194700, 23950, 325700, 24000, 950100, '2025-01-17 03:11:03']]
[2025-01-17T03:11:05.238+0000] {logging_mixin.py:190} INFO - <class 'list'>
[2025-01-17T03:11:05.239+0000] {logging_mixin.py:190} INFO - [['TCB', 25500, 22200, 23850, 'STOCK', 'HSX', '', 7045021622, 'STOCK', 8424683, 'Ngân hàng Thương mại Cổ phần Kỹ thương Việt Nam', 23850, '', '2025-01-17', 23850, 300, 408800, 9739, 23823.385518591, 23900, 23750, 's', 5300, 37800, 0, 1590552461, 9739.285000000007, 4088, 23850, 23850, 131600, 23800, 243200, 23750, 89700, 23900, 194700, 23950, 325700, 24000, 950100, '2025-01-17 03:11:03']]
[2025-01-17T03:11:05.245+0000] {python.py:240} INFO - Done. Returned value was: None
[2025-01-17T03:11:05.252+0000] {taskinstance.py:340} INFO - ::group::Post task execution logs
[2025-01-17T03:11:05.253+0000] {taskinstance.py:352} INFO - Marking task as SUCCESS. dag_id=stock_information, task_id=append_to_database, run_id=scheduled__2025-01-17T03:10:00+00:00, execution_date=20250117T031000, start_date=20250117T031105, end_date=20250117T031105
[2025-01-17T03:11:05.276+0000] {local_task_job_runner.py:266} INFO - Task exited with return code 0
[2025-01-17T03:11:05.289+0000] {taskinstance.py:3895} INFO - 0 downstream tasks scheduled from follow-on schedule check
[2025-01-17T03:11:05.293+0000] {local_task_job_runner.py:245} INFO - ::endgroup::
