[2025-01-16T03:47:04.796+0000] {local_task_job_runner.py:123} INFO - ::group::Pre task execution logs
[2025-01-16T03:47:04.808+0000] {taskinstance.py:2613} INFO - Dependencies all met for dep_context=non-requeueable deps ti=<TaskInstance: stock_information.append_to_database scheduled__2025-01-16T03:46:00+00:00 [queued]>
[2025-01-16T03:47:04.815+0000] {taskinstance.py:2613} INFO - Dependencies all met for dep_context=requeueable deps ti=<TaskInstance: stock_information.append_to_database scheduled__2025-01-16T03:46:00+00:00 [queued]>
[2025-01-16T03:47:04.816+0000] {taskinstance.py:2866} INFO - Starting attempt 1 of 1
[2025-01-16T03:47:04.828+0000] {taskinstance.py:2889} INFO - Executing <Task(PythonOperator): append_to_database> on 2025-01-16 03:46:00+00:00
[2025-01-16T03:47:04.833+0000] {standard_task_runner.py:72} INFO - Started process 2290 to run task
[2025-01-16T03:47:04.835+0000] {standard_task_runner.py:104} INFO - Running: ['airflow', 'tasks', 'run', 'stock_information', 'append_to_database', 'scheduled__2025-01-16T03:46:00+00:00', '--job-id', '1563', '--raw', '--subdir', 'DAGS_FOLDER/vnstock_stream.py', '--cfg-path', '/tmp/tmpn1v8hnc5']
[2025-01-16T03:47:04.838+0000] {standard_task_runner.py:105} INFO - Job 1563: Subtask append_to_database
[2025-01-16T03:47:04.873+0000] {task_command.py:467} INFO - Running <TaskInstance: stock_information.append_to_database scheduled__2025-01-16T03:46:00+00:00 [running]> on host 453ac4defedc
[2025-01-16T03:47:04.946+0000] {taskinstance.py:3132} INFO - Exporting env vars: AIRFLOW_CTX_DAG_OWNER='TuanDz' AIRFLOW_CTX_DAG_ID='stock_information' AIRFLOW_CTX_TASK_ID='append_to_database' AIRFLOW_CTX_EXECUTION_DATE='2025-01-16T03:46:00+00:00' AIRFLOW_CTX_TRY_NUMBER='1' AIRFLOW_CTX_DAG_RUN_ID='scheduled__2025-01-16T03:46:00+00:00'
[2025-01-16T03:47:04.948+0000] {taskinstance.py:731} INFO - ::endgroup::
[2025-01-16T03:47:05.010+0000] {logging_mixin.py:190} INFO - Kết nối thành công!
[2025-01-16T03:47:05.011+0000] {logging_mixin.py:190} INFO - <class 'str'>
[2025-01-16T03:47:05.012+0000] {logging_mixin.py:190} INFO - [['TCB', 25350, 22050, 23700, 'STOCK', 'HSX', '', 7045021622, 'STOCK', 8424683, 'Ngân hàng Thương mại Cổ phần Kỹ thương Việt Nam', 23700, '', '2025-01-16', 23750, 1000, 3001000, 71575, 23850.383205598133, 23950, 23750, 's', 0, 0, 0, 1590552461, 71575.70999999998, 30010, 23700, 23750, 257700, 23700, 241700, 23650, 22800, 23800, 13800, 23850, 194800, 23900, 267900, '2025-01-16 03:47:02']]
[2025-01-16T03:47:05.012+0000] {logging_mixin.py:190} INFO - <class 'list'>
[2025-01-16T03:47:05.013+0000] {logging_mixin.py:190} INFO - [['TCB', 25350, 22050, 23700, 'STOCK', 'HSX', '', 7045021622, 'STOCK', 8424683, 'Ngân hàng Thương mại Cổ phần Kỹ thương Việt Nam', 23700, '', '2025-01-16', 23750, 1000, 3001000, 71575, 23850.383205598133, 23950, 23750, 's', 0, 0, 0, 1590552461, 71575.70999999998, 30010, 23700, 23750, 257700, 23700, 241700, 23650, 22800, 23800, 13800, 23850, 194800, 23900, 267900, '2025-01-16 03:47:02']]
[2025-01-16T03:47:05.019+0000] {python.py:240} INFO - Done. Returned value was: None
[2025-01-16T03:47:05.026+0000] {taskinstance.py:340} INFO - ::group::Post task execution logs
[2025-01-16T03:47:05.026+0000] {taskinstance.py:352} INFO - Marking task as SUCCESS. dag_id=stock_information, task_id=append_to_database, run_id=scheduled__2025-01-16T03:46:00+00:00, execution_date=20250116T034600, start_date=20250116T034704, end_date=20250116T034705
[2025-01-16T03:47:05.050+0000] {local_task_job_runner.py:266} INFO - Task exited with return code 0
[2025-01-16T03:47:05.064+0000] {taskinstance.py:3895} INFO - 0 downstream tasks scheduled from follow-on schedule check
[2025-01-16T03:47:05.068+0000] {local_task_job_runner.py:245} INFO - ::endgroup::
