[2025-01-15T04:27:04.181+0000] {local_task_job_runner.py:123} INFO - ::group::Pre task execution logs
[2025-01-15T04:27:04.194+0000] {taskinstance.py:2613} INFO - Dependencies all met for dep_context=non-requeueable deps ti=<TaskInstance: stock_information.append_to_database scheduled__2025-01-15T04:26:00+00:00 [queued]>
[2025-01-15T04:27:04.202+0000] {taskinstance.py:2613} INFO - Dependencies all met for dep_context=requeueable deps ti=<TaskInstance: stock_information.append_to_database scheduled__2025-01-15T04:26:00+00:00 [queued]>
[2025-01-15T04:27:04.204+0000] {taskinstance.py:2866} INFO - Starting attempt 1 of 1
[2025-01-15T04:27:04.217+0000] {taskinstance.py:2889} INFO - Executing <Task(PythonOperator): append_to_database> on 2025-01-15 04:26:00+00:00
[2025-01-15T04:27:04.225+0000] {standard_task_runner.py:72} INFO - Started process 3505 to run task
[2025-01-15T04:27:04.227+0000] {standard_task_runner.py:104} INFO - Running: ['airflow', 'tasks', 'run', 'stock_information', 'append_to_database', 'scheduled__2025-01-15T04:26:00+00:00', '--job-id', '746', '--raw', '--subdir', 'DAGS_FOLDER/vnstock_stream.py', '--cfg-path', '/tmp/tmpvxpizipw']
[2025-01-15T04:27:04.230+0000] {standard_task_runner.py:105} INFO - Job 746: Subtask append_to_database
[2025-01-15T04:27:04.271+0000] {task_command.py:467} INFO - Running <TaskInstance: stock_information.append_to_database scheduled__2025-01-15T04:26:00+00:00 [running]> on host 453ac4defedc
[2025-01-15T04:27:04.348+0000] {taskinstance.py:3132} INFO - Exporting env vars: AIRFLOW_CTX_DAG_OWNER='TuanDz' AIRFLOW_CTX_DAG_ID='stock_information' AIRFLOW_CTX_TASK_ID='append_to_database' AIRFLOW_CTX_EXECUTION_DATE='2025-01-15T04:26:00+00:00' AIRFLOW_CTX_TRY_NUMBER='1' AIRFLOW_CTX_DAG_RUN_ID='scheduled__2025-01-15T04:26:00+00:00'
[2025-01-15T04:27:04.350+0000] {taskinstance.py:731} INFO - ::endgroup::
[2025-01-15T04:27:04.386+0000] {logging_mixin.py:190} INFO - Kết nối thành công!
[2025-01-15T04:27:04.387+0000] {logging_mixin.py:190} INFO - <class 'str'>
[2025-01-15T04:27:04.388+0000] {logging_mixin.py:190} INFO - [['TCB', 25250, 21950, 23600, 'STOCK', 'HSX', '', 7045021622, 'STOCK', 8424683, 'Ngân hàng Thương mại Cổ phần Kỹ thương Việt Nam', 23600, '', '2025-01-15', 23850, 200, 2475000, 58839, 23773.333333333332, 23900, 23650, 's', 0, 0, 0, 1590552461, 58839.184999999976, 24750, 23600, 23850, 71700, 23800, 40800, 23750, 177800, 23900, 141600, 23950, 169600, 24000, 740100, '2025-01-15 04:27:02']]
[2025-01-15T04:27:04.389+0000] {logging_mixin.py:190} INFO - <class 'list'>
[2025-01-15T04:27:04.390+0000] {logging_mixin.py:190} INFO - [['TCB', 25250, 21950, 23600, 'STOCK', 'HSX', '', 7045021622, 'STOCK', 8424683, 'Ngân hàng Thương mại Cổ phần Kỹ thương Việt Nam', 23600, '', '2025-01-15', 23850, 200, 2475000, 58839, 23773.333333333332, 23900, 23650, 's', 0, 0, 0, 1590552461, 58839.184999999976, 24750, 23600, 23850, 71700, 23800, 40800, 23750, 177800, 23900, 141600, 23950, 169600, 24000, 740100, '2025-01-15 04:27:02']]
[2025-01-15T04:27:04.392+0000] {python.py:240} INFO - Done. Returned value was: None
[2025-01-15T04:27:04.400+0000] {taskinstance.py:340} INFO - ::group::Post task execution logs
[2025-01-15T04:27:04.401+0000] {taskinstance.py:352} INFO - Marking task as SUCCESS. dag_id=stock_information, task_id=append_to_database, run_id=scheduled__2025-01-15T04:26:00+00:00, execution_date=20250115T042600, start_date=20250115T042704, end_date=20250115T042704
[2025-01-15T04:27:04.444+0000] {local_task_job_runner.py:266} INFO - Task exited with return code 0
[2025-01-15T04:27:04.462+0000] {taskinstance.py:3895} INFO - 0 downstream tasks scheduled from follow-on schedule check
[2025-01-15T04:27:04.468+0000] {local_task_job_runner.py:245} INFO - ::endgroup::
