[2025-01-15T07:17:05.088+0000] {local_task_job_runner.py:123} INFO - ::group::Pre task execution logs
[2025-01-15T07:17:05.109+0000] {taskinstance.py:2613} INFO - Dependencies all met for dep_context=non-requeueable deps ti=<TaskInstance: stock_information.append_to_database scheduled__2025-01-15T07:16:00+00:00 [queued]>
[2025-01-15T07:17:05.124+0000] {taskinstance.py:2613} INFO - Dependencies all met for dep_context=requeueable deps ti=<TaskInstance: stock_information.append_to_database scheduled__2025-01-15T07:16:00+00:00 [queued]>
[2025-01-15T07:17:05.126+0000] {taskinstance.py:2866} INFO - Starting attempt 1 of 1
[2025-01-15T07:17:05.143+0000] {taskinstance.py:2889} INFO - Executing <Task(PythonOperator): append_to_database> on 2025-01-15 07:16:00+00:00
[2025-01-15T07:17:05.150+0000] {standard_task_runner.py:72} INFO - Started process 8431 to run task
[2025-01-15T07:17:05.153+0000] {standard_task_runner.py:104} INFO - Running: ['airflow', 'tasks', 'run', 'stock_information', 'append_to_database', 'scheduled__2025-01-15T07:16:00+00:00', '--job-id', '1086', '--raw', '--subdir', 'DAGS_FOLDER/vnstock_stream.py', '--cfg-path', '/tmp/tmpme497b4x']
[2025-01-15T07:17:05.157+0000] {standard_task_runner.py:105} INFO - Job 1086: Subtask append_to_database
[2025-01-15T07:17:05.205+0000] {task_command.py:467} INFO - Running <TaskInstance: stock_information.append_to_database scheduled__2025-01-15T07:16:00+00:00 [running]> on host 453ac4defedc
[2025-01-15T07:17:05.311+0000] {taskinstance.py:3132} INFO - Exporting env vars: AIRFLOW_CTX_DAG_OWNER='TuanDz' AIRFLOW_CTX_DAG_ID='stock_information' AIRFLOW_CTX_TASK_ID='append_to_database' AIRFLOW_CTX_EXECUTION_DATE='2025-01-15T07:16:00+00:00' AIRFLOW_CTX_TRY_NUMBER='1' AIRFLOW_CTX_DAG_RUN_ID='scheduled__2025-01-15T07:16:00+00:00'
[2025-01-15T07:17:05.313+0000] {taskinstance.py:731} INFO - ::endgroup::
[2025-01-15T07:17:05.372+0000] {logging_mixin.py:190} INFO - Kết nối thành công!
[2025-01-15T07:17:05.374+0000] {logging_mixin.py:190} INFO - <class 'str'>
[2025-01-15T07:17:05.376+0000] {logging_mixin.py:190} INFO - [['TCB', 25250, 21950, 23600, 'STOCK', 'HSX', '', 7045021622, 'STOCK', 8424683, 'Ngân hàng Thương mại Cổ phần Kỹ thương Việt Nam', 23600, '', '2025-01-15', 23850, 6400, 5648400, 134415, 23797.004461440407, 23900, 23650, 'b', 156700, 186700, 0, 1590552461, 134415.01999999976, 56484, 23600, 23800, 82000, 23750, 226900, 23700, 368700, 23850, 14300, 23900, 213700, 23950, 239200, '2025-01-15 07:17:03']]
[2025-01-15T07:17:05.377+0000] {logging_mixin.py:190} INFO - <class 'list'>
[2025-01-15T07:17:05.379+0000] {logging_mixin.py:190} INFO - [['TCB', 25250, 21950, 23600, 'STOCK', 'HSX', '', 7045021622, 'STOCK', 8424683, 'Ngân hàng Thương mại Cổ phần Kỹ thương Việt Nam', 23600, '', '2025-01-15', 23850, 6400, 5648400, 134415, 23797.004461440407, 23900, 23650, 'b', 156700, 186700, 0, 1590552461, 134415.01999999976, 56484, 23600, 23800, 82000, 23750, 226900, 23700, 368700, 23850, 14300, 23900, 213700, 23950, 239200, '2025-01-15 07:17:03']]
[2025-01-15T07:17:05.385+0000] {python.py:240} INFO - Done. Returned value was: None
[2025-01-15T07:17:05.395+0000] {taskinstance.py:340} INFO - ::group::Post task execution logs
[2025-01-15T07:17:05.397+0000] {taskinstance.py:352} INFO - Marking task as SUCCESS. dag_id=stock_information, task_id=append_to_database, run_id=scheduled__2025-01-15T07:16:00+00:00, execution_date=20250115T071600, start_date=20250115T071705, end_date=20250115T071705
[2025-01-15T07:17:05.449+0000] {local_task_job_runner.py:266} INFO - Task exited with return code 0
[2025-01-15T07:17:05.471+0000] {taskinstance.py:3895} INFO - 0 downstream tasks scheduled from follow-on schedule check
[2025-01-15T07:17:05.475+0000] {local_task_job_runner.py:245} INFO - ::endgroup::
