[2025-01-15T03:10:04.369+0000] {local_task_job_runner.py:123} INFO - ::group::Pre task execution logs
[2025-01-15T03:10:04.381+0000] {taskinstance.py:2613} INFO - Dependencies all met for dep_context=non-requeueable deps ti=<TaskInstance: stock_information.append_to_database scheduled__2025-01-15T03:09:00+00:00 [queued]>
[2025-01-15T03:10:04.391+0000] {taskinstance.py:2613} INFO - Dependencies all met for dep_context=requeueable deps ti=<TaskInstance: stock_information.append_to_database scheduled__2025-01-15T03:09:00+00:00 [queued]>
[2025-01-15T03:10:04.392+0000] {taskinstance.py:2866} INFO - Starting attempt 1 of 1
[2025-01-15T03:10:04.404+0000] {taskinstance.py:2889} INFO - Executing <Task(PythonOperator): append_to_database> on 2025-01-15 03:09:00+00:00
[2025-01-15T03:10:04.411+0000] {standard_task_runner.py:72} INFO - Started process 1259 to run task
[2025-01-15T03:10:04.412+0000] {standard_task_runner.py:104} INFO - Running: ['airflow', 'tasks', 'run', 'stock_information', 'append_to_database', 'scheduled__2025-01-15T03:09:00+00:00', '--job-id', '592', '--raw', '--subdir', 'DAGS_FOLDER/vnstock_stream.py', '--cfg-path', '/tmp/tmpx32tbexa']
[2025-01-15T03:10:04.416+0000] {standard_task_runner.py:105} INFO - Job 592: Subtask append_to_database
[2025-01-15T03:10:04.460+0000] {task_command.py:467} INFO - Running <TaskInstance: stock_information.append_to_database scheduled__2025-01-15T03:09:00+00:00 [running]> on host 453ac4defedc
[2025-01-15T03:10:04.547+0000] {taskinstance.py:3132} INFO - Exporting env vars: AIRFLOW_CTX_DAG_OWNER='TuanDz' AIRFLOW_CTX_DAG_ID='stock_information' AIRFLOW_CTX_TASK_ID='append_to_database' AIRFLOW_CTX_EXECUTION_DATE='2025-01-15T03:09:00+00:00' AIRFLOW_CTX_TRY_NUMBER='1' AIRFLOW_CTX_DAG_RUN_ID='scheduled__2025-01-15T03:09:00+00:00'
[2025-01-15T03:10:04.549+0000] {taskinstance.py:731} INFO - ::endgroup::
[2025-01-15T03:10:04.586+0000] {logging_mixin.py:190} INFO - Kết nối thành công!
[2025-01-15T03:10:04.587+0000] {logging_mixin.py:190} INFO - <class 'str'>
[2025-01-15T03:10:04.588+0000] {logging_mixin.py:190} INFO - [['TCB', 25250, 21950, 23600, 'STOCK', 'HSX', '', 7045021622, 'STOCK', 8424683, 'Ngân hàng Thương mại Cổ phần Kỹ thương Việt Nam', 23600, '', '2025-01-15', 23700, 100, 693700, 16465, 23735.043967132766, 23800, 23650, 's', 0, 0, 0, 1590552461, 16465.065000000006, 6937, 23600, 23700, 169200, 23650, 133700, 23600, 200500, 23750, 51400, 23800, 169000, 23850, 149800, '2025-01-15 03:10:02']]
[2025-01-15T03:10:04.589+0000] {logging_mixin.py:190} INFO - <class 'list'>
[2025-01-15T03:10:04.589+0000] {logging_mixin.py:190} INFO - [['TCB', 25250, 21950, 23600, 'STOCK', 'HSX', '', 7045021622, 'STOCK', 8424683, 'Ngân hàng Thương mại Cổ phần Kỹ thương Việt Nam', 23600, '', '2025-01-15', 23700, 100, 693700, 16465, 23735.043967132766, 23800, 23650, 's', 0, 0, 0, 1590552461, 16465.065000000006, 6937, 23600, 23700, 169200, 23650, 133700, 23600, 200500, 23750, 51400, 23800, 169000, 23850, 149800, '2025-01-15 03:10:02']]
[2025-01-15T03:10:04.592+0000] {python.py:240} INFO - Done. Returned value was: None
[2025-01-15T03:10:04.599+0000] {taskinstance.py:340} INFO - ::group::Post task execution logs
[2025-01-15T03:10:04.600+0000] {taskinstance.py:352} INFO - Marking task as SUCCESS. dag_id=stock_information, task_id=append_to_database, run_id=scheduled__2025-01-15T03:09:00+00:00, execution_date=20250115T030900, start_date=20250115T031004, end_date=20250115T031004
[2025-01-15T03:10:04.629+0000] {local_task_job_runner.py:266} INFO - Task exited with return code 0
[2025-01-15T03:10:04.644+0000] {taskinstance.py:3895} INFO - 0 downstream tasks scheduled from follow-on schedule check
[2025-01-15T03:10:04.648+0000] {local_task_job_runner.py:245} INFO - ::endgroup::
