[2025-01-16T03:22:06.331+0000] {local_task_job_runner.py:123} INFO - ::group::Pre task execution logs
[2025-01-16T03:22:06.347+0000] {taskinstance.py:2613} INFO - Dependencies all met for dep_context=non-requeueable deps ti=<TaskInstance: stock_information.append_to_database scheduled__2025-01-16T03:21:00+00:00 [queued]>
[2025-01-16T03:22:06.356+0000] {taskinstance.py:2613} INFO - Dependencies all met for dep_context=requeueable deps ti=<TaskInstance: stock_information.append_to_database scheduled__2025-01-16T03:21:00+00:00 [queued]>
[2025-01-16T03:22:06.357+0000] {taskinstance.py:2866} INFO - Starting attempt 1 of 1
[2025-01-16T03:22:06.370+0000] {taskinstance.py:2889} INFO - Executing <Task(PythonOperator): append_to_database> on 2025-01-16 03:21:00+00:00
[2025-01-16T03:22:06.376+0000] {standard_task_runner.py:72} INFO - Started process 1563 to run task
[2025-01-16T03:22:06.378+0000] {standard_task_runner.py:104} INFO - Running: ['airflow', 'tasks', 'run', 'stock_information', 'append_to_database', 'scheduled__2025-01-16T03:21:00+00:00', '--job-id', '1513', '--raw', '--subdir', 'DAGS_FOLDER/vnstock_stream.py', '--cfg-path', '/tmp/tmp18eyws0p']
[2025-01-16T03:22:06.381+0000] {standard_task_runner.py:105} INFO - Job 1513: Subtask append_to_database
[2025-01-16T03:22:06.422+0000] {task_command.py:467} INFO - Running <TaskInstance: stock_information.append_to_database scheduled__2025-01-16T03:21:00+00:00 [running]> on host 453ac4defedc
[2025-01-16T03:22:06.504+0000] {taskinstance.py:3132} INFO - Exporting env vars: AIRFLOW_CTX_DAG_OWNER='TuanDz' AIRFLOW_CTX_DAG_ID='stock_information' AIRFLOW_CTX_TASK_ID='append_to_database' AIRFLOW_CTX_EXECUTION_DATE='2025-01-16T03:21:00+00:00' AIRFLOW_CTX_TRY_NUMBER='1' AIRFLOW_CTX_DAG_RUN_ID='scheduled__2025-01-16T03:21:00+00:00'
[2025-01-16T03:22:06.507+0000] {taskinstance.py:731} INFO - ::endgroup::
[2025-01-16T03:22:06.556+0000] {logging_mixin.py:190} INFO - Kết nối thành công!
[2025-01-16T03:22:06.557+0000] {logging_mixin.py:190} INFO - <class 'str'>
[2025-01-16T03:22:06.558+0000] {logging_mixin.py:190} INFO - [['TCB', 25350, 22050, 23700, 'STOCK', 'HSX', '', 7045021622, 'STOCK', 8424683, 'Ngân hàng Thương mại Cổ phần Kỹ thương Việt Nam', 23700, '', '2025-01-16', 23750, 1000, 2631300, 62781, 23859.309086763198, 23950, 23750, 's', 0, 0, 0, 1590552461, 62781.25499999992, 26313, 23700, 23750, 329900, 23700, 221000, 23650, 15200, 23800, 1500, 23850, 155000, 23900, 239500, '2025-01-16 03:22:02']]
[2025-01-16T03:22:06.559+0000] {logging_mixin.py:190} INFO - <class 'list'>
[2025-01-16T03:22:06.559+0000] {logging_mixin.py:190} INFO - [['TCB', 25350, 22050, 23700, 'STOCK', 'HSX', '', 7045021622, 'STOCK', 8424683, 'Ngân hàng Thương mại Cổ phần Kỹ thương Việt Nam', 23700, '', '2025-01-16', 23750, 1000, 2631300, 62781, 23859.309086763198, 23950, 23750, 's', 0, 0, 0, 1590552461, 62781.25499999992, 26313, 23700, 23750, 329900, 23700, 221000, 23650, 15200, 23800, 1500, 23850, 155000, 23900, 239500, '2025-01-16 03:22:02']]
[2025-01-16T03:22:06.564+0000] {python.py:240} INFO - Done. Returned value was: None
[2025-01-16T03:22:06.571+0000] {taskinstance.py:340} INFO - ::group::Post task execution logs
[2025-01-16T03:22:06.573+0000] {taskinstance.py:352} INFO - Marking task as SUCCESS. dag_id=stock_information, task_id=append_to_database, run_id=scheduled__2025-01-16T03:21:00+00:00, execution_date=20250116T032100, start_date=20250116T032206, end_date=20250116T032206
[2025-01-16T03:22:06.593+0000] {local_task_job_runner.py:266} INFO - Task exited with return code 0
[2025-01-16T03:22:06.608+0000] {taskinstance.py:3895} INFO - 0 downstream tasks scheduled from follow-on schedule check
[2025-01-16T03:22:06.612+0000] {local_task_job_runner.py:245} INFO - ::endgroup::
