[2025-01-15T04:00:03.884+0000] {local_task_job_runner.py:123} INFO - ::group::Pre task execution logs
[2025-01-15T04:00:03.897+0000] {taskinstance.py:2613} INFO - Dependencies all met for dep_context=non-requeueable deps ti=<TaskInstance: stock_information.append_to_database scheduled__2025-01-15T03:59:00+00:00 [queued]>
[2025-01-15T04:00:03.904+0000] {taskinstance.py:2613} INFO - Dependencies all met for dep_context=requeueable deps ti=<TaskInstance: stock_information.append_to_database scheduled__2025-01-15T03:59:00+00:00 [queued]>
[2025-01-15T04:00:03.906+0000] {taskinstance.py:2866} INFO - Starting attempt 1 of 1
[2025-01-15T04:00:03.918+0000] {taskinstance.py:2889} INFO - Executing <Task(PythonOperator): append_to_database> on 2025-01-15 03:59:00+00:00
[2025-01-15T04:00:03.924+0000] {standard_task_runner.py:72} INFO - Started process 2721 to run task
[2025-01-15T04:00:03.927+0000] {standard_task_runner.py:104} INFO - Running: ['airflow', 'tasks', 'run', 'stock_information', 'append_to_database', 'scheduled__2025-01-15T03:59:00+00:00', '--job-id', '692', '--raw', '--subdir', 'DAGS_FOLDER/vnstock_stream.py', '--cfg-path', '/tmp/tmpgs_jyp9y']
[2025-01-15T04:00:03.930+0000] {standard_task_runner.py:105} INFO - Job 692: Subtask append_to_database
[2025-01-15T04:00:03.970+0000] {task_command.py:467} INFO - Running <TaskInstance: stock_information.append_to_database scheduled__2025-01-15T03:59:00+00:00 [running]> on host 453ac4defedc
[2025-01-15T04:00:04.055+0000] {taskinstance.py:3132} INFO - Exporting env vars: AIRFLOW_CTX_DAG_OWNER='TuanDz' AIRFLOW_CTX_DAG_ID='stock_information' AIRFLOW_CTX_TASK_ID='append_to_database' AIRFLOW_CTX_EXECUTION_DATE='2025-01-15T03:59:00+00:00' AIRFLOW_CTX_TRY_NUMBER='1' AIRFLOW_CTX_DAG_RUN_ID='scheduled__2025-01-15T03:59:00+00:00'
[2025-01-15T04:00:04.057+0000] {taskinstance.py:731} INFO - ::endgroup::
[2025-01-15T04:00:04.091+0000] {logging_mixin.py:190} INFO - Kết nối thành công!
[2025-01-15T04:00:04.092+0000] {logging_mixin.py:190} INFO - <class 'str'>
[2025-01-15T04:00:04.093+0000] {logging_mixin.py:190} INFO - [['TCB', 25250, 21950, 23600, 'STOCK', 'HSX', '', 7045021622, 'STOCK', 8424683, 'Ngân hàng Thương mại Cổ phần Kỹ thương Việt Nam', 23600, '', '2025-01-15', 23850, 1000, 1877600, 44590, 23748.402215594375, 23850, 23650, 'b', 0, 0, 0, 1590552461, 44590.76500000001, 18776, 23600, 23850, 67000, 23800, 49100, 23750, 96200, 23900, 210100, 23950, 124400, 24000, 708400, '2025-01-15 04:00:02']]
[2025-01-15T04:00:04.094+0000] {logging_mixin.py:190} INFO - <class 'list'>
[2025-01-15T04:00:04.094+0000] {logging_mixin.py:190} INFO - [['TCB', 25250, 21950, 23600, 'STOCK', 'HSX', '', 7045021622, 'STOCK', 8424683, 'Ngân hàng Thương mại Cổ phần Kỹ thương Việt Nam', 23600, '', '2025-01-15', 23850, 1000, 1877600, 44590, 23748.402215594375, 23850, 23650, 'b', 0, 0, 0, 1590552461, 44590.76500000001, 18776, 23600, 23850, 67000, 23800, 49100, 23750, 96200, 23900, 210100, 23950, 124400, 24000, 708400, '2025-01-15 04:00:02']]
[2025-01-15T04:00:04.103+0000] {python.py:240} INFO - Done. Returned value was: None
[2025-01-15T04:00:04.110+0000] {taskinstance.py:340} INFO - ::group::Post task execution logs
[2025-01-15T04:00:04.112+0000] {taskinstance.py:352} INFO - Marking task as SUCCESS. dag_id=stock_information, task_id=append_to_database, run_id=scheduled__2025-01-15T03:59:00+00:00, execution_date=20250115T035900, start_date=20250115T040003, end_date=20250115T040004
[2025-01-15T04:00:04.141+0000] {local_task_job_runner.py:266} INFO - Task exited with return code 0
[2025-01-15T04:00:04.154+0000] {taskinstance.py:3895} INFO - 0 downstream tasks scheduled from follow-on schedule check
[2025-01-15T04:00:04.159+0000] {local_task_job_runner.py:245} INFO - ::endgroup::
