[2025-01-16T07:22:03.987+0000] {local_task_job_runner.py:123} INFO - ::group::Pre task execution logs
[2025-01-16T07:22:04.002+0000] {taskinstance.py:2613} INFO - Dependencies all met for dep_context=non-requeueable deps ti=<TaskInstance: stock_information.append_to_database scheduled__2025-01-16T07:21:00+00:00 [queued]>
[2025-01-16T07:22:04.011+0000] {taskinstance.py:2613} INFO - Dependencies all met for dep_context=requeueable deps ti=<TaskInstance: stock_information.append_to_database scheduled__2025-01-16T07:21:00+00:00 [queued]>
[2025-01-16T07:22:04.014+0000] {taskinstance.py:2866} INFO - Starting attempt 1 of 1
[2025-01-16T07:22:04.031+0000] {taskinstance.py:2889} INFO - Executing <Task(PythonOperator): append_to_database> on 2025-01-16 07:21:00+00:00
[2025-01-16T07:22:04.039+0000] {standard_task_runner.py:72} INFO - Started process 8590 to run task
[2025-01-16T07:22:04.042+0000] {standard_task_runner.py:104} INFO - Running: ['airflow', 'tasks', 'run', 'stock_information', 'append_to_database', 'scheduled__2025-01-16T07:21:00+00:00', '--job-id', '1993', '--raw', '--subdir', 'DAGS_FOLDER/vnstock_stream.py', '--cfg-path', '/tmp/tmp7_1w_y1s']
[2025-01-16T07:22:04.047+0000] {standard_task_runner.py:105} INFO - Job 1993: Subtask append_to_database
[2025-01-16T07:22:04.091+0000] {task_command.py:467} INFO - Running <TaskInstance: stock_information.append_to_database scheduled__2025-01-16T07:21:00+00:00 [running]> on host 453ac4defedc
[2025-01-16T07:22:04.170+0000] {taskinstance.py:3132} INFO - Exporting env vars: AIRFLOW_CTX_DAG_OWNER='TuanDz' AIRFLOW_CTX_DAG_ID='stock_information' AIRFLOW_CTX_TASK_ID='append_to_database' AIRFLOW_CTX_EXECUTION_DATE='2025-01-16T07:21:00+00:00' AIRFLOW_CTX_TRY_NUMBER='1' AIRFLOW_CTX_DAG_RUN_ID='scheduled__2025-01-16T07:21:00+00:00'
[2025-01-16T07:22:04.173+0000] {taskinstance.py:731} INFO - ::endgroup::
[2025-01-16T07:22:04.237+0000] {logging_mixin.py:190} INFO - Kết nối thành công!
[2025-01-16T07:22:04.239+0000] {logging_mixin.py:190} INFO - <class 'str'>
[2025-01-16T07:22:04.240+0000] {logging_mixin.py:190} INFO - [['TCB', 25350, 22050, 23700, 'STOCK', 'HSX', '', 7045021622, 'STOCK', 8424683, 'Ngân hàng Thương mại Cổ phần Kỹ thương Việt Nam', 23700, '', '2025-01-16', 23650, 900, 6180900, 147067, 23793.784076752578, 23950, 23600, 's', 0, 43800, 0, 1590552461, 147067.28499999983, 61809, 23700, 23600, 272100, 23550, 256200, 23500, 363900, 23650, 100, 23700, 5000, 23800, 43100, '2025-01-16 07:22:02']]
[2025-01-16T07:22:04.242+0000] {logging_mixin.py:190} INFO - <class 'list'>
[2025-01-16T07:22:04.242+0000] {logging_mixin.py:190} INFO - [['TCB', 25350, 22050, 23700, 'STOCK', 'HSX', '', 7045021622, 'STOCK', 8424683, 'Ngân hàng Thương mại Cổ phần Kỹ thương Việt Nam', 23700, '', '2025-01-16', 23650, 900, 6180900, 147067, 23793.784076752578, 23950, 23600, 's', 0, 43800, 0, 1590552461, 147067.28499999983, 61809, 23700, 23600, 272100, 23550, 256200, 23500, 363900, 23650, 100, 23700, 5000, 23800, 43100, '2025-01-16 07:22:02']]
[2025-01-16T07:22:04.249+0000] {python.py:240} INFO - Done. Returned value was: None
[2025-01-16T07:22:04.256+0000] {taskinstance.py:340} INFO - ::group::Post task execution logs
[2025-01-16T07:22:04.257+0000] {taskinstance.py:352} INFO - Marking task as SUCCESS. dag_id=stock_information, task_id=append_to_database, run_id=scheduled__2025-01-16T07:21:00+00:00, execution_date=20250116T072100, start_date=20250116T072204, end_date=20250116T072204
[2025-01-16T07:22:04.299+0000] {local_task_job_runner.py:266} INFO - Task exited with return code 0
[2025-01-16T07:22:04.314+0000] {taskinstance.py:3895} INFO - 0 downstream tasks scheduled from follow-on schedule check
[2025-01-16T07:22:04.319+0000] {local_task_job_runner.py:245} INFO - ::endgroup::
