[2025-01-15T06:53:03.388+0000] {local_task_job_runner.py:123} INFO - ::group::Pre task execution logs
[2025-01-15T06:53:03.405+0000] {taskinstance.py:2613} INFO - Dependencies all met for dep_context=non-requeueable deps ti=<TaskInstance: stock_information.append_to_database scheduled__2025-01-15T06:52:00+00:00 [queued]>
[2025-01-15T06:53:03.415+0000] {taskinstance.py:2613} INFO - Dependencies all met for dep_context=requeueable deps ti=<TaskInstance: stock_information.append_to_database scheduled__2025-01-15T06:52:00+00:00 [queued]>
[2025-01-15T06:53:03.418+0000] {taskinstance.py:2866} INFO - Starting attempt 1 of 1
[2025-01-15T06:53:03.433+0000] {taskinstance.py:2889} INFO - Executing <Task(PythonOperator): append_to_database> on 2025-01-15 06:52:00+00:00
[2025-01-15T06:53:03.441+0000] {standard_task_runner.py:72} INFO - Started process 7734 to run task
[2025-01-15T06:53:03.443+0000] {standard_task_runner.py:104} INFO - Running: ['airflow', 'tasks', 'run', 'stock_information', 'append_to_database', 'scheduled__2025-01-15T06:52:00+00:00', '--job-id', '1038', '--raw', '--subdir', 'DAGS_FOLDER/vnstock_stream.py', '--cfg-path', '/tmp/tmpdf1qvl37']
[2025-01-15T06:53:03.446+0000] {standard_task_runner.py:105} INFO - Job 1038: Subtask append_to_database
[2025-01-15T06:53:03.485+0000] {task_command.py:467} INFO - Running <TaskInstance: stock_information.append_to_database scheduled__2025-01-15T06:52:00+00:00 [running]> on host 453ac4defedc
[2025-01-15T06:53:03.561+0000] {taskinstance.py:3132} INFO - Exporting env vars: AIRFLOW_CTX_DAG_OWNER='TuanDz' AIRFLOW_CTX_DAG_ID='stock_information' AIRFLOW_CTX_TASK_ID='append_to_database' AIRFLOW_CTX_EXECUTION_DATE='2025-01-15T06:52:00+00:00' AIRFLOW_CTX_TRY_NUMBER='1' AIRFLOW_CTX_DAG_RUN_ID='scheduled__2025-01-15T06:52:00+00:00'
[2025-01-15T06:53:03.563+0000] {taskinstance.py:731} INFO - ::endgroup::
[2025-01-15T06:53:03.602+0000] {logging_mixin.py:190} INFO - Kết nối thành công!
[2025-01-15T06:53:03.603+0000] {logging_mixin.py:190} INFO - <class 'str'>
[2025-01-15T06:53:03.604+0000] {logging_mixin.py:190} INFO - [['TCB', 25250, 21950, 23600, 'STOCK', 'HSX', '', 7045021622, 'STOCK', 8424683, 'Ngân hàng Thương mại Cổ phần Kỹ thương Việt Nam', 23600, '', '2025-01-15', 23800, 5000, 4471000, 106406, 23799.150078282262, 23900, 23650, 'b', 156700, 166700, 0, 1590552461, 106406.72499999977, 44710, 23600, 23750, 316500, 23700, 321700, 23650, 233700, 23800, 93600, 23850, 57200, 23900, 198300, '2025-01-15 06:53:02']]
[2025-01-15T06:53:03.605+0000] {logging_mixin.py:190} INFO - <class 'list'>
[2025-01-15T06:53:03.605+0000] {logging_mixin.py:190} INFO - [['TCB', 25250, 21950, 23600, 'STOCK', 'HSX', '', 7045021622, 'STOCK', 8424683, 'Ngân hàng Thương mại Cổ phần Kỹ thương Việt Nam', 23600, '', '2025-01-15', 23800, 5000, 4471000, 106406, 23799.150078282262, 23900, 23650, 'b', 156700, 166700, 0, 1590552461, 106406.72499999977, 44710, 23600, 23750, 316500, 23700, 321700, 23650, 233700, 23800, 93600, 23850, 57200, 23900, 198300, '2025-01-15 06:53:02']]
[2025-01-15T06:53:03.608+0000] {python.py:240} INFO - Done. Returned value was: None
[2025-01-15T06:53:03.615+0000] {taskinstance.py:340} INFO - ::group::Post task execution logs
[2025-01-15T06:53:03.616+0000] {taskinstance.py:352} INFO - Marking task as SUCCESS. dag_id=stock_information, task_id=append_to_database, run_id=scheduled__2025-01-15T06:52:00+00:00, execution_date=20250115T065200, start_date=20250115T065303, end_date=20250115T065303
[2025-01-15T06:53:03.657+0000] {local_task_job_runner.py:266} INFO - Task exited with return code 0
[2025-01-15T06:53:03.673+0000] {taskinstance.py:3895} INFO - 0 downstream tasks scheduled from follow-on schedule check
[2025-01-15T06:53:03.677+0000] {local_task_job_runner.py:245} INFO - ::endgroup::
