[2025-01-15T06:29:05.330+0000] {local_task_job_runner.py:123} INFO - ::group::Pre task execution logs
[2025-01-15T06:29:05.344+0000] {taskinstance.py:2613} INFO - Dependencies all met for dep_context=non-requeueable deps ti=<TaskInstance: stock_information.append_to_database scheduled__2025-01-15T06:28:00+00:00 [queued]>
[2025-01-15T06:29:05.358+0000] {taskinstance.py:2613} INFO - Dependencies all met for dep_context=requeueable deps ti=<TaskInstance: stock_information.append_to_database scheduled__2025-01-15T06:28:00+00:00 [queued]>
[2025-01-15T06:29:05.361+0000] {taskinstance.py:2866} INFO - Starting attempt 1 of 1
[2025-01-15T06:29:05.378+0000] {taskinstance.py:2889} INFO - Executing <Task(PythonOperator): append_to_database> on 2025-01-15 06:28:00+00:00
[2025-01-15T06:29:05.387+0000] {standard_task_runner.py:72} INFO - Started process 7037 to run task
[2025-01-15T06:29:05.390+0000] {standard_task_runner.py:104} INFO - Running: ['airflow', 'tasks', 'run', 'stock_information', 'append_to_database', 'scheduled__2025-01-15T06:28:00+00:00', '--job-id', '990', '--raw', '--subdir', 'DAGS_FOLDER/vnstock_stream.py', '--cfg-path', '/tmp/tmpntb7x69g']
[2025-01-15T06:29:05.394+0000] {standard_task_runner.py:105} INFO - Job 990: Subtask append_to_database
[2025-01-15T06:29:05.451+0000] {task_command.py:467} INFO - Running <TaskInstance: stock_information.append_to_database scheduled__2025-01-15T06:28:00+00:00 [running]> on host 453ac4defedc
[2025-01-15T06:29:05.534+0000] {taskinstance.py:3132} INFO - Exporting env vars: AIRFLOW_CTX_DAG_OWNER='TuanDz' AIRFLOW_CTX_DAG_ID='stock_information' AIRFLOW_CTX_TASK_ID='append_to_database' AIRFLOW_CTX_EXECUTION_DATE='2025-01-15T06:28:00+00:00' AIRFLOW_CTX_TRY_NUMBER='1' AIRFLOW_CTX_DAG_RUN_ID='scheduled__2025-01-15T06:28:00+00:00'
[2025-01-15T06:29:05.536+0000] {taskinstance.py:731} INFO - ::endgroup::
[2025-01-15T06:29:05.572+0000] {logging_mixin.py:190} INFO - Kết nối thành công!
[2025-01-15T06:29:05.573+0000] {logging_mixin.py:190} INFO - <class 'str'>
[2025-01-15T06:29:05.574+0000] {logging_mixin.py:190} INFO - [['TCB', 25250, 21950, 23600, 'STOCK', 'HSX', '', 7045021622, 'STOCK', 8424683, 'Ngân hàng Thương mại Cổ phần Kỹ thương Việt Nam', 23600, '', '2025-01-15', 23750, 2200, 3745900, 89160, 23802.023545743345, 23900, 23650, 's', 156700, 156700, 0, 1590552461, 89160.0999999998, 37459, 23600, 23750, 251400, 23700, 327900, 23650, 232100, 23800, 17200, 23850, 57400, 23900, 187500, '2025-01-15 06:29:02']]
[2025-01-15T06:29:05.574+0000] {logging_mixin.py:190} INFO - <class 'list'>
[2025-01-15T06:29:05.575+0000] {logging_mixin.py:190} INFO - [['TCB', 25250, 21950, 23600, 'STOCK', 'HSX', '', 7045021622, 'STOCK', 8424683, 'Ngân hàng Thương mại Cổ phần Kỹ thương Việt Nam', 23600, '', '2025-01-15', 23750, 2200, 3745900, 89160, 23802.023545743345, 23900, 23650, 's', 156700, 156700, 0, 1590552461, 89160.0999999998, 37459, 23600, 23750, 251400, 23700, 327900, 23650, 232100, 23800, 17200, 23850, 57400, 23900, 187500, '2025-01-15 06:29:02']]
[2025-01-15T06:29:05.577+0000] {python.py:240} INFO - Done. Returned value was: None
[2025-01-15T06:29:05.585+0000] {taskinstance.py:340} INFO - ::group::Post task execution logs
[2025-01-15T06:29:05.586+0000] {taskinstance.py:352} INFO - Marking task as SUCCESS. dag_id=stock_information, task_id=append_to_database, run_id=scheduled__2025-01-15T06:28:00+00:00, execution_date=20250115T062800, start_date=20250115T062905, end_date=20250115T062905
[2025-01-15T06:29:05.607+0000] {local_task_job_runner.py:266} INFO - Task exited with return code 0
[2025-01-15T06:29:05.621+0000] {taskinstance.py:3895} INFO - 0 downstream tasks scheduled from follow-on schedule check
[2025-01-15T06:29:05.625+0000] {local_task_job_runner.py:245} INFO - ::endgroup::
