[2025-01-16T04:13:03.922+0000] {local_task_job_runner.py:123} INFO - ::group::Pre task execution logs
[2025-01-16T04:13:03.936+0000] {taskinstance.py:2613} INFO - Dependencies all met for dep_context=non-requeueable deps ti=<TaskInstance: stock_information.append_to_database scheduled__2025-01-16T04:12:00+00:00 [queued]>
[2025-01-16T04:13:03.944+0000] {taskinstance.py:2613} INFO - Dependencies all met for dep_context=requeueable deps ti=<TaskInstance: stock_information.append_to_database scheduled__2025-01-16T04:12:00+00:00 [queued]>
[2025-01-16T04:13:03.945+0000] {taskinstance.py:2866} INFO - Starting attempt 1 of 1
[2025-01-16T04:13:03.958+0000] {taskinstance.py:2889} INFO - Executing <Task(PythonOperator): append_to_database> on 2025-01-16 04:12:00+00:00
[2025-01-16T04:13:03.965+0000] {standard_task_runner.py:72} INFO - Started process 3053 to run task
[2025-01-16T04:13:03.967+0000] {standard_task_runner.py:104} INFO - Running: ['airflow', 'tasks', 'run', 'stock_information', 'append_to_database', 'scheduled__2025-01-16T04:12:00+00:00', '--job-id', '1615', '--raw', '--subdir', 'DAGS_FOLDER/vnstock_stream.py', '--cfg-path', '/tmp/tmplvnllrnm']
[2025-01-16T04:13:03.970+0000] {standard_task_runner.py:105} INFO - Job 1615: Subtask append_to_database
[2025-01-16T04:13:04.013+0000] {task_command.py:467} INFO - Running <TaskInstance: stock_information.append_to_database scheduled__2025-01-16T04:12:00+00:00 [running]> on host 453ac4defedc
[2025-01-16T04:13:04.099+0000] {taskinstance.py:3132} INFO - Exporting env vars: AIRFLOW_CTX_DAG_OWNER='TuanDz' AIRFLOW_CTX_DAG_ID='stock_information' AIRFLOW_CTX_TASK_ID='append_to_database' AIRFLOW_CTX_EXECUTION_DATE='2025-01-16T04:12:00+00:00' AIRFLOW_CTX_TRY_NUMBER='1' AIRFLOW_CTX_DAG_RUN_ID='scheduled__2025-01-16T04:12:00+00:00'
[2025-01-16T04:13:04.101+0000] {taskinstance.py:731} INFO - ::endgroup::
[2025-01-16T04:13:04.145+0000] {logging_mixin.py:190} INFO - Kết nối thành công!
[2025-01-16T04:13:04.146+0000] {logging_mixin.py:190} INFO - <class 'str'>
[2025-01-16T04:13:04.147+0000] {logging_mixin.py:190} INFO - [['TCB', 25350, 22050, 23700, 'STOCK', 'HSX', '', 7045021622, 'STOCK', 8424683, 'Ngân hàng Thương mại Cổ phần Kỹ thương Việt Nam', 23700, '', '2025-01-16', 23750, 2500, 3176200, 75739, 23845.790567344626, 23950, 23750, 's', 0, 0, 0, 1590552461, 75739.755, 31762, 23700, 23750, 153800, 23700, 188200, 23650, 124500, 23800, 50900, 23850, 200900, 23900, 292200, '2025-01-16 04:13:02']]
[2025-01-16T04:13:04.148+0000] {logging_mixin.py:190} INFO - <class 'list'>
[2025-01-16T04:13:04.148+0000] {logging_mixin.py:190} INFO - [['TCB', 25350, 22050, 23700, 'STOCK', 'HSX', '', 7045021622, 'STOCK', 8424683, 'Ngân hàng Thương mại Cổ phần Kỹ thương Việt Nam', 23700, '', '2025-01-16', 23750, 2500, 3176200, 75739, 23845.790567344626, 23950, 23750, 's', 0, 0, 0, 1590552461, 75739.755, 31762, 23700, 23750, 153800, 23700, 188200, 23650, 124500, 23800, 50900, 23850, 200900, 23900, 292200, '2025-01-16 04:13:02']]
[2025-01-16T04:13:04.152+0000] {python.py:240} INFO - Done. Returned value was: None
[2025-01-16T04:13:04.159+0000] {taskinstance.py:340} INFO - ::group::Post task execution logs
[2025-01-16T04:13:04.159+0000] {taskinstance.py:352} INFO - Marking task as SUCCESS. dag_id=stock_information, task_id=append_to_database, run_id=scheduled__2025-01-16T04:12:00+00:00, execution_date=20250116T041200, start_date=20250116T041303, end_date=20250116T041304
[2025-01-16T04:13:04.183+0000] {local_task_job_runner.py:266} INFO - Task exited with return code 0
[2025-01-16T04:13:04.196+0000] {taskinstance.py:3895} INFO - 0 downstream tasks scheduled from follow-on schedule check
[2025-01-16T04:13:04.200+0000] {local_task_job_runner.py:245} INFO - ::endgroup::
