[2025-01-17T03:20:04.337+0000] {local_task_job_runner.py:123} INFO - ::group::Pre task execution logs
[2025-01-17T03:20:04.348+0000] {taskinstance.py:2613} INFO - Dependencies all met for dep_context=non-requeueable deps ti=<TaskInstance: stock_information.append_to_database scheduled__2025-01-17T03:19:00+00:00 [queued]>
[2025-01-17T03:20:04.355+0000] {taskinstance.py:2613} INFO - Dependencies all met for dep_context=requeueable deps ti=<TaskInstance: stock_information.append_to_database scheduled__2025-01-17T03:19:00+00:00 [queued]>
[2025-01-17T03:20:04.357+0000] {taskinstance.py:2866} INFO - Starting attempt 1 of 1
[2025-01-17T03:20:04.370+0000] {taskinstance.py:2889} INFO - Executing <Task(PythonOperator): append_to_database> on 2025-01-17 03:19:00+00:00
[2025-01-17T03:20:04.375+0000] {standard_task_runner.py:72} INFO - Started process 3004 to run task
[2025-01-17T03:20:04.377+0000] {standard_task_runner.py:104} INFO - Running: ['airflow', 'tasks', 'run', 'stock_information', 'append_to_database', 'scheduled__2025-01-17T03:19:00+00:00', '--job-id', '2412', '--raw', '--subdir', 'DAGS_FOLDER/vnstock_stream.py', '--cfg-path', '/tmp/tmp6nybrc50']
[2025-01-17T03:20:04.380+0000] {standard_task_runner.py:105} INFO - Job 2412: Subtask append_to_database
[2025-01-17T03:20:04.417+0000] {task_command.py:467} INFO - Running <TaskInstance: stock_information.append_to_database scheduled__2025-01-17T03:19:00+00:00 [running]> on host 453ac4defedc
[2025-01-17T03:20:04.493+0000] {taskinstance.py:3132} INFO - Exporting env vars: AIRFLOW_CTX_DAG_OWNER='TuanDz' AIRFLOW_CTX_DAG_ID='stock_information' AIRFLOW_CTX_TASK_ID='append_to_database' AIRFLOW_CTX_EXECUTION_DATE='2025-01-17T03:19:00+00:00' AIRFLOW_CTX_TRY_NUMBER='1' AIRFLOW_CTX_DAG_RUN_ID='scheduled__2025-01-17T03:19:00+00:00'
[2025-01-17T03:20:04.495+0000] {taskinstance.py:731} INFO - ::endgroup::
[2025-01-17T03:20:04.548+0000] {logging_mixin.py:190} INFO - Kết nối thành công!
[2025-01-17T03:20:04.549+0000] {logging_mixin.py:190} INFO - <class 'str'>
[2025-01-17T03:20:04.550+0000] {logging_mixin.py:190} INFO - [['TCB', 25500, 22200, 23850, 'STOCK', 'HSX', '', 7045021622, 'STOCK', 8424683, 'Ngân hàng Thương mại Cổ phần Kỹ thương Việt Nam', 23850, '', '2025-01-17', 23900, 500, 564500, 13453, 23831.709477413642, 23900, 23750, 'b', 5300, 45900, 0, 1590552461, 13453.015000000025, 5645, 23850, 23850, 113300, 23800, 251600, 23750, 97200, 23900, 201600, 23950, 331500, 24000, 966000, '2025-01-17 03:20:02']]
[2025-01-17T03:20:04.551+0000] {logging_mixin.py:190} INFO - <class 'list'>
[2025-01-17T03:20:04.551+0000] {logging_mixin.py:190} INFO - [['TCB', 25500, 22200, 23850, 'STOCK', 'HSX', '', 7045021622, 'STOCK', 8424683, 'Ngân hàng Thương mại Cổ phần Kỹ thương Việt Nam', 23850, '', '2025-01-17', 23900, 500, 564500, 13453, 23831.709477413642, 23900, 23750, 'b', 5300, 45900, 0, 1590552461, 13453.015000000025, 5645, 23850, 23850, 113300, 23800, 251600, 23750, 97200, 23900, 201600, 23950, 331500, 24000, 966000, '2025-01-17 03:20:02']]
[2025-01-17T03:20:04.557+0000] {python.py:240} INFO - Done. Returned value was: None
[2025-01-17T03:20:04.563+0000] {taskinstance.py:340} INFO - ::group::Post task execution logs
[2025-01-17T03:20:04.564+0000] {taskinstance.py:352} INFO - Marking task as SUCCESS. dag_id=stock_information, task_id=append_to_database, run_id=scheduled__2025-01-17T03:19:00+00:00, execution_date=20250117T031900, start_date=20250117T032004, end_date=20250117T032004
[2025-01-17T03:20:04.592+0000] {local_task_job_runner.py:266} INFO - Task exited with return code 0
[2025-01-17T03:20:04.607+0000] {taskinstance.py:3895} INFO - 0 downstream tasks scheduled from follow-on schedule check
[2025-01-17T03:20:04.610+0000] {local_task_job_runner.py:245} INFO - ::endgroup::
