[2025-01-15T06:47:04.970+0000] {local_task_job_runner.py:123} INFO - ::group::Pre task execution logs
[2025-01-15T06:47:04.982+0000] {taskinstance.py:2613} INFO - Dependencies all met for dep_context=non-requeueable deps ti=<TaskInstance: stock_information.append_to_database scheduled__2025-01-15T06:46:00+00:00 [queued]>
[2025-01-15T06:47:04.989+0000] {taskinstance.py:2613} INFO - Dependencies all met for dep_context=requeueable deps ti=<TaskInstance: stock_information.append_to_database scheduled__2025-01-15T06:46:00+00:00 [queued]>
[2025-01-15T06:47:04.990+0000] {taskinstance.py:2866} INFO - Starting attempt 1 of 1
[2025-01-15T06:47:05.001+0000] {taskinstance.py:2889} INFO - Executing <Task(PythonOperator): append_to_database> on 2025-01-15 06:46:00+00:00
[2025-01-15T06:47:05.008+0000] {standard_task_runner.py:72} INFO - Started process 7554 to run task
[2025-01-15T06:47:05.010+0000] {standard_task_runner.py:104} INFO - Running: ['airflow', 'tasks', 'run', 'stock_information', 'append_to_database', 'scheduled__2025-01-15T06:46:00+00:00', '--job-id', '1026', '--raw', '--subdir', 'DAGS_FOLDER/vnstock_stream.py', '--cfg-path', '/tmp/tmp5f0m4u53']
[2025-01-15T06:47:05.013+0000] {standard_task_runner.py:105} INFO - Job 1026: Subtask append_to_database
[2025-01-15T06:47:05.050+0000] {task_command.py:467} INFO - Running <TaskInstance: stock_information.append_to_database scheduled__2025-01-15T06:46:00+00:00 [running]> on host 453ac4defedc
[2025-01-15T06:47:05.126+0000] {taskinstance.py:3132} INFO - Exporting env vars: AIRFLOW_CTX_DAG_OWNER='TuanDz' AIRFLOW_CTX_DAG_ID='stock_information' AIRFLOW_CTX_TASK_ID='append_to_database' AIRFLOW_CTX_EXECUTION_DATE='2025-01-15T06:46:00+00:00' AIRFLOW_CTX_TRY_NUMBER='1' AIRFLOW_CTX_DAG_RUN_ID='scheduled__2025-01-15T06:46:00+00:00'
[2025-01-15T06:47:05.128+0000] {taskinstance.py:731} INFO - ::endgroup::
[2025-01-15T06:47:05.162+0000] {logging_mixin.py:190} INFO - Kết nối thành công!
[2025-01-15T06:47:05.163+0000] {logging_mixin.py:190} INFO - <class 'str'>
[2025-01-15T06:47:05.163+0000] {logging_mixin.py:190} INFO - [['TCB', 25250, 21950, 23600, 'STOCK', 'HSX', '', 7045021622, 'STOCK', 8424683, 'Ngân hàng Thương mại Cổ phần Kỹ thương Việt Nam', 23600, '', '2025-01-15', 23800, 2200, 4141300, 98557, 23798.56566778548, 23900, 23650, 's', 156700, 156700, 0, 1590552461, 98557.0849999998, 41413, 23600, 23800, 36800, 23750, 281100, 23700, 325700, 23850, 75700, 23900, 190600, 23950, 214400, '2025-01-15 06:47:02']]
[2025-01-15T06:47:05.164+0000] {logging_mixin.py:190} INFO - <class 'list'>
[2025-01-15T06:47:05.165+0000] {logging_mixin.py:190} INFO - [['TCB', 25250, 21950, 23600, 'STOCK', 'HSX', '', 7045021622, 'STOCK', 8424683, 'Ngân hàng Thương mại Cổ phần Kỹ thương Việt Nam', 23600, '', '2025-01-15', 23800, 2200, 4141300, 98557, 23798.56566778548, 23900, 23650, 's', 156700, 156700, 0, 1590552461, 98557.0849999998, 41413, 23600, 23800, 36800, 23750, 281100, 23700, 325700, 23850, 75700, 23900, 190600, 23950, 214400, '2025-01-15 06:47:02']]
[2025-01-15T06:47:05.167+0000] {python.py:240} INFO - Done. Returned value was: None
[2025-01-15T06:47:05.174+0000] {taskinstance.py:340} INFO - ::group::Post task execution logs
[2025-01-15T06:47:05.174+0000] {taskinstance.py:352} INFO - Marking task as SUCCESS. dag_id=stock_information, task_id=append_to_database, run_id=scheduled__2025-01-15T06:46:00+00:00, execution_date=20250115T064600, start_date=20250115T064704, end_date=20250115T064705
[2025-01-15T06:47:05.226+0000] {local_task_job_runner.py:266} INFO - Task exited with return code 0
[2025-01-15T06:47:05.239+0000] {taskinstance.py:3895} INFO - 0 downstream tasks scheduled from follow-on schedule check
[2025-01-15T06:47:05.243+0000] {local_task_job_runner.py:245} INFO - ::endgroup::
