[2025-01-15T06:57:03.732+0000] {local_task_job_runner.py:123} INFO - ::group::Pre task execution logs
[2025-01-15T06:57:03.745+0000] {taskinstance.py:2613} INFO - Dependencies all met for dep_context=non-requeueable deps ti=<TaskInstance: stock_information.append_to_database scheduled__2025-01-15T06:56:00+00:00 [queued]>
[2025-01-15T06:57:03.753+0000] {taskinstance.py:2613} INFO - Dependencies all met for dep_context=requeueable deps ti=<TaskInstance: stock_information.append_to_database scheduled__2025-01-15T06:56:00+00:00 [queued]>
[2025-01-15T06:57:03.755+0000] {taskinstance.py:2866} INFO - Starting attempt 1 of 1
[2025-01-15T06:57:03.769+0000] {taskinstance.py:2889} INFO - Executing <Task(PythonOperator): append_to_database> on 2025-01-15 06:56:00+00:00
[2025-01-15T06:57:03.777+0000] {standard_task_runner.py:72} INFO - Started process 7848 to run task
[2025-01-15T06:57:03.780+0000] {standard_task_runner.py:104} INFO - Running: ['airflow', 'tasks', 'run', 'stock_information', 'append_to_database', 'scheduled__2025-01-15T06:56:00+00:00', '--job-id', '1046', '--raw', '--subdir', 'DAGS_FOLDER/vnstock_stream.py', '--cfg-path', '/tmp/tmp17ez9qap']
[2025-01-15T06:57:03.783+0000] {standard_task_runner.py:105} INFO - Job 1046: Subtask append_to_database
[2025-01-15T06:57:03.826+0000] {task_command.py:467} INFO - Running <TaskInstance: stock_information.append_to_database scheduled__2025-01-15T06:56:00+00:00 [running]> on host 453ac4defedc
[2025-01-15T06:57:03.906+0000] {taskinstance.py:3132} INFO - Exporting env vars: AIRFLOW_CTX_DAG_OWNER='TuanDz' AIRFLOW_CTX_DAG_ID='stock_information' AIRFLOW_CTX_TASK_ID='append_to_database' AIRFLOW_CTX_EXECUTION_DATE='2025-01-15T06:56:00+00:00' AIRFLOW_CTX_TRY_NUMBER='1' AIRFLOW_CTX_DAG_RUN_ID='scheduled__2025-01-15T06:56:00+00:00'
[2025-01-15T06:57:03.908+0000] {taskinstance.py:731} INFO - ::endgroup::
[2025-01-15T06:57:03.947+0000] {logging_mixin.py:190} INFO - Kết nối thành công!
[2025-01-15T06:57:03.948+0000] {logging_mixin.py:190} INFO - <class 'str'>
[2025-01-15T06:57:03.949+0000] {logging_mixin.py:190} INFO - [['TCB', 25250, 21950, 23600, 'STOCK', 'HSX', '', 7045021622, 'STOCK', 8424683, 'Ngân hàng Thương mại Cổ phần Kỹ thương Việt Nam', 23600, '', '2025-01-15', 23750, 600, 4684000, 111465, 23796.968403074294, 23900, 23650, 's', 156700, 166700, 0, 1590552461, 111465.47499999977, 46840, 23600, 23750, 109600, 23700, 423200, 23650, 232200, 23800, 141600, 23850, 62700, 23900, 159600, '2025-01-15 06:57:02']]
[2025-01-15T06:57:03.950+0000] {logging_mixin.py:190} INFO - <class 'list'>
[2025-01-15T06:57:03.950+0000] {logging_mixin.py:190} INFO - [['TCB', 25250, 21950, 23600, 'STOCK', 'HSX', '', 7045021622, 'STOCK', 8424683, 'Ngân hàng Thương mại Cổ phần Kỹ thương Việt Nam', 23600, '', '2025-01-15', 23750, 600, 4684000, 111465, 23796.968403074294, 23900, 23650, 's', 156700, 166700, 0, 1590552461, 111465.47499999977, 46840, 23600, 23750, 109600, 23700, 423200, 23650, 232200, 23800, 141600, 23850, 62700, 23900, 159600, '2025-01-15 06:57:02']]
[2025-01-15T06:57:03.953+0000] {python.py:240} INFO - Done. Returned value was: None
[2025-01-15T06:57:03.960+0000] {taskinstance.py:340} INFO - ::group::Post task execution logs
[2025-01-15T06:57:03.961+0000] {taskinstance.py:352} INFO - Marking task as SUCCESS. dag_id=stock_information, task_id=append_to_database, run_id=scheduled__2025-01-15T06:56:00+00:00, execution_date=20250115T065600, start_date=20250115T065703, end_date=20250115T065703
[2025-01-15T06:57:03.996+0000] {local_task_job_runner.py:266} INFO - Task exited with return code 0
[2025-01-15T06:57:04.010+0000] {taskinstance.py:3895} INFO - 0 downstream tasks scheduled from follow-on schedule check
[2025-01-15T06:57:04.015+0000] {local_task_job_runner.py:245} INFO - ::endgroup::
