[2025-01-16T07:21:04.365+0000] {local_task_job_runner.py:123} INFO - ::group::Pre task execution logs
[2025-01-16T07:21:04.379+0000] {taskinstance.py:2613} INFO - Dependencies all met for dep_context=non-requeueable deps ti=<TaskInstance: stock_information.append_to_database scheduled__2025-01-16T07:20:00+00:00 [queued]>
[2025-01-16T07:21:04.387+0000] {taskinstance.py:2613} INFO - Dependencies all met for dep_context=requeueable deps ti=<TaskInstance: stock_information.append_to_database scheduled__2025-01-16T07:20:00+00:00 [queued]>
[2025-01-16T07:21:04.389+0000] {taskinstance.py:2866} INFO - Starting attempt 1 of 1
[2025-01-16T07:21:04.403+0000] {taskinstance.py:2889} INFO - Executing <Task(PythonOperator): append_to_database> on 2025-01-16 07:20:00+00:00
[2025-01-16T07:21:04.410+0000] {standard_task_runner.py:72} INFO - Started process 8560 to run task
[2025-01-16T07:21:04.413+0000] {standard_task_runner.py:104} INFO - Running: ['airflow', 'tasks', 'run', 'stock_information', 'append_to_database', 'scheduled__2025-01-16T07:20:00+00:00', '--job-id', '1991', '--raw', '--subdir', 'DAGS_FOLDER/vnstock_stream.py', '--cfg-path', '/tmp/tmpjigdqw4e']
[2025-01-16T07:21:04.416+0000] {standard_task_runner.py:105} INFO - Job 1991: Subtask append_to_database
[2025-01-16T07:21:04.454+0000] {task_command.py:467} INFO - Running <TaskInstance: stock_information.append_to_database scheduled__2025-01-16T07:20:00+00:00 [running]> on host 453ac4defedc
[2025-01-16T07:21:04.534+0000] {taskinstance.py:3132} INFO - Exporting env vars: AIRFLOW_CTX_DAG_OWNER='TuanDz' AIRFLOW_CTX_DAG_ID='stock_information' AIRFLOW_CTX_TASK_ID='append_to_database' AIRFLOW_CTX_EXECUTION_DATE='2025-01-16T07:20:00+00:00' AIRFLOW_CTX_TRY_NUMBER='1' AIRFLOW_CTX_DAG_RUN_ID='scheduled__2025-01-16T07:20:00+00:00'
[2025-01-16T07:21:04.536+0000] {taskinstance.py:731} INFO - ::endgroup::
[2025-01-16T07:21:04.604+0000] {logging_mixin.py:190} INFO - Kết nối thành công!
[2025-01-16T07:21:04.606+0000] {logging_mixin.py:190} INFO - <class 'str'>
[2025-01-16T07:21:04.607+0000] {logging_mixin.py:190} INFO - [['TCB', 25350, 22050, 23700, 'STOCK', 'HSX', '', 7045021622, 'STOCK', 8424683, 'Ngân hàng Thương mại Cổ phần Kỹ thương Việt Nam', 23700, '', '2025-01-16', 23650, 5000, 5958200, 141795, 23798.294787016213, 23950, 23600, 's', 0, 43800, 0, 1590552461, 141795.52999999994, 59582, 23700, 23650, 10000, 23600, 254500, 23550, 246000, 23700, 24400, 23750, 5000, 23800, 43300, '2025-01-16 07:21:02']]
[2025-01-16T07:21:04.609+0000] {logging_mixin.py:190} INFO - <class 'list'>
[2025-01-16T07:21:04.609+0000] {logging_mixin.py:190} INFO - [['TCB', 25350, 22050, 23700, 'STOCK', 'HSX', '', 7045021622, 'STOCK', 8424683, 'Ngân hàng Thương mại Cổ phần Kỹ thương Việt Nam', 23700, '', '2025-01-16', 23650, 5000, 5958200, 141795, 23798.294787016213, 23950, 23600, 's', 0, 43800, 0, 1590552461, 141795.52999999994, 59582, 23700, 23650, 10000, 23600, 254500, 23550, 246000, 23700, 24400, 23750, 5000, 23800, 43300, '2025-01-16 07:21:02']]
[2025-01-16T07:21:04.618+0000] {python.py:240} INFO - Done. Returned value was: None
[2025-01-16T07:21:04.627+0000] {taskinstance.py:340} INFO - ::group::Post task execution logs
[2025-01-16T07:21:04.628+0000] {taskinstance.py:352} INFO - Marking task as SUCCESS. dag_id=stock_information, task_id=append_to_database, run_id=scheduled__2025-01-16T07:20:00+00:00, execution_date=20250116T072000, start_date=20250116T072104, end_date=20250116T072104
[2025-01-16T07:21:04.669+0000] {local_task_job_runner.py:266} INFO - Task exited with return code 0
[2025-01-16T07:21:04.686+0000] {taskinstance.py:3895} INFO - 0 downstream tasks scheduled from follow-on schedule check
[2025-01-16T07:21:04.690+0000] {local_task_job_runner.py:245} INFO - ::endgroup::
