[2025-01-15T06:46:05.080+0000] {local_task_job_runner.py:123} INFO - ::group::Pre task execution logs
[2025-01-15T06:46:05.093+0000] {taskinstance.py:2613} INFO - Dependencies all met for dep_context=non-requeueable deps ti=<TaskInstance: stock_information.append_to_database scheduled__2025-01-15T06:45:00+00:00 [queued]>
[2025-01-15T06:46:05.101+0000] {taskinstance.py:2613} INFO - Dependencies all met for dep_context=requeueable deps ti=<TaskInstance: stock_information.append_to_database scheduled__2025-01-15T06:45:00+00:00 [queued]>
[2025-01-15T06:46:05.103+0000] {taskinstance.py:2866} INFO - Starting attempt 1 of 1
[2025-01-15T06:46:05.115+0000] {taskinstance.py:2889} INFO - Executing <Task(PythonOperator): append_to_database> on 2025-01-15 06:45:00+00:00
[2025-01-15T06:46:05.122+0000] {standard_task_runner.py:72} INFO - Started process 7524 to run task
[2025-01-15T06:46:05.125+0000] {standard_task_runner.py:104} INFO - Running: ['airflow', 'tasks', 'run', 'stock_information', 'append_to_database', 'scheduled__2025-01-15T06:45:00+00:00', '--job-id', '1024', '--raw', '--subdir', 'DAGS_FOLDER/vnstock_stream.py', '--cfg-path', '/tmp/tmpf1yjwn7t']
[2025-01-15T06:46:05.128+0000] {standard_task_runner.py:105} INFO - Job 1024: Subtask append_to_database
[2025-01-15T06:46:05.168+0000] {task_command.py:467} INFO - Running <TaskInstance: stock_information.append_to_database scheduled__2025-01-15T06:45:00+00:00 [running]> on host 453ac4defedc
[2025-01-15T06:46:05.248+0000] {taskinstance.py:3132} INFO - Exporting env vars: AIRFLOW_CTX_DAG_OWNER='TuanDz' AIRFLOW_CTX_DAG_ID='stock_information' AIRFLOW_CTX_TASK_ID='append_to_database' AIRFLOW_CTX_EXECUTION_DATE='2025-01-15T06:45:00+00:00' AIRFLOW_CTX_TRY_NUMBER='1' AIRFLOW_CTX_DAG_RUN_ID='scheduled__2025-01-15T06:45:00+00:00'
[2025-01-15T06:46:05.249+0000] {taskinstance.py:731} INFO - ::endgroup::
[2025-01-15T06:46:05.284+0000] {logging_mixin.py:190} INFO - Kết nối thành công!
[2025-01-15T06:46:05.285+0000] {logging_mixin.py:190} INFO - <class 'str'>
[2025-01-15T06:46:05.286+0000] {logging_mixin.py:190} INFO - [['TCB', 25250, 21950, 23600, 'STOCK', 'HSX', '', 7045021622, 'STOCK', 8424683, 'Ngân hàng Thương mại Cổ phần Kỹ thương Việt Nam', 23600, '', '2025-01-15', 23750, 2200, 4114300, 97915, 23798.702087839974, 23900, 23650, 's', 156700, 156700, 0, 1590552461, 97915.1749999998, 41143, 23600, 23750, 284700, 23700, 324900, 23650, 233700, 23850, 76700, 23900, 190600, 23950, 213200, '2025-01-15 06:46:02']]
[2025-01-15T06:46:05.287+0000] {logging_mixin.py:190} INFO - <class 'list'>
[2025-01-15T06:46:05.288+0000] {logging_mixin.py:190} INFO - [['TCB', 25250, 21950, 23600, 'STOCK', 'HSX', '', 7045021622, 'STOCK', 8424683, 'Ngân hàng Thương mại Cổ phần Kỹ thương Việt Nam', 23600, '', '2025-01-15', 23750, 2200, 4114300, 97915, 23798.702087839974, 23900, 23650, 's', 156700, 156700, 0, 1590552461, 97915.1749999998, 41143, 23600, 23750, 284700, 23700, 324900, 23650, 233700, 23850, 76700, 23900, 190600, 23950, 213200, '2025-01-15 06:46:02']]
[2025-01-15T06:46:05.291+0000] {python.py:240} INFO - Done. Returned value was: None
[2025-01-15T06:46:05.299+0000] {taskinstance.py:340} INFO - ::group::Post task execution logs
[2025-01-15T06:46:05.301+0000] {taskinstance.py:352} INFO - Marking task as SUCCESS. dag_id=stock_information, task_id=append_to_database, run_id=scheduled__2025-01-15T06:45:00+00:00, execution_date=20250115T064500, start_date=20250115T064605, end_date=20250115T064605
[2025-01-15T06:46:05.340+0000] {local_task_job_runner.py:266} INFO - Task exited with return code 0
[2025-01-15T06:46:05.358+0000] {taskinstance.py:3895} INFO - 0 downstream tasks scheduled from follow-on schedule check
[2025-01-15T06:46:05.363+0000] {local_task_job_runner.py:245} INFO - ::endgroup::
