[2025-01-16T06:01:04.938+0000] {local_task_job_runner.py:123} INFO - ::group::Pre task execution logs
[2025-01-16T06:01:04.950+0000] {taskinstance.py:2613} INFO - Dependencies all met for dep_context=non-requeueable deps ti=<TaskInstance: stock_information.append_to_database scheduled__2025-01-16T06:00:00+00:00 [queued]>
[2025-01-16T06:01:04.958+0000] {taskinstance.py:2613} INFO - Dependencies all met for dep_context=requeueable deps ti=<TaskInstance: stock_information.append_to_database scheduled__2025-01-16T06:00:00+00:00 [queued]>
[2025-01-16T06:01:04.959+0000] {taskinstance.py:2866} INFO - Starting attempt 1 of 1
[2025-01-16T06:01:04.972+0000] {taskinstance.py:2889} INFO - Executing <Task(PythonOperator): append_to_database> on 2025-01-16 06:00:00+00:00
[2025-01-16T06:01:04.980+0000] {standard_task_runner.py:72} INFO - Started process 6218 to run task
[2025-01-16T06:01:04.982+0000] {standard_task_runner.py:104} INFO - Running: ['airflow', 'tasks', 'run', 'stock_information', 'append_to_database', 'scheduled__2025-01-16T06:00:00+00:00', '--job-id', '1831', '--raw', '--subdir', 'DAGS_FOLDER/vnstock_stream.py', '--cfg-path', '/tmp/tmp5wgk1qfy']
[2025-01-16T06:01:04.985+0000] {standard_task_runner.py:105} INFO - Job 1831: Subtask append_to_database
[2025-01-16T06:01:05.024+0000] {task_command.py:467} INFO - Running <TaskInstance: stock_information.append_to_database scheduled__2025-01-16T06:00:00+00:00 [running]> on host 453ac4defedc
[2025-01-16T06:01:05.116+0000] {taskinstance.py:3132} INFO - Exporting env vars: AIRFLOW_CTX_DAG_OWNER='TuanDz' AIRFLOW_CTX_DAG_ID='stock_information' AIRFLOW_CTX_TASK_ID='append_to_database' AIRFLOW_CTX_EXECUTION_DATE='2025-01-16T06:00:00+00:00' AIRFLOW_CTX_TRY_NUMBER='1' AIRFLOW_CTX_DAG_RUN_ID='scheduled__2025-01-16T06:00:00+00:00'
[2025-01-16T06:01:05.119+0000] {taskinstance.py:731} INFO - ::endgroup::
[2025-01-16T06:01:05.214+0000] {logging_mixin.py:190} INFO - Kết nối thành công!
[2025-01-16T06:01:05.215+0000] {logging_mixin.py:190} INFO - <class 'str'>
[2025-01-16T06:01:05.215+0000] {logging_mixin.py:190} INFO - [['TCB', 25350, 22050, 23700, 'STOCK', 'HSX', '', 7045021622, 'STOCK', 8424683, 'Ngân hàng Thương mại Cổ phần Kỹ thương Việt Nam', 23700, '', '2025-01-16', 23750, 1400, 3427200, 81698, 23838.11858076564, 23950, 23700, 'b', 0, 0, 0, 1590552461, 81698.91, 34272, 23700, 23700, 207600, 23650, 135500, 23600, 200600, 23750, 6100, 23800, 157300, 23850, 220700, '2025-01-16 06:01:03']]
[2025-01-16T06:01:05.216+0000] {logging_mixin.py:190} INFO - <class 'list'>
[2025-01-16T06:01:05.217+0000] {logging_mixin.py:190} INFO - [['TCB', 25350, 22050, 23700, 'STOCK', 'HSX', '', 7045021622, 'STOCK', 8424683, 'Ngân hàng Thương mại Cổ phần Kỹ thương Việt Nam', 23700, '', '2025-01-16', 23750, 1400, 3427200, 81698, 23838.11858076564, 23950, 23700, 'b', 0, 0, 0, 1590552461, 81698.91, 34272, 23700, 23700, 207600, 23650, 135500, 23600, 200600, 23750, 6100, 23800, 157300, 23850, 220700, '2025-01-16 06:01:03']]
[2025-01-16T06:01:05.224+0000] {python.py:240} INFO - Done. Returned value was: None
[2025-01-16T06:01:05.231+0000] {taskinstance.py:340} INFO - ::group::Post task execution logs
[2025-01-16T06:01:05.232+0000] {taskinstance.py:352} INFO - Marking task as SUCCESS. dag_id=stock_information, task_id=append_to_database, run_id=scheduled__2025-01-16T06:00:00+00:00, execution_date=20250116T060000, start_date=20250116T060104, end_date=20250116T060105
[2025-01-16T06:01:05.278+0000] {local_task_job_runner.py:266} INFO - Task exited with return code 0
[2025-01-16T06:01:05.296+0000] {taskinstance.py:3895} INFO - 0 downstream tasks scheduled from follow-on schedule check
[2025-01-16T06:01:05.300+0000] {local_task_job_runner.py:245} INFO - ::endgroup::
