[2025-01-15T06:43:06.353+0000] {local_task_job_runner.py:123} INFO - ::group::Pre task execution logs
[2025-01-15T06:43:06.366+0000] {taskinstance.py:2613} INFO - Dependencies all met for dep_context=non-requeueable deps ti=<TaskInstance: stock_information.append_to_database scheduled__2025-01-15T06:42:00+00:00 [queued]>
[2025-01-15T06:43:06.374+0000] {taskinstance.py:2613} INFO - Dependencies all met for dep_context=requeueable deps ti=<TaskInstance: stock_information.append_to_database scheduled__2025-01-15T06:42:00+00:00 [queued]>
[2025-01-15T06:43:06.376+0000] {taskinstance.py:2866} INFO - Starting attempt 1 of 1
[2025-01-15T06:43:06.388+0000] {taskinstance.py:2889} INFO - Executing <Task(PythonOperator): append_to_database> on 2025-01-15 06:42:00+00:00
[2025-01-15T06:43:06.393+0000] {standard_task_runner.py:72} INFO - Started process 7445 to run task
[2025-01-15T06:43:06.396+0000] {standard_task_runner.py:104} INFO - Running: ['airflow', 'tasks', 'run', 'stock_information', 'append_to_database', 'scheduled__2025-01-15T06:42:00+00:00', '--job-id', '1018', '--raw', '--subdir', 'DAGS_FOLDER/vnstock_stream.py', '--cfg-path', '/tmp/tmp0vxcd634']
[2025-01-15T06:43:06.399+0000] {standard_task_runner.py:105} INFO - Job 1018: Subtask append_to_database
[2025-01-15T06:43:06.438+0000] {task_command.py:467} INFO - Running <TaskInstance: stock_information.append_to_database scheduled__2025-01-15T06:42:00+00:00 [running]> on host 453ac4defedc
[2025-01-15T06:43:06.521+0000] {taskinstance.py:3132} INFO - Exporting env vars: AIRFLOW_CTX_DAG_OWNER='TuanDz' AIRFLOW_CTX_DAG_ID='stock_information' AIRFLOW_CTX_TASK_ID='append_to_database' AIRFLOW_CTX_EXECUTION_DATE='2025-01-15T06:42:00+00:00' AIRFLOW_CTX_TRY_NUMBER='1' AIRFLOW_CTX_DAG_RUN_ID='scheduled__2025-01-15T06:42:00+00:00'
[2025-01-15T06:43:06.523+0000] {taskinstance.py:731} INFO - ::endgroup::
[2025-01-15T06:43:06.561+0000] {logging_mixin.py:190} INFO - Kết nối thành công!
[2025-01-15T06:43:06.562+0000] {logging_mixin.py:190} INFO - <class 'str'>
[2025-01-15T06:43:06.563+0000] {logging_mixin.py:190} INFO - [['TCB', 25250, 21950, 23600, 'STOCK', 'HSX', '', 7045021622, 'STOCK', 8424683, 'Ngân hàng Thương mại Cổ phần Kỹ thương Việt Nam', 23600, '', '2025-01-15', 23750, 2200, 4061900, 96670, 23799.207267534897, 23900, 23650, 's', 156700, 156700, 0, 1590552461, 96670.36499999979, 40619, 23600, 23750, 331700, 23700, 322800, 23650, 233700, 23800, 100, 23850, 76300, 23900, 195000, '2025-01-15 06:43:04']]
[2025-01-15T06:43:06.563+0000] {logging_mixin.py:190} INFO - <class 'list'>
[2025-01-15T06:43:06.564+0000] {logging_mixin.py:190} INFO - [['TCB', 25250, 21950, 23600, 'STOCK', 'HSX', '', 7045021622, 'STOCK', 8424683, 'Ngân hàng Thương mại Cổ phần Kỹ thương Việt Nam', 23600, '', '2025-01-15', 23750, 2200, 4061900, 96670, 23799.207267534897, 23900, 23650, 's', 156700, 156700, 0, 1590552461, 96670.36499999979, 40619, 23600, 23750, 331700, 23700, 322800, 23650, 233700, 23800, 100, 23850, 76300, 23900, 195000, '2025-01-15 06:43:04']]
[2025-01-15T06:43:06.567+0000] {python.py:240} INFO - Done. Returned value was: None
[2025-01-15T06:43:06.574+0000] {taskinstance.py:340} INFO - ::group::Post task execution logs
[2025-01-15T06:43:06.575+0000] {taskinstance.py:352} INFO - Marking task as SUCCESS. dag_id=stock_information, task_id=append_to_database, run_id=scheduled__2025-01-15T06:42:00+00:00, execution_date=20250115T064200, start_date=20250115T064306, end_date=20250115T064306
[2025-01-15T06:43:06.611+0000] {local_task_job_runner.py:266} INFO - Task exited with return code 0
[2025-01-15T06:43:06.619+0000] {local_task_job_runner.py:245} INFO - ::endgroup::
