[2025-01-15T07:14:04.596+0000] {local_task_job_runner.py:123} INFO - ::group::Pre task execution logs
[2025-01-15T07:14:04.608+0000] {taskinstance.py:2613} INFO - Dependencies all met for dep_context=non-requeueable deps ti=<TaskInstance: stock_information.append_to_database scheduled__2025-01-15T07:13:00+00:00 [queued]>
[2025-01-15T07:14:04.617+0000] {taskinstance.py:2613} INFO - Dependencies all met for dep_context=requeueable deps ti=<TaskInstance: stock_information.append_to_database scheduled__2025-01-15T07:13:00+00:00 [queued]>
[2025-01-15T07:14:04.618+0000] {taskinstance.py:2866} INFO - Starting attempt 1 of 1
[2025-01-15T07:14:04.630+0000] {taskinstance.py:2889} INFO - Executing <Task(PythonOperator): append_to_database> on 2025-01-15 07:13:00+00:00
[2025-01-15T07:14:04.637+0000] {standard_task_runner.py:72} INFO - Started process 8346 to run task
[2025-01-15T07:14:04.640+0000] {standard_task_runner.py:104} INFO - Running: ['airflow', 'tasks', 'run', 'stock_information', 'append_to_database', 'scheduled__2025-01-15T07:13:00+00:00', '--job-id', '1080', '--raw', '--subdir', 'DAGS_FOLDER/vnstock_stream.py', '--cfg-path', '/tmp/tmpm5g3bqjh']
[2025-01-15T07:14:04.644+0000] {standard_task_runner.py:105} INFO - Job 1080: Subtask append_to_database
[2025-01-15T07:14:04.685+0000] {task_command.py:467} INFO - Running <TaskInstance: stock_information.append_to_database scheduled__2025-01-15T07:13:00+00:00 [running]> on host 453ac4defedc
[2025-01-15T07:14:04.763+0000] {taskinstance.py:3132} INFO - Exporting env vars: AIRFLOW_CTX_DAG_OWNER='TuanDz' AIRFLOW_CTX_DAG_ID='stock_information' AIRFLOW_CTX_TASK_ID='append_to_database' AIRFLOW_CTX_EXECUTION_DATE='2025-01-15T07:13:00+00:00' AIRFLOW_CTX_TRY_NUMBER='1' AIRFLOW_CTX_DAG_RUN_ID='scheduled__2025-01-15T07:13:00+00:00'
[2025-01-15T07:14:04.765+0000] {taskinstance.py:731} INFO - ::endgroup::
[2025-01-15T07:14:04.800+0000] {logging_mixin.py:190} INFO - Kết nối thành công!
[2025-01-15T07:14:04.801+0000] {logging_mixin.py:190} INFO - <class 'str'>
[2025-01-15T07:14:04.802+0000] {logging_mixin.py:190} INFO - [['TCB', 25250, 21950, 23600, 'STOCK', 'HSX', '', 7045021622, 'STOCK', 8424683, 'Ngân hàng Thương mại Cổ phần Kỹ thương Việt Nam', 23600, '', '2025-01-15', 23800, 1000, 5606000, 133403, 23796.46806992508, 23900, 23650, 's', 156700, 186700, 0, 1590552461, 133403.9849999997, 56060, 23600, 23800, 18800, 23750, 234900, 23700, 368300, 23850, 45400, 23900, 195600, 23950, 247200, '2025-01-15 07:14:02']]
[2025-01-15T07:14:04.803+0000] {logging_mixin.py:190} INFO - <class 'list'>
[2025-01-15T07:14:04.804+0000] {logging_mixin.py:190} INFO - [['TCB', 25250, 21950, 23600, 'STOCK', 'HSX', '', 7045021622, 'STOCK', 8424683, 'Ngân hàng Thương mại Cổ phần Kỹ thương Việt Nam', 23600, '', '2025-01-15', 23800, 1000, 5606000, 133403, 23796.46806992508, 23900, 23650, 's', 156700, 186700, 0, 1590552461, 133403.9849999997, 56060, 23600, 23800, 18800, 23750, 234900, 23700, 368300, 23850, 45400, 23900, 195600, 23950, 247200, '2025-01-15 07:14:02']]
[2025-01-15T07:14:04.806+0000] {python.py:240} INFO - Done. Returned value was: None
[2025-01-15T07:14:04.814+0000] {taskinstance.py:340} INFO - ::group::Post task execution logs
[2025-01-15T07:14:04.815+0000] {taskinstance.py:352} INFO - Marking task as SUCCESS. dag_id=stock_information, task_id=append_to_database, run_id=scheduled__2025-01-15T07:13:00+00:00, execution_date=20250115T071300, start_date=20250115T071404, end_date=20250115T071404
[2025-01-15T07:14:04.855+0000] {local_task_job_runner.py:266} INFO - Task exited with return code 0
[2025-01-15T07:14:04.868+0000] {taskinstance.py:3895} INFO - 0 downstream tasks scheduled from follow-on schedule check
[2025-01-15T07:14:04.871+0000] {local_task_job_runner.py:245} INFO - ::endgroup::
