[2025-01-16T07:43:04.369+0000] {local_task_job_runner.py:123} INFO - ::group::Pre task execution logs
[2025-01-16T07:43:04.382+0000] {taskinstance.py:2613} INFO - Dependencies all met for dep_context=non-requeueable deps ti=<TaskInstance: stock_information.append_to_database scheduled__2025-01-16T07:42:00+00:00 [queued]>
[2025-01-16T07:43:04.392+0000] {taskinstance.py:2613} INFO - Dependencies all met for dep_context=requeueable deps ti=<TaskInstance: stock_information.append_to_database scheduled__2025-01-16T07:42:00+00:00 [queued]>
[2025-01-16T07:43:04.394+0000] {taskinstance.py:2866} INFO - Starting attempt 1 of 1
[2025-01-16T07:43:04.407+0000] {taskinstance.py:2889} INFO - Executing <Task(PythonOperator): append_to_database> on 2025-01-16 07:42:00+00:00
[2025-01-16T07:43:04.414+0000] {standard_task_runner.py:72} INFO - Started process 9208 to run task
[2025-01-16T07:43:04.417+0000] {standard_task_runner.py:104} INFO - Running: ['airflow', 'tasks', 'run', 'stock_information', 'append_to_database', 'scheduled__2025-01-16T07:42:00+00:00', '--job-id', '2035', '--raw', '--subdir', 'DAGS_FOLDER/vnstock_stream.py', '--cfg-path', '/tmp/tmpfi2wsibz']
[2025-01-16T07:43:04.419+0000] {standard_task_runner.py:105} INFO - Job 2035: Subtask append_to_database
[2025-01-16T07:43:04.458+0000] {task_command.py:467} INFO - Running <TaskInstance: stock_information.append_to_database scheduled__2025-01-16T07:42:00+00:00 [running]> on host 453ac4defedc
[2025-01-16T07:43:04.539+0000] {taskinstance.py:3132} INFO - Exporting env vars: AIRFLOW_CTX_DAG_OWNER='TuanDz' AIRFLOW_CTX_DAG_ID='stock_information' AIRFLOW_CTX_TASK_ID='append_to_database' AIRFLOW_CTX_EXECUTION_DATE='2025-01-16T07:42:00+00:00' AIRFLOW_CTX_TRY_NUMBER='1' AIRFLOW_CTX_DAG_RUN_ID='scheduled__2025-01-16T07:42:00+00:00'
[2025-01-16T07:43:04.541+0000] {taskinstance.py:731} INFO - ::endgroup::
[2025-01-16T07:43:04.609+0000] {logging_mixin.py:190} INFO - Kết nối thành công!
[2025-01-16T07:43:04.610+0000] {logging_mixin.py:190} INFO - <class 'str'>
[2025-01-16T07:43:04.610+0000] {logging_mixin.py:190} INFO - [['TCB', 25350, 22050, 23700, 'STOCK', 'HSX', '', 7045021622, 'STOCK', 8424683, 'Ngân hàng Thương mại Cổ phần Kỹ thương Việt Nam', 23700, '', '2025-01-16', 23800, 0, 7499500, 178238, 23766.651110074006, 23950, 23600, 's', 0, 43800, 0, 1590552461, 178238.56999999922, 74995, 23700, 0, 174500, 24100, 100000, 23800, 3300, 0, 155400, 23550, 400, 23600, 900, '2025-01-16 07:43:02']]
[2025-01-16T07:43:04.611+0000] {logging_mixin.py:190} INFO - <class 'list'>
[2025-01-16T07:43:04.611+0000] {logging_mixin.py:190} INFO - [['TCB', 25350, 22050, 23700, 'STOCK', 'HSX', '', 7045021622, 'STOCK', 8424683, 'Ngân hàng Thương mại Cổ phần Kỹ thương Việt Nam', 23700, '', '2025-01-16', 23800, 0, 7499500, 178238, 23766.651110074006, 23950, 23600, 's', 0, 43800, 0, 1590552461, 178238.56999999922, 74995, 23700, 0, 174500, 24100, 100000, 23800, 3300, 0, 155400, 23550, 400, 23600, 900, '2025-01-16 07:43:02']]
[2025-01-16T07:43:04.621+0000] {python.py:240} INFO - Done. Returned value was: None
[2025-01-16T07:43:04.629+0000] {taskinstance.py:340} INFO - ::group::Post task execution logs
[2025-01-16T07:43:04.630+0000] {taskinstance.py:352} INFO - Marking task as SUCCESS. dag_id=stock_information, task_id=append_to_database, run_id=scheduled__2025-01-16T07:42:00+00:00, execution_date=20250116T074200, start_date=20250116T074304, end_date=20250116T074304
[2025-01-16T07:43:04.672+0000] {local_task_job_runner.py:266} INFO - Task exited with return code 0
[2025-01-16T07:43:04.689+0000] {taskinstance.py:3895} INFO - 0 downstream tasks scheduled from follow-on schedule check
[2025-01-16T07:43:04.693+0000] {local_task_job_runner.py:245} INFO - ::endgroup::
