[2025-01-16T03:56:04.152+0000] {local_task_job_runner.py:123} INFO - ::group::Pre task execution logs
[2025-01-16T03:56:04.168+0000] {taskinstance.py:2613} INFO - Dependencies all met for dep_context=non-requeueable deps ti=<TaskInstance: stock_information.append_to_database scheduled__2025-01-16T03:55:00+00:00 [queued]>
[2025-01-16T03:56:04.178+0000] {taskinstance.py:2613} INFO - Dependencies all met for dep_context=requeueable deps ti=<TaskInstance: stock_information.append_to_database scheduled__2025-01-16T03:55:00+00:00 [queued]>
[2025-01-16T03:56:04.179+0000] {taskinstance.py:2866} INFO - Starting attempt 1 of 1
[2025-01-16T03:56:04.192+0000] {taskinstance.py:2889} INFO - Executing <Task(PythonOperator): append_to_database> on 2025-01-16 03:55:00+00:00
[2025-01-16T03:56:04.198+0000] {standard_task_runner.py:72} INFO - Started process 2554 to run task
[2025-01-16T03:56:04.202+0000] {standard_task_runner.py:104} INFO - Running: ['airflow', 'tasks', 'run', 'stock_information', 'append_to_database', 'scheduled__2025-01-16T03:55:00+00:00', '--job-id', '1581', '--raw', '--subdir', 'DAGS_FOLDER/vnstock_stream.py', '--cfg-path', '/tmp/tmp7oburdpy']
[2025-01-16T03:56:04.205+0000] {standard_task_runner.py:105} INFO - Job 1581: Subtask append_to_database
[2025-01-16T03:56:04.249+0000] {task_command.py:467} INFO - Running <TaskInstance: stock_information.append_to_database scheduled__2025-01-16T03:55:00+00:00 [running]> on host 453ac4defedc
[2025-01-16T03:56:04.337+0000] {taskinstance.py:3132} INFO - Exporting env vars: AIRFLOW_CTX_DAG_OWNER='TuanDz' AIRFLOW_CTX_DAG_ID='stock_information' AIRFLOW_CTX_TASK_ID='append_to_database' AIRFLOW_CTX_EXECUTION_DATE='2025-01-16T03:55:00+00:00' AIRFLOW_CTX_TRY_NUMBER='1' AIRFLOW_CTX_DAG_RUN_ID='scheduled__2025-01-16T03:55:00+00:00'
[2025-01-16T03:56:04.338+0000] {taskinstance.py:731} INFO - ::endgroup::
[2025-01-16T03:56:04.372+0000] {logging_mixin.py:190} INFO - Kết nối thành công!
[2025-01-16T03:56:04.373+0000] {logging_mixin.py:190} INFO - <class 'str'>
[2025-01-16T03:56:04.373+0000] {logging_mixin.py:190} INFO - [['TCB', 25350, 22050, 23700, 'STOCK', 'HSX', '', 7045021622, 'STOCK', 8424683, 'Ngân hàng Thương mại Cổ phần Kỹ thương Việt Nam', 23700, '', '2025-01-16', 23750, 1000, 3052800, 72806, 23848.925576519916, 23950, 23750, 's', 0, 0, 0, 1590552461, 72806.46499999998, 30528, 23700, 23750, 214200, 23700, 268200, 23650, 19000, 23800, 8800, 23850, 195700, 23900, 270400, '2025-01-16 03:56:02']]
[2025-01-16T03:56:04.374+0000] {logging_mixin.py:190} INFO - <class 'list'>
[2025-01-16T03:56:04.374+0000] {logging_mixin.py:190} INFO - [['TCB', 25350, 22050, 23700, 'STOCK', 'HSX', '', 7045021622, 'STOCK', 8424683, 'Ngân hàng Thương mại Cổ phần Kỹ thương Việt Nam', 23700, '', '2025-01-16', 23750, 1000, 3052800, 72806, 23848.925576519916, 23950, 23750, 's', 0, 0, 0, 1590552461, 72806.46499999998, 30528, 23700, 23750, 214200, 23700, 268200, 23650, 19000, 23800, 8800, 23850, 195700, 23900, 270400, '2025-01-16 03:56:02']]
[2025-01-16T03:56:04.378+0000] {python.py:240} INFO - Done. Returned value was: None
[2025-01-16T03:56:04.385+0000] {taskinstance.py:340} INFO - ::group::Post task execution logs
[2025-01-16T03:56:04.386+0000] {taskinstance.py:352} INFO - Marking task as SUCCESS. dag_id=stock_information, task_id=append_to_database, run_id=scheduled__2025-01-16T03:55:00+00:00, execution_date=20250116T035500, start_date=20250116T035604, end_date=20250116T035604
[2025-01-16T03:56:04.417+0000] {local_task_job_runner.py:266} INFO - Task exited with return code 0
[2025-01-16T03:56:04.433+0000] {taskinstance.py:3895} INFO - 0 downstream tasks scheduled from follow-on schedule check
[2025-01-16T03:56:04.437+0000] {local_task_job_runner.py:245} INFO - ::endgroup::
