[2025-01-16T03:52:04.222+0000] {local_task_job_runner.py:123} INFO - ::group::Pre task execution logs
[2025-01-16T03:52:04.236+0000] {taskinstance.py:2613} INFO - Dependencies all met for dep_context=non-requeueable deps ti=<TaskInstance: stock_information.append_to_database scheduled__2025-01-16T03:51:00+00:00 [queued]>
[2025-01-16T03:52:04.243+0000] {taskinstance.py:2613} INFO - Dependencies all met for dep_context=requeueable deps ti=<TaskInstance: stock_information.append_to_database scheduled__2025-01-16T03:51:00+00:00 [queued]>
[2025-01-16T03:52:04.245+0000] {taskinstance.py:2866} INFO - Starting attempt 1 of 1
[2025-01-16T03:52:04.262+0000] {taskinstance.py:2889} INFO - Executing <Task(PythonOperator): append_to_database> on 2025-01-16 03:51:00+00:00
[2025-01-16T03:52:04.271+0000] {standard_task_runner.py:72} INFO - Started process 2440 to run task
[2025-01-16T03:52:04.274+0000] {standard_task_runner.py:104} INFO - Running: ['airflow', 'tasks', 'run', 'stock_information', 'append_to_database', 'scheduled__2025-01-16T03:51:00+00:00', '--job-id', '1573', '--raw', '--subdir', 'DAGS_FOLDER/vnstock_stream.py', '--cfg-path', '/tmp/tmpua3boi5f']
[2025-01-16T03:52:04.278+0000] {standard_task_runner.py:105} INFO - Job 1573: Subtask append_to_database
[2025-01-16T03:52:04.329+0000] {task_command.py:467} INFO - Running <TaskInstance: stock_information.append_to_database scheduled__2025-01-16T03:51:00+00:00 [running]> on host 453ac4defedc
[2025-01-16T03:52:04.420+0000] {taskinstance.py:3132} INFO - Exporting env vars: AIRFLOW_CTX_DAG_OWNER='TuanDz' AIRFLOW_CTX_DAG_ID='stock_information' AIRFLOW_CTX_TASK_ID='append_to_database' AIRFLOW_CTX_EXECUTION_DATE='2025-01-16T03:51:00+00:00' AIRFLOW_CTX_TRY_NUMBER='1' AIRFLOW_CTX_DAG_RUN_ID='scheduled__2025-01-16T03:51:00+00:00'
[2025-01-16T03:52:04.424+0000] {taskinstance.py:731} INFO - ::endgroup::
[2025-01-16T03:52:04.482+0000] {logging_mixin.py:190} INFO - Kết nối thành công!
[2025-01-16T03:52:04.484+0000] {logging_mixin.py:190} INFO - <class 'str'>
[2025-01-16T03:52:04.484+0000] {logging_mixin.py:190} INFO - [['TCB', 25350, 22050, 23700, 'STOCK', 'HSX', '', 7045021622, 'STOCK', 8424683, 'Ngân hàng Thương mại Cổ phần Kỹ thương Việt Nam', 23700, '', '2025-01-16', 23750, 1000, 3026300, 72177, 23849.915738690812, 23950, 23750, 's', 0, 0, 0, 1590552461, 72177.08999999998, 30263, 23700, 23750, 232800, 23700, 261600, 23650, 29000, 23800, 17500, 23850, 195700, 23900, 270400, '2025-01-16 03:52:02']]
[2025-01-16T03:52:04.485+0000] {logging_mixin.py:190} INFO - <class 'list'>
[2025-01-16T03:52:04.486+0000] {logging_mixin.py:190} INFO - [['TCB', 25350, 22050, 23700, 'STOCK', 'HSX', '', 7045021622, 'STOCK', 8424683, 'Ngân hàng Thương mại Cổ phần Kỹ thương Việt Nam', 23700, '', '2025-01-16', 23750, 1000, 3026300, 72177, 23849.915738690812, 23950, 23750, 's', 0, 0, 0, 1590552461, 72177.08999999998, 30263, 23700, 23750, 232800, 23700, 261600, 23650, 29000, 23800, 17500, 23850, 195700, 23900, 270400, '2025-01-16 03:52:02']]
[2025-01-16T03:52:04.490+0000] {python.py:240} INFO - Done. Returned value was: None
[2025-01-16T03:52:04.497+0000] {taskinstance.py:340} INFO - ::group::Post task execution logs
[2025-01-16T03:52:04.498+0000] {taskinstance.py:352} INFO - Marking task as SUCCESS. dag_id=stock_information, task_id=append_to_database, run_id=scheduled__2025-01-16T03:51:00+00:00, execution_date=20250116T035100, start_date=20250116T035204, end_date=20250116T035204
[2025-01-16T03:52:04.531+0000] {local_task_job_runner.py:266} INFO - Task exited with return code 0
[2025-01-16T03:52:04.548+0000] {taskinstance.py:3895} INFO - 0 downstream tasks scheduled from follow-on schedule check
[2025-01-16T03:52:04.553+0000] {local_task_job_runner.py:245} INFO - ::endgroup::
