[2025-01-16T03:11:03.755+0000] {local_task_job_runner.py:123} INFO - ::group::Pre task execution logs
[2025-01-16T03:11:03.768+0000] {taskinstance.py:2613} INFO - Dependencies all met for dep_context=non-requeueable deps ti=<TaskInstance: stock_information.append_to_database scheduled__2025-01-16T03:10:00+00:00 [queued]>
[2025-01-16T03:11:03.778+0000] {taskinstance.py:2613} INFO - Dependencies all met for dep_context=requeueable deps ti=<TaskInstance: stock_information.append_to_database scheduled__2025-01-16T03:10:00+00:00 [queued]>
[2025-01-16T03:11:03.780+0000] {taskinstance.py:2866} INFO - Starting attempt 1 of 1
[2025-01-16T03:11:03.796+0000] {taskinstance.py:2889} INFO - Executing <Task(PythonOperator): append_to_database> on 2025-01-16 03:10:00+00:00
[2025-01-16T03:11:03.804+0000] {standard_task_runner.py:72} INFO - Started process 1237 to run task
[2025-01-16T03:11:03.808+0000] {standard_task_runner.py:104} INFO - Running: ['airflow', 'tasks', 'run', 'stock_information', 'append_to_database', 'scheduled__2025-01-16T03:10:00+00:00', '--job-id', '1491', '--raw', '--subdir', 'DAGS_FOLDER/vnstock_stream.py', '--cfg-path', '/tmp/tmpwdcbotda']
[2025-01-16T03:11:03.813+0000] {standard_task_runner.py:105} INFO - Job 1491: Subtask append_to_database
[2025-01-16T03:11:03.859+0000] {task_command.py:467} INFO - Running <TaskInstance: stock_information.append_to_database scheduled__2025-01-16T03:10:00+00:00 [running]> on host 453ac4defedc
[2025-01-16T03:11:03.948+0000] {taskinstance.py:3132} INFO - Exporting env vars: AIRFLOW_CTX_DAG_OWNER='TuanDz' AIRFLOW_CTX_DAG_ID='stock_information' AIRFLOW_CTX_TASK_ID='append_to_database' AIRFLOW_CTX_EXECUTION_DATE='2025-01-16T03:10:00+00:00' AIRFLOW_CTX_TRY_NUMBER='1' AIRFLOW_CTX_DAG_RUN_ID='scheduled__2025-01-16T03:10:00+00:00'
[2025-01-16T03:11:03.951+0000] {taskinstance.py:731} INFO - ::endgroup::
[2025-01-16T03:11:03.997+0000] {logging_mixin.py:190} INFO - Kết nối thành công!
[2025-01-16T03:11:03.998+0000] {logging_mixin.py:190} INFO - <class 'str'>
[2025-01-16T03:11:03.998+0000] {logging_mixin.py:190} INFO - [['TCB', 25350, 22050, 23700, 'STOCK', 'HSX', '', 7045021622, 'STOCK', 8424683, 'Ngân hàng Thương mại Cổ phần Kỹ thương Việt Nam', 23700, '', '2025-01-16', 23850, 600, 2230800, 53246, 23868.56733010579, 23950, 23800, 's', 0, 0, 0, 1590552461, 53246.99499999989, 22308, 23700, 23850, 400, 23800, 288000, 23750, 262600, 23900, 242200, 23950, 243200, 24000, 742900, '2025-01-16 03:11:02']]
[2025-01-16T03:11:03.999+0000] {logging_mixin.py:190} INFO - <class 'list'>
[2025-01-16T03:11:04.000+0000] {logging_mixin.py:190} INFO - [['TCB', 25350, 22050, 23700, 'STOCK', 'HSX', '', 7045021622, 'STOCK', 8424683, 'Ngân hàng Thương mại Cổ phần Kỹ thương Việt Nam', 23700, '', '2025-01-16', 23850, 600, 2230800, 53246, 23868.56733010579, 23950, 23800, 's', 0, 0, 0, 1590552461, 53246.99499999989, 22308, 23700, 23850, 400, 23800, 288000, 23750, 262600, 23900, 242200, 23950, 243200, 24000, 742900, '2025-01-16 03:11:02']]
[2025-01-16T03:11:04.005+0000] {python.py:240} INFO - Done. Returned value was: None
[2025-01-16T03:11:04.014+0000] {taskinstance.py:340} INFO - ::group::Post task execution logs
[2025-01-16T03:11:04.015+0000] {taskinstance.py:352} INFO - Marking task as SUCCESS. dag_id=stock_information, task_id=append_to_database, run_id=scheduled__2025-01-16T03:10:00+00:00, execution_date=20250116T031000, start_date=20250116T031103, end_date=20250116T031104
[2025-01-16T03:11:04.066+0000] {local_task_job_runner.py:266} INFO - Task exited with return code 0
[2025-01-16T03:11:04.080+0000] {taskinstance.py:3895} INFO - 0 downstream tasks scheduled from follow-on schedule check
[2025-01-16T03:11:04.084+0000] {local_task_job_runner.py:245} INFO - ::endgroup::
