[2025-01-16T03:03:04.001+0000] {local_task_job_runner.py:123} INFO - ::group::Pre task execution logs
[2025-01-16T03:03:04.015+0000] {taskinstance.py:2613} INFO - Dependencies all met for dep_context=non-requeueable deps ti=<TaskInstance: stock_information.append_to_database scheduled__2025-01-16T03:02:00+00:00 [queued]>
[2025-01-16T03:03:04.022+0000] {taskinstance.py:2613} INFO - Dependencies all met for dep_context=requeueable deps ti=<TaskInstance: stock_information.append_to_database scheduled__2025-01-16T03:02:00+00:00 [queued]>
[2025-01-16T03:03:04.024+0000] {taskinstance.py:2866} INFO - Starting attempt 1 of 1
[2025-01-16T03:03:04.040+0000] {taskinstance.py:2889} INFO - Executing <Task(PythonOperator): append_to_database> on 2025-01-16 03:02:00+00:00
[2025-01-16T03:03:04.046+0000] {standard_task_runner.py:72} INFO - Started process 999 to run task
[2025-01-16T03:03:04.049+0000] {standard_task_runner.py:104} INFO - Running: ['airflow', 'tasks', 'run', 'stock_information', 'append_to_database', 'scheduled__2025-01-16T03:02:00+00:00', '--job-id', '1475', '--raw', '--subdir', 'DAGS_FOLDER/vnstock_stream.py', '--cfg-path', '/tmp/tmpw1b5r3_e']
[2025-01-16T03:03:04.052+0000] {standard_task_runner.py:105} INFO - Job 1475: Subtask append_to_database
[2025-01-16T03:03:04.098+0000] {task_command.py:467} INFO - Running <TaskInstance: stock_information.append_to_database scheduled__2025-01-16T03:02:00+00:00 [running]> on host 453ac4defedc
[2025-01-16T03:03:04.179+0000] {taskinstance.py:3132} INFO - Exporting env vars: AIRFLOW_CTX_DAG_OWNER='TuanDz' AIRFLOW_CTX_DAG_ID='stock_information' AIRFLOW_CTX_TASK_ID='append_to_database' AIRFLOW_CTX_EXECUTION_DATE='2025-01-16T03:02:00+00:00' AIRFLOW_CTX_TRY_NUMBER='1' AIRFLOW_CTX_DAG_RUN_ID='scheduled__2025-01-16T03:02:00+00:00'
[2025-01-16T03:03:04.182+0000] {taskinstance.py:731} INFO - ::endgroup::
[2025-01-16T03:03:04.235+0000] {logging_mixin.py:190} INFO - Kết nối thành công!
[2025-01-16T03:03:04.236+0000] {logging_mixin.py:190} INFO - <class 'str'>
[2025-01-16T03:03:04.236+0000] {logging_mixin.py:190} INFO - [['TCB', 25350, 22050, 23700, 'STOCK', 'HSX', '', 7045021622, 'STOCK', 8424683, 'Ngân hàng Thương mại Cổ phần Kỹ thương Việt Nam', 23700, '', '2025-01-16', 23850, 100, 2128500, 50807, 23869.861404745126, 23950, 23800, 's', 0, 0, 0, 1590552461, 50807.139999999956, 21285, 23700, 23850, 9700, 23800, 270000, 23750, 260200, 23900, 233200, 23950, 253400, 24000, 710300, '2025-01-16 03:03:02']]
[2025-01-16T03:03:04.237+0000] {logging_mixin.py:190} INFO - <class 'list'>
[2025-01-16T03:03:04.238+0000] {logging_mixin.py:190} INFO - [['TCB', 25350, 22050, 23700, 'STOCK', 'HSX', '', 7045021622, 'STOCK', 8424683, 'Ngân hàng Thương mại Cổ phần Kỹ thương Việt Nam', 23700, '', '2025-01-16', 23850, 100, 2128500, 50807, 23869.861404745126, 23950, 23800, 's', 0, 0, 0, 1590552461, 50807.139999999956, 21285, 23700, 23850, 9700, 23800, 270000, 23750, 260200, 23900, 233200, 23950, 253400, 24000, 710300, '2025-01-16 03:03:02']]
[2025-01-16T03:03:04.245+0000] {python.py:240} INFO - Done. Returned value was: None
[2025-01-16T03:03:04.252+0000] {taskinstance.py:340} INFO - ::group::Post task execution logs
[2025-01-16T03:03:04.253+0000] {taskinstance.py:352} INFO - Marking task as SUCCESS. dag_id=stock_information, task_id=append_to_database, run_id=scheduled__2025-01-16T03:02:00+00:00, execution_date=20250116T030200, start_date=20250116T030304, end_date=20250116T030304
[2025-01-16T03:03:04.305+0000] {local_task_job_runner.py:266} INFO - Task exited with return code 0
[2025-01-16T03:03:04.318+0000] {taskinstance.py:3895} INFO - 0 downstream tasks scheduled from follow-on schedule check
[2025-01-16T03:03:04.322+0000] {local_task_job_runner.py:245} INFO - ::endgroup::
