[2025-01-15T06:17:04.659+0000] {local_task_job_runner.py:123} INFO - ::group::Pre task execution logs
[2025-01-15T06:17:04.672+0000] {taskinstance.py:2613} INFO - Dependencies all met for dep_context=non-requeueable deps ti=<TaskInstance: stock_information.append_to_database scheduled__2025-01-15T06:16:00+00:00 [queued]>
[2025-01-15T06:17:04.680+0000] {taskinstance.py:2613} INFO - Dependencies all met for dep_context=requeueable deps ti=<TaskInstance: stock_information.append_to_database scheduled__2025-01-15T06:16:00+00:00 [queued]>
[2025-01-15T06:17:04.682+0000] {taskinstance.py:2866} INFO - Starting attempt 1 of 1
[2025-01-15T06:17:04.694+0000] {taskinstance.py:2889} INFO - Executing <Task(PythonOperator): append_to_database> on 2025-01-15 06:16:00+00:00
[2025-01-15T06:17:04.700+0000] {standard_task_runner.py:72} INFO - Started process 6683 to run task
[2025-01-15T06:17:04.703+0000] {standard_task_runner.py:104} INFO - Running: ['airflow', 'tasks', 'run', 'stock_information', 'append_to_database', 'scheduled__2025-01-15T06:16:00+00:00', '--job-id', '966', '--raw', '--subdir', 'DAGS_FOLDER/vnstock_stream.py', '--cfg-path', '/tmp/tmpo5q9ov12']
[2025-01-15T06:17:04.705+0000] {standard_task_runner.py:105} INFO - Job 966: Subtask append_to_database
[2025-01-15T06:17:04.756+0000] {task_command.py:467} INFO - Running <TaskInstance: stock_information.append_to_database scheduled__2025-01-15T06:16:00+00:00 [running]> on host 453ac4defedc
[2025-01-15T06:17:04.854+0000] {taskinstance.py:3132} INFO - Exporting env vars: AIRFLOW_CTX_DAG_OWNER='TuanDz' AIRFLOW_CTX_DAG_ID='stock_information' AIRFLOW_CTX_TASK_ID='append_to_database' AIRFLOW_CTX_EXECUTION_DATE='2025-01-15T06:16:00+00:00' AIRFLOW_CTX_TRY_NUMBER='1' AIRFLOW_CTX_DAG_RUN_ID='scheduled__2025-01-15T06:16:00+00:00'
[2025-01-15T06:17:04.858+0000] {taskinstance.py:731} INFO - ::endgroup::
[2025-01-15T06:17:04.922+0000] {logging_mixin.py:190} INFO - Kết nối thành công!
[2025-01-15T06:17:04.925+0000] {logging_mixin.py:190} INFO - <class 'str'>
[2025-01-15T06:17:04.928+0000] {logging_mixin.py:190} INFO - [['TCB', 25250, 21950, 23600, 'STOCK', 'HSX', '', 7045021622, 'STOCK', 8424683, 'Ngân hàng Thương mại Cổ phần Kỹ thương Việt Nam', 23600, '', '2025-01-15', 23850, 2200, 3226000, 76777, 23799.44203347799, 23900, 23650, 's', 156700, 156700, 0, 1590552461, 76777.13499999978, 32260, 23600, 23850, 143000, 23800, 126300, 23750, 283900, 23900, 105000, 23950, 242200, 24000, 748700, '2025-01-15 06:17:02']]
[2025-01-15T06:17:04.931+0000] {logging_mixin.py:190} INFO - <class 'list'>
[2025-01-15T06:17:04.934+0000] {logging_mixin.py:190} INFO - [['TCB', 25250, 21950, 23600, 'STOCK', 'HSX', '', 7045021622, 'STOCK', 8424683, 'Ngân hàng Thương mại Cổ phần Kỹ thương Việt Nam', 23600, '', '2025-01-15', 23850, 2200, 3226000, 76777, 23799.44203347799, 23900, 23650, 's', 156700, 156700, 0, 1590552461, 76777.13499999978, 32260, 23600, 23850, 143000, 23800, 126300, 23750, 283900, 23900, 105000, 23950, 242200, 24000, 748700, '2025-01-15 06:17:02']]
[2025-01-15T06:17:04.942+0000] {python.py:240} INFO - Done. Returned value was: None
[2025-01-15T06:17:04.950+0000] {taskinstance.py:340} INFO - ::group::Post task execution logs
[2025-01-15T06:17:04.951+0000] {taskinstance.py:352} INFO - Marking task as SUCCESS. dag_id=stock_information, task_id=append_to_database, run_id=scheduled__2025-01-15T06:16:00+00:00, execution_date=20250115T061600, start_date=20250115T061704, end_date=20250115T061704
[2025-01-15T06:17:04.999+0000] {local_task_job_runner.py:266} INFO - Task exited with return code 0
[2025-01-15T06:17:05.019+0000] {taskinstance.py:3895} INFO - 0 downstream tasks scheduled from follow-on schedule check
[2025-01-15T06:17:05.025+0000] {local_task_job_runner.py:245} INFO - ::endgroup::
