[2025-01-16T07:16:04.296+0000] {local_task_job_runner.py:123} INFO - ::group::Pre task execution logs
[2025-01-16T07:16:04.310+0000] {taskinstance.py:2613} INFO - Dependencies all met for dep_context=non-requeueable deps ti=<TaskInstance: stock_information.append_to_database scheduled__2025-01-16T07:15:00+00:00 [queued]>
[2025-01-16T07:16:04.318+0000] {taskinstance.py:2613} INFO - Dependencies all met for dep_context=requeueable deps ti=<TaskInstance: stock_information.append_to_database scheduled__2025-01-16T07:15:00+00:00 [queued]>
[2025-01-16T07:16:04.320+0000] {taskinstance.py:2866} INFO - Starting attempt 1 of 1
[2025-01-16T07:16:04.332+0000] {taskinstance.py:2889} INFO - Executing <Task(PythonOperator): append_to_database> on 2025-01-16 07:15:00+00:00
[2025-01-16T07:16:04.339+0000] {standard_task_runner.py:72} INFO - Started process 8416 to run task
[2025-01-16T07:16:04.342+0000] {standard_task_runner.py:104} INFO - Running: ['airflow', 'tasks', 'run', 'stock_information', 'append_to_database', 'scheduled__2025-01-16T07:15:00+00:00', '--job-id', '1981', '--raw', '--subdir', 'DAGS_FOLDER/vnstock_stream.py', '--cfg-path', '/tmp/tmpc31dee2_']
[2025-01-16T07:16:04.345+0000] {standard_task_runner.py:105} INFO - Job 1981: Subtask append_to_database
[2025-01-16T07:16:04.386+0000] {task_command.py:467} INFO - Running <TaskInstance: stock_information.append_to_database scheduled__2025-01-16T07:15:00+00:00 [running]> on host 453ac4defedc
[2025-01-16T07:16:04.468+0000] {taskinstance.py:3132} INFO - Exporting env vars: AIRFLOW_CTX_DAG_OWNER='TuanDz' AIRFLOW_CTX_DAG_ID='stock_information' AIRFLOW_CTX_TASK_ID='append_to_database' AIRFLOW_CTX_EXECUTION_DATE='2025-01-16T07:15:00+00:00' AIRFLOW_CTX_TRY_NUMBER='1' AIRFLOW_CTX_DAG_RUN_ID='scheduled__2025-01-16T07:15:00+00:00'
[2025-01-16T07:16:04.470+0000] {taskinstance.py:731} INFO - ::endgroup::
[2025-01-16T07:16:04.542+0000] {logging_mixin.py:190} INFO - Kết nối thành công!
[2025-01-16T07:16:04.543+0000] {logging_mixin.py:190} INFO - <class 'str'>
[2025-01-16T07:16:04.543+0000] {logging_mixin.py:190} INFO - [['TCB', 25350, 22050, 23700, 'STOCK', 'HSX', '', 7045021622, 'STOCK', 8424683, 'Ngân hàng Thương mại Cổ phần Kỹ thương Việt Nam', 23700, '', '2025-01-16', 23750, 1600, 4892600, 116523, 23816.17136083064, 23950, 23700, 'b', 0, 20000, 0, 1590552461, 116523.04499999998, 48926, 23700, 23700, 215800, 23650, 105200, 23600, 147200, 23750, 3400, 23850, 175500, 23900, 317500, '2025-01-16 07:16:02']]
[2025-01-16T07:16:04.544+0000] {logging_mixin.py:190} INFO - <class 'list'>
[2025-01-16T07:16:04.544+0000] {logging_mixin.py:190} INFO - [['TCB', 25350, 22050, 23700, 'STOCK', 'HSX', '', 7045021622, 'STOCK', 8424683, 'Ngân hàng Thương mại Cổ phần Kỹ thương Việt Nam', 23700, '', '2025-01-16', 23750, 1600, 4892600, 116523, 23816.17136083064, 23950, 23700, 'b', 0, 20000, 0, 1590552461, 116523.04499999998, 48926, 23700, 23700, 215800, 23650, 105200, 23600, 147200, 23750, 3400, 23850, 175500, 23900, 317500, '2025-01-16 07:16:02']]
[2025-01-16T07:16:04.552+0000] {python.py:240} INFO - Done. Returned value was: None
[2025-01-16T07:16:04.561+0000] {taskinstance.py:340} INFO - ::group::Post task execution logs
[2025-01-16T07:16:04.562+0000] {taskinstance.py:352} INFO - Marking task as SUCCESS. dag_id=stock_information, task_id=append_to_database, run_id=scheduled__2025-01-16T07:15:00+00:00, execution_date=20250116T071500, start_date=20250116T071604, end_date=20250116T071604
[2025-01-16T07:16:04.598+0000] {local_task_job_runner.py:266} INFO - Task exited with return code 0
[2025-01-16T07:16:04.612+0000] {taskinstance.py:3895} INFO - 0 downstream tasks scheduled from follow-on schedule check
[2025-01-16T07:16:04.618+0000] {local_task_job_runner.py:245} INFO - ::endgroup::
