[2025-01-15T06:08:06.391+0000] {local_task_job_runner.py:123} INFO - ::group::Pre task execution logs
[2025-01-15T06:08:06.403+0000] {taskinstance.py:2613} INFO - Dependencies all met for dep_context=non-requeueable deps ti=<TaskInstance: stock_information.append_to_database scheduled__2025-01-15T06:07:00+00:00 [queued]>
[2025-01-15T06:08:06.412+0000] {taskinstance.py:2613} INFO - Dependencies all met for dep_context=requeueable deps ti=<TaskInstance: stock_information.append_to_database scheduled__2025-01-15T06:07:00+00:00 [queued]>
[2025-01-15T06:08:06.414+0000] {taskinstance.py:2866} INFO - Starting attempt 1 of 1
[2025-01-15T06:08:06.426+0000] {taskinstance.py:2889} INFO - Executing <Task(PythonOperator): append_to_database> on 2025-01-15 06:07:00+00:00
[2025-01-15T06:08:06.433+0000] {standard_task_runner.py:72} INFO - Started process 6430 to run task
[2025-01-15T06:08:06.436+0000] {standard_task_runner.py:104} INFO - Running: ['airflow', 'tasks', 'run', 'stock_information', 'append_to_database', 'scheduled__2025-01-15T06:07:00+00:00', '--job-id', '948', '--raw', '--subdir', 'DAGS_FOLDER/vnstock_stream.py', '--cfg-path', '/tmp/tmp4mk3wkq4']
[2025-01-15T06:08:06.439+0000] {standard_task_runner.py:105} INFO - Job 948: Subtask append_to_database
[2025-01-15T06:08:06.479+0000] {task_command.py:467} INFO - Running <TaskInstance: stock_information.append_to_database scheduled__2025-01-15T06:07:00+00:00 [running]> on host 453ac4defedc
[2025-01-15T06:08:06.558+0000] {taskinstance.py:3132} INFO - Exporting env vars: AIRFLOW_CTX_DAG_OWNER='TuanDz' AIRFLOW_CTX_DAG_ID='stock_information' AIRFLOW_CTX_TASK_ID='append_to_database' AIRFLOW_CTX_EXECUTION_DATE='2025-01-15T06:07:00+00:00' AIRFLOW_CTX_TRY_NUMBER='1' AIRFLOW_CTX_DAG_RUN_ID='scheduled__2025-01-15T06:07:00+00:00'
[2025-01-15T06:08:06.560+0000] {taskinstance.py:731} INFO - ::endgroup::
[2025-01-15T06:08:06.594+0000] {logging_mixin.py:190} INFO - Kết nối thành công!
[2025-01-15T06:08:06.595+0000] {logging_mixin.py:190} INFO - <class 'str'>
[2025-01-15T06:08:06.596+0000] {logging_mixin.py:190} INFO - [['TCB', 25250, 21950, 23600, 'STOCK', 'HSX', '', 7045021622, 'STOCK', 8424683, 'Ngân hàng Thương mại Cổ phần Kỹ thương Việt Nam', 23600, '', '2025-01-15', 23900, 500, 2868500, 68237, 23788.39114519784, 23900, 23650, 'b', 156700, 156700, 0, 1590552461, 68237.40499999982, 28685, 23600, 23850, 125800, 23800, 99400, 23750, 281000, 23900, 1100, 23950, 215600, 24000, 825500, '2025-01-15 06:08:02']]
[2025-01-15T06:08:06.597+0000] {logging_mixin.py:190} INFO - <class 'list'>
[2025-01-15T06:08:06.598+0000] {logging_mixin.py:190} INFO - [['TCB', 25250, 21950, 23600, 'STOCK', 'HSX', '', 7045021622, 'STOCK', 8424683, 'Ngân hàng Thương mại Cổ phần Kỹ thương Việt Nam', 23600, '', '2025-01-15', 23900, 500, 2868500, 68237, 23788.39114519784, 23900, 23650, 'b', 156700, 156700, 0, 1590552461, 68237.40499999982, 28685, 23600, 23850, 125800, 23800, 99400, 23750, 281000, 23900, 1100, 23950, 215600, 24000, 825500, '2025-01-15 06:08:02']]
[2025-01-15T06:08:06.600+0000] {python.py:240} INFO - Done. Returned value was: None
[2025-01-15T06:08:06.608+0000] {taskinstance.py:340} INFO - ::group::Post task execution logs
[2025-01-15T06:08:06.609+0000] {taskinstance.py:352} INFO - Marking task as SUCCESS. dag_id=stock_information, task_id=append_to_database, run_id=scheduled__2025-01-15T06:07:00+00:00, execution_date=20250115T060700, start_date=20250115T060806, end_date=20250115T060806
[2025-01-15T06:08:06.651+0000] {local_task_job_runner.py:266} INFO - Task exited with return code 0
[2025-01-15T06:08:06.665+0000] {taskinstance.py:3895} INFO - 0 downstream tasks scheduled from follow-on schedule check
[2025-01-15T06:08:06.670+0000] {local_task_job_runner.py:245} INFO - ::endgroup::
