[2025-01-15T06:02:05.727+0000] {local_task_job_runner.py:123} INFO - ::group::Pre task execution logs
[2025-01-15T06:02:05.740+0000] {taskinstance.py:2613} INFO - Dependencies all met for dep_context=non-requeueable deps ti=<TaskInstance: stock_information.append_to_database scheduled__2025-01-15T06:01:00+00:00 [queued]>
[2025-01-15T06:02:05.748+0000] {taskinstance.py:2613} INFO - Dependencies all met for dep_context=requeueable deps ti=<TaskInstance: stock_information.append_to_database scheduled__2025-01-15T06:01:00+00:00 [queued]>
[2025-01-15T06:02:05.749+0000] {taskinstance.py:2866} INFO - Starting attempt 1 of 1
[2025-01-15T06:02:05.762+0000] {taskinstance.py:2889} INFO - Executing <Task(PythonOperator): append_to_database> on 2025-01-15 06:01:00+00:00
[2025-01-15T06:02:05.769+0000] {standard_task_runner.py:72} INFO - Started process 6253 to run task
[2025-01-15T06:02:05.771+0000] {standard_task_runner.py:104} INFO - Running: ['airflow', 'tasks', 'run', 'stock_information', 'append_to_database', 'scheduled__2025-01-15T06:01:00+00:00', '--job-id', '936', '--raw', '--subdir', 'DAGS_FOLDER/vnstock_stream.py', '--cfg-path', '/tmp/tmp_tafpokc']
[2025-01-15T06:02:05.774+0000] {standard_task_runner.py:105} INFO - Job 936: Subtask append_to_database
[2025-01-15T06:02:05.812+0000] {task_command.py:467} INFO - Running <TaskInstance: stock_information.append_to_database scheduled__2025-01-15T06:01:00+00:00 [running]> on host 453ac4defedc
[2025-01-15T06:02:05.894+0000] {taskinstance.py:3132} INFO - Exporting env vars: AIRFLOW_CTX_DAG_OWNER='TuanDz' AIRFLOW_CTX_DAG_ID='stock_information' AIRFLOW_CTX_TASK_ID='append_to_database' AIRFLOW_CTX_EXECUTION_DATE='2025-01-15T06:01:00+00:00' AIRFLOW_CTX_TRY_NUMBER='1' AIRFLOW_CTX_DAG_RUN_ID='scheduled__2025-01-15T06:01:00+00:00'
[2025-01-15T06:02:05.896+0000] {taskinstance.py:731} INFO - ::endgroup::
[2025-01-15T06:02:05.935+0000] {logging_mixin.py:190} INFO - Kết nối thành công!
[2025-01-15T06:02:05.936+0000] {logging_mixin.py:190} INFO - <class 'str'>
[2025-01-15T06:02:05.938+0000] {logging_mixin.py:190} INFO - [['TCB', 25250, 21950, 23600, 'STOCK', 'HSX', '', 7045021622, 'STOCK', 8424683, 'Ngân hàng Thương mại Cổ phần Kỹ thương Việt Nam', 23600, '', '2025-01-15', 23850, 100, 2576100, 61251, 23776.63910562478, 23900, 23650, 's', 0, 0, 0, 1590552461, 61251.54499999996, 25761, 23600, 23850, 49900, 23800, 97400, 23750, 281500, 23900, 141600, 23950, 194700, 24000, 798800, '2025-01-15 06:02:03']]
[2025-01-15T06:02:05.939+0000] {logging_mixin.py:190} INFO - <class 'list'>
[2025-01-15T06:02:05.940+0000] {logging_mixin.py:190} INFO - [['TCB', 25250, 21950, 23600, 'STOCK', 'HSX', '', 7045021622, 'STOCK', 8424683, 'Ngân hàng Thương mại Cổ phần Kỹ thương Việt Nam', 23600, '', '2025-01-15', 23850, 100, 2576100, 61251, 23776.63910562478, 23900, 23650, 's', 0, 0, 0, 1590552461, 61251.54499999996, 25761, 23600, 23850, 49900, 23800, 97400, 23750, 281500, 23900, 141600, 23950, 194700, 24000, 798800, '2025-01-15 06:02:03']]
[2025-01-15T06:02:05.943+0000] {python.py:240} INFO - Done. Returned value was: None
[2025-01-15T06:02:05.950+0000] {taskinstance.py:340} INFO - ::group::Post task execution logs
[2025-01-15T06:02:05.952+0000] {taskinstance.py:352} INFO - Marking task as SUCCESS. dag_id=stock_information, task_id=append_to_database, run_id=scheduled__2025-01-15T06:01:00+00:00, execution_date=20250115T060100, start_date=20250115T060205, end_date=20250115T060205
[2025-01-15T06:02:05.987+0000] {local_task_job_runner.py:266} INFO - Task exited with return code 0
[2025-01-15T06:02:06.000+0000] {taskinstance.py:3895} INFO - 0 downstream tasks scheduled from follow-on schedule check
[2025-01-15T06:02:06.005+0000] {local_task_job_runner.py:245} INFO - ::endgroup::
