[2025-01-16T02:57:03.822+0000] {local_task_job_runner.py:123} INFO - ::group::Pre task execution logs
[2025-01-16T02:57:03.835+0000] {taskinstance.py:2613} INFO - Dependencies all met for dep_context=non-requeueable deps ti=<TaskInstance: stock_information.append_to_database scheduled__2025-01-16T02:56:00+00:00 [queued]>
[2025-01-16T02:57:03.843+0000] {taskinstance.py:2613} INFO - Dependencies all met for dep_context=requeueable deps ti=<TaskInstance: stock_information.append_to_database scheduled__2025-01-16T02:56:00+00:00 [queued]>
[2025-01-16T02:57:03.845+0000] {taskinstance.py:2866} INFO - Starting attempt 1 of 1
[2025-01-16T02:57:03.858+0000] {taskinstance.py:2889} INFO - Executing <Task(PythonOperator): append_to_database> on 2025-01-16 02:56:00+00:00
[2025-01-16T02:57:03.864+0000] {standard_task_runner.py:72} INFO - Started process 825 to run task
[2025-01-16T02:57:03.867+0000] {standard_task_runner.py:104} INFO - Running: ['airflow', 'tasks', 'run', 'stock_information', 'append_to_database', 'scheduled__2025-01-16T02:56:00+00:00', '--job-id', '1463', '--raw', '--subdir', 'DAGS_FOLDER/vnstock_stream.py', '--cfg-path', '/tmp/tmpfka4s4ob']
[2025-01-16T02:57:03.870+0000] {standard_task_runner.py:105} INFO - Job 1463: Subtask append_to_database
[2025-01-16T02:57:03.911+0000] {task_command.py:467} INFO - Running <TaskInstance: stock_information.append_to_database scheduled__2025-01-16T02:56:00+00:00 [running]> on host 453ac4defedc
[2025-01-16T02:57:03.990+0000] {taskinstance.py:3132} INFO - Exporting env vars: AIRFLOW_CTX_DAG_OWNER='TuanDz' AIRFLOW_CTX_DAG_ID='stock_information' AIRFLOW_CTX_TASK_ID='append_to_database' AIRFLOW_CTX_EXECUTION_DATE='2025-01-16T02:56:00+00:00' AIRFLOW_CTX_TRY_NUMBER='1' AIRFLOW_CTX_DAG_RUN_ID='scheduled__2025-01-16T02:56:00+00:00'
[2025-01-16T02:57:03.992+0000] {taskinstance.py:731} INFO - ::endgroup::
[2025-01-16T02:57:04.040+0000] {logging_mixin.py:190} INFO - Kết nối thành công!
[2025-01-16T02:57:04.042+0000] {logging_mixin.py:190} INFO - <class 'str'>
[2025-01-16T02:57:04.042+0000] {logging_mixin.py:190} INFO - [['TCB', 25350, 22050, 23700, 'STOCK', 'HSX', '', 7045021622, 'STOCK', 8424683, 'Ngân hàng Thương mại Cổ phần Kỹ thương Việt Nam', 23700, '', '2025-01-16', 23800, 1000, 2089400, 49875, 23870.489135637024, 23950, 23800, 's', 0, 0, 0, 1590552461, 49875.41499999994, 20894, 23700, 23800, 233200, 23750, 227900, 23700, 219600, 23900, 139400, 23950, 235100, 24000, 653300, '2025-01-16 02:57:02']]
[2025-01-16T02:57:04.044+0000] {logging_mixin.py:190} INFO - <class 'list'>
[2025-01-16T02:57:04.044+0000] {logging_mixin.py:190} INFO - [['TCB', 25350, 22050, 23700, 'STOCK', 'HSX', '', 7045021622, 'STOCK', 8424683, 'Ngân hàng Thương mại Cổ phần Kỹ thương Việt Nam', 23700, '', '2025-01-16', 23800, 1000, 2089400, 49875, 23870.489135637024, 23950, 23800, 's', 0, 0, 0, 1590552461, 49875.41499999994, 20894, 23700, 23800, 233200, 23750, 227900, 23700, 219600, 23900, 139400, 23950, 235100, 24000, 653300, '2025-01-16 02:57:02']]
[2025-01-16T02:57:04.047+0000] {python.py:240} INFO - Done. Returned value was: None
[2025-01-16T02:57:04.054+0000] {taskinstance.py:340} INFO - ::group::Post task execution logs
[2025-01-16T02:57:04.055+0000] {taskinstance.py:352} INFO - Marking task as SUCCESS. dag_id=stock_information, task_id=append_to_database, run_id=scheduled__2025-01-16T02:56:00+00:00, execution_date=20250116T025600, start_date=20250116T025703, end_date=20250116T025704
[2025-01-16T02:57:04.082+0000] {local_task_job_runner.py:266} INFO - Task exited with return code 0
[2025-01-16T02:57:04.096+0000] {taskinstance.py:3895} INFO - 0 downstream tasks scheduled from follow-on schedule check
[2025-01-16T02:57:04.100+0000] {local_task_job_runner.py:245} INFO - ::endgroup::
