[2025-01-10T17:59:02.016+0000] {local_task_job_runner.py:123} INFO - ::group::Pre task execution logs
[2025-01-10T17:59:02.029+0000] {taskinstance.py:2613} INFO - Dependencies all met for dep_context=non-requeueable deps ti=<TaskInstance: stock_information.stream_data_from_api scheduled__2025-01-10T17:58:00+00:00 [queued]>
[2025-01-10T17:59:02.036+0000] {taskinstance.py:2613} INFO - Dependencies all met for dep_context=requeueable deps ti=<TaskInstance: stock_information.stream_data_from_api scheduled__2025-01-10T17:58:00+00:00 [queued]>
[2025-01-10T17:59:02.038+0000] {taskinstance.py:2866} INFO - Starting attempt 1 of 1
[2025-01-10T17:59:02.051+0000] {taskinstance.py:2889} INFO - Executing <Task(PythonOperator): stream_data_from_api> on 2025-01-10 17:58:00+00:00
[2025-01-10T17:59:02.058+0000] {standard_task_runner.py:72} INFO - Started process 2576 to run task
[2025-01-10T17:59:02.060+0000] {standard_task_runner.py:104} INFO - Running: ['airflow', 'tasks', 'run', 'stock_information', 'stream_data_from_api', 'scheduled__2025-01-10T17:58:00+00:00', '--job-id', '230', '--raw', '--subdir', 'DAGS_FOLDER/vnstock_stream.py', '--cfg-path', '/tmp/tmp0h5fx7ky']
[2025-01-10T17:59:02.062+0000] {standard_task_runner.py:105} INFO - Job 230: Subtask stream_data_from_api
[2025-01-10T17:59:02.099+0000] {task_command.py:467} INFO - Running <TaskInstance: stock_information.stream_data_from_api scheduled__2025-01-10T17:58:00+00:00 [running]> on host 453ac4defedc
[2025-01-10T17:59:02.165+0000] {taskinstance.py:3132} INFO - Exporting env vars: AIRFLOW_CTX_DAG_OWNER='TuanDz' AIRFLOW_CTX_DAG_ID='stock_information' AIRFLOW_CTX_TASK_ID='stream_data_from_api' AIRFLOW_CTX_EXECUTION_DATE='2025-01-10T17:58:00+00:00' AIRFLOW_CTX_TRY_NUMBER='1' AIRFLOW_CTX_DAG_RUN_ID='scheduled__2025-01-10T17:58:00+00:00'
[2025-01-10T17:59:02.167+0000] {taskinstance.py:731} INFO - ::endgroup::
[2025-01-10T17:59:02.536+0000] {data_explorer.py:64} WARNING - Thông tin niêm yết & giao dịch sẽ được truy xuất từ TCBS
[2025-01-10T17:59:02.809+0000] {python.py:240} INFO - Done. Returned value was:   symbol  ceiling  floor  ...  ask_3_price ask_3_volume                last_update
0    TCB    25600  22300  ...        23600        29000 2025-01-10 17:59:02.807764

[1 rows x 42 columns]
[2025-01-10T17:59:02.868+0000] {taskinstance.py:340} INFO - ::group::Post task execution logs
[2025-01-10T17:59:02.869+0000] {taskinstance.py:352} INFO - Marking task as SUCCESS. dag_id=stock_information, task_id=stream_data_from_api, run_id=scheduled__2025-01-10T17:58:00+00:00, execution_date=20250110T175800, start_date=20250110T175902, end_date=20250110T175902
[2025-01-10T17:59:02.921+0000] {local_task_job_runner.py:266} INFO - Task exited with return code 0
[2025-01-10T17:59:02.935+0000] {taskinstance.py:3895} INFO - 0 downstream tasks scheduled from follow-on schedule check
[2025-01-10T17:59:02.939+0000] {local_task_job_runner.py:245} INFO - ::endgroup::
