[2025-01-15T04:12:05.939+0000] {local_task_job_runner.py:123} INFO - ::group::Pre task execution logs
[2025-01-15T04:12:05.952+0000] {taskinstance.py:2613} INFO - Dependencies all met for dep_context=non-requeueable deps ti=<TaskInstance: stock_information.append_to_database scheduled__2025-01-15T04:11:00+00:00 [queued]>
[2025-01-15T04:12:05.960+0000] {taskinstance.py:2613} INFO - Dependencies all met for dep_context=requeueable deps ti=<TaskInstance: stock_information.append_to_database scheduled__2025-01-15T04:11:00+00:00 [queued]>
[2025-01-15T04:12:05.961+0000] {taskinstance.py:2866} INFO - Starting attempt 1 of 1
[2025-01-15T04:12:05.973+0000] {taskinstance.py:2889} INFO - Executing <Task(PythonOperator): append_to_database> on 2025-01-15 04:11:00+00:00
[2025-01-15T04:12:05.979+0000] {standard_task_runner.py:72} INFO - Started process 3067 to run task
[2025-01-15T04:12:05.982+0000] {standard_task_runner.py:104} INFO - Running: ['airflow', 'tasks', 'run', 'stock_information', 'append_to_database', 'scheduled__2025-01-15T04:11:00+00:00', '--job-id', '716', '--raw', '--subdir', 'DAGS_FOLDER/vnstock_stream.py', '--cfg-path', '/tmp/tmpiqn3teod']
[2025-01-15T04:12:05.985+0000] {standard_task_runner.py:105} INFO - Job 716: Subtask append_to_database
[2025-01-15T04:12:06.027+0000] {task_command.py:467} INFO - Running <TaskInstance: stock_information.append_to_database scheduled__2025-01-15T04:11:00+00:00 [running]> on host 453ac4defedc
[2025-01-15T04:12:06.107+0000] {taskinstance.py:3132} INFO - Exporting env vars: AIRFLOW_CTX_DAG_OWNER='TuanDz' AIRFLOW_CTX_DAG_ID='stock_information' AIRFLOW_CTX_TASK_ID='append_to_database' AIRFLOW_CTX_EXECUTION_DATE='2025-01-15T04:11:00+00:00' AIRFLOW_CTX_TRY_NUMBER='1' AIRFLOW_CTX_DAG_RUN_ID='scheduled__2025-01-15T04:11:00+00:00'
[2025-01-15T04:12:06.109+0000] {taskinstance.py:731} INFO - ::endgroup::
[2025-01-15T04:12:06.143+0000] {logging_mixin.py:190} INFO - Kết nối thành công!
[2025-01-15T04:12:06.144+0000] {logging_mixin.py:190} INFO - <class 'str'>
[2025-01-15T04:12:06.144+0000] {logging_mixin.py:190} INFO - [['TCB', 25250, 21950, 23600, 'STOCK', 'HSX', '', 7045021622, 'STOCK', 8424683, 'Ngân hàng Thương mại Cổ phần Kỹ thương Việt Nam', 23600, '', '2025-01-15', 23800, 200, 2178300, 51755, 23759.35362438599, 23900, 23650, 'b', 0, 0, 0, 1590552461, 51755.015, 21783, 23600, 23750, 144800, 23700, 197400, 23650, 227000, 23800, 15600, 23850, 27100, 23900, 318300, '2025-01-15 04:12:03']]
[2025-01-15T04:12:06.146+0000] {logging_mixin.py:190} INFO - <class 'list'>
[2025-01-15T04:12:06.146+0000] {logging_mixin.py:190} INFO - [['TCB', 25250, 21950, 23600, 'STOCK', 'HSX', '', 7045021622, 'STOCK', 8424683, 'Ngân hàng Thương mại Cổ phần Kỹ thương Việt Nam', 23600, '', '2025-01-15', 23800, 200, 2178300, 51755, 23759.35362438599, 23900, 23650, 'b', 0, 0, 0, 1590552461, 51755.015, 21783, 23600, 23750, 144800, 23700, 197400, 23650, 227000, 23800, 15600, 23850, 27100, 23900, 318300, '2025-01-15 04:12:03']]
[2025-01-15T04:12:06.148+0000] {python.py:240} INFO - Done. Returned value was: None
[2025-01-15T04:12:06.155+0000] {taskinstance.py:340} INFO - ::group::Post task execution logs
[2025-01-15T04:12:06.156+0000] {taskinstance.py:352} INFO - Marking task as SUCCESS. dag_id=stock_information, task_id=append_to_database, run_id=scheduled__2025-01-15T04:11:00+00:00, execution_date=20250115T041100, start_date=20250115T041205, end_date=20250115T041206
[2025-01-15T04:12:06.197+0000] {local_task_job_runner.py:266} INFO - Task exited with return code 0
[2025-01-15T04:12:06.214+0000] {taskinstance.py:3895} INFO - 0 downstream tasks scheduled from follow-on schedule check
[2025-01-15T04:12:06.218+0000] {local_task_job_runner.py:245} INFO - ::endgroup::
