[2025-01-15T03:54:06.151+0000] {local_task_job_runner.py:123} INFO - ::group::Pre task execution logs
[2025-01-15T03:54:06.165+0000] {taskinstance.py:2613} INFO - Dependencies all met for dep_context=non-requeueable deps ti=<TaskInstance: stock_information.append_to_database scheduled__2025-01-15T03:53:00+00:00 [queued]>
[2025-01-15T03:54:06.174+0000] {taskinstance.py:2613} INFO - Dependencies all met for dep_context=requeueable deps ti=<TaskInstance: stock_information.append_to_database scheduled__2025-01-15T03:53:00+00:00 [queued]>
[2025-01-15T03:54:06.175+0000] {taskinstance.py:2866} INFO - Starting attempt 1 of 1
[2025-01-15T03:54:06.187+0000] {taskinstance.py:2889} INFO - Executing <Task(PythonOperator): append_to_database> on 2025-01-15 03:53:00+00:00
[2025-01-15T03:54:06.194+0000] {standard_task_runner.py:72} INFO - Started process 2544 to run task
[2025-01-15T03:54:06.196+0000] {standard_task_runner.py:104} INFO - Running: ['airflow', 'tasks', 'run', 'stock_information', 'append_to_database', 'scheduled__2025-01-15T03:53:00+00:00', '--job-id', '680', '--raw', '--subdir', 'DAGS_FOLDER/vnstock_stream.py', '--cfg-path', '/tmp/tmpnlcfxo1u']
[2025-01-15T03:54:06.199+0000] {standard_task_runner.py:105} INFO - Job 680: Subtask append_to_database
[2025-01-15T03:54:06.238+0000] {task_command.py:467} INFO - Running <TaskInstance: stock_information.append_to_database scheduled__2025-01-15T03:53:00+00:00 [running]> on host 453ac4defedc
[2025-01-15T03:54:06.316+0000] {taskinstance.py:3132} INFO - Exporting env vars: AIRFLOW_CTX_DAG_OWNER='TuanDz' AIRFLOW_CTX_DAG_ID='stock_information' AIRFLOW_CTX_TASK_ID='append_to_database' AIRFLOW_CTX_EXECUTION_DATE='2025-01-15T03:53:00+00:00' AIRFLOW_CTX_TRY_NUMBER='1' AIRFLOW_CTX_DAG_RUN_ID='scheduled__2025-01-15T03:53:00+00:00'
[2025-01-15T03:54:06.318+0000] {taskinstance.py:731} INFO - ::endgroup::
[2025-01-15T03:54:06.351+0000] {logging_mixin.py:190} INFO - Kết nối thành công!
[2025-01-15T03:54:06.352+0000] {logging_mixin.py:190} INFO - <class 'str'>
[2025-01-15T03:54:06.353+0000] {logging_mixin.py:190} INFO - [['TCB', 25250, 21950, 23600, 'STOCK', 'HSX', '', 7045021622, 'STOCK', 8424683, 'Ngân hàng Thương mại Cổ phần Kỹ thương Việt Nam', 23600, '', '2025-01-15', 23750, 3100, 1603000, 38047, 23734.87211478478, 23800, 23650, 's', 0, 0, 0, 1590552461, 38047.40999999999, 16030, 23600, 23750, 45200, 23700, 138300, 23650, 233600, 23800, 73100, 23850, 158500, 23900, 106200, '2025-01-15 03:54:02']]
[2025-01-15T03:54:06.353+0000] {logging_mixin.py:190} INFO - <class 'list'>
[2025-01-15T03:54:06.354+0000] {logging_mixin.py:190} INFO - [['TCB', 25250, 21950, 23600, 'STOCK', 'HSX', '', 7045021622, 'STOCK', 8424683, 'Ngân hàng Thương mại Cổ phần Kỹ thương Việt Nam', 23600, '', '2025-01-15', 23750, 3100, 1603000, 38047, 23734.87211478478, 23800, 23650, 's', 0, 0, 0, 1590552461, 38047.40999999999, 16030, 23600, 23750, 45200, 23700, 138300, 23650, 233600, 23800, 73100, 23850, 158500, 23900, 106200, '2025-01-15 03:54:02']]
[2025-01-15T03:54:06.356+0000] {python.py:240} INFO - Done. Returned value was: None
[2025-01-15T03:54:06.363+0000] {taskinstance.py:340} INFO - ::group::Post task execution logs
[2025-01-15T03:54:06.363+0000] {taskinstance.py:352} INFO - Marking task as SUCCESS. dag_id=stock_information, task_id=append_to_database, run_id=scheduled__2025-01-15T03:53:00+00:00, execution_date=20250115T035300, start_date=20250115T035406, end_date=20250115T035406
[2025-01-15T03:54:06.411+0000] {local_task_job_runner.py:266} INFO - Task exited with return code 0
[2025-01-15T03:54:06.429+0000] {taskinstance.py:3895} INFO - 0 downstream tasks scheduled from follow-on schedule check
[2025-01-15T03:54:06.434+0000] {local_task_job_runner.py:245} INFO - ::endgroup::
