[2025-01-16T07:05:03.619+0000] {local_task_job_runner.py:123} INFO - ::group::Pre task execution logs
[2025-01-16T07:05:03.631+0000] {taskinstance.py:2613} INFO - Dependencies all met for dep_context=non-requeueable deps ti=<TaskInstance: stock_information.append_to_database scheduled__2025-01-16T07:04:00+00:00 [queued]>
[2025-01-16T07:05:03.639+0000] {taskinstance.py:2613} INFO - Dependencies all met for dep_context=requeueable deps ti=<TaskInstance: stock_information.append_to_database scheduled__2025-01-16T07:04:00+00:00 [queued]>
[2025-01-16T07:05:03.641+0000] {taskinstance.py:2866} INFO - Starting attempt 1 of 1
[2025-01-16T07:05:03.654+0000] {taskinstance.py:2889} INFO - Executing <Task(PythonOperator): append_to_database> on 2025-01-16 07:04:00+00:00
[2025-01-16T07:05:03.661+0000] {standard_task_runner.py:72} INFO - Started process 8097 to run task
[2025-01-16T07:05:03.663+0000] {standard_task_runner.py:104} INFO - Running: ['airflow', 'tasks', 'run', 'stock_information', 'append_to_database', 'scheduled__2025-01-16T07:04:00+00:00', '--job-id', '1959', '--raw', '--subdir', 'DAGS_FOLDER/vnstock_stream.py', '--cfg-path', '/tmp/tmp0d0zme1l']
[2025-01-16T07:05:03.666+0000] {standard_task_runner.py:105} INFO - Job 1959: Subtask append_to_database
[2025-01-16T07:05:03.705+0000] {task_command.py:467} INFO - Running <TaskInstance: stock_information.append_to_database scheduled__2025-01-16T07:04:00+00:00 [running]> on host 453ac4defedc
[2025-01-16T07:05:03.791+0000] {taskinstance.py:3132} INFO - Exporting env vars: AIRFLOW_CTX_DAG_OWNER='TuanDz' AIRFLOW_CTX_DAG_ID='stock_information' AIRFLOW_CTX_TASK_ID='append_to_database' AIRFLOW_CTX_EXECUTION_DATE='2025-01-16T07:04:00+00:00' AIRFLOW_CTX_TRY_NUMBER='1' AIRFLOW_CTX_DAG_RUN_ID='scheduled__2025-01-16T07:04:00+00:00'
[2025-01-16T07:05:03.793+0000] {taskinstance.py:731} INFO - ::endgroup::
[2025-01-16T07:05:03.852+0000] {logging_mixin.py:190} INFO - Kết nối thành công!
[2025-01-16T07:05:03.853+0000] {logging_mixin.py:190} INFO - <class 'str'>
[2025-01-16T07:05:03.853+0000] {logging_mixin.py:190} INFO - [['TCB', 25350, 22050, 23700, 'STOCK', 'HSX', '', 7045021622, 'STOCK', 8424683, 'Ngân hàng Thương mại Cổ phần Kỹ thương Việt Nam', 23700, '', '2025-01-16', 23750, 300, 4213600, 100381, 23823.0966394532, 23950, 23700, 's', 0, 0, 0, 1590552461, 100381.34499999997, 42136, 23700, 23750, 256200, 23700, 269800, 23650, 95100, 23800, 133500, 23850, 252100, 23900, 374100, '2025-01-16 07:05:02']]
[2025-01-16T07:05:03.854+0000] {logging_mixin.py:190} INFO - <class 'list'>
[2025-01-16T07:05:03.854+0000] {logging_mixin.py:190} INFO - [['TCB', 25350, 22050, 23700, 'STOCK', 'HSX', '', 7045021622, 'STOCK', 8424683, 'Ngân hàng Thương mại Cổ phần Kỹ thương Việt Nam', 23700, '', '2025-01-16', 23750, 300, 4213600, 100381, 23823.0966394532, 23950, 23700, 's', 0, 0, 0, 1590552461, 100381.34499999997, 42136, 23700, 23750, 256200, 23700, 269800, 23650, 95100, 23800, 133500, 23850, 252100, 23900, 374100, '2025-01-16 07:05:02']]
[2025-01-16T07:05:03.861+0000] {python.py:240} INFO - Done. Returned value was: None
[2025-01-16T07:05:03.868+0000] {taskinstance.py:340} INFO - ::group::Post task execution logs
[2025-01-16T07:05:03.868+0000] {taskinstance.py:352} INFO - Marking task as SUCCESS. dag_id=stock_information, task_id=append_to_database, run_id=scheduled__2025-01-16T07:04:00+00:00, execution_date=20250116T070400, start_date=20250116T070503, end_date=20250116T070503
[2025-01-16T07:05:03.920+0000] {local_task_job_runner.py:266} INFO - Task exited with return code 0
[2025-01-16T07:05:03.937+0000] {taskinstance.py:3895} INFO - 0 downstream tasks scheduled from follow-on schedule check
[2025-01-16T07:05:03.942+0000] {local_task_job_runner.py:245} INFO - ::endgroup::
