[2025-01-15T04:23:05.571+0000] {local_task_job_runner.py:123} INFO - ::group::Pre task execution logs
[2025-01-15T04:23:05.583+0000] {taskinstance.py:2613} INFO - Dependencies all met for dep_context=non-requeueable deps ti=<TaskInstance: stock_information.append_to_database scheduled__2025-01-15T04:22:00+00:00 [queued]>
[2025-01-15T04:23:05.591+0000] {taskinstance.py:2613} INFO - Dependencies all met for dep_context=requeueable deps ti=<TaskInstance: stock_information.append_to_database scheduled__2025-01-15T04:22:00+00:00 [queued]>
[2025-01-15T04:23:05.592+0000] {taskinstance.py:2866} INFO - Starting attempt 1 of 1
[2025-01-15T04:23:05.603+0000] {taskinstance.py:2889} INFO - Executing <Task(PythonOperator): append_to_database> on 2025-01-15 04:22:00+00:00
[2025-01-15T04:23:05.609+0000] {standard_task_runner.py:72} INFO - Started process 3391 to run task
[2025-01-15T04:23:05.612+0000] {standard_task_runner.py:104} INFO - Running: ['airflow', 'tasks', 'run', 'stock_information', 'append_to_database', 'scheduled__2025-01-15T04:22:00+00:00', '--job-id', '738', '--raw', '--subdir', 'DAGS_FOLDER/vnstock_stream.py', '--cfg-path', '/tmp/tmpgck42hr7']
[2025-01-15T04:23:05.615+0000] {standard_task_runner.py:105} INFO - Job 738: Subtask append_to_database
[2025-01-15T04:23:05.653+0000] {task_command.py:467} INFO - Running <TaskInstance: stock_information.append_to_database scheduled__2025-01-15T04:22:00+00:00 [running]> on host 453ac4defedc
[2025-01-15T04:23:05.728+0000] {taskinstance.py:3132} INFO - Exporting env vars: AIRFLOW_CTX_DAG_OWNER='TuanDz' AIRFLOW_CTX_DAG_ID='stock_information' AIRFLOW_CTX_TASK_ID='append_to_database' AIRFLOW_CTX_EXECUTION_DATE='2025-01-15T04:22:00+00:00' AIRFLOW_CTX_TRY_NUMBER='1' AIRFLOW_CTX_DAG_RUN_ID='scheduled__2025-01-15T04:22:00+00:00'
[2025-01-15T04:23:05.729+0000] {taskinstance.py:731} INFO - ::endgroup::
[2025-01-15T04:23:05.765+0000] {logging_mixin.py:190} INFO - Kết nối thành công!
[2025-01-15T04:23:05.766+0000] {logging_mixin.py:190} INFO - <class 'str'>
[2025-01-15T04:23:05.767+0000] {logging_mixin.py:190} INFO - [['TCB', 25250, 21950, 23600, 'STOCK', 'HSX', '', 7045021622, 'STOCK', 8424683, 'Ngân hàng Thương mại Cổ phần Kỹ thương Việt Nam', 23600, '', '2025-01-15', 23900, 40800, 2436000, 57907, 23771.34646962233, 23900, 23650, 'b', 0, 0, 0, 1590552461, 57907.34999999999, 24360, 23600, 23850, 26700, 23800, 55100, 23750, 166200, 23900, 182800, 23950, 165200, 24000, 732700, '2025-01-15 04:23:03']]
[2025-01-15T04:23:05.768+0000] {logging_mixin.py:190} INFO - <class 'list'>
[2025-01-15T04:23:05.768+0000] {logging_mixin.py:190} INFO - [['TCB', 25250, 21950, 23600, 'STOCK', 'HSX', '', 7045021622, 'STOCK', 8424683, 'Ngân hàng Thương mại Cổ phần Kỹ thương Việt Nam', 23600, '', '2025-01-15', 23900, 40800, 2436000, 57907, 23771.34646962233, 23900, 23650, 'b', 0, 0, 0, 1590552461, 57907.34999999999, 24360, 23600, 23850, 26700, 23800, 55100, 23750, 166200, 23900, 182800, 23950, 165200, 24000, 732700, '2025-01-15 04:23:03']]
[2025-01-15T04:23:05.770+0000] {python.py:240} INFO - Done. Returned value was: None
[2025-01-15T04:23:05.777+0000] {taskinstance.py:340} INFO - ::group::Post task execution logs
[2025-01-15T04:23:05.778+0000] {taskinstance.py:352} INFO - Marking task as SUCCESS. dag_id=stock_information, task_id=append_to_database, run_id=scheduled__2025-01-15T04:22:00+00:00, execution_date=20250115T042200, start_date=20250115T042305, end_date=20250115T042305
[2025-01-15T04:23:05.827+0000] {local_task_job_runner.py:266} INFO - Task exited with return code 0
[2025-01-15T04:23:05.846+0000] {taskinstance.py:3895} INFO - 0 downstream tasks scheduled from follow-on schedule check
[2025-01-15T04:23:05.851+0000] {local_task_job_runner.py:245} INFO - ::endgroup::
