[2025-01-15T06:06:03.987+0000] {local_task_job_runner.py:123} INFO - ::group::Pre task execution logs
[2025-01-15T06:06:04.000+0000] {taskinstance.py:2613} INFO - Dependencies all met for dep_context=non-requeueable deps ti=<TaskInstance: stock_information.append_to_database scheduled__2025-01-15T06:05:00+00:00 [queued]>
[2025-01-15T06:06:04.007+0000] {taskinstance.py:2613} INFO - Dependencies all met for dep_context=requeueable deps ti=<TaskInstance: stock_information.append_to_database scheduled__2025-01-15T06:05:00+00:00 [queued]>
[2025-01-15T06:06:04.009+0000] {taskinstance.py:2866} INFO - Starting attempt 1 of 1
[2025-01-15T06:06:04.021+0000] {taskinstance.py:2889} INFO - Executing <Task(PythonOperator): append_to_database> on 2025-01-15 06:05:00+00:00
[2025-01-15T06:06:04.028+0000] {standard_task_runner.py:72} INFO - Started process 6370 to run task
[2025-01-15T06:06:04.030+0000] {standard_task_runner.py:104} INFO - Running: ['airflow', 'tasks', 'run', 'stock_information', 'append_to_database', 'scheduled__2025-01-15T06:05:00+00:00', '--job-id', '944', '--raw', '--subdir', 'DAGS_FOLDER/vnstock_stream.py', '--cfg-path', '/tmp/tmpiz2tl1tf']
[2025-01-15T06:06:04.032+0000] {standard_task_runner.py:105} INFO - Job 944: Subtask append_to_database
[2025-01-15T06:06:04.069+0000] {task_command.py:467} INFO - Running <TaskInstance: stock_information.append_to_database scheduled__2025-01-15T06:05:00+00:00 [running]> on host 453ac4defedc
[2025-01-15T06:06:04.168+0000] {taskinstance.py:3132} INFO - Exporting env vars: AIRFLOW_CTX_DAG_OWNER='TuanDz' AIRFLOW_CTX_DAG_ID='stock_information' AIRFLOW_CTX_TASK_ID='append_to_database' AIRFLOW_CTX_EXECUTION_DATE='2025-01-15T06:05:00+00:00' AIRFLOW_CTX_TRY_NUMBER='1' AIRFLOW_CTX_DAG_RUN_ID='scheduled__2025-01-15T06:05:00+00:00'
[2025-01-15T06:06:04.170+0000] {taskinstance.py:731} INFO - ::endgroup::
[2025-01-15T06:06:04.222+0000] {logging_mixin.py:190} INFO - Kết nối thành công!
[2025-01-15T06:06:04.224+0000] {logging_mixin.py:190} INFO - <class 'str'>
[2025-01-15T06:06:04.225+0000] {logging_mixin.py:190} INFO - [['TCB', 25250, 21950, 23600, 'STOCK', 'HSX', '', 7045021622, 'STOCK', 8424683, 'Ngân hàng Thương mại Cổ phần Kỹ thương Việt Nam', 23600, '', '2025-01-15', 23850, 3800, 2757700, 65589, 23783.95039344381, 23900, 23650, 's', 156700, 156700, 0, 1590552461, 65589.5399999999, 27577, 23600, 23850, 59900, 23800, 97400, 23750, 281000, 23900, 64800, 23950, 214100, 24000, 825000, '2025-01-15 06:06:02']]
[2025-01-15T06:06:04.227+0000] {logging_mixin.py:190} INFO - <class 'list'>
[2025-01-15T06:06:04.229+0000] {logging_mixin.py:190} INFO - [['TCB', 25250, 21950, 23600, 'STOCK', 'HSX', '', 7045021622, 'STOCK', 8424683, 'Ngân hàng Thương mại Cổ phần Kỹ thương Việt Nam', 23600, '', '2025-01-15', 23850, 3800, 2757700, 65589, 23783.95039344381, 23900, 23650, 's', 156700, 156700, 0, 1590552461, 65589.5399999999, 27577, 23600, 23850, 59900, 23800, 97400, 23750, 281000, 23900, 64800, 23950, 214100, 24000, 825000, '2025-01-15 06:06:02']]
[2025-01-15T06:06:04.233+0000] {python.py:240} INFO - Done. Returned value was: None
[2025-01-15T06:06:04.240+0000] {taskinstance.py:340} INFO - ::group::Post task execution logs
[2025-01-15T06:06:04.240+0000] {taskinstance.py:352} INFO - Marking task as SUCCESS. dag_id=stock_information, task_id=append_to_database, run_id=scheduled__2025-01-15T06:05:00+00:00, execution_date=20250115T060500, start_date=20250115T060604, end_date=20250115T060604
[2025-01-15T06:06:04.285+0000] {local_task_job_runner.py:266} INFO - Task exited with return code 0
[2025-01-15T06:06:04.299+0000] {taskinstance.py:3895} INFO - 0 downstream tasks scheduled from follow-on schedule check
[2025-01-15T06:06:04.304+0000] {local_task_job_runner.py:245} INFO - ::endgroup::
