[2025-01-15T03:45:04.205+0000] {local_task_job_runner.py:123} INFO - ::group::Pre task execution logs
[2025-01-15T03:45:04.224+0000] {taskinstance.py:2613} INFO - Dependencies all met for dep_context=non-requeueable deps ti=<TaskInstance: stock_information.append_to_database scheduled__2025-01-15T03:44:00+00:00 [queued]>
[2025-01-15T03:45:04.234+0000] {taskinstance.py:2613} INFO - Dependencies all met for dep_context=requeueable deps ti=<TaskInstance: stock_information.append_to_database scheduled__2025-01-15T03:44:00+00:00 [queued]>
[2025-01-15T03:45:04.236+0000] {taskinstance.py:2866} INFO - Starting attempt 1 of 1
[2025-01-15T03:45:04.252+0000] {taskinstance.py:2889} INFO - Executing <Task(PythonOperator): append_to_database> on 2025-01-15 03:44:00+00:00
[2025-01-15T03:45:04.261+0000] {standard_task_runner.py:72} INFO - Started process 2280 to run task
[2025-01-15T03:45:04.264+0000] {standard_task_runner.py:104} INFO - Running: ['airflow', 'tasks', 'run', 'stock_information', 'append_to_database', 'scheduled__2025-01-15T03:44:00+00:00', '--job-id', '662', '--raw', '--subdir', 'DAGS_FOLDER/vnstock_stream.py', '--cfg-path', '/tmp/tmpi5by1fc2']
[2025-01-15T03:45:04.268+0000] {standard_task_runner.py:105} INFO - Job 662: Subtask append_to_database
[2025-01-15T03:45:04.319+0000] {task_command.py:467} INFO - Running <TaskInstance: stock_information.append_to_database scheduled__2025-01-15T03:44:00+00:00 [running]> on host 453ac4defedc
[2025-01-15T03:45:04.409+0000] {taskinstance.py:3132} INFO - Exporting env vars: AIRFLOW_CTX_DAG_OWNER='TuanDz' AIRFLOW_CTX_DAG_ID='stock_information' AIRFLOW_CTX_TASK_ID='append_to_database' AIRFLOW_CTX_EXECUTION_DATE='2025-01-15T03:44:00+00:00' AIRFLOW_CTX_TRY_NUMBER='1' AIRFLOW_CTX_DAG_RUN_ID='scheduled__2025-01-15T03:44:00+00:00'
[2025-01-15T03:45:04.412+0000] {taskinstance.py:731} INFO - ::endgroup::
[2025-01-15T03:45:04.458+0000] {logging_mixin.py:190} INFO - Kết nối thành công!
[2025-01-15T03:45:04.460+0000] {logging_mixin.py:190} INFO - <class 'str'>
[2025-01-15T03:45:04.461+0000] {logging_mixin.py:190} INFO - [['TCB', 25250, 21950, 23600, 'STOCK', 'HSX', '', 7045021622, 'STOCK', 8424683, 'Ngân hàng Thương mại Cổ phần Kỹ thương Việt Nam', 23600, '', '2025-01-15', 23750, 500, 1386700, 32904, 23728.27576260186, 23800, 23650, 'b', 0, 0, 0, 1590552461, 32904.17500000001, 13867, 23600, 23750, 72700, 23700, 147900, 23650, 236100, 23800, 184300, 23850, 156500, 23900, 102800, '2025-01-15 03:45:02']]
[2025-01-15T03:45:04.462+0000] {logging_mixin.py:190} INFO - <class 'list'>
[2025-01-15T03:45:04.464+0000] {logging_mixin.py:190} INFO - [['TCB', 25250, 21950, 23600, 'STOCK', 'HSX', '', 7045021622, 'STOCK', 8424683, 'Ngân hàng Thương mại Cổ phần Kỹ thương Việt Nam', 23600, '', '2025-01-15', 23750, 500, 1386700, 32904, 23728.27576260186, 23800, 23650, 'b', 0, 0, 0, 1590552461, 32904.17500000001, 13867, 23600, 23750, 72700, 23700, 147900, 23650, 236100, 23800, 184300, 23850, 156500, 23900, 102800, '2025-01-15 03:45:02']]
[2025-01-15T03:45:04.468+0000] {python.py:240} INFO - Done. Returned value was: None
[2025-01-15T03:45:04.477+0000] {taskinstance.py:340} INFO - ::group::Post task execution logs
[2025-01-15T03:45:04.478+0000] {taskinstance.py:352} INFO - Marking task as SUCCESS. dag_id=stock_information, task_id=append_to_database, run_id=scheduled__2025-01-15T03:44:00+00:00, execution_date=20250115T034400, start_date=20250115T034504, end_date=20250115T034504
[2025-01-15T03:45:04.520+0000] {local_task_job_runner.py:266} INFO - Task exited with return code 0
[2025-01-15T03:45:04.540+0000] {taskinstance.py:3895} INFO - 0 downstream tasks scheduled from follow-on schedule check
[2025-01-15T03:45:04.545+0000] {local_task_job_runner.py:245} INFO - ::endgroup::
