[2025-01-16T03:05:04.575+0000] {local_task_job_runner.py:123} INFO - ::group::Pre task execution logs
[2025-01-16T03:05:04.590+0000] {taskinstance.py:2613} INFO - Dependencies all met for dep_context=non-requeueable deps ti=<TaskInstance: stock_information.append_to_database scheduled__2025-01-16T03:04:00+00:00 [queued]>
[2025-01-16T03:05:04.600+0000] {taskinstance.py:2613} INFO - Dependencies all met for dep_context=requeueable deps ti=<TaskInstance: stock_information.append_to_database scheduled__2025-01-16T03:04:00+00:00 [queued]>
[2025-01-16T03:05:04.602+0000] {taskinstance.py:2866} INFO - Starting attempt 1 of 1
[2025-01-16T03:05:04.615+0000] {taskinstance.py:2889} INFO - Executing <Task(PythonOperator): append_to_database> on 2025-01-16 03:04:00+00:00
[2025-01-16T03:05:04.621+0000] {standard_task_runner.py:72} INFO - Started process 1059 to run task
[2025-01-16T03:05:04.624+0000] {standard_task_runner.py:104} INFO - Running: ['airflow', 'tasks', 'run', 'stock_information', 'append_to_database', 'scheduled__2025-01-16T03:04:00+00:00', '--job-id', '1479', '--raw', '--subdir', 'DAGS_FOLDER/vnstock_stream.py', '--cfg-path', '/tmp/tmp3vf_zooh']
[2025-01-16T03:05:04.627+0000] {standard_task_runner.py:105} INFO - Job 1479: Subtask append_to_database
[2025-01-16T03:05:04.684+0000] {task_command.py:467} INFO - Running <TaskInstance: stock_information.append_to_database scheduled__2025-01-16T03:04:00+00:00 [running]> on host 453ac4defedc
[2025-01-16T03:05:04.824+0000] {taskinstance.py:3132} INFO - Exporting env vars: AIRFLOW_CTX_DAG_OWNER='TuanDz' AIRFLOW_CTX_DAG_ID='stock_information' AIRFLOW_CTX_TASK_ID='append_to_database' AIRFLOW_CTX_EXECUTION_DATE='2025-01-16T03:04:00+00:00' AIRFLOW_CTX_TRY_NUMBER='1' AIRFLOW_CTX_DAG_RUN_ID='scheduled__2025-01-16T03:04:00+00:00'
[2025-01-16T03:05:04.826+0000] {taskinstance.py:731} INFO - ::endgroup::
[2025-01-16T03:05:04.886+0000] {logging_mixin.py:190} INFO - Kết nối thành công!
[2025-01-16T03:05:04.888+0000] {logging_mixin.py:190} INFO - <class 'str'>
[2025-01-16T03:05:04.889+0000] {logging_mixin.py:190} INFO - [['TCB', 25350, 22050, 23700, 'STOCK', 'HSX', '', 7045021622, 'STOCK', 8424683, 'Ngân hàng Thương mại Cổ phần Kỹ thương Việt Nam', 23700, '', '2025-01-16', 23850, 500, 2142000, 51129, 23869.747899159665, 23950, 23800, 's', 0, 0, 0, 1590552461, 51129.11499999995, 21420, 23700, 23850, 17500, 23800, 266800, 23750, 262600, 23900, 235200, 23950, 245700, 24000, 733200, '2025-01-16 03:05:02']]
[2025-01-16T03:05:04.890+0000] {logging_mixin.py:190} INFO - <class 'list'>
[2025-01-16T03:05:04.890+0000] {logging_mixin.py:190} INFO - [['TCB', 25350, 22050, 23700, 'STOCK', 'HSX', '', 7045021622, 'STOCK', 8424683, 'Ngân hàng Thương mại Cổ phần Kỹ thương Việt Nam', 23700, '', '2025-01-16', 23850, 500, 2142000, 51129, 23869.747899159665, 23950, 23800, 's', 0, 0, 0, 1590552461, 51129.11499999995, 21420, 23700, 23850, 17500, 23800, 266800, 23750, 262600, 23900, 235200, 23950, 245700, 24000, 733200, '2025-01-16 03:05:02']]
[2025-01-16T03:05:04.896+0000] {python.py:240} INFO - Done. Returned value was: None
[2025-01-16T03:05:04.904+0000] {taskinstance.py:340} INFO - ::group::Post task execution logs
[2025-01-16T03:05:04.905+0000] {taskinstance.py:352} INFO - Marking task as SUCCESS. dag_id=stock_information, task_id=append_to_database, run_id=scheduled__2025-01-16T03:04:00+00:00, execution_date=20250116T030400, start_date=20250116T030504, end_date=20250116T030504
[2025-01-16T03:05:04.959+0000] {local_task_job_runner.py:266} INFO - Task exited with return code 0
[2025-01-16T03:05:04.973+0000] {taskinstance.py:3895} INFO - 0 downstream tasks scheduled from follow-on schedule check
[2025-01-16T03:05:04.978+0000] {local_task_job_runner.py:245} INFO - ::endgroup::
