[2025-01-15T02:40:05.469+0000] {local_task_job_runner.py:123} INFO - ::group::Pre task execution logs
[2025-01-15T02:40:05.482+0000] {taskinstance.py:2613} INFO - Dependencies all met for dep_context=non-requeueable deps ti=<TaskInstance: stock_information.append_to_database scheduled__2025-01-15T02:39:00+00:00 [queued]>
[2025-01-15T02:40:05.490+0000] {taskinstance.py:2613} INFO - Dependencies all met for dep_context=requeueable deps ti=<TaskInstance: stock_information.append_to_database scheduled__2025-01-15T02:39:00+00:00 [queued]>
[2025-01-15T02:40:05.492+0000] {taskinstance.py:2866} INFO - Starting attempt 1 of 1
[2025-01-15T02:40:05.505+0000] {taskinstance.py:2889} INFO - Executing <Task(PythonOperator): append_to_database> on 2025-01-15 02:39:00+00:00
[2025-01-15T02:40:05.513+0000] {standard_task_runner.py:72} INFO - Started process 382 to run task
[2025-01-15T02:40:05.515+0000] {standard_task_runner.py:104} INFO - Running: ['airflow', 'tasks', 'run', 'stock_information', 'append_to_database', 'scheduled__2025-01-15T02:39:00+00:00', '--job-id', '532', '--raw', '--subdir', 'DAGS_FOLDER/vnstock_stream.py', '--cfg-path', '/tmp/tmpm4k4qea3']
[2025-01-15T02:40:05.519+0000] {standard_task_runner.py:105} INFO - Job 532: Subtask append_to_database
[2025-01-15T02:40:05.562+0000] {task_command.py:467} INFO - Running <TaskInstance: stock_information.append_to_database scheduled__2025-01-15T02:39:00+00:00 [running]> on host 453ac4defedc
[2025-01-15T02:40:05.648+0000] {taskinstance.py:3132} INFO - Exporting env vars: AIRFLOW_CTX_DAG_OWNER='TuanDz' AIRFLOW_CTX_DAG_ID='stock_information' AIRFLOW_CTX_TASK_ID='append_to_database' AIRFLOW_CTX_EXECUTION_DATE='2025-01-15T02:39:00+00:00' AIRFLOW_CTX_TRY_NUMBER='1' AIRFLOW_CTX_DAG_RUN_ID='scheduled__2025-01-15T02:39:00+00:00'
[2025-01-15T02:40:05.651+0000] {taskinstance.py:731} INFO - ::endgroup::
[2025-01-15T02:40:05.710+0000] {logging_mixin.py:190} INFO - Kết nối thành công!
[2025-01-15T02:40:05.711+0000] {logging_mixin.py:190} INFO - <class 'str'>
[2025-01-15T02:40:05.712+0000] {logging_mixin.py:190} INFO - [['TCB', 25250, 21950, 23600, 'STOCK', 'HSX', '', 7045021622, 'STOCK', 8424683, 'Ngân hàng Thương mại Cổ phần Kỹ thương Việt Nam', 23600, '', '2025-01-15', 23700, 700, 332300, 7891, 23746.614504965393, 23800, 23650, 's', 0, 0, 0, 1590552461, 7891.409999999996, 3323, 23600, 23700, 200000, 23650, 52700, 23600, 106000, 23750, 77500, 23800, 132200, 23850, 118300, '2025-01-15 02:40:03']]
[2025-01-15T02:40:05.714+0000] {logging_mixin.py:190} INFO - <class 'list'>
[2025-01-15T02:40:05.715+0000] {logging_mixin.py:190} INFO - [['TCB', 25250, 21950, 23600, 'STOCK', 'HSX', '', 7045021622, 'STOCK', 8424683, 'Ngân hàng Thương mại Cổ phần Kỹ thương Việt Nam', 23600, '', '2025-01-15', 23700, 700, 332300, 7891, 23746.614504965393, 23800, 23650, 's', 0, 0, 0, 1590552461, 7891.409999999996, 3323, 23600, 23700, 200000, 23650, 52700, 23600, 106000, 23750, 77500, 23800, 132200, 23850, 118300, '2025-01-15 02:40:03']]
[2025-01-15T02:40:05.720+0000] {python.py:240} INFO - Done. Returned value was: None
[2025-01-15T02:40:05.730+0000] {taskinstance.py:340} INFO - ::group::Post task execution logs
[2025-01-15T02:40:05.732+0000] {taskinstance.py:352} INFO - Marking task as SUCCESS. dag_id=stock_information, task_id=append_to_database, run_id=scheduled__2025-01-15T02:39:00+00:00, execution_date=20250115T023900, start_date=20250115T024005, end_date=20250115T024005
[2025-01-15T02:40:05.771+0000] {local_task_job_runner.py:266} INFO - Task exited with return code 0
[2025-01-15T02:40:05.789+0000] {taskinstance.py:3895} INFO - 0 downstream tasks scheduled from follow-on schedule check
[2025-01-15T02:40:05.795+0000] {local_task_job_runner.py:245} INFO - ::endgroup::
