[2025-01-16T07:17:04.649+0000] {local_task_job_runner.py:123} INFO - ::group::Pre task execution logs
[2025-01-16T07:17:04.664+0000] {taskinstance.py:2613} INFO - Dependencies all met for dep_context=non-requeueable deps ti=<TaskInstance: stock_information.append_to_database scheduled__2025-01-16T07:16:00+00:00 [queued]>
[2025-01-16T07:17:04.672+0000] {taskinstance.py:2613} INFO - Dependencies all met for dep_context=requeueable deps ti=<TaskInstance: stock_information.append_to_database scheduled__2025-01-16T07:16:00+00:00 [queued]>
[2025-01-16T07:17:04.675+0000] {taskinstance.py:2866} INFO - Starting attempt 1 of 1
[2025-01-16T07:17:04.696+0000] {taskinstance.py:2889} INFO - Executing <Task(PythonOperator): append_to_database> on 2025-01-16 07:16:00+00:00
[2025-01-16T07:17:04.704+0000] {standard_task_runner.py:72} INFO - Started process 8446 to run task
[2025-01-16T07:17:04.706+0000] {standard_task_runner.py:104} INFO - Running: ['airflow', 'tasks', 'run', 'stock_information', 'append_to_database', 'scheduled__2025-01-16T07:16:00+00:00', '--job-id', '1983', '--raw', '--subdir', 'DAGS_FOLDER/vnstock_stream.py', '--cfg-path', '/tmp/tmp9h1qncc7']
[2025-01-16T07:17:04.710+0000] {standard_task_runner.py:105} INFO - Job 1983: Subtask append_to_database
[2025-01-16T07:17:04.765+0000] {task_command.py:467} INFO - Running <TaskInstance: stock_information.append_to_database scheduled__2025-01-16T07:16:00+00:00 [running]> on host 453ac4defedc
[2025-01-16T07:17:04.859+0000] {taskinstance.py:3132} INFO - Exporting env vars: AIRFLOW_CTX_DAG_OWNER='TuanDz' AIRFLOW_CTX_DAG_ID='stock_information' AIRFLOW_CTX_TASK_ID='append_to_database' AIRFLOW_CTX_EXECUTION_DATE='2025-01-16T07:16:00+00:00' AIRFLOW_CTX_TRY_NUMBER='1' AIRFLOW_CTX_DAG_RUN_ID='scheduled__2025-01-16T07:16:00+00:00'
[2025-01-16T07:17:04.862+0000] {taskinstance.py:731} INFO - ::endgroup::
[2025-01-16T07:17:04.965+0000] {logging_mixin.py:190} INFO - Kết nối thành công!
[2025-01-16T07:17:04.966+0000] {logging_mixin.py:190} INFO - <class 'str'>
[2025-01-16T07:17:04.966+0000] {logging_mixin.py:190} INFO - [['TCB', 25350, 22050, 23700, 'STOCK', 'HSX', '', 7045021622, 'STOCK', 8424683, 'Ngân hàng Thương mại Cổ phần Kỹ thương Việt Nam', 23700, '', '2025-01-16', 23700, 5800, 5094900, 121326, 23813.224989695576, 23950, 23700, 's', 0, 20000, 0, 1590552461, 121326.95500000002, 50949, 23700, 23700, 90900, 23650, 112700, 23600, 144100, 23800, 3000, 23850, 185700, 23900, 415700, '2025-01-16 07:17:02']]
[2025-01-16T07:17:04.967+0000] {logging_mixin.py:190} INFO - <class 'list'>
[2025-01-16T07:17:04.968+0000] {logging_mixin.py:190} INFO - [['TCB', 25350, 22050, 23700, 'STOCK', 'HSX', '', 7045021622, 'STOCK', 8424683, 'Ngân hàng Thương mại Cổ phần Kỹ thương Việt Nam', 23700, '', '2025-01-16', 23700, 5800, 5094900, 121326, 23813.224989695576, 23950, 23700, 's', 0, 20000, 0, 1590552461, 121326.95500000002, 50949, 23700, 23700, 90900, 23650, 112700, 23600, 144100, 23800, 3000, 23850, 185700, 23900, 415700, '2025-01-16 07:17:02']]
[2025-01-16T07:17:04.978+0000] {python.py:240} INFO - Done. Returned value was: None
[2025-01-16T07:17:04.985+0000] {taskinstance.py:340} INFO - ::group::Post task execution logs
[2025-01-16T07:17:04.986+0000] {taskinstance.py:352} INFO - Marking task as SUCCESS. dag_id=stock_information, task_id=append_to_database, run_id=scheduled__2025-01-16T07:16:00+00:00, execution_date=20250116T071600, start_date=20250116T071704, end_date=20250116T071704
[2025-01-16T07:17:05.043+0000] {local_task_job_runner.py:266} INFO - Task exited with return code 0
[2025-01-16T07:17:05.064+0000] {taskinstance.py:3895} INFO - 0 downstream tasks scheduled from follow-on schedule check
[2025-01-16T07:17:05.072+0000] {local_task_job_runner.py:245} INFO - ::endgroup::
