[2025-01-10T16:43:01.657+0000] {local_task_job_runner.py:123} INFO - ::group::Pre task execution logs
[2025-01-10T16:43:01.672+0000] {taskinstance.py:2613} INFO - Dependencies all met for dep_context=non-requeueable deps ti=<TaskInstance: stock_information.stream_data_from_api scheduled__2025-01-10T16:42:00+00:00 [queued]>
[2025-01-10T16:43:01.681+0000] {taskinstance.py:2613} INFO - Dependencies all met for dep_context=requeueable deps ti=<TaskInstance: stock_information.stream_data_from_api scheduled__2025-01-10T16:42:00+00:00 [queued]>
[2025-01-10T16:43:01.684+0000] {taskinstance.py:2866} INFO - Starting attempt 1 of 1
[2025-01-10T16:43:01.699+0000] {taskinstance.py:2889} INFO - Executing <Task(PythonOperator): stream_data_from_api> on 2025-01-10 16:42:00+00:00
[2025-01-10T16:43:01.707+0000] {standard_task_runner.py:72} INFO - Started process 299 to run task
[2025-01-10T16:43:01.710+0000] {standard_task_runner.py:104} INFO - Running: ['airflow', 'tasks', 'run', 'stock_information', 'stream_data_from_api', 'scheduled__2025-01-10T16:42:00+00:00', '--job-id', '78', '--raw', '--subdir', 'DAGS_FOLDER/vnstock_stream.py', '--cfg-path', '/tmp/tmps9yosh02']
[2025-01-10T16:43:01.712+0000] {standard_task_runner.py:105} INFO - Job 78: Subtask stream_data_from_api
[2025-01-10T16:43:01.747+0000] {task_command.py:467} INFO - Running <TaskInstance: stock_information.stream_data_from_api scheduled__2025-01-10T16:42:00+00:00 [running]> on host 453ac4defedc
[2025-01-10T16:43:01.814+0000] {taskinstance.py:3132} INFO - Exporting env vars: AIRFLOW_CTX_DAG_OWNER='TuanDz' AIRFLOW_CTX_DAG_ID='stock_information' AIRFLOW_CTX_TASK_ID='stream_data_from_api' AIRFLOW_CTX_EXECUTION_DATE='2025-01-10T16:42:00+00:00' AIRFLOW_CTX_TRY_NUMBER='1' AIRFLOW_CTX_DAG_RUN_ID='scheduled__2025-01-10T16:42:00+00:00'
[2025-01-10T16:43:01.816+0000] {taskinstance.py:731} INFO - ::endgroup::
[2025-01-10T16:43:02.173+0000] {data_explorer.py:64} WARNING - Thông tin niêm yết & giao dịch sẽ được truy xuất từ TCBS
[2025-01-10T16:43:02.452+0000] {python.py:240} INFO - Done. Returned value was:   symbol  ceiling  floor  ...  ask_3_price ask_3_volume                last_update
0    TCB    25600  22300  ...        23600        29000 2025-01-10 16:43:02.450574

[1 rows x 42 columns]
[2025-01-10T16:43:02.506+0000] {taskinstance.py:340} INFO - ::group::Post task execution logs
[2025-01-10T16:43:02.508+0000] {taskinstance.py:352} INFO - Marking task as SUCCESS. dag_id=stock_information, task_id=stream_data_from_api, run_id=scheduled__2025-01-10T16:42:00+00:00, execution_date=20250110T164200, start_date=20250110T164301, end_date=20250110T164302
[2025-01-10T16:43:02.528+0000] {local_task_job_runner.py:266} INFO - Task exited with return code 0
[2025-01-10T16:43:02.553+0000] {taskinstance.py:3895} INFO - 1 downstream tasks scheduled from follow-on schedule check
[2025-01-10T16:43:02.558+0000] {local_task_job_runner.py:245} INFO - ::endgroup::
