[2025-01-15T07:35:04.344+0000] {local_task_job_runner.py:123} INFO - ::group::Pre task execution logs
[2025-01-15T07:35:04.356+0000] {taskinstance.py:2613} INFO - Dependencies all met for dep_context=non-requeueable deps ti=<TaskInstance: stock_information.append_to_database scheduled__2025-01-15T07:34:00+00:00 [queued]>
[2025-01-15T07:35:04.363+0000] {taskinstance.py:2613} INFO - Dependencies all met for dep_context=requeueable deps ti=<TaskInstance: stock_information.append_to_database scheduled__2025-01-15T07:34:00+00:00 [queued]>
[2025-01-15T07:35:04.365+0000] {taskinstance.py:2866} INFO - Starting attempt 1 of 1
[2025-01-15T07:35:04.375+0000] {taskinstance.py:2889} INFO - Executing <Task(PythonOperator): append_to_database> on 2025-01-15 07:34:00+00:00
[2025-01-15T07:35:04.381+0000] {standard_task_runner.py:72} INFO - Started process 8959 to run task
[2025-01-15T07:35:04.384+0000] {standard_task_runner.py:104} INFO - Running: ['airflow', 'tasks', 'run', 'stock_information', 'append_to_database', 'scheduled__2025-01-15T07:34:00+00:00', '--job-id', '1122', '--raw', '--subdir', 'DAGS_FOLDER/vnstock_stream.py', '--cfg-path', '/tmp/tmp4ace8_yd']
[2025-01-15T07:35:04.386+0000] {standard_task_runner.py:105} INFO - Job 1122: Subtask append_to_database
[2025-01-15T07:35:04.423+0000] {task_command.py:467} INFO - Running <TaskInstance: stock_information.append_to_database scheduled__2025-01-15T07:34:00+00:00 [running]> on host 453ac4defedc
[2025-01-15T07:35:04.500+0000] {taskinstance.py:3132} INFO - Exporting env vars: AIRFLOW_CTX_DAG_OWNER='TuanDz' AIRFLOW_CTX_DAG_ID='stock_information' AIRFLOW_CTX_TASK_ID='append_to_database' AIRFLOW_CTX_EXECUTION_DATE='2025-01-15T07:34:00+00:00' AIRFLOW_CTX_TRY_NUMBER='1' AIRFLOW_CTX_DAG_RUN_ID='scheduled__2025-01-15T07:34:00+00:00'
[2025-01-15T07:35:04.501+0000] {taskinstance.py:731} INFO - ::endgroup::
[2025-01-15T07:35:04.535+0000] {logging_mixin.py:190} INFO - Kết nối thành công!
[2025-01-15T07:35:04.536+0000] {logging_mixin.py:190} INFO - <class 'str'>
[2025-01-15T07:35:04.536+0000] {logging_mixin.py:190} INFO - [['TCB', 25250, 21950, 23600, 'STOCK', 'HSX', '', 7045021622, 'STOCK', 8424683, 'Ngân hàng Thương mại Cổ phần Kỹ thương Việt Nam', 23600, '', '2025-01-15', 23700, 0, 6434200, 153120, 23797.830344098722, 23900, 23650, 's', 156700, 186700, 0, 1590552461, 153120.30000000002, 64342, 23600, 0, 8200, 23750, 44300, 23700, 171100, 0, 121300, 21950, 1700, 23650, 500, '2025-01-15 07:35:02']]
[2025-01-15T07:35:04.537+0000] {logging_mixin.py:190} INFO - <class 'list'>
[2025-01-15T07:35:04.537+0000] {logging_mixin.py:190} INFO - [['TCB', 25250, 21950, 23600, 'STOCK', 'HSX', '', 7045021622, 'STOCK', 8424683, 'Ngân hàng Thương mại Cổ phần Kỹ thương Việt Nam', 23600, '', '2025-01-15', 23700, 0, 6434200, 153120, 23797.830344098722, 23900, 23650, 's', 156700, 186700, 0, 1590552461, 153120.30000000002, 64342, 23600, 0, 8200, 23750, 44300, 23700, 171100, 0, 121300, 21950, 1700, 23650, 500, '2025-01-15 07:35:02']]
[2025-01-15T07:35:04.539+0000] {python.py:240} INFO - Done. Returned value was: None
[2025-01-15T07:35:04.546+0000] {taskinstance.py:340} INFO - ::group::Post task execution logs
[2025-01-15T07:35:04.547+0000] {taskinstance.py:352} INFO - Marking task as SUCCESS. dag_id=stock_information, task_id=append_to_database, run_id=scheduled__2025-01-15T07:34:00+00:00, execution_date=20250115T073400, start_date=20250115T073504, end_date=20250115T073504
[2025-01-15T07:35:04.598+0000] {local_task_job_runner.py:266} INFO - Task exited with return code 0
[2025-01-15T07:35:04.616+0000] {taskinstance.py:3895} INFO - 0 downstream tasks scheduled from follow-on schedule check
[2025-01-15T07:35:04.621+0000] {local_task_job_runner.py:245} INFO - ::endgroup::
