[2025-01-16T02:48:04.743+0000] {local_task_job_runner.py:123} INFO - ::group::Pre task execution logs
[2025-01-16T02:48:04.757+0000] {taskinstance.py:2613} INFO - Dependencies all met for dep_context=non-requeueable deps ti=<TaskInstance: stock_information.append_to_database scheduled__2025-01-16T02:47:00+00:00 [queued]>
[2025-01-16T02:48:04.765+0000] {taskinstance.py:2613} INFO - Dependencies all met for dep_context=requeueable deps ti=<TaskInstance: stock_information.append_to_database scheduled__2025-01-16T02:47:00+00:00 [queued]>
[2025-01-16T02:48:04.767+0000] {taskinstance.py:2866} INFO - Starting attempt 1 of 1
[2025-01-16T02:48:04.782+0000] {taskinstance.py:2889} INFO - Executing <Task(PythonOperator): append_to_database> on 2025-01-16 02:47:00+00:00
[2025-01-16T02:48:04.789+0000] {standard_task_runner.py:72} INFO - Started process 566 to run task
[2025-01-16T02:48:04.792+0000] {standard_task_runner.py:104} INFO - Running: ['airflow', 'tasks', 'run', 'stock_information', 'append_to_database', 'scheduled__2025-01-16T02:47:00+00:00', '--job-id', '1445', '--raw', '--subdir', 'DAGS_FOLDER/vnstock_stream.py', '--cfg-path', '/tmp/tmph5mqmufk']
[2025-01-16T02:48:04.794+0000] {standard_task_runner.py:105} INFO - Job 1445: Subtask append_to_database
[2025-01-16T02:48:04.833+0000] {task_command.py:467} INFO - Running <TaskInstance: stock_information.append_to_database scheduled__2025-01-16T02:47:00+00:00 [running]> on host 453ac4defedc
[2025-01-16T02:48:04.918+0000] {taskinstance.py:3132} INFO - Exporting env vars: AIRFLOW_CTX_DAG_OWNER='TuanDz' AIRFLOW_CTX_DAG_ID='stock_information' AIRFLOW_CTX_TASK_ID='append_to_database' AIRFLOW_CTX_EXECUTION_DATE='2025-01-16T02:47:00+00:00' AIRFLOW_CTX_TRY_NUMBER='1' AIRFLOW_CTX_DAG_RUN_ID='scheduled__2025-01-16T02:47:00+00:00'
[2025-01-16T02:48:04.920+0000] {taskinstance.py:731} INFO - ::endgroup::
[2025-01-16T02:48:04.982+0000] {logging_mixin.py:190} INFO - Kết nối thành công!
[2025-01-16T02:48:04.983+0000] {logging_mixin.py:190} INFO - <class 'str'>
[2025-01-16T02:48:04.985+0000] {logging_mixin.py:190} INFO - [['TCB', 25350, 22050, 23700, 'STOCK', 'HSX', '', 7045021622, 'STOCK', 8424683, 'Ngân hàng Thương mại Cổ phần Kỹ thương Việt Nam', 23700, '', '2025-01-16', 23850, 300, 1924300, 45940, 23873.61637998233, 23950, 23800, 's', 0, 0, 0, 1590552461, 45940.799999999814, 19243, 23700, 23850, 700, 23800, 171800, 23750, 130700, 23900, 86000, 23950, 209500, 24000, 599600, '2025-01-16 02:48:01']]
[2025-01-16T02:48:04.987+0000] {logging_mixin.py:190} INFO - <class 'list'>
[2025-01-16T02:48:04.988+0000] {logging_mixin.py:190} INFO - [['TCB', 25350, 22050, 23700, 'STOCK', 'HSX', '', 7045021622, 'STOCK', 8424683, 'Ngân hàng Thương mại Cổ phần Kỹ thương Việt Nam', 23700, '', '2025-01-16', 23850, 300, 1924300, 45940, 23873.61637998233, 23950, 23800, 's', 0, 0, 0, 1590552461, 45940.799999999814, 19243, 23700, 23850, 700, 23800, 171800, 23750, 130700, 23900, 86000, 23950, 209500, 24000, 599600, '2025-01-16 02:48:01']]
[2025-01-16T02:48:04.998+0000] {python.py:240} INFO - Done. Returned value was: None
[2025-01-16T02:48:05.007+0000] {taskinstance.py:340} INFO - ::group::Post task execution logs
[2025-01-16T02:48:05.008+0000] {taskinstance.py:352} INFO - Marking task as SUCCESS. dag_id=stock_information, task_id=append_to_database, run_id=scheduled__2025-01-16T02:47:00+00:00, execution_date=20250116T024700, start_date=20250116T024804, end_date=20250116T024805
[2025-01-16T02:48:05.048+0000] {local_task_job_runner.py:266} INFO - Task exited with return code 0
[2025-01-16T02:48:05.063+0000] {taskinstance.py:3895} INFO - 0 downstream tasks scheduled from follow-on schedule check
[2025-01-16T02:48:05.068+0000] {local_task_job_runner.py:245} INFO - ::endgroup::
