[2025-01-15T07:00:04.744+0000] {local_task_job_runner.py:123} INFO - ::group::Pre task execution logs
[2025-01-15T07:00:04.756+0000] {taskinstance.py:2613} INFO - Dependencies all met for dep_context=non-requeueable deps ti=<TaskInstance: stock_information.append_to_database scheduled__2025-01-15T06:59:00+00:00 [queued]>
[2025-01-15T07:00:04.764+0000] {taskinstance.py:2613} INFO - Dependencies all met for dep_context=requeueable deps ti=<TaskInstance: stock_information.append_to_database scheduled__2025-01-15T06:59:00+00:00 [queued]>
[2025-01-15T07:00:04.765+0000] {taskinstance.py:2866} INFO - Starting attempt 1 of 1
[2025-01-15T07:00:04.777+0000] {taskinstance.py:2889} INFO - Executing <Task(PythonOperator): append_to_database> on 2025-01-15 06:59:00+00:00
[2025-01-15T07:00:04.783+0000] {standard_task_runner.py:72} INFO - Started process 7938 to run task
[2025-01-15T07:00:04.785+0000] {standard_task_runner.py:104} INFO - Running: ['airflow', 'tasks', 'run', 'stock_information', 'append_to_database', 'scheduled__2025-01-15T06:59:00+00:00', '--job-id', '1052', '--raw', '--subdir', 'DAGS_FOLDER/vnstock_stream.py', '--cfg-path', '/tmp/tmp5y2ms0fm']
[2025-01-15T07:00:04.788+0000] {standard_task_runner.py:105} INFO - Job 1052: Subtask append_to_database
[2025-01-15T07:00:04.828+0000] {task_command.py:467} INFO - Running <TaskInstance: stock_information.append_to_database scheduled__2025-01-15T06:59:00+00:00 [running]> on host 453ac4defedc
[2025-01-15T07:00:04.905+0000] {taskinstance.py:3132} INFO - Exporting env vars: AIRFLOW_CTX_DAG_OWNER='TuanDz' AIRFLOW_CTX_DAG_ID='stock_information' AIRFLOW_CTX_TASK_ID='append_to_database' AIRFLOW_CTX_EXECUTION_DATE='2025-01-15T06:59:00+00:00' AIRFLOW_CTX_TRY_NUMBER='1' AIRFLOW_CTX_DAG_RUN_ID='scheduled__2025-01-15T06:59:00+00:00'
[2025-01-15T07:00:04.907+0000] {taskinstance.py:731} INFO - ::endgroup::
[2025-01-15T07:00:04.946+0000] {logging_mixin.py:190} INFO - Kết nối thành công!
[2025-01-15T07:00:04.947+0000] {logging_mixin.py:190} INFO - <class 'str'>
[2025-01-15T07:00:04.948+0000] {logging_mixin.py:190} INFO - [['TCB', 25250, 21950, 23600, 'STOCK', 'HSX', '', 7045021622, 'STOCK', 8424683, 'Ngân hàng Thương mại Cổ phần Kỹ thương Việt Nam', 23600, '', '2025-01-15', 23800, 100, 4825200, 114821, 23796.112078255825, 23900, 23650, 'b', 156700, 166700, 0, 1590552461, 114821.80499999979, 48252, 23600, 23750, 189800, 23700, 434500, 23650, 232800, 23800, 113500, 23850, 102700, 23900, 159800, '2025-01-15 07:00:02']]
[2025-01-15T07:00:04.949+0000] {logging_mixin.py:190} INFO - <class 'list'>
[2025-01-15T07:00:04.950+0000] {logging_mixin.py:190} INFO - [['TCB', 25250, 21950, 23600, 'STOCK', 'HSX', '', 7045021622, 'STOCK', 8424683, 'Ngân hàng Thương mại Cổ phần Kỹ thương Việt Nam', 23600, '', '2025-01-15', 23800, 100, 4825200, 114821, 23796.112078255825, 23900, 23650, 'b', 156700, 166700, 0, 1590552461, 114821.80499999979, 48252, 23600, 23750, 189800, 23700, 434500, 23650, 232800, 23800, 113500, 23850, 102700, 23900, 159800, '2025-01-15 07:00:02']]
[2025-01-15T07:00:04.953+0000] {python.py:240} INFO - Done. Returned value was: None
[2025-01-15T07:00:04.963+0000] {taskinstance.py:340} INFO - ::group::Post task execution logs
[2025-01-15T07:00:04.964+0000] {taskinstance.py:352} INFO - Marking task as SUCCESS. dag_id=stock_information, task_id=append_to_database, run_id=scheduled__2025-01-15T06:59:00+00:00, execution_date=20250115T065900, start_date=20250115T070004, end_date=20250115T070004
[2025-01-15T07:00:05.001+0000] {local_task_job_runner.py:266} INFO - Task exited with return code 0
[2025-01-15T07:00:05.013+0000] {taskinstance.py:3895} INFO - 0 downstream tasks scheduled from follow-on schedule check
[2025-01-15T07:00:05.017+0000] {local_task_job_runner.py:245} INFO - ::endgroup::
