[2025-01-15T03:27:05.764+0000] {local_task_job_runner.py:123} INFO - ::group::Pre task execution logs
[2025-01-15T03:27:05.775+0000] {taskinstance.py:2613} INFO - Dependencies all met for dep_context=non-requeueable deps ti=<TaskInstance: stock_information.append_to_database scheduled__2025-01-15T03:26:00+00:00 [queued]>
[2025-01-15T03:27:05.784+0000] {taskinstance.py:2613} INFO - Dependencies all met for dep_context=requeueable deps ti=<TaskInstance: stock_information.append_to_database scheduled__2025-01-15T03:26:00+00:00 [queued]>
[2025-01-15T03:27:05.786+0000] {taskinstance.py:2866} INFO - Starting attempt 1 of 1
[2025-01-15T03:27:05.803+0000] {taskinstance.py:2889} INFO - Executing <Task(PythonOperator): append_to_database> on 2025-01-15 03:26:00+00:00
[2025-01-15T03:27:05.813+0000] {standard_task_runner.py:72} INFO - Started process 1757 to run task
[2025-01-15T03:27:05.816+0000] {standard_task_runner.py:104} INFO - Running: ['airflow', 'tasks', 'run', 'stock_information', 'append_to_database', 'scheduled__2025-01-15T03:26:00+00:00', '--job-id', '626', '--raw', '--subdir', 'DAGS_FOLDER/vnstock_stream.py', '--cfg-path', '/tmp/tmp9v32q3qy']
[2025-01-15T03:27:05.821+0000] {standard_task_runner.py:105} INFO - Job 626: Subtask append_to_database
[2025-01-15T03:27:05.869+0000] {task_command.py:467} INFO - Running <TaskInstance: stock_information.append_to_database scheduled__2025-01-15T03:26:00+00:00 [running]> on host 453ac4defedc
[2025-01-15T03:27:05.955+0000] {taskinstance.py:3132} INFO - Exporting env vars: AIRFLOW_CTX_DAG_OWNER='TuanDz' AIRFLOW_CTX_DAG_ID='stock_information' AIRFLOW_CTX_TASK_ID='append_to_database' AIRFLOW_CTX_EXECUTION_DATE='2025-01-15T03:26:00+00:00' AIRFLOW_CTX_TRY_NUMBER='1' AIRFLOW_CTX_DAG_RUN_ID='scheduled__2025-01-15T03:26:00+00:00'
[2025-01-15T03:27:05.958+0000] {taskinstance.py:731} INFO - ::endgroup::
[2025-01-15T03:27:05.993+0000] {logging_mixin.py:190} INFO - Kết nối thành công!
[2025-01-15T03:27:05.994+0000] {logging_mixin.py:190} INFO - <class 'str'>
[2025-01-15T03:27:05.994+0000] {logging_mixin.py:190} INFO - [['TCB', 25250, 21950, 23600, 'STOCK', 'HSX', '', 7045021622, 'STOCK', 8424683, 'Ngân hàng Thương mại Cổ phần Kỹ thương Việt Nam', 23600, '', '2025-01-15', 23700, 100, 1009700, 23959, 23728.83034564722, 23800, 23650, 'b', 0, 0, 0, 1590552461, 23959.675000000003, 10097, 23600, 23650, 213700, 23600, 336600, 23550, 181100, 23700, 200, 23750, 48600, 23800, 190600, '2025-01-15 03:27:03']]
[2025-01-15T03:27:05.995+0000] {logging_mixin.py:190} INFO - <class 'list'>
[2025-01-15T03:27:05.996+0000] {logging_mixin.py:190} INFO - [['TCB', 25250, 21950, 23600, 'STOCK', 'HSX', '', 7045021622, 'STOCK', 8424683, 'Ngân hàng Thương mại Cổ phần Kỹ thương Việt Nam', 23600, '', '2025-01-15', 23700, 100, 1009700, 23959, 23728.83034564722, 23800, 23650, 'b', 0, 0, 0, 1590552461, 23959.675000000003, 10097, 23600, 23650, 213700, 23600, 336600, 23550, 181100, 23700, 200, 23750, 48600, 23800, 190600, '2025-01-15 03:27:03']]
[2025-01-15T03:27:05.998+0000] {python.py:240} INFO - Done. Returned value was: None
[2025-01-15T03:27:06.005+0000] {taskinstance.py:340} INFO - ::group::Post task execution logs
[2025-01-15T03:27:06.006+0000] {taskinstance.py:352} INFO - Marking task as SUCCESS. dag_id=stock_information, task_id=append_to_database, run_id=scheduled__2025-01-15T03:26:00+00:00, execution_date=20250115T032600, start_date=20250115T032705, end_date=20250115T032706
[2025-01-15T03:27:06.032+0000] {local_task_job_runner.py:266} INFO - Task exited with return code 0
[2025-01-15T03:27:06.046+0000] {taskinstance.py:3895} INFO - 0 downstream tasks scheduled from follow-on schedule check
[2025-01-15T03:27:06.051+0000] {local_task_job_runner.py:245} INFO - ::endgroup::
