[2025-01-15T02:53:05.586+0000] {local_task_job_runner.py:123} INFO - ::group::Pre task execution logs
[2025-01-15T02:53:05.600+0000] {taskinstance.py:2613} INFO - Dependencies all met for dep_context=non-requeueable deps ti=<TaskInstance: stock_information.append_to_database scheduled__2025-01-15T02:52:00+00:00 [queued]>
[2025-01-15T02:53:05.609+0000] {taskinstance.py:2613} INFO - Dependencies all met for dep_context=requeueable deps ti=<TaskInstance: stock_information.append_to_database scheduled__2025-01-15T02:52:00+00:00 [queued]>
[2025-01-15T02:53:05.610+0000] {taskinstance.py:2866} INFO - Starting attempt 1 of 1
[2025-01-15T02:53:05.623+0000] {taskinstance.py:2889} INFO - Executing <Task(PythonOperator): append_to_database> on 2025-01-15 02:52:00+00:00
[2025-01-15T02:53:05.629+0000] {standard_task_runner.py:72} INFO - Started process 760 to run task
[2025-01-15T02:53:05.632+0000] {standard_task_runner.py:104} INFO - Running: ['airflow', 'tasks', 'run', 'stock_information', 'append_to_database', 'scheduled__2025-01-15T02:52:00+00:00', '--job-id', '558', '--raw', '--subdir', 'DAGS_FOLDER/vnstock_stream.py', '--cfg-path', '/tmp/tmpabvp3kr6']
[2025-01-15T02:53:05.635+0000] {standard_task_runner.py:105} INFO - Job 558: Subtask append_to_database
[2025-01-15T02:53:05.676+0000] {task_command.py:467} INFO - Running <TaskInstance: stock_information.append_to_database scheduled__2025-01-15T02:52:00+00:00 [running]> on host 453ac4defedc
[2025-01-15T02:53:05.768+0000] {taskinstance.py:3132} INFO - Exporting env vars: AIRFLOW_CTX_DAG_OWNER='TuanDz' AIRFLOW_CTX_DAG_ID='stock_information' AIRFLOW_CTX_TASK_ID='append_to_database' AIRFLOW_CTX_EXECUTION_DATE='2025-01-15T02:52:00+00:00' AIRFLOW_CTX_TRY_NUMBER='1' AIRFLOW_CTX_DAG_RUN_ID='scheduled__2025-01-15T02:52:00+00:00'
[2025-01-15T02:53:05.771+0000] {taskinstance.py:731} INFO - ::endgroup::
[2025-01-15T02:53:05.819+0000] {logging_mixin.py:190} INFO - Kết nối thành công!
[2025-01-15T02:53:05.820+0000] {logging_mixin.py:190} INFO - <class 'str'>
[2025-01-15T02:53:05.821+0000] {logging_mixin.py:190} INFO - [['TCB', 25250, 21950, 23600, 'STOCK', 'HSX', '', 7045021622, 'STOCK', 8424683, 'Ngân hàng Thương mại Cổ phần Kỹ thương Việt Nam', 23600, '', '2025-01-15', 23700, 100, 391600, 9298, 23743.61593462717, 23800, 23650, 's', 0, 0, 0, 1590552461, 9298.25, 3916, 23600, 23700, 243000, 23650, 55000, 23600, 101000, 23750, 102600, 23800, 161000, 23850, 124600, '2025-01-15 02:53:03']]
[2025-01-15T02:53:05.821+0000] {logging_mixin.py:190} INFO - <class 'list'>
[2025-01-15T02:53:05.822+0000] {logging_mixin.py:190} INFO - [['TCB', 25250, 21950, 23600, 'STOCK', 'HSX', '', 7045021622, 'STOCK', 8424683, 'Ngân hàng Thương mại Cổ phần Kỹ thương Việt Nam', 23600, '', '2025-01-15', 23700, 100, 391600, 9298, 23743.61593462717, 23800, 23650, 's', 0, 0, 0, 1590552461, 9298.25, 3916, 23600, 23700, 243000, 23650, 55000, 23600, 101000, 23750, 102600, 23800, 161000, 23850, 124600, '2025-01-15 02:53:03']]
[2025-01-15T02:53:05.824+0000] {python.py:240} INFO - Done. Returned value was: None
[2025-01-15T02:53:05.831+0000] {taskinstance.py:340} INFO - ::group::Post task execution logs
[2025-01-15T02:53:05.832+0000] {taskinstance.py:352} INFO - Marking task as SUCCESS. dag_id=stock_information, task_id=append_to_database, run_id=scheduled__2025-01-15T02:52:00+00:00, execution_date=20250115T025200, start_date=20250115T025305, end_date=20250115T025305
[2025-01-15T02:53:05.887+0000] {local_task_job_runner.py:266} INFO - Task exited with return code 0
[2025-01-15T02:53:05.902+0000] {taskinstance.py:3895} INFO - 0 downstream tasks scheduled from follow-on schedule check
[2025-01-15T02:53:05.906+0000] {local_task_job_runner.py:245} INFO - ::endgroup::
