[2025-01-17T02:52:04.079+0000] {local_task_job_runner.py:123} INFO - ::group::Pre task execution logs
[2025-01-17T02:52:04.091+0000] {taskinstance.py:2613} INFO - Dependencies all met for dep_context=non-requeueable deps ti=<TaskInstance: stock_information.append_to_database scheduled__2025-01-17T02:51:00+00:00 [queued]>
[2025-01-17T02:52:04.099+0000] {taskinstance.py:2613} INFO - Dependencies all met for dep_context=requeueable deps ti=<TaskInstance: stock_information.append_to_database scheduled__2025-01-17T02:51:00+00:00 [queued]>
[2025-01-17T02:52:04.100+0000] {taskinstance.py:2866} INFO - Starting attempt 1 of 1
[2025-01-17T02:52:04.111+0000] {taskinstance.py:2889} INFO - Executing <Task(PythonOperator): append_to_database> on 2025-01-17 02:51:00+00:00
[2025-01-17T02:52:04.116+0000] {standard_task_runner.py:72} INFO - Started process 2187 to run task
[2025-01-17T02:52:04.118+0000] {standard_task_runner.py:104} INFO - Running: ['airflow', 'tasks', 'run', 'stock_information', 'append_to_database', 'scheduled__2025-01-17T02:51:00+00:00', '--job-id', '2356', '--raw', '--subdir', 'DAGS_FOLDER/vnstock_stream.py', '--cfg-path', '/tmp/tmp7sxeiol1']
[2025-01-17T02:52:04.120+0000] {standard_task_runner.py:105} INFO - Job 2356: Subtask append_to_database
[2025-01-17T02:52:04.155+0000] {task_command.py:467} INFO - Running <TaskInstance: stock_information.append_to_database scheduled__2025-01-17T02:51:00+00:00 [running]> on host 453ac4defedc
[2025-01-17T02:52:04.232+0000] {taskinstance.py:3132} INFO - Exporting env vars: AIRFLOW_CTX_DAG_OWNER='TuanDz' AIRFLOW_CTX_DAG_ID='stock_information' AIRFLOW_CTX_TASK_ID='append_to_database' AIRFLOW_CTX_EXECUTION_DATE='2025-01-17T02:51:00+00:00' AIRFLOW_CTX_TRY_NUMBER='1' AIRFLOW_CTX_DAG_RUN_ID='scheduled__2025-01-17T02:51:00+00:00'
[2025-01-17T02:52:04.234+0000] {taskinstance.py:731} INFO - ::endgroup::
[2025-01-17T02:52:04.299+0000] {logging_mixin.py:190} INFO - Kết nối thành công!
[2025-01-17T02:52:04.300+0000] {logging_mixin.py:190} INFO - <class 'str'>
[2025-01-17T02:52:04.301+0000] {logging_mixin.py:190} INFO - [['TCB', 25500, 22200, 23850, 'STOCK', 'HSX', '', 7045021622, 'STOCK', 8424683, 'Ngân hàng Thương mại Cổ phần Kỹ thương Việt Nam', 23850, '', '2025-01-17', 23850, 300, 249900, 5950, 23809.52380952381, 23900, 23750, 'b', 5300, 20700, 0, 1590552461, 5950.195000000011, 2499, 23850, 23800, 170900, 23750, 66000, 23700, 54000, 23850, 25700, 23900, 183500, 23950, 316300, '2025-01-17 02:52:02']]
[2025-01-17T02:52:04.302+0000] {logging_mixin.py:190} INFO - <class 'list'>
[2025-01-17T02:52:04.303+0000] {logging_mixin.py:190} INFO - [['TCB', 25500, 22200, 23850, 'STOCK', 'HSX', '', 7045021622, 'STOCK', 8424683, 'Ngân hàng Thương mại Cổ phần Kỹ thương Việt Nam', 23850, '', '2025-01-17', 23850, 300, 249900, 5950, 23809.52380952381, 23900, 23750, 'b', 5300, 20700, 0, 1590552461, 5950.195000000011, 2499, 23850, 23800, 170900, 23750, 66000, 23700, 54000, 23850, 25700, 23900, 183500, 23950, 316300, '2025-01-17 02:52:02']]
[2025-01-17T02:52:04.311+0000] {python.py:240} INFO - Done. Returned value was: None
[2025-01-17T02:52:04.321+0000] {taskinstance.py:340} INFO - ::group::Post task execution logs
[2025-01-17T02:52:04.322+0000] {taskinstance.py:352} INFO - Marking task as SUCCESS. dag_id=stock_information, task_id=append_to_database, run_id=scheduled__2025-01-17T02:51:00+00:00, execution_date=20250117T025100, start_date=20250117T025204, end_date=20250117T025204
[2025-01-17T02:52:04.372+0000] {local_task_job_runner.py:266} INFO - Task exited with return code 0
[2025-01-17T02:52:04.388+0000] {taskinstance.py:3895} INFO - 0 downstream tasks scheduled from follow-on schedule check
[2025-01-17T02:52:04.393+0000] {local_task_job_runner.py:245} INFO - ::endgroup::
