[2025-01-15T07:43:04.200+0000] {local_task_job_runner.py:123} INFO - ::group::Pre task execution logs
[2025-01-15T07:43:04.214+0000] {taskinstance.py:2613} INFO - Dependencies all met for dep_context=non-requeueable deps ti=<TaskInstance: stock_information.append_to_database scheduled__2025-01-15T07:42:00+00:00 [queued]>
[2025-01-15T07:43:04.221+0000] {taskinstance.py:2613} INFO - Dependencies all met for dep_context=requeueable deps ti=<TaskInstance: stock_information.append_to_database scheduled__2025-01-15T07:42:00+00:00 [queued]>
[2025-01-15T07:43:04.222+0000] {taskinstance.py:2866} INFO - Starting attempt 1 of 1
[2025-01-15T07:43:04.234+0000] {taskinstance.py:2889} INFO - Executing <Task(PythonOperator): append_to_database> on 2025-01-15 07:42:00+00:00
[2025-01-15T07:43:04.240+0000] {standard_task_runner.py:72} INFO - Started process 9196 to run task
[2025-01-15T07:43:04.243+0000] {standard_task_runner.py:104} INFO - Running: ['airflow', 'tasks', 'run', 'stock_information', 'append_to_database', 'scheduled__2025-01-15T07:42:00+00:00', '--job-id', '1138', '--raw', '--subdir', 'DAGS_FOLDER/vnstock_stream.py', '--cfg-path', '/tmp/tmpuyxg_ekf']
[2025-01-15T07:43:04.246+0000] {standard_task_runner.py:105} INFO - Job 1138: Subtask append_to_database
[2025-01-15T07:43:04.286+0000] {task_command.py:467} INFO - Running <TaskInstance: stock_information.append_to_database scheduled__2025-01-15T07:42:00+00:00 [running]> on host 453ac4defedc
[2025-01-15T07:43:04.381+0000] {taskinstance.py:3132} INFO - Exporting env vars: AIRFLOW_CTX_DAG_OWNER='TuanDz' AIRFLOW_CTX_DAG_ID='stock_information' AIRFLOW_CTX_TASK_ID='append_to_database' AIRFLOW_CTX_EXECUTION_DATE='2025-01-15T07:42:00+00:00' AIRFLOW_CTX_TRY_NUMBER='1' AIRFLOW_CTX_DAG_RUN_ID='scheduled__2025-01-15T07:42:00+00:00'
[2025-01-15T07:43:04.384+0000] {taskinstance.py:731} INFO - ::endgroup::
[2025-01-15T07:43:04.442+0000] {logging_mixin.py:190} INFO - Kết nối thành công!
[2025-01-15T07:43:04.445+0000] {logging_mixin.py:190} INFO - <class 'str'>
[2025-01-15T07:43:04.447+0000] {logging_mixin.py:190} INFO - [['TCB', 25250, 21950, 23600, 'STOCK', 'HSX', '', 7045021622, 'STOCK', 8424683, 'Ngân hàng Thương mại Cổ phần Kỹ thương Việt Nam', 23600, '', '2025-01-15', 23700, 0, 6434200, 153120, 23797.830344098722, 23900, 23650, 's', 156700, 186700, 0, 1590552461, 153120.30000000002, 64342, 23600, 0, 25100, 23750, 52500, 23700, 218300, 0, 130100, 21950, 1700, 23650, 1500, '2025-01-15 07:43:02']]
[2025-01-15T07:43:04.449+0000] {logging_mixin.py:190} INFO - <class 'list'>
[2025-01-15T07:43:04.451+0000] {logging_mixin.py:190} INFO - [['TCB', 25250, 21950, 23600, 'STOCK', 'HSX', '', 7045021622, 'STOCK', 8424683, 'Ngân hàng Thương mại Cổ phần Kỹ thương Việt Nam', 23600, '', '2025-01-15', 23700, 0, 6434200, 153120, 23797.830344098722, 23900, 23650, 's', 156700, 186700, 0, 1590552461, 153120.30000000002, 64342, 23600, 0, 25100, 23750, 52500, 23700, 218300, 0, 130100, 21950, 1700, 23650, 1500, '2025-01-15 07:43:02']]
[2025-01-15T07:43:04.459+0000] {python.py:240} INFO - Done. Returned value was: None
[2025-01-15T07:43:04.469+0000] {taskinstance.py:340} INFO - ::group::Post task execution logs
[2025-01-15T07:43:04.471+0000] {taskinstance.py:352} INFO - Marking task as SUCCESS. dag_id=stock_information, task_id=append_to_database, run_id=scheduled__2025-01-15T07:42:00+00:00, execution_date=20250115T074200, start_date=20250115T074304, end_date=20250115T074304
[2025-01-15T07:43:04.498+0000] {local_task_job_runner.py:266} INFO - Task exited with return code 0
[2025-01-15T07:43:04.512+0000] {taskinstance.py:3895} INFO - 0 downstream tasks scheduled from follow-on schedule check
[2025-01-15T07:43:04.518+0000] {local_task_job_runner.py:245} INFO - ::endgroup::
