[2025-01-15T06:04:06.098+0000] {local_task_job_runner.py:123} INFO - ::group::Pre task execution logs
[2025-01-15T06:04:06.111+0000] {taskinstance.py:2613} INFO - Dependencies all met for dep_context=non-requeueable deps ti=<TaskInstance: stock_information.append_to_database scheduled__2025-01-15T06:03:00+00:00 [queued]>
[2025-01-15T06:04:06.119+0000] {taskinstance.py:2613} INFO - Dependencies all met for dep_context=requeueable deps ti=<TaskInstance: stock_information.append_to_database scheduled__2025-01-15T06:03:00+00:00 [queued]>
[2025-01-15T06:04:06.121+0000] {taskinstance.py:2866} INFO - Starting attempt 1 of 1
[2025-01-15T06:04:06.134+0000] {taskinstance.py:2889} INFO - Executing <Task(PythonOperator): append_to_database> on 2025-01-15 06:03:00+00:00
[2025-01-15T06:04:06.140+0000] {standard_task_runner.py:72} INFO - Started process 6310 to run task
[2025-01-15T06:04:06.143+0000] {standard_task_runner.py:104} INFO - Running: ['airflow', 'tasks', 'run', 'stock_information', 'append_to_database', 'scheduled__2025-01-15T06:03:00+00:00', '--job-id', '940', '--raw', '--subdir', 'DAGS_FOLDER/vnstock_stream.py', '--cfg-path', '/tmp/tmpbop1nig4']
[2025-01-15T06:04:06.146+0000] {standard_task_runner.py:105} INFO - Job 940: Subtask append_to_database
[2025-01-15T06:04:06.189+0000] {task_command.py:467} INFO - Running <TaskInstance: stock_information.append_to_database scheduled__2025-01-15T06:03:00+00:00 [running]> on host 453ac4defedc
[2025-01-15T06:04:06.270+0000] {taskinstance.py:3132} INFO - Exporting env vars: AIRFLOW_CTX_DAG_OWNER='TuanDz' AIRFLOW_CTX_DAG_ID='stock_information' AIRFLOW_CTX_TASK_ID='append_to_database' AIRFLOW_CTX_EXECUTION_DATE='2025-01-15T06:03:00+00:00' AIRFLOW_CTX_TRY_NUMBER='1' AIRFLOW_CTX_DAG_RUN_ID='scheduled__2025-01-15T06:03:00+00:00'
[2025-01-15T06:04:06.273+0000] {taskinstance.py:731} INFO - ::endgroup::
[2025-01-15T06:04:06.312+0000] {logging_mixin.py:190} INFO - Kết nối thành công!
[2025-01-15T06:04:06.313+0000] {logging_mixin.py:190} INFO - <class 'str'>
[2025-01-15T06:04:06.314+0000] {logging_mixin.py:190} INFO - [['TCB', 25250, 21950, 23600, 'STOCK', 'HSX', '', 7045021622, 'STOCK', 8424683, 'Ngân hàng Thương mại Cổ phần Kỹ thương Việt Nam', 23600, '', '2025-01-15', 23850, 7000, 2715900, 64591, 23782.539857874002, 23900, 23650, 's', 0, 0, 0, 1590552461, 64591.87999999992, 27159, 23600, 23850, 32300, 23800, 97900, 23750, 281000, 23900, 15600, 23950, 190700, 24000, 808800, '2025-01-15 06:04:04']]
[2025-01-15T06:04:06.315+0000] {logging_mixin.py:190} INFO - <class 'list'>
[2025-01-15T06:04:06.315+0000] {logging_mixin.py:190} INFO - [['TCB', 25250, 21950, 23600, 'STOCK', 'HSX', '', 7045021622, 'STOCK', 8424683, 'Ngân hàng Thương mại Cổ phần Kỹ thương Việt Nam', 23600, '', '2025-01-15', 23850, 7000, 2715900, 64591, 23782.539857874002, 23900, 23650, 's', 0, 0, 0, 1590552461, 64591.87999999992, 27159, 23600, 23850, 32300, 23800, 97900, 23750, 281000, 23900, 15600, 23950, 190700, 24000, 808800, '2025-01-15 06:04:04']]
[2025-01-15T06:04:06.317+0000] {python.py:240} INFO - Done. Returned value was: None
[2025-01-15T06:04:06.324+0000] {taskinstance.py:340} INFO - ::group::Post task execution logs
[2025-01-15T06:04:06.325+0000] {taskinstance.py:352} INFO - Marking task as SUCCESS. dag_id=stock_information, task_id=append_to_database, run_id=scheduled__2025-01-15T06:03:00+00:00, execution_date=20250115T060300, start_date=20250115T060406, end_date=20250115T060406
[2025-01-15T06:04:06.358+0000] {local_task_job_runner.py:266} INFO - Task exited with return code 0
[2025-01-15T06:04:06.376+0000] {taskinstance.py:3895} INFO - 0 downstream tasks scheduled from follow-on schedule check
[2025-01-15T06:04:06.380+0000] {local_task_job_runner.py:245} INFO - ::endgroup::
