[2025-01-15T02:43:05.226+0000] {local_task_job_runner.py:123} INFO - ::group::Pre task execution logs
[2025-01-15T02:43:05.240+0000] {taskinstance.py:2613} INFO - Dependencies all met for dep_context=non-requeueable deps ti=<TaskInstance: stock_information.append_to_database scheduled__2025-01-15T02:42:00+00:00 [queued]>
[2025-01-15T02:43:05.249+0000] {taskinstance.py:2613} INFO - Dependencies all met for dep_context=requeueable deps ti=<TaskInstance: stock_information.append_to_database scheduled__2025-01-15T02:42:00+00:00 [queued]>
[2025-01-15T02:43:05.250+0000] {taskinstance.py:2866} INFO - Starting attempt 1 of 1
[2025-01-15T02:43:05.263+0000] {taskinstance.py:2889} INFO - Executing <Task(PythonOperator): append_to_database> on 2025-01-15 02:42:00+00:00
[2025-01-15T02:43:05.270+0000] {standard_task_runner.py:72} INFO - Started process 470 to run task
[2025-01-15T02:43:05.272+0000] {standard_task_runner.py:104} INFO - Running: ['airflow', 'tasks', 'run', 'stock_information', 'append_to_database', 'scheduled__2025-01-15T02:42:00+00:00', '--job-id', '538', '--raw', '--subdir', 'DAGS_FOLDER/vnstock_stream.py', '--cfg-path', '/tmp/tmp_ea_iojb']
[2025-01-15T02:43:05.275+0000] {standard_task_runner.py:105} INFO - Job 538: Subtask append_to_database
[2025-01-15T02:43:05.317+0000] {task_command.py:467} INFO - Running <TaskInstance: stock_information.append_to_database scheduled__2025-01-15T02:42:00+00:00 [running]> on host 453ac4defedc
[2025-01-15T02:43:05.402+0000] {taskinstance.py:3132} INFO - Exporting env vars: AIRFLOW_CTX_DAG_OWNER='TuanDz' AIRFLOW_CTX_DAG_ID='stock_information' AIRFLOW_CTX_TASK_ID='append_to_database' AIRFLOW_CTX_EXECUTION_DATE='2025-01-15T02:42:00+00:00' AIRFLOW_CTX_TRY_NUMBER='1' AIRFLOW_CTX_DAG_RUN_ID='scheduled__2025-01-15T02:42:00+00:00'
[2025-01-15T02:43:05.404+0000] {taskinstance.py:731} INFO - ::endgroup::
[2025-01-15T02:43:05.440+0000] {logging_mixin.py:190} INFO - Kết nối thành công!
[2025-01-15T02:43:05.441+0000] {logging_mixin.py:190} INFO - <class 'str'>
[2025-01-15T02:43:05.442+0000] {logging_mixin.py:190} INFO - [['TCB', 25250, 21950, 23600, 'STOCK', 'HSX', '', 7045021622, 'STOCK', 8424683, 'Ngân hàng Thương mại Cổ phần Kỹ thương Việt Nam', 23600, '', '2025-01-15', 23700, 100, 346100, 8218, 23744.58249060965, 23800, 23650, 's', 0, 0, 0, 1590552461, 8218.994999999997, 3461, 23600, 23700, 197800, 23650, 53800, 23600, 106200, 23750, 94500, 23800, 142700, 23850, 118300, '2025-01-15 02:43:02']]
[2025-01-15T02:43:05.443+0000] {logging_mixin.py:190} INFO - <class 'list'>
[2025-01-15T02:43:05.443+0000] {logging_mixin.py:190} INFO - [['TCB', 25250, 21950, 23600, 'STOCK', 'HSX', '', 7045021622, 'STOCK', 8424683, 'Ngân hàng Thương mại Cổ phần Kỹ thương Việt Nam', 23600, '', '2025-01-15', 23700, 100, 346100, 8218, 23744.58249060965, 23800, 23650, 's', 0, 0, 0, 1590552461, 8218.994999999997, 3461, 23600, 23700, 197800, 23650, 53800, 23600, 106200, 23750, 94500, 23800, 142700, 23850, 118300, '2025-01-15 02:43:02']]
[2025-01-15T02:43:05.445+0000] {python.py:240} INFO - Done. Returned value was: None
[2025-01-15T02:43:05.452+0000] {taskinstance.py:340} INFO - ::group::Post task execution logs
[2025-01-15T02:43:05.453+0000] {taskinstance.py:352} INFO - Marking task as SUCCESS. dag_id=stock_information, task_id=append_to_database, run_id=scheduled__2025-01-15T02:42:00+00:00, execution_date=20250115T024200, start_date=20250115T024305, end_date=20250115T024305
[2025-01-15T02:43:05.488+0000] {local_task_job_runner.py:266} INFO - Task exited with return code 0
[2025-01-15T02:43:05.505+0000] {taskinstance.py:3895} INFO - 0 downstream tasks scheduled from follow-on schedule check
[2025-01-15T02:43:05.510+0000] {local_task_job_runner.py:245} INFO - ::endgroup::
