[2025-01-16T03:58:05.415+0000] {local_task_job_runner.py:123} INFO - ::group::Pre task execution logs
[2025-01-16T03:58:05.427+0000] {taskinstance.py:2613} INFO - Dependencies all met for dep_context=non-requeueable deps ti=<TaskInstance: stock_information.append_to_database scheduled__2025-01-16T03:57:00+00:00 [queued]>
[2025-01-16T03:58:05.434+0000] {taskinstance.py:2613} INFO - Dependencies all met for dep_context=requeueable deps ti=<TaskInstance: stock_information.append_to_database scheduled__2025-01-16T03:57:00+00:00 [queued]>
[2025-01-16T03:58:05.436+0000] {taskinstance.py:2866} INFO - Starting attempt 1 of 1
[2025-01-16T03:58:05.449+0000] {taskinstance.py:2889} INFO - Executing <Task(PythonOperator): append_to_database> on 2025-01-16 03:57:00+00:00
[2025-01-16T03:58:05.456+0000] {standard_task_runner.py:72} INFO - Started process 2614 to run task
[2025-01-16T03:58:05.458+0000] {standard_task_runner.py:104} INFO - Running: ['airflow', 'tasks', 'run', 'stock_information', 'append_to_database', 'scheduled__2025-01-16T03:57:00+00:00', '--job-id', '1585', '--raw', '--subdir', 'DAGS_FOLDER/vnstock_stream.py', '--cfg-path', '/tmp/tmp9fblatwj']
[2025-01-16T03:58:05.461+0000] {standard_task_runner.py:105} INFO - Job 1585: Subtask append_to_database
[2025-01-16T03:58:05.499+0000] {task_command.py:467} INFO - Running <TaskInstance: stock_information.append_to_database scheduled__2025-01-16T03:57:00+00:00 [running]> on host 453ac4defedc
[2025-01-16T03:58:05.579+0000] {taskinstance.py:3132} INFO - Exporting env vars: AIRFLOW_CTX_DAG_OWNER='TuanDz' AIRFLOW_CTX_DAG_ID='stock_information' AIRFLOW_CTX_TASK_ID='append_to_database' AIRFLOW_CTX_EXECUTION_DATE='2025-01-16T03:57:00+00:00' AIRFLOW_CTX_TRY_NUMBER='1' AIRFLOW_CTX_DAG_RUN_ID='scheduled__2025-01-16T03:57:00+00:00'
[2025-01-16T03:58:05.581+0000] {taskinstance.py:731} INFO - ::endgroup::
[2025-01-16T03:58:05.629+0000] {logging_mixin.py:190} INFO - Kết nối thành công!
[2025-01-16T03:58:05.630+0000] {logging_mixin.py:190} INFO - <class 'str'>
[2025-01-16T03:58:05.630+0000] {logging_mixin.py:190} INFO - [['TCB', 25350, 22050, 23700, 'STOCK', 'HSX', '', 7045021622, 'STOCK', 8424683, 'Ngân hàng Thương mại Cổ phần Kỹ thương Việt Nam', 23700, '', '2025-01-16', 23750, 4000, 3062900, 73046, 23848.640177609454, 23950, 23750, 's', 0, 0, 0, 1590552461, 73046.34499999999, 30629, 23700, 23750, 214900, 23700, 268800, 23650, 18500, 23800, 10100, 23850, 195700, 23900, 270400, '2025-01-16 03:58:02']]
[2025-01-16T03:58:05.631+0000] {logging_mixin.py:190} INFO - <class 'list'>
[2025-01-16T03:58:05.632+0000] {logging_mixin.py:190} INFO - [['TCB', 25350, 22050, 23700, 'STOCK', 'HSX', '', 7045021622, 'STOCK', 8424683, 'Ngân hàng Thương mại Cổ phần Kỹ thương Việt Nam', 23700, '', '2025-01-16', 23750, 4000, 3062900, 73046, 23848.640177609454, 23950, 23750, 's', 0, 0, 0, 1590552461, 73046.34499999999, 30629, 23700, 23750, 214900, 23700, 268800, 23650, 18500, 23800, 10100, 23850, 195700, 23900, 270400, '2025-01-16 03:58:02']]
[2025-01-16T03:58:05.636+0000] {python.py:240} INFO - Done. Returned value was: None
[2025-01-16T03:58:05.642+0000] {taskinstance.py:340} INFO - ::group::Post task execution logs
[2025-01-16T03:58:05.643+0000] {taskinstance.py:352} INFO - Marking task as SUCCESS. dag_id=stock_information, task_id=append_to_database, run_id=scheduled__2025-01-16T03:57:00+00:00, execution_date=20250116T035700, start_date=20250116T035805, end_date=20250116T035805
[2025-01-16T03:58:05.674+0000] {local_task_job_runner.py:266} INFO - Task exited with return code 0
[2025-01-16T03:58:05.690+0000] {taskinstance.py:3895} INFO - 0 downstream tasks scheduled from follow-on schedule check
[2025-01-16T03:58:05.695+0000] {local_task_job_runner.py:245} INFO - ::endgroup::
