[2025-01-15T04:26:04.430+0000] {local_task_job_runner.py:123} INFO - ::group::Pre task execution logs
[2025-01-15T04:26:04.443+0000] {taskinstance.py:2613} INFO - Dependencies all met for dep_context=non-requeueable deps ti=<TaskInstance: stock_information.append_to_database scheduled__2025-01-15T04:25:00+00:00 [queued]>
[2025-01-15T04:26:04.450+0000] {taskinstance.py:2613} INFO - Dependencies all met for dep_context=requeueable deps ti=<TaskInstance: stock_information.append_to_database scheduled__2025-01-15T04:25:00+00:00 [queued]>
[2025-01-15T04:26:04.452+0000] {taskinstance.py:2866} INFO - Starting attempt 1 of 1
[2025-01-15T04:26:04.464+0000] {taskinstance.py:2889} INFO - Executing <Task(PythonOperator): append_to_database> on 2025-01-15 04:25:00+00:00
[2025-01-15T04:26:04.470+0000] {standard_task_runner.py:72} INFO - Started process 3475 to run task
[2025-01-15T04:26:04.473+0000] {standard_task_runner.py:104} INFO - Running: ['airflow', 'tasks', 'run', 'stock_information', 'append_to_database', 'scheduled__2025-01-15T04:25:00+00:00', '--job-id', '744', '--raw', '--subdir', 'DAGS_FOLDER/vnstock_stream.py', '--cfg-path', '/tmp/tmp3uaz3tsk']
[2025-01-15T04:26:04.476+0000] {standard_task_runner.py:105} INFO - Job 744: Subtask append_to_database
[2025-01-15T04:26:04.515+0000] {task_command.py:467} INFO - Running <TaskInstance: stock_information.append_to_database scheduled__2025-01-15T04:25:00+00:00 [running]> on host 453ac4defedc
[2025-01-15T04:26:04.591+0000] {taskinstance.py:3132} INFO - Exporting env vars: AIRFLOW_CTX_DAG_OWNER='TuanDz' AIRFLOW_CTX_DAG_ID='stock_information' AIRFLOW_CTX_TASK_ID='append_to_database' AIRFLOW_CTX_EXECUTION_DATE='2025-01-15T04:25:00+00:00' AIRFLOW_CTX_TRY_NUMBER='1' AIRFLOW_CTX_DAG_RUN_ID='scheduled__2025-01-15T04:25:00+00:00'
[2025-01-15T04:26:04.594+0000] {taskinstance.py:731} INFO - ::endgroup::
[2025-01-15T04:26:04.631+0000] {logging_mixin.py:190} INFO - Kết nối thành công!
[2025-01-15T04:26:04.632+0000] {logging_mixin.py:190} INFO - <class 'str'>
[2025-01-15T04:26:04.633+0000] {logging_mixin.py:190} INFO - [['TCB', 25250, 21950, 23600, 'STOCK', 'HSX', '', 7045021622, 'STOCK', 8424683, 'Ngân hàng Thương mại Cổ phần Kỹ thương Việt Nam', 23600, '', '2025-01-15', 23850, 200, 2474500, 58827, 23773.287532834915, 23900, 23650, 's', 0, 0, 0, 1590552461, 58827.25999999998, 24745, 23600, 23850, 71200, 23800, 40900, 23750, 176300, 23900, 139700, 23950, 169700, 24000, 739700, '2025-01-15 04:26:02']]
[2025-01-15T04:26:04.634+0000] {logging_mixin.py:190} INFO - <class 'list'>
[2025-01-15T04:26:04.635+0000] {logging_mixin.py:190} INFO - [['TCB', 25250, 21950, 23600, 'STOCK', 'HSX', '', 7045021622, 'STOCK', 8424683, 'Ngân hàng Thương mại Cổ phần Kỹ thương Việt Nam', 23600, '', '2025-01-15', 23850, 200, 2474500, 58827, 23773.287532834915, 23900, 23650, 's', 0, 0, 0, 1590552461, 58827.25999999998, 24745, 23600, 23850, 71200, 23800, 40900, 23750, 176300, 23900, 139700, 23950, 169700, 24000, 739700, '2025-01-15 04:26:02']]
[2025-01-15T04:26:04.638+0000] {python.py:240} INFO - Done. Returned value was: None
[2025-01-15T04:26:04.645+0000] {taskinstance.py:340} INFO - ::group::Post task execution logs
[2025-01-15T04:26:04.646+0000] {taskinstance.py:352} INFO - Marking task as SUCCESS. dag_id=stock_information, task_id=append_to_database, run_id=scheduled__2025-01-15T04:25:00+00:00, execution_date=20250115T042500, start_date=20250115T042604, end_date=20250115T042604
[2025-01-15T04:26:04.689+0000] {local_task_job_runner.py:266} INFO - Task exited with return code 0
[2025-01-15T04:26:04.706+0000] {taskinstance.py:3895} INFO - 0 downstream tasks scheduled from follow-on schedule check
[2025-01-15T04:26:04.710+0000] {local_task_job_runner.py:245} INFO - ::endgroup::
