[2025-01-16T07:18:04.464+0000] {local_task_job_runner.py:123} INFO - ::group::Pre task execution logs
[2025-01-16T07:18:04.477+0000] {taskinstance.py:2613} INFO - Dependencies all met for dep_context=non-requeueable deps ti=<TaskInstance: stock_information.append_to_database scheduled__2025-01-16T07:17:00+00:00 [queued]>
[2025-01-16T07:18:04.486+0000] {taskinstance.py:2613} INFO - Dependencies all met for dep_context=requeueable deps ti=<TaskInstance: stock_information.append_to_database scheduled__2025-01-16T07:17:00+00:00 [queued]>
[2025-01-16T07:18:04.488+0000] {taskinstance.py:2866} INFO - Starting attempt 1 of 1
[2025-01-16T07:18:04.501+0000] {taskinstance.py:2889} INFO - Executing <Task(PythonOperator): append_to_database> on 2025-01-16 07:17:00+00:00
[2025-01-16T07:18:04.507+0000] {standard_task_runner.py:72} INFO - Started process 8476 to run task
[2025-01-16T07:18:04.509+0000] {standard_task_runner.py:104} INFO - Running: ['airflow', 'tasks', 'run', 'stock_information', 'append_to_database', 'scheduled__2025-01-16T07:17:00+00:00', '--job-id', '1985', '--raw', '--subdir', 'DAGS_FOLDER/vnstock_stream.py', '--cfg-path', '/tmp/tmp4ml0fyi3']
[2025-01-16T07:18:04.512+0000] {standard_task_runner.py:105} INFO - Job 1985: Subtask append_to_database
[2025-01-16T07:18:04.551+0000] {task_command.py:467} INFO - Running <TaskInstance: stock_information.append_to_database scheduled__2025-01-16T07:17:00+00:00 [running]> on host 453ac4defedc
[2025-01-16T07:18:04.638+0000] {taskinstance.py:3132} INFO - Exporting env vars: AIRFLOW_CTX_DAG_OWNER='TuanDz' AIRFLOW_CTX_DAG_ID='stock_information' AIRFLOW_CTX_TASK_ID='append_to_database' AIRFLOW_CTX_EXECUTION_DATE='2025-01-16T07:17:00+00:00' AIRFLOW_CTX_TRY_NUMBER='1' AIRFLOW_CTX_DAG_RUN_ID='scheduled__2025-01-16T07:17:00+00:00'
[2025-01-16T07:18:04.641+0000] {taskinstance.py:731} INFO - ::endgroup::
[2025-01-16T07:18:04.716+0000] {logging_mixin.py:190} INFO - Kết nối thành công!
[2025-01-16T07:18:04.717+0000] {logging_mixin.py:190} INFO - <class 'str'>
[2025-01-16T07:18:04.718+0000] {logging_mixin.py:190} INFO - [['TCB', 25350, 22050, 23700, 'STOCK', 'HSX', '', 7045021622, 'STOCK', 8424683, 'Ngân hàng Thương mại Cổ phần Kỹ thương Việt Nam', 23700, '', '2025-01-16', 23850, 6900, 5298900, 126170, 23810.6022004567, 23950, 23700, 'b', 0, 20000, 0, 1590552461, 126170.08000000003, 52989, 23700, 23700, 15200, 23650, 108800, 23600, 148300, 23850, 146400, 23900, 411300, 23950, 302500, '2025-01-16 07:18:02']]
[2025-01-16T07:18:04.719+0000] {logging_mixin.py:190} INFO - <class 'list'>
[2025-01-16T07:18:04.719+0000] {logging_mixin.py:190} INFO - [['TCB', 25350, 22050, 23700, 'STOCK', 'HSX', '', 7045021622, 'STOCK', 8424683, 'Ngân hàng Thương mại Cổ phần Kỹ thương Việt Nam', 23700, '', '2025-01-16', 23850, 6900, 5298900, 126170, 23810.6022004567, 23950, 23700, 'b', 0, 20000, 0, 1590552461, 126170.08000000003, 52989, 23700, 23700, 15200, 23650, 108800, 23600, 148300, 23850, 146400, 23900, 411300, 23950, 302500, '2025-01-16 07:18:02']]
[2025-01-16T07:18:04.724+0000] {python.py:240} INFO - Done. Returned value was: None
[2025-01-16T07:18:04.731+0000] {taskinstance.py:340} INFO - ::group::Post task execution logs
[2025-01-16T07:18:04.731+0000] {taskinstance.py:352} INFO - Marking task as SUCCESS. dag_id=stock_information, task_id=append_to_database, run_id=scheduled__2025-01-16T07:17:00+00:00, execution_date=20250116T071700, start_date=20250116T071804, end_date=20250116T071804
[2025-01-16T07:18:04.764+0000] {local_task_job_runner.py:266} INFO - Task exited with return code 0
[2025-01-16T07:18:04.785+0000] {taskinstance.py:3895} INFO - 0 downstream tasks scheduled from follow-on schedule check
[2025-01-16T07:18:04.791+0000] {local_task_job_runner.py:245} INFO - ::endgroup::
