[2025-01-16T02:51:04.378+0000] {local_task_job_runner.py:123} INFO - ::group::Pre task execution logs
[2025-01-16T02:51:04.390+0000] {taskinstance.py:2613} INFO - Dependencies all met for dep_context=non-requeueable deps ti=<TaskInstance: stock_information.append_to_database scheduled__2025-01-16T02:50:00+00:00 [queued]>
[2025-01-16T02:51:04.399+0000] {taskinstance.py:2613} INFO - Dependencies all met for dep_context=requeueable deps ti=<TaskInstance: stock_information.append_to_database scheduled__2025-01-16T02:50:00+00:00 [queued]>
[2025-01-16T02:51:04.401+0000] {taskinstance.py:2866} INFO - Starting attempt 1 of 1
[2025-01-16T02:51:04.415+0000] {taskinstance.py:2889} INFO - Executing <Task(PythonOperator): append_to_database> on 2025-01-16 02:50:00+00:00
[2025-01-16T02:51:04.421+0000] {standard_task_runner.py:72} INFO - Started process 645 to run task
[2025-01-16T02:51:04.424+0000] {standard_task_runner.py:104} INFO - Running: ['airflow', 'tasks', 'run', 'stock_information', 'append_to_database', 'scheduled__2025-01-16T02:50:00+00:00', '--job-id', '1451', '--raw', '--subdir', 'DAGS_FOLDER/vnstock_stream.py', '--cfg-path', '/tmp/tmp21oi25fp']
[2025-01-16T02:51:04.428+0000] {standard_task_runner.py:105} INFO - Job 1451: Subtask append_to_database
[2025-01-16T02:51:04.469+0000] {task_command.py:467} INFO - Running <TaskInstance: stock_information.append_to_database scheduled__2025-01-16T02:50:00+00:00 [running]> on host 453ac4defedc
[2025-01-16T02:51:04.550+0000] {taskinstance.py:3132} INFO - Exporting env vars: AIRFLOW_CTX_DAG_OWNER='TuanDz' AIRFLOW_CTX_DAG_ID='stock_information' AIRFLOW_CTX_TASK_ID='append_to_database' AIRFLOW_CTX_EXECUTION_DATE='2025-01-16T02:50:00+00:00' AIRFLOW_CTX_TRY_NUMBER='1' AIRFLOW_CTX_DAG_RUN_ID='scheduled__2025-01-16T02:50:00+00:00'
[2025-01-16T02:51:04.553+0000] {taskinstance.py:731} INFO - ::endgroup::
[2025-01-16T02:51:04.595+0000] {logging_mixin.py:190} INFO - Kết nối thành công!
[2025-01-16T02:51:04.596+0000] {logging_mixin.py:190} INFO - <class 'str'>
[2025-01-16T02:51:04.597+0000] {logging_mixin.py:190} INFO - [['TCB', 25350, 22050, 23700, 'STOCK', 'HSX', '', 7045021622, 'STOCK', 8424683, 'Ngân hàng Thương mại Cổ phần Kỹ thương Việt Nam', 23700, '', '2025-01-16', 23850, 1000, 1975000, 47149, 23872.91139240506, 23950, 23800, 's', 0, 0, 0, 1590552461, 47149.13499999985, 19750, 23700, 23850, 8600, 23800, 146500, 23750, 227700, 23900, 187400, 23950, 211900, 24000, 614300, '2025-01-16 02:51:02']]
[2025-01-16T02:51:04.599+0000] {logging_mixin.py:190} INFO - <class 'list'>
[2025-01-16T02:51:04.600+0000] {logging_mixin.py:190} INFO - [['TCB', 25350, 22050, 23700, 'STOCK', 'HSX', '', 7045021622, 'STOCK', 8424683, 'Ngân hàng Thương mại Cổ phần Kỹ thương Việt Nam', 23700, '', '2025-01-16', 23850, 1000, 1975000, 47149, 23872.91139240506, 23950, 23800, 's', 0, 0, 0, 1590552461, 47149.13499999985, 19750, 23700, 23850, 8600, 23800, 146500, 23750, 227700, 23900, 187400, 23950, 211900, 24000, 614300, '2025-01-16 02:51:02']]
[2025-01-16T02:51:04.605+0000] {python.py:240} INFO - Done. Returned value was: None
[2025-01-16T02:51:04.612+0000] {taskinstance.py:340} INFO - ::group::Post task execution logs
[2025-01-16T02:51:04.613+0000] {taskinstance.py:352} INFO - Marking task as SUCCESS. dag_id=stock_information, task_id=append_to_database, run_id=scheduled__2025-01-16T02:50:00+00:00, execution_date=20250116T025000, start_date=20250116T025104, end_date=20250116T025104
[2025-01-16T02:51:04.640+0000] {local_task_job_runner.py:266} INFO - Task exited with return code 0
[2025-01-16T02:51:04.655+0000] {taskinstance.py:3895} INFO - 0 downstream tasks scheduled from follow-on schedule check
[2025-01-16T02:51:04.660+0000] {local_task_job_runner.py:245} INFO - ::endgroup::
