[2025-01-15T04:03:04.552+0000] {local_task_job_runner.py:123} INFO - ::group::Pre task execution logs
[2025-01-15T04:03:04.566+0000] {taskinstance.py:2613} INFO - Dependencies all met for dep_context=non-requeueable deps ti=<TaskInstance: stock_information.append_to_database scheduled__2025-01-15T04:02:00+00:00 [queued]>
[2025-01-15T04:03:04.573+0000] {taskinstance.py:2613} INFO - Dependencies all met for dep_context=requeueable deps ti=<TaskInstance: stock_information.append_to_database scheduled__2025-01-15T04:02:00+00:00 [queued]>
[2025-01-15T04:03:04.575+0000] {taskinstance.py:2866} INFO - Starting attempt 1 of 1
[2025-01-15T04:03:04.587+0000] {taskinstance.py:2889} INFO - Executing <Task(PythonOperator): append_to_database> on 2025-01-15 04:02:00+00:00
[2025-01-15T04:03:04.594+0000] {standard_task_runner.py:72} INFO - Started process 2808 to run task
[2025-01-15T04:03:04.596+0000] {standard_task_runner.py:104} INFO - Running: ['airflow', 'tasks', 'run', 'stock_information', 'append_to_database', 'scheduled__2025-01-15T04:02:00+00:00', '--job-id', '698', '--raw', '--subdir', 'DAGS_FOLDER/vnstock_stream.py', '--cfg-path', '/tmp/tmpiqt6vksk']
[2025-01-15T04:03:04.599+0000] {standard_task_runner.py:105} INFO - Job 698: Subtask append_to_database
[2025-01-15T04:03:04.640+0000] {task_command.py:467} INFO - Running <TaskInstance: stock_information.append_to_database scheduled__2025-01-15T04:02:00+00:00 [running]> on host 453ac4defedc
[2025-01-15T04:03:04.726+0000] {taskinstance.py:3132} INFO - Exporting env vars: AIRFLOW_CTX_DAG_OWNER='TuanDz' AIRFLOW_CTX_DAG_ID='stock_information' AIRFLOW_CTX_TASK_ID='append_to_database' AIRFLOW_CTX_EXECUTION_DATE='2025-01-15T04:02:00+00:00' AIRFLOW_CTX_TRY_NUMBER='1' AIRFLOW_CTX_DAG_RUN_ID='scheduled__2025-01-15T04:02:00+00:00'
[2025-01-15T04:03:04.732+0000] {taskinstance.py:731} INFO - ::endgroup::
[2025-01-15T04:03:04.787+0000] {logging_mixin.py:190} INFO - Kết nối thành công!
[2025-01-15T04:03:04.789+0000] {logging_mixin.py:190} INFO - <class 'str'>
[2025-01-15T04:03:04.791+0000] {logging_mixin.py:190} INFO - [['TCB', 25250, 21950, 23600, 'STOCK', 'HSX', '', 7045021622, 'STOCK', 8424683, 'Ngân hàng Thương mại Cổ phần Kỹ thương Việt Nam', 23600, '', '2025-01-15', 23850, 10000, 1901500, 45160, 23749.67131212201, 23850, 23650, 's', 0, 0, 0, 1590552461, 45160.78000000001, 19015, 23600, 23850, 129400, 23800, 120300, 23750, 96700, 23900, 229600, 23950, 131400, 24000, 713500, '2025-01-15 04:03:02']]
[2025-01-15T04:03:04.792+0000] {logging_mixin.py:190} INFO - <class 'list'>
[2025-01-15T04:03:04.794+0000] {logging_mixin.py:190} INFO - [['TCB', 25250, 21950, 23600, 'STOCK', 'HSX', '', 7045021622, 'STOCK', 8424683, 'Ngân hàng Thương mại Cổ phần Kỹ thương Việt Nam', 23600, '', '2025-01-15', 23850, 10000, 1901500, 45160, 23749.67131212201, 23850, 23650, 's', 0, 0, 0, 1590552461, 45160.78000000001, 19015, 23600, 23850, 129400, 23800, 120300, 23750, 96700, 23900, 229600, 23950, 131400, 24000, 713500, '2025-01-15 04:03:02']]
[2025-01-15T04:03:04.798+0000] {python.py:240} INFO - Done. Returned value was: None
[2025-01-15T04:03:04.806+0000] {taskinstance.py:340} INFO - ::group::Post task execution logs
[2025-01-15T04:03:04.808+0000] {taskinstance.py:352} INFO - Marking task as SUCCESS. dag_id=stock_information, task_id=append_to_database, run_id=scheduled__2025-01-15T04:02:00+00:00, execution_date=20250115T040200, start_date=20250115T040304, end_date=20250115T040304
[2025-01-15T04:03:04.852+0000] {local_task_job_runner.py:266} INFO - Task exited with return code 0
[2025-01-15T04:03:04.866+0000] {taskinstance.py:3895} INFO - 0 downstream tasks scheduled from follow-on schedule check
[2025-01-15T04:03:04.873+0000] {local_task_job_runner.py:245} INFO - ::endgroup::
