[2025-01-15T04:31:04.271+0000] {local_task_job_runner.py:123} INFO - ::group::Pre task execution logs
[2025-01-15T04:31:04.285+0000] {taskinstance.py:2613} INFO - Dependencies all met for dep_context=non-requeueable deps ti=<TaskInstance: stock_information.append_to_database scheduled__2025-01-15T04:30:00+00:00 [queued]>
[2025-01-15T04:31:04.292+0000] {taskinstance.py:2613} INFO - Dependencies all met for dep_context=requeueable deps ti=<TaskInstance: stock_information.append_to_database scheduled__2025-01-15T04:30:00+00:00 [queued]>
[2025-01-15T04:31:04.294+0000] {taskinstance.py:2866} INFO - Starting attempt 1 of 1
[2025-01-15T04:31:04.307+0000] {taskinstance.py:2889} INFO - Executing <Task(PythonOperator): append_to_database> on 2025-01-15 04:30:00+00:00
[2025-01-15T04:31:04.313+0000] {standard_task_runner.py:72} INFO - Started process 3619 to run task
[2025-01-15T04:31:04.316+0000] {standard_task_runner.py:104} INFO - Running: ['airflow', 'tasks', 'run', 'stock_information', 'append_to_database', 'scheduled__2025-01-15T04:30:00+00:00', '--job-id', '754', '--raw', '--subdir', 'DAGS_FOLDER/vnstock_stream.py', '--cfg-path', '/tmp/tmpmdz76b3m']
[2025-01-15T04:31:04.319+0000] {standard_task_runner.py:105} INFO - Job 754: Subtask append_to_database
[2025-01-15T04:31:04.358+0000] {task_command.py:467} INFO - Running <TaskInstance: stock_information.append_to_database scheduled__2025-01-15T04:30:00+00:00 [running]> on host 453ac4defedc
[2025-01-15T04:31:04.434+0000] {taskinstance.py:3132} INFO - Exporting env vars: AIRFLOW_CTX_DAG_OWNER='TuanDz' AIRFLOW_CTX_DAG_ID='stock_information' AIRFLOW_CTX_TASK_ID='append_to_database' AIRFLOW_CTX_EXECUTION_DATE='2025-01-15T04:30:00+00:00' AIRFLOW_CTX_TRY_NUMBER='1' AIRFLOW_CTX_DAG_RUN_ID='scheduled__2025-01-15T04:30:00+00:00'
[2025-01-15T04:31:04.436+0000] {taskinstance.py:731} INFO - ::endgroup::
[2025-01-15T04:31:04.480+0000] {logging_mixin.py:190} INFO - Kết nối thành công!
[2025-01-15T04:31:04.481+0000] {logging_mixin.py:190} INFO - <class 'str'>
[2025-01-15T04:31:04.482+0000] {logging_mixin.py:190} INFO - [['TCB', 25250, 21950, 23600, 'STOCK', 'HSX', '', 7045021622, 'STOCK', 8424683, 'Ngân hàng Thương mại Cổ phần Kỹ thương Việt Nam', 23600, '', '2025-01-15', 23850, 10200, 2490500, 59208, 23773.53944990966, 23900, 23650, 's', 0, 0, 0, 1590552461, 59208.85999999998, 24905, 23600, 23850, 56200, 23800, 41400, 23750, 179300, 23900, 145000, 23950, 170500, 24000, 769600, '2025-01-15 04:31:02']]
[2025-01-15T04:31:04.483+0000] {logging_mixin.py:190} INFO - <class 'list'>
[2025-01-15T04:31:04.483+0000] {logging_mixin.py:190} INFO - [['TCB', 25250, 21950, 23600, 'STOCK', 'HSX', '', 7045021622, 'STOCK', 8424683, 'Ngân hàng Thương mại Cổ phần Kỹ thương Việt Nam', 23600, '', '2025-01-15', 23850, 10200, 2490500, 59208, 23773.53944990966, 23900, 23650, 's', 0, 0, 0, 1590552461, 59208.85999999998, 24905, 23600, 23850, 56200, 23800, 41400, 23750, 179300, 23900, 145000, 23950, 170500, 24000, 769600, '2025-01-15 04:31:02']]
[2025-01-15T04:31:04.486+0000] {python.py:240} INFO - Done. Returned value was: None
[2025-01-15T04:31:04.493+0000] {taskinstance.py:340} INFO - ::group::Post task execution logs
[2025-01-15T04:31:04.494+0000] {taskinstance.py:352} INFO - Marking task as SUCCESS. dag_id=stock_information, task_id=append_to_database, run_id=scheduled__2025-01-15T04:30:00+00:00, execution_date=20250115T043000, start_date=20250115T043104, end_date=20250115T043104
[2025-01-15T04:31:04.531+0000] {local_task_job_runner.py:266} INFO - Task exited with return code 0
[2025-01-15T04:31:04.550+0000] {taskinstance.py:3895} INFO - 0 downstream tasks scheduled from follow-on schedule check
[2025-01-15T04:31:04.554+0000] {local_task_job_runner.py:245} INFO - ::endgroup::
