[2025-01-17T02:42:03.449+0000] {local_task_job_runner.py:123} INFO - ::group::Pre task execution logs
[2025-01-17T02:42:03.461+0000] {taskinstance.py:2613} INFO - Dependencies all met for dep_context=non-requeueable deps ti=<TaskInstance: stock_information.append_to_database scheduled__2025-01-17T02:41:00+00:00 [queued]>
[2025-01-17T02:42:03.468+0000] {taskinstance.py:2613} INFO - Dependencies all met for dep_context=requeueable deps ti=<TaskInstance: stock_information.append_to_database scheduled__2025-01-17T02:41:00+00:00 [queued]>
[2025-01-17T02:42:03.470+0000] {taskinstance.py:2866} INFO - Starting attempt 1 of 1
[2025-01-17T02:42:03.482+0000] {taskinstance.py:2889} INFO - Executing <Task(PythonOperator): append_to_database> on 2025-01-17 02:41:00+00:00
[2025-01-17T02:42:03.487+0000] {standard_task_runner.py:72} INFO - Started process 1890 to run task
[2025-01-17T02:42:03.489+0000] {standard_task_runner.py:104} INFO - Running: ['airflow', 'tasks', 'run', 'stock_information', 'append_to_database', 'scheduled__2025-01-17T02:41:00+00:00', '--job-id', '2336', '--raw', '--subdir', 'DAGS_FOLDER/vnstock_stream.py', '--cfg-path', '/tmp/tmpu7wo3bli']
[2025-01-17T02:42:03.492+0000] {standard_task_runner.py:105} INFO - Job 2336: Subtask append_to_database
[2025-01-17T02:42:03.532+0000] {task_command.py:467} INFO - Running <TaskInstance: stock_information.append_to_database scheduled__2025-01-17T02:41:00+00:00 [running]> on host 453ac4defedc
[2025-01-17T02:42:03.611+0000] {taskinstance.py:3132} INFO - Exporting env vars: AIRFLOW_CTX_DAG_OWNER='TuanDz' AIRFLOW_CTX_DAG_ID='stock_information' AIRFLOW_CTX_TASK_ID='append_to_database' AIRFLOW_CTX_EXECUTION_DATE='2025-01-17T02:41:00+00:00' AIRFLOW_CTX_TRY_NUMBER='1' AIRFLOW_CTX_DAG_RUN_ID='scheduled__2025-01-17T02:41:00+00:00'
[2025-01-17T02:42:03.613+0000] {taskinstance.py:731} INFO - ::endgroup::
[2025-01-17T02:42:03.701+0000] {logging_mixin.py:190} INFO - Kết nối thành công!
[2025-01-17T02:42:03.702+0000] {logging_mixin.py:190} INFO - <class 'str'>
[2025-01-17T02:42:03.703+0000] {logging_mixin.py:190} INFO - [['TCB', 25500, 22200, 23850, 'STOCK', 'HSX', '', 7045021622, 'STOCK', 8424683, 'Ngân hàng Thương mại Cổ phần Kỹ thương Việt Nam', 23850, '', '2025-01-17', 23800, 300, 158600, 3776, 23808.322824716266, 23900, 23750, 's', 5300, 11700, 0, 1590552461, 3776.6300000000033, 1586, 23850, 23800, 47300, 23750, 96700, 23700, 53300, 23850, 59900, 23900, 79900, 23950, 291600, '2025-01-17 02:42:02']]
[2025-01-17T02:42:03.704+0000] {logging_mixin.py:190} INFO - <class 'list'>
[2025-01-17T02:42:03.705+0000] {logging_mixin.py:190} INFO - [['TCB', 25500, 22200, 23850, 'STOCK', 'HSX', '', 7045021622, 'STOCK', 8424683, 'Ngân hàng Thương mại Cổ phần Kỹ thương Việt Nam', 23850, '', '2025-01-17', 23800, 300, 158600, 3776, 23808.322824716266, 23900, 23750, 's', 5300, 11700, 0, 1590552461, 3776.6300000000033, 1586, 23850, 23800, 47300, 23750, 96700, 23700, 53300, 23850, 59900, 23900, 79900, 23950, 291600, '2025-01-17 02:42:02']]
[2025-01-17T02:42:03.716+0000] {python.py:240} INFO - Done. Returned value was: None
[2025-01-17T02:42:03.729+0000] {taskinstance.py:340} INFO - ::group::Post task execution logs
[2025-01-17T02:42:03.730+0000] {taskinstance.py:352} INFO - Marking task as SUCCESS. dag_id=stock_information, task_id=append_to_database, run_id=scheduled__2025-01-17T02:41:00+00:00, execution_date=20250117T024100, start_date=20250117T024203, end_date=20250117T024203
[2025-01-17T02:42:03.784+0000] {local_task_job_runner.py:266} INFO - Task exited with return code 0
[2025-01-17T02:42:03.797+0000] {taskinstance.py:3895} INFO - 0 downstream tasks scheduled from follow-on schedule check
[2025-01-17T02:42:03.801+0000] {local_task_job_runner.py:245} INFO - ::endgroup::
