[2025-01-16T03:02:03.649+0000] {local_task_job_runner.py:123} INFO - ::group::Pre task execution logs
[2025-01-16T03:02:03.663+0000] {taskinstance.py:2613} INFO - Dependencies all met for dep_context=non-requeueable deps ti=<TaskInstance: stock_information.append_to_database scheduled__2025-01-16T03:01:00+00:00 [queued]>
[2025-01-16T03:02:03.670+0000] {taskinstance.py:2613} INFO - Dependencies all met for dep_context=requeueable deps ti=<TaskInstance: stock_information.append_to_database scheduled__2025-01-16T03:01:00+00:00 [queued]>
[2025-01-16T03:02:03.672+0000] {taskinstance.py:2866} INFO - Starting attempt 1 of 1
[2025-01-16T03:02:03.683+0000] {taskinstance.py:2889} INFO - Executing <Task(PythonOperator): append_to_database> on 2025-01-16 03:01:00+00:00
[2025-01-16T03:02:03.688+0000] {standard_task_runner.py:72} INFO - Started process 969 to run task
[2025-01-16T03:02:03.690+0000] {standard_task_runner.py:104} INFO - Running: ['airflow', 'tasks', 'run', 'stock_information', 'append_to_database', 'scheduled__2025-01-16T03:01:00+00:00', '--job-id', '1473', '--raw', '--subdir', 'DAGS_FOLDER/vnstock_stream.py', '--cfg-path', '/tmp/tmpmt4o5nlu']
[2025-01-16T03:02:03.693+0000] {standard_task_runner.py:105} INFO - Job 1473: Subtask append_to_database
[2025-01-16T03:02:03.731+0000] {task_command.py:467} INFO - Running <TaskInstance: stock_information.append_to_database scheduled__2025-01-16T03:01:00+00:00 [running]> on host 453ac4defedc
[2025-01-16T03:02:03.808+0000] {taskinstance.py:3132} INFO - Exporting env vars: AIRFLOW_CTX_DAG_OWNER='TuanDz' AIRFLOW_CTX_DAG_ID='stock_information' AIRFLOW_CTX_TASK_ID='append_to_database' AIRFLOW_CTX_EXECUTION_DATE='2025-01-16T03:01:00+00:00' AIRFLOW_CTX_TRY_NUMBER='1' AIRFLOW_CTX_DAG_RUN_ID='scheduled__2025-01-16T03:01:00+00:00'
[2025-01-16T03:02:03.810+0000] {taskinstance.py:731} INFO - ::endgroup::
[2025-01-16T03:02:03.856+0000] {logging_mixin.py:190} INFO - Kết nối thành công!
[2025-01-16T03:02:03.857+0000] {logging_mixin.py:190} INFO - <class 'str'>
[2025-01-16T03:02:03.857+0000] {logging_mixin.py:190} INFO - [['TCB', 25350, 22050, 23700, 'STOCK', 'HSX', '', 7045021622, 'STOCK', 8424683, 'Ngân hàng Thương mại Cổ phần Kỹ thương Việt Nam', 23700, '', '2025-01-16', 23850, 200, 2123300, 50683, 23869.919464983752, 23950, 23800, 's', 0, 0, 0, 1590552461, 50683.264999999956, 21233, 23700, 23800, 270900, 23750, 260100, 23700, 217300, 23850, 800, 23900, 231900, 23950, 251400, '2025-01-16 03:02:02']]
[2025-01-16T03:02:03.858+0000] {logging_mixin.py:190} INFO - <class 'list'>
[2025-01-16T03:02:03.858+0000] {logging_mixin.py:190} INFO - [['TCB', 25350, 22050, 23700, 'STOCK', 'HSX', '', 7045021622, 'STOCK', 8424683, 'Ngân hàng Thương mại Cổ phần Kỹ thương Việt Nam', 23700, '', '2025-01-16', 23850, 200, 2123300, 50683, 23869.919464983752, 23950, 23800, 's', 0, 0, 0, 1590552461, 50683.264999999956, 21233, 23700, 23800, 270900, 23750, 260100, 23700, 217300, 23850, 800, 23900, 231900, 23950, 251400, '2025-01-16 03:02:02']]
[2025-01-16T03:02:03.863+0000] {python.py:240} INFO - Done. Returned value was: None
[2025-01-16T03:02:03.869+0000] {taskinstance.py:340} INFO - ::group::Post task execution logs
[2025-01-16T03:02:03.870+0000] {taskinstance.py:352} INFO - Marking task as SUCCESS. dag_id=stock_information, task_id=append_to_database, run_id=scheduled__2025-01-16T03:01:00+00:00, execution_date=20250116T030100, start_date=20250116T030203, end_date=20250116T030203
[2025-01-16T03:02:03.905+0000] {local_task_job_runner.py:266} INFO - Task exited with return code 0
[2025-01-16T03:02:03.918+0000] {taskinstance.py:3895} INFO - 0 downstream tasks scheduled from follow-on schedule check
[2025-01-16T03:02:03.922+0000] {local_task_job_runner.py:245} INFO - ::endgroup::
