[2025-01-15T04:22:05.964+0000] {local_task_job_runner.py:123} INFO - ::group::Pre task execution logs
[2025-01-15T04:22:05.984+0000] {taskinstance.py:2613} INFO - Dependencies all met for dep_context=non-requeueable deps ti=<TaskInstance: stock_information.append_to_database scheduled__2025-01-15T04:21:00+00:00 [queued]>
[2025-01-15T04:22:05.995+0000] {taskinstance.py:2613} INFO - Dependencies all met for dep_context=requeueable deps ti=<TaskInstance: stock_information.append_to_database scheduled__2025-01-15T04:21:00+00:00 [queued]>
[2025-01-15T04:22:05.998+0000] {taskinstance.py:2866} INFO - Starting attempt 1 of 1
[2025-01-15T04:22:06.011+0000] {taskinstance.py:2889} INFO - Executing <Task(PythonOperator): append_to_database> on 2025-01-15 04:21:00+00:00
[2025-01-15T04:22:06.019+0000] {standard_task_runner.py:72} INFO - Started process 3361 to run task
[2025-01-15T04:22:06.021+0000] {standard_task_runner.py:104} INFO - Running: ['airflow', 'tasks', 'run', 'stock_information', 'append_to_database', 'scheduled__2025-01-15T04:21:00+00:00', '--job-id', '736', '--raw', '--subdir', 'DAGS_FOLDER/vnstock_stream.py', '--cfg-path', '/tmp/tmphyj4q3i2']
[2025-01-15T04:22:06.024+0000] {standard_task_runner.py:105} INFO - Job 736: Subtask append_to_database
[2025-01-15T04:22:06.066+0000] {task_command.py:467} INFO - Running <TaskInstance: stock_information.append_to_database scheduled__2025-01-15T04:21:00+00:00 [running]> on host 453ac4defedc
[2025-01-15T04:22:06.165+0000] {taskinstance.py:3132} INFO - Exporting env vars: AIRFLOW_CTX_DAG_OWNER='TuanDz' AIRFLOW_CTX_DAG_ID='stock_information' AIRFLOW_CTX_TASK_ID='append_to_database' AIRFLOW_CTX_EXECUTION_DATE='2025-01-15T04:21:00+00:00' AIRFLOW_CTX_TRY_NUMBER='1' AIRFLOW_CTX_DAG_RUN_ID='scheduled__2025-01-15T04:21:00+00:00'
[2025-01-15T04:22:06.167+0000] {taskinstance.py:731} INFO - ::endgroup::
[2025-01-15T04:22:06.221+0000] {logging_mixin.py:190} INFO - Kết nối thành công!
[2025-01-15T04:22:06.224+0000] {logging_mixin.py:190} INFO - <class 'str'>
[2025-01-15T04:22:06.226+0000] {logging_mixin.py:190} INFO - [['TCB', 25250, 21950, 23600, 'STOCK', 'HSX', '', 7045021622, 'STOCK', 8424683, 'Ngân hàng Thương mại Cổ phần Kỹ thương Việt Nam', 23600, '', '2025-01-15', 23850, 9900, 2289300, 54401, 23763.159044249333, 23900, 23650, 'b', 0, 0, 0, 1590552461, 54401.55000000001, 22893, 23600, 23800, 143100, 23750, 166200, 23700, 196700, 23850, 5900, 23900, 323500, 23950, 164200, '2025-01-15 04:22:03']]
[2025-01-15T04:22:06.228+0000] {logging_mixin.py:190} INFO - <class 'list'>
[2025-01-15T04:22:06.229+0000] {logging_mixin.py:190} INFO - [['TCB', 25250, 21950, 23600, 'STOCK', 'HSX', '', 7045021622, 'STOCK', 8424683, 'Ngân hàng Thương mại Cổ phần Kỹ thương Việt Nam', 23600, '', '2025-01-15', 23850, 9900, 2289300, 54401, 23763.159044249333, 23900, 23650, 'b', 0, 0, 0, 1590552461, 54401.55000000001, 22893, 23600, 23800, 143100, 23750, 166200, 23700, 196700, 23850, 5900, 23900, 323500, 23950, 164200, '2025-01-15 04:22:03']]
[2025-01-15T04:22:06.236+0000] {python.py:240} INFO - Done. Returned value was: None
[2025-01-15T04:22:06.246+0000] {taskinstance.py:340} INFO - ::group::Post task execution logs
[2025-01-15T04:22:06.248+0000] {taskinstance.py:352} INFO - Marking task as SUCCESS. dag_id=stock_information, task_id=append_to_database, run_id=scheduled__2025-01-15T04:21:00+00:00, execution_date=20250115T042100, start_date=20250115T042205, end_date=20250115T042206
[2025-01-15T04:22:06.276+0000] {local_task_job_runner.py:266} INFO - Task exited with return code 0
[2025-01-15T04:22:06.292+0000] {taskinstance.py:3895} INFO - 0 downstream tasks scheduled from follow-on schedule check
[2025-01-15T04:22:06.296+0000] {local_task_job_runner.py:245} INFO - ::endgroup::
