[2025-01-16T06:34:03.897+0000] {local_task_job_runner.py:123} INFO - ::group::Pre task execution logs
[2025-01-16T06:34:03.909+0000] {taskinstance.py:2613} INFO - Dependencies all met for dep_context=non-requeueable deps ti=<TaskInstance: stock_information.append_to_database scheduled__2025-01-16T06:33:00+00:00 [queued]>
[2025-01-16T06:34:03.917+0000] {taskinstance.py:2613} INFO - Dependencies all met for dep_context=requeueable deps ti=<TaskInstance: stock_information.append_to_database scheduled__2025-01-16T06:33:00+00:00 [queued]>
[2025-01-16T06:34:03.919+0000] {taskinstance.py:2866} INFO - Starting attempt 1 of 1
[2025-01-16T06:34:03.932+0000] {taskinstance.py:2889} INFO - Executing <Task(PythonOperator): append_to_database> on 2025-01-16 06:33:00+00:00
[2025-01-16T06:34:03.937+0000] {standard_task_runner.py:72} INFO - Started process 7185 to run task
[2025-01-16T06:34:03.940+0000] {standard_task_runner.py:104} INFO - Running: ['airflow', 'tasks', 'run', 'stock_information', 'append_to_database', 'scheduled__2025-01-16T06:33:00+00:00', '--job-id', '1897', '--raw', '--subdir', 'DAGS_FOLDER/vnstock_stream.py', '--cfg-path', '/tmp/tmpp75sli6z']
[2025-01-16T06:34:03.943+0000] {standard_task_runner.py:105} INFO - Job 1897: Subtask append_to_database
[2025-01-16T06:34:03.979+0000] {task_command.py:467} INFO - Running <TaskInstance: stock_information.append_to_database scheduled__2025-01-16T06:33:00+00:00 [running]> on host 453ac4defedc
[2025-01-16T06:34:04.050+0000] {taskinstance.py:3132} INFO - Exporting env vars: AIRFLOW_CTX_DAG_OWNER='TuanDz' AIRFLOW_CTX_DAG_ID='stock_information' AIRFLOW_CTX_TASK_ID='append_to_database' AIRFLOW_CTX_EXECUTION_DATE='2025-01-16T06:33:00+00:00' AIRFLOW_CTX_TRY_NUMBER='1' AIRFLOW_CTX_DAG_RUN_ID='scheduled__2025-01-16T06:33:00+00:00'
[2025-01-16T06:34:04.052+0000] {taskinstance.py:731} INFO - ::endgroup::
[2025-01-16T06:34:04.114+0000] {logging_mixin.py:190} INFO - Kết nối thành công!
[2025-01-16T06:34:04.115+0000] {logging_mixin.py:190} INFO - <class 'str'>
[2025-01-16T06:34:04.115+0000] {logging_mixin.py:190} INFO - [['TCB', 25350, 22050, 23700, 'STOCK', 'HSX', '', 7045021622, 'STOCK', 8424683, 'Ngân hàng Thương mại Cổ phần Kỹ thương Việt Nam', 23700, '', '2025-01-16', 23750, 8900, 3794300, 90416, 23829.4283530559, 23950, 23700, 's', 0, 0, 0, 1590552461, 90416.87999999999, 37943, 23700, 23750, 64100, 23700, 237600, 23650, 192600, 23800, 197900, 23850, 209700, 23900, 314400, '2025-01-16 06:34:02']]
[2025-01-16T06:34:04.116+0000] {logging_mixin.py:190} INFO - <class 'list'>
[2025-01-16T06:34:04.117+0000] {logging_mixin.py:190} INFO - [['TCB', 25350, 22050, 23700, 'STOCK', 'HSX', '', 7045021622, 'STOCK', 8424683, 'Ngân hàng Thương mại Cổ phần Kỹ thương Việt Nam', 23700, '', '2025-01-16', 23750, 8900, 3794300, 90416, 23829.4283530559, 23950, 23700, 's', 0, 0, 0, 1590552461, 90416.87999999999, 37943, 23700, 23750, 64100, 23700, 237600, 23650, 192600, 23800, 197900, 23850, 209700, 23900, 314400, '2025-01-16 06:34:02']]
[2025-01-16T06:34:04.122+0000] {python.py:240} INFO - Done. Returned value was: None
[2025-01-16T06:34:04.129+0000] {taskinstance.py:340} INFO - ::group::Post task execution logs
[2025-01-16T06:34:04.130+0000] {taskinstance.py:352} INFO - Marking task as SUCCESS. dag_id=stock_information, task_id=append_to_database, run_id=scheduled__2025-01-16T06:33:00+00:00, execution_date=20250116T063300, start_date=20250116T063403, end_date=20250116T063404
[2025-01-16T06:34:04.155+0000] {local_task_job_runner.py:266} INFO - Task exited with return code 0
[2025-01-16T06:34:04.171+0000] {taskinstance.py:3895} INFO - 0 downstream tasks scheduled from follow-on schedule check
[2025-01-16T06:34:04.174+0000] {local_task_job_runner.py:245} INFO - ::endgroup::
