[2025-01-15T04:06:05.433+0000] {local_task_job_runner.py:123} INFO - ::group::Pre task execution logs
[2025-01-15T04:06:05.446+0000] {taskinstance.py:2613} INFO - Dependencies all met for dep_context=non-requeueable deps ti=<TaskInstance: stock_information.append_to_database scheduled__2025-01-15T04:05:00+00:00 [queued]>
[2025-01-15T04:06:05.453+0000] {taskinstance.py:2613} INFO - Dependencies all met for dep_context=requeueable deps ti=<TaskInstance: stock_information.append_to_database scheduled__2025-01-15T04:05:00+00:00 [queued]>
[2025-01-15T04:06:05.456+0000] {taskinstance.py:2866} INFO - Starting attempt 1 of 1
[2025-01-15T04:06:05.469+0000] {taskinstance.py:2889} INFO - Executing <Task(PythonOperator): append_to_database> on 2025-01-15 04:05:00+00:00
[2025-01-15T04:06:05.476+0000] {standard_task_runner.py:72} INFO - Started process 2898 to run task
[2025-01-15T04:06:05.480+0000] {standard_task_runner.py:104} INFO - Running: ['airflow', 'tasks', 'run', 'stock_information', 'append_to_database', 'scheduled__2025-01-15T04:05:00+00:00', '--job-id', '704', '--raw', '--subdir', 'DAGS_FOLDER/vnstock_stream.py', '--cfg-path', '/tmp/tmpn7jdfpr4']
[2025-01-15T04:06:05.484+0000] {standard_task_runner.py:105} INFO - Job 704: Subtask append_to_database
[2025-01-15T04:06:05.538+0000] {task_command.py:467} INFO - Running <TaskInstance: stock_information.append_to_database scheduled__2025-01-15T04:05:00+00:00 [running]> on host 453ac4defedc
[2025-01-15T04:06:05.640+0000] {taskinstance.py:3132} INFO - Exporting env vars: AIRFLOW_CTX_DAG_OWNER='TuanDz' AIRFLOW_CTX_DAG_ID='stock_information' AIRFLOW_CTX_TASK_ID='append_to_database' AIRFLOW_CTX_EXECUTION_DATE='2025-01-15T04:05:00+00:00' AIRFLOW_CTX_TRY_NUMBER='1' AIRFLOW_CTX_DAG_RUN_ID='scheduled__2025-01-15T04:05:00+00:00'
[2025-01-15T04:06:05.643+0000] {taskinstance.py:731} INFO - ::endgroup::
[2025-01-15T04:06:05.690+0000] {logging_mixin.py:190} INFO - Kết nối thành công!
[2025-01-15T04:06:05.692+0000] {logging_mixin.py:190} INFO - <class 'str'>
[2025-01-15T04:06:05.693+0000] {logging_mixin.py:190} INFO - [['TCB', 25250, 21950, 23600, 'STOCK', 'HSX', '', 7045021622, 'STOCK', 8424683, 'Ngân hàng Thương mại Cổ phần Kỹ thương Việt Nam', 23600, '', '2025-01-15', 23800, 100, 2060400, 48949, 23757.037468452727, 23900, 23650, 's', 0, 0, 0, 1590552461, 48949.595, 20604, 23600, 23800, 104100, 23750, 146100, 23700, 135700, 23850, 25500, 23900, 228400, 23950, 154100, '2025-01-15 04:06:03']]
[2025-01-15T04:06:05.694+0000] {logging_mixin.py:190} INFO - <class 'list'>
[2025-01-15T04:06:05.695+0000] {logging_mixin.py:190} INFO - [['TCB', 25250, 21950, 23600, 'STOCK', 'HSX', '', 7045021622, 'STOCK', 8424683, 'Ngân hàng Thương mại Cổ phần Kỹ thương Việt Nam', 23600, '', '2025-01-15', 23800, 100, 2060400, 48949, 23757.037468452727, 23900, 23650, 's', 0, 0, 0, 1590552461, 48949.595, 20604, 23600, 23800, 104100, 23750, 146100, 23700, 135700, 23850, 25500, 23900, 228400, 23950, 154100, '2025-01-15 04:06:03']]
[2025-01-15T04:06:05.699+0000] {python.py:240} INFO - Done. Returned value was: None
[2025-01-15T04:06:05.709+0000] {taskinstance.py:340} INFO - ::group::Post task execution logs
[2025-01-15T04:06:05.711+0000] {taskinstance.py:352} INFO - Marking task as SUCCESS. dag_id=stock_information, task_id=append_to_database, run_id=scheduled__2025-01-15T04:05:00+00:00, execution_date=20250115T040500, start_date=20250115T040605, end_date=20250115T040605
[2025-01-15T04:06:05.737+0000] {local_task_job_runner.py:266} INFO - Task exited with return code 0
[2025-01-15T04:06:05.750+0000] {taskinstance.py:3895} INFO - 0 downstream tasks scheduled from follow-on schedule check
[2025-01-15T04:06:05.754+0000] {local_task_job_runner.py:245} INFO - ::endgroup::
