[2025-01-16T06:45:04.364+0000] {local_task_job_runner.py:123} INFO - ::group::Pre task execution logs
[2025-01-16T06:45:04.377+0000] {taskinstance.py:2613} INFO - Dependencies all met for dep_context=non-requeueable deps ti=<TaskInstance: stock_information.append_to_database scheduled__2025-01-16T06:44:00+00:00 [queued]>
[2025-01-16T06:45:04.385+0000] {taskinstance.py:2613} INFO - Dependencies all met for dep_context=requeueable deps ti=<TaskInstance: stock_information.append_to_database scheduled__2025-01-16T06:44:00+00:00 [queued]>
[2025-01-16T06:45:04.387+0000] {taskinstance.py:2866} INFO - Starting attempt 1 of 1
[2025-01-16T06:45:04.400+0000] {taskinstance.py:2889} INFO - Executing <Task(PythonOperator): append_to_database> on 2025-01-16 06:44:00+00:00
[2025-01-16T06:45:04.407+0000] {standard_task_runner.py:72} INFO - Started process 7509 to run task
[2025-01-16T06:45:04.409+0000] {standard_task_runner.py:104} INFO - Running: ['airflow', 'tasks', 'run', 'stock_information', 'append_to_database', 'scheduled__2025-01-16T06:44:00+00:00', '--job-id', '1919', '--raw', '--subdir', 'DAGS_FOLDER/vnstock_stream.py', '--cfg-path', '/tmp/tmpwm1obf0c']
[2025-01-16T06:45:04.411+0000] {standard_task_runner.py:105} INFO - Job 1919: Subtask append_to_database
[2025-01-16T06:45:04.454+0000] {task_command.py:467} INFO - Running <TaskInstance: stock_information.append_to_database scheduled__2025-01-16T06:44:00+00:00 [running]> on host 453ac4defedc
[2025-01-16T06:45:04.532+0000] {taskinstance.py:3132} INFO - Exporting env vars: AIRFLOW_CTX_DAG_OWNER='TuanDz' AIRFLOW_CTX_DAG_ID='stock_information' AIRFLOW_CTX_TASK_ID='append_to_database' AIRFLOW_CTX_EXECUTION_DATE='2025-01-16T06:44:00+00:00' AIRFLOW_CTX_TRY_NUMBER='1' AIRFLOW_CTX_DAG_RUN_ID='scheduled__2025-01-16T06:44:00+00:00'
[2025-01-16T06:45:04.534+0000] {taskinstance.py:731} INFO - ::endgroup::
[2025-01-16T06:45:04.627+0000] {logging_mixin.py:190} INFO - Kết nối thành công!
[2025-01-16T06:45:04.629+0000] {logging_mixin.py:190} INFO - <class 'str'>
[2025-01-16T06:45:04.630+0000] {logging_mixin.py:190} INFO - [['TCB', 25350, 22050, 23700, 'STOCK', 'HSX', '', 7045021622, 'STOCK', 8424683, 'Ngân hàng Thương mại Cổ phần Kỹ thương Việt Nam', 23700, '', '2025-01-16', 23800, 400, 3940400, 93886, 23826.515074611714, 23950, 23700, 'b', 0, 0, 0, 1590552461, 93886.05999999997, 39404, 23700, 23750, 234600, 23700, 299300, 23650, 195200, 23800, 203400, 23850, 223800, 23900, 314100, '2025-01-16 06:45:02']]
[2025-01-16T06:45:04.632+0000] {logging_mixin.py:190} INFO - <class 'list'>
[2025-01-16T06:45:04.634+0000] {logging_mixin.py:190} INFO - [['TCB', 25350, 22050, 23700, 'STOCK', 'HSX', '', 7045021622, 'STOCK', 8424683, 'Ngân hàng Thương mại Cổ phần Kỹ thương Việt Nam', 23700, '', '2025-01-16', 23800, 400, 3940400, 93886, 23826.515074611714, 23950, 23700, 'b', 0, 0, 0, 1590552461, 93886.05999999997, 39404, 23700, 23750, 234600, 23700, 299300, 23650, 195200, 23800, 203400, 23850, 223800, 23900, 314100, '2025-01-16 06:45:02']]
[2025-01-16T06:45:04.643+0000] {python.py:240} INFO - Done. Returned value was: None
[2025-01-16T06:45:04.651+0000] {taskinstance.py:340} INFO - ::group::Post task execution logs
[2025-01-16T06:45:04.652+0000] {taskinstance.py:352} INFO - Marking task as SUCCESS. dag_id=stock_information, task_id=append_to_database, run_id=scheduled__2025-01-16T06:44:00+00:00, execution_date=20250116T064400, start_date=20250116T064504, end_date=20250116T064504
[2025-01-16T06:45:04.705+0000] {local_task_job_runner.py:266} INFO - Task exited with return code 0
[2025-01-16T06:45:04.719+0000] {taskinstance.py:3895} INFO - 0 downstream tasks scheduled from follow-on schedule check
[2025-01-16T06:45:04.724+0000] {local_task_job_runner.py:245} INFO - ::endgroup::
