[2025-01-16T03:48:04.288+0000] {local_task_job_runner.py:123} INFO - ::group::Pre task execution logs
[2025-01-16T03:48:04.302+0000] {taskinstance.py:2613} INFO - Dependencies all met for dep_context=non-requeueable deps ti=<TaskInstance: stock_information.append_to_database scheduled__2025-01-16T03:47:00+00:00 [queued]>
[2025-01-16T03:48:04.310+0000] {taskinstance.py:2613} INFO - Dependencies all met for dep_context=requeueable deps ti=<TaskInstance: stock_information.append_to_database scheduled__2025-01-16T03:47:00+00:00 [queued]>
[2025-01-16T03:48:04.312+0000] {taskinstance.py:2866} INFO - Starting attempt 1 of 1
[2025-01-16T03:48:04.325+0000] {taskinstance.py:2889} INFO - Executing <Task(PythonOperator): append_to_database> on 2025-01-16 03:47:00+00:00
[2025-01-16T03:48:04.331+0000] {standard_task_runner.py:72} INFO - Started process 2320 to run task
[2025-01-16T03:48:04.334+0000] {standard_task_runner.py:104} INFO - Running: ['airflow', 'tasks', 'run', 'stock_information', 'append_to_database', 'scheduled__2025-01-16T03:47:00+00:00', '--job-id', '1565', '--raw', '--subdir', 'DAGS_FOLDER/vnstock_stream.py', '--cfg-path', '/tmp/tmpc1u2fn_h']
[2025-01-16T03:48:04.337+0000] {standard_task_runner.py:105} INFO - Job 1565: Subtask append_to_database
[2025-01-16T03:48:04.374+0000] {task_command.py:467} INFO - Running <TaskInstance: stock_information.append_to_database scheduled__2025-01-16T03:47:00+00:00 [running]> on host 453ac4defedc
[2025-01-16T03:48:04.452+0000] {taskinstance.py:3132} INFO - Exporting env vars: AIRFLOW_CTX_DAG_OWNER='TuanDz' AIRFLOW_CTX_DAG_ID='stock_information' AIRFLOW_CTX_TASK_ID='append_to_database' AIRFLOW_CTX_EXECUTION_DATE='2025-01-16T03:47:00+00:00' AIRFLOW_CTX_TRY_NUMBER='1' AIRFLOW_CTX_DAG_RUN_ID='scheduled__2025-01-16T03:47:00+00:00'
[2025-01-16T03:48:04.454+0000] {taskinstance.py:731} INFO - ::endgroup::
[2025-01-16T03:48:04.500+0000] {logging_mixin.py:190} INFO - Kết nối thành công!
[2025-01-16T03:48:04.501+0000] {logging_mixin.py:190} INFO - <class 'str'>
[2025-01-16T03:48:04.502+0000] {logging_mixin.py:190} INFO - [['TCB', 25350, 22050, 23700, 'STOCK', 'HSX', '', 7045021622, 'STOCK', 8424683, 'Ngân hàng Thương mại Cổ phần Kỹ thương Việt Nam', 23700, '', '2025-01-16', 23750, 1000, 3005200, 71675, 23850.326101424198, 23950, 23750, 's', 0, 0, 0, 1590552461, 71675.56999999998, 30052, 23700, 23750, 256100, 23700, 241700, 23650, 22800, 23800, 26600, 23850, 195400, 23900, 268900, '2025-01-16 03:48:01']]
[2025-01-16T03:48:04.502+0000] {logging_mixin.py:190} INFO - <class 'list'>
[2025-01-16T03:48:04.503+0000] {logging_mixin.py:190} INFO - [['TCB', 25350, 22050, 23700, 'STOCK', 'HSX', '', 7045021622, 'STOCK', 8424683, 'Ngân hàng Thương mại Cổ phần Kỹ thương Việt Nam', 23700, '', '2025-01-16', 23750, 1000, 3005200, 71675, 23850.326101424198, 23950, 23750, 's', 0, 0, 0, 1590552461, 71675.56999999998, 30052, 23700, 23750, 256100, 23700, 241700, 23650, 22800, 23800, 26600, 23850, 195400, 23900, 268900, '2025-01-16 03:48:01']]
[2025-01-16T03:48:04.507+0000] {python.py:240} INFO - Done. Returned value was: None
[2025-01-16T03:48:04.513+0000] {taskinstance.py:340} INFO - ::group::Post task execution logs
[2025-01-16T03:48:04.514+0000] {taskinstance.py:352} INFO - Marking task as SUCCESS. dag_id=stock_information, task_id=append_to_database, run_id=scheduled__2025-01-16T03:47:00+00:00, execution_date=20250116T034700, start_date=20250116T034804, end_date=20250116T034804
[2025-01-16T03:48:04.550+0000] {local_task_job_runner.py:266} INFO - Task exited with return code 0
[2025-01-16T03:48:04.564+0000] {taskinstance.py:3895} INFO - 0 downstream tasks scheduled from follow-on schedule check
[2025-01-16T03:48:04.569+0000] {local_task_job_runner.py:245} INFO - ::endgroup::
