[2025-01-15T02:56:05.213+0000] {local_task_job_runner.py:123} INFO - ::group::Pre task execution logs
[2025-01-15T02:56:05.227+0000] {taskinstance.py:2613} INFO - Dependencies all met for dep_context=non-requeueable deps ti=<TaskInstance: stock_information.append_to_database scheduled__2025-01-15T02:55:00+00:00 [queued]>
[2025-01-15T02:56:05.236+0000] {taskinstance.py:2613} INFO - Dependencies all met for dep_context=requeueable deps ti=<TaskInstance: stock_information.append_to_database scheduled__2025-01-15T02:55:00+00:00 [queued]>
[2025-01-15T02:56:05.238+0000] {taskinstance.py:2866} INFO - Starting attempt 1 of 1
[2025-01-15T02:56:05.252+0000] {taskinstance.py:2889} INFO - Executing <Task(PythonOperator): append_to_database> on 2025-01-15 02:55:00+00:00
[2025-01-15T02:56:05.259+0000] {standard_task_runner.py:72} INFO - Started process 850 to run task
[2025-01-15T02:56:05.262+0000] {standard_task_runner.py:104} INFO - Running: ['airflow', 'tasks', 'run', 'stock_information', 'append_to_database', 'scheduled__2025-01-15T02:55:00+00:00', '--job-id', '564', '--raw', '--subdir', 'DAGS_FOLDER/vnstock_stream.py', '--cfg-path', '/tmp/tmpsk7w0k7g']
[2025-01-15T02:56:05.266+0000] {standard_task_runner.py:105} INFO - Job 564: Subtask append_to_database
[2025-01-15T02:56:05.316+0000] {task_command.py:467} INFO - Running <TaskInstance: stock_information.append_to_database scheduled__2025-01-15T02:55:00+00:00 [running]> on host 453ac4defedc
[2025-01-15T02:56:05.432+0000] {taskinstance.py:3132} INFO - Exporting env vars: AIRFLOW_CTX_DAG_OWNER='TuanDz' AIRFLOW_CTX_DAG_ID='stock_information' AIRFLOW_CTX_TASK_ID='append_to_database' AIRFLOW_CTX_EXECUTION_DATE='2025-01-15T02:55:00+00:00' AIRFLOW_CTX_TRY_NUMBER='1' AIRFLOW_CTX_DAG_RUN_ID='scheduled__2025-01-15T02:55:00+00:00'
[2025-01-15T02:56:05.435+0000] {taskinstance.py:731} INFO - ::endgroup::
[2025-01-15T02:56:05.478+0000] {logging_mixin.py:190} INFO - Kết nối thành công!
[2025-01-15T02:56:05.479+0000] {logging_mixin.py:190} INFO - <class 'str'>
[2025-01-15T02:56:05.481+0000] {logging_mixin.py:190} INFO - [['TCB', 25250, 21950, 23600, 'STOCK', 'HSX', '', 7045021622, 'STOCK', 8424683, 'Ngân hàng Thương mại Cổ phần Kỹ thương Việt Nam', 23600, '', '2025-01-15', 23700, 49700, 497500, 11808, 23734.67336683417, 23800, 23650, 's', 0, 0, 0, 1590552461, 11808.130000000001, 4975, 23600, 23700, 137100, 23650, 55000, 23600, 131200, 23750, 115700, 23800, 163000, 23850, 134800, '2025-01-15 02:56:03']]
[2025-01-15T02:56:05.482+0000] {logging_mixin.py:190} INFO - <class 'list'>
[2025-01-15T02:56:05.484+0000] {logging_mixin.py:190} INFO - [['TCB', 25250, 21950, 23600, 'STOCK', 'HSX', '', 7045021622, 'STOCK', 8424683, 'Ngân hàng Thương mại Cổ phần Kỹ thương Việt Nam', 23600, '', '2025-01-15', 23700, 49700, 497500, 11808, 23734.67336683417, 23800, 23650, 's', 0, 0, 0, 1590552461, 11808.130000000001, 4975, 23600, 23700, 137100, 23650, 55000, 23600, 131200, 23750, 115700, 23800, 163000, 23850, 134800, '2025-01-15 02:56:03']]
[2025-01-15T02:56:05.487+0000] {python.py:240} INFO - Done. Returned value was: None
[2025-01-15T02:56:05.497+0000] {taskinstance.py:340} INFO - ::group::Post task execution logs
[2025-01-15T02:56:05.498+0000] {taskinstance.py:352} INFO - Marking task as SUCCESS. dag_id=stock_information, task_id=append_to_database, run_id=scheduled__2025-01-15T02:55:00+00:00, execution_date=20250115T025500, start_date=20250115T025605, end_date=20250115T025605
[2025-01-15T02:56:05.518+0000] {local_task_job_runner.py:266} INFO - Task exited with return code 0
[2025-01-15T02:56:05.532+0000] {taskinstance.py:3895} INFO - 0 downstream tasks scheduled from follow-on schedule check
[2025-01-15T02:56:05.537+0000] {local_task_job_runner.py:245} INFO - ::endgroup::
