[2025-01-16T06:53:03.580+0000] {local_task_job_runner.py:123} INFO - ::group::Pre task execution logs
[2025-01-16T06:53:03.594+0000] {taskinstance.py:2613} INFO - Dependencies all met for dep_context=non-requeueable deps ti=<TaskInstance: stock_information.append_to_database scheduled__2025-01-16T06:52:00+00:00 [queued]>
[2025-01-16T06:53:03.602+0000] {taskinstance.py:2613} INFO - Dependencies all met for dep_context=requeueable deps ti=<TaskInstance: stock_information.append_to_database scheduled__2025-01-16T06:52:00+00:00 [queued]>
[2025-01-16T06:53:03.603+0000] {taskinstance.py:2866} INFO - Starting attempt 1 of 1
[2025-01-16T06:53:03.612+0000] {taskinstance.py:2889} INFO - Executing <Task(PythonOperator): append_to_database> on 2025-01-16 06:52:00+00:00
[2025-01-16T06:53:03.619+0000] {standard_task_runner.py:72} INFO - Started process 7743 to run task
[2025-01-16T06:53:03.622+0000] {standard_task_runner.py:104} INFO - Running: ['airflow', 'tasks', 'run', 'stock_information', 'append_to_database', 'scheduled__2025-01-16T06:52:00+00:00', '--job-id', '1935', '--raw', '--subdir', 'DAGS_FOLDER/vnstock_stream.py', '--cfg-path', '/tmp/tmpp00lnt0m']
[2025-01-16T06:53:03.625+0000] {standard_task_runner.py:105} INFO - Job 1935: Subtask append_to_database
[2025-01-16T06:53:03.661+0000] {task_command.py:467} INFO - Running <TaskInstance: stock_information.append_to_database scheduled__2025-01-16T06:52:00+00:00 [running]> on host 453ac4defedc
[2025-01-16T06:53:03.747+0000] {taskinstance.py:3132} INFO - Exporting env vars: AIRFLOW_CTX_DAG_OWNER='TuanDz' AIRFLOW_CTX_DAG_ID='stock_information' AIRFLOW_CTX_TASK_ID='append_to_database' AIRFLOW_CTX_EXECUTION_DATE='2025-01-16T06:52:00+00:00' AIRFLOW_CTX_TRY_NUMBER='1' AIRFLOW_CTX_DAG_RUN_ID='scheduled__2025-01-16T06:52:00+00:00'
[2025-01-16T06:53:03.749+0000] {taskinstance.py:731} INFO - ::endgroup::
[2025-01-16T06:53:03.826+0000] {logging_mixin.py:190} INFO - Kết nối thành công!
[2025-01-16T06:53:03.827+0000] {logging_mixin.py:190} INFO - <class 'str'>
[2025-01-16T06:53:03.828+0000] {logging_mixin.py:190} INFO - [['TCB', 25350, 22050, 23700, 'STOCK', 'HSX', '', 7045021622, 'STOCK', 8424683, 'Ngân hàng Thương mại Cổ phần Kỹ thương Việt Nam', 23700, '', '2025-01-16', 23750, 1000, 3998100, 95257, 23825.567144393586, 23950, 23700, 's', 0, 0, 0, 1590552461, 95256.99999999999, 39981, 23700, 23750, 310400, 23700, 280400, 23650, 195100, 23800, 242100, 23850, 245500, 23900, 315700, '2025-01-16 06:53:02']]
[2025-01-16T06:53:03.828+0000] {logging_mixin.py:190} INFO - <class 'list'>
[2025-01-16T06:53:03.829+0000] {logging_mixin.py:190} INFO - [['TCB', 25350, 22050, 23700, 'STOCK', 'HSX', '', 7045021622, 'STOCK', 8424683, 'Ngân hàng Thương mại Cổ phần Kỹ thương Việt Nam', 23700, '', '2025-01-16', 23750, 1000, 3998100, 95257, 23825.567144393586, 23950, 23700, 's', 0, 0, 0, 1590552461, 95256.99999999999, 39981, 23700, 23750, 310400, 23700, 280400, 23650, 195100, 23800, 242100, 23850, 245500, 23900, 315700, '2025-01-16 06:53:02']]
[2025-01-16T06:53:03.837+0000] {python.py:240} INFO - Done. Returned value was: None
[2025-01-16T06:53:03.844+0000] {taskinstance.py:340} INFO - ::group::Post task execution logs
[2025-01-16T06:53:03.845+0000] {taskinstance.py:352} INFO - Marking task as SUCCESS. dag_id=stock_information, task_id=append_to_database, run_id=scheduled__2025-01-16T06:52:00+00:00, execution_date=20250116T065200, start_date=20250116T065303, end_date=20250116T065303
[2025-01-16T06:53:03.878+0000] {local_task_job_runner.py:266} INFO - Task exited with return code 0
[2025-01-16T06:53:03.894+0000] {taskinstance.py:3895} INFO - 0 downstream tasks scheduled from follow-on schedule check
[2025-01-16T06:53:03.898+0000] {local_task_job_runner.py:245} INFO - ::endgroup::
