[2025-01-16T04:26:04.622+0000] {local_task_job_runner.py:123} INFO - ::group::Pre task execution logs
[2025-01-16T04:26:04.635+0000] {taskinstance.py:2613} INFO - Dependencies all met for dep_context=non-requeueable deps ti=<TaskInstance: stock_information.append_to_database scheduled__2025-01-16T04:25:00+00:00 [queued]>
[2025-01-16T04:26:04.644+0000] {taskinstance.py:2613} INFO - Dependencies all met for dep_context=requeueable deps ti=<TaskInstance: stock_information.append_to_database scheduled__2025-01-16T04:25:00+00:00 [queued]>
[2025-01-16T04:26:04.646+0000] {taskinstance.py:2866} INFO - Starting attempt 1 of 1
[2025-01-16T04:26:04.659+0000] {taskinstance.py:2889} INFO - Executing <Task(PythonOperator): append_to_database> on 2025-01-16 04:25:00+00:00
[2025-01-16T04:26:04.664+0000] {standard_task_runner.py:72} INFO - Started process 3431 to run task
[2025-01-16T04:26:04.667+0000] {standard_task_runner.py:104} INFO - Running: ['airflow', 'tasks', 'run', 'stock_information', 'append_to_database', 'scheduled__2025-01-16T04:25:00+00:00', '--job-id', '1641', '--raw', '--subdir', 'DAGS_FOLDER/vnstock_stream.py', '--cfg-path', '/tmp/tmpp6og2ysn']
[2025-01-16T04:26:04.669+0000] {standard_task_runner.py:105} INFO - Job 1641: Subtask append_to_database
[2025-01-16T04:26:04.706+0000] {task_command.py:467} INFO - Running <TaskInstance: stock_information.append_to_database scheduled__2025-01-16T04:25:00+00:00 [running]> on host 453ac4defedc
[2025-01-16T04:26:04.783+0000] {taskinstance.py:3132} INFO - Exporting env vars: AIRFLOW_CTX_DAG_OWNER='TuanDz' AIRFLOW_CTX_DAG_ID='stock_information' AIRFLOW_CTX_TASK_ID='append_to_database' AIRFLOW_CTX_EXECUTION_DATE='2025-01-16T04:25:00+00:00' AIRFLOW_CTX_TRY_NUMBER='1' AIRFLOW_CTX_DAG_RUN_ID='scheduled__2025-01-16T04:25:00+00:00'
[2025-01-16T04:26:04.785+0000] {taskinstance.py:731} INFO - ::endgroup::
[2025-01-16T04:26:04.831+0000] {logging_mixin.py:190} INFO - Kết nối thành công!
[2025-01-16T04:26:04.832+0000] {logging_mixin.py:190} INFO - <class 'str'>
[2025-01-16T04:26:04.833+0000] {logging_mixin.py:190} INFO - [['TCB', 25350, 22050, 23700, 'STOCK', 'HSX', '', 7045021622, 'STOCK', 8424683, 'Ngân hàng Thương mại Cổ phần Kỹ thương Việt Nam', 23700, '', '2025-01-16', 23750, 900, 3323500, 79238, 23841.733112682414, 23950, 23750, 's', 0, 0, 0, 1590552461, 79238.18000000001, 33235, 23700, 23750, 29100, 23700, 199500, 23650, 124500, 23800, 151100, 23850, 204500, 23900, 288000, '2025-01-16 04:26:02']]
[2025-01-16T04:26:04.833+0000] {logging_mixin.py:190} INFO - <class 'list'>
[2025-01-16T04:26:04.834+0000] {logging_mixin.py:190} INFO - [['TCB', 25350, 22050, 23700, 'STOCK', 'HSX', '', 7045021622, 'STOCK', 8424683, 'Ngân hàng Thương mại Cổ phần Kỹ thương Việt Nam', 23700, '', '2025-01-16', 23750, 900, 3323500, 79238, 23841.733112682414, 23950, 23750, 's', 0, 0, 0, 1590552461, 79238.18000000001, 33235, 23700, 23750, 29100, 23700, 199500, 23650, 124500, 23800, 151100, 23850, 204500, 23900, 288000, '2025-01-16 04:26:02']]
[2025-01-16T04:26:04.838+0000] {python.py:240} INFO - Done. Returned value was: None
[2025-01-16T04:26:04.845+0000] {taskinstance.py:340} INFO - ::group::Post task execution logs
[2025-01-16T04:26:04.846+0000] {taskinstance.py:352} INFO - Marking task as SUCCESS. dag_id=stock_information, task_id=append_to_database, run_id=scheduled__2025-01-16T04:25:00+00:00, execution_date=20250116T042500, start_date=20250116T042604, end_date=20250116T042604
[2025-01-16T04:26:04.882+0000] {local_task_job_runner.py:266} INFO - Task exited with return code 0
[2025-01-16T04:26:04.899+0000] {taskinstance.py:3895} INFO - 0 downstream tasks scheduled from follow-on schedule check
[2025-01-16T04:26:04.903+0000] {local_task_job_runner.py:245} INFO - ::endgroup::
