[2025-01-16T06:22:05.115+0000] {local_task_job_runner.py:123} INFO - ::group::Pre task execution logs
[2025-01-16T06:22:05.127+0000] {taskinstance.py:2613} INFO - Dependencies all met for dep_context=non-requeueable deps ti=<TaskInstance: stock_information.append_to_database scheduled__2025-01-16T06:21:00+00:00 [queued]>
[2025-01-16T06:22:05.134+0000] {taskinstance.py:2613} INFO - Dependencies all met for dep_context=requeueable deps ti=<TaskInstance: stock_information.append_to_database scheduled__2025-01-16T06:21:00+00:00 [queued]>
[2025-01-16T06:22:05.136+0000] {taskinstance.py:2866} INFO - Starting attempt 1 of 1
[2025-01-16T06:22:05.150+0000] {taskinstance.py:2889} INFO - Executing <Task(PythonOperator): append_to_database> on 2025-01-16 06:21:00+00:00
[2025-01-16T06:22:05.156+0000] {standard_task_runner.py:72} INFO - Started process 6836 to run task
[2025-01-16T06:22:05.158+0000] {standard_task_runner.py:104} INFO - Running: ['airflow', 'tasks', 'run', 'stock_information', 'append_to_database', 'scheduled__2025-01-16T06:21:00+00:00', '--job-id', '1873', '--raw', '--subdir', 'DAGS_FOLDER/vnstock_stream.py', '--cfg-path', '/tmp/tmpjzdz76a4']
[2025-01-16T06:22:05.161+0000] {standard_task_runner.py:105} INFO - Job 1873: Subtask append_to_database
[2025-01-16T06:22:05.199+0000] {task_command.py:467} INFO - Running <TaskInstance: stock_information.append_to_database scheduled__2025-01-16T06:21:00+00:00 [running]> on host 453ac4defedc
[2025-01-16T06:22:05.279+0000] {taskinstance.py:3132} INFO - Exporting env vars: AIRFLOW_CTX_DAG_OWNER='TuanDz' AIRFLOW_CTX_DAG_ID='stock_information' AIRFLOW_CTX_TASK_ID='append_to_database' AIRFLOW_CTX_EXECUTION_DATE='2025-01-16T06:21:00+00:00' AIRFLOW_CTX_TRY_NUMBER='1' AIRFLOW_CTX_DAG_RUN_ID='scheduled__2025-01-16T06:21:00+00:00'
[2025-01-16T06:22:05.281+0000] {taskinstance.py:731} INFO - ::endgroup::
[2025-01-16T06:22:05.341+0000] {logging_mixin.py:190} INFO - Kết nối thành công!
[2025-01-16T06:22:05.342+0000] {logging_mixin.py:190} INFO - <class 'str'>
[2025-01-16T06:22:05.342+0000] {logging_mixin.py:190} INFO - [['TCB', 25350, 22050, 23700, 'STOCK', 'HSX', '', 7045021622, 'STOCK', 8424683, 'Ngân hàng Thương mại Cổ phần Kỹ thương Việt Nam', 23700, '', '2025-01-16', 23750, 1000, 3595500, 85695, 23833.95911556112, 23950, 23700, 's', 0, 0, 0, 1590552461, 85695.275, 35955, 23700, 23750, 218500, 23700, 247400, 23650, 186500, 23800, 160300, 23850, 224400, 23900, 297700, '2025-01-16 06:22:02']]
[2025-01-16T06:22:05.343+0000] {logging_mixin.py:190} INFO - <class 'list'>
[2025-01-16T06:22:05.344+0000] {logging_mixin.py:190} INFO - [['TCB', 25350, 22050, 23700, 'STOCK', 'HSX', '', 7045021622, 'STOCK', 8424683, 'Ngân hàng Thương mại Cổ phần Kỹ thương Việt Nam', 23700, '', '2025-01-16', 23750, 1000, 3595500, 85695, 23833.95911556112, 23950, 23700, 's', 0, 0, 0, 1590552461, 85695.275, 35955, 23700, 23750, 218500, 23700, 247400, 23650, 186500, 23800, 160300, 23850, 224400, 23900, 297700, '2025-01-16 06:22:02']]
[2025-01-16T06:22:05.350+0000] {python.py:240} INFO - Done. Returned value was: None
[2025-01-16T06:22:05.357+0000] {taskinstance.py:340} INFO - ::group::Post task execution logs
[2025-01-16T06:22:05.357+0000] {taskinstance.py:352} INFO - Marking task as SUCCESS. dag_id=stock_information, task_id=append_to_database, run_id=scheduled__2025-01-16T06:21:00+00:00, execution_date=20250116T062100, start_date=20250116T062205, end_date=20250116T062205
[2025-01-16T06:22:05.374+0000] {local_task_job_runner.py:266} INFO - Task exited with return code 0
[2025-01-16T06:22:05.388+0000] {taskinstance.py:3895} INFO - 0 downstream tasks scheduled from follow-on schedule check
[2025-01-16T06:22:05.393+0000] {local_task_job_runner.py:245} INFO - ::endgroup::
