[2025-01-15T03:05:04.353+0000] {local_task_job_runner.py:123} INFO - ::group::Pre task execution logs
[2025-01-15T03:05:04.365+0000] {taskinstance.py:2613} INFO - Dependencies all met for dep_context=non-requeueable deps ti=<TaskInstance: stock_information.append_to_database scheduled__2025-01-15T03:04:00+00:00 [queued]>
[2025-01-15T03:05:04.372+0000] {taskinstance.py:2613} INFO - Dependencies all met for dep_context=requeueable deps ti=<TaskInstance: stock_information.append_to_database scheduled__2025-01-15T03:04:00+00:00 [queued]>
[2025-01-15T03:05:04.374+0000] {taskinstance.py:2866} INFO - Starting attempt 1 of 1
[2025-01-15T03:05:04.385+0000] {taskinstance.py:2889} INFO - Executing <Task(PythonOperator): append_to_database> on 2025-01-15 03:04:00+00:00
[2025-01-15T03:05:04.392+0000] {standard_task_runner.py:72} INFO - Started process 1109 to run task
[2025-01-15T03:05:04.394+0000] {standard_task_runner.py:104} INFO - Running: ['airflow', 'tasks', 'run', 'stock_information', 'append_to_database', 'scheduled__2025-01-15T03:04:00+00:00', '--job-id', '582', '--raw', '--subdir', 'DAGS_FOLDER/vnstock_stream.py', '--cfg-path', '/tmp/tmptclfxbwr']
[2025-01-15T03:05:04.397+0000] {standard_task_runner.py:105} INFO - Job 582: Subtask append_to_database
[2025-01-15T03:05:04.435+0000] {task_command.py:467} INFO - Running <TaskInstance: stock_information.append_to_database scheduled__2025-01-15T03:04:00+00:00 [running]> on host 453ac4defedc
[2025-01-15T03:05:04.512+0000] {taskinstance.py:3132} INFO - Exporting env vars: AIRFLOW_CTX_DAG_OWNER='TuanDz' AIRFLOW_CTX_DAG_ID='stock_information' AIRFLOW_CTX_TASK_ID='append_to_database' AIRFLOW_CTX_EXECUTION_DATE='2025-01-15T03:04:00+00:00' AIRFLOW_CTX_TRY_NUMBER='1' AIRFLOW_CTX_DAG_RUN_ID='scheduled__2025-01-15T03:04:00+00:00'
[2025-01-15T03:05:04.515+0000] {taskinstance.py:731} INFO - ::endgroup::
[2025-01-15T03:05:04.557+0000] {logging_mixin.py:190} INFO - Kết nối thành công!
[2025-01-15T03:05:04.557+0000] {logging_mixin.py:190} INFO - <class 'str'>
[2025-01-15T03:05:04.559+0000] {logging_mixin.py:190} INFO - [['TCB', 25250, 21950, 23600, 'STOCK', 'HSX', '', 7045021622, 'STOCK', 8424683, 'Ngân hàng Thương mại Cổ phần Kỹ thương Việt Nam', 23600, '', '2025-01-15', 23750, 200, 573600, 13613, 23732.566248256626, 23800, 23650, 'b', 0, 0, 0, 1590552461, 13613.025000000005, 5736, 23600, 23700, 174900, 23650, 134500, 23600, 187500, 23750, 142300, 23800, 146900, 23850, 145100, '2025-01-15 03:05:02']]
[2025-01-15T03:05:04.560+0000] {logging_mixin.py:190} INFO - <class 'list'>
[2025-01-15T03:05:04.560+0000] {logging_mixin.py:190} INFO - [['TCB', 25250, 21950, 23600, 'STOCK', 'HSX', '', 7045021622, 'STOCK', 8424683, 'Ngân hàng Thương mại Cổ phần Kỹ thương Việt Nam', 23600, '', '2025-01-15', 23750, 200, 573600, 13613, 23732.566248256626, 23800, 23650, 'b', 0, 0, 0, 1590552461, 13613.025000000005, 5736, 23600, 23700, 174900, 23650, 134500, 23600, 187500, 23750, 142300, 23800, 146900, 23850, 145100, '2025-01-15 03:05:02']]
[2025-01-15T03:05:04.562+0000] {python.py:240} INFO - Done. Returned value was: None
[2025-01-15T03:05:04.569+0000] {taskinstance.py:340} INFO - ::group::Post task execution logs
[2025-01-15T03:05:04.570+0000] {taskinstance.py:352} INFO - Marking task as SUCCESS. dag_id=stock_information, task_id=append_to_database, run_id=scheduled__2025-01-15T03:04:00+00:00, execution_date=20250115T030400, start_date=20250115T030504, end_date=20250115T030504
[2025-01-15T03:05:04.610+0000] {local_task_job_runner.py:266} INFO - Task exited with return code 0
[2025-01-15T03:05:04.627+0000] {taskinstance.py:3895} INFO - 0 downstream tasks scheduled from follow-on schedule check
[2025-01-15T03:05:04.632+0000] {local_task_job_runner.py:245} INFO - ::endgroup::
