[2025-01-16T07:34:04.253+0000] {local_task_job_runner.py:123} INFO - ::group::Pre task execution logs
[2025-01-16T07:34:04.267+0000] {taskinstance.py:2613} INFO - Dependencies all met for dep_context=non-requeueable deps ti=<TaskInstance: stock_information.append_to_database scheduled__2025-01-16T07:33:00+00:00 [queued]>
[2025-01-16T07:34:04.275+0000] {taskinstance.py:2613} INFO - Dependencies all met for dep_context=requeueable deps ti=<TaskInstance: stock_information.append_to_database scheduled__2025-01-16T07:33:00+00:00 [queued]>
[2025-01-16T07:34:04.276+0000] {taskinstance.py:2866} INFO - Starting attempt 1 of 1
[2025-01-16T07:34:04.289+0000] {taskinstance.py:2889} INFO - Executing <Task(PythonOperator): append_to_database> on 2025-01-16 07:33:00+00:00
[2025-01-16T07:34:04.296+0000] {standard_task_runner.py:72} INFO - Started process 8944 to run task
[2025-01-16T07:34:04.299+0000] {standard_task_runner.py:104} INFO - Running: ['airflow', 'tasks', 'run', 'stock_information', 'append_to_database', 'scheduled__2025-01-16T07:33:00+00:00', '--job-id', '2017', '--raw', '--subdir', 'DAGS_FOLDER/vnstock_stream.py', '--cfg-path', '/tmp/tmpk_1jv4z1']
[2025-01-16T07:34:04.301+0000] {standard_task_runner.py:105} INFO - Job 2017: Subtask append_to_database
[2025-01-16T07:34:04.341+0000] {task_command.py:467} INFO - Running <TaskInstance: stock_information.append_to_database scheduled__2025-01-16T07:33:00+00:00 [running]> on host 453ac4defedc
[2025-01-16T07:34:04.426+0000] {taskinstance.py:3132} INFO - Exporting env vars: AIRFLOW_CTX_DAG_OWNER='TuanDz' AIRFLOW_CTX_DAG_ID='stock_information' AIRFLOW_CTX_TASK_ID='append_to_database' AIRFLOW_CTX_EXECUTION_DATE='2025-01-16T07:33:00+00:00' AIRFLOW_CTX_TRY_NUMBER='1' AIRFLOW_CTX_DAG_RUN_ID='scheduled__2025-01-16T07:33:00+00:00'
[2025-01-16T07:34:04.428+0000] {taskinstance.py:731} INFO - ::endgroup::
[2025-01-16T07:34:04.483+0000] {logging_mixin.py:190} INFO - Kết nối thành công!
[2025-01-16T07:34:04.485+0000] {logging_mixin.py:190} INFO - <class 'str'>
[2025-01-16T07:34:04.486+0000] {logging_mixin.py:190} INFO - [['TCB', 25350, 22050, 23700, 'STOCK', 'HSX', '', 7045021622, 'STOCK', 8424683, 'Ngân hàng Thương mại Cổ phần Kỹ thương Việt Nam', 23700, '', '2025-01-16', 23550, 0, 7499500, 178238, 23766.651110074006, 23950, 23600, 's', 0, 43800, 0, 1590552461, 178238.56999999922, 74995, 23700, 0, 43200, 23650, 800, 23600, 101100, 0, 147200, 23550, 400, 23600, 300, '2025-01-16 07:34:02']]
[2025-01-16T07:34:04.487+0000] {logging_mixin.py:190} INFO - <class 'list'>
[2025-01-16T07:34:04.487+0000] {logging_mixin.py:190} INFO - [['TCB', 25350, 22050, 23700, 'STOCK', 'HSX', '', 7045021622, 'STOCK', 8424683, 'Ngân hàng Thương mại Cổ phần Kỹ thương Việt Nam', 23700, '', '2025-01-16', 23550, 0, 7499500, 178238, 23766.651110074006, 23950, 23600, 's', 0, 43800, 0, 1590552461, 178238.56999999922, 74995, 23700, 0, 43200, 23650, 800, 23600, 101100, 0, 147200, 23550, 400, 23600, 300, '2025-01-16 07:34:02']]
[2025-01-16T07:34:04.493+0000] {python.py:240} INFO - Done. Returned value was: None
[2025-01-16T07:34:04.500+0000] {taskinstance.py:340} INFO - ::group::Post task execution logs
[2025-01-16T07:34:04.500+0000] {taskinstance.py:352} INFO - Marking task as SUCCESS. dag_id=stock_information, task_id=append_to_database, run_id=scheduled__2025-01-16T07:33:00+00:00, execution_date=20250116T073300, start_date=20250116T073404, end_date=20250116T073404
[2025-01-16T07:34:04.554+0000] {local_task_job_runner.py:266} INFO - Task exited with return code 0
[2025-01-16T07:34:04.568+0000] {taskinstance.py:3895} INFO - 0 downstream tasks scheduled from follow-on schedule check
[2025-01-16T07:34:04.573+0000] {local_task_job_runner.py:245} INFO - ::endgroup::
