[2025-01-16T02:39:04.003+0000] {local_task_job_runner.py:123} INFO - ::group::Pre task execution logs
[2025-01-16T02:39:04.017+0000] {taskinstance.py:2613} INFO - Dependencies all met for dep_context=non-requeueable deps ti=<TaskInstance: stock_information.append_to_database scheduled__2025-01-16T02:38:00+00:00 [queued]>
[2025-01-16T02:39:04.027+0000] {taskinstance.py:2613} INFO - Dependencies all met for dep_context=requeueable deps ti=<TaskInstance: stock_information.append_to_database scheduled__2025-01-16T02:38:00+00:00 [queued]>
[2025-01-16T02:39:04.030+0000] {taskinstance.py:2866} INFO - Starting attempt 1 of 1
[2025-01-16T02:39:04.045+0000] {taskinstance.py:2889} INFO - Executing <Task(PythonOperator): append_to_database> on 2025-01-16 02:38:00+00:00
[2025-01-16T02:39:04.052+0000] {standard_task_runner.py:72} INFO - Started process 299 to run task
[2025-01-16T02:39:04.055+0000] {standard_task_runner.py:104} INFO - Running: ['airflow', 'tasks', 'run', 'stock_information', 'append_to_database', 'scheduled__2025-01-16T02:38:00+00:00', '--job-id', '1427', '--raw', '--subdir', 'DAGS_FOLDER/vnstock_stream.py', '--cfg-path', '/tmp/tmpd2vpgsjk']
[2025-01-16T02:39:04.059+0000] {standard_task_runner.py:105} INFO - Job 1427: Subtask append_to_database
[2025-01-16T02:39:04.107+0000] {task_command.py:467} INFO - Running <TaskInstance: stock_information.append_to_database scheduled__2025-01-16T02:38:00+00:00 [running]> on host 453ac4defedc
[2025-01-16T02:39:04.199+0000] {taskinstance.py:3132} INFO - Exporting env vars: AIRFLOW_CTX_DAG_OWNER='TuanDz' AIRFLOW_CTX_DAG_ID='stock_information' AIRFLOW_CTX_TASK_ID='append_to_database' AIRFLOW_CTX_EXECUTION_DATE='2025-01-16T02:38:00+00:00' AIRFLOW_CTX_TRY_NUMBER='1' AIRFLOW_CTX_DAG_RUN_ID='scheduled__2025-01-16T02:38:00+00:00'
[2025-01-16T02:39:04.203+0000] {taskinstance.py:731} INFO - ::endgroup::
[2025-01-16T02:39:04.254+0000] {logging_mixin.py:190} INFO - Kết nối thành công!
[2025-01-16T02:39:04.256+0000] {logging_mixin.py:190} INFO - <class 'str'>
[2025-01-16T02:39:04.257+0000] {logging_mixin.py:190} INFO - [['TCB', 25350, 22050, 23700, 'STOCK', 'HSX', '', 7045021622, 'STOCK', 8424683, 'Ngân hàng Thương mại Cổ phần Kỹ thương Việt Nam', 23700, '', '2025-01-16', 23850, 1000, 1121900, 26776, 23866.654782066136, 23950, 23800, 's', 0, 0, 0, 1590552461, 26776.589999999887, 11219, 23700, 23850, 206900, 23800, 150400, 23750, 123500, 23950, 161300, 24000, 586800, 24050, 108800, '2025-01-16 02:39:02']]
[2025-01-16T02:39:04.259+0000] {logging_mixin.py:190} INFO - <class 'list'>
[2025-01-16T02:39:04.260+0000] {logging_mixin.py:190} INFO - [['TCB', 25350, 22050, 23700, 'STOCK', 'HSX', '', 7045021622, 'STOCK', 8424683, 'Ngân hàng Thương mại Cổ phần Kỹ thương Việt Nam', 23700, '', '2025-01-16', 23850, 1000, 1121900, 26776, 23866.654782066136, 23950, 23800, 's', 0, 0, 0, 1590552461, 26776.589999999887, 11219, 23700, 23850, 206900, 23800, 150400, 23750, 123500, 23950, 161300, 24000, 586800, 24050, 108800, '2025-01-16 02:39:02']]
[2025-01-16T02:39:04.264+0000] {python.py:240} INFO - Done. Returned value was: None
[2025-01-16T02:39:04.274+0000] {taskinstance.py:340} INFO - ::group::Post task execution logs
[2025-01-16T02:39:04.276+0000] {taskinstance.py:352} INFO - Marking task as SUCCESS. dag_id=stock_information, task_id=append_to_database, run_id=scheduled__2025-01-16T02:38:00+00:00, execution_date=20250116T023800, start_date=20250116T023904, end_date=20250116T023904
[2025-01-16T02:39:04.312+0000] {local_task_job_runner.py:266} INFO - Task exited with return code 0
[2025-01-16T02:39:04.334+0000] {taskinstance.py:3895} INFO - 0 downstream tasks scheduled from follow-on schedule check
[2025-01-16T02:39:04.342+0000] {local_task_job_runner.py:245} INFO - ::endgroup::
