[2025-01-10T16:57:01.605+0000] {local_task_job_runner.py:123} INFO - ::group::Pre task execution logs
[2025-01-10T16:57:01.617+0000] {taskinstance.py:2613} INFO - Dependencies all met for dep_context=non-requeueable deps ti=<TaskInstance: stock_information.stream_data_from_api scheduled__2025-01-10T16:56:00+00:00 [queued]>
[2025-01-10T16:57:01.625+0000] {taskinstance.py:2613} INFO - Dependencies all met for dep_context=requeueable deps ti=<TaskInstance: stock_information.stream_data_from_api scheduled__2025-01-10T16:56:00+00:00 [queued]>
[2025-01-10T16:57:01.627+0000] {taskinstance.py:2866} INFO - Starting attempt 1 of 1
[2025-01-10T16:57:01.640+0000] {taskinstance.py:2889} INFO - Executing <Task(PythonOperator): stream_data_from_api> on 2025-01-10 16:56:00+00:00
[2025-01-10T16:57:01.646+0000] {standard_task_runner.py:72} INFO - Started process 708 to run task
[2025-01-10T16:57:01.648+0000] {standard_task_runner.py:104} INFO - Running: ['airflow', 'tasks', 'run', 'stock_information', 'stream_data_from_api', 'scheduled__2025-01-10T16:56:00+00:00', '--job-id', '106', '--raw', '--subdir', 'DAGS_FOLDER/vnstock_stream.py', '--cfg-path', '/tmp/tmpveeu6ydq']
[2025-01-10T16:57:01.651+0000] {standard_task_runner.py:105} INFO - Job 106: Subtask stream_data_from_api
[2025-01-10T16:57:01.688+0000] {task_command.py:467} INFO - Running <TaskInstance: stock_information.stream_data_from_api scheduled__2025-01-10T16:56:00+00:00 [running]> on host 453ac4defedc
[2025-01-10T16:57:01.757+0000] {taskinstance.py:3132} INFO - Exporting env vars: AIRFLOW_CTX_DAG_OWNER='TuanDz' AIRFLOW_CTX_DAG_ID='stock_information' AIRFLOW_CTX_TASK_ID='stream_data_from_api' AIRFLOW_CTX_EXECUTION_DATE='2025-01-10T16:56:00+00:00' AIRFLOW_CTX_TRY_NUMBER='1' AIRFLOW_CTX_DAG_RUN_ID='scheduled__2025-01-10T16:56:00+00:00'
[2025-01-10T16:57:01.759+0000] {taskinstance.py:731} INFO - ::endgroup::
[2025-01-10T16:57:02.142+0000] {data_explorer.py:64} WARNING - Thông tin niêm yết & giao dịch sẽ được truy xuất từ TCBS
[2025-01-10T16:57:02.349+0000] {python.py:240} INFO - Done. Returned value was:   symbol  ceiling  floor  ...  ask_3_price ask_3_volume                last_update
0    TCB    25600  22300  ...        23600        29000 2025-01-10 16:57:02.347347

[1 rows x 42 columns]
[2025-01-10T16:57:02.418+0000] {taskinstance.py:340} INFO - ::group::Post task execution logs
[2025-01-10T16:57:02.419+0000] {taskinstance.py:352} INFO - Marking task as SUCCESS. dag_id=stock_information, task_id=stream_data_from_api, run_id=scheduled__2025-01-10T16:56:00+00:00, execution_date=20250110T165600, start_date=20250110T165701, end_date=20250110T165702
[2025-01-10T16:57:02.469+0000] {local_task_job_runner.py:266} INFO - Task exited with return code 0
[2025-01-10T16:57:02.488+0000] {taskinstance.py:3895} INFO - 1 downstream tasks scheduled from follow-on schedule check
[2025-01-10T16:57:02.494+0000] {local_task_job_runner.py:245} INFO - ::endgroup::
