[2025-01-16T08:56:10.266+0000] {local_task_job_runner.py:123} INFO - ::group::Pre task execution logs
[2025-01-16T08:56:10.279+0000] {taskinstance.py:2613} INFO - Dependencies all met for dep_context=non-requeueable deps ti=<TaskInstance: stock_information.append_to_database scheduled__2025-01-16T08:55:00+00:00 [queued]>
[2025-01-16T08:56:10.287+0000] {taskinstance.py:2613} INFO - Dependencies all met for dep_context=requeueable deps ti=<TaskInstance: stock_information.append_to_database scheduled__2025-01-16T08:55:00+00:00 [queued]>
[2025-01-16T08:56:10.289+0000] {taskinstance.py:2866} INFO - Starting attempt 1 of 1
[2025-01-16T08:56:10.303+0000] {taskinstance.py:2889} INFO - Executing <Task(PythonOperator): append_to_database> on 2025-01-16 08:55:00+00:00
[2025-01-16T08:56:10.308+0000] {standard_task_runner.py:72} INFO - Started process 11346 to run task
[2025-01-16T08:56:10.312+0000] {standard_task_runner.py:104} INFO - Running: ['airflow', 'tasks', 'run', 'stock_information', 'append_to_database', 'scheduled__2025-01-16T08:55:00+00:00', '--job-id', '2181', '--raw', '--subdir', 'DAGS_FOLDER/vnstock_stream.py', '--cfg-path', '/tmp/tmpv4xdhxkt']
[2025-01-16T08:56:10.314+0000] {standard_task_runner.py:105} INFO - Job 2181: Subtask append_to_database
[2025-01-16T08:56:10.356+0000] {task_command.py:467} INFO - Running <TaskInstance: stock_information.append_to_database scheduled__2025-01-16T08:55:00+00:00 [running]> on host 453ac4defedc
[2025-01-16T08:56:10.444+0000] {taskinstance.py:3132} INFO - Exporting env vars: AIRFLOW_CTX_DAG_OWNER='TuanDz' AIRFLOW_CTX_DAG_ID='stock_information' AIRFLOW_CTX_TASK_ID='append_to_database' AIRFLOW_CTX_EXECUTION_DATE='2025-01-16T08:55:00+00:00' AIRFLOW_CTX_TRY_NUMBER='1' AIRFLOW_CTX_DAG_RUN_ID='scheduled__2025-01-16T08:55:00+00:00'
[2025-01-16T08:56:10.447+0000] {taskinstance.py:731} INFO - ::endgroup::
[2025-01-16T08:56:10.548+0000] {logging_mixin.py:190} INFO - Kết nối thành công!
[2025-01-16T08:56:10.549+0000] {logging_mixin.py:190} INFO - <class 'str'>
[2025-01-16T08:56:10.549+0000] {logging_mixin.py:190} INFO - [['TCB', 25350, 22050, 23700, 'STOCK', 'HSX', '', 7045021622, 'STOCK', 8424683, 'Ngân hàng Thương mại Cổ phần Kỹ thương Việt Nam', 23700, '', '2025-01-16', 23850, 574600, 8074100, 191942, 23772.556693625294, 23950, 23600, 'unknown', 0, 73800, 0, 1590552461, 191942.7799999992, 80741, 23700, 23800, 3400, 23750, 200100, 23700, 200, 23850, 106000, 23900, 391800, 23950, 330400, '2025-01-16 08:56:08']]
[2025-01-16T08:56:10.550+0000] {logging_mixin.py:190} INFO - <class 'list'>
[2025-01-16T08:56:10.551+0000] {logging_mixin.py:190} INFO - [['TCB', 25350, 22050, 23700, 'STOCK', 'HSX', '', 7045021622, 'STOCK', 8424683, 'Ngân hàng Thương mại Cổ phần Kỹ thương Việt Nam', 23700, '', '2025-01-16', 23850, 574600, 8074100, 191942, 23772.556693625294, 23950, 23600, 'unknown', 0, 73800, 0, 1590552461, 191942.7799999992, 80741, 23700, 23800, 3400, 23750, 200100, 23700, 200, 23850, 106000, 23900, 391800, 23950, 330400, '2025-01-16 08:56:08']]
[2025-01-16T08:56:10.557+0000] {python.py:240} INFO - Done. Returned value was: None
[2025-01-16T08:56:10.564+0000] {taskinstance.py:340} INFO - ::group::Post task execution logs
[2025-01-16T08:56:10.565+0000] {taskinstance.py:352} INFO - Marking task as SUCCESS. dag_id=stock_information, task_id=append_to_database, run_id=scheduled__2025-01-16T08:55:00+00:00, execution_date=20250116T085500, start_date=20250116T085610, end_date=20250116T085610
[2025-01-16T08:56:10.606+0000] {local_task_job_runner.py:266} INFO - Task exited with return code 0
[2025-01-16T08:56:10.622+0000] {taskinstance.py:3895} INFO - 0 downstream tasks scheduled from follow-on schedule check
[2025-01-16T08:56:10.626+0000] {local_task_job_runner.py:245} INFO - ::endgroup::
