[2025-01-15T03:36:04.912+0000] {local_task_job_runner.py:123} INFO - ::group::Pre task execution logs
[2025-01-15T03:36:04.924+0000] {taskinstance.py:2613} INFO - Dependencies all met for dep_context=non-requeueable deps ti=<TaskInstance: stock_information.append_to_database scheduled__2025-01-15T03:35:00+00:00 [queued]>
[2025-01-15T03:36:04.931+0000] {taskinstance.py:2613} INFO - Dependencies all met for dep_context=requeueable deps ti=<TaskInstance: stock_information.append_to_database scheduled__2025-01-15T03:35:00+00:00 [queued]>
[2025-01-15T03:36:04.932+0000] {taskinstance.py:2866} INFO - Starting attempt 1 of 1
[2025-01-15T03:36:04.945+0000] {taskinstance.py:2889} INFO - Executing <Task(PythonOperator): append_to_database> on 2025-01-15 03:35:00+00:00
[2025-01-15T03:36:04.950+0000] {standard_task_runner.py:72} INFO - Started process 2016 to run task
[2025-01-15T03:36:04.956+0000] {standard_task_runner.py:104} INFO - Running: ['airflow', 'tasks', 'run', 'stock_information', 'append_to_database', 'scheduled__2025-01-15T03:35:00+00:00', '--job-id', '644', '--raw', '--subdir', 'DAGS_FOLDER/vnstock_stream.py', '--cfg-path', '/tmp/tmp3iqpu8vk']
[2025-01-15T03:36:04.958+0000] {standard_task_runner.py:105} INFO - Job 644: Subtask append_to_database
[2025-01-15T03:36:04.997+0000] {task_command.py:467} INFO - Running <TaskInstance: stock_information.append_to_database scheduled__2025-01-15T03:35:00+00:00 [running]> on host 453ac4defedc
[2025-01-15T03:36:05.073+0000] {taskinstance.py:3132} INFO - Exporting env vars: AIRFLOW_CTX_DAG_OWNER='TuanDz' AIRFLOW_CTX_DAG_ID='stock_information' AIRFLOW_CTX_TASK_ID='append_to_database' AIRFLOW_CTX_EXECUTION_DATE='2025-01-15T03:35:00+00:00' AIRFLOW_CTX_TRY_NUMBER='1' AIRFLOW_CTX_DAG_RUN_ID='scheduled__2025-01-15T03:35:00+00:00'
[2025-01-15T03:36:05.075+0000] {taskinstance.py:731} INFO - ::endgroup::
[2025-01-15T03:36:05.109+0000] {logging_mixin.py:190} INFO - Kết nối thành công!
[2025-01-15T03:36:05.110+0000] {logging_mixin.py:190} INFO - <class 'str'>
[2025-01-15T03:36:05.111+0000] {logging_mixin.py:190} INFO - [['TCB', 25250, 21950, 23600, 'STOCK', 'HSX', '', 7045021622, 'STOCK', 8424683, 'Ngân hàng Thương mại Cổ phần Kỹ thương Việt Nam', 23600, '', '2025-01-15', 23700, 100, 1161000, 27545, 23725.23686477175, 23800, 23650, 's', 0, 0, 0, 1590552461, 27545.35000000001, 11610, 23600, 23700, 54500, 23650, 236100, 23600, 285600, 23750, 57100, 23800, 188800, 23850, 147800, '2025-01-15 03:36:03']]
[2025-01-15T03:36:05.111+0000] {logging_mixin.py:190} INFO - <class 'list'>
[2025-01-15T03:36:05.112+0000] {logging_mixin.py:190} INFO - [['TCB', 25250, 21950, 23600, 'STOCK', 'HSX', '', 7045021622, 'STOCK', 8424683, 'Ngân hàng Thương mại Cổ phần Kỹ thương Việt Nam', 23600, '', '2025-01-15', 23700, 100, 1161000, 27545, 23725.23686477175, 23800, 23650, 's', 0, 0, 0, 1590552461, 27545.35000000001, 11610, 23600, 23700, 54500, 23650, 236100, 23600, 285600, 23750, 57100, 23800, 188800, 23850, 147800, '2025-01-15 03:36:03']]
[2025-01-15T03:36:05.114+0000] {python.py:240} INFO - Done. Returned value was: None
[2025-01-15T03:36:05.120+0000] {taskinstance.py:340} INFO - ::group::Post task execution logs
[2025-01-15T03:36:05.121+0000] {taskinstance.py:352} INFO - Marking task as SUCCESS. dag_id=stock_information, task_id=append_to_database, run_id=scheduled__2025-01-15T03:35:00+00:00, execution_date=20250115T033500, start_date=20250115T033604, end_date=20250115T033605
[2025-01-15T03:36:05.169+0000] {local_task_job_runner.py:266} INFO - Task exited with return code 0
[2025-01-15T03:36:05.180+0000] {taskinstance.py:3895} INFO - 0 downstream tasks scheduled from follow-on schedule check
[2025-01-15T03:36:05.183+0000] {local_task_job_runner.py:245} INFO - ::endgroup::
