[2025-01-17T02:31:04.907+0000] {local_task_job_runner.py:123} INFO - ::group::Pre task execution logs
[2025-01-17T02:31:04.919+0000] {taskinstance.py:2613} INFO - Dependencies all met for dep_context=non-requeueable deps ti=<TaskInstance: stock_information.append_to_database scheduled__2025-01-17T02:30:00+00:00 [queued]>
[2025-01-17T02:31:04.926+0000] {taskinstance.py:2613} INFO - Dependencies all met for dep_context=requeueable deps ti=<TaskInstance: stock_information.append_to_database scheduled__2025-01-17T02:30:00+00:00 [queued]>
[2025-01-17T02:31:04.926+0000] {taskinstance.py:2866} INFO - Starting attempt 1 of 1
[2025-01-17T02:31:04.937+0000] {taskinstance.py:2889} INFO - Executing <Task(PythonOperator): append_to_database> on 2025-01-17 02:30:00+00:00
[2025-01-17T02:31:04.942+0000] {standard_task_runner.py:72} INFO - Started process 1569 to run task
[2025-01-17T02:31:04.944+0000] {standard_task_runner.py:104} INFO - Running: ['airflow', 'tasks', 'run', 'stock_information', 'append_to_database', 'scheduled__2025-01-17T02:30:00+00:00', '--job-id', '2314', '--raw', '--subdir', 'DAGS_FOLDER/vnstock_stream.py', '--cfg-path', '/tmp/tmp9rsj2wys']
[2025-01-17T02:31:04.946+0000] {standard_task_runner.py:105} INFO - Job 2314: Subtask append_to_database
[2025-01-17T02:31:04.980+0000] {task_command.py:467} INFO - Running <TaskInstance: stock_information.append_to_database scheduled__2025-01-17T02:30:00+00:00 [running]> on host 453ac4defedc
[2025-01-17T02:31:05.055+0000] {taskinstance.py:3132} INFO - Exporting env vars: AIRFLOW_CTX_DAG_OWNER='TuanDz' AIRFLOW_CTX_DAG_ID='stock_information' AIRFLOW_CTX_TASK_ID='append_to_database' AIRFLOW_CTX_EXECUTION_DATE='2025-01-17T02:30:00+00:00' AIRFLOW_CTX_TRY_NUMBER='1' AIRFLOW_CTX_DAG_RUN_ID='scheduled__2025-01-17T02:30:00+00:00'
[2025-01-17T02:31:05.057+0000] {taskinstance.py:731} INFO - ::endgroup::
[2025-01-17T02:31:05.138+0000] {logging_mixin.py:190} INFO - Kết nối thành công!
[2025-01-17T02:31:05.139+0000] {logging_mixin.py:190} INFO - <class 'str'>
[2025-01-17T02:31:05.140+0000] {logging_mixin.py:190} INFO - [['TCB', 25500, 22200, 23850, 'STOCK', 'HSX', '', 7045021622, 'STOCK', 8424683, 'Ngân hàng Thương mại Cổ phần Kỹ thương Việt Nam', 23850, '', '2025-01-17', 23800, 100, 83000, 1977, 23819.277108433736, 23900, 23800, 's', 5300, 1800, 0, 1590552461, 1977.6650000000031, 830, 23850, 23800, 36400, 23750, 29900, 23700, 43900, 23850, 29800, 23900, 74500, 23950, 276300, '2025-01-17 02:31:02']]
[2025-01-17T02:31:05.140+0000] {logging_mixin.py:190} INFO - <class 'list'>
[2025-01-17T02:31:05.141+0000] {logging_mixin.py:190} INFO - [['TCB', 25500, 22200, 23850, 'STOCK', 'HSX', '', 7045021622, 'STOCK', 8424683, 'Ngân hàng Thương mại Cổ phần Kỹ thương Việt Nam', 23850, '', '2025-01-17', 23800, 100, 83000, 1977, 23819.277108433736, 23900, 23800, 's', 5300, 1800, 0, 1590552461, 1977.6650000000031, 830, 23850, 23800, 36400, 23750, 29900, 23700, 43900, 23850, 29800, 23900, 74500, 23950, 276300, '2025-01-17 02:31:02']]
[2025-01-17T02:31:05.148+0000] {python.py:240} INFO - Done. Returned value was: None
[2025-01-17T02:31:05.155+0000] {taskinstance.py:340} INFO - ::group::Post task execution logs
[2025-01-17T02:31:05.155+0000] {taskinstance.py:352} INFO - Marking task as SUCCESS. dag_id=stock_information, task_id=append_to_database, run_id=scheduled__2025-01-17T02:30:00+00:00, execution_date=20250117T023000, start_date=20250117T023104, end_date=20250117T023105
[2025-01-17T02:31:05.199+0000] {local_task_job_runner.py:266} INFO - Task exited with return code 0
[2025-01-17T02:31:05.217+0000] {taskinstance.py:3895} INFO - 0 downstream tasks scheduled from follow-on schedule check
[2025-01-17T02:31:05.220+0000] {local_task_job_runner.py:245} INFO - ::endgroup::
