[2025-01-15T07:03:03.609+0000] {local_task_job_runner.py:123} INFO - ::group::Pre task execution logs
[2025-01-15T07:03:03.621+0000] {taskinstance.py:2613} INFO - Dependencies all met for dep_context=non-requeueable deps ti=<TaskInstance: stock_information.append_to_database scheduled__2025-01-15T07:02:00+00:00 [queued]>
[2025-01-15T07:03:03.628+0000] {taskinstance.py:2613} INFO - Dependencies all met for dep_context=requeueable deps ti=<TaskInstance: stock_information.append_to_database scheduled__2025-01-15T07:02:00+00:00 [queued]>
[2025-01-15T07:03:03.629+0000] {taskinstance.py:2866} INFO - Starting attempt 1 of 1
[2025-01-15T07:03:03.641+0000] {taskinstance.py:2889} INFO - Executing <Task(PythonOperator): append_to_database> on 2025-01-15 07:02:00+00:00
[2025-01-15T07:03:03.647+0000] {standard_task_runner.py:72} INFO - Started process 8028 to run task
[2025-01-15T07:03:03.650+0000] {standard_task_runner.py:104} INFO - Running: ['airflow', 'tasks', 'run', 'stock_information', 'append_to_database', 'scheduled__2025-01-15T07:02:00+00:00', '--job-id', '1058', '--raw', '--subdir', 'DAGS_FOLDER/vnstock_stream.py', '--cfg-path', '/tmp/tmp_0nbivgu']
[2025-01-15T07:03:03.653+0000] {standard_task_runner.py:105} INFO - Job 1058: Subtask append_to_database
[2025-01-15T07:03:03.690+0000] {task_command.py:467} INFO - Running <TaskInstance: stock_information.append_to_database scheduled__2025-01-15T07:02:00+00:00 [running]> on host 453ac4defedc
[2025-01-15T07:03:03.767+0000] {taskinstance.py:3132} INFO - Exporting env vars: AIRFLOW_CTX_DAG_OWNER='TuanDz' AIRFLOW_CTX_DAG_ID='stock_information' AIRFLOW_CTX_TASK_ID='append_to_database' AIRFLOW_CTX_EXECUTION_DATE='2025-01-15T07:02:00+00:00' AIRFLOW_CTX_TRY_NUMBER='1' AIRFLOW_CTX_DAG_RUN_ID='scheduled__2025-01-15T07:02:00+00:00'
[2025-01-15T07:03:03.769+0000] {taskinstance.py:731} INFO - ::endgroup::
[2025-01-15T07:03:03.805+0000] {logging_mixin.py:190} INFO - Kết nối thành công!
[2025-01-15T07:03:03.807+0000] {logging_mixin.py:190} INFO - <class 'str'>
[2025-01-15T07:03:03.808+0000] {logging_mixin.py:190} INFO - [['TCB', 25250, 21950, 23600, 'STOCK', 'HSX', '', 7045021622, 'STOCK', 8424683, 'Ngân hàng Thương mại Cổ phần Kỹ thương Việt Nam', 23600, '', '2025-01-15', 23750, 2100, 5035700, 119824, 23794.904382707467, 23900, 23650, 's', 156700, 166700, 0, 1590552461, 119824.17999999977, 50357, 23600, 23750, 91400, 23700, 436600, 23650, 232900, 23800, 72900, 23850, 98600, 23900, 157900, '2025-01-15 07:03:02']]
[2025-01-15T07:03:03.809+0000] {logging_mixin.py:190} INFO - <class 'list'>
[2025-01-15T07:03:03.810+0000] {logging_mixin.py:190} INFO - [['TCB', 25250, 21950, 23600, 'STOCK', 'HSX', '', 7045021622, 'STOCK', 8424683, 'Ngân hàng Thương mại Cổ phần Kỹ thương Việt Nam', 23600, '', '2025-01-15', 23750, 2100, 5035700, 119824, 23794.904382707467, 23900, 23650, 's', 156700, 166700, 0, 1590552461, 119824.17999999977, 50357, 23600, 23750, 91400, 23700, 436600, 23650, 232900, 23800, 72900, 23850, 98600, 23900, 157900, '2025-01-15 07:03:02']]
[2025-01-15T07:03:03.813+0000] {python.py:240} INFO - Done. Returned value was: None
[2025-01-15T07:03:03.821+0000] {taskinstance.py:340} INFO - ::group::Post task execution logs
[2025-01-15T07:03:03.822+0000] {taskinstance.py:352} INFO - Marking task as SUCCESS. dag_id=stock_information, task_id=append_to_database, run_id=scheduled__2025-01-15T07:02:00+00:00, execution_date=20250115T070200, start_date=20250115T070303, end_date=20250115T070303
[2025-01-15T07:03:03.865+0000] {local_task_job_runner.py:266} INFO - Task exited with return code 0
[2025-01-15T07:03:03.884+0000] {taskinstance.py:3895} INFO - 0 downstream tasks scheduled from follow-on schedule check
[2025-01-15T07:03:03.890+0000] {local_task_job_runner.py:245} INFO - ::endgroup::
