[2025-01-16T02:36:00.608+0000] {local_task_job_runner.py:123} INFO - ::group::Pre task execution logs
[2025-01-16T02:36:00.628+0000] {taskinstance.py:2613} INFO - Dependencies all met for dep_context=non-requeueable deps ti=<TaskInstance: stock_information.append_to_database scheduled__2025-01-16T02:30:00+00:00 [queued]>
[2025-01-16T02:36:00.637+0000] {taskinstance.py:2613} INFO - Dependencies all met for dep_context=requeueable deps ti=<TaskInstance: stock_information.append_to_database scheduled__2025-01-16T02:30:00+00:00 [queued]>
[2025-01-16T02:36:00.638+0000] {taskinstance.py:2866} INFO - Starting attempt 1 of 1
[2025-01-16T02:36:00.662+0000] {taskinstance.py:2889} INFO - Executing <Task(PythonOperator): append_to_database> on 2025-01-16 02:30:00+00:00
[2025-01-16T02:36:00.672+0000] {standard_task_runner.py:72} INFO - Started process 204 to run task
[2025-01-16T02:36:00.676+0000] {standard_task_runner.py:104} INFO - Running: ['airflow', 'tasks', 'run', 'stock_information', 'append_to_database', 'scheduled__2025-01-16T02:30:00+00:00', '--job-id', '1419', '--raw', '--subdir', 'DAGS_FOLDER/vnstock_stream.py', '--cfg-path', '/tmp/tmpxpaeyrur']
[2025-01-16T02:36:00.679+0000] {standard_task_runner.py:105} INFO - Job 1419: Subtask append_to_database
[2025-01-16T02:36:00.741+0000] {task_command.py:467} INFO - Running <TaskInstance: stock_information.append_to_database scheduled__2025-01-16T02:30:00+00:00 [running]> on host 453ac4defedc
[2025-01-16T02:36:00.879+0000] {taskinstance.py:3132} INFO - Exporting env vars: AIRFLOW_CTX_DAG_OWNER='TuanDz' AIRFLOW_CTX_DAG_ID='stock_information' AIRFLOW_CTX_TASK_ID='append_to_database' AIRFLOW_CTX_EXECUTION_DATE='2025-01-16T02:30:00+00:00' AIRFLOW_CTX_TRY_NUMBER='1' AIRFLOW_CTX_DAG_RUN_ID='scheduled__2025-01-16T02:30:00+00:00'
[2025-01-16T02:36:00.881+0000] {taskinstance.py:731} INFO - ::endgroup::
[2025-01-16T02:36:00.992+0000] {logging_mixin.py:190} INFO - Kết nối thành công!
[2025-01-16T02:36:00.994+0000] {logging_mixin.py:190} INFO - <class 'str'>
[2025-01-16T02:36:00.995+0000] {logging_mixin.py:190} INFO - [['TCB', 25350, 22050, 23700, 'STOCK', 'HSX', '', 7045021622, 'STOCK', 8424683, 'Ngân hàng Thương mại Cổ phần Kỹ thương Việt Nam', 23700, '', '2025-01-16', 23850, 2000, 967200, 23080, 23862.696443341603, 23900, 23800, 's', 0, 0, 0, 1590552461, 23080.354999999923, 9672, 23700, 23850, 138900, 23800, 149400, 23750, 123400, 23900, 104800, 23950, 161200, 24000, 564100, '2025-01-16 02:35:57']]
[2025-01-16T02:36:00.998+0000] {logging_mixin.py:190} INFO - <class 'list'>
[2025-01-16T02:36:00.999+0000] {logging_mixin.py:190} INFO - [['TCB', 25350, 22050, 23700, 'STOCK', 'HSX', '', 7045021622, 'STOCK', 8424683, 'Ngân hàng Thương mại Cổ phần Kỹ thương Việt Nam', 23700, '', '2025-01-16', 23850, 2000, 967200, 23080, 23862.696443341603, 23900, 23800, 's', 0, 0, 0, 1590552461, 23080.354999999923, 9672, 23700, 23850, 138900, 23800, 149400, 23750, 123400, 23900, 104800, 23950, 161200, 24000, 564100, '2025-01-16 02:35:57']]
[2025-01-16T02:36:01.013+0000] {python.py:240} INFO - Done. Returned value was: None
[2025-01-16T02:36:01.025+0000] {taskinstance.py:340} INFO - ::group::Post task execution logs
[2025-01-16T02:36:01.026+0000] {taskinstance.py:352} INFO - Marking task as SUCCESS. dag_id=stock_information, task_id=append_to_database, run_id=scheduled__2025-01-16T02:30:00+00:00, execution_date=20250116T023000, start_date=20250116T023600, end_date=20250116T023601
[2025-01-16T02:36:01.091+0000] {local_task_job_runner.py:266} INFO - Task exited with return code 0
[2025-01-16T02:36:01.109+0000] {taskinstance.py:3895} INFO - 0 downstream tasks scheduled from follow-on schedule check
[2025-01-16T02:36:01.114+0000] {local_task_job_runner.py:245} INFO - ::endgroup::
