[2025-01-16T02:44:03.717+0000] {local_task_job_runner.py:123} INFO - ::group::Pre task execution logs
[2025-01-16T02:44:03.732+0000] {taskinstance.py:2613} INFO - Dependencies all met for dep_context=non-requeueable deps ti=<TaskInstance: stock_information.append_to_database scheduled__2025-01-16T02:43:00+00:00 [queued]>
[2025-01-16T02:44:03.740+0000] {taskinstance.py:2613} INFO - Dependencies all met for dep_context=requeueable deps ti=<TaskInstance: stock_information.append_to_database scheduled__2025-01-16T02:43:00+00:00 [queued]>
[2025-01-16T02:44:03.742+0000] {taskinstance.py:2866} INFO - Starting attempt 1 of 1
[2025-01-16T02:44:03.754+0000] {taskinstance.py:2889} INFO - Executing <Task(PythonOperator): append_to_database> on 2025-01-16 02:43:00+00:00
[2025-01-16T02:44:03.762+0000] {standard_task_runner.py:72} INFO - Started process 446 to run task
[2025-01-16T02:44:03.764+0000] {standard_task_runner.py:104} INFO - Running: ['airflow', 'tasks', 'run', 'stock_information', 'append_to_database', 'scheduled__2025-01-16T02:43:00+00:00', '--job-id', '1437', '--raw', '--subdir', 'DAGS_FOLDER/vnstock_stream.py', '--cfg-path', '/tmp/tmpxddsxfj4']
[2025-01-16T02:44:03.767+0000] {standard_task_runner.py:105} INFO - Job 1437: Subtask append_to_database
[2025-01-16T02:44:03.804+0000] {task_command.py:467} INFO - Running <TaskInstance: stock_information.append_to_database scheduled__2025-01-16T02:43:00+00:00 [running]> on host 453ac4defedc
[2025-01-16T02:44:03.893+0000] {taskinstance.py:3132} INFO - Exporting env vars: AIRFLOW_CTX_DAG_OWNER='TuanDz' AIRFLOW_CTX_DAG_ID='stock_information' AIRFLOW_CTX_TASK_ID='append_to_database' AIRFLOW_CTX_EXECUTION_DATE='2025-01-16T02:43:00+00:00' AIRFLOW_CTX_TRY_NUMBER='1' AIRFLOW_CTX_DAG_RUN_ID='scheduled__2025-01-16T02:43:00+00:00'
[2025-01-16T02:44:03.895+0000] {taskinstance.py:731} INFO - ::endgroup::
[2025-01-16T02:44:03.933+0000] {logging_mixin.py:190} INFO - Kết nối thành công!
[2025-01-16T02:44:03.934+0000] {logging_mixin.py:190} INFO - <class 'str'>
[2025-01-16T02:44:03.934+0000] {logging_mixin.py:190} INFO - [['TCB', 25350, 22050, 23700, 'STOCK', 'HSX', '', 7045021622, 'STOCK', 8424683, 'Ngân hàng Thương mại Cổ phần Kỹ thương Việt Nam', 23700, '', '2025-01-16', 23850, 500, 1704100, 40689, 23877.119887330555, 23950, 23800, 's', 0, 0, 0, 1590552461, 40689.02999999985, 17041, 23700, 23850, 163100, 23800, 151700, 23750, 134100, 23900, 90600, 23950, 201000, 24000, 594000, '2025-01-16 02:44:02']]
[2025-01-16T02:44:03.935+0000] {logging_mixin.py:190} INFO - <class 'list'>
[2025-01-16T02:44:03.935+0000] {logging_mixin.py:190} INFO - [['TCB', 25350, 22050, 23700, 'STOCK', 'HSX', '', 7045021622, 'STOCK', 8424683, 'Ngân hàng Thương mại Cổ phần Kỹ thương Việt Nam', 23700, '', '2025-01-16', 23850, 500, 1704100, 40689, 23877.119887330555, 23950, 23800, 's', 0, 0, 0, 1590552461, 40689.02999999985, 17041, 23700, 23850, 163100, 23800, 151700, 23750, 134100, 23900, 90600, 23950, 201000, 24000, 594000, '2025-01-16 02:44:02']]
[2025-01-16T02:44:03.938+0000] {python.py:240} INFO - Done. Returned value was: None
[2025-01-16T02:44:03.947+0000] {taskinstance.py:340} INFO - ::group::Post task execution logs
[2025-01-16T02:44:03.949+0000] {taskinstance.py:352} INFO - Marking task as SUCCESS. dag_id=stock_information, task_id=append_to_database, run_id=scheduled__2025-01-16T02:43:00+00:00, execution_date=20250116T024300, start_date=20250116T024403, end_date=20250116T024403
[2025-01-16T02:44:03.980+0000] {local_task_job_runner.py:266} INFO - Task exited with return code 0
[2025-01-16T02:44:03.998+0000] {taskinstance.py:3895} INFO - 0 downstream tasks scheduled from follow-on schedule check
[2025-01-16T02:44:04.003+0000] {local_task_job_runner.py:245} INFO - ::endgroup::
