[2024-12-01T06:48:35.408+0000] {processor.py:186} INFO - Started process (PID=182) to work on /opt/airflow/dags/kafka_stream.py
[2024-12-01T06:48:35.409+0000] {processor.py:914} INFO - Processing file /opt/airflow/dags/kafka_stream.py for tasks to queue
[2024-12-01T06:48:35.411+0000] {logging_mixin.py:190} INFO - [2024-12-01T06:48:35.410+0000] {dagbag.py:588} INFO - Filling up the DagBag from /opt/airflow/dags/kafka_stream.py
[2024-12-01T06:48:35.441+0000] {processor.py:925} INFO - DAG(s) 'user_automation' retrieved from /opt/airflow/dags/kafka_stream.py
[2024-12-01T06:48:35.673+0000] {logging_mixin.py:190} INFO - [2024-12-01T06:48:35.672+0000] {override.py:1911} INFO - Created Permission View: can edit on DAG:user_automation
[2024-12-01T06:48:35.688+0000] {logging_mixin.py:190} INFO - [2024-12-01T06:48:35.688+0000] {override.py:1911} INFO - Created Permission View: can read on DAG:user_automation
[2024-12-01T06:48:35.700+0000] {logging_mixin.py:190} INFO - [2024-12-01T06:48:35.699+0000] {override.py:1911} INFO - Created Permission View: can delete on DAG:user_automation
[2024-12-01T06:48:35.713+0000] {logging_mixin.py:190} INFO - [2024-12-01T06:48:35.713+0000] {override.py:1911} INFO - Created Permission View: can create on DAG Run:user_automation
[2024-12-01T06:48:35.724+0000] {logging_mixin.py:190} INFO - [2024-12-01T06:48:35.723+0000] {override.py:1911} INFO - Created Permission View: menu access on DAG Run:user_automation
[2024-12-01T06:48:35.734+0000] {logging_mixin.py:190} INFO - [2024-12-01T06:48:35.734+0000] {override.py:1911} INFO - Created Permission View: can read on DAG Run:user_automation
[2024-12-01T06:48:35.745+0000] {logging_mixin.py:190} INFO - [2024-12-01T06:48:35.744+0000] {override.py:1911} INFO - Created Permission View: can delete on DAG Run:user_automation
[2024-12-01T06:48:35.746+0000] {logging_mixin.py:190} INFO - [2024-12-01T06:48:35.745+0000] {dag.py:3239} INFO - Sync 1 DAGs
[2024-12-01T06:48:35.759+0000] {logging_mixin.py:190} INFO - [2024-12-01T06:48:35.759+0000] {dag.py:3262} INFO - Creating ORM DAG for user_automation
[2024-12-01T06:48:35.761+0000] {logging_mixin.py:190} INFO - [2024-12-01T06:48:35.761+0000] {dag.py:4180} INFO - Setting next_dagrun for user_automation to None, run_after=None
[2024-12-01T06:48:35.791+0000] {processor.py:208} INFO - Processing /opt/airflow/dags/kafka_stream.py took 0.389 seconds
[2024-12-01T06:49:06.104+0000] {processor.py:186} INFO - Started process (PID=192) to work on /opt/airflow/dags/kafka_stream.py
[2024-12-01T06:49:06.108+0000] {processor.py:914} INFO - Processing file /opt/airflow/dags/kafka_stream.py for tasks to queue
[2024-12-01T06:49:06.111+0000] {logging_mixin.py:190} INFO - [2024-12-01T06:49:06.111+0000] {dagbag.py:588} INFO - Filling up the DagBag from /opt/airflow/dags/kafka_stream.py
[2024-12-01T06:49:06.144+0000] {processor.py:925} INFO - DAG(s) 'user_automation' retrieved from /opt/airflow/dags/kafka_stream.py
[2024-12-01T06:49:06.191+0000] {logging_mixin.py:190} INFO - [2024-12-01T06:49:06.190+0000] {dag.py:3239} INFO - Sync 1 DAGs
[2024-12-01T06:49:06.225+0000] {logging_mixin.py:190} INFO - [2024-12-01T06:49:06.224+0000] {dag.py:4180} INFO - Setting next_dagrun for user_automation to None, run_after=None
[2024-12-01T06:49:06.255+0000] {processor.py:208} INFO - Processing /opt/airflow/dags/kafka_stream.py took 0.160 seconds
[2024-12-01T06:49:36.626+0000] {processor.py:186} INFO - Started process (PID=202) to work on /opt/airflow/dags/kafka_stream.py
[2024-12-01T06:49:36.627+0000] {processor.py:914} INFO - Processing file /opt/airflow/dags/kafka_stream.py for tasks to queue
[2024-12-01T06:49:36.630+0000] {logging_mixin.py:190} INFO - [2024-12-01T06:49:36.630+0000] {dagbag.py:588} INFO - Filling up the DagBag from /opt/airflow/dags/kafka_stream.py
[2024-12-01T06:49:36.654+0000] {processor.py:925} INFO - DAG(s) 'user_automation' retrieved from /opt/airflow/dags/kafka_stream.py
[2024-12-01T06:49:36.683+0000] {logging_mixin.py:190} INFO - [2024-12-01T06:49:36.683+0000] {dag.py:3239} INFO - Sync 1 DAGs
[2024-12-01T06:49:36.701+0000] {logging_mixin.py:190} INFO - [2024-12-01T06:49:36.701+0000] {dag.py:4180} INFO - Setting next_dagrun for user_automation to None, run_after=None
[2024-12-01T06:49:36.731+0000] {processor.py:208} INFO - Processing /opt/airflow/dags/kafka_stream.py took 0.111 seconds
[2024-12-01T06:50:07.087+0000] {processor.py:186} INFO - Started process (PID=218) to work on /opt/airflow/dags/kafka_stream.py
[2024-12-01T06:50:07.088+0000] {processor.py:914} INFO - Processing file /opt/airflow/dags/kafka_stream.py for tasks to queue
[2024-12-01T06:50:07.091+0000] {logging_mixin.py:190} INFO - [2024-12-01T06:50:07.090+0000] {dagbag.py:588} INFO - Filling up the DagBag from /opt/airflow/dags/kafka_stream.py
[2024-12-01T06:50:07.109+0000] {processor.py:925} INFO - DAG(s) 'user_automation' retrieved from /opt/airflow/dags/kafka_stream.py
[2024-12-01T06:50:07.136+0000] {logging_mixin.py:190} INFO - [2024-12-01T06:50:07.136+0000] {dag.py:3239} INFO - Sync 1 DAGs
[2024-12-01T06:50:07.151+0000] {logging_mixin.py:190} INFO - [2024-12-01T06:50:07.151+0000] {dag.py:4180} INFO - Setting next_dagrun for user_automation to None, run_after=None
[2024-12-01T06:50:07.175+0000] {processor.py:208} INFO - Processing /opt/airflow/dags/kafka_stream.py took 0.093 seconds
[2024-12-01T06:50:37.419+0000] {processor.py:186} INFO - Started process (PID=228) to work on /opt/airflow/dags/kafka_stream.py
[2024-12-01T06:50:37.420+0000] {processor.py:914} INFO - Processing file /opt/airflow/dags/kafka_stream.py for tasks to queue
[2024-12-01T06:50:37.422+0000] {logging_mixin.py:190} INFO - [2024-12-01T06:50:37.422+0000] {dagbag.py:588} INFO - Filling up the DagBag from /opt/airflow/dags/kafka_stream.py
[2024-12-01T06:50:37.445+0000] {processor.py:925} INFO - DAG(s) 'user_automation' retrieved from /opt/airflow/dags/kafka_stream.py
[2024-12-01T06:50:37.470+0000] {logging_mixin.py:190} INFO - [2024-12-01T06:50:37.470+0000] {dag.py:3239} INFO - Sync 1 DAGs
[2024-12-01T06:50:37.487+0000] {logging_mixin.py:190} INFO - [2024-12-01T06:50:37.486+0000] {dag.py:4180} INFO - Setting next_dagrun for user_automation to None, run_after=None
[2024-12-01T06:50:37.512+0000] {processor.py:208} INFO - Processing /opt/airflow/dags/kafka_stream.py took 0.099 seconds
[2024-12-01T06:51:07.838+0000] {processor.py:186} INFO - Started process (PID=238) to work on /opt/airflow/dags/kafka_stream.py
[2024-12-01T06:51:07.839+0000] {processor.py:914} INFO - Processing file /opt/airflow/dags/kafka_stream.py for tasks to queue
[2024-12-01T06:51:07.840+0000] {logging_mixin.py:190} INFO - [2024-12-01T06:51:07.840+0000] {dagbag.py:588} INFO - Filling up the DagBag from /opt/airflow/dags/kafka_stream.py
[2024-12-01T06:51:07.856+0000] {processor.py:925} INFO - DAG(s) 'user_automation' retrieved from /opt/airflow/dags/kafka_stream.py
[2024-12-01T06:51:07.879+0000] {logging_mixin.py:190} INFO - [2024-12-01T06:51:07.878+0000] {dag.py:3239} INFO - Sync 1 DAGs
[2024-12-01T06:51:07.892+0000] {logging_mixin.py:190} INFO - [2024-12-01T06:51:07.892+0000] {dag.py:4180} INFO - Setting next_dagrun for user_automation to None, run_after=None
[2024-12-01T06:51:07.915+0000] {processor.py:208} INFO - Processing /opt/airflow/dags/kafka_stream.py took 0.082 seconds
[2024-12-01T06:51:38.078+0000] {processor.py:186} INFO - Started process (PID=248) to work on /opt/airflow/dags/kafka_stream.py
[2024-12-01T06:51:38.079+0000] {processor.py:914} INFO - Processing file /opt/airflow/dags/kafka_stream.py for tasks to queue
[2024-12-01T06:51:38.081+0000] {logging_mixin.py:190} INFO - [2024-12-01T06:51:38.081+0000] {dagbag.py:588} INFO - Filling up the DagBag from /opt/airflow/dags/kafka_stream.py
[2024-12-01T06:51:38.095+0000] {processor.py:925} INFO - DAG(s) 'user_automation' retrieved from /opt/airflow/dags/kafka_stream.py
[2024-12-01T06:51:38.118+0000] {logging_mixin.py:190} INFO - [2024-12-01T06:51:38.118+0000] {dag.py:3239} INFO - Sync 1 DAGs
[2024-12-01T06:51:38.132+0000] {logging_mixin.py:190} INFO - [2024-12-01T06:51:38.132+0000] {dag.py:4180} INFO - Setting next_dagrun for user_automation to None, run_after=None
[2024-12-01T06:51:38.162+0000] {processor.py:208} INFO - Processing /opt/airflow/dags/kafka_stream.py took 0.088 seconds
[2024-12-01T06:52:08.419+0000] {processor.py:186} INFO - Started process (PID=261) to work on /opt/airflow/dags/kafka_stream.py
[2024-12-01T06:52:08.420+0000] {processor.py:914} INFO - Processing file /opt/airflow/dags/kafka_stream.py for tasks to queue
[2024-12-01T06:52:08.422+0000] {logging_mixin.py:190} INFO - [2024-12-01T06:52:08.422+0000] {dagbag.py:588} INFO - Filling up the DagBag from /opt/airflow/dags/kafka_stream.py
[2024-12-01T06:52:08.440+0000] {processor.py:925} INFO - DAG(s) 'user_automation' retrieved from /opt/airflow/dags/kafka_stream.py
[2024-12-01T06:52:08.464+0000] {logging_mixin.py:190} INFO - [2024-12-01T06:52:08.463+0000] {dag.py:3239} INFO - Sync 1 DAGs
[2024-12-01T06:52:08.480+0000] {logging_mixin.py:190} INFO - [2024-12-01T06:52:08.479+0000] {dag.py:4180} INFO - Setting next_dagrun for user_automation to None, run_after=None
[2024-12-01T06:52:08.513+0000] {processor.py:208} INFO - Processing /opt/airflow/dags/kafka_stream.py took 0.099 seconds
[2024-12-01T06:52:38.833+0000] {processor.py:186} INFO - Started process (PID=277) to work on /opt/airflow/dags/kafka_stream.py
[2024-12-01T06:52:38.834+0000] {processor.py:914} INFO - Processing file /opt/airflow/dags/kafka_stream.py for tasks to queue
[2024-12-01T06:52:38.837+0000] {logging_mixin.py:190} INFO - [2024-12-01T06:52:38.837+0000] {dagbag.py:588} INFO - Filling up the DagBag from /opt/airflow/dags/kafka_stream.py
[2024-12-01T06:52:38.855+0000] {processor.py:925} INFO - DAG(s) 'user_automation' retrieved from /opt/airflow/dags/kafka_stream.py
[2024-12-01T06:52:38.879+0000] {logging_mixin.py:190} INFO - [2024-12-01T06:52:38.879+0000] {dag.py:3239} INFO - Sync 1 DAGs
[2024-12-01T06:52:38.896+0000] {logging_mixin.py:190} INFO - [2024-12-01T06:52:38.895+0000] {dag.py:4180} INFO - Setting next_dagrun for user_automation to None, run_after=None
[2024-12-01T06:52:38.919+0000] {processor.py:208} INFO - Processing /opt/airflow/dags/kafka_stream.py took 0.093 seconds
[2024-12-01T06:53:09.191+0000] {processor.py:186} INFO - Started process (PID=292) to work on /opt/airflow/dags/kafka_stream.py
[2024-12-01T06:53:09.193+0000] {processor.py:914} INFO - Processing file /opt/airflow/dags/kafka_stream.py for tasks to queue
[2024-12-01T06:53:09.196+0000] {logging_mixin.py:190} INFO - [2024-12-01T06:53:09.195+0000] {dagbag.py:588} INFO - Filling up the DagBag from /opt/airflow/dags/kafka_stream.py
[2024-12-01T06:53:09.227+0000] {processor.py:925} INFO - DAG(s) 'user_automation' retrieved from /opt/airflow/dags/kafka_stream.py
[2024-12-01T06:53:09.251+0000] {logging_mixin.py:190} INFO - [2024-12-01T06:53:09.251+0000] {dag.py:3239} INFO - Sync 1 DAGs
[2024-12-01T06:53:09.264+0000] {logging_mixin.py:190} INFO - [2024-12-01T06:53:09.264+0000] {dag.py:4180} INFO - Setting next_dagrun for user_automation to None, run_after=None
[2024-12-01T06:53:09.286+0000] {processor.py:208} INFO - Processing /opt/airflow/dags/kafka_stream.py took 0.101 seconds
[2024-12-01T06:53:39.599+0000] {processor.py:186} INFO - Started process (PID=307) to work on /opt/airflow/dags/kafka_stream.py
[2024-12-01T06:53:39.600+0000] {processor.py:914} INFO - Processing file /opt/airflow/dags/kafka_stream.py for tasks to queue
[2024-12-01T06:53:39.602+0000] {logging_mixin.py:190} INFO - [2024-12-01T06:53:39.601+0000] {dagbag.py:588} INFO - Filling up the DagBag from /opt/airflow/dags/kafka_stream.py
[2024-12-01T06:53:39.617+0000] {processor.py:925} INFO - DAG(s) 'user_automation' retrieved from /opt/airflow/dags/kafka_stream.py
[2024-12-01T06:53:39.640+0000] {logging_mixin.py:190} INFO - [2024-12-01T06:53:39.640+0000] {dag.py:3239} INFO - Sync 1 DAGs
[2024-12-01T06:53:39.651+0000] {logging_mixin.py:190} INFO - [2024-12-01T06:53:39.651+0000] {dag.py:4180} INFO - Setting next_dagrun for user_automation to None, run_after=None
[2024-12-01T06:53:39.669+0000] {processor.py:208} INFO - Processing /opt/airflow/dags/kafka_stream.py took 0.074 seconds
[2024-12-01T06:54:09.942+0000] {processor.py:186} INFO - Started process (PID=316) to work on /opt/airflow/dags/kafka_stream.py
[2024-12-01T06:54:09.944+0000] {processor.py:914} INFO - Processing file /opt/airflow/dags/kafka_stream.py for tasks to queue
[2024-12-01T06:54:09.947+0000] {logging_mixin.py:190} INFO - [2024-12-01T06:54:09.947+0000] {dagbag.py:588} INFO - Filling up the DagBag from /opt/airflow/dags/kafka_stream.py
[2024-12-01T06:54:09.992+0000] {processor.py:925} INFO - DAG(s) 'user_automation' retrieved from /opt/airflow/dags/kafka_stream.py
[2024-12-01T06:54:10.013+0000] {logging_mixin.py:190} INFO - [2024-12-01T06:54:10.013+0000] {dag.py:3239} INFO - Sync 1 DAGs
[2024-12-01T06:54:10.026+0000] {logging_mixin.py:190} INFO - [2024-12-01T06:54:10.026+0000] {dag.py:4180} INFO - Setting next_dagrun for user_automation to None, run_after=None
[2024-12-01T06:54:10.048+0000] {processor.py:208} INFO - Processing /opt/airflow/dags/kafka_stream.py took 0.113 seconds
[2024-12-01T06:54:40.464+0000] {processor.py:186} INFO - Started process (PID=333) to work on /opt/airflow/dags/kafka_stream.py
[2024-12-01T06:54:40.465+0000] {processor.py:914} INFO - Processing file /opt/airflow/dags/kafka_stream.py for tasks to queue
[2024-12-01T06:54:40.467+0000] {logging_mixin.py:190} INFO - [2024-12-01T06:54:40.466+0000] {dagbag.py:588} INFO - Filling up the DagBag from /opt/airflow/dags/kafka_stream.py
[2024-12-01T06:54:40.482+0000] {processor.py:925} INFO - DAG(s) 'user_automation' retrieved from /opt/airflow/dags/kafka_stream.py
[2024-12-01T06:54:40.501+0000] {logging_mixin.py:190} INFO - [2024-12-01T06:54:40.501+0000] {dag.py:3239} INFO - Sync 1 DAGs
[2024-12-01T06:54:40.512+0000] {logging_mixin.py:190} INFO - [2024-12-01T06:54:40.512+0000] {dag.py:4180} INFO - Setting next_dagrun for user_automation to None, run_after=None
[2024-12-01T06:54:40.537+0000] {processor.py:208} INFO - Processing /opt/airflow/dags/kafka_stream.py took 0.077 seconds
[2024-12-01T06:55:10.828+0000] {processor.py:186} INFO - Started process (PID=344) to work on /opt/airflow/dags/kafka_stream.py
[2024-12-01T06:55:10.828+0000] {processor.py:914} INFO - Processing file /opt/airflow/dags/kafka_stream.py for tasks to queue
[2024-12-01T06:55:10.830+0000] {logging_mixin.py:190} INFO - [2024-12-01T06:55:10.829+0000] {dagbag.py:588} INFO - Filling up the DagBag from /opt/airflow/dags/kafka_stream.py
[2024-12-01T06:55:10.841+0000] {processor.py:925} INFO - DAG(s) 'user_automation' retrieved from /opt/airflow/dags/kafka_stream.py
[2024-12-01T06:55:10.856+0000] {logging_mixin.py:190} INFO - [2024-12-01T06:55:10.856+0000] {dag.py:3239} INFO - Sync 1 DAGs
[2024-12-01T06:55:10.866+0000] {logging_mixin.py:190} INFO - [2024-12-01T06:55:10.865+0000] {dag.py:4180} INFO - Setting next_dagrun for user_automation to None, run_after=None
[2024-12-01T06:55:10.893+0000] {processor.py:208} INFO - Processing /opt/airflow/dags/kafka_stream.py took 0.069 seconds
[2024-12-01T06:55:41.182+0000] {processor.py:186} INFO - Started process (PID=355) to work on /opt/airflow/dags/kafka_stream.py
[2024-12-01T06:55:41.183+0000] {processor.py:914} INFO - Processing file /opt/airflow/dags/kafka_stream.py for tasks to queue
[2024-12-01T06:55:41.184+0000] {logging_mixin.py:190} INFO - [2024-12-01T06:55:41.184+0000] {dagbag.py:588} INFO - Filling up the DagBag from /opt/airflow/dags/kafka_stream.py
[2024-12-01T06:55:41.196+0000] {processor.py:925} INFO - DAG(s) 'user_automation' retrieved from /opt/airflow/dags/kafka_stream.py
[2024-12-01T06:55:41.214+0000] {logging_mixin.py:190} INFO - [2024-12-01T06:55:41.214+0000] {dag.py:3239} INFO - Sync 1 DAGs
[2024-12-01T06:55:41.226+0000] {logging_mixin.py:190} INFO - [2024-12-01T06:55:41.226+0000] {dag.py:4180} INFO - Setting next_dagrun for user_automation to None, run_after=None
[2024-12-01T06:55:41.252+0000] {processor.py:208} INFO - Processing /opt/airflow/dags/kafka_stream.py took 0.074 seconds
[2024-12-01T06:56:11.620+0000] {processor.py:186} INFO - Started process (PID=366) to work on /opt/airflow/dags/kafka_stream.py
[2024-12-01T06:56:11.621+0000] {processor.py:914} INFO - Processing file /opt/airflow/dags/kafka_stream.py for tasks to queue
[2024-12-01T06:56:11.623+0000] {logging_mixin.py:190} INFO - [2024-12-01T06:56:11.622+0000] {dagbag.py:588} INFO - Filling up the DagBag from /opt/airflow/dags/kafka_stream.py
[2024-12-01T06:56:11.633+0000] {processor.py:925} INFO - DAG(s) 'user_automation' retrieved from /opt/airflow/dags/kafka_stream.py
[2024-12-01T06:56:11.652+0000] {logging_mixin.py:190} INFO - [2024-12-01T06:56:11.652+0000] {dag.py:3239} INFO - Sync 1 DAGs
[2024-12-01T06:56:11.662+0000] {logging_mixin.py:190} INFO - [2024-12-01T06:56:11.662+0000] {dag.py:4180} INFO - Setting next_dagrun for user_automation to None, run_after=None
[2024-12-01T06:56:11.681+0000] {processor.py:208} INFO - Processing /opt/airflow/dags/kafka_stream.py took 0.064 seconds
[2024-12-01T06:56:42.457+0000] {processor.py:186} INFO - Started process (PID=383) to work on /opt/airflow/dags/kafka_stream.py
[2024-12-01T06:56:42.458+0000] {processor.py:914} INFO - Processing file /opt/airflow/dags/kafka_stream.py for tasks to queue
[2024-12-01T06:56:42.461+0000] {logging_mixin.py:190} INFO - [2024-12-01T06:56:42.461+0000] {dagbag.py:588} INFO - Filling up the DagBag from /opt/airflow/dags/kafka_stream.py
[2024-12-01T06:56:42.485+0000] {processor.py:925} INFO - DAG(s) 'user_automation' retrieved from /opt/airflow/dags/kafka_stream.py
[2024-12-01T06:56:42.517+0000] {logging_mixin.py:190} INFO - [2024-12-01T06:56:42.517+0000] {dag.py:3239} INFO - Sync 1 DAGs
[2024-12-01T06:56:42.531+0000] {logging_mixin.py:190} INFO - [2024-12-01T06:56:42.530+0000] {dag.py:4180} INFO - Setting next_dagrun for user_automation to None, run_after=None
[2024-12-01T06:56:42.553+0000] {processor.py:208} INFO - Processing /opt/airflow/dags/kafka_stream.py took 0.101 seconds
[2024-12-01T06:57:12.965+0000] {processor.py:186} INFO - Started process (PID=400) to work on /opt/airflow/dags/kafka_stream.py
[2024-12-01T06:57:12.965+0000] {processor.py:914} INFO - Processing file /opt/airflow/dags/kafka_stream.py for tasks to queue
[2024-12-01T06:57:12.967+0000] {logging_mixin.py:190} INFO - [2024-12-01T06:57:12.967+0000] {dagbag.py:588} INFO - Filling up the DagBag from /opt/airflow/dags/kafka_stream.py
[2024-12-01T06:57:12.979+0000] {processor.py:925} INFO - DAG(s) 'user_automation' retrieved from /opt/airflow/dags/kafka_stream.py
[2024-12-01T06:57:12.995+0000] {logging_mixin.py:190} INFO - [2024-12-01T06:57:12.995+0000] {dag.py:3239} INFO - Sync 1 DAGs
[2024-12-01T06:57:13.004+0000] {logging_mixin.py:190} INFO - [2024-12-01T06:57:13.004+0000] {dag.py:4180} INFO - Setting next_dagrun for user_automation to None, run_after=None
[2024-12-01T06:57:13.022+0000] {processor.py:208} INFO - Processing /opt/airflow/dags/kafka_stream.py took 0.061 seconds
[2024-12-01T06:57:43.385+0000] {processor.py:186} INFO - Started process (PID=411) to work on /opt/airflow/dags/kafka_stream.py
[2024-12-01T06:57:43.386+0000] {processor.py:914} INFO - Processing file /opt/airflow/dags/kafka_stream.py for tasks to queue
[2024-12-01T06:57:43.387+0000] {logging_mixin.py:190} INFO - [2024-12-01T06:57:43.387+0000] {dagbag.py:588} INFO - Filling up the DagBag from /opt/airflow/dags/kafka_stream.py
[2024-12-01T06:57:43.425+0000] {processor.py:925} INFO - DAG(s) 'user_automation' retrieved from /opt/airflow/dags/kafka_stream.py
[2024-12-01T06:57:43.442+0000] {logging_mixin.py:190} INFO - [2024-12-01T06:57:43.441+0000] {dag.py:3239} INFO - Sync 1 DAGs
[2024-12-01T06:57:43.454+0000] {logging_mixin.py:190} INFO - [2024-12-01T06:57:43.454+0000] {dag.py:4180} INFO - Setting next_dagrun for user_automation to None, run_after=None
[2024-12-01T06:57:43.472+0000] {processor.py:208} INFO - Processing /opt/airflow/dags/kafka_stream.py took 0.091 seconds
[2024-12-01T06:58:13.873+0000] {processor.py:186} INFO - Started process (PID=420) to work on /opt/airflow/dags/kafka_stream.py
[2024-12-01T06:58:13.874+0000] {processor.py:914} INFO - Processing file /opt/airflow/dags/kafka_stream.py for tasks to queue
[2024-12-01T06:58:13.876+0000] {logging_mixin.py:190} INFO - [2024-12-01T06:58:13.876+0000] {dagbag.py:588} INFO - Filling up the DagBag from /opt/airflow/dags/kafka_stream.py
[2024-12-01T06:58:13.898+0000] {processor.py:925} INFO - DAG(s) 'user_automation' retrieved from /opt/airflow/dags/kafka_stream.py
[2024-12-01T06:58:13.917+0000] {logging_mixin.py:190} INFO - [2024-12-01T06:58:13.917+0000] {dag.py:3239} INFO - Sync 1 DAGs
[2024-12-01T06:58:13.928+0000] {logging_mixin.py:190} INFO - [2024-12-01T06:58:13.928+0000] {dag.py:4180} INFO - Setting next_dagrun for user_automation to None, run_after=None
[2024-12-01T06:58:13.948+0000] {processor.py:208} INFO - Processing /opt/airflow/dags/kafka_stream.py took 0.079 seconds
[2024-12-01T06:58:44.197+0000] {processor.py:186} INFO - Started process (PID=427) to work on /opt/airflow/dags/kafka_stream.py
[2024-12-01T06:58:44.198+0000] {processor.py:914} INFO - Processing file /opt/airflow/dags/kafka_stream.py for tasks to queue
[2024-12-01T06:58:44.199+0000] {logging_mixin.py:190} INFO - [2024-12-01T06:58:44.199+0000] {dagbag.py:588} INFO - Filling up the DagBag from /opt/airflow/dags/kafka_stream.py
[2024-12-01T06:58:44.216+0000] {processor.py:925} INFO - DAG(s) 'user_automation' retrieved from /opt/airflow/dags/kafka_stream.py
[2024-12-01T06:58:44.237+0000] {logging_mixin.py:190} INFO - [2024-12-01T06:58:44.237+0000] {dag.py:3239} INFO - Sync 1 DAGs
[2024-12-01T06:58:44.251+0000] {logging_mixin.py:190} INFO - [2024-12-01T06:58:44.250+0000] {dag.py:4180} INFO - Setting next_dagrun for user_automation to None, run_after=None
[2024-12-01T06:58:44.281+0000] {processor.py:208} INFO - Processing /opt/airflow/dags/kafka_stream.py took 0.089 seconds
[2024-12-01T06:59:14.411+0000] {processor.py:186} INFO - Started process (PID=436) to work on /opt/airflow/dags/kafka_stream.py
[2024-12-01T06:59:14.411+0000] {processor.py:914} INFO - Processing file /opt/airflow/dags/kafka_stream.py for tasks to queue
[2024-12-01T06:59:14.412+0000] {logging_mixin.py:190} INFO - [2024-12-01T06:59:14.412+0000] {dagbag.py:588} INFO - Filling up the DagBag from /opt/airflow/dags/kafka_stream.py
[2024-12-01T06:59:14.427+0000] {processor.py:925} INFO - DAG(s) 'user_automation' retrieved from /opt/airflow/dags/kafka_stream.py
[2024-12-01T06:59:14.445+0000] {logging_mixin.py:190} INFO - [2024-12-01T06:59:14.445+0000] {dag.py:3239} INFO - Sync 1 DAGs
[2024-12-01T06:59:14.456+0000] {logging_mixin.py:190} INFO - [2024-12-01T06:59:14.456+0000] {dag.py:4180} INFO - Setting next_dagrun for user_automation to None, run_after=None
[2024-12-01T06:59:14.479+0000] {processor.py:208} INFO - Processing /opt/airflow/dags/kafka_stream.py took 0.073 seconds
[2024-12-01T06:59:44.608+0000] {processor.py:186} INFO - Started process (PID=443) to work on /opt/airflow/dags/kafka_stream.py
[2024-12-01T06:59:44.608+0000] {processor.py:914} INFO - Processing file /opt/airflow/dags/kafka_stream.py for tasks to queue
[2024-12-01T06:59:44.609+0000] {logging_mixin.py:190} INFO - [2024-12-01T06:59:44.609+0000] {dagbag.py:588} INFO - Filling up the DagBag from /opt/airflow/dags/kafka_stream.py
[2024-12-01T06:59:44.620+0000] {processor.py:925} INFO - DAG(s) 'user_automation' retrieved from /opt/airflow/dags/kafka_stream.py
[2024-12-01T06:59:44.636+0000] {logging_mixin.py:190} INFO - [2024-12-01T06:59:44.636+0000] {dag.py:3239} INFO - Sync 1 DAGs
[2024-12-01T06:59:44.647+0000] {logging_mixin.py:190} INFO - [2024-12-01T06:59:44.647+0000] {dag.py:4180} INFO - Setting next_dagrun for user_automation to None, run_after=None
[2024-12-01T06:59:44.671+0000] {processor.py:208} INFO - Processing /opt/airflow/dags/kafka_stream.py took 0.067 seconds
[2024-12-01T07:00:14.907+0000] {processor.py:186} INFO - Started process (PID=452) to work on /opt/airflow/dags/kafka_stream.py
[2024-12-01T07:00:14.908+0000] {processor.py:914} INFO - Processing file /opt/airflow/dags/kafka_stream.py for tasks to queue
[2024-12-01T07:00:14.909+0000] {logging_mixin.py:190} INFO - [2024-12-01T07:00:14.909+0000] {dagbag.py:588} INFO - Filling up the DagBag from /opt/airflow/dags/kafka_stream.py
[2024-12-01T07:00:14.924+0000] {processor.py:925} INFO - DAG(s) 'user_automation' retrieved from /opt/airflow/dags/kafka_stream.py
[2024-12-01T07:00:14.943+0000] {logging_mixin.py:190} INFO - [2024-12-01T07:00:14.943+0000] {dag.py:3239} INFO - Sync 1 DAGs
[2024-12-01T07:00:14.955+0000] {logging_mixin.py:190} INFO - [2024-12-01T07:00:14.955+0000] {dag.py:4180} INFO - Setting next_dagrun for user_automation to None, run_after=None
[2024-12-01T07:00:14.979+0000] {processor.py:208} INFO - Processing /opt/airflow/dags/kafka_stream.py took 0.077 seconds
[2024-12-01T07:00:45.287+0000] {processor.py:186} INFO - Started process (PID=459) to work on /opt/airflow/dags/kafka_stream.py
[2024-12-01T07:00:45.287+0000] {processor.py:914} INFO - Processing file /opt/airflow/dags/kafka_stream.py for tasks to queue
[2024-12-01T07:00:45.288+0000] {logging_mixin.py:190} INFO - [2024-12-01T07:00:45.288+0000] {dagbag.py:588} INFO - Filling up the DagBag from /opt/airflow/dags/kafka_stream.py
[2024-12-01T07:00:45.317+0000] {processor.py:925} INFO - DAG(s) 'user_automation' retrieved from /opt/airflow/dags/kafka_stream.py
[2024-12-01T07:00:45.348+0000] {logging_mixin.py:190} INFO - [2024-12-01T07:00:45.348+0000] {dag.py:3239} INFO - Sync 1 DAGs
[2024-12-01T07:00:45.359+0000] {logging_mixin.py:190} INFO - [2024-12-01T07:00:45.359+0000] {dag.py:4180} INFO - Setting next_dagrun for user_automation to None, run_after=None
[2024-12-01T07:00:45.380+0000] {processor.py:208} INFO - Processing /opt/airflow/dags/kafka_stream.py took 0.098 seconds
[2024-12-01T07:01:15.573+0000] {processor.py:186} INFO - Started process (PID=468) to work on /opt/airflow/dags/kafka_stream.py
[2024-12-01T07:01:15.573+0000] {processor.py:914} INFO - Processing file /opt/airflow/dags/kafka_stream.py for tasks to queue
[2024-12-01T07:01:15.574+0000] {logging_mixin.py:190} INFO - [2024-12-01T07:01:15.574+0000] {dagbag.py:588} INFO - Filling up the DagBag from /opt/airflow/dags/kafka_stream.py
[2024-12-01T07:01:15.590+0000] {processor.py:925} INFO - DAG(s) 'user_automation' retrieved from /opt/airflow/dags/kafka_stream.py
[2024-12-01T07:01:15.607+0000] {logging_mixin.py:190} INFO - [2024-12-01T07:01:15.607+0000] {dag.py:3239} INFO - Sync 1 DAGs
[2024-12-01T07:01:15.618+0000] {logging_mixin.py:190} INFO - [2024-12-01T07:01:15.618+0000] {dag.py:4180} INFO - Setting next_dagrun for user_automation to None, run_after=None
[2024-12-01T07:01:15.636+0000] {processor.py:208} INFO - Processing /opt/airflow/dags/kafka_stream.py took 0.067 seconds
[2024-12-01T07:01:45.701+0000] {processor.py:186} INFO - Started process (PID=479) to work on /opt/airflow/dags/kafka_stream.py
[2024-12-01T07:01:45.702+0000] {processor.py:914} INFO - Processing file /opt/airflow/dags/kafka_stream.py for tasks to queue
[2024-12-01T07:01:45.704+0000] {logging_mixin.py:190} INFO - [2024-12-01T07:01:45.704+0000] {dagbag.py:588} INFO - Filling up the DagBag from /opt/airflow/dags/kafka_stream.py
[2024-12-01T07:01:45.727+0000] {processor.py:925} INFO - DAG(s) 'user_automation' retrieved from /opt/airflow/dags/kafka_stream.py
[2024-12-01T07:01:45.745+0000] {logging_mixin.py:190} INFO - [2024-12-01T07:01:45.745+0000] {dag.py:3239} INFO - Sync 1 DAGs
[2024-12-01T07:01:45.759+0000] {logging_mixin.py:190} INFO - [2024-12-01T07:01:45.759+0000] {dag.py:4180} INFO - Setting next_dagrun for user_automation to None, run_after=None
[2024-12-01T07:01:45.788+0000] {processor.py:208} INFO - Processing /opt/airflow/dags/kafka_stream.py took 0.091 seconds
[2024-12-01T07:02:15.871+0000] {processor.py:186} INFO - Started process (PID=486) to work on /opt/airflow/dags/kafka_stream.py
[2024-12-01T07:02:15.872+0000] {processor.py:914} INFO - Processing file /opt/airflow/dags/kafka_stream.py for tasks to queue
[2024-12-01T07:02:15.873+0000] {logging_mixin.py:190} INFO - [2024-12-01T07:02:15.873+0000] {dagbag.py:588} INFO - Filling up the DagBag from /opt/airflow/dags/kafka_stream.py
[2024-12-01T07:02:15.887+0000] {processor.py:925} INFO - DAG(s) 'user_automation' retrieved from /opt/airflow/dags/kafka_stream.py
[2024-12-01T07:02:15.906+0000] {logging_mixin.py:190} INFO - [2024-12-01T07:02:15.906+0000] {dag.py:3239} INFO - Sync 1 DAGs
[2024-12-01T07:02:15.916+0000] {logging_mixin.py:190} INFO - [2024-12-01T07:02:15.916+0000] {dag.py:4180} INFO - Setting next_dagrun for user_automation to None, run_after=None
[2024-12-01T07:02:15.945+0000] {processor.py:208} INFO - Processing /opt/airflow/dags/kafka_stream.py took 0.079 seconds
[2024-12-01T07:02:46.383+0000] {processor.py:186} INFO - Started process (PID=497) to work on /opt/airflow/dags/kafka_stream.py
[2024-12-01T07:02:46.384+0000] {processor.py:914} INFO - Processing file /opt/airflow/dags/kafka_stream.py for tasks to queue
[2024-12-01T07:02:46.386+0000] {logging_mixin.py:190} INFO - [2024-12-01T07:02:46.386+0000] {dagbag.py:588} INFO - Filling up the DagBag from /opt/airflow/dags/kafka_stream.py
[2024-12-01T07:02:46.398+0000] {processor.py:925} INFO - DAG(s) 'user_automation' retrieved from /opt/airflow/dags/kafka_stream.py
[2024-12-01T07:02:46.418+0000] {logging_mixin.py:190} INFO - [2024-12-01T07:02:46.418+0000] {dag.py:3239} INFO - Sync 1 DAGs
[2024-12-01T07:02:46.431+0000] {logging_mixin.py:190} INFO - [2024-12-01T07:02:46.430+0000] {dag.py:4180} INFO - Setting next_dagrun for user_automation to None, run_after=None
[2024-12-01T07:02:46.447+0000] {processor.py:208} INFO - Processing /opt/airflow/dags/kafka_stream.py took 0.068 seconds
[2024-12-01T07:03:16.751+0000] {processor.py:186} INFO - Started process (PID=508) to work on /opt/airflow/dags/kafka_stream.py
[2024-12-01T07:03:16.752+0000] {processor.py:914} INFO - Processing file /opt/airflow/dags/kafka_stream.py for tasks to queue
[2024-12-01T07:03:16.753+0000] {logging_mixin.py:190} INFO - [2024-12-01T07:03:16.753+0000] {dagbag.py:588} INFO - Filling up the DagBag from /opt/airflow/dags/kafka_stream.py
[2024-12-01T07:03:16.767+0000] {processor.py:925} INFO - DAG(s) 'user_automation' retrieved from /opt/airflow/dags/kafka_stream.py
[2024-12-01T07:03:16.785+0000] {logging_mixin.py:190} INFO - [2024-12-01T07:03:16.784+0000] {dag.py:3239} INFO - Sync 1 DAGs
[2024-12-01T07:03:16.799+0000] {logging_mixin.py:190} INFO - [2024-12-01T07:03:16.798+0000] {dag.py:4180} INFO - Setting next_dagrun for user_automation to None, run_after=None
[2024-12-01T07:03:16.821+0000] {processor.py:208} INFO - Processing /opt/airflow/dags/kafka_stream.py took 0.074 seconds
[2024-12-01T07:03:47.251+0000] {processor.py:186} INFO - Started process (PID=519) to work on /opt/airflow/dags/kafka_stream.py
[2024-12-01T07:03:47.251+0000] {processor.py:914} INFO - Processing file /opt/airflow/dags/kafka_stream.py for tasks to queue
[2024-12-01T07:03:47.252+0000] {logging_mixin.py:190} INFO - [2024-12-01T07:03:47.252+0000] {dagbag.py:588} INFO - Filling up the DagBag from /opt/airflow/dags/kafka_stream.py
[2024-12-01T07:03:47.263+0000] {processor.py:925} INFO - DAG(s) 'user_automation' retrieved from /opt/airflow/dags/kafka_stream.py
[2024-12-01T07:03:47.280+0000] {logging_mixin.py:190} INFO - [2024-12-01T07:03:47.280+0000] {dag.py:3239} INFO - Sync 1 DAGs
[2024-12-01T07:03:47.290+0000] {logging_mixin.py:190} INFO - [2024-12-01T07:03:47.290+0000] {dag.py:4180} INFO - Setting next_dagrun for user_automation to None, run_after=None
[2024-12-01T07:03:47.308+0000] {processor.py:208} INFO - Processing /opt/airflow/dags/kafka_stream.py took 0.062 seconds
[2024-12-01T07:04:17.633+0000] {processor.py:186} INFO - Started process (PID=534) to work on /opt/airflow/dags/kafka_stream.py
[2024-12-01T07:04:17.633+0000] {processor.py:914} INFO - Processing file /opt/airflow/dags/kafka_stream.py for tasks to queue
[2024-12-01T07:04:17.636+0000] {logging_mixin.py:190} INFO - [2024-12-01T07:04:17.636+0000] {dagbag.py:588} INFO - Filling up the DagBag from /opt/airflow/dags/kafka_stream.py
[2024-12-01T07:04:17.650+0000] {processor.py:925} INFO - DAG(s) 'user_automation' retrieved from /opt/airflow/dags/kafka_stream.py
[2024-12-01T07:04:17.670+0000] {logging_mixin.py:190} INFO - [2024-12-01T07:04:17.670+0000] {dag.py:3239} INFO - Sync 1 DAGs
[2024-12-01T07:04:17.682+0000] {logging_mixin.py:190} INFO - [2024-12-01T07:04:17.682+0000] {dag.py:4180} INFO - Setting next_dagrun for user_automation to None, run_after=None
[2024-12-01T07:04:17.709+0000] {processor.py:208} INFO - Processing /opt/airflow/dags/kafka_stream.py took 0.081 seconds
[2024-12-01T07:04:48.026+0000] {processor.py:186} INFO - Started process (PID=545) to work on /opt/airflow/dags/kafka_stream.py
[2024-12-01T07:04:48.026+0000] {processor.py:914} INFO - Processing file /opt/airflow/dags/kafka_stream.py for tasks to queue
[2024-12-01T07:04:48.028+0000] {logging_mixin.py:190} INFO - [2024-12-01T07:04:48.028+0000] {dagbag.py:588} INFO - Filling up the DagBag from /opt/airflow/dags/kafka_stream.py
[2024-12-01T07:04:48.044+0000] {processor.py:925} INFO - DAG(s) 'user_automation' retrieved from /opt/airflow/dags/kafka_stream.py
[2024-12-01T07:04:48.068+0000] {logging_mixin.py:190} INFO - [2024-12-01T07:04:48.067+0000] {dag.py:3239} INFO - Sync 1 DAGs
[2024-12-01T07:04:48.081+0000] {logging_mixin.py:190} INFO - [2024-12-01T07:04:48.081+0000] {dag.py:4180} INFO - Setting next_dagrun for user_automation to None, run_after=None
[2024-12-01T07:04:48.109+0000] {processor.py:208} INFO - Processing /opt/airflow/dags/kafka_stream.py took 0.089 seconds
[2024-12-01T07:05:18.398+0000] {processor.py:186} INFO - Started process (PID=556) to work on /opt/airflow/dags/kafka_stream.py
[2024-12-01T07:05:18.398+0000] {processor.py:914} INFO - Processing file /opt/airflow/dags/kafka_stream.py for tasks to queue
[2024-12-01T07:05:18.399+0000] {logging_mixin.py:190} INFO - [2024-12-01T07:05:18.399+0000] {dagbag.py:588} INFO - Filling up the DagBag from /opt/airflow/dags/kafka_stream.py
[2024-12-01T07:05:18.412+0000] {processor.py:925} INFO - DAG(s) 'user_automation' retrieved from /opt/airflow/dags/kafka_stream.py
[2024-12-01T07:05:18.430+0000] {logging_mixin.py:190} INFO - [2024-12-01T07:05:18.430+0000] {dag.py:3239} INFO - Sync 1 DAGs
[2024-12-01T07:05:18.442+0000] {logging_mixin.py:190} INFO - [2024-12-01T07:05:18.442+0000] {dag.py:4180} INFO - Setting next_dagrun for user_automation to None, run_after=None
[2024-12-01T07:05:18.467+0000] {processor.py:208} INFO - Processing /opt/airflow/dags/kafka_stream.py took 0.073 seconds
[2024-12-01T07:05:48.801+0000] {processor.py:186} INFO - Started process (PID=567) to work on /opt/airflow/dags/kafka_stream.py
[2024-12-01T07:05:48.802+0000] {processor.py:914} INFO - Processing file /opt/airflow/dags/kafka_stream.py for tasks to queue
[2024-12-01T07:05:48.804+0000] {logging_mixin.py:190} INFO - [2024-12-01T07:05:48.803+0000] {dagbag.py:588} INFO - Filling up the DagBag from /opt/airflow/dags/kafka_stream.py
[2024-12-01T07:05:48.816+0000] {processor.py:925} INFO - DAG(s) 'user_automation' retrieved from /opt/airflow/dags/kafka_stream.py
[2024-12-01T07:05:48.838+0000] {logging_mixin.py:190} INFO - [2024-12-01T07:05:48.837+0000] {dag.py:3239} INFO - Sync 1 DAGs
[2024-12-01T07:05:48.850+0000] {logging_mixin.py:190} INFO - [2024-12-01T07:05:48.850+0000] {dag.py:4180} INFO - Setting next_dagrun for user_automation to None, run_after=None
[2024-12-01T07:05:48.879+0000] {processor.py:208} INFO - Processing /opt/airflow/dags/kafka_stream.py took 0.083 seconds
[2024-12-01T07:06:19.126+0000] {processor.py:186} INFO - Started process (PID=578) to work on /opt/airflow/dags/kafka_stream.py
[2024-12-01T07:06:19.126+0000] {processor.py:914} INFO - Processing file /opt/airflow/dags/kafka_stream.py for tasks to queue
[2024-12-01T07:06:19.127+0000] {logging_mixin.py:190} INFO - [2024-12-01T07:06:19.127+0000] {dagbag.py:588} INFO - Filling up the DagBag from /opt/airflow/dags/kafka_stream.py
[2024-12-01T07:06:19.138+0000] {processor.py:925} INFO - DAG(s) 'user_automation' retrieved from /opt/airflow/dags/kafka_stream.py
[2024-12-01T07:06:19.157+0000] {logging_mixin.py:190} INFO - [2024-12-01T07:06:19.157+0000] {dag.py:3239} INFO - Sync 1 DAGs
[2024-12-01T07:06:19.170+0000] {logging_mixin.py:190} INFO - [2024-12-01T07:06:19.170+0000] {dag.py:4180} INFO - Setting next_dagrun for user_automation to None, run_after=None
[2024-12-01T07:06:19.187+0000] {processor.py:208} INFO - Processing /opt/airflow/dags/kafka_stream.py took 0.066 seconds
[2024-12-01T07:06:49.463+0000] {processor.py:186} INFO - Started process (PID=589) to work on /opt/airflow/dags/kafka_stream.py
[2024-12-01T07:06:49.465+0000] {processor.py:914} INFO - Processing file /opt/airflow/dags/kafka_stream.py for tasks to queue
[2024-12-01T07:06:49.466+0000] {logging_mixin.py:190} INFO - [2024-12-01T07:06:49.466+0000] {dagbag.py:588} INFO - Filling up the DagBag from /opt/airflow/dags/kafka_stream.py
[2024-12-01T07:06:49.513+0000] {processor.py:925} INFO - DAG(s) 'user_automation' retrieved from /opt/airflow/dags/kafka_stream.py
[2024-12-01T07:06:49.530+0000] {logging_mixin.py:190} INFO - [2024-12-01T07:06:49.530+0000] {dag.py:3239} INFO - Sync 1 DAGs
[2024-12-01T07:06:49.541+0000] {logging_mixin.py:190} INFO - [2024-12-01T07:06:49.541+0000] {dag.py:4180} INFO - Setting next_dagrun for user_automation to None, run_after=None
[2024-12-01T07:06:49.559+0000] {processor.py:208} INFO - Processing /opt/airflow/dags/kafka_stream.py took 0.100 seconds
[2024-12-01T07:07:19.764+0000] {processor.py:186} INFO - Started process (PID=600) to work on /opt/airflow/dags/kafka_stream.py
[2024-12-01T07:07:19.765+0000] {processor.py:914} INFO - Processing file /opt/airflow/dags/kafka_stream.py for tasks to queue
[2024-12-01T07:07:19.766+0000] {logging_mixin.py:190} INFO - [2024-12-01T07:07:19.765+0000] {dagbag.py:588} INFO - Filling up the DagBag from /opt/airflow/dags/kafka_stream.py
[2024-12-01T07:07:19.780+0000] {processor.py:925} INFO - DAG(s) 'user_automation' retrieved from /opt/airflow/dags/kafka_stream.py
[2024-12-01T07:07:19.797+0000] {logging_mixin.py:190} INFO - [2024-12-01T07:07:19.796+0000] {dag.py:3239} INFO - Sync 1 DAGs
[2024-12-01T07:07:19.807+0000] {logging_mixin.py:190} INFO - [2024-12-01T07:07:19.807+0000] {dag.py:4180} INFO - Setting next_dagrun for user_automation to None, run_after=None
[2024-12-01T07:07:19.840+0000] {processor.py:208} INFO - Processing /opt/airflow/dags/kafka_stream.py took 0.080 seconds
[2024-12-01T07:07:50.134+0000] {processor.py:186} INFO - Started process (PID=611) to work on /opt/airflow/dags/kafka_stream.py
[2024-12-01T07:07:50.135+0000] {processor.py:914} INFO - Processing file /opt/airflow/dags/kafka_stream.py for tasks to queue
[2024-12-01T07:07:50.136+0000] {logging_mixin.py:190} INFO - [2024-12-01T07:07:50.136+0000] {dagbag.py:588} INFO - Filling up the DagBag from /opt/airflow/dags/kafka_stream.py
[2024-12-01T07:07:50.161+0000] {processor.py:925} INFO - DAG(s) 'user_automation' retrieved from /opt/airflow/dags/kafka_stream.py
[2024-12-01T07:07:50.177+0000] {logging_mixin.py:190} INFO - [2024-12-01T07:07:50.177+0000] {dag.py:3239} INFO - Sync 1 DAGs
[2024-12-01T07:07:50.187+0000] {logging_mixin.py:190} INFO - [2024-12-01T07:07:50.187+0000] {dag.py:4180} INFO - Setting next_dagrun for user_automation to None, run_after=None
[2024-12-01T07:07:50.204+0000] {processor.py:208} INFO - Processing /opt/airflow/dags/kafka_stream.py took 0.074 seconds
[2024-12-01T07:08:20.465+0000] {processor.py:186} INFO - Started process (PID=622) to work on /opt/airflow/dags/kafka_stream.py
[2024-12-01T07:08:20.466+0000] {processor.py:914} INFO - Processing file /opt/airflow/dags/kafka_stream.py for tasks to queue
[2024-12-01T07:08:20.467+0000] {logging_mixin.py:190} INFO - [2024-12-01T07:08:20.467+0000] {dagbag.py:588} INFO - Filling up the DagBag from /opt/airflow/dags/kafka_stream.py
[2024-12-01T07:08:20.486+0000] {processor.py:925} INFO - DAG(s) 'user_automation' retrieved from /opt/airflow/dags/kafka_stream.py
[2024-12-01T07:08:20.506+0000] {logging_mixin.py:190} INFO - [2024-12-01T07:08:20.506+0000] {dag.py:3239} INFO - Sync 1 DAGs
[2024-12-01T07:08:20.518+0000] {logging_mixin.py:190} INFO - [2024-12-01T07:08:20.518+0000] {dag.py:4180} INFO - Setting next_dagrun for user_automation to None, run_after=None
[2024-12-01T07:08:20.547+0000] {processor.py:208} INFO - Processing /opt/airflow/dags/kafka_stream.py took 0.086 seconds
[2024-12-01T07:08:50.818+0000] {processor.py:186} INFO - Started process (PID=633) to work on /opt/airflow/dags/kafka_stream.py
[2024-12-01T07:08:50.819+0000] {processor.py:914} INFO - Processing file /opt/airflow/dags/kafka_stream.py for tasks to queue
[2024-12-01T07:08:50.820+0000] {logging_mixin.py:190} INFO - [2024-12-01T07:08:50.820+0000] {dagbag.py:588} INFO - Filling up the DagBag from /opt/airflow/dags/kafka_stream.py
[2024-12-01T07:08:50.832+0000] {processor.py:925} INFO - DAG(s) 'user_automation' retrieved from /opt/airflow/dags/kafka_stream.py
[2024-12-01T07:08:50.852+0000] {logging_mixin.py:190} INFO - [2024-12-01T07:08:50.851+0000] {dag.py:3239} INFO - Sync 1 DAGs
[2024-12-01T07:08:50.863+0000] {logging_mixin.py:190} INFO - [2024-12-01T07:08:50.863+0000] {dag.py:4180} INFO - Setting next_dagrun for user_automation to None, run_after=None
[2024-12-01T07:08:50.883+0000] {processor.py:208} INFO - Processing /opt/airflow/dags/kafka_stream.py took 0.070 seconds
[2024-12-01T07:09:21.151+0000] {processor.py:186} INFO - Started process (PID=644) to work on /opt/airflow/dags/kafka_stream.py
[2024-12-01T07:09:21.152+0000] {processor.py:914} INFO - Processing file /opt/airflow/dags/kafka_stream.py for tasks to queue
[2024-12-01T07:09:21.153+0000] {logging_mixin.py:190} INFO - [2024-12-01T07:09:21.153+0000] {dagbag.py:588} INFO - Filling up the DagBag from /opt/airflow/dags/kafka_stream.py
[2024-12-01T07:09:21.167+0000] {processor.py:925} INFO - DAG(s) 'user_automation' retrieved from /opt/airflow/dags/kafka_stream.py
[2024-12-01T07:09:21.184+0000] {logging_mixin.py:190} INFO - [2024-12-01T07:09:21.184+0000] {dag.py:3239} INFO - Sync 1 DAGs
[2024-12-01T07:09:21.195+0000] {logging_mixin.py:190} INFO - [2024-12-01T07:09:21.195+0000] {dag.py:4180} INFO - Setting next_dagrun for user_automation to None, run_after=None
[2024-12-01T07:09:21.222+0000] {processor.py:208} INFO - Processing /opt/airflow/dags/kafka_stream.py took 0.075 seconds
[2024-12-01T07:09:51.550+0000] {processor.py:186} INFO - Started process (PID=655) to work on /opt/airflow/dags/kafka_stream.py
[2024-12-01T07:09:51.551+0000] {processor.py:914} INFO - Processing file /opt/airflow/dags/kafka_stream.py for tasks to queue
[2024-12-01T07:09:51.553+0000] {logging_mixin.py:190} INFO - [2024-12-01T07:09:51.553+0000] {dagbag.py:588} INFO - Filling up the DagBag from /opt/airflow/dags/kafka_stream.py
[2024-12-01T07:09:51.576+0000] {processor.py:925} INFO - DAG(s) 'user_automation' retrieved from /opt/airflow/dags/kafka_stream.py
[2024-12-01T07:09:51.601+0000] {logging_mixin.py:190} INFO - [2024-12-01T07:09:51.601+0000] {dag.py:3239} INFO - Sync 1 DAGs
[2024-12-01T07:09:51.614+0000] {logging_mixin.py:190} INFO - [2024-12-01T07:09:51.614+0000] {dag.py:4180} INFO - Setting next_dagrun for user_automation to None, run_after=None
[2024-12-01T07:09:51.634+0000] {processor.py:208} INFO - Processing /opt/airflow/dags/kafka_stream.py took 0.089 seconds
[2024-12-01T07:10:21.787+0000] {processor.py:186} INFO - Started process (PID=664) to work on /opt/airflow/dags/kafka_stream.py
[2024-12-01T07:10:21.788+0000] {processor.py:914} INFO - Processing file /opt/airflow/dags/kafka_stream.py for tasks to queue
[2024-12-01T07:10:21.789+0000] {logging_mixin.py:190} INFO - [2024-12-01T07:10:21.789+0000] {dagbag.py:588} INFO - Filling up the DagBag from /opt/airflow/dags/kafka_stream.py
[2024-12-01T07:10:21.802+0000] {processor.py:925} INFO - DAG(s) 'user_automation' retrieved from /opt/airflow/dags/kafka_stream.py
[2024-12-01T07:10:21.824+0000] {logging_mixin.py:190} INFO - [2024-12-01T07:10:21.823+0000] {dag.py:3239} INFO - Sync 1 DAGs
[2024-12-01T07:10:21.836+0000] {logging_mixin.py:190} INFO - [2024-12-01T07:10:21.836+0000] {dag.py:4180} INFO - Setting next_dagrun for user_automation to None, run_after=None
[2024-12-01T07:10:21.857+0000] {processor.py:208} INFO - Processing /opt/airflow/dags/kafka_stream.py took 0.075 seconds
[2024-12-01T07:10:52.120+0000] {processor.py:186} INFO - Started process (PID=674) to work on /opt/airflow/dags/kafka_stream.py
[2024-12-01T07:10:52.120+0000] {processor.py:914} INFO - Processing file /opt/airflow/dags/kafka_stream.py for tasks to queue
[2024-12-01T07:10:52.121+0000] {logging_mixin.py:190} INFO - [2024-12-01T07:10:52.121+0000] {dagbag.py:588} INFO - Filling up the DagBag from /opt/airflow/dags/kafka_stream.py
[2024-12-01T07:10:52.134+0000] {processor.py:925} INFO - DAG(s) 'user_automation' retrieved from /opt/airflow/dags/kafka_stream.py
[2024-12-01T07:10:52.152+0000] {logging_mixin.py:190} INFO - [2024-12-01T07:10:52.152+0000] {dag.py:3239} INFO - Sync 1 DAGs
[2024-12-01T07:10:52.164+0000] {logging_mixin.py:190} INFO - [2024-12-01T07:10:52.164+0000] {dag.py:4180} INFO - Setting next_dagrun for user_automation to None, run_after=None
[2024-12-01T07:10:52.180+0000] {processor.py:208} INFO - Processing /opt/airflow/dags/kafka_stream.py took 0.064 seconds
[2024-12-01T07:11:22.434+0000] {processor.py:186} INFO - Started process (PID=682) to work on /opt/airflow/dags/kafka_stream.py
[2024-12-01T07:11:22.435+0000] {processor.py:914} INFO - Processing file /opt/airflow/dags/kafka_stream.py for tasks to queue
[2024-12-01T07:11:22.447+0000] {logging_mixin.py:190} INFO - [2024-12-01T07:11:22.447+0000] {dagbag.py:588} INFO - Filling up the DagBag from /opt/airflow/dags/kafka_stream.py
[2024-12-01T07:11:22.464+0000] {processor.py:925} INFO - DAG(s) 'user_automation' retrieved from /opt/airflow/dags/kafka_stream.py
[2024-12-01T07:11:22.481+0000] {logging_mixin.py:190} INFO - [2024-12-01T07:11:22.481+0000] {dag.py:3239} INFO - Sync 1 DAGs
[2024-12-01T07:11:22.492+0000] {logging_mixin.py:190} INFO - [2024-12-01T07:11:22.492+0000] {dag.py:4180} INFO - Setting next_dagrun for user_automation to None, run_after=None
[2024-12-01T07:11:22.517+0000] {processor.py:208} INFO - Processing /opt/airflow/dags/kafka_stream.py took 0.087 seconds
[2024-12-01T07:11:52.759+0000] {processor.py:186} INFO - Started process (PID=693) to work on /opt/airflow/dags/kafka_stream.py
[2024-12-01T07:11:52.759+0000] {processor.py:914} INFO - Processing file /opt/airflow/dags/kafka_stream.py for tasks to queue
[2024-12-01T07:11:52.760+0000] {logging_mixin.py:190} INFO - [2024-12-01T07:11:52.760+0000] {dagbag.py:588} INFO - Filling up the DagBag from /opt/airflow/dags/kafka_stream.py
[2024-12-01T07:11:52.772+0000] {processor.py:925} INFO - DAG(s) 'user_automation' retrieved from /opt/airflow/dags/kafka_stream.py
[2024-12-01T07:11:52.789+0000] {logging_mixin.py:190} INFO - [2024-12-01T07:11:52.788+0000] {dag.py:3239} INFO - Sync 1 DAGs
[2024-12-01T07:11:52.799+0000] {logging_mixin.py:190} INFO - [2024-12-01T07:11:52.799+0000] {dag.py:4180} INFO - Setting next_dagrun for user_automation to None, run_after=None
[2024-12-01T07:11:52.827+0000] {processor.py:208} INFO - Processing /opt/airflow/dags/kafka_stream.py took 0.072 seconds
[2024-12-01T07:12:23.109+0000] {processor.py:186} INFO - Started process (PID=704) to work on /opt/airflow/dags/kafka_stream.py
[2024-12-01T07:12:23.110+0000] {processor.py:914} INFO - Processing file /opt/airflow/dags/kafka_stream.py for tasks to queue
[2024-12-01T07:12:23.111+0000] {logging_mixin.py:190} INFO - [2024-12-01T07:12:23.110+0000] {dagbag.py:588} INFO - Filling up the DagBag from /opt/airflow/dags/kafka_stream.py
[2024-12-01T07:12:23.122+0000] {processor.py:925} INFO - DAG(s) 'user_automation' retrieved from /opt/airflow/dags/kafka_stream.py
[2024-12-01T07:12:23.138+0000] {logging_mixin.py:190} INFO - [2024-12-01T07:12:23.137+0000] {dag.py:3239} INFO - Sync 1 DAGs
[2024-12-01T07:12:23.148+0000] {logging_mixin.py:190} INFO - [2024-12-01T07:12:23.148+0000] {dag.py:4180} INFO - Setting next_dagrun for user_automation to None, run_after=None
[2024-12-01T07:12:23.173+0000] {processor.py:208} INFO - Processing /opt/airflow/dags/kafka_stream.py took 0.068 seconds
[2024-12-01T07:12:53.429+0000] {processor.py:186} INFO - Started process (PID=715) to work on /opt/airflow/dags/kafka_stream.py
[2024-12-01T07:12:53.430+0000] {processor.py:914} INFO - Processing file /opt/airflow/dags/kafka_stream.py for tasks to queue
[2024-12-01T07:12:53.431+0000] {logging_mixin.py:190} INFO - [2024-12-01T07:12:53.431+0000] {dagbag.py:588} INFO - Filling up the DagBag from /opt/airflow/dags/kafka_stream.py
[2024-12-01T07:12:53.444+0000] {processor.py:925} INFO - DAG(s) 'user_automation' retrieved from /opt/airflow/dags/kafka_stream.py
[2024-12-01T07:12:53.466+0000] {logging_mixin.py:190} INFO - [2024-12-01T07:12:53.466+0000] {dag.py:3239} INFO - Sync 1 DAGs
[2024-12-01T07:12:53.477+0000] {logging_mixin.py:190} INFO - [2024-12-01T07:12:53.477+0000] {dag.py:4180} INFO - Setting next_dagrun for user_automation to None, run_after=None
[2024-12-01T07:12:53.496+0000] {processor.py:208} INFO - Processing /opt/airflow/dags/kafka_stream.py took 0.071 seconds
[2024-12-01T07:13:23.779+0000] {processor.py:186} INFO - Started process (PID=726) to work on /opt/airflow/dags/kafka_stream.py
[2024-12-01T07:13:23.782+0000] {processor.py:914} INFO - Processing file /opt/airflow/dags/kafka_stream.py for tasks to queue
[2024-12-01T07:13:23.784+0000] {logging_mixin.py:190} INFO - [2024-12-01T07:13:23.783+0000] {dagbag.py:588} INFO - Filling up the DagBag from /opt/airflow/dags/kafka_stream.py
[2024-12-01T07:13:23.816+0000] {processor.py:925} INFO - DAG(s) 'user_automation' retrieved from /opt/airflow/dags/kafka_stream.py
[2024-12-01T07:13:23.843+0000] {logging_mixin.py:190} INFO - [2024-12-01T07:13:23.843+0000] {dag.py:3239} INFO - Sync 1 DAGs
[2024-12-01T07:13:23.854+0000] {logging_mixin.py:190} INFO - [2024-12-01T07:13:23.854+0000] {dag.py:4180} INFO - Setting next_dagrun for user_automation to None, run_after=None
[2024-12-01T07:13:23.882+0000] {processor.py:208} INFO - Processing /opt/airflow/dags/kafka_stream.py took 0.109 seconds
