[2024-12-01T06:48:35.401+0000] {processor.py:186} INFO - Started process (PID=179) to work on /opt/airflow/dags/vnstock_stream.py
[2024-12-01T06:48:35.402+0000] {processor.py:914} INFO - Processing file /opt/airflow/dags/vnstock_stream.py for tasks to queue
[2024-12-01T06:48:35.406+0000] {logging_mixin.py:190} INFO - [2024-12-01T06:48:35.405+0000] {dagbag.py:588} INFO - Filling up the DagBag from /opt/airflow/dags/vnstock_stream.py
[2024-12-01T06:48:35.441+0000] {processor.py:925} INFO - DAG(s) 'stock_information' retrieved from /opt/airflow/dags/vnstock_stream.py
[2024-12-01T06:48:35.675+0000] {logging_mixin.py:190} INFO - [2024-12-01T06:48:35.674+0000] {override.py:1911} INFO - Created Permission View: can edit on DAG:stock_information
[2024-12-01T06:48:35.690+0000] {logging_mixin.py:190} INFO - [2024-12-01T06:48:35.690+0000] {override.py:1911} INFO - Created Permission View: can read on DAG:stock_information
[2024-12-01T06:48:35.700+0000] {logging_mixin.py:190} INFO - [2024-12-01T06:48:35.699+0000] {override.py:1911} INFO - Created Permission View: can delete on DAG:stock_information
[2024-12-01T06:48:35.711+0000] {logging_mixin.py:190} INFO - [2024-12-01T06:48:35.711+0000] {override.py:1911} INFO - Created Permission View: can create on DAG Run:stock_information
[2024-12-01T06:48:35.721+0000] {logging_mixin.py:190} INFO - [2024-12-01T06:48:35.721+0000] {override.py:1911} INFO - Created Permission View: menu access on DAG Run:stock_information
[2024-12-01T06:48:35.732+0000] {logging_mixin.py:190} INFO - [2024-12-01T06:48:35.731+0000] {override.py:1911} INFO - Created Permission View: can read on DAG Run:stock_information
[2024-12-01T06:48:35.741+0000] {logging_mixin.py:190} INFO - [2024-12-01T06:48:35.741+0000] {override.py:1911} INFO - Created Permission View: can delete on DAG Run:stock_information
[2024-12-01T06:48:35.742+0000] {logging_mixin.py:190} INFO - [2024-12-01T06:48:35.742+0000] {dag.py:3239} INFO - Sync 1 DAGs
[2024-12-01T06:48:35.756+0000] {logging_mixin.py:190} INFO - [2024-12-01T06:48:35.756+0000] {dag.py:3262} INFO - Creating ORM DAG for stock_information
[2024-12-01T06:48:35.769+0000] {logging_mixin.py:190} INFO - [2024-12-01T06:48:35.768+0000] {dag.py:4180} INFO - Setting next_dagrun for stock_information to 2024-11-29 17:00:00+00:00, run_after=2024-11-30 17:00:00+00:00
[2024-12-01T06:48:35.796+0000] {processor.py:208} INFO - Processing /opt/airflow/dags/vnstock_stream.py took 0.400 seconds
[2024-12-01T06:49:06.093+0000] {processor.py:186} INFO - Started process (PID=189) to work on /opt/airflow/dags/vnstock_stream.py
[2024-12-01T06:49:06.095+0000] {processor.py:914} INFO - Processing file /opt/airflow/dags/vnstock_stream.py for tasks to queue
[2024-12-01T06:49:06.098+0000] {logging_mixin.py:190} INFO - [2024-12-01T06:49:06.097+0000] {dagbag.py:588} INFO - Filling up the DagBag from /opt/airflow/dags/vnstock_stream.py
[2024-12-01T06:49:06.143+0000] {processor.py:925} INFO - DAG(s) 'stock_information' retrieved from /opt/airflow/dags/vnstock_stream.py
[2024-12-01T06:49:06.190+0000] {logging_mixin.py:190} INFO - [2024-12-01T06:49:06.190+0000] {dag.py:3239} INFO - Sync 1 DAGs
[2024-12-01T06:49:06.245+0000] {logging_mixin.py:190} INFO - [2024-12-01T06:49:06.245+0000] {dag.py:4180} INFO - Setting next_dagrun for stock_information to 2024-11-29 17:00:00+00:00, run_after=2024-11-30 17:00:00+00:00
[2024-12-01T06:49:06.265+0000] {processor.py:208} INFO - Processing /opt/airflow/dags/vnstock_stream.py took 0.179 seconds
[2024-12-01T06:49:36.617+0000] {processor.py:186} INFO - Started process (PID=199) to work on /opt/airflow/dags/vnstock_stream.py
[2024-12-01T06:49:36.618+0000] {processor.py:914} INFO - Processing file /opt/airflow/dags/vnstock_stream.py for tasks to queue
[2024-12-01T06:49:36.621+0000] {logging_mixin.py:190} INFO - [2024-12-01T06:49:36.621+0000] {dagbag.py:588} INFO - Filling up the DagBag from /opt/airflow/dags/vnstock_stream.py
[2024-12-01T06:49:36.654+0000] {processor.py:925} INFO - DAG(s) 'stock_information' retrieved from /opt/airflow/dags/vnstock_stream.py
[2024-12-01T06:49:36.688+0000] {logging_mixin.py:190} INFO - [2024-12-01T06:49:36.687+0000] {dag.py:3239} INFO - Sync 1 DAGs
[2024-12-01T06:49:36.716+0000] {logging_mixin.py:190} INFO - [2024-12-01T06:49:36.716+0000] {dag.py:4180} INFO - Setting next_dagrun for stock_information to 2024-11-29 17:00:00+00:00, run_after=2024-11-30 17:00:00+00:00
[2024-12-01T06:49:36.743+0000] {processor.py:208} INFO - Processing /opt/airflow/dags/vnstock_stream.py took 0.133 seconds
[2024-12-01T06:50:07.077+0000] {processor.py:186} INFO - Started process (PID=215) to work on /opt/airflow/dags/vnstock_stream.py
[2024-12-01T06:50:07.078+0000] {processor.py:914} INFO - Processing file /opt/airflow/dags/vnstock_stream.py for tasks to queue
[2024-12-01T06:50:07.080+0000] {logging_mixin.py:190} INFO - [2024-12-01T06:50:07.079+0000] {dagbag.py:588} INFO - Filling up the DagBag from /opt/airflow/dags/vnstock_stream.py
[2024-12-01T06:50:07.100+0000] {processor.py:925} INFO - DAG(s) 'stock_information' retrieved from /opt/airflow/dags/vnstock_stream.py
[2024-12-01T06:50:07.128+0000] {logging_mixin.py:190} INFO - [2024-12-01T06:50:07.128+0000] {dag.py:3239} INFO - Sync 1 DAGs
[2024-12-01T06:50:07.157+0000] {logging_mixin.py:190} INFO - [2024-12-01T06:50:07.157+0000] {dag.py:4180} INFO - Setting next_dagrun for stock_information to 2024-11-30 17:00:00+00:00, run_after=2024-12-01 17:00:00+00:00
[2024-12-01T06:50:07.181+0000] {processor.py:208} INFO - Processing /opt/airflow/dags/vnstock_stream.py took 0.110 seconds
[2024-12-01T06:50:37.410+0000] {processor.py:186} INFO - Started process (PID=225) to work on /opt/airflow/dags/vnstock_stream.py
[2024-12-01T06:50:37.411+0000] {processor.py:914} INFO - Processing file /opt/airflow/dags/vnstock_stream.py for tasks to queue
[2024-12-01T06:50:37.414+0000] {logging_mixin.py:190} INFO - [2024-12-01T06:50:37.413+0000] {dagbag.py:588} INFO - Filling up the DagBag from /opt/airflow/dags/vnstock_stream.py
[2024-12-01T06:50:37.438+0000] {processor.py:925} INFO - DAG(s) 'stock_information' retrieved from /opt/airflow/dags/vnstock_stream.py
[2024-12-01T06:50:37.467+0000] {logging_mixin.py:190} INFO - [2024-12-01T06:50:37.467+0000] {dag.py:3239} INFO - Sync 1 DAGs
[2024-12-01T06:50:37.495+0000] {logging_mixin.py:190} INFO - [2024-12-01T06:50:37.495+0000] {dag.py:4180} INFO - Setting next_dagrun for stock_information to 2024-11-30 17:00:00+00:00, run_after=2024-12-01 17:00:00+00:00
[2024-12-01T06:50:37.521+0000] {processor.py:208} INFO - Processing /opt/airflow/dags/vnstock_stream.py took 0.116 seconds
[2024-12-01T06:51:07.824+0000] {processor.py:186} INFO - Started process (PID=235) to work on /opt/airflow/dags/vnstock_stream.py
[2024-12-01T06:51:07.825+0000] {processor.py:914} INFO - Processing file /opt/airflow/dags/vnstock_stream.py for tasks to queue
[2024-12-01T06:51:07.828+0000] {logging_mixin.py:190} INFO - [2024-12-01T06:51:07.827+0000] {dagbag.py:588} INFO - Filling up the DagBag from /opt/airflow/dags/vnstock_stream.py
[2024-12-01T06:51:07.849+0000] {processor.py:925} INFO - DAG(s) 'stock_information' retrieved from /opt/airflow/dags/vnstock_stream.py
[2024-12-01T06:51:07.875+0000] {logging_mixin.py:190} INFO - [2024-12-01T06:51:07.875+0000] {dag.py:3239} INFO - Sync 1 DAGs
[2024-12-01T06:51:07.899+0000] {logging_mixin.py:190} INFO - [2024-12-01T06:51:07.899+0000] {dag.py:4180} INFO - Setting next_dagrun for stock_information to 2024-11-30 17:00:00+00:00, run_after=2024-12-01 17:00:00+00:00
[2024-12-01T06:51:07.919+0000] {processor.py:208} INFO - Processing /opt/airflow/dags/vnstock_stream.py took 0.100 seconds
[2024-12-01T06:51:38.070+0000] {processor.py:186} INFO - Started process (PID=245) to work on /opt/airflow/dags/vnstock_stream.py
[2024-12-01T06:51:38.071+0000] {processor.py:914} INFO - Processing file /opt/airflow/dags/vnstock_stream.py for tasks to queue
[2024-12-01T06:51:38.073+0000] {logging_mixin.py:190} INFO - [2024-12-01T06:51:38.073+0000] {dagbag.py:588} INFO - Filling up the DagBag from /opt/airflow/dags/vnstock_stream.py
[2024-12-01T06:51:38.090+0000] {processor.py:925} INFO - DAG(s) 'stock_information' retrieved from /opt/airflow/dags/vnstock_stream.py
[2024-12-01T06:51:38.113+0000] {logging_mixin.py:190} INFO - [2024-12-01T06:51:38.113+0000] {dag.py:3239} INFO - Sync 1 DAGs
[2024-12-01T06:51:38.140+0000] {logging_mixin.py:190} INFO - [2024-12-01T06:51:38.140+0000] {dag.py:4180} INFO - Setting next_dagrun for stock_information to 2024-11-30 17:00:00+00:00, run_after=2024-12-01 17:00:00+00:00
[2024-12-01T06:51:38.163+0000] {processor.py:208} INFO - Processing /opt/airflow/dags/vnstock_stream.py took 0.099 seconds
[2024-12-01T06:52:08.411+0000] {processor.py:186} INFO - Started process (PID=258) to work on /opt/airflow/dags/vnstock_stream.py
[2024-12-01T06:52:08.412+0000] {processor.py:914} INFO - Processing file /opt/airflow/dags/vnstock_stream.py for tasks to queue
[2024-12-01T06:52:08.414+0000] {logging_mixin.py:190} INFO - [2024-12-01T06:52:08.414+0000] {dagbag.py:588} INFO - Filling up the DagBag from /opt/airflow/dags/vnstock_stream.py
[2024-12-01T06:52:08.438+0000] {processor.py:925} INFO - DAG(s) 'stock_information' retrieved from /opt/airflow/dags/vnstock_stream.py
[2024-12-01T06:52:08.464+0000] {logging_mixin.py:190} INFO - [2024-12-01T06:52:08.463+0000] {dag.py:3239} INFO - Sync 1 DAGs
[2024-12-01T06:52:08.491+0000] {logging_mixin.py:190} INFO - [2024-12-01T06:52:08.491+0000] {dag.py:4180} INFO - Setting next_dagrun for stock_information to 2024-11-30 17:00:00+00:00, run_after=2024-12-01 17:00:00+00:00
[2024-12-01T06:52:08.516+0000] {processor.py:208} INFO - Processing /opt/airflow/dags/vnstock_stream.py took 0.111 seconds
[2024-12-01T06:52:32.683+0000] {processor.py:186} INFO - Started process (PID=268) to work on /opt/airflow/dags/vnstock_stream.py
[2024-12-01T06:52:32.684+0000] {processor.py:914} INFO - Processing file /opt/airflow/dags/vnstock_stream.py for tasks to queue
[2024-12-01T06:52:32.686+0000] {logging_mixin.py:190} INFO - [2024-12-01T06:52:32.686+0000] {dagbag.py:588} INFO - Filling up the DagBag from /opt/airflow/dags/vnstock_stream.py
[2024-12-01T06:52:32.703+0000] {logging_mixin.py:190} INFO - 
    Khi tiếp tục sử dụng Vnstock3, bạn xác nhận rằng bạn đã đọc, hiểu và đồng ý với Chính sách quyền riêng tư và Điều khoản, điều kiện về giấy phép sử dụng Vnstock3.

    Chi tiết:

    - Giấy phép sử dụng phần mềm: https://vnstocks.com/docs/tai-lieu/giay-phep-su-dung
    - Chính sách quyền riêng tư: https://vnstocks.com/docs/tai-lieu/chinh-sach-quyen-rieng-tu
    
[2024-12-01T06:52:34.975+0000] {logging_mixin.py:190} INFO - [2024-12-01T06:52:34.975+0000] {font_manager.py:1584} INFO - generated new fontManager
[2024-12-01T06:52:35.313+0000] {processor.py:925} INFO - DAG(s) 'stock_information' retrieved from /opt/airflow/dags/vnstock_stream.py
[2024-12-01T06:52:35.343+0000] {logging_mixin.py:190} INFO - [2024-12-01T06:52:35.342+0000] {dag.py:3239} INFO - Sync 1 DAGs
[2024-12-01T06:52:35.374+0000] {logging_mixin.py:190} INFO - [2024-12-01T06:52:35.374+0000] {dag.py:4180} INFO - Setting next_dagrun for stock_information to 2024-11-30 17:00:00+00:00, run_after=2024-12-01 17:00:00+00:00
[2024-12-01T06:52:35.408+0000] {processor.py:208} INFO - Processing /opt/airflow/dags/vnstock_stream.py took 2.730 seconds
[2024-12-01T06:53:06.035+0000] {processor.py:186} INFO - Started process (PID=286) to work on /opt/airflow/dags/vnstock_stream.py
[2024-12-01T06:53:06.037+0000] {processor.py:914} INFO - Processing file /opt/airflow/dags/vnstock_stream.py for tasks to queue
[2024-12-01T06:53:06.039+0000] {logging_mixin.py:190} INFO - [2024-12-01T06:53:06.039+0000] {dagbag.py:588} INFO - Filling up the DagBag from /opt/airflow/dags/vnstock_stream.py
[2024-12-01T06:53:07.348+0000] {processor.py:925} INFO - DAG(s) 'stock_information' retrieved from /opt/airflow/dags/vnstock_stream.py
[2024-12-01T06:53:07.369+0000] {logging_mixin.py:190} INFO - [2024-12-01T06:53:07.369+0000] {dag.py:3239} INFO - Sync 1 DAGs
[2024-12-01T06:53:07.390+0000] {logging_mixin.py:190} INFO - [2024-12-01T06:53:07.389+0000] {dag.py:4180} INFO - Setting next_dagrun for stock_information to 2024-11-30 17:00:00+00:00, run_after=2024-12-01 17:00:00+00:00
[2024-12-01T06:53:07.410+0000] {processor.py:208} INFO - Processing /opt/airflow/dags/vnstock_stream.py took 1.381 seconds
[2024-12-01T06:53:37.507+0000] {processor.py:186} INFO - Started process (PID=301) to work on /opt/airflow/dags/vnstock_stream.py
[2024-12-01T06:53:37.508+0000] {processor.py:914} INFO - Processing file /opt/airflow/dags/vnstock_stream.py for tasks to queue
[2024-12-01T06:53:37.510+0000] {logging_mixin.py:190} INFO - [2024-12-01T06:53:37.509+0000] {dagbag.py:588} INFO - Filling up the DagBag from /opt/airflow/dags/vnstock_stream.py
[2024-12-01T06:53:38.818+0000] {processor.py:925} INFO - DAG(s) 'stock_information' retrieved from /opt/airflow/dags/vnstock_stream.py
[2024-12-01T06:53:38.835+0000] {logging_mixin.py:190} INFO - [2024-12-01T06:53:38.834+0000] {dag.py:3239} INFO - Sync 1 DAGs
[2024-12-01T06:53:38.853+0000] {logging_mixin.py:190} INFO - [2024-12-01T06:53:38.853+0000] {dag.py:4180} INFO - Setting next_dagrun for stock_information to 2024-11-30 17:00:00+00:00, run_after=2024-12-01 17:00:00+00:00
[2024-12-01T06:53:38.880+0000] {processor.py:208} INFO - Processing /opt/airflow/dags/vnstock_stream.py took 1.378 seconds
[2024-12-01T06:54:09.010+0000] {processor.py:186} INFO - Started process (PID=312) to work on /opt/airflow/dags/vnstock_stream.py
[2024-12-01T06:54:09.011+0000] {processor.py:914} INFO - Processing file /opt/airflow/dags/vnstock_stream.py for tasks to queue
[2024-12-01T06:54:09.013+0000] {logging_mixin.py:190} INFO - [2024-12-01T06:54:09.013+0000] {dagbag.py:588} INFO - Filling up the DagBag from /opt/airflow/dags/vnstock_stream.py
[2024-12-01T06:54:10.115+0000] {processor.py:925} INFO - DAG(s) 'stock_information' retrieved from /opt/airflow/dags/vnstock_stream.py
[2024-12-01T06:54:10.132+0000] {logging_mixin.py:190} INFO - [2024-12-01T06:54:10.132+0000] {dag.py:3239} INFO - Sync 1 DAGs
[2024-12-01T06:54:10.150+0000] {logging_mixin.py:190} INFO - [2024-12-01T06:54:10.150+0000] {dag.py:4180} INFO - Setting next_dagrun for stock_information to 2024-11-30 17:00:00+00:00, run_after=2024-12-01 17:00:00+00:00
[2024-12-01T06:54:10.168+0000] {processor.py:208} INFO - Processing /opt/airflow/dags/vnstock_stream.py took 1.163 seconds
[2024-12-01T06:54:11.120+0000] {processor.py:186} INFO - Started process (PID=323) to work on /opt/airflow/dags/vnstock_stream.py
[2024-12-01T06:54:11.121+0000] {processor.py:914} INFO - Processing file /opt/airflow/dags/vnstock_stream.py for tasks to queue
[2024-12-01T06:54:11.123+0000] {logging_mixin.py:190} INFO - [2024-12-01T06:54:11.122+0000] {dagbag.py:588} INFO - Filling up the DagBag from /opt/airflow/dags/vnstock_stream.py
[2024-12-01T06:54:12.276+0000] {processor.py:925} INFO - DAG(s) 'stock_information' retrieved from /opt/airflow/dags/vnstock_stream.py
[2024-12-01T06:54:12.292+0000] {logging_mixin.py:190} INFO - [2024-12-01T06:54:12.292+0000] {dag.py:3239} INFO - Sync 1 DAGs
[2024-12-01T06:54:12.308+0000] {logging_mixin.py:190} INFO - [2024-12-01T06:54:12.308+0000] {dag.py:4180} INFO - Setting next_dagrun for stock_information to 2024-11-30 17:00:00+00:00, run_after=2024-12-01 17:00:00+00:00
[2024-12-01T06:54:12.352+0000] {processor.py:208} INFO - Processing /opt/airflow/dags/vnstock_stream.py took 1.236 seconds
[2024-12-01T06:54:42.492+0000] {processor.py:186} INFO - Started process (PID=338) to work on /opt/airflow/dags/vnstock_stream.py
[2024-12-01T06:54:42.493+0000] {processor.py:914} INFO - Processing file /opt/airflow/dags/vnstock_stream.py for tasks to queue
[2024-12-01T06:54:42.494+0000] {logging_mixin.py:190} INFO - [2024-12-01T06:54:42.494+0000] {dagbag.py:588} INFO - Filling up the DagBag from /opt/airflow/dags/vnstock_stream.py
[2024-12-01T06:54:43.537+0000] {processor.py:925} INFO - DAG(s) 'stock_information' retrieved from /opt/airflow/dags/vnstock_stream.py
[2024-12-01T06:54:43.555+0000] {logging_mixin.py:190} INFO - [2024-12-01T06:54:43.554+0000] {dag.py:3239} INFO - Sync 1 DAGs
[2024-12-01T06:54:43.572+0000] {logging_mixin.py:190} INFO - [2024-12-01T06:54:43.572+0000] {dag.py:4180} INFO - Setting next_dagrun for stock_information to 2024-11-30 17:00:00+00:00, run_after=2024-12-01 17:00:00+00:00
[2024-12-01T06:54:43.596+0000] {processor.py:208} INFO - Processing /opt/airflow/dags/vnstock_stream.py took 1.108 seconds
[2024-12-01T06:55:13.861+0000] {processor.py:186} INFO - Started process (PID=349) to work on /opt/airflow/dags/vnstock_stream.py
[2024-12-01T06:55:13.862+0000] {processor.py:914} INFO - Processing file /opt/airflow/dags/vnstock_stream.py for tasks to queue
[2024-12-01T06:55:13.864+0000] {logging_mixin.py:190} INFO - [2024-12-01T06:55:13.864+0000] {dagbag.py:588} INFO - Filling up the DagBag from /opt/airflow/dags/vnstock_stream.py
[2024-12-01T06:55:15.022+0000] {processor.py:925} INFO - DAG(s) 'stock_information' retrieved from /opt/airflow/dags/vnstock_stream.py
[2024-12-01T06:55:15.042+0000] {logging_mixin.py:190} INFO - [2024-12-01T06:55:15.041+0000] {dag.py:3239} INFO - Sync 1 DAGs
[2024-12-01T06:55:15.060+0000] {logging_mixin.py:190} INFO - [2024-12-01T06:55:15.060+0000] {dag.py:4180} INFO - Setting next_dagrun for stock_information to 2024-11-30 17:00:00+00:00, run_after=2024-12-01 17:00:00+00:00
[2024-12-01T06:55:15.081+0000] {processor.py:208} INFO - Processing /opt/airflow/dags/vnstock_stream.py took 1.224 seconds
[2024-12-01T06:55:45.236+0000] {processor.py:186} INFO - Started process (PID=360) to work on /opt/airflow/dags/vnstock_stream.py
[2024-12-01T06:55:45.237+0000] {processor.py:914} INFO - Processing file /opt/airflow/dags/vnstock_stream.py for tasks to queue
[2024-12-01T06:55:45.238+0000] {logging_mixin.py:190} INFO - [2024-12-01T06:55:45.238+0000] {dagbag.py:588} INFO - Filling up the DagBag from /opt/airflow/dags/vnstock_stream.py
[2024-12-01T06:55:46.269+0000] {processor.py:925} INFO - DAG(s) 'stock_information' retrieved from /opt/airflow/dags/vnstock_stream.py
[2024-12-01T06:55:46.288+0000] {logging_mixin.py:190} INFO - [2024-12-01T06:55:46.288+0000] {dag.py:3239} INFO - Sync 1 DAGs
[2024-12-01T06:55:46.312+0000] {logging_mixin.py:190} INFO - [2024-12-01T06:55:46.312+0000] {dag.py:4180} INFO - Setting next_dagrun for stock_information to 2024-11-30 17:00:00+00:00, run_after=2024-12-01 17:00:00+00:00
[2024-12-01T06:55:46.343+0000] {processor.py:208} INFO - Processing /opt/airflow/dags/vnstock_stream.py took 1.111 seconds
[2024-12-01T06:56:16.710+0000] {processor.py:186} INFO - Started process (PID=371) to work on /opt/airflow/dags/vnstock_stream.py
[2024-12-01T06:56:16.711+0000] {processor.py:914} INFO - Processing file /opt/airflow/dags/vnstock_stream.py for tasks to queue
[2024-12-01T06:56:16.714+0000] {logging_mixin.py:190} INFO - [2024-12-01T06:56:16.713+0000] {dagbag.py:588} INFO - Filling up the DagBag from /opt/airflow/dags/vnstock_stream.py
[2024-12-01T06:56:18.042+0000] {processor.py:925} INFO - DAG(s) 'stock_information' retrieved from /opt/airflow/dags/vnstock_stream.py
[2024-12-01T06:56:18.061+0000] {logging_mixin.py:190} INFO - [2024-12-01T06:56:18.060+0000] {dag.py:3239} INFO - Sync 1 DAGs
[2024-12-01T06:56:18.081+0000] {logging_mixin.py:190} INFO - [2024-12-01T06:56:18.081+0000] {dag.py:4180} INFO - Setting next_dagrun for stock_information to 2024-11-30 17:00:00+00:00, run_after=2024-12-01 17:00:00+00:00
[2024-12-01T06:56:18.111+0000] {processor.py:208} INFO - Processing /opt/airflow/dags/vnstock_stream.py took 1.406 seconds
[2024-12-01T06:56:27.276+0000] {processor.py:186} INFO - Started process (PID=377) to work on /opt/airflow/dags/vnstock_stream.py
[2024-12-01T06:56:27.277+0000] {processor.py:914} INFO - Processing file /opt/airflow/dags/vnstock_stream.py for tasks to queue
[2024-12-01T06:56:27.279+0000] {logging_mixin.py:190} INFO - [2024-12-01T06:56:27.279+0000] {dagbag.py:588} INFO - Filling up the DagBag from /opt/airflow/dags/vnstock_stream.py
[2024-12-01T06:56:28.343+0000] {logging_mixin.py:190} INFO - [2024-12-01T06:56:28.338+0000] {dagbag.py:387} ERROR - Failed to import: /opt/airflow/dags/vnstock_stream.py
Traceback (most recent call last):
  File "/home/airflow/.local/lib/python3.11/site-packages/airflow/models/dagbag.py", line 383, in parse
    loader.exec_module(new_module)
  File "<frozen importlib._bootstrap_external>", line 940, in exec_module
  File "<frozen importlib._bootstrap>", line 241, in _call_with_frames_removed
  File "/opt/airflow/dags/vnstock_stream.py", line 11, in <module>
    import dict
ModuleNotFoundError: No module named 'dict'
[2024-12-01T06:56:28.344+0000] {processor.py:927} WARNING - No viable dags retrieved from /opt/airflow/dags/vnstock_stream.py
[2024-12-01T06:56:28.357+0000] {processor.py:208} INFO - Processing /opt/airflow/dags/vnstock_stream.py took 1.085 seconds
[2024-12-01T06:56:58.709+0000] {processor.py:186} INFO - Started process (PID=388) to work on /opt/airflow/dags/vnstock_stream.py
[2024-12-01T06:56:58.709+0000] {processor.py:914} INFO - Processing file /opt/airflow/dags/vnstock_stream.py for tasks to queue
[2024-12-01T06:56:58.711+0000] {logging_mixin.py:190} INFO - [2024-12-01T06:56:58.711+0000] {dagbag.py:588} INFO - Filling up the DagBag from /opt/airflow/dags/vnstock_stream.py
[2024-12-01T06:56:59.734+0000] {logging_mixin.py:190} INFO - [2024-12-01T06:56:59.726+0000] {dagbag.py:387} ERROR - Failed to import: /opt/airflow/dags/vnstock_stream.py
Traceback (most recent call last):
  File "/home/airflow/.local/lib/python3.11/site-packages/airflow/models/dagbag.py", line 383, in parse
    loader.exec_module(new_module)
  File "<frozen importlib._bootstrap_external>", line 940, in exec_module
  File "<frozen importlib._bootstrap>", line 241, in _call_with_frames_removed
  File "/opt/airflow/dags/vnstock_stream.py", line 11, in <module>
    import dict
ModuleNotFoundError: No module named 'dict'
[2024-12-01T06:56:59.735+0000] {processor.py:927} WARNING - No viable dags retrieved from /opt/airflow/dags/vnstock_stream.py
[2024-12-01T06:56:59.759+0000] {processor.py:208} INFO - Processing /opt/airflow/dags/vnstock_stream.py took 1.054 seconds
[2024-12-01T06:57:03.845+0000] {processor.py:186} INFO - Started process (PID=394) to work on /opt/airflow/dags/vnstock_stream.py
[2024-12-01T06:57:03.846+0000] {processor.py:914} INFO - Processing file /opt/airflow/dags/vnstock_stream.py for tasks to queue
[2024-12-01T06:57:03.848+0000] {logging_mixin.py:190} INFO - [2024-12-01T06:57:03.847+0000] {dagbag.py:588} INFO - Filling up the DagBag from /opt/airflow/dags/vnstock_stream.py
[2024-12-01T06:57:04.952+0000] {logging_mixin.py:190} INFO - [2024-12-01T06:57:04.945+0000] {dagbag.py:387} ERROR - Failed to import: /opt/airflow/dags/vnstock_stream.py
Traceback (most recent call last):
  File "/home/airflow/.local/lib/python3.11/site-packages/airflow/models/dagbag.py", line 383, in parse
    loader.exec_module(new_module)
  File "<frozen importlib._bootstrap_external>", line 940, in exec_module
  File "<frozen importlib._bootstrap>", line 241, in _call_with_frames_removed
  File "/opt/airflow/dags/vnstock_stream.py", line 11, in <module>
    import dict
ModuleNotFoundError: No module named 'dict'
[2024-12-01T06:57:04.954+0000] {processor.py:927} WARNING - No viable dags retrieved from /opt/airflow/dags/vnstock_stream.py
[2024-12-01T06:57:04.975+0000] {processor.py:208} INFO - Processing /opt/airflow/dags/vnstock_stream.py took 1.135 seconds
[2024-12-01T06:57:35.306+0000] {processor.py:186} INFO - Started process (PID=405) to work on /opt/airflow/dags/vnstock_stream.py
[2024-12-01T06:57:35.307+0000] {processor.py:914} INFO - Processing file /opt/airflow/dags/vnstock_stream.py for tasks to queue
[2024-12-01T06:57:35.309+0000] {logging_mixin.py:190} INFO - [2024-12-01T06:57:35.309+0000] {dagbag.py:588} INFO - Filling up the DagBag from /opt/airflow/dags/vnstock_stream.py
[2024-12-01T06:57:36.362+0000] {logging_mixin.py:190} INFO - [2024-12-01T06:57:36.356+0000] {dagbag.py:387} ERROR - Failed to import: /opt/airflow/dags/vnstock_stream.py
Traceback (most recent call last):
  File "/home/airflow/.local/lib/python3.11/site-packages/airflow/models/dagbag.py", line 383, in parse
    loader.exec_module(new_module)
  File "<frozen importlib._bootstrap_external>", line 940, in exec_module
  File "<frozen importlib._bootstrap>", line 241, in _call_with_frames_removed
  File "/opt/airflow/dags/vnstock_stream.py", line 11, in <module>
    import dict
ModuleNotFoundError: No module named 'dict'
[2024-12-01T06:57:36.364+0000] {processor.py:927} WARNING - No viable dags retrieved from /opt/airflow/dags/vnstock_stream.py
[2024-12-01T06:57:36.384+0000] {processor.py:208} INFO - Processing /opt/airflow/dags/vnstock_stream.py took 1.082 seconds
[2024-12-01T06:57:53.677+0000] {processor.py:186} INFO - Started process (PID=416) to work on /opt/airflow/dags/vnstock_stream.py
[2024-12-01T06:57:53.678+0000] {processor.py:914} INFO - Processing file /opt/airflow/dags/vnstock_stream.py for tasks to queue
[2024-12-01T06:57:53.680+0000] {logging_mixin.py:190} INFO - [2024-12-01T06:57:53.680+0000] {dagbag.py:588} INFO - Filling up the DagBag from /opt/airflow/dags/vnstock_stream.py
[2024-12-01T06:58:23.688+0000] {logging_mixin.py:190} INFO - [2024-12-01T06:58:23.687+0000] {timeout.py:68} ERROR - Process timed out, PID: 416
[2024-12-01T06:58:23.702+0000] {logging_mixin.py:190} INFO - [2024-12-01T06:58:23.689+0000] {dagbag.py:387} ERROR - Failed to import: /opt/airflow/dags/vnstock_stream.py
Traceback (most recent call last):
  File "/home/airflow/.local/lib/python3.11/site-packages/airflow/models/dagbag.py", line 383, in parse
    loader.exec_module(new_module)
  File "<frozen importlib._bootstrap_external>", line 940, in exec_module
  File "<frozen importlib._bootstrap>", line 241, in _call_with_frames_removed
  File "/opt/airflow/dags/vnstock_stream.py", line 67, in <module>
    get_price()
  File "/opt/airflow/dags/vnstock_stream.py", line 37, in get_price
    while True:
  File "/home/airflow/.local/lib/python3.11/site-packages/airflow/utils/timeout.py", line 69, in handle_timeout
    raise AirflowTaskTimeout(self.error_message)
airflow.exceptions.AirflowTaskTimeout: DagBag import timeout for /opt/airflow/dags/vnstock_stream.py after 30.0s.
Please take a look at these docs to improve your DAG import time:
* https://airflow.apache.org/docs/apache-airflow/2.10.3/best-practices.html#top-level-python-code
* https://airflow.apache.org/docs/apache-airflow/2.10.3/best-practices.html#reducing-dag-complexity, PID: 416
[2024-12-01T06:58:23.706+0000] {processor.py:927} WARNING - No viable dags retrieved from /opt/airflow/dags/vnstock_stream.py
[2024-12-01T06:58:23.721+0000] {processor.py:208} INFO - Processing /opt/airflow/dags/vnstock_stream.py took 30.051 seconds
[2024-12-01T06:58:54.260+0000] {processor.py:186} INFO - Started process (PID=432) to work on /opt/airflow/dags/vnstock_stream.py
[2024-12-01T06:58:54.264+0000] {processor.py:914} INFO - Processing file /opt/airflow/dags/vnstock_stream.py for tasks to queue
[2024-12-01T06:58:54.266+0000] {logging_mixin.py:190} INFO - [2024-12-01T06:58:54.266+0000] {dagbag.py:588} INFO - Filling up the DagBag from /opt/airflow/dags/vnstock_stream.py
[2024-12-01T06:59:24.270+0000] {logging_mixin.py:190} INFO - [2024-12-01T06:59:24.270+0000] {timeout.py:68} ERROR - Process timed out, PID: 432
[2024-12-01T06:59:24.281+0000] {logging_mixin.py:190} INFO - [2024-12-01T06:59:24.271+0000] {dagbag.py:387} ERROR - Failed to import: /opt/airflow/dags/vnstock_stream.py
Traceback (most recent call last):
  File "/home/airflow/.local/lib/python3.11/site-packages/airflow/models/dagbag.py", line 383, in parse
    loader.exec_module(new_module)
  File "<frozen importlib._bootstrap_external>", line 940, in exec_module
  File "<frozen importlib._bootstrap>", line 241, in _call_with_frames_removed
  File "/opt/airflow/dags/vnstock_stream.py", line 67, in <module>
    get_price()
  File "/opt/airflow/dags/vnstock_stream.py", line 37, in get_price
    while True:
  File "/home/airflow/.local/lib/python3.11/site-packages/airflow/utils/timeout.py", line 69, in handle_timeout
    raise AirflowTaskTimeout(self.error_message)
airflow.exceptions.AirflowTaskTimeout: DagBag import timeout for /opt/airflow/dags/vnstock_stream.py after 30.0s.
Please take a look at these docs to improve your DAG import time:
* https://airflow.apache.org/docs/apache-airflow/2.10.3/best-practices.html#top-level-python-code
* https://airflow.apache.org/docs/apache-airflow/2.10.3/best-practices.html#reducing-dag-complexity, PID: 432
[2024-12-01T06:59:24.284+0000] {processor.py:927} WARNING - No viable dags retrieved from /opt/airflow/dags/vnstock_stream.py
[2024-12-01T06:59:24.308+0000] {processor.py:208} INFO - Processing /opt/airflow/dags/vnstock_stream.py took 30.053 seconds
[2024-12-01T06:59:54.716+0000] {processor.py:186} INFO - Started process (PID=448) to work on /opt/airflow/dags/vnstock_stream.py
[2024-12-01T06:59:54.717+0000] {processor.py:914} INFO - Processing file /opt/airflow/dags/vnstock_stream.py for tasks to queue
[2024-12-01T06:59:54.718+0000] {logging_mixin.py:190} INFO - [2024-12-01T06:59:54.718+0000] {dagbag.py:588} INFO - Filling up the DagBag from /opt/airflow/dags/vnstock_stream.py
[2024-12-01T07:00:24.723+0000] {logging_mixin.py:190} INFO - [2024-12-01T07:00:24.722+0000] {timeout.py:68} ERROR - Process timed out, PID: 448
[2024-12-01T07:00:24.727+0000] {logging_mixin.py:190} INFO - [2024-12-01T07:00:24.723+0000] {dagbag.py:387} ERROR - Failed to import: /opt/airflow/dags/vnstock_stream.py
Traceback (most recent call last):
  File "/home/airflow/.local/lib/python3.11/site-packages/airflow/models/dagbag.py", line 383, in parse
    loader.exec_module(new_module)
  File "<frozen importlib._bootstrap_external>", line 940, in exec_module
  File "<frozen importlib._bootstrap>", line 241, in _call_with_frames_removed
  File "/opt/airflow/dags/vnstock_stream.py", line 67, in <module>
    get_price()
  File "/opt/airflow/dags/vnstock_stream.py", line 38, in get_price
    if time() > last_call + 60:
       ^^^^^^
  File "/home/airflow/.local/lib/python3.11/site-packages/airflow/utils/timeout.py", line 69, in handle_timeout
    raise AirflowTaskTimeout(self.error_message)
airflow.exceptions.AirflowTaskTimeout: DagBag import timeout for /opt/airflow/dags/vnstock_stream.py after 30.0s.
Please take a look at these docs to improve your DAG import time:
* https://airflow.apache.org/docs/apache-airflow/2.10.3/best-practices.html#top-level-python-code
* https://airflow.apache.org/docs/apache-airflow/2.10.3/best-practices.html#reducing-dag-complexity, PID: 448
[2024-12-01T07:00:24.728+0000] {processor.py:927} WARNING - No viable dags retrieved from /opt/airflow/dags/vnstock_stream.py
[2024-12-01T07:00:24.749+0000] {processor.py:208} INFO - Processing /opt/airflow/dags/vnstock_stream.py took 30.039 seconds
[2024-12-01T07:00:55.417+0000] {processor.py:186} INFO - Started process (PID=464) to work on /opt/airflow/dags/vnstock_stream.py
[2024-12-01T07:00:55.418+0000] {processor.py:914} INFO - Processing file /opt/airflow/dags/vnstock_stream.py for tasks to queue
[2024-12-01T07:00:55.420+0000] {logging_mixin.py:190} INFO - [2024-12-01T07:00:55.420+0000] {dagbag.py:588} INFO - Filling up the DagBag from /opt/airflow/dags/vnstock_stream.py
[2024-12-01T07:01:25.425+0000] {logging_mixin.py:190} INFO - [2024-12-01T07:01:25.425+0000] {timeout.py:68} ERROR - Process timed out, PID: 464
[2024-12-01T07:01:25.430+0000] {logging_mixin.py:190} INFO - [2024-12-01T07:01:25.426+0000] {dagbag.py:387} ERROR - Failed to import: /opt/airflow/dags/vnstock_stream.py
Traceback (most recent call last):
  File "/home/airflow/.local/lib/python3.11/site-packages/airflow/models/dagbag.py", line 383, in parse
    loader.exec_module(new_module)
  File "<frozen importlib._bootstrap_external>", line 940, in exec_module
  File "<frozen importlib._bootstrap>", line 241, in _call_with_frames_removed
  File "/opt/airflow/dags/vnstock_stream.py", line 67, in <module>
    get_price()
  File "/opt/airflow/dags/vnstock_stream.py", line 38, in get_price
    if time() > last_call + 60:
       ^^^^^^
  File "/home/airflow/.local/lib/python3.11/site-packages/airflow/utils/timeout.py", line 69, in handle_timeout
    raise AirflowTaskTimeout(self.error_message)
airflow.exceptions.AirflowTaskTimeout: DagBag import timeout for /opt/airflow/dags/vnstock_stream.py after 30.0s.
Please take a look at these docs to improve your DAG import time:
* https://airflow.apache.org/docs/apache-airflow/2.10.3/best-practices.html#top-level-python-code
* https://airflow.apache.org/docs/apache-airflow/2.10.3/best-practices.html#reducing-dag-complexity, PID: 464
[2024-12-01T07:01:25.430+0000] {processor.py:927} WARNING - No viable dags retrieved from /opt/airflow/dags/vnstock_stream.py
[2024-12-01T07:01:25.452+0000] {processor.py:208} INFO - Processing /opt/airflow/dags/vnstock_stream.py took 30.042 seconds
[2024-12-01T07:01:27.537+0000] {processor.py:186} INFO - Started process (PID=475) to work on /opt/airflow/dags/vnstock_stream.py
[2024-12-01T07:01:27.539+0000] {processor.py:914} INFO - Processing file /opt/airflow/dags/vnstock_stream.py for tasks to queue
[2024-12-01T07:01:27.540+0000] {logging_mixin.py:190} INFO - [2024-12-01T07:01:27.540+0000] {dagbag.py:588} INFO - Filling up the DagBag from /opt/airflow/dags/vnstock_stream.py
[2024-12-01T07:01:57.563+0000] {logging_mixin.py:190} INFO - [2024-12-01T07:01:57.562+0000] {timeout.py:68} ERROR - Process timed out, PID: 475
[2024-12-01T07:01:57.584+0000] {logging_mixin.py:190} INFO - [2024-12-01T07:01:57.563+0000] {dagbag.py:387} ERROR - Failed to import: /opt/airflow/dags/vnstock_stream.py
Traceback (most recent call last):
  File "/home/airflow/.local/lib/python3.11/site-packages/airflow/models/dagbag.py", line 383, in parse
    loader.exec_module(new_module)
  File "<frozen importlib._bootstrap_external>", line 940, in exec_module
  File "<frozen importlib._bootstrap>", line 241, in _call_with_frames_removed
  File "/opt/airflow/dags/vnstock_stream.py", line 67, in <module>
    # get_price()
    ^^^^^^^^^^^
  File "/opt/airflow/dags/vnstock_stream.py", line 37, in get_price
    while True:
  File "/home/airflow/.local/lib/python3.11/site-packages/airflow/utils/timeout.py", line 69, in handle_timeout
    raise AirflowTaskTimeout(self.error_message)
airflow.exceptions.AirflowTaskTimeout: DagBag import timeout for /opt/airflow/dags/vnstock_stream.py after 30.0s.
Please take a look at these docs to improve your DAG import time:
* https://airflow.apache.org/docs/apache-airflow/2.10.3/best-practices.html#top-level-python-code
* https://airflow.apache.org/docs/apache-airflow/2.10.3/best-practices.html#reducing-dag-complexity, PID: 475
[2024-12-01T07:01:57.586+0000] {processor.py:927} WARNING - No viable dags retrieved from /opt/airflow/dags/vnstock_stream.py
[2024-12-01T07:01:57.606+0000] {processor.py:208} INFO - Processing /opt/airflow/dags/vnstock_stream.py took 30.076 seconds
[2024-12-01T07:02:27.999+0000] {processor.py:186} INFO - Started process (PID=491) to work on /opt/airflow/dags/vnstock_stream.py
[2024-12-01T07:02:28.000+0000] {processor.py:914} INFO - Processing file /opt/airflow/dags/vnstock_stream.py for tasks to queue
[2024-12-01T07:02:28.002+0000] {logging_mixin.py:190} INFO - [2024-12-01T07:02:28.001+0000] {dagbag.py:588} INFO - Filling up the DagBag from /opt/airflow/dags/vnstock_stream.py
[2024-12-01T07:02:29.080+0000] {processor.py:925} INFO - DAG(s) 'stock_information' retrieved from /opt/airflow/dags/vnstock_stream.py
[2024-12-01T07:02:29.160+0000] {logging_mixin.py:190} INFO - [2024-12-01T07:02:29.160+0000] {dag.py:3239} INFO - Sync 1 DAGs
[2024-12-01T07:02:29.178+0000] {logging_mixin.py:190} INFO - [2024-12-01T07:02:29.178+0000] {dag.py:4180} INFO - Setting next_dagrun for stock_information to 2024-11-30 17:00:00+00:00, run_after=2024-12-01 17:00:00+00:00
[2024-12-01T07:02:29.212+0000] {processor.py:208} INFO - Processing /opt/airflow/dags/vnstock_stream.py took 1.217 seconds
[2024-12-01T07:02:59.555+0000] {processor.py:186} INFO - Started process (PID=502) to work on /opt/airflow/dags/vnstock_stream.py
[2024-12-01T07:02:59.555+0000] {processor.py:914} INFO - Processing file /opt/airflow/dags/vnstock_stream.py for tasks to queue
[2024-12-01T07:02:59.556+0000] {logging_mixin.py:190} INFO - [2024-12-01T07:02:59.556+0000] {dagbag.py:588} INFO - Filling up the DagBag from /opt/airflow/dags/vnstock_stream.py
[2024-12-01T07:03:00.621+0000] {processor.py:925} INFO - DAG(s) 'stock_information' retrieved from /opt/airflow/dags/vnstock_stream.py
[2024-12-01T07:03:00.638+0000] {logging_mixin.py:190} INFO - [2024-12-01T07:03:00.638+0000] {dag.py:3239} INFO - Sync 1 DAGs
[2024-12-01T07:03:00.654+0000] {logging_mixin.py:190} INFO - [2024-12-01T07:03:00.654+0000] {dag.py:4180} INFO - Setting next_dagrun for stock_information to 2024-11-30 17:00:00+00:00, run_after=2024-12-01 17:00:00+00:00
[2024-12-01T07:03:00.669+0000] {processor.py:208} INFO - Processing /opt/airflow/dags/vnstock_stream.py took 1.119 seconds
[2024-12-01T07:03:30.958+0000] {processor.py:186} INFO - Started process (PID=513) to work on /opt/airflow/dags/vnstock_stream.py
[2024-12-01T07:03:30.959+0000] {processor.py:914} INFO - Processing file /opt/airflow/dags/vnstock_stream.py for tasks to queue
[2024-12-01T07:03:30.960+0000] {logging_mixin.py:190} INFO - [2024-12-01T07:03:30.959+0000] {dagbag.py:588} INFO - Filling up the DagBag from /opt/airflow/dags/vnstock_stream.py
[2024-12-01T07:03:31.961+0000] {processor.py:925} INFO - DAG(s) 'stock_information' retrieved from /opt/airflow/dags/vnstock_stream.py
[2024-12-01T07:03:31.978+0000] {logging_mixin.py:190} INFO - [2024-12-01T07:03:31.978+0000] {dag.py:3239} INFO - Sync 1 DAGs
[2024-12-01T07:03:31.994+0000] {logging_mixin.py:190} INFO - [2024-12-01T07:03:31.994+0000] {dag.py:4180} INFO - Setting next_dagrun for stock_information to 2024-11-30 17:00:00+00:00, run_after=2024-12-01 17:00:00+00:00
[2024-12-01T07:03:32.009+0000] {processor.py:208} INFO - Processing /opt/airflow/dags/vnstock_stream.py took 1.055 seconds
[2024-12-01T07:04:02.448+0000] {processor.py:186} INFO - Started process (PID=524) to work on /opt/airflow/dags/vnstock_stream.py
[2024-12-01T07:04:02.448+0000] {processor.py:914} INFO - Processing file /opt/airflow/dags/vnstock_stream.py for tasks to queue
[2024-12-01T07:04:02.449+0000] {logging_mixin.py:190} INFO - [2024-12-01T07:04:02.449+0000] {dagbag.py:588} INFO - Filling up the DagBag from /opt/airflow/dags/vnstock_stream.py
[2024-12-01T07:04:03.566+0000] {processor.py:925} INFO - DAG(s) 'stock_information' retrieved from /opt/airflow/dags/vnstock_stream.py
[2024-12-01T07:04:03.583+0000] {logging_mixin.py:190} INFO - [2024-12-01T07:04:03.582+0000] {dag.py:3239} INFO - Sync 1 DAGs
[2024-12-01T07:04:03.599+0000] {logging_mixin.py:190} INFO - [2024-12-01T07:04:03.599+0000] {dag.py:4180} INFO - Setting next_dagrun for stock_information to 2024-11-30 17:00:00+00:00, run_after=2024-12-01 17:00:00+00:00
[2024-12-01T07:04:03.622+0000] {processor.py:208} INFO - Processing /opt/airflow/dags/vnstock_stream.py took 1.179 seconds
[2024-12-01T07:04:33.792+0000] {processor.py:186} INFO - Started process (PID=539) to work on /opt/airflow/dags/vnstock_stream.py
[2024-12-01T07:04:33.794+0000] {processor.py:914} INFO - Processing file /opt/airflow/dags/vnstock_stream.py for tasks to queue
[2024-12-01T07:04:33.796+0000] {logging_mixin.py:190} INFO - [2024-12-01T07:04:33.795+0000] {dagbag.py:588} INFO - Filling up the DagBag from /opt/airflow/dags/vnstock_stream.py
[2024-12-01T07:04:34.924+0000] {processor.py:925} INFO - DAG(s) 'stock_information' retrieved from /opt/airflow/dags/vnstock_stream.py
[2024-12-01T07:04:34.942+0000] {logging_mixin.py:190} INFO - [2024-12-01T07:04:34.942+0000] {dag.py:3239} INFO - Sync 1 DAGs
[2024-12-01T07:04:34.961+0000] {logging_mixin.py:190} INFO - [2024-12-01T07:04:34.961+0000] {dag.py:4180} INFO - Setting next_dagrun for stock_information to 2024-11-30 17:00:00+00:00, run_after=2024-12-01 17:00:00+00:00
[2024-12-01T07:04:34.987+0000] {processor.py:208} INFO - Processing /opt/airflow/dags/vnstock_stream.py took 1.199 seconds
[2024-12-01T07:05:05.190+0000] {processor.py:186} INFO - Started process (PID=550) to work on /opt/airflow/dags/vnstock_stream.py
[2024-12-01T07:05:05.191+0000] {processor.py:914} INFO - Processing file /opt/airflow/dags/vnstock_stream.py for tasks to queue
[2024-12-01T07:05:05.192+0000] {logging_mixin.py:190} INFO - [2024-12-01T07:05:05.192+0000] {dagbag.py:588} INFO - Filling up the DagBag from /opt/airflow/dags/vnstock_stream.py
[2024-12-01T07:05:06.384+0000] {processor.py:925} INFO - DAG(s) 'stock_information' retrieved from /opt/airflow/dags/vnstock_stream.py
[2024-12-01T07:05:06.406+0000] {logging_mixin.py:190} INFO - [2024-12-01T07:05:06.405+0000] {dag.py:3239} INFO - Sync 1 DAGs
[2024-12-01T07:05:06.422+0000] {logging_mixin.py:190} INFO - [2024-12-01T07:05:06.422+0000] {dag.py:4180} INFO - Setting next_dagrun for stock_information to 2024-11-30 17:00:00+00:00, run_after=2024-12-01 17:00:00+00:00
[2024-12-01T07:05:06.439+0000] {processor.py:208} INFO - Processing /opt/airflow/dags/vnstock_stream.py took 1.256 seconds
[2024-12-01T07:05:36.542+0000] {processor.py:186} INFO - Started process (PID=561) to work on /opt/airflow/dags/vnstock_stream.py
[2024-12-01T07:05:36.543+0000] {processor.py:914} INFO - Processing file /opt/airflow/dags/vnstock_stream.py for tasks to queue
[2024-12-01T07:05:36.543+0000] {logging_mixin.py:190} INFO - [2024-12-01T07:05:36.543+0000] {dagbag.py:588} INFO - Filling up the DagBag from /opt/airflow/dags/vnstock_stream.py
[2024-12-01T07:05:37.672+0000] {processor.py:925} INFO - DAG(s) 'stock_information' retrieved from /opt/airflow/dags/vnstock_stream.py
[2024-12-01T07:05:37.691+0000] {logging_mixin.py:190} INFO - [2024-12-01T07:05:37.691+0000] {dag.py:3239} INFO - Sync 1 DAGs
[2024-12-01T07:05:37.708+0000] {logging_mixin.py:190} INFO - [2024-12-01T07:05:37.708+0000] {dag.py:4180} INFO - Setting next_dagrun for stock_information to 2024-11-30 17:00:00+00:00, run_after=2024-12-01 17:00:00+00:00
[2024-12-01T07:05:37.726+0000] {processor.py:208} INFO - Processing /opt/airflow/dags/vnstock_stream.py took 1.191 seconds
[2024-12-01T07:06:08.029+0000] {processor.py:186} INFO - Started process (PID=572) to work on /opt/airflow/dags/vnstock_stream.py
[2024-12-01T07:06:08.030+0000] {processor.py:914} INFO - Processing file /opt/airflow/dags/vnstock_stream.py for tasks to queue
[2024-12-01T07:06:08.031+0000] {logging_mixin.py:190} INFO - [2024-12-01T07:06:08.031+0000] {dagbag.py:588} INFO - Filling up the DagBag from /opt/airflow/dags/vnstock_stream.py
[2024-12-01T07:06:09.451+0000] {processor.py:925} INFO - DAG(s) 'stock_information' retrieved from /opt/airflow/dags/vnstock_stream.py
[2024-12-01T07:06:09.472+0000] {logging_mixin.py:190} INFO - [2024-12-01T07:06:09.471+0000] {dag.py:3239} INFO - Sync 1 DAGs
[2024-12-01T07:06:09.490+0000] {logging_mixin.py:190} INFO - [2024-12-01T07:06:09.489+0000] {dag.py:4180} INFO - Setting next_dagrun for stock_information to 2024-11-30 17:00:00+00:00, run_after=2024-12-01 17:00:00+00:00
[2024-12-01T07:06:09.516+0000] {processor.py:208} INFO - Processing /opt/airflow/dags/vnstock_stream.py took 1.491 seconds
[2024-12-01T07:06:40.276+0000] {processor.py:186} INFO - Started process (PID=583) to work on /opt/airflow/dags/vnstock_stream.py
[2024-12-01T07:06:40.277+0000] {processor.py:914} INFO - Processing file /opt/airflow/dags/vnstock_stream.py for tasks to queue
[2024-12-01T07:06:40.278+0000] {logging_mixin.py:190} INFO - [2024-12-01T07:06:40.277+0000] {dagbag.py:588} INFO - Filling up the DagBag from /opt/airflow/dags/vnstock_stream.py
[2024-12-01T07:06:41.312+0000] {processor.py:925} INFO - DAG(s) 'stock_information' retrieved from /opt/airflow/dags/vnstock_stream.py
[2024-12-01T07:06:41.330+0000] {logging_mixin.py:190} INFO - [2024-12-01T07:06:41.330+0000] {dag.py:3239} INFO - Sync 1 DAGs
[2024-12-01T07:06:41.348+0000] {logging_mixin.py:190} INFO - [2024-12-01T07:06:41.347+0000] {dag.py:4180} INFO - Setting next_dagrun for stock_information to 2024-11-30 17:00:00+00:00, run_after=2024-12-01 17:00:00+00:00
[2024-12-01T07:06:41.362+0000] {processor.py:208} INFO - Processing /opt/airflow/dags/vnstock_stream.py took 1.090 seconds
[2024-12-01T07:07:11.612+0000] {processor.py:186} INFO - Started process (PID=594) to work on /opt/airflow/dags/vnstock_stream.py
[2024-12-01T07:07:11.613+0000] {processor.py:914} INFO - Processing file /opt/airflow/dags/vnstock_stream.py for tasks to queue
[2024-12-01T07:07:11.614+0000] {logging_mixin.py:190} INFO - [2024-12-01T07:07:11.614+0000] {dagbag.py:588} INFO - Filling up the DagBag from /opt/airflow/dags/vnstock_stream.py
[2024-12-01T07:07:12.654+0000] {processor.py:925} INFO - DAG(s) 'stock_information' retrieved from /opt/airflow/dags/vnstock_stream.py
[2024-12-01T07:07:12.671+0000] {logging_mixin.py:190} INFO - [2024-12-01T07:07:12.671+0000] {dag.py:3239} INFO - Sync 1 DAGs
[2024-12-01T07:07:12.689+0000] {logging_mixin.py:190} INFO - [2024-12-01T07:07:12.689+0000] {dag.py:4180} INFO - Setting next_dagrun for stock_information to 2024-11-30 17:00:00+00:00, run_after=2024-12-01 17:00:00+00:00
[2024-12-01T07:07:12.705+0000] {processor.py:208} INFO - Processing /opt/airflow/dags/vnstock_stream.py took 1.097 seconds
[2024-12-01T07:07:42.974+0000] {processor.py:186} INFO - Started process (PID=605) to work on /opt/airflow/dags/vnstock_stream.py
[2024-12-01T07:07:42.975+0000] {processor.py:914} INFO - Processing file /opt/airflow/dags/vnstock_stream.py for tasks to queue
[2024-12-01T07:07:42.976+0000] {logging_mixin.py:190} INFO - [2024-12-01T07:07:42.975+0000] {dagbag.py:588} INFO - Filling up the DagBag from /opt/airflow/dags/vnstock_stream.py
[2024-12-01T07:07:44.046+0000] {processor.py:925} INFO - DAG(s) 'stock_information' retrieved from /opt/airflow/dags/vnstock_stream.py
[2024-12-01T07:07:44.062+0000] {logging_mixin.py:190} INFO - [2024-12-01T07:07:44.062+0000] {dag.py:3239} INFO - Sync 1 DAGs
[2024-12-01T07:07:44.078+0000] {logging_mixin.py:190} INFO - [2024-12-01T07:07:44.078+0000] {dag.py:4180} INFO - Setting next_dagrun for stock_information to 2024-11-30 17:00:00+00:00, run_after=2024-12-01 17:00:00+00:00
[2024-12-01T07:07:44.093+0000] {processor.py:208} INFO - Processing /opt/airflow/dags/vnstock_stream.py took 1.123 seconds
[2024-12-01T07:08:14.347+0000] {processor.py:186} INFO - Started process (PID=616) to work on /opt/airflow/dags/vnstock_stream.py
[2024-12-01T07:08:14.348+0000] {processor.py:914} INFO - Processing file /opt/airflow/dags/vnstock_stream.py for tasks to queue
[2024-12-01T07:08:14.349+0000] {logging_mixin.py:190} INFO - [2024-12-01T07:08:14.349+0000] {dagbag.py:588} INFO - Filling up the DagBag from /opt/airflow/dags/vnstock_stream.py
[2024-12-01T07:08:15.401+0000] {processor.py:925} INFO - DAG(s) 'stock_information' retrieved from /opt/airflow/dags/vnstock_stream.py
[2024-12-01T07:08:15.417+0000] {logging_mixin.py:190} INFO - [2024-12-01T07:08:15.417+0000] {dag.py:3239} INFO - Sync 1 DAGs
[2024-12-01T07:08:15.435+0000] {logging_mixin.py:190} INFO - [2024-12-01T07:08:15.434+0000] {dag.py:4180} INFO - Setting next_dagrun for stock_information to 2024-11-30 17:00:00+00:00, run_after=2024-12-01 17:00:00+00:00
[2024-12-01T07:08:15.452+0000] {processor.py:208} INFO - Processing /opt/airflow/dags/vnstock_stream.py took 1.109 seconds
[2024-12-01T07:08:45.772+0000] {processor.py:186} INFO - Started process (PID=627) to work on /opt/airflow/dags/vnstock_stream.py
[2024-12-01T07:08:45.773+0000] {processor.py:914} INFO - Processing file /opt/airflow/dags/vnstock_stream.py for tasks to queue
[2024-12-01T07:08:45.775+0000] {logging_mixin.py:190} INFO - [2024-12-01T07:08:45.774+0000] {dagbag.py:588} INFO - Filling up the DagBag from /opt/airflow/dags/vnstock_stream.py
[2024-12-01T07:08:46.862+0000] {processor.py:925} INFO - DAG(s) 'stock_information' retrieved from /opt/airflow/dags/vnstock_stream.py
[2024-12-01T07:08:46.882+0000] {logging_mixin.py:190} INFO - [2024-12-01T07:08:46.881+0000] {dag.py:3239} INFO - Sync 1 DAGs
[2024-12-01T07:08:46.901+0000] {logging_mixin.py:190} INFO - [2024-12-01T07:08:46.901+0000] {dag.py:4180} INFO - Setting next_dagrun for stock_information to 2024-11-30 17:00:00+00:00, run_after=2024-12-01 17:00:00+00:00
[2024-12-01T07:08:46.922+0000] {processor.py:208} INFO - Processing /opt/airflow/dags/vnstock_stream.py took 1.154 seconds
[2024-12-01T07:09:17.064+0000] {processor.py:186} INFO - Started process (PID=638) to work on /opt/airflow/dags/vnstock_stream.py
[2024-12-01T07:09:17.065+0000] {processor.py:914} INFO - Processing file /opt/airflow/dags/vnstock_stream.py for tasks to queue
[2024-12-01T07:09:17.066+0000] {logging_mixin.py:190} INFO - [2024-12-01T07:09:17.066+0000] {dagbag.py:588} INFO - Filling up the DagBag from /opt/airflow/dags/vnstock_stream.py
[2024-12-01T07:09:18.134+0000] {processor.py:925} INFO - DAG(s) 'stock_information' retrieved from /opt/airflow/dags/vnstock_stream.py
[2024-12-01T07:09:18.154+0000] {logging_mixin.py:190} INFO - [2024-12-01T07:09:18.154+0000] {dag.py:3239} INFO - Sync 1 DAGs
[2024-12-01T07:09:18.171+0000] {logging_mixin.py:190} INFO - [2024-12-01T07:09:18.171+0000] {dag.py:4180} INFO - Setting next_dagrun for stock_information to 2024-11-30 17:00:00+00:00, run_after=2024-12-01 17:00:00+00:00
[2024-12-01T07:09:18.189+0000] {processor.py:208} INFO - Processing /opt/airflow/dags/vnstock_stream.py took 1.129 seconds
[2024-12-01T07:09:48.532+0000] {processor.py:186} INFO - Started process (PID=649) to work on /opt/airflow/dags/vnstock_stream.py
[2024-12-01T07:09:48.534+0000] {processor.py:914} INFO - Processing file /opt/airflow/dags/vnstock_stream.py for tasks to queue
[2024-12-01T07:09:48.536+0000] {logging_mixin.py:190} INFO - [2024-12-01T07:09:48.536+0000] {dagbag.py:588} INFO - Filling up the DagBag from /opt/airflow/dags/vnstock_stream.py
[2024-12-01T07:09:49.846+0000] {processor.py:925} INFO - DAG(s) 'stock_information' retrieved from /opt/airflow/dags/vnstock_stream.py
[2024-12-01T07:09:49.867+0000] {logging_mixin.py:190} INFO - [2024-12-01T07:09:49.867+0000] {dag.py:3239} INFO - Sync 1 DAGs
[2024-12-01T07:09:49.888+0000] {logging_mixin.py:190} INFO - [2024-12-01T07:09:49.888+0000] {dag.py:4180} INFO - Setting next_dagrun for stock_information to 2024-11-30 17:00:00+00:00, run_after=2024-12-01 17:00:00+00:00
[2024-12-01T07:09:49.919+0000] {processor.py:208} INFO - Processing /opt/airflow/dags/vnstock_stream.py took 1.391 seconds
[2024-12-01T07:10:20.765+0000] {processor.py:186} INFO - Started process (PID=660) to work on /opt/airflow/dags/vnstock_stream.py
[2024-12-01T07:10:20.766+0000] {processor.py:914} INFO - Processing file /opt/airflow/dags/vnstock_stream.py for tasks to queue
[2024-12-01T07:10:20.767+0000] {logging_mixin.py:190} INFO - [2024-12-01T07:10:20.766+0000] {dagbag.py:588} INFO - Filling up the DagBag from /opt/airflow/dags/vnstock_stream.py
[2024-12-01T07:10:21.810+0000] {processor.py:925} INFO - DAG(s) 'stock_information' retrieved from /opt/airflow/dags/vnstock_stream.py
[2024-12-01T07:10:21.830+0000] {logging_mixin.py:190} INFO - [2024-12-01T07:10:21.830+0000] {dag.py:3239} INFO - Sync 1 DAGs
[2024-12-01T07:10:21.852+0000] {logging_mixin.py:190} INFO - [2024-12-01T07:10:21.852+0000] {dag.py:4180} INFO - Setting next_dagrun for stock_information to 2024-11-30 17:00:00+00:00, run_after=2024-12-01 17:00:00+00:00
[2024-12-01T07:10:21.872+0000] {processor.py:208} INFO - Processing /opt/airflow/dags/vnstock_stream.py took 1.111 seconds
[2024-12-01T07:10:52.113+0000] {processor.py:186} INFO - Started process (PID=671) to work on /opt/airflow/dags/vnstock_stream.py
[2024-12-01T07:10:52.114+0000] {processor.py:914} INFO - Processing file /opt/airflow/dags/vnstock_stream.py for tasks to queue
[2024-12-01T07:10:52.116+0000] {logging_mixin.py:190} INFO - [2024-12-01T07:10:52.116+0000] {dagbag.py:588} INFO - Filling up the DagBag from /opt/airflow/dags/vnstock_stream.py
[2024-12-01T07:10:53.182+0000] {processor.py:925} INFO - DAG(s) 'stock_information' retrieved from /opt/airflow/dags/vnstock_stream.py
[2024-12-01T07:10:53.203+0000] {logging_mixin.py:190} INFO - [2024-12-01T07:10:53.202+0000] {dag.py:3239} INFO - Sync 1 DAGs
[2024-12-01T07:10:53.221+0000] {logging_mixin.py:190} INFO - [2024-12-01T07:10:53.221+0000] {dag.py:4180} INFO - Setting next_dagrun for stock_information to 2024-11-30 17:00:00+00:00, run_after=2024-12-01 17:00:00+00:00
[2024-12-01T07:10:53.247+0000] {processor.py:208} INFO - Processing /opt/airflow/dags/vnstock_stream.py took 1.139 seconds
[2024-12-01T07:11:23.467+0000] {processor.py:186} INFO - Started process (PID=687) to work on /opt/airflow/dags/vnstock_stream.py
[2024-12-01T07:11:23.467+0000] {processor.py:914} INFO - Processing file /opt/airflow/dags/vnstock_stream.py for tasks to queue
[2024-12-01T07:11:23.468+0000] {logging_mixin.py:190} INFO - [2024-12-01T07:11:23.468+0000] {dagbag.py:588} INFO - Filling up the DagBag from /opt/airflow/dags/vnstock_stream.py
[2024-12-01T07:11:24.476+0000] {processor.py:925} INFO - DAG(s) 'stock_information' retrieved from /opt/airflow/dags/vnstock_stream.py
[2024-12-01T07:11:24.495+0000] {logging_mixin.py:190} INFO - [2024-12-01T07:11:24.495+0000] {dag.py:3239} INFO - Sync 1 DAGs
[2024-12-01T07:11:24.513+0000] {logging_mixin.py:190} INFO - [2024-12-01T07:11:24.513+0000] {dag.py:4180} INFO - Setting next_dagrun for stock_information to 2024-11-30 17:00:00+00:00, run_after=2024-12-01 17:00:00+00:00
[2024-12-01T07:11:24.538+0000] {processor.py:208} INFO - Processing /opt/airflow/dags/vnstock_stream.py took 1.076 seconds
[2024-12-01T07:11:54.787+0000] {processor.py:186} INFO - Started process (PID=698) to work on /opt/airflow/dags/vnstock_stream.py
[2024-12-01T07:11:54.788+0000] {processor.py:914} INFO - Processing file /opt/airflow/dags/vnstock_stream.py for tasks to queue
[2024-12-01T07:11:54.789+0000] {logging_mixin.py:190} INFO - [2024-12-01T07:11:54.789+0000] {dagbag.py:588} INFO - Filling up the DagBag from /opt/airflow/dags/vnstock_stream.py
[2024-12-01T07:11:55.839+0000] {processor.py:925} INFO - DAG(s) 'stock_information' retrieved from /opt/airflow/dags/vnstock_stream.py
[2024-12-01T07:11:55.855+0000] {logging_mixin.py:190} INFO - [2024-12-01T07:11:55.854+0000] {dag.py:3239} INFO - Sync 1 DAGs
[2024-12-01T07:11:55.874+0000] {logging_mixin.py:190} INFO - [2024-12-01T07:11:55.874+0000] {dag.py:4180} INFO - Setting next_dagrun for stock_information to 2024-11-30 17:00:00+00:00, run_after=2024-12-01 17:00:00+00:00
[2024-12-01T07:11:55.893+0000] {processor.py:208} INFO - Processing /opt/airflow/dags/vnstock_stream.py took 1.110 seconds
[2024-12-01T07:12:26.160+0000] {processor.py:186} INFO - Started process (PID=709) to work on /opt/airflow/dags/vnstock_stream.py
[2024-12-01T07:12:26.165+0000] {processor.py:914} INFO - Processing file /opt/airflow/dags/vnstock_stream.py for tasks to queue
[2024-12-01T07:12:26.166+0000] {logging_mixin.py:190} INFO - [2024-12-01T07:12:26.166+0000] {dagbag.py:588} INFO - Filling up the DagBag from /opt/airflow/dags/vnstock_stream.py
[2024-12-01T07:12:27.223+0000] {processor.py:925} INFO - DAG(s) 'stock_information' retrieved from /opt/airflow/dags/vnstock_stream.py
[2024-12-01T07:12:27.244+0000] {logging_mixin.py:190} INFO - [2024-12-01T07:12:27.244+0000] {dag.py:3239} INFO - Sync 1 DAGs
[2024-12-01T07:12:27.264+0000] {logging_mixin.py:190} INFO - [2024-12-01T07:12:27.264+0000] {dag.py:4180} INFO - Setting next_dagrun for stock_information to 2024-11-30 17:00:00+00:00, run_after=2024-12-01 17:00:00+00:00
[2024-12-01T07:12:27.282+0000] {processor.py:208} INFO - Processing /opt/airflow/dags/vnstock_stream.py took 1.126 seconds
[2024-12-01T07:12:57.523+0000] {processor.py:186} INFO - Started process (PID=720) to work on /opt/airflow/dags/vnstock_stream.py
[2024-12-01T07:12:57.524+0000] {processor.py:914} INFO - Processing file /opt/airflow/dags/vnstock_stream.py for tasks to queue
[2024-12-01T07:12:57.525+0000] {logging_mixin.py:190} INFO - [2024-12-01T07:12:57.525+0000] {dagbag.py:588} INFO - Filling up the DagBag from /opt/airflow/dags/vnstock_stream.py
[2024-12-01T07:12:58.546+0000] {processor.py:925} INFO - DAG(s) 'stock_information' retrieved from /opt/airflow/dags/vnstock_stream.py
[2024-12-01T07:12:58.562+0000] {logging_mixin.py:190} INFO - [2024-12-01T07:12:58.562+0000] {dag.py:3239} INFO - Sync 1 DAGs
[2024-12-01T07:12:58.578+0000] {logging_mixin.py:190} INFO - [2024-12-01T07:12:58.578+0000] {dag.py:4180} INFO - Setting next_dagrun for stock_information to 2024-11-30 17:00:00+00:00, run_after=2024-12-01 17:00:00+00:00
[2024-12-01T07:12:58.601+0000] {processor.py:208} INFO - Processing /opt/airflow/dags/vnstock_stream.py took 1.083 seconds
[2024-12-01T07:13:28.874+0000] {processor.py:186} INFO - Started process (PID=731) to work on /opt/airflow/dags/vnstock_stream.py
[2024-12-01T07:13:28.875+0000] {processor.py:914} INFO - Processing file /opt/airflow/dags/vnstock_stream.py for tasks to queue
[2024-12-01T07:13:28.876+0000] {logging_mixin.py:190} INFO - [2024-12-01T07:13:28.876+0000] {dagbag.py:588} INFO - Filling up the DagBag from /opt/airflow/dags/vnstock_stream.py
[2024-12-01T07:13:30.175+0000] {processor.py:925} INFO - DAG(s) 'stock_information' retrieved from /opt/airflow/dags/vnstock_stream.py
[2024-12-01T07:13:30.197+0000] {logging_mixin.py:190} INFO - [2024-12-01T07:13:30.197+0000] {dag.py:3239} INFO - Sync 1 DAGs
[2024-12-01T07:13:30.217+0000] {logging_mixin.py:190} INFO - [2024-12-01T07:13:30.217+0000] {dag.py:4180} INFO - Setting next_dagrun for stock_information to 2024-11-30 17:00:00+00:00, run_after=2024-12-01 17:00:00+00:00
[2024-12-01T07:13:30.233+0000] {processor.py:208} INFO - Processing /opt/airflow/dags/vnstock_stream.py took 1.365 seconds
