[2025-01-17T03:04:03.899+0000] {local_task_job_runner.py:123} INFO - ::group::Pre task execution logs
[2025-01-17T03:04:03.910+0000] {taskinstance.py:2613} INFO - Dependencies all met for dep_context=non-requeueable deps ti=<TaskInstance: stock_information.append_to_database scheduled__2025-01-17T03:03:00+00:00 [queued]>
[2025-01-17T03:04:03.917+0000] {taskinstance.py:2613} INFO - Dependencies all met for dep_context=requeueable deps ti=<TaskInstance: stock_information.append_to_database scheduled__2025-01-17T03:03:00+00:00 [queued]>
[2025-01-17T03:04:03.919+0000] {taskinstance.py:2866} INFO - Starting attempt 1 of 1
[2025-01-17T03:04:03.931+0000] {taskinstance.py:2889} INFO - Executing <Task(PythonOperator): append_to_database> on 2025-01-17 03:03:00+00:00
[2025-01-17T03:04:03.936+0000] {standard_task_runner.py:72} INFO - Started process 2530 to run task
[2025-01-17T03:04:03.938+0000] {standard_task_runner.py:104} INFO - Running: ['airflow', 'tasks', 'run', 'stock_information', 'append_to_database', 'scheduled__2025-01-17T03:03:00+00:00', '--job-id', '2380', '--raw', '--subdir', 'DAGS_FOLDER/vnstock_stream.py', '--cfg-path', '/tmp/tmprpdiy6cv']
[2025-01-17T03:04:03.941+0000] {standard_task_runner.py:105} INFO - Job 2380: Subtask append_to_database
[2025-01-17T03:04:03.973+0000] {task_command.py:467} INFO - Running <TaskInstance: stock_information.append_to_database scheduled__2025-01-17T03:03:00+00:00 [running]> on host 453ac4defedc
[2025-01-17T03:04:04.045+0000] {taskinstance.py:3132} INFO - Exporting env vars: AIRFLOW_CTX_DAG_OWNER='TuanDz' AIRFLOW_CTX_DAG_ID='stock_information' AIRFLOW_CTX_TASK_ID='append_to_database' AIRFLOW_CTX_EXECUTION_DATE='2025-01-17T03:03:00+00:00' AIRFLOW_CTX_TRY_NUMBER='1' AIRFLOW_CTX_DAG_RUN_ID='scheduled__2025-01-17T03:03:00+00:00'
[2025-01-17T03:04:04.047+0000] {taskinstance.py:731} INFO - ::endgroup::
[2025-01-17T03:04:04.109+0000] {logging_mixin.py:190} INFO - Kết nối thành công!
[2025-01-17T03:04:04.110+0000] {logging_mixin.py:190} INFO - <class 'str'>
[2025-01-17T03:04:04.112+0000] {logging_mixin.py:190} INFO - [['TCB', 25500, 22200, 23850, 'STOCK', 'HSX', '', 7045021622, 'STOCK', 8424683, 'Ngân hàng Thương mại Cổ phần Kỹ thương Việt Nam', 23850, '', '2025-01-17', 23800, 300, 371100, 8841, 23823.767178658043, 23900, 23750, 's', 5300, 31500, 0, 1590552461, 8841.315000000015, 3711, 23850, 23800, 163900, 23750, 80900, 23700, 53700, 23850, 1700, 23900, 178900, 23950, 309200, '2025-01-17 03:04:02']]
[2025-01-17T03:04:04.113+0000] {logging_mixin.py:190} INFO - <class 'list'>
[2025-01-17T03:04:04.114+0000] {logging_mixin.py:190} INFO - [['TCB', 25500, 22200, 23850, 'STOCK', 'HSX', '', 7045021622, 'STOCK', 8424683, 'Ngân hàng Thương mại Cổ phần Kỹ thương Việt Nam', 23850, '', '2025-01-17', 23800, 300, 371100, 8841, 23823.767178658043, 23900, 23750, 's', 5300, 31500, 0, 1590552461, 8841.315000000015, 3711, 23850, 23800, 163900, 23750, 80900, 23700, 53700, 23850, 1700, 23900, 178900, 23950, 309200, '2025-01-17 03:04:02']]
[2025-01-17T03:04:04.122+0000] {python.py:240} INFO - Done. Returned value was: None
[2025-01-17T03:04:04.130+0000] {taskinstance.py:340} INFO - ::group::Post task execution logs
[2025-01-17T03:04:04.130+0000] {taskinstance.py:352} INFO - Marking task as SUCCESS. dag_id=stock_information, task_id=append_to_database, run_id=scheduled__2025-01-17T03:03:00+00:00, execution_date=20250117T030300, start_date=20250117T030403, end_date=20250117T030404
[2025-01-17T03:04:04.153+0000] {local_task_job_runner.py:266} INFO - Task exited with return code 0
[2025-01-17T03:04:04.167+0000] {taskinstance.py:3895} INFO - 0 downstream tasks scheduled from follow-on schedule check
[2025-01-17T03:04:04.172+0000] {local_task_job_runner.py:245} INFO - ::endgroup::
