[2025-01-15T07:20:04.655+0000] {local_task_job_runner.py:123} INFO - ::group::Pre task execution logs
[2025-01-15T07:20:04.667+0000] {taskinstance.py:2613} INFO - Dependencies all met for dep_context=non-requeueable deps ti=<TaskInstance: stock_information.append_to_database scheduled__2025-01-15T07:19:00+00:00 [queued]>
[2025-01-15T07:20:04.675+0000] {taskinstance.py:2613} INFO - Dependencies all met for dep_context=requeueable deps ti=<TaskInstance: stock_information.append_to_database scheduled__2025-01-15T07:19:00+00:00 [queued]>
[2025-01-15T07:20:04.677+0000] {taskinstance.py:2866} INFO - Starting attempt 1 of 1
[2025-01-15T07:20:04.688+0000] {taskinstance.py:2889} INFO - Executing <Task(PythonOperator): append_to_database> on 2025-01-15 07:19:00+00:00
[2025-01-15T07:20:04.695+0000] {standard_task_runner.py:72} INFO - Started process 8521 to run task
[2025-01-15T07:20:04.698+0000] {standard_task_runner.py:104} INFO - Running: ['airflow', 'tasks', 'run', 'stock_information', 'append_to_database', 'scheduled__2025-01-15T07:19:00+00:00', '--job-id', '1092', '--raw', '--subdir', 'DAGS_FOLDER/vnstock_stream.py', '--cfg-path', '/tmp/tmp_z0ga58y']
[2025-01-15T07:20:04.700+0000] {standard_task_runner.py:105} INFO - Job 1092: Subtask append_to_database
[2025-01-15T07:20:04.740+0000] {task_command.py:467} INFO - Running <TaskInstance: stock_information.append_to_database scheduled__2025-01-15T07:19:00+00:00 [running]> on host 453ac4defedc
[2025-01-15T07:20:04.818+0000] {taskinstance.py:3132} INFO - Exporting env vars: AIRFLOW_CTX_DAG_OWNER='TuanDz' AIRFLOW_CTX_DAG_ID='stock_information' AIRFLOW_CTX_TASK_ID='append_to_database' AIRFLOW_CTX_EXECUTION_DATE='2025-01-15T07:19:00+00:00' AIRFLOW_CTX_TRY_NUMBER='1' AIRFLOW_CTX_DAG_RUN_ID='scheduled__2025-01-15T07:19:00+00:00'
[2025-01-15T07:20:04.820+0000] {taskinstance.py:731} INFO - ::endgroup::
[2025-01-15T07:20:04.854+0000] {logging_mixin.py:190} INFO - Kết nối thành công!
[2025-01-15T07:20:04.855+0000] {logging_mixin.py:190} INFO - <class 'str'>
[2025-01-15T07:20:04.856+0000] {logging_mixin.py:190} INFO - [['TCB', 25250, 21950, 23600, 'STOCK', 'HSX', '', 7045021622, 'STOCK', 8424683, 'Ngân hàng Thương mại Cổ phần Kỹ thương Việt Nam', 23600, '', '2025-01-15', 23900, 100, 5701300, 135676, 23797.37954501605, 23900, 23650, 'b', 156700, 186700, 0, 1590552461, 135676.70499999975, 57013, 23600, 23850, 55800, 23800, 69500, 23750, 236500, 23900, 268200, 23950, 237900, 24000, 772300, '2025-01-15 07:20:02']]
[2025-01-15T07:20:04.857+0000] {logging_mixin.py:190} INFO - <class 'list'>
[2025-01-15T07:20:04.858+0000] {logging_mixin.py:190} INFO - [['TCB', 25250, 21950, 23600, 'STOCK', 'HSX', '', 7045021622, 'STOCK', 8424683, 'Ngân hàng Thương mại Cổ phần Kỹ thương Việt Nam', 23600, '', '2025-01-15', 23900, 100, 5701300, 135676, 23797.37954501605, 23900, 23650, 'b', 156700, 186700, 0, 1590552461, 135676.70499999975, 57013, 23600, 23850, 55800, 23800, 69500, 23750, 236500, 23900, 268200, 23950, 237900, 24000, 772300, '2025-01-15 07:20:02']]
[2025-01-15T07:20:04.860+0000] {python.py:240} INFO - Done. Returned value was: None
[2025-01-15T07:20:04.868+0000] {taskinstance.py:340} INFO - ::group::Post task execution logs
[2025-01-15T07:20:04.868+0000] {taskinstance.py:352} INFO - Marking task as SUCCESS. dag_id=stock_information, task_id=append_to_database, run_id=scheduled__2025-01-15T07:19:00+00:00, execution_date=20250115T071900, start_date=20250115T072004, end_date=20250115T072004
[2025-01-15T07:20:04.913+0000] {local_task_job_runner.py:266} INFO - Task exited with return code 0
[2025-01-15T07:20:04.932+0000] {taskinstance.py:3895} INFO - 0 downstream tasks scheduled from follow-on schedule check
[2025-01-15T07:20:04.937+0000] {local_task_job_runner.py:245} INFO - ::endgroup::
