[2025-01-15T03:04:03.601+0000] {local_task_job_runner.py:123} INFO - ::group::Pre task execution logs
[2025-01-15T03:04:03.613+0000] {taskinstance.py:2613} INFO - Dependencies all met for dep_context=non-requeueable deps ti=<TaskInstance: stock_information.append_to_database scheduled__2025-01-15T03:03:00+00:00 [queued]>
[2025-01-15T03:04:03.621+0000] {taskinstance.py:2613} INFO - Dependencies all met for dep_context=requeueable deps ti=<TaskInstance: stock_information.append_to_database scheduled__2025-01-15T03:03:00+00:00 [queued]>
[2025-01-15T03:04:03.623+0000] {taskinstance.py:2866} INFO - Starting attempt 1 of 1
[2025-01-15T03:04:03.634+0000] {taskinstance.py:2889} INFO - Executing <Task(PythonOperator): append_to_database> on 2025-01-15 03:03:00+00:00
[2025-01-15T03:04:03.640+0000] {standard_task_runner.py:72} INFO - Started process 1079 to run task
[2025-01-15T03:04:03.643+0000] {standard_task_runner.py:104} INFO - Running: ['airflow', 'tasks', 'run', 'stock_information', 'append_to_database', 'scheduled__2025-01-15T03:03:00+00:00', '--job-id', '580', '--raw', '--subdir', 'DAGS_FOLDER/vnstock_stream.py', '--cfg-path', '/tmp/tmpq0ouhz7k']
[2025-01-15T03:04:03.645+0000] {standard_task_runner.py:105} INFO - Job 580: Subtask append_to_database
[2025-01-15T03:04:03.684+0000] {task_command.py:467} INFO - Running <TaskInstance: stock_information.append_to_database scheduled__2025-01-15T03:03:00+00:00 [running]> on host 453ac4defedc
[2025-01-15T03:04:03.763+0000] {taskinstance.py:3132} INFO - Exporting env vars: AIRFLOW_CTX_DAG_OWNER='TuanDz' AIRFLOW_CTX_DAG_ID='stock_information' AIRFLOW_CTX_TASK_ID='append_to_database' AIRFLOW_CTX_EXECUTION_DATE='2025-01-15T03:03:00+00:00' AIRFLOW_CTX_TRY_NUMBER='1' AIRFLOW_CTX_DAG_RUN_ID='scheduled__2025-01-15T03:03:00+00:00'
[2025-01-15T03:04:03.765+0000] {taskinstance.py:731} INFO - ::endgroup::
[2025-01-15T03:04:03.802+0000] {logging_mixin.py:190} INFO - Kết nối thành công!
[2025-01-15T03:04:03.804+0000] {logging_mixin.py:190} INFO - <class 'str'>
[2025-01-15T03:04:03.805+0000] {logging_mixin.py:190} INFO - [['TCB', 25250, 21950, 23600, 'STOCK', 'HSX', '', 7045021622, 'STOCK', 8424683, 'Ngân hàng Thương mại Cổ phần Kỹ thương Việt Nam', 23600, '', '2025-01-15', 23750, 5000, 573400, 13608, 23732.124171607953, 23800, 23650, 'b', 0, 0, 0, 1590552461, 13608.275000000005, 5734, 23600, 23700, 174900, 23650, 124500, 23600, 187500, 23750, 140300, 23800, 146700, 23850, 144700, '2025-01-15 03:04:02']]
[2025-01-15T03:04:03.806+0000] {logging_mixin.py:190} INFO - <class 'list'>
[2025-01-15T03:04:03.807+0000] {logging_mixin.py:190} INFO - [['TCB', 25250, 21950, 23600, 'STOCK', 'HSX', '', 7045021622, 'STOCK', 8424683, 'Ngân hàng Thương mại Cổ phần Kỹ thương Việt Nam', 23600, '', '2025-01-15', 23750, 5000, 573400, 13608, 23732.124171607953, 23800, 23650, 'b', 0, 0, 0, 1590552461, 13608.275000000005, 5734, 23600, 23700, 174900, 23650, 124500, 23600, 187500, 23750, 140300, 23800, 146700, 23850, 144700, '2025-01-15 03:04:02']]
[2025-01-15T03:04:03.809+0000] {python.py:240} INFO - Done. Returned value was: None
[2025-01-15T03:04:03.817+0000] {taskinstance.py:340} INFO - ::group::Post task execution logs
[2025-01-15T03:04:03.818+0000] {taskinstance.py:352} INFO - Marking task as SUCCESS. dag_id=stock_information, task_id=append_to_database, run_id=scheduled__2025-01-15T03:03:00+00:00, execution_date=20250115T030300, start_date=20250115T030403, end_date=20250115T030403
[2025-01-15T03:04:03.857+0000] {local_task_job_runner.py:266} INFO - Task exited with return code 0
[2025-01-15T03:04:03.875+0000] {taskinstance.py:3895} INFO - 0 downstream tasks scheduled from follow-on schedule check
[2025-01-15T03:04:03.880+0000] {local_task_job_runner.py:245} INFO - ::endgroup::
