[2025-01-16T06:17:04.400+0000] {local_task_job_runner.py:123} INFO - ::group::Pre task execution logs
[2025-01-16T06:17:04.420+0000] {taskinstance.py:2613} INFO - Dependencies all met for dep_context=non-requeueable deps ti=<TaskInstance: stock_information.append_to_database scheduled__2025-01-16T06:16:00+00:00 [queued]>
[2025-01-16T06:17:04.429+0000] {taskinstance.py:2613} INFO - Dependencies all met for dep_context=requeueable deps ti=<TaskInstance: stock_information.append_to_database scheduled__2025-01-16T06:16:00+00:00 [queued]>
[2025-01-16T06:17:04.432+0000] {taskinstance.py:2866} INFO - Starting attempt 1 of 1
[2025-01-16T06:17:04.448+0000] {taskinstance.py:2889} INFO - Executing <Task(PythonOperator): append_to_database> on 2025-01-16 06:16:00+00:00
[2025-01-16T06:17:04.455+0000] {standard_task_runner.py:72} INFO - Started process 6686 to run task
[2025-01-16T06:17:04.457+0000] {standard_task_runner.py:104} INFO - Running: ['airflow', 'tasks', 'run', 'stock_information', 'append_to_database', 'scheduled__2025-01-16T06:16:00+00:00', '--job-id', '1863', '--raw', '--subdir', 'DAGS_FOLDER/vnstock_stream.py', '--cfg-path', '/tmp/tmptt3t2q8x']
[2025-01-16T06:17:04.461+0000] {standard_task_runner.py:105} INFO - Job 1863: Subtask append_to_database
[2025-01-16T06:17:04.510+0000] {task_command.py:467} INFO - Running <TaskInstance: stock_information.append_to_database scheduled__2025-01-16T06:16:00+00:00 [running]> on host 453ac4defedc
[2025-01-16T06:17:04.596+0000] {taskinstance.py:3132} INFO - Exporting env vars: AIRFLOW_CTX_DAG_OWNER='TuanDz' AIRFLOW_CTX_DAG_ID='stock_information' AIRFLOW_CTX_TASK_ID='append_to_database' AIRFLOW_CTX_EXECUTION_DATE='2025-01-16T06:16:00+00:00' AIRFLOW_CTX_TRY_NUMBER='1' AIRFLOW_CTX_DAG_RUN_ID='scheduled__2025-01-16T06:16:00+00:00'
[2025-01-16T06:17:04.598+0000] {taskinstance.py:731} INFO - ::endgroup::
[2025-01-16T06:17:04.682+0000] {logging_mixin.py:190} INFO - Kết nối thành công!
[2025-01-16T06:17:04.683+0000] {logging_mixin.py:190} INFO - <class 'str'>
[2025-01-16T06:17:04.684+0000] {logging_mixin.py:190} INFO - [['TCB', 25350, 22050, 23700, 'STOCK', 'HSX', '', 7045021622, 'STOCK', 8424683, 'Ngân hàng Thương mại Cổ phần Kỹ thương Việt Nam', 23700, '', '2025-01-16', 23750, 1000, 3554400, 84718, 23834.683772225973, 23950, 23700, 's', 0, 0, 0, 1590552461, 84718.59999999999, 35544, 23700, 23750, 109900, 23700, 262500, 23650, 186500, 23800, 162900, 23850, 221200, 23900, 297400, '2025-01-16 06:17:02']]
[2025-01-16T06:17:04.685+0000] {logging_mixin.py:190} INFO - <class 'list'>
[2025-01-16T06:17:04.686+0000] {logging_mixin.py:190} INFO - [['TCB', 25350, 22050, 23700, 'STOCK', 'HSX', '', 7045021622, 'STOCK', 8424683, 'Ngân hàng Thương mại Cổ phần Kỹ thương Việt Nam', 23700, '', '2025-01-16', 23750, 1000, 3554400, 84718, 23834.683772225973, 23950, 23700, 's', 0, 0, 0, 1590552461, 84718.59999999999, 35544, 23700, 23750, 109900, 23700, 262500, 23650, 186500, 23800, 162900, 23850, 221200, 23900, 297400, '2025-01-16 06:17:02']]
[2025-01-16T06:17:04.696+0000] {python.py:240} INFO - Done. Returned value was: None
[2025-01-16T06:17:04.704+0000] {taskinstance.py:340} INFO - ::group::Post task execution logs
[2025-01-16T06:17:04.705+0000] {taskinstance.py:352} INFO - Marking task as SUCCESS. dag_id=stock_information, task_id=append_to_database, run_id=scheduled__2025-01-16T06:16:00+00:00, execution_date=20250116T061600, start_date=20250116T061704, end_date=20250116T061704
[2025-01-16T06:17:04.754+0000] {local_task_job_runner.py:266} INFO - Task exited with return code 0
[2025-01-16T06:17:04.770+0000] {taskinstance.py:3895} INFO - 0 downstream tasks scheduled from follow-on schedule check
[2025-01-16T06:17:04.774+0000] {local_task_job_runner.py:245} INFO - ::endgroup::
