[2025-01-16T06:21:03.531+0000] {local_task_job_runner.py:123} INFO - ::group::Pre task execution logs
[2025-01-16T06:21:03.545+0000] {taskinstance.py:2613} INFO - Dependencies all met for dep_context=non-requeueable deps ti=<TaskInstance: stock_information.append_to_database scheduled__2025-01-16T06:20:00+00:00 [queued]>
[2025-01-16T06:21:03.553+0000] {taskinstance.py:2613} INFO - Dependencies all met for dep_context=requeueable deps ti=<TaskInstance: stock_information.append_to_database scheduled__2025-01-16T06:20:00+00:00 [queued]>
[2025-01-16T06:21:03.555+0000] {taskinstance.py:2866} INFO - Starting attempt 1 of 1
[2025-01-16T06:21:03.566+0000] {taskinstance.py:2889} INFO - Executing <Task(PythonOperator): append_to_database> on 2025-01-16 06:20:00+00:00
[2025-01-16T06:21:03.572+0000] {standard_task_runner.py:72} INFO - Started process 6806 to run task
[2025-01-16T06:21:03.575+0000] {standard_task_runner.py:104} INFO - Running: ['airflow', 'tasks', 'run', 'stock_information', 'append_to_database', 'scheduled__2025-01-16T06:20:00+00:00', '--job-id', '1871', '--raw', '--subdir', 'DAGS_FOLDER/vnstock_stream.py', '--cfg-path', '/tmp/tmp20nnc6if']
[2025-01-16T06:21:03.578+0000] {standard_task_runner.py:105} INFO - Job 1871: Subtask append_to_database
[2025-01-16T06:21:03.617+0000] {task_command.py:467} INFO - Running <TaskInstance: stock_information.append_to_database scheduled__2025-01-16T06:20:00+00:00 [running]> on host 453ac4defedc
[2025-01-16T06:21:03.703+0000] {taskinstance.py:3132} INFO - Exporting env vars: AIRFLOW_CTX_DAG_OWNER='TuanDz' AIRFLOW_CTX_DAG_ID='stock_information' AIRFLOW_CTX_TASK_ID='append_to_database' AIRFLOW_CTX_EXECUTION_DATE='2025-01-16T06:20:00+00:00' AIRFLOW_CTX_TRY_NUMBER='1' AIRFLOW_CTX_DAG_RUN_ID='scheduled__2025-01-16T06:20:00+00:00'
[2025-01-16T06:21:03.705+0000] {taskinstance.py:731} INFO - ::endgroup::
[2025-01-16T06:21:03.755+0000] {logging_mixin.py:190} INFO - Kết nối thành công!
[2025-01-16T06:21:03.757+0000] {logging_mixin.py:190} INFO - <class 'str'>
[2025-01-16T06:21:03.758+0000] {logging_mixin.py:190} INFO - [['TCB', 25350, 22050, 23700, 'STOCK', 'HSX', '', 7045021622, 'STOCK', 8424683, 'Ngân hàng Thương mại Cổ phần Kỹ thương Việt Nam', 23700, '', '2025-01-16', 23750, 1000, 3576000, 85232, 23834.451901565997, 23950, 23700, 's', 0, 0, 0, 1590552461, 85232.09999999999, 35760, 23700, 23750, 227900, 23700, 267400, 23650, 186500, 23800, 161200, 23850, 224400, 23900, 297600, '2025-01-16 06:21:01']]
[2025-01-16T06:21:03.760+0000] {logging_mixin.py:190} INFO - <class 'list'>
[2025-01-16T06:21:03.762+0000] {logging_mixin.py:190} INFO - [['TCB', 25350, 22050, 23700, 'STOCK', 'HSX', '', 7045021622, 'STOCK', 8424683, 'Ngân hàng Thương mại Cổ phần Kỹ thương Việt Nam', 23700, '', '2025-01-16', 23750, 1000, 3576000, 85232, 23834.451901565997, 23950, 23700, 's', 0, 0, 0, 1590552461, 85232.09999999999, 35760, 23700, 23750, 227900, 23700, 267400, 23650, 186500, 23800, 161200, 23850, 224400, 23900, 297600, '2025-01-16 06:21:01']]
[2025-01-16T06:21:03.767+0000] {python.py:240} INFO - Done. Returned value was: None
[2025-01-16T06:21:03.775+0000] {taskinstance.py:340} INFO - ::group::Post task execution logs
[2025-01-16T06:21:03.776+0000] {taskinstance.py:352} INFO - Marking task as SUCCESS. dag_id=stock_information, task_id=append_to_database, run_id=scheduled__2025-01-16T06:20:00+00:00, execution_date=20250116T062000, start_date=20250116T062103, end_date=20250116T062103
[2025-01-16T06:21:03.831+0000] {local_task_job_runner.py:266} INFO - Task exited with return code 0
[2025-01-16T06:21:03.847+0000] {taskinstance.py:3895} INFO - 0 downstream tasks scheduled from follow-on schedule check
[2025-01-16T06:21:03.851+0000] {local_task_job_runner.py:245} INFO - ::endgroup::
