[2025-01-13T16:26:08.577+0000] {local_task_job_runner.py:123} INFO - ::group::Pre task execution logs
[2025-01-13T16:26:08.592+0000] {taskinstance.py:2613} INFO - Dependencies all met for dep_context=non-requeueable deps ti=<TaskInstance: stock_information.append_to_database scheduled__2025-01-13T16:25:00+00:00 [queued]>
[2025-01-13T16:26:08.601+0000] {taskinstance.py:2613} INFO - Dependencies all met for dep_context=requeueable deps ti=<TaskInstance: stock_information.append_to_database scheduled__2025-01-13T16:25:00+00:00 [queued]>
[2025-01-13T16:26:08.603+0000] {taskinstance.py:2866} INFO - Starting attempt 1 of 1
[2025-01-13T16:26:08.617+0000] {taskinstance.py:2889} INFO - Executing <Task(PythonOperator): append_to_database> on 2025-01-13 16:25:00+00:00
[2025-01-13T16:26:08.624+0000] {standard_task_runner.py:72} INFO - Started process 3065 to run task
[2025-01-13T16:26:08.627+0000] {standard_task_runner.py:104} INFO - Running: ['airflow', 'tasks', 'run', 'stock_information', 'append_to_database', 'scheduled__2025-01-13T16:25:00+00:00', '--job-id', '437', '--raw', '--subdir', 'DAGS_FOLDER/vnstock_stream.py', '--cfg-path', '/tmp/tmpk6p9vcu4']
[2025-01-13T16:26:08.630+0000] {standard_task_runner.py:105} INFO - Job 437: Subtask append_to_database
[2025-01-13T16:26:08.670+0000] {task_command.py:467} INFO - Running <TaskInstance: stock_information.append_to_database scheduled__2025-01-13T16:25:00+00:00 [running]> on host 453ac4defedc
[2025-01-13T16:26:08.755+0000] {taskinstance.py:3132} INFO - Exporting env vars: AIRFLOW_CTX_DAG_OWNER='TuanDz' AIRFLOW_CTX_DAG_ID='stock_information' AIRFLOW_CTX_TASK_ID='append_to_database' AIRFLOW_CTX_EXECUTION_DATE='2025-01-13T16:25:00+00:00' AIRFLOW_CTX_TRY_NUMBER='1' AIRFLOW_CTX_DAG_RUN_ID='scheduled__2025-01-13T16:25:00+00:00'
[2025-01-13T16:26:08.758+0000] {taskinstance.py:731} INFO - ::endgroup::
[2025-01-13T16:26:08.799+0000] {logging_mixin.py:190} INFO - Kết nối thành công!
[2025-01-13T16:26:08.800+0000] {logging_mixin.py:190} INFO - <class 'str'>
[2025-01-13T16:26:08.801+0000] {logging_mixin.py:190} INFO - [['TCB', 25000, 21800, 23400, 'STOCK', 'HSX', '', 7045021622, 'STOCK', 8424683, 'Ngân hàng Thương mại Cổ phần Kỹ thương Việt Nam', 23400, '', '2025-01-13', 23800, 838200, 7939900, 185556, 23370.067633093615, 23800, 23150, 'unknown', 67300, 70100, 0, 1590552461, 185556.69500000082, 79399, 23400, 23750, 100, 23650, 300, 23600, 35700, 23800, 522500, 23850, 189400, 23900, 369400, '2025-01-13 16:26:06']]
[2025-01-13T16:26:08.801+0000] {logging_mixin.py:190} INFO - <class 'list'>
[2025-01-13T16:26:08.801+0000] {logging_mixin.py:190} INFO - ['[', '[', "'", 'T', 'C', 'B', "'", ',', ' ', '2', '5', '0', '0', '0', ',', ' ', '2', '1', '8', '0', '0', ',', ' ', '2', '3', '4', '0', '0', ',', ' ', "'", 'S', 'T', 'O', 'C', 'K', "'", ',', ' ', "'", 'H', 'S', 'X', "'", ',', ' ', "'", "'", ',', ' ', '7', '0', '4', '5', '0', '2', '1', '6', '2', '2', ',', ' ', "'", 'S', 'T', 'O', 'C', 'K', "'", ',', ' ', '8', '4', '2', '4', '6', '8', '3', ',', ' ', "'", 'N', 'g', 'â', 'n', ' ', 'h', 'à', 'n', 'g', ' ', 'T', 'h', 'ư', 'ơ', 'n', 'g', ' ', 'm', 'ạ', 'i', ' ', 'C', 'ổ', ' ', 'p', 'h', 'ầ', 'n', ' ', 'K', 'ỹ', ' ', 't', 'h', 'ư', 'ơ', 'n', 'g', ' ', 'V', 'i', 'ệ', 't', ' ', 'N', 'a', 'm', "'", ',', ' ', '2', '3', '4', '0', '0', ',', ' ', "'", "'", ',', ' ', "'", '2', '0', '2', '5', '-', '0', '1', '-', '1', '3', "'", ',', ' ', '2', '3', '8', '0', '0', ',', ' ', '8', '3', '8', '2', '0', '0', ',', ' ', '7', '9', '3', '9', '9', '0', '0', ',', ' ', '1', '8', '5', '5', '5', '6', ',', ' ', '2', '3', '3', '7', '0', '.', '0', '6', '7', '6', '3', '3', '0', '9', '3', '6', '1', '5', ',', ' ', '2', '3', '8', '0', '0', ',', ' ', '2', '3', '1', '5', '0', ',', ' ', "'", 'u', 'n', 'k', 'n', 'o', 'w', 'n', "'", ',', ' ', '6', '7', '3', '0', '0', ',', ' ', '7', '0', '1', '0', '0', ',', ' ', '0', ',', ' ', '1', '5', '9', '0', '5', '5', '2', '4', '6', '1', ',', ' ', '1', '8', '5', '5', '5', '6', '.', '6', '9', '5', '0', '0', '0', '0', '0', '0', '8', '2', ',', ' ', '7', '9', '3', '9', '9', ',', ' ', '2', '3', '4', '0', '0', ',', ' ', '2', '3', '7', '5', '0', ',', ' ', '1', '0', '0', ',', ' ', '2', '3', '6', '5', '0', ',', ' ', '3', '0', '0', ',', ' ', '2', '3', '6', '0', '0', ',', ' ', '3', '5', '7', '0', '0', ',', ' ', '2', '3', '8', '0', '0', ',', ' ', '5', '2', '2', '5', '0', '0', ',', ' ', '2', '3', '8', '5', '0', ',', ' ', '1', '8', '9', '4', '0', '0', ',', ' ', '2', '3', '9', '0', '0', ',', ' ', '3', '6', '9', '4', '0', '0', ',', ' ', "'", '2', '0', '2', '5', '-', '0', '1', '-', '1', '3', ' ', '1', '6', ':', '2', '6', ':', '0', '6', "'", ']', ']']
[2025-01-13T16:26:08.802+0000] {logging_mixin.py:190} INFO - Có lỗi khi thực hiện append_database: ('Params must be in a list, tuple, or Row', 'HY000')
[2025-01-13T16:26:08.803+0000] {python.py:240} INFO - Done. Returned value was: None
[2025-01-13T16:26:08.812+0000] {taskinstance.py:340} INFO - ::group::Post task execution logs
[2025-01-13T16:26:08.813+0000] {taskinstance.py:352} INFO - Marking task as SUCCESS. dag_id=stock_information, task_id=append_to_database, run_id=scheduled__2025-01-13T16:25:00+00:00, execution_date=20250113T162500, start_date=20250113T162608, end_date=20250113T162608
[2025-01-13T16:26:08.842+0000] {local_task_job_runner.py:266} INFO - Task exited with return code 0
[2025-01-13T16:26:08.857+0000] {taskinstance.py:3895} INFO - 0 downstream tasks scheduled from follow-on schedule check
[2025-01-13T16:26:08.863+0000] {local_task_job_runner.py:245} INFO - ::endgroup::
