[2025-01-16T04:20:04.407+0000] {local_task_job_runner.py:123} INFO - ::group::Pre task execution logs
[2025-01-16T04:20:04.420+0000] {taskinstance.py:2613} INFO - Dependencies all met for dep_context=non-requeueable deps ti=<TaskInstance: stock_information.append_to_database scheduled__2025-01-16T04:19:00+00:00 [queued]>
[2025-01-16T04:20:04.427+0000] {taskinstance.py:2613} INFO - Dependencies all met for dep_context=requeueable deps ti=<TaskInstance: stock_information.append_to_database scheduled__2025-01-16T04:19:00+00:00 [queued]>
[2025-01-16T04:20:04.429+0000] {taskinstance.py:2866} INFO - Starting attempt 1 of 1
[2025-01-16T04:20:04.441+0000] {taskinstance.py:2889} INFO - Executing <Task(PythonOperator): append_to_database> on 2025-01-16 04:19:00+00:00
[2025-01-16T04:20:04.447+0000] {standard_task_runner.py:72} INFO - Started process 3257 to run task
[2025-01-16T04:20:04.450+0000] {standard_task_runner.py:104} INFO - Running: ['airflow', 'tasks', 'run', 'stock_information', 'append_to_database', 'scheduled__2025-01-16T04:19:00+00:00', '--job-id', '1629', '--raw', '--subdir', 'DAGS_FOLDER/vnstock_stream.py', '--cfg-path', '/tmp/tmpunuo7e44']
[2025-01-16T04:20:04.452+0000] {standard_task_runner.py:105} INFO - Job 1629: Subtask append_to_database
[2025-01-16T04:20:04.490+0000] {task_command.py:467} INFO - Running <TaskInstance: stock_information.append_to_database scheduled__2025-01-16T04:19:00+00:00 [running]> on host 453ac4defedc
[2025-01-16T04:20:04.571+0000] {taskinstance.py:3132} INFO - Exporting env vars: AIRFLOW_CTX_DAG_OWNER='TuanDz' AIRFLOW_CTX_DAG_ID='stock_information' AIRFLOW_CTX_TASK_ID='append_to_database' AIRFLOW_CTX_EXECUTION_DATE='2025-01-16T04:19:00+00:00' AIRFLOW_CTX_TRY_NUMBER='1' AIRFLOW_CTX_DAG_RUN_ID='scheduled__2025-01-16T04:19:00+00:00'
[2025-01-16T04:20:04.572+0000] {taskinstance.py:731} INFO - ::endgroup::
[2025-01-16T04:20:04.626+0000] {logging_mixin.py:190} INFO - Kết nối thành công!
[2025-01-16T04:20:04.626+0000] {logging_mixin.py:190} INFO - <class 'str'>
[2025-01-16T04:20:04.627+0000] {logging_mixin.py:190} INFO - [['TCB', 25350, 22050, 23700, 'STOCK', 'HSX', '', 7045021622, 'STOCK', 8424683, 'Ngân hàng Thương mại Cổ phần Kỹ thương Việt Nam', 23700, '', '2025-01-16', 23800, 900, 3227300, 76953, 23844.39004740805, 23950, 23750, 'b', 0, 0, 0, 1590552461, 76953.425, 32273, 23700, 23750, 129900, 23700, 208200, 23650, 124500, 23800, 35300, 23850, 221000, 23900, 289900, '2025-01-16 04:20:02']]
[2025-01-16T04:20:04.627+0000] {logging_mixin.py:190} INFO - <class 'list'>
[2025-01-16T04:20:04.628+0000] {logging_mixin.py:190} INFO - [['TCB', 25350, 22050, 23700, 'STOCK', 'HSX', '', 7045021622, 'STOCK', 8424683, 'Ngân hàng Thương mại Cổ phần Kỹ thương Việt Nam', 23700, '', '2025-01-16', 23800, 900, 3227300, 76953, 23844.39004740805, 23950, 23750, 'b', 0, 0, 0, 1590552461, 76953.425, 32273, 23700, 23750, 129900, 23700, 208200, 23650, 124500, 23800, 35300, 23850, 221000, 23900, 289900, '2025-01-16 04:20:02']]
[2025-01-16T04:20:04.634+0000] {python.py:240} INFO - Done. Returned value was: None
[2025-01-16T04:20:04.642+0000] {taskinstance.py:340} INFO - ::group::Post task execution logs
[2025-01-16T04:20:04.643+0000] {taskinstance.py:352} INFO - Marking task as SUCCESS. dag_id=stock_information, task_id=append_to_database, run_id=scheduled__2025-01-16T04:19:00+00:00, execution_date=20250116T041900, start_date=20250116T042004, end_date=20250116T042004
[2025-01-16T04:20:04.665+0000] {local_task_job_runner.py:266} INFO - Task exited with return code 0
[2025-01-16T04:20:04.680+0000] {taskinstance.py:3895} INFO - 0 downstream tasks scheduled from follow-on schedule check
[2025-01-16T04:20:04.684+0000] {local_task_job_runner.py:245} INFO - ::endgroup::
