[2025-01-16T04:28:05.067+0000] {local_task_job_runner.py:123} INFO - ::group::Pre task execution logs
[2025-01-16T04:28:05.079+0000] {taskinstance.py:2613} INFO - Dependencies all met for dep_context=non-requeueable deps ti=<TaskInstance: stock_information.append_to_database scheduled__2025-01-16T04:27:00+00:00 [queued]>
[2025-01-16T04:28:05.087+0000] {taskinstance.py:2613} INFO - Dependencies all met for dep_context=requeueable deps ti=<TaskInstance: stock_information.append_to_database scheduled__2025-01-16T04:27:00+00:00 [queued]>
[2025-01-16T04:28:05.088+0000] {taskinstance.py:2866} INFO - Starting attempt 1 of 1
[2025-01-16T04:28:05.100+0000] {taskinstance.py:2889} INFO - Executing <Task(PythonOperator): append_to_database> on 2025-01-16 04:27:00+00:00
[2025-01-16T04:28:05.109+0000] {standard_task_runner.py:72} INFO - Started process 3491 to run task
[2025-01-16T04:28:05.111+0000] {standard_task_runner.py:104} INFO - Running: ['airflow', 'tasks', 'run', 'stock_information', 'append_to_database', 'scheduled__2025-01-16T04:27:00+00:00', '--job-id', '1645', '--raw', '--subdir', 'DAGS_FOLDER/vnstock_stream.py', '--cfg-path', '/tmp/tmp0_gd4zgu']
[2025-01-16T04:28:05.114+0000] {standard_task_runner.py:105} INFO - Job 1645: Subtask append_to_database
[2025-01-16T04:28:05.164+0000] {task_command.py:467} INFO - Running <TaskInstance: stock_information.append_to_database scheduled__2025-01-16T04:27:00+00:00 [running]> on host 453ac4defedc
[2025-01-16T04:28:05.259+0000] {taskinstance.py:3132} INFO - Exporting env vars: AIRFLOW_CTX_DAG_OWNER='TuanDz' AIRFLOW_CTX_DAG_ID='stock_information' AIRFLOW_CTX_TASK_ID='append_to_database' AIRFLOW_CTX_EXECUTION_DATE='2025-01-16T04:27:00+00:00' AIRFLOW_CTX_TRY_NUMBER='1' AIRFLOW_CTX_DAG_RUN_ID='scheduled__2025-01-16T04:27:00+00:00'
[2025-01-16T04:28:05.261+0000] {taskinstance.py:731} INFO - ::endgroup::
[2025-01-16T04:28:05.326+0000] {logging_mixin.py:190} INFO - Kết nối thành công!
[2025-01-16T04:28:05.327+0000] {logging_mixin.py:190} INFO - <class 'str'>
[2025-01-16T04:28:05.328+0000] {logging_mixin.py:190} INFO - [['TCB', 25350, 22050, 23700, 'STOCK', 'HSX', '', 7045021622, 'STOCK', 8424683, 'Ngân hàng Thương mại Cổ phần Kỹ thương Việt Nam', 23700, '', '2025-01-16', 23750, 1000, 3386300, 80729, 23839.88423943537, 23950, 23700, 'b', 0, 0, 0, 1590552461, 80729.14000000003, 33863, 23700, 23700, 207800, 23650, 144500, 23600, 99500, 23800, 159000, 23850, 205500, 23900, 287000, '2025-01-16 04:28:02']]
[2025-01-16T04:28:05.329+0000] {logging_mixin.py:190} INFO - <class 'list'>
[2025-01-16T04:28:05.330+0000] {logging_mixin.py:190} INFO - [['TCB', 25350, 22050, 23700, 'STOCK', 'HSX', '', 7045021622, 'STOCK', 8424683, 'Ngân hàng Thương mại Cổ phần Kỹ thương Việt Nam', 23700, '', '2025-01-16', 23750, 1000, 3386300, 80729, 23839.88423943537, 23950, 23700, 'b', 0, 0, 0, 1590552461, 80729.14000000003, 33863, 23700, 23700, 207800, 23650, 144500, 23600, 99500, 23800, 159000, 23850, 205500, 23900, 287000, '2025-01-16 04:28:02']]
[2025-01-16T04:28:05.336+0000] {python.py:240} INFO - Done. Returned value was: None
[2025-01-16T04:28:05.343+0000] {taskinstance.py:340} INFO - ::group::Post task execution logs
[2025-01-16T04:28:05.344+0000] {taskinstance.py:352} INFO - Marking task as SUCCESS. dag_id=stock_information, task_id=append_to_database, run_id=scheduled__2025-01-16T04:27:00+00:00, execution_date=20250116T042700, start_date=20250116T042805, end_date=20250116T042805
[2025-01-16T04:28:05.367+0000] {local_task_job_runner.py:266} INFO - Task exited with return code 0
[2025-01-16T04:28:05.380+0000] {taskinstance.py:3895} INFO - 0 downstream tasks scheduled from follow-on schedule check
[2025-01-16T04:28:05.384+0000] {local_task_job_runner.py:245} INFO - ::endgroup::
