[2025-01-15T06:09:05.954+0000] {local_task_job_runner.py:123} INFO - ::group::Pre task execution logs
[2025-01-15T06:09:05.973+0000] {taskinstance.py:2613} INFO - Dependencies all met for dep_context=non-requeueable deps ti=<TaskInstance: stock_information.append_to_database scheduled__2025-01-15T06:08:00+00:00 [queued]>
[2025-01-15T06:09:05.986+0000] {taskinstance.py:2613} INFO - Dependencies all met for dep_context=requeueable deps ti=<TaskInstance: stock_information.append_to_database scheduled__2025-01-15T06:08:00+00:00 [queued]>
[2025-01-15T06:09:05.989+0000] {taskinstance.py:2866} INFO - Starting attempt 1 of 1
[2025-01-15T06:09:06.038+0000] {taskinstance.py:2889} INFO - Executing <Task(PythonOperator): append_to_database> on 2025-01-15 06:08:00+00:00
[2025-01-15T06:09:06.067+0000] {standard_task_runner.py:72} INFO - Started process 6454 to run task
[2025-01-15T06:09:06.072+0000] {standard_task_runner.py:104} INFO - Running: ['airflow', 'tasks', 'run', 'stock_information', 'append_to_database', 'scheduled__2025-01-15T06:08:00+00:00', '--job-id', '950', '--raw', '--subdir', 'DAGS_FOLDER/vnstock_stream.py', '--cfg-path', '/tmp/tmposi5ty7t']
[2025-01-15T06:09:06.083+0000] {standard_task_runner.py:105} INFO - Job 950: Subtask append_to_database
[2025-01-15T06:09:06.201+0000] {task_command.py:467} INFO - Running <TaskInstance: stock_information.append_to_database scheduled__2025-01-15T06:08:00+00:00 [running]> on host 453ac4defedc
[2025-01-15T06:09:06.341+0000] {taskinstance.py:3132} INFO - Exporting env vars: AIRFLOW_CTX_DAG_OWNER='TuanDz' AIRFLOW_CTX_DAG_ID='stock_information' AIRFLOW_CTX_TASK_ID='append_to_database' AIRFLOW_CTX_EXECUTION_DATE='2025-01-15T06:08:00+00:00' AIRFLOW_CTX_TRY_NUMBER='1' AIRFLOW_CTX_DAG_RUN_ID='scheduled__2025-01-15T06:08:00+00:00'
[2025-01-15T06:09:06.345+0000] {taskinstance.py:731} INFO - ::endgroup::
[2025-01-15T06:09:06.397+0000] {logging_mixin.py:190} INFO - Kết nối thành công!
[2025-01-15T06:09:06.398+0000] {logging_mixin.py:190} INFO - <class 'str'>
[2025-01-15T06:09:06.399+0000] {logging_mixin.py:190} INFO - [['TCB', 25250, 21950, 23600, 'STOCK', 'HSX', '', 7045021622, 'STOCK', 8424683, 'Ngân hàng Thương mại Cổ phần Kỹ thương Việt Nam', 23600, '', '2025-01-15', 23900, 100, 2919400, 69453, 23790.162362129206, 23900, 23650, 'b', 156700, 156700, 0, 1590552461, 69453.9149999998, 29194, 23600, 23850, 125900, 23800, 99400, 23750, 280900, 23900, 12400, 23950, 219500, 24000, 840200, '2025-01-15 06:09:03']]
[2025-01-15T06:09:06.400+0000] {logging_mixin.py:190} INFO - <class 'list'>
[2025-01-15T06:09:06.400+0000] {logging_mixin.py:190} INFO - [['TCB', 25250, 21950, 23600, 'STOCK', 'HSX', '', 7045021622, 'STOCK', 8424683, 'Ngân hàng Thương mại Cổ phần Kỹ thương Việt Nam', 23600, '', '2025-01-15', 23900, 100, 2919400, 69453, 23790.162362129206, 23900, 23650, 'b', 156700, 156700, 0, 1590552461, 69453.9149999998, 29194, 23600, 23850, 125900, 23800, 99400, 23750, 280900, 23900, 12400, 23950, 219500, 24000, 840200, '2025-01-15 06:09:03']]
[2025-01-15T06:09:06.404+0000] {python.py:240} INFO - Done. Returned value was: None
[2025-01-15T06:09:06.412+0000] {taskinstance.py:340} INFO - ::group::Post task execution logs
[2025-01-15T06:09:06.413+0000] {taskinstance.py:352} INFO - Marking task as SUCCESS. dag_id=stock_information, task_id=append_to_database, run_id=scheduled__2025-01-15T06:08:00+00:00, execution_date=20250115T060800, start_date=20250115T060905, end_date=20250115T060906
[2025-01-15T06:09:06.458+0000] {local_task_job_runner.py:266} INFO - Task exited with return code 0
[2025-01-15T06:09:06.481+0000] {taskinstance.py:3895} INFO - 0 downstream tasks scheduled from follow-on schedule check
[2025-01-15T06:09:06.488+0000] {local_task_job_runner.py:245} INFO - ::endgroup::
