[2025-01-15T04:05:05.020+0000] {local_task_job_runner.py:123} INFO - ::group::Pre task execution logs
[2025-01-15T04:05:05.036+0000] {taskinstance.py:2613} INFO - Dependencies all met for dep_context=non-requeueable deps ti=<TaskInstance: stock_information.append_to_database scheduled__2025-01-15T04:04:00+00:00 [queued]>
[2025-01-15T04:05:05.046+0000] {taskinstance.py:2613} INFO - Dependencies all met for dep_context=requeueable deps ti=<TaskInstance: stock_information.append_to_database scheduled__2025-01-15T04:04:00+00:00 [queued]>
[2025-01-15T04:05:05.047+0000] {taskinstance.py:2866} INFO - Starting attempt 1 of 1
[2025-01-15T04:05:05.062+0000] {taskinstance.py:2889} INFO - Executing <Task(PythonOperator): append_to_database> on 2025-01-15 04:04:00+00:00
[2025-01-15T04:05:05.072+0000] {standard_task_runner.py:72} INFO - Started process 2868 to run task
[2025-01-15T04:05:05.075+0000] {standard_task_runner.py:104} INFO - Running: ['airflow', 'tasks', 'run', 'stock_information', 'append_to_database', 'scheduled__2025-01-15T04:04:00+00:00', '--job-id', '702', '--raw', '--subdir', 'DAGS_FOLDER/vnstock_stream.py', '--cfg-path', '/tmp/tmpa9t7hyv8']
[2025-01-15T04:05:05.078+0000] {standard_task_runner.py:105} INFO - Job 702: Subtask append_to_database
[2025-01-15T04:05:05.125+0000] {task_command.py:467} INFO - Running <TaskInstance: stock_information.append_to_database scheduled__2025-01-15T04:04:00+00:00 [running]> on host 453ac4defedc
[2025-01-15T04:05:05.222+0000] {taskinstance.py:3132} INFO - Exporting env vars: AIRFLOW_CTX_DAG_OWNER='TuanDz' AIRFLOW_CTX_DAG_ID='stock_information' AIRFLOW_CTX_TASK_ID='append_to_database' AIRFLOW_CTX_EXECUTION_DATE='2025-01-15T04:04:00+00:00' AIRFLOW_CTX_TRY_NUMBER='1' AIRFLOW_CTX_DAG_RUN_ID='scheduled__2025-01-15T04:04:00+00:00'
[2025-01-15T04:05:05.225+0000] {taskinstance.py:731} INFO - ::endgroup::
[2025-01-15T04:05:05.275+0000] {logging_mixin.py:190} INFO - Kết nối thành công!
[2025-01-15T04:05:05.277+0000] {logging_mixin.py:190} INFO - <class 'str'>
[2025-01-15T04:05:05.279+0000] {logging_mixin.py:190} INFO - [['TCB', 25250, 21950, 23600, 'STOCK', 'HSX', '', 7045021622, 'STOCK', 8424683, 'Ngân hàng Thương mại Cổ phần Kỹ thương Việt Nam', 23600, '', '2025-01-15', 23800, 3100, 2042300, 48518, 23756.54898888508, 23900, 23650, 's', 0, 0, 0, 1590552461, 48518.815, 20423, 23600, 23800, 122700, 23750, 145600, 23700, 135700, 23850, 55400, 23900, 227700, 23950, 154300, '2025-01-15 04:05:03']]
[2025-01-15T04:05:05.281+0000] {logging_mixin.py:190} INFO - <class 'list'>
[2025-01-15T04:05:05.283+0000] {logging_mixin.py:190} INFO - [['TCB', 25250, 21950, 23600, 'STOCK', 'HSX', '', 7045021622, 'STOCK', 8424683, 'Ngân hàng Thương mại Cổ phần Kỹ thương Việt Nam', 23600, '', '2025-01-15', 23800, 3100, 2042300, 48518, 23756.54898888508, 23900, 23650, 's', 0, 0, 0, 1590552461, 48518.815, 20423, 23600, 23800, 122700, 23750, 145600, 23700, 135700, 23850, 55400, 23900, 227700, 23950, 154300, '2025-01-15 04:05:03']]
[2025-01-15T04:05:05.288+0000] {python.py:240} INFO - Done. Returned value was: None
[2025-01-15T04:05:05.298+0000] {taskinstance.py:340} INFO - ::group::Post task execution logs
[2025-01-15T04:05:05.300+0000] {taskinstance.py:352} INFO - Marking task as SUCCESS. dag_id=stock_information, task_id=append_to_database, run_id=scheduled__2025-01-15T04:04:00+00:00, execution_date=20250115T040400, start_date=20250115T040505, end_date=20250115T040505
[2025-01-15T04:05:05.330+0000] {local_task_job_runner.py:266} INFO - Task exited with return code 0
[2025-01-15T04:05:05.346+0000] {taskinstance.py:3895} INFO - 0 downstream tasks scheduled from follow-on schedule check
[2025-01-15T04:05:05.351+0000] {local_task_job_runner.py:245} INFO - ::endgroup::
