[2025-01-16T03:45:04.568+0000] {local_task_job_runner.py:123} INFO - ::group::Pre task execution logs
[2025-01-16T03:45:04.581+0000] {taskinstance.py:2613} INFO - Dependencies all met for dep_context=non-requeueable deps ti=<TaskInstance: stock_information.append_to_database scheduled__2025-01-16T03:44:00+00:00 [queued]>
[2025-01-16T03:45:04.593+0000] {taskinstance.py:2613} INFO - Dependencies all met for dep_context=requeueable deps ti=<TaskInstance: stock_information.append_to_database scheduled__2025-01-16T03:44:00+00:00 [queued]>
[2025-01-16T03:45:04.594+0000] {taskinstance.py:2866} INFO - Starting attempt 1 of 1
[2025-01-16T03:45:04.609+0000] {taskinstance.py:2889} INFO - Executing <Task(PythonOperator): append_to_database> on 2025-01-16 03:44:00+00:00
[2025-01-16T03:45:04.616+0000] {standard_task_runner.py:72} INFO - Started process 2230 to run task
[2025-01-16T03:45:04.619+0000] {standard_task_runner.py:104} INFO - Running: ['airflow', 'tasks', 'run', 'stock_information', 'append_to_database', 'scheduled__2025-01-16T03:44:00+00:00', '--job-id', '1559', '--raw', '--subdir', 'DAGS_FOLDER/vnstock_stream.py', '--cfg-path', '/tmp/tmp2dr5dptj']
[2025-01-16T03:45:04.622+0000] {standard_task_runner.py:105} INFO - Job 1559: Subtask append_to_database
[2025-01-16T03:45:04.664+0000] {task_command.py:467} INFO - Running <TaskInstance: stock_information.append_to_database scheduled__2025-01-16T03:44:00+00:00 [running]> on host 453ac4defedc
[2025-01-16T03:45:04.753+0000] {taskinstance.py:3132} INFO - Exporting env vars: AIRFLOW_CTX_DAG_OWNER='TuanDz' AIRFLOW_CTX_DAG_ID='stock_information' AIRFLOW_CTX_TASK_ID='append_to_database' AIRFLOW_CTX_EXECUTION_DATE='2025-01-16T03:44:00+00:00' AIRFLOW_CTX_TRY_NUMBER='1' AIRFLOW_CTX_DAG_RUN_ID='scheduled__2025-01-16T03:44:00+00:00'
[2025-01-16T03:45:04.756+0000] {taskinstance.py:731} INFO - ::endgroup::
[2025-01-16T03:45:04.805+0000] {logging_mixin.py:190} INFO - Kết nối thành công!
[2025-01-16T03:45:04.806+0000] {logging_mixin.py:190} INFO - <class 'str'>
[2025-01-16T03:45:04.806+0000] {logging_mixin.py:190} INFO - [['TCB', 25350, 22050, 23700, 'STOCK', 'HSX', '', 7045021622, 'STOCK', 8424683, 'Ngân hàng Thương mại Cổ phần Kỹ thương Việt Nam', 23700, '', '2025-01-16', 23750, 1000, 2988100, 71269, 23850.94207021184, 23950, 23750, 's', 0, 0, 0, 1590552461, 71269.32999999997, 29881, 23700, 23750, 269100, 23700, 241600, 23650, 20800, 23800, 10300, 23850, 194800, 23900, 267000, '2025-01-16 03:45:02']]
[2025-01-16T03:45:04.807+0000] {logging_mixin.py:190} INFO - <class 'list'>
[2025-01-16T03:45:04.808+0000] {logging_mixin.py:190} INFO - [['TCB', 25350, 22050, 23700, 'STOCK', 'HSX', '', 7045021622, 'STOCK', 8424683, 'Ngân hàng Thương mại Cổ phần Kỹ thương Việt Nam', 23700, '', '2025-01-16', 23750, 1000, 2988100, 71269, 23850.94207021184, 23950, 23750, 's', 0, 0, 0, 1590552461, 71269.32999999997, 29881, 23700, 23750, 269100, 23700, 241600, 23650, 20800, 23800, 10300, 23850, 194800, 23900, 267000, '2025-01-16 03:45:02']]
[2025-01-16T03:45:04.811+0000] {python.py:240} INFO - Done. Returned value was: None
[2025-01-16T03:45:04.818+0000] {taskinstance.py:340} INFO - ::group::Post task execution logs
[2025-01-16T03:45:04.819+0000] {taskinstance.py:352} INFO - Marking task as SUCCESS. dag_id=stock_information, task_id=append_to_database, run_id=scheduled__2025-01-16T03:44:00+00:00, execution_date=20250116T034400, start_date=20250116T034504, end_date=20250116T034504
[2025-01-16T03:45:04.874+0000] {local_task_job_runner.py:266} INFO - Task exited with return code 0
[2025-01-16T03:45:04.892+0000] {taskinstance.py:3895} INFO - 0 downstream tasks scheduled from follow-on schedule check
[2025-01-16T03:45:04.896+0000] {local_task_job_runner.py:245} INFO - ::endgroup::
