[2025-01-15T07:32:05.694+0000] {local_task_job_runner.py:123} INFO - ::group::Pre task execution logs
[2025-01-15T07:32:05.706+0000] {taskinstance.py:2613} INFO - Dependencies all met for dep_context=non-requeueable deps ti=<TaskInstance: stock_information.append_to_database scheduled__2025-01-15T07:31:00+00:00 [queued]>
[2025-01-15T07:32:05.714+0000] {taskinstance.py:2613} INFO - Dependencies all met for dep_context=requeueable deps ti=<TaskInstance: stock_information.append_to_database scheduled__2025-01-15T07:31:00+00:00 [queued]>
[2025-01-15T07:32:05.715+0000] {taskinstance.py:2866} INFO - Starting attempt 1 of 1
[2025-01-15T07:32:05.727+0000] {taskinstance.py:2889} INFO - Executing <Task(PythonOperator): append_to_database> on 2025-01-15 07:31:00+00:00
[2025-01-15T07:32:05.734+0000] {standard_task_runner.py:72} INFO - Started process 8875 to run task
[2025-01-15T07:32:05.737+0000] {standard_task_runner.py:104} INFO - Running: ['airflow', 'tasks', 'run', 'stock_information', 'append_to_database', 'scheduled__2025-01-15T07:31:00+00:00', '--job-id', '1116', '--raw', '--subdir', 'DAGS_FOLDER/vnstock_stream.py', '--cfg-path', '/tmp/tmpgguvap0o']
[2025-01-15T07:32:05.741+0000] {standard_task_runner.py:105} INFO - Job 1116: Subtask append_to_database
[2025-01-15T07:32:05.780+0000] {task_command.py:467} INFO - Running <TaskInstance: stock_information.append_to_database scheduled__2025-01-15T07:31:00+00:00 [running]> on host 453ac4defedc
[2025-01-15T07:32:05.879+0000] {taskinstance.py:3132} INFO - Exporting env vars: AIRFLOW_CTX_DAG_OWNER='TuanDz' AIRFLOW_CTX_DAG_ID='stock_information' AIRFLOW_CTX_TASK_ID='append_to_database' AIRFLOW_CTX_EXECUTION_DATE='2025-01-15T07:31:00+00:00' AIRFLOW_CTX_TRY_NUMBER='1' AIRFLOW_CTX_DAG_RUN_ID='scheduled__2025-01-15T07:31:00+00:00'
[2025-01-15T07:32:05.881+0000] {taskinstance.py:731} INFO - ::endgroup::
[2025-01-15T07:32:05.929+0000] {logging_mixin.py:190} INFO - Kết nối thành công!
[2025-01-15T07:32:05.930+0000] {logging_mixin.py:190} INFO - <class 'str'>
[2025-01-15T07:32:05.932+0000] {logging_mixin.py:190} INFO - [['TCB', 25250, 21950, 23600, 'STOCK', 'HSX', '', 7045021622, 'STOCK', 8424683, 'Ngân hàng Thương mại Cổ phần Kỹ thương Việt Nam', 23600, '', '2025-01-15', 23700, 0, 6434200, 153120, 23797.830344098722, 23900, 23650, 's', 156700, 186700, 0, 1590552461, 153120.30000000002, 64342, 23600, 0, 1200, 23750, 2000, 23700, 165300, 0, 116300, 21950, 1700, 23700, 1100, '2025-01-15 07:32:03']]
[2025-01-15T07:32:05.933+0000] {logging_mixin.py:190} INFO - <class 'list'>
[2025-01-15T07:32:05.934+0000] {logging_mixin.py:190} INFO - [['TCB', 25250, 21950, 23600, 'STOCK', 'HSX', '', 7045021622, 'STOCK', 8424683, 'Ngân hàng Thương mại Cổ phần Kỹ thương Việt Nam', 23600, '', '2025-01-15', 23700, 0, 6434200, 153120, 23797.830344098722, 23900, 23650, 's', 156700, 186700, 0, 1590552461, 153120.30000000002, 64342, 23600, 0, 1200, 23750, 2000, 23700, 165300, 0, 116300, 21950, 1700, 23700, 1100, '2025-01-15 07:32:03']]
[2025-01-15T07:32:05.939+0000] {python.py:240} INFO - Done. Returned value was: None
[2025-01-15T07:32:05.947+0000] {taskinstance.py:340} INFO - ::group::Post task execution logs
[2025-01-15T07:32:05.949+0000] {taskinstance.py:352} INFO - Marking task as SUCCESS. dag_id=stock_information, task_id=append_to_database, run_id=scheduled__2025-01-15T07:31:00+00:00, execution_date=20250115T073100, start_date=20250115T073205, end_date=20250115T073205
[2025-01-15T07:32:05.992+0000] {local_task_job_runner.py:266} INFO - Task exited with return code 0
[2025-01-15T07:32:06.009+0000] {taskinstance.py:3895} INFO - 0 downstream tasks scheduled from follow-on schedule check
[2025-01-15T07:32:06.013+0000] {local_task_job_runner.py:245} INFO - ::endgroup::
