[2025-01-16T03:08:04.288+0000] {local_task_job_runner.py:123} INFO - ::group::Pre task execution logs
[2025-01-16T03:08:04.306+0000] {taskinstance.py:2613} INFO - Dependencies all met for dep_context=non-requeueable deps ti=<TaskInstance: stock_information.append_to_database scheduled__2025-01-16T03:07:00+00:00 [queued]>
[2025-01-16T03:08:04.318+0000] {taskinstance.py:2613} INFO - Dependencies all met for dep_context=requeueable deps ti=<TaskInstance: stock_information.append_to_database scheduled__2025-01-16T03:07:00+00:00 [queued]>
[2025-01-16T03:08:04.320+0000] {taskinstance.py:2866} INFO - Starting attempt 1 of 1
[2025-01-16T03:08:04.339+0000] {taskinstance.py:2889} INFO - Executing <Task(PythonOperator): append_to_database> on 2025-01-16 03:07:00+00:00
[2025-01-16T03:08:04.349+0000] {standard_task_runner.py:72} INFO - Started process 1149 to run task
[2025-01-16T03:08:04.352+0000] {standard_task_runner.py:104} INFO - Running: ['airflow', 'tasks', 'run', 'stock_information', 'append_to_database', 'scheduled__2025-01-16T03:07:00+00:00', '--job-id', '1485', '--raw', '--subdir', 'DAGS_FOLDER/vnstock_stream.py', '--cfg-path', '/tmp/tmpqkpg6ty4']
[2025-01-16T03:08:04.355+0000] {standard_task_runner.py:105} INFO - Job 1485: Subtask append_to_database
[2025-01-16T03:08:04.395+0000] {task_command.py:467} INFO - Running <TaskInstance: stock_information.append_to_database scheduled__2025-01-16T03:07:00+00:00 [running]> on host 453ac4defedc
[2025-01-16T03:08:04.473+0000] {taskinstance.py:3132} INFO - Exporting env vars: AIRFLOW_CTX_DAG_OWNER='TuanDz' AIRFLOW_CTX_DAG_ID='stock_information' AIRFLOW_CTX_TASK_ID='append_to_database' AIRFLOW_CTX_EXECUTION_DATE='2025-01-16T03:07:00+00:00' AIRFLOW_CTX_TRY_NUMBER='1' AIRFLOW_CTX_DAG_RUN_ID='scheduled__2025-01-16T03:07:00+00:00'
[2025-01-16T03:08:04.475+0000] {taskinstance.py:731} INFO - ::endgroup::
[2025-01-16T03:08:04.534+0000] {logging_mixin.py:190} INFO - Kết nối thành công!
[2025-01-16T03:08:04.534+0000] {logging_mixin.py:190} INFO - <class 'str'>
[2025-01-16T03:08:04.535+0000] {logging_mixin.py:190} INFO - [['TCB', 25350, 22050, 23700, 'STOCK', 'HSX', '', 7045021622, 'STOCK', 8424683, 'Ngân hàng Thương mại Cổ phần Kỹ thương Việt Nam', 23700, '', '2025-01-16', 23850, 1000, 2162700, 51622, 23869.237527165118, 23950, 23800, 's', 0, 0, 0, 1590552461, 51622.80999999992, 21627, 23700, 23850, 17400, 23800, 269900, 23750, 262600, 23900, 240200, 23950, 245200, 24000, 735600, '2025-01-16 03:08:02']]
[2025-01-16T03:08:04.535+0000] {logging_mixin.py:190} INFO - <class 'list'>
[2025-01-16T03:08:04.536+0000] {logging_mixin.py:190} INFO - [['TCB', 25350, 22050, 23700, 'STOCK', 'HSX', '', 7045021622, 'STOCK', 8424683, 'Ngân hàng Thương mại Cổ phần Kỹ thương Việt Nam', 23700, '', '2025-01-16', 23850, 1000, 2162700, 51622, 23869.237527165118, 23950, 23800, 's', 0, 0, 0, 1590552461, 51622.80999999992, 21627, 23700, 23850, 17400, 23800, 269900, 23750, 262600, 23900, 240200, 23950, 245200, 24000, 735600, '2025-01-16 03:08:02']]
[2025-01-16T03:08:04.542+0000] {python.py:240} INFO - Done. Returned value was: None
[2025-01-16T03:08:04.549+0000] {taskinstance.py:340} INFO - ::group::Post task execution logs
[2025-01-16T03:08:04.550+0000] {taskinstance.py:352} INFO - Marking task as SUCCESS. dag_id=stock_information, task_id=append_to_database, run_id=scheduled__2025-01-16T03:07:00+00:00, execution_date=20250116T030700, start_date=20250116T030804, end_date=20250116T030804
[2025-01-16T03:08:04.567+0000] {local_task_job_runner.py:266} INFO - Task exited with return code 0
[2025-01-16T03:08:04.583+0000] {taskinstance.py:3895} INFO - 0 downstream tasks scheduled from follow-on schedule check
[2025-01-16T03:08:04.587+0000] {local_task_job_runner.py:245} INFO - ::endgroup::
