[2025-01-15T06:18:04.202+0000] {local_task_job_runner.py:123} INFO - ::group::Pre task execution logs
[2025-01-15T06:18:04.213+0000] {taskinstance.py:2613} INFO - Dependencies all met for dep_context=non-requeueable deps ti=<TaskInstance: stock_information.append_to_database scheduled__2025-01-15T06:17:00+00:00 [queued]>
[2025-01-15T06:18:04.221+0000] {taskinstance.py:2613} INFO - Dependencies all met for dep_context=requeueable deps ti=<TaskInstance: stock_information.append_to_database scheduled__2025-01-15T06:17:00+00:00 [queued]>
[2025-01-15T06:18:04.223+0000] {taskinstance.py:2866} INFO - Starting attempt 1 of 1
[2025-01-15T06:18:04.235+0000] {taskinstance.py:2889} INFO - Executing <Task(PythonOperator): append_to_database> on 2025-01-15 06:17:00+00:00
[2025-01-15T06:18:04.246+0000] {standard_task_runner.py:72} INFO - Started process 6713 to run task
[2025-01-15T06:18:04.249+0000] {standard_task_runner.py:104} INFO - Running: ['airflow', 'tasks', 'run', 'stock_information', 'append_to_database', 'scheduled__2025-01-15T06:17:00+00:00', '--job-id', '968', '--raw', '--subdir', 'DAGS_FOLDER/vnstock_stream.py', '--cfg-path', '/tmp/tmp8_5u4jti']
[2025-01-15T06:18:04.254+0000] {standard_task_runner.py:105} INFO - Job 968: Subtask append_to_database
[2025-01-15T06:18:04.301+0000] {task_command.py:467} INFO - Running <TaskInstance: stock_information.append_to_database scheduled__2025-01-15T06:17:00+00:00 [running]> on host 453ac4defedc
[2025-01-15T06:18:04.384+0000] {taskinstance.py:3132} INFO - Exporting env vars: AIRFLOW_CTX_DAG_OWNER='TuanDz' AIRFLOW_CTX_DAG_ID='stock_information' AIRFLOW_CTX_TASK_ID='append_to_database' AIRFLOW_CTX_EXECUTION_DATE='2025-01-15T06:17:00+00:00' AIRFLOW_CTX_TRY_NUMBER='1' AIRFLOW_CTX_DAG_RUN_ID='scheduled__2025-01-15T06:17:00+00:00'
[2025-01-15T06:18:04.386+0000] {taskinstance.py:731} INFO - ::endgroup::
[2025-01-15T06:18:04.419+0000] {logging_mixin.py:190} INFO - Kết nối thành công!
[2025-01-15T06:18:04.420+0000] {logging_mixin.py:190} INFO - <class 'str'>
[2025-01-15T06:18:04.421+0000] {logging_mixin.py:190} INFO - [['TCB', 25250, 21950, 23600, 'STOCK', 'HSX', '', 7045021622, 'STOCK', 8424683, 'Ngân hàng Thương mại Cổ phần Kỹ thương Việt Nam', 23600, '', '2025-01-15', 23850, 2200, 3287300, 78239, 23800.3832932802, 23900, 23650, 's', 156700, 156700, 0, 1590552461, 78239.13999999977, 32873, 23600, 23850, 134200, 23800, 231300, 23750, 288900, 23900, 105500, 23950, 242300, 24000, 752400, '2025-01-15 06:18:02']]
[2025-01-15T06:18:04.422+0000] {logging_mixin.py:190} INFO - <class 'list'>
[2025-01-15T06:18:04.422+0000] {logging_mixin.py:190} INFO - [['TCB', 25250, 21950, 23600, 'STOCK', 'HSX', '', 7045021622, 'STOCK', 8424683, 'Ngân hàng Thương mại Cổ phần Kỹ thương Việt Nam', 23600, '', '2025-01-15', 23850, 2200, 3287300, 78239, 23800.3832932802, 23900, 23650, 's', 156700, 156700, 0, 1590552461, 78239.13999999977, 32873, 23600, 23850, 134200, 23800, 231300, 23750, 288900, 23900, 105500, 23950, 242300, 24000, 752400, '2025-01-15 06:18:02']]
[2025-01-15T06:18:04.424+0000] {python.py:240} INFO - Done. Returned value was: None
[2025-01-15T06:18:04.431+0000] {taskinstance.py:340} INFO - ::group::Post task execution logs
[2025-01-15T06:18:04.432+0000] {taskinstance.py:352} INFO - Marking task as SUCCESS. dag_id=stock_information, task_id=append_to_database, run_id=scheduled__2025-01-15T06:17:00+00:00, execution_date=20250115T061700, start_date=20250115T061804, end_date=20250115T061804
[2025-01-15T06:18:04.466+0000] {local_task_job_runner.py:266} INFO - Task exited with return code 0
[2025-01-15T06:18:04.482+0000] {taskinstance.py:3895} INFO - 0 downstream tasks scheduled from follow-on schedule check
[2025-01-15T06:18:04.486+0000] {local_task_job_runner.py:245} INFO - ::endgroup::
