[2025-01-16T04:05:05.276+0000] {local_task_job_runner.py:123} INFO - ::group::Pre task execution logs
[2025-01-16T04:05:05.298+0000] {taskinstance.py:2613} INFO - Dependencies all met for dep_context=non-requeueable deps ti=<TaskInstance: stock_information.append_to_database scheduled__2025-01-16T04:04:00+00:00 [queued]>
[2025-01-16T04:05:05.311+0000] {taskinstance.py:2613} INFO - Dependencies all met for dep_context=requeueable deps ti=<TaskInstance: stock_information.append_to_database scheduled__2025-01-16T04:04:00+00:00 [queued]>
[2025-01-16T04:05:05.315+0000] {taskinstance.py:2866} INFO - Starting attempt 1 of 1
[2025-01-16T04:05:05.333+0000] {taskinstance.py:2889} INFO - Executing <Task(PythonOperator): append_to_database> on 2025-01-16 04:04:00+00:00
[2025-01-16T04:05:05.342+0000] {standard_task_runner.py:72} INFO - Started process 2813 to run task
[2025-01-16T04:05:05.345+0000] {standard_task_runner.py:104} INFO - Running: ['airflow', 'tasks', 'run', 'stock_information', 'append_to_database', 'scheduled__2025-01-16T04:04:00+00:00', '--job-id', '1599', '--raw', '--subdir', 'DAGS_FOLDER/vnstock_stream.py', '--cfg-path', '/tmp/tmporn0lu78']
[2025-01-16T04:05:05.350+0000] {standard_task_runner.py:105} INFO - Job 1599: Subtask append_to_database
[2025-01-16T04:05:05.388+0000] {task_command.py:467} INFO - Running <TaskInstance: stock_information.append_to_database scheduled__2025-01-16T04:04:00+00:00 [running]> on host 453ac4defedc
[2025-01-16T04:05:05.466+0000] {taskinstance.py:3132} INFO - Exporting env vars: AIRFLOW_CTX_DAG_OWNER='TuanDz' AIRFLOW_CTX_DAG_ID='stock_information' AIRFLOW_CTX_TASK_ID='append_to_database' AIRFLOW_CTX_EXECUTION_DATE='2025-01-16T04:04:00+00:00' AIRFLOW_CTX_TRY_NUMBER='1' AIRFLOW_CTX_DAG_RUN_ID='scheduled__2025-01-16T04:04:00+00:00'
[2025-01-16T04:05:05.468+0000] {taskinstance.py:731} INFO - ::endgroup::
[2025-01-16T04:05:05.532+0000] {logging_mixin.py:190} INFO - Kết nối thành công!
[2025-01-16T04:05:05.533+0000] {logging_mixin.py:190} INFO - <class 'str'>
[2025-01-16T04:05:05.534+0000] {logging_mixin.py:190} INFO - [['TCB', 25350, 22050, 23700, 'STOCK', 'HSX', '', 7045021622, 'STOCK', 8424683, 'Ngân hàng Thương mại Cổ phần Kỹ thương Việt Nam', 23700, '', '2025-01-16', 23750, 2000, 3097900, 73877, 23847.44504341651, 23950, 23750, 's', 0, 0, 0, 1590552461, 73877.61499999999, 30979, 23700, 23750, 183400, 23700, 168500, 23650, 19000, 23800, 69900, 23850, 195800, 23900, 287500, '2025-01-16 04:05:02']]
[2025-01-16T04:05:05.535+0000] {logging_mixin.py:190} INFO - <class 'list'>
[2025-01-16T04:05:05.536+0000] {logging_mixin.py:190} INFO - [['TCB', 25350, 22050, 23700, 'STOCK', 'HSX', '', 7045021622, 'STOCK', 8424683, 'Ngân hàng Thương mại Cổ phần Kỹ thương Việt Nam', 23700, '', '2025-01-16', 23750, 2000, 3097900, 73877, 23847.44504341651, 23950, 23750, 's', 0, 0, 0, 1590552461, 73877.61499999999, 30979, 23700, 23750, 183400, 23700, 168500, 23650, 19000, 23800, 69900, 23850, 195800, 23900, 287500, '2025-01-16 04:05:02']]
[2025-01-16T04:05:05.543+0000] {python.py:240} INFO - Done. Returned value was: None
[2025-01-16T04:05:05.550+0000] {taskinstance.py:340} INFO - ::group::Post task execution logs
[2025-01-16T04:05:05.551+0000] {taskinstance.py:352} INFO - Marking task as SUCCESS. dag_id=stock_information, task_id=append_to_database, run_id=scheduled__2025-01-16T04:04:00+00:00, execution_date=20250116T040400, start_date=20250116T040505, end_date=20250116T040505
[2025-01-16T04:05:05.603+0000] {local_task_job_runner.py:266} INFO - Task exited with return code 0
[2025-01-16T04:05:05.618+0000] {taskinstance.py:3895} INFO - 0 downstream tasks scheduled from follow-on schedule check
[2025-01-16T04:05:05.623+0000] {local_task_job_runner.py:245} INFO - ::endgroup::
