[2025-01-16T03:26:04.052+0000] {local_task_job_runner.py:123} INFO - ::group::Pre task execution logs
[2025-01-16T03:26:04.067+0000] {taskinstance.py:2613} INFO - Dependencies all met for dep_context=non-requeueable deps ti=<TaskInstance: stock_information.append_to_database scheduled__2025-01-16T03:25:00+00:00 [queued]>
[2025-01-16T03:26:04.074+0000] {taskinstance.py:2613} INFO - Dependencies all met for dep_context=requeueable deps ti=<TaskInstance: stock_information.append_to_database scheduled__2025-01-16T03:25:00+00:00 [queued]>
[2025-01-16T03:26:04.075+0000] {taskinstance.py:2866} INFO - Starting attempt 1 of 1
[2025-01-16T03:26:04.087+0000] {taskinstance.py:2889} INFO - Executing <Task(PythonOperator): append_to_database> on 2025-01-16 03:25:00+00:00
[2025-01-16T03:26:04.094+0000] {standard_task_runner.py:72} INFO - Started process 1672 to run task
[2025-01-16T03:26:04.096+0000] {standard_task_runner.py:104} INFO - Running: ['airflow', 'tasks', 'run', 'stock_information', 'append_to_database', 'scheduled__2025-01-16T03:25:00+00:00', '--job-id', '1521', '--raw', '--subdir', 'DAGS_FOLDER/vnstock_stream.py', '--cfg-path', '/tmp/tmps4bt41ob']
[2025-01-16T03:26:04.099+0000] {standard_task_runner.py:105} INFO - Job 1521: Subtask append_to_database
[2025-01-16T03:26:04.134+0000] {task_command.py:467} INFO - Running <TaskInstance: stock_information.append_to_database scheduled__2025-01-16T03:25:00+00:00 [running]> on host 453ac4defedc
[2025-01-16T03:26:04.220+0000] {taskinstance.py:3132} INFO - Exporting env vars: AIRFLOW_CTX_DAG_OWNER='TuanDz' AIRFLOW_CTX_DAG_ID='stock_information' AIRFLOW_CTX_TASK_ID='append_to_database' AIRFLOW_CTX_EXECUTION_DATE='2025-01-16T03:25:00+00:00' AIRFLOW_CTX_TRY_NUMBER='1' AIRFLOW_CTX_DAG_RUN_ID='scheduled__2025-01-16T03:25:00+00:00'
[2025-01-16T03:26:04.222+0000] {taskinstance.py:731} INFO - ::endgroup::
[2025-01-16T03:26:04.274+0000] {logging_mixin.py:190} INFO - Kết nối thành công!
[2025-01-16T03:26:04.275+0000] {logging_mixin.py:190} INFO - <class 'str'>
[2025-01-16T03:26:04.275+0000] {logging_mixin.py:190} INFO - [['TCB', 25350, 22050, 23700, 'STOCK', 'HSX', '', 7045021622, 'STOCK', 8424683, 'Ngân hàng Thương mại Cổ phần Kỹ thương Việt Nam', 23700, '', '2025-01-16', 23800, 1000, 2658700, 63432, 23858.276601346523, 23950, 23750, 's', 0, 0, 0, 1590552461, 63432.89999999995, 26587, 23700, 23750, 327600, 23700, 225000, 23650, 20100, 23800, 1700, 23850, 160900, 23900, 239500, '2025-01-16 03:26:02']]
[2025-01-16T03:26:04.276+0000] {logging_mixin.py:190} INFO - <class 'list'>
[2025-01-16T03:26:04.277+0000] {logging_mixin.py:190} INFO - [['TCB', 25350, 22050, 23700, 'STOCK', 'HSX', '', 7045021622, 'STOCK', 8424683, 'Ngân hàng Thương mại Cổ phần Kỹ thương Việt Nam', 23700, '', '2025-01-16', 23800, 1000, 2658700, 63432, 23858.276601346523, 23950, 23750, 's', 0, 0, 0, 1590552461, 63432.89999999995, 26587, 23700, 23750, 327600, 23700, 225000, 23650, 20100, 23800, 1700, 23850, 160900, 23900, 239500, '2025-01-16 03:26:02']]
[2025-01-16T03:26:04.284+0000] {python.py:240} INFO - Done. Returned value was: None
[2025-01-16T03:26:04.292+0000] {taskinstance.py:340} INFO - ::group::Post task execution logs
[2025-01-16T03:26:04.293+0000] {taskinstance.py:352} INFO - Marking task as SUCCESS. dag_id=stock_information, task_id=append_to_database, run_id=scheduled__2025-01-16T03:25:00+00:00, execution_date=20250116T032500, start_date=20250116T032604, end_date=20250116T032604
[2025-01-16T03:26:04.312+0000] {local_task_job_runner.py:266} INFO - Task exited with return code 0
[2025-01-16T03:26:04.327+0000] {taskinstance.py:3895} INFO - 0 downstream tasks scheduled from follow-on schedule check
[2025-01-16T03:26:04.331+0000] {local_task_job_runner.py:245} INFO - ::endgroup::
