[2024-12-16T16:16:55.340+0000] {processor.py:186} INFO - Started process (PID=182) to work on /opt/airflow/dags/kafka_stream.py
[2024-12-16T16:16:55.341+0000] {processor.py:914} INFO - Processing file /opt/airflow/dags/kafka_stream.py for tasks to queue
[2024-12-16T16:16:55.344+0000] {logging_mixin.py:190} INFO - [2024-12-16T16:16:55.343+0000] {dagbag.py:588} INFO - Filling up the DagBag from /opt/airflow/dags/kafka_stream.py
[2024-12-16T16:16:55.385+0000] {processor.py:925} INFO - DAG(s) 'user_automation' retrieved from /opt/airflow/dags/kafka_stream.py
[2024-12-16T16:16:55.607+0000] {logging_mixin.py:190} INFO - [2024-12-16T16:16:55.606+0000] {override.py:1911} INFO - Created Permission View: can edit on DAG:user_automation
[2024-12-16T16:16:55.618+0000] {logging_mixin.py:190} INFO - [2024-12-16T16:16:55.618+0000] {override.py:1911} INFO - Created Permission View: can read on DAG:user_automation
[2024-12-16T16:16:55.626+0000] {logging_mixin.py:190} INFO - [2024-12-16T16:16:55.626+0000] {override.py:1911} INFO - Created Permission View: can delete on DAG:user_automation
[2024-12-16T16:16:55.637+0000] {logging_mixin.py:190} INFO - [2024-12-16T16:16:55.637+0000] {override.py:1911} INFO - Created Permission View: menu access on DAG Run:user_automation
[2024-12-16T16:16:55.645+0000] {logging_mixin.py:190} INFO - [2024-12-16T16:16:55.644+0000] {override.py:1911} INFO - Created Permission View: can read on DAG Run:user_automation
[2024-12-16T16:16:55.653+0000] {logging_mixin.py:190} INFO - [2024-12-16T16:16:55.653+0000] {override.py:1911} INFO - Created Permission View: can delete on DAG Run:user_automation
[2024-12-16T16:16:55.662+0000] {logging_mixin.py:190} INFO - [2024-12-16T16:16:55.661+0000] {override.py:1911} INFO - Created Permission View: can create on DAG Run:user_automation
[2024-12-16T16:16:55.663+0000] {logging_mixin.py:190} INFO - [2024-12-16T16:16:55.662+0000] {dag.py:3239} INFO - Sync 1 DAGs
[2024-12-16T16:16:55.677+0000] {logging_mixin.py:190} INFO - [2024-12-16T16:16:55.676+0000] {dag.py:3262} INFO - Creating ORM DAG for user_automation
[2024-12-16T16:16:55.678+0000] {logging_mixin.py:190} INFO - [2024-12-16T16:16:55.678+0000] {dag.py:4180} INFO - Setting next_dagrun for user_automation to None, run_after=None
[2024-12-16T16:16:55.704+0000] {processor.py:208} INFO - Processing /opt/airflow/dags/kafka_stream.py took 0.372 seconds
[2024-12-16T16:17:26.040+0000] {processor.py:186} INFO - Started process (PID=193) to work on /opt/airflow/dags/kafka_stream.py
[2024-12-16T16:17:26.041+0000] {processor.py:914} INFO - Processing file /opt/airflow/dags/kafka_stream.py for tasks to queue
[2024-12-16T16:17:26.043+0000] {logging_mixin.py:190} INFO - [2024-12-16T16:17:26.043+0000] {dagbag.py:588} INFO - Filling up the DagBag from /opt/airflow/dags/kafka_stream.py
[2024-12-16T16:17:26.056+0000] {processor.py:925} INFO - DAG(s) 'user_automation' retrieved from /opt/airflow/dags/kafka_stream.py
[2024-12-16T16:17:26.076+0000] {logging_mixin.py:190} INFO - [2024-12-16T16:17:26.075+0000] {dag.py:3239} INFO - Sync 1 DAGs
[2024-12-16T16:17:26.088+0000] {logging_mixin.py:190} INFO - [2024-12-16T16:17:26.088+0000] {dag.py:4180} INFO - Setting next_dagrun for user_automation to None, run_after=None
[2024-12-16T16:17:26.111+0000] {processor.py:208} INFO - Processing /opt/airflow/dags/kafka_stream.py took 0.075 seconds
[2024-12-16T16:17:56.492+0000] {processor.py:186} INFO - Started process (PID=204) to work on /opt/airflow/dags/kafka_stream.py
[2024-12-16T16:17:56.494+0000] {processor.py:914} INFO - Processing file /opt/airflow/dags/kafka_stream.py for tasks to queue
[2024-12-16T16:17:56.497+0000] {logging_mixin.py:190} INFO - [2024-12-16T16:17:56.496+0000] {dagbag.py:588} INFO - Filling up the DagBag from /opt/airflow/dags/kafka_stream.py
[2024-12-16T16:17:56.535+0000] {processor.py:925} INFO - DAG(s) 'user_automation' retrieved from /opt/airflow/dags/kafka_stream.py
[2024-12-16T16:17:56.560+0000] {logging_mixin.py:190} INFO - [2024-12-16T16:17:56.560+0000] {dag.py:3239} INFO - Sync 1 DAGs
[2024-12-16T16:17:56.574+0000] {logging_mixin.py:190} INFO - [2024-12-16T16:17:56.574+0000] {dag.py:4180} INFO - Setting next_dagrun for user_automation to None, run_after=None
[2024-12-16T16:17:56.601+0000] {processor.py:208} INFO - Processing /opt/airflow/dags/kafka_stream.py took 0.116 seconds
[2024-12-16T16:18:26.948+0000] {processor.py:186} INFO - Started process (PID=215) to work on /opt/airflow/dags/kafka_stream.py
[2024-12-16T16:18:26.949+0000] {processor.py:914} INFO - Processing file /opt/airflow/dags/kafka_stream.py for tasks to queue
[2024-12-16T16:18:26.951+0000] {logging_mixin.py:190} INFO - [2024-12-16T16:18:26.951+0000] {dagbag.py:588} INFO - Filling up the DagBag from /opt/airflow/dags/kafka_stream.py
[2024-12-16T16:18:26.963+0000] {processor.py:925} INFO - DAG(s) 'user_automation' retrieved from /opt/airflow/dags/kafka_stream.py
[2024-12-16T16:18:26.984+0000] {logging_mixin.py:190} INFO - [2024-12-16T16:18:26.984+0000] {dag.py:3239} INFO - Sync 1 DAGs
[2024-12-16T16:18:26.997+0000] {logging_mixin.py:190} INFO - [2024-12-16T16:18:26.996+0000] {dag.py:4180} INFO - Setting next_dagrun for user_automation to None, run_after=None
[2024-12-16T16:18:27.025+0000] {processor.py:208} INFO - Processing /opt/airflow/dags/kafka_stream.py took 0.082 seconds
[2024-12-16T16:18:57.308+0000] {processor.py:186} INFO - Started process (PID=226) to work on /opt/airflow/dags/kafka_stream.py
[2024-12-16T16:18:57.308+0000] {processor.py:914} INFO - Processing file /opt/airflow/dags/kafka_stream.py for tasks to queue
[2024-12-16T16:18:57.310+0000] {logging_mixin.py:190} INFO - [2024-12-16T16:18:57.310+0000] {dagbag.py:588} INFO - Filling up the DagBag from /opt/airflow/dags/kafka_stream.py
[2024-12-16T16:18:57.322+0000] {processor.py:925} INFO - DAG(s) 'user_automation' retrieved from /opt/airflow/dags/kafka_stream.py
[2024-12-16T16:18:57.341+0000] {logging_mixin.py:190} INFO - [2024-12-16T16:18:57.340+0000] {dag.py:3239} INFO - Sync 1 DAGs
[2024-12-16T16:18:57.350+0000] {logging_mixin.py:190} INFO - [2024-12-16T16:18:57.350+0000] {dag.py:4180} INFO - Setting next_dagrun for user_automation to None, run_after=None
[2024-12-16T16:18:57.366+0000] {processor.py:208} INFO - Processing /opt/airflow/dags/kafka_stream.py took 0.062 seconds
