[2025-01-17T02:59:04.139+0000] {local_task_job_runner.py:123} INFO - ::group::Pre task execution logs
[2025-01-17T02:59:04.153+0000] {taskinstance.py:2613} INFO - Dependencies all met for dep_context=non-requeueable deps ti=<TaskInstance: stock_information.append_to_database scheduled__2025-01-17T02:58:00+00:00 [queued]>
[2025-01-17T02:59:04.160+0000] {taskinstance.py:2613} INFO - Dependencies all met for dep_context=requeueable deps ti=<TaskInstance: stock_information.append_to_database scheduled__2025-01-17T02:58:00+00:00 [queued]>
[2025-01-17T02:59:04.162+0000] {taskinstance.py:2866} INFO - Starting attempt 1 of 1
[2025-01-17T02:59:04.173+0000] {taskinstance.py:2889} INFO - Executing <Task(PythonOperator): append_to_database> on 2025-01-17 02:58:00+00:00
[2025-01-17T02:59:04.178+0000] {standard_task_runner.py:72} INFO - Started process 2386 to run task
[2025-01-17T02:59:04.180+0000] {standard_task_runner.py:104} INFO - Running: ['airflow', 'tasks', 'run', 'stock_information', 'append_to_database', 'scheduled__2025-01-17T02:58:00+00:00', '--job-id', '2370', '--raw', '--subdir', 'DAGS_FOLDER/vnstock_stream.py', '--cfg-path', '/tmp/tmp78z9vf5h']
[2025-01-17T02:59:04.183+0000] {standard_task_runner.py:105} INFO - Job 2370: Subtask append_to_database
[2025-01-17T02:59:04.218+0000] {task_command.py:467} INFO - Running <TaskInstance: stock_information.append_to_database scheduled__2025-01-17T02:58:00+00:00 [running]> on host 453ac4defedc
[2025-01-17T02:59:04.294+0000] {taskinstance.py:3132} INFO - Exporting env vars: AIRFLOW_CTX_DAG_OWNER='TuanDz' AIRFLOW_CTX_DAG_ID='stock_information' AIRFLOW_CTX_TASK_ID='append_to_database' AIRFLOW_CTX_EXECUTION_DATE='2025-01-17T02:58:00+00:00' AIRFLOW_CTX_TRY_NUMBER='1' AIRFLOW_CTX_DAG_RUN_ID='scheduled__2025-01-17T02:58:00+00:00'
[2025-01-17T02:59:04.296+0000] {taskinstance.py:731} INFO - ::endgroup::
[2025-01-17T02:59:04.360+0000] {logging_mixin.py:190} INFO - Kết nối thành công!
[2025-01-17T02:59:04.361+0000] {logging_mixin.py:190} INFO - <class 'str'>
[2025-01-17T02:59:04.361+0000] {logging_mixin.py:190} INFO - [['TCB', 25500, 22200, 23850, 'STOCK', 'HSX', '', 7045021622, 'STOCK', 8424683, 'Ngân hàng Thương mại Cổ phần Kỹ thương Việt Nam', 23850, '', '2025-01-17', 23850, 300, 341800, 8142, 23820.94792276185, 23900, 23750, 's', 5300, 27000, 0, 1590552461, 8142.010000000016, 3418, 23850, 23850, 5300, 23800, 166600, 23750, 68800, 23900, 170400, 23950, 308400, 24000, 934200, '2025-01-17 02:59:02']]
[2025-01-17T02:59:04.362+0000] {logging_mixin.py:190} INFO - <class 'list'>
[2025-01-17T02:59:04.363+0000] {logging_mixin.py:190} INFO - [['TCB', 25500, 22200, 23850, 'STOCK', 'HSX', '', 7045021622, 'STOCK', 8424683, 'Ngân hàng Thương mại Cổ phần Kỹ thương Việt Nam', 23850, '', '2025-01-17', 23850, 300, 341800, 8142, 23820.94792276185, 23900, 23750, 's', 5300, 27000, 0, 1590552461, 8142.010000000016, 3418, 23850, 23850, 5300, 23800, 166600, 23750, 68800, 23900, 170400, 23950, 308400, 24000, 934200, '2025-01-17 02:59:02']]
[2025-01-17T02:59:04.367+0000] {python.py:240} INFO - Done. Returned value was: None
[2025-01-17T02:59:04.375+0000] {taskinstance.py:340} INFO - ::group::Post task execution logs
[2025-01-17T02:59:04.375+0000] {taskinstance.py:352} INFO - Marking task as SUCCESS. dag_id=stock_information, task_id=append_to_database, run_id=scheduled__2025-01-17T02:58:00+00:00, execution_date=20250117T025800, start_date=20250117T025904, end_date=20250117T025904
[2025-01-17T02:59:04.395+0000] {local_task_job_runner.py:266} INFO - Task exited with return code 0
[2025-01-17T02:59:04.409+0000] {taskinstance.py:3895} INFO - 0 downstream tasks scheduled from follow-on schedule check
[2025-01-17T02:59:04.413+0000] {local_task_job_runner.py:245} INFO - ::endgroup::
