[2025-01-15T02:59:05.069+0000] {local_task_job_runner.py:123} INFO - ::group::Pre task execution logs
[2025-01-15T02:59:05.080+0000] {taskinstance.py:2613} INFO - Dependencies all met for dep_context=non-requeueable deps ti=<TaskInstance: stock_information.append_to_database scheduled__2025-01-15T02:58:00+00:00 [queued]>
[2025-01-15T02:59:05.087+0000] {taskinstance.py:2613} INFO - Dependencies all met for dep_context=requeueable deps ti=<TaskInstance: stock_information.append_to_database scheduled__2025-01-15T02:58:00+00:00 [queued]>
[2025-01-15T02:59:05.088+0000] {taskinstance.py:2866} INFO - Starting attempt 1 of 1
[2025-01-15T02:59:05.098+0000] {taskinstance.py:2889} INFO - Executing <Task(PythonOperator): append_to_database> on 2025-01-15 02:58:00+00:00
[2025-01-15T02:59:05.105+0000] {standard_task_runner.py:72} INFO - Started process 940 to run task
[2025-01-15T02:59:05.107+0000] {standard_task_runner.py:104} INFO - Running: ['airflow', 'tasks', 'run', 'stock_information', 'append_to_database', 'scheduled__2025-01-15T02:58:00+00:00', '--job-id', '570', '--raw', '--subdir', 'DAGS_FOLDER/vnstock_stream.py', '--cfg-path', '/tmp/tmp5ts8os0a']
[2025-01-15T02:59:05.109+0000] {standard_task_runner.py:105} INFO - Job 570: Subtask append_to_database
[2025-01-15T02:59:05.144+0000] {task_command.py:467} INFO - Running <TaskInstance: stock_information.append_to_database scheduled__2025-01-15T02:58:00+00:00 [running]> on host 453ac4defedc
[2025-01-15T02:59:05.238+0000] {taskinstance.py:3132} INFO - Exporting env vars: AIRFLOW_CTX_DAG_OWNER='TuanDz' AIRFLOW_CTX_DAG_ID='stock_information' AIRFLOW_CTX_TASK_ID='append_to_database' AIRFLOW_CTX_EXECUTION_DATE='2025-01-15T02:58:00+00:00' AIRFLOW_CTX_TRY_NUMBER='1' AIRFLOW_CTX_DAG_RUN_ID='scheduled__2025-01-15T02:58:00+00:00'
[2025-01-15T02:59:05.241+0000] {taskinstance.py:731} INFO - ::endgroup::
[2025-01-15T02:59:05.289+0000] {logging_mixin.py:190} INFO - Kết nối thành công!
[2025-01-15T02:59:05.290+0000] {logging_mixin.py:190} INFO - <class 'str'>
[2025-01-15T02:59:05.290+0000] {logging_mixin.py:190} INFO - [['TCB', 25250, 21950, 23600, 'STOCK', 'HSX', '', 7045021622, 'STOCK', 8424683, 'Ngân hàng Thương mại Cổ phần Kỹ thương Việt Nam', 23600, '', '2025-01-15', 23700, 5000, 532100, 12628, 23732.381131366285, 23800, 23650, 's', 0, 0, 0, 1590552461, 12628.210000000001, 5321, 23600, 23700, 113800, 23650, 75100, 23600, 131300, 23750, 128100, 23800, 160500, 23850, 143700, '2025-01-15 02:59:02']]
[2025-01-15T02:59:05.291+0000] {logging_mixin.py:190} INFO - <class 'list'>
[2025-01-15T02:59:05.292+0000] {logging_mixin.py:190} INFO - [['TCB', 25250, 21950, 23600, 'STOCK', 'HSX', '', 7045021622, 'STOCK', 8424683, 'Ngân hàng Thương mại Cổ phần Kỹ thương Việt Nam', 23600, '', '2025-01-15', 23700, 5000, 532100, 12628, 23732.381131366285, 23800, 23650, 's', 0, 0, 0, 1590552461, 12628.210000000001, 5321, 23600, 23700, 113800, 23650, 75100, 23600, 131300, 23750, 128100, 23800, 160500, 23850, 143700, '2025-01-15 02:59:02']]
[2025-01-15T02:59:05.294+0000] {python.py:240} INFO - Done. Returned value was: None
[2025-01-15T02:59:05.301+0000] {taskinstance.py:340} INFO - ::group::Post task execution logs
[2025-01-15T02:59:05.302+0000] {taskinstance.py:352} INFO - Marking task as SUCCESS. dag_id=stock_information, task_id=append_to_database, run_id=scheduled__2025-01-15T02:58:00+00:00, execution_date=20250115T025800, start_date=20250115T025905, end_date=20250115T025905
[2025-01-15T02:59:05.322+0000] {local_task_job_runner.py:266} INFO - Task exited with return code 0
[2025-01-15T02:59:05.336+0000] {taskinstance.py:3895} INFO - 0 downstream tasks scheduled from follow-on schedule check
[2025-01-15T02:59:05.340+0000] {local_task_job_runner.py:245} INFO - ::endgroup::
