[2025-01-16T03:23:03.395+0000] {local_task_job_runner.py:123} INFO - ::group::Pre task execution logs
[2025-01-16T03:23:03.408+0000] {taskinstance.py:2613} INFO - Dependencies all met for dep_context=non-requeueable deps ti=<TaskInstance: stock_information.append_to_database scheduled__2025-01-16T03:22:00+00:00 [queued]>
[2025-01-16T03:23:03.414+0000] {taskinstance.py:2613} INFO - Dependencies all met for dep_context=requeueable deps ti=<TaskInstance: stock_information.append_to_database scheduled__2025-01-16T03:22:00+00:00 [queued]>
[2025-01-16T03:23:03.416+0000] {taskinstance.py:2866} INFO - Starting attempt 1 of 1
[2025-01-16T03:23:03.428+0000] {taskinstance.py:2889} INFO - Executing <Task(PythonOperator): append_to_database> on 2025-01-16 03:22:00+00:00
[2025-01-16T03:23:03.435+0000] {standard_task_runner.py:72} INFO - Started process 1587 to run task
[2025-01-16T03:23:03.438+0000] {standard_task_runner.py:104} INFO - Running: ['airflow', 'tasks', 'run', 'stock_information', 'append_to_database', 'scheduled__2025-01-16T03:22:00+00:00', '--job-id', '1515', '--raw', '--subdir', 'DAGS_FOLDER/vnstock_stream.py', '--cfg-path', '/tmp/tmpltbsa8ey']
[2025-01-16T03:23:03.441+0000] {standard_task_runner.py:105} INFO - Job 1515: Subtask append_to_database
[2025-01-16T03:23:03.479+0000] {task_command.py:467} INFO - Running <TaskInstance: stock_information.append_to_database scheduled__2025-01-16T03:22:00+00:00 [running]> on host 453ac4defedc
[2025-01-16T03:23:03.558+0000] {taskinstance.py:3132} INFO - Exporting env vars: AIRFLOW_CTX_DAG_OWNER='TuanDz' AIRFLOW_CTX_DAG_ID='stock_information' AIRFLOW_CTX_TASK_ID='append_to_database' AIRFLOW_CTX_EXECUTION_DATE='2025-01-16T03:22:00+00:00' AIRFLOW_CTX_TRY_NUMBER='1' AIRFLOW_CTX_DAG_RUN_ID='scheduled__2025-01-16T03:22:00+00:00'
[2025-01-16T03:23:03.560+0000] {taskinstance.py:731} INFO - ::endgroup::
[2025-01-16T03:23:03.602+0000] {logging_mixin.py:190} INFO - Kết nối thành công!
[2025-01-16T03:23:03.603+0000] {logging_mixin.py:190} INFO - <class 'str'>
[2025-01-16T03:23:03.603+0000] {logging_mixin.py:190} INFO - [['TCB', 25350, 22050, 23700, 'STOCK', 'HSX', '', 7045021622, 'STOCK', 8424683, 'Ngân hàng Thương mại Cổ phần Kỹ thương Việt Nam', 23700, '', '2025-01-16', 23750, 1000, 2634500, 62857, 23859.176314291137, 23950, 23750, 's', 0, 0, 0, 1590552461, 62857.26499999992, 26345, 23700, 23750, 327900, 23700, 221100, 23650, 15100, 23800, 6900, 23850, 160000, 23900, 242300, '2025-01-16 03:23:02']]
[2025-01-16T03:23:03.604+0000] {logging_mixin.py:190} INFO - <class 'list'>
[2025-01-16T03:23:03.605+0000] {logging_mixin.py:190} INFO - [['TCB', 25350, 22050, 23700, 'STOCK', 'HSX', '', 7045021622, 'STOCK', 8424683, 'Ngân hàng Thương mại Cổ phần Kỹ thương Việt Nam', 23700, '', '2025-01-16', 23750, 1000, 2634500, 62857, 23859.176314291137, 23950, 23750, 's', 0, 0, 0, 1590552461, 62857.26499999992, 26345, 23700, 23750, 327900, 23700, 221100, 23650, 15100, 23800, 6900, 23850, 160000, 23900, 242300, '2025-01-16 03:23:02']]
[2025-01-16T03:23:03.607+0000] {python.py:240} INFO - Done. Returned value was: None
[2025-01-16T03:23:03.614+0000] {taskinstance.py:340} INFO - ::group::Post task execution logs
[2025-01-16T03:23:03.615+0000] {taskinstance.py:352} INFO - Marking task as SUCCESS. dag_id=stock_information, task_id=append_to_database, run_id=scheduled__2025-01-16T03:22:00+00:00, execution_date=20250116T032200, start_date=20250116T032303, end_date=20250116T032303
[2025-01-16T03:23:03.654+0000] {local_task_job_runner.py:266} INFO - Task exited with return code 0
[2025-01-16T03:23:03.672+0000] {taskinstance.py:3895} INFO - 0 downstream tasks scheduled from follow-on schedule check
[2025-01-16T03:23:03.677+0000] {local_task_job_runner.py:245} INFO - ::endgroup::
