[2025-01-16T07:14:04.812+0000] {local_task_job_runner.py:123} INFO - ::group::Pre task execution logs
[2025-01-16T07:14:04.829+0000] {taskinstance.py:2613} INFO - Dependencies all met for dep_context=non-requeueable deps ti=<TaskInstance: stock_information.append_to_database scheduled__2025-01-16T07:13:00+00:00 [queued]>
[2025-01-16T07:14:04.840+0000] {taskinstance.py:2613} INFO - Dependencies all met for dep_context=requeueable deps ti=<TaskInstance: stock_information.append_to_database scheduled__2025-01-16T07:13:00+00:00 [queued]>
[2025-01-16T07:14:04.841+0000] {taskinstance.py:2866} INFO - Starting attempt 1 of 1
[2025-01-16T07:14:04.856+0000] {taskinstance.py:2889} INFO - Executing <Task(PythonOperator): append_to_database> on 2025-01-16 07:13:00+00:00
[2025-01-16T07:14:04.863+0000] {standard_task_runner.py:72} INFO - Started process 8356 to run task
[2025-01-16T07:14:04.865+0000] {standard_task_runner.py:104} INFO - Running: ['airflow', 'tasks', 'run', 'stock_information', 'append_to_database', 'scheduled__2025-01-16T07:13:00+00:00', '--job-id', '1977', '--raw', '--subdir', 'DAGS_FOLDER/vnstock_stream.py', '--cfg-path', '/tmp/tmpmqif1dc6']
[2025-01-16T07:14:04.868+0000] {standard_task_runner.py:105} INFO - Job 1977: Subtask append_to_database
[2025-01-16T07:14:04.911+0000] {task_command.py:467} INFO - Running <TaskInstance: stock_information.append_to_database scheduled__2025-01-16T07:13:00+00:00 [running]> on host 453ac4defedc
[2025-01-16T07:14:04.994+0000] {taskinstance.py:3132} INFO - Exporting env vars: AIRFLOW_CTX_DAG_OWNER='TuanDz' AIRFLOW_CTX_DAG_ID='stock_information' AIRFLOW_CTX_TASK_ID='append_to_database' AIRFLOW_CTX_EXECUTION_DATE='2025-01-16T07:13:00+00:00' AIRFLOW_CTX_TRY_NUMBER='1' AIRFLOW_CTX_DAG_RUN_ID='scheduled__2025-01-16T07:13:00+00:00'
[2025-01-16T07:14:04.996+0000] {taskinstance.py:731} INFO - ::endgroup::
[2025-01-16T07:14:05.059+0000] {logging_mixin.py:190} INFO - Kết nối thành công!
[2025-01-16T07:14:05.060+0000] {logging_mixin.py:190} INFO - <class 'str'>
[2025-01-16T07:14:05.061+0000] {logging_mixin.py:190} INFO - [['TCB', 25350, 22050, 23700, 'STOCK', 'HSX', '', 7045021622, 'STOCK', 8424683, 'Ngân hàng Thương mại Cổ phần Kỹ thương Việt Nam', 23700, '', '2025-01-16', 23850, 9400, 4600900, 109592, 23819.687452454953, 23950, 23700, 'b', 0, 20000, 0, 1590552461, 109592.41499999995, 46009, 23700, 23800, 3000, 23750, 135700, 23700, 278800, 23850, 205300, 23900, 319700, 23950, 311800, '2025-01-16 07:14:02']]
[2025-01-16T07:14:05.062+0000] {logging_mixin.py:190} INFO - <class 'list'>
[2025-01-16T07:14:05.062+0000] {logging_mixin.py:190} INFO - [['TCB', 25350, 22050, 23700, 'STOCK', 'HSX', '', 7045021622, 'STOCK', 8424683, 'Ngân hàng Thương mại Cổ phần Kỹ thương Việt Nam', 23700, '', '2025-01-16', 23850, 9400, 4600900, 109592, 23819.687452454953, 23950, 23700, 'b', 0, 20000, 0, 1590552461, 109592.41499999995, 46009, 23700, 23800, 3000, 23750, 135700, 23700, 278800, 23850, 205300, 23900, 319700, 23950, 311800, '2025-01-16 07:14:02']]
[2025-01-16T07:14:05.068+0000] {python.py:240} INFO - Done. Returned value was: None
[2025-01-16T07:14:05.079+0000] {taskinstance.py:340} INFO - ::group::Post task execution logs
[2025-01-16T07:14:05.081+0000] {taskinstance.py:352} INFO - Marking task as SUCCESS. dag_id=stock_information, task_id=append_to_database, run_id=scheduled__2025-01-16T07:13:00+00:00, execution_date=20250116T071300, start_date=20250116T071404, end_date=20250116T071405
[2025-01-16T07:14:05.121+0000] {local_task_job_runner.py:266} INFO - Task exited with return code 0
[2025-01-16T07:14:05.136+0000] {taskinstance.py:3895} INFO - 0 downstream tasks scheduled from follow-on schedule check
[2025-01-16T07:14:05.143+0000] {local_task_job_runner.py:245} INFO - ::endgroup::
