[2025-01-16T06:05:05.251+0000] {local_task_job_runner.py:123} INFO - ::group::Pre task execution logs
[2025-01-16T06:05:05.274+0000] {taskinstance.py:2613} INFO - Dependencies all met for dep_context=non-requeueable deps ti=<TaskInstance: stock_information.append_to_database scheduled__2025-01-16T06:04:00+00:00 [queued]>
[2025-01-16T06:05:05.287+0000] {taskinstance.py:2613} INFO - Dependencies all met for dep_context=requeueable deps ti=<TaskInstance: stock_information.append_to_database scheduled__2025-01-16T06:04:00+00:00 [queued]>
[2025-01-16T06:05:05.290+0000] {taskinstance.py:2866} INFO - Starting attempt 1 of 1
[2025-01-16T06:05:05.305+0000] {taskinstance.py:2889} INFO - Executing <Task(PythonOperator): append_to_database> on 2025-01-16 06:04:00+00:00
[2025-01-16T06:05:05.314+0000] {standard_task_runner.py:72} INFO - Started process 6332 to run task
[2025-01-16T06:05:05.317+0000] {standard_task_runner.py:104} INFO - Running: ['airflow', 'tasks', 'run', 'stock_information', 'append_to_database', 'scheduled__2025-01-16T06:04:00+00:00', '--job-id', '1839', '--raw', '--subdir', 'DAGS_FOLDER/vnstock_stream.py', '--cfg-path', '/tmp/tmpwd9izut4']
[2025-01-16T06:05:05.321+0000] {standard_task_runner.py:105} INFO - Job 1839: Subtask append_to_database
[2025-01-16T06:05:05.362+0000] {task_command.py:467} INFO - Running <TaskInstance: stock_information.append_to_database scheduled__2025-01-16T06:04:00+00:00 [running]> on host 453ac4defedc
[2025-01-16T06:05:05.443+0000] {taskinstance.py:3132} INFO - Exporting env vars: AIRFLOW_CTX_DAG_OWNER='TuanDz' AIRFLOW_CTX_DAG_ID='stock_information' AIRFLOW_CTX_TASK_ID='append_to_database' AIRFLOW_CTX_EXECUTION_DATE='2025-01-16T06:04:00+00:00' AIRFLOW_CTX_TRY_NUMBER='1' AIRFLOW_CTX_DAG_RUN_ID='scheduled__2025-01-16T06:04:00+00:00'
[2025-01-16T06:05:05.445+0000] {taskinstance.py:731} INFO - ::endgroup::
[2025-01-16T06:05:05.511+0000] {logging_mixin.py:190} INFO - Kết nối thành công!
[2025-01-16T06:05:05.512+0000] {logging_mixin.py:190} INFO - <class 'str'>
[2025-01-16T06:05:05.513+0000] {logging_mixin.py:190} INFO - [['TCB', 25350, 22050, 23700, 'STOCK', 'HSX', '', 7045021622, 'STOCK', 8424683, 'Ngân hàng Thương mại Cổ phần Kỹ thương Việt Nam', 23700, '', '2025-01-16', 23750, 1400, 3461700, 82517, 23837.132044949012, 23950, 23700, 'b', 0, 0, 0, 1590552461, 82517.23, 34617, 23700, 23700, 176200, 23650, 155500, 23600, 201200, 23750, 22100, 23800, 160500, 23850, 217600, '2025-01-16 06:05:03']]
[2025-01-16T06:05:05.514+0000] {logging_mixin.py:190} INFO - <class 'list'>
[2025-01-16T06:05:05.514+0000] {logging_mixin.py:190} INFO - [['TCB', 25350, 22050, 23700, 'STOCK', 'HSX', '', 7045021622, 'STOCK', 8424683, 'Ngân hàng Thương mại Cổ phần Kỹ thương Việt Nam', 23700, '', '2025-01-16', 23750, 1400, 3461700, 82517, 23837.132044949012, 23950, 23700, 'b', 0, 0, 0, 1590552461, 82517.23, 34617, 23700, 23700, 176200, 23650, 155500, 23600, 201200, 23750, 22100, 23800, 160500, 23850, 217600, '2025-01-16 06:05:03']]
[2025-01-16T06:05:05.522+0000] {python.py:240} INFO - Done. Returned value was: None
[2025-01-16T06:05:05.529+0000] {taskinstance.py:340} INFO - ::group::Post task execution logs
[2025-01-16T06:05:05.530+0000] {taskinstance.py:352} INFO - Marking task as SUCCESS. dag_id=stock_information, task_id=append_to_database, run_id=scheduled__2025-01-16T06:04:00+00:00, execution_date=20250116T060400, start_date=20250116T060505, end_date=20250116T060505
[2025-01-16T06:05:05.574+0000] {local_task_job_runner.py:266} INFO - Task exited with return code 0
[2025-01-16T06:05:05.589+0000] {taskinstance.py:3895} INFO - 0 downstream tasks scheduled from follow-on schedule check
[2025-01-16T06:05:05.593+0000] {local_task_job_runner.py:245} INFO - ::endgroup::
