[2025-01-16T02:36:05.715+0000] {local_task_job_runner.py:123} INFO - ::group::Pre task execution logs
[2025-01-16T02:36:05.728+0000] {taskinstance.py:2613} INFO - Dependencies all met for dep_context=non-requeueable deps ti=<TaskInstance: stock_information.append_to_database scheduled__2025-01-16T02:35:00+00:00 [queued]>
[2025-01-16T02:36:05.736+0000] {taskinstance.py:2613} INFO - Dependencies all met for dep_context=requeueable deps ti=<TaskInstance: stock_information.append_to_database scheduled__2025-01-16T02:35:00+00:00 [queued]>
[2025-01-16T02:36:05.738+0000] {taskinstance.py:2866} INFO - Starting attempt 1 of 1
[2025-01-16T02:36:05.750+0000] {taskinstance.py:2889} INFO - Executing <Task(PythonOperator): append_to_database> on 2025-01-16 02:35:00+00:00
[2025-01-16T02:36:05.756+0000] {standard_task_runner.py:72} INFO - Started process 212 to run task
[2025-01-16T02:36:05.759+0000] {standard_task_runner.py:104} INFO - Running: ['airflow', 'tasks', 'run', 'stock_information', 'append_to_database', 'scheduled__2025-01-16T02:35:00+00:00', '--job-id', '1421', '--raw', '--subdir', 'DAGS_FOLDER/vnstock_stream.py', '--cfg-path', '/tmp/tmpybrijjr7']
[2025-01-16T02:36:05.762+0000] {standard_task_runner.py:105} INFO - Job 1421: Subtask append_to_database
[2025-01-16T02:36:05.801+0000] {task_command.py:467} INFO - Running <TaskInstance: stock_information.append_to_database scheduled__2025-01-16T02:35:00+00:00 [running]> on host 453ac4defedc
[2025-01-16T02:36:05.882+0000] {taskinstance.py:3132} INFO - Exporting env vars: AIRFLOW_CTX_DAG_OWNER='TuanDz' AIRFLOW_CTX_DAG_ID='stock_information' AIRFLOW_CTX_TASK_ID='append_to_database' AIRFLOW_CTX_EXECUTION_DATE='2025-01-16T02:35:00+00:00' AIRFLOW_CTX_TRY_NUMBER='1' AIRFLOW_CTX_DAG_RUN_ID='scheduled__2025-01-16T02:35:00+00:00'
[2025-01-16T02:36:05.884+0000] {taskinstance.py:731} INFO - ::endgroup::
[2025-01-16T02:36:05.930+0000] {logging_mixin.py:190} INFO - Kết nối thành công!
[2025-01-16T02:36:05.932+0000] {logging_mixin.py:190} INFO - <class 'str'>
[2025-01-16T02:36:05.932+0000] {logging_mixin.py:190} INFO - [['TCB', 25350, 22050, 23700, 'STOCK', 'HSX', '', 7045021622, 'STOCK', 8424683, 'Ngân hàng Thương mại Cổ phần Kỹ thương Việt Nam', 23700, '', '2025-01-16', 23850, 1000, 1060300, 25305, 23865.8870131095, 23900, 23800, 's', 0, 0, 0, 1590552461, 25305.39499999992, 10603, 23700, 23850, 135900, 23800, 149400, 23750, 123400, 23900, 12700, 23950, 161200, 24000, 564100, '2025-01-16 02:36:03']]
[2025-01-16T02:36:05.933+0000] {logging_mixin.py:190} INFO - <class 'list'>
[2025-01-16T02:36:05.934+0000] {logging_mixin.py:190} INFO - [['TCB', 25350, 22050, 23700, 'STOCK', 'HSX', '', 7045021622, 'STOCK', 8424683, 'Ngân hàng Thương mại Cổ phần Kỹ thương Việt Nam', 23700, '', '2025-01-16', 23850, 1000, 1060300, 25305, 23865.8870131095, 23900, 23800, 's', 0, 0, 0, 1590552461, 25305.39499999992, 10603, 23700, 23850, 135900, 23800, 149400, 23750, 123400, 23900, 12700, 23950, 161200, 24000, 564100, '2025-01-16 02:36:03']]
[2025-01-16T02:36:05.936+0000] {python.py:240} INFO - Done. Returned value was: None
[2025-01-16T02:36:05.945+0000] {taskinstance.py:340} INFO - ::group::Post task execution logs
[2025-01-16T02:36:05.947+0000] {taskinstance.py:352} INFO - Marking task as SUCCESS. dag_id=stock_information, task_id=append_to_database, run_id=scheduled__2025-01-16T02:35:00+00:00, execution_date=20250116T023500, start_date=20250116T023605, end_date=20250116T023605
[2025-01-16T02:36:05.975+0000] {local_task_job_runner.py:266} INFO - Task exited with return code 0
[2025-01-16T02:36:05.990+0000] {taskinstance.py:3895} INFO - 0 downstream tasks scheduled from follow-on schedule check
[2025-01-16T02:36:05.994+0000] {local_task_job_runner.py:245} INFO - ::endgroup::
