[2025-01-15T06:54:04.840+0000] {local_task_job_runner.py:123} INFO - ::group::Pre task execution logs
[2025-01-15T06:54:04.852+0000] {taskinstance.py:2613} INFO - Dependencies all met for dep_context=non-requeueable deps ti=<TaskInstance: stock_information.append_to_database scheduled__2025-01-15T06:53:00+00:00 [queued]>
[2025-01-15T06:54:04.859+0000] {taskinstance.py:2613} INFO - Dependencies all met for dep_context=requeueable deps ti=<TaskInstance: stock_information.append_to_database scheduled__2025-01-15T06:53:00+00:00 [queued]>
[2025-01-15T06:54:04.861+0000] {taskinstance.py:2866} INFO - Starting attempt 1 of 1
[2025-01-15T06:54:04.874+0000] {taskinstance.py:2889} INFO - Executing <Task(PythonOperator): append_to_database> on 2025-01-15 06:53:00+00:00
[2025-01-15T06:54:04.881+0000] {standard_task_runner.py:72} INFO - Started process 7764 to run task
[2025-01-15T06:54:04.884+0000] {standard_task_runner.py:104} INFO - Running: ['airflow', 'tasks', 'run', 'stock_information', 'append_to_database', 'scheduled__2025-01-15T06:53:00+00:00', '--job-id', '1040', '--raw', '--subdir', 'DAGS_FOLDER/vnstock_stream.py', '--cfg-path', '/tmp/tmp_c6fzrcv']
[2025-01-15T06:54:04.887+0000] {standard_task_runner.py:105} INFO - Job 1040: Subtask append_to_database
[2025-01-15T06:54:04.928+0000] {task_command.py:467} INFO - Running <TaskInstance: stock_information.append_to_database scheduled__2025-01-15T06:53:00+00:00 [running]> on host 453ac4defedc
[2025-01-15T06:54:05.015+0000] {taskinstance.py:3132} INFO - Exporting env vars: AIRFLOW_CTX_DAG_OWNER='TuanDz' AIRFLOW_CTX_DAG_ID='stock_information' AIRFLOW_CTX_TASK_ID='append_to_database' AIRFLOW_CTX_EXECUTION_DATE='2025-01-15T06:53:00+00:00' AIRFLOW_CTX_TRY_NUMBER='1' AIRFLOW_CTX_DAG_RUN_ID='scheduled__2025-01-15T06:53:00+00:00'
[2025-01-15T06:54:05.017+0000] {taskinstance.py:731} INFO - ::endgroup::
[2025-01-15T06:54:05.062+0000] {logging_mixin.py:190} INFO - Kết nối thành công!
[2025-01-15T06:54:05.063+0000] {logging_mixin.py:190} INFO - <class 'str'>
[2025-01-15T06:54:05.065+0000] {logging_mixin.py:190} INFO - [['TCB', 25250, 21950, 23600, 'STOCK', 'HSX', '', 7045021622, 'STOCK', 8424683, 'Ngân hàng Thương mại Cổ phần Kỹ thương Việt Nam', 23600, '', '2025-01-15', 23750, 2200, 4510000, 107332, 23798.669623059868, 23900, 23650, 's', 156700, 166700, 0, 1590552461, 107332.97499999977, 45100, 23600, 23750, 283000, 23700, 322300, 23650, 233700, 23800, 94600, 23850, 62700, 23900, 169000, '2025-01-15 06:54:03']]
[2025-01-15T06:54:05.066+0000] {logging_mixin.py:190} INFO - <class 'list'>
[2025-01-15T06:54:05.067+0000] {logging_mixin.py:190} INFO - [['TCB', 25250, 21950, 23600, 'STOCK', 'HSX', '', 7045021622, 'STOCK', 8424683, 'Ngân hàng Thương mại Cổ phần Kỹ thương Việt Nam', 23600, '', '2025-01-15', 23750, 2200, 4510000, 107332, 23798.669623059868, 23900, 23650, 's', 156700, 166700, 0, 1590552461, 107332.97499999977, 45100, 23600, 23750, 283000, 23700, 322300, 23650, 233700, 23800, 94600, 23850, 62700, 23900, 169000, '2025-01-15 06:54:03']]
[2025-01-15T06:54:05.070+0000] {python.py:240} INFO - Done. Returned value was: None
[2025-01-15T06:54:05.077+0000] {taskinstance.py:340} INFO - ::group::Post task execution logs
[2025-01-15T06:54:05.078+0000] {taskinstance.py:352} INFO - Marking task as SUCCESS. dag_id=stock_information, task_id=append_to_database, run_id=scheduled__2025-01-15T06:53:00+00:00, execution_date=20250115T065300, start_date=20250115T065404, end_date=20250115T065405
[2025-01-15T06:54:05.100+0000] {local_task_job_runner.py:266} INFO - Task exited with return code 0
[2025-01-15T06:54:05.113+0000] {taskinstance.py:3895} INFO - 0 downstream tasks scheduled from follow-on schedule check
[2025-01-15T06:54:05.117+0000] {local_task_job_runner.py:245} INFO - ::endgroup::
