[2025-01-15T03:28:04.601+0000] {local_task_job_runner.py:123} INFO - ::group::Pre task execution logs
[2025-01-15T03:28:04.614+0000] {taskinstance.py:2613} INFO - Dependencies all met for dep_context=non-requeueable deps ti=<TaskInstance: stock_information.append_to_database scheduled__2025-01-15T03:27:00+00:00 [queued]>
[2025-01-15T03:28:04.622+0000] {taskinstance.py:2613} INFO - Dependencies all met for dep_context=requeueable deps ti=<TaskInstance: stock_information.append_to_database scheduled__2025-01-15T03:27:00+00:00 [queued]>
[2025-01-15T03:28:04.623+0000] {taskinstance.py:2866} INFO - Starting attempt 1 of 1
[2025-01-15T03:28:04.635+0000] {taskinstance.py:2889} INFO - Executing <Task(PythonOperator): append_to_database> on 2025-01-15 03:27:00+00:00
[2025-01-15T03:28:04.641+0000] {standard_task_runner.py:72} INFO - Started process 1787 to run task
[2025-01-15T03:28:04.644+0000] {standard_task_runner.py:104} INFO - Running: ['airflow', 'tasks', 'run', 'stock_information', 'append_to_database', 'scheduled__2025-01-15T03:27:00+00:00', '--job-id', '628', '--raw', '--subdir', 'DAGS_FOLDER/vnstock_stream.py', '--cfg-path', '/tmp/tmp3tuvbu_x']
[2025-01-15T03:28:04.647+0000] {standard_task_runner.py:105} INFO - Job 628: Subtask append_to_database
[2025-01-15T03:28:04.687+0000] {task_command.py:467} INFO - Running <TaskInstance: stock_information.append_to_database scheduled__2025-01-15T03:27:00+00:00 [running]> on host 453ac4defedc
[2025-01-15T03:28:04.767+0000] {taskinstance.py:3132} INFO - Exporting env vars: AIRFLOW_CTX_DAG_OWNER='TuanDz' AIRFLOW_CTX_DAG_ID='stock_information' AIRFLOW_CTX_TASK_ID='append_to_database' AIRFLOW_CTX_EXECUTION_DATE='2025-01-15T03:27:00+00:00' AIRFLOW_CTX_TRY_NUMBER='1' AIRFLOW_CTX_DAG_RUN_ID='scheduled__2025-01-15T03:27:00+00:00'
[2025-01-15T03:28:04.769+0000] {taskinstance.py:731} INFO - ::endgroup::
[2025-01-15T03:28:04.804+0000] {logging_mixin.py:190} INFO - Kết nối thành công!
[2025-01-15T03:28:04.805+0000] {logging_mixin.py:190} INFO - <class 'str'>
[2025-01-15T03:28:04.806+0000] {logging_mixin.py:190} INFO - [['TCB', 25250, 21950, 23600, 'STOCK', 'HSX', '', 7045021622, 'STOCK', 8424683, 'Ngân hàng Thương mại Cổ phần Kỹ thương Việt Nam', 23600, '', '2025-01-15', 23650, 900, 1011700, 24006, 23728.377977661363, 23800, 23650, 's', 0, 0, 0, 1590552461, 24006.985000000008, 10117, 23600, 23700, 5000, 23650, 221900, 23600, 336600, 23750, 54600, 23800, 191200, 23850, 154200, '2025-01-15 03:28:02']]
[2025-01-15T03:28:04.806+0000] {logging_mixin.py:190} INFO - <class 'list'>
[2025-01-15T03:28:04.807+0000] {logging_mixin.py:190} INFO - [['TCB', 25250, 21950, 23600, 'STOCK', 'HSX', '', 7045021622, 'STOCK', 8424683, 'Ngân hàng Thương mại Cổ phần Kỹ thương Việt Nam', 23600, '', '2025-01-15', 23650, 900, 1011700, 24006, 23728.377977661363, 23800, 23650, 's', 0, 0, 0, 1590552461, 24006.985000000008, 10117, 23600, 23700, 5000, 23650, 221900, 23600, 336600, 23750, 54600, 23800, 191200, 23850, 154200, '2025-01-15 03:28:02']]
[2025-01-15T03:28:04.809+0000] {python.py:240} INFO - Done. Returned value was: None
[2025-01-15T03:28:04.816+0000] {taskinstance.py:340} INFO - ::group::Post task execution logs
[2025-01-15T03:28:04.817+0000] {taskinstance.py:352} INFO - Marking task as SUCCESS. dag_id=stock_information, task_id=append_to_database, run_id=scheduled__2025-01-15T03:27:00+00:00, execution_date=20250115T032700, start_date=20250115T032804, end_date=20250115T032804
[2025-01-15T03:28:04.859+0000] {local_task_job_runner.py:266} INFO - Task exited with return code 0
[2025-01-15T03:28:04.874+0000] {taskinstance.py:3895} INFO - 0 downstream tasks scheduled from follow-on schedule check
[2025-01-15T03:28:04.879+0000] {local_task_job_runner.py:245} INFO - ::endgroup::
