[2025-01-15T08:19:10.288+0000] {local_task_job_runner.py:123} INFO - ::group::Pre task execution logs
[2025-01-15T08:19:10.301+0000] {taskinstance.py:2613} INFO - Dependencies all met for dep_context=non-requeueable deps ti=<TaskInstance: stock_information.append_to_database scheduled__2025-01-15T08:18:00+00:00 [queued]>
[2025-01-15T08:19:10.308+0000] {taskinstance.py:2613} INFO - Dependencies all met for dep_context=requeueable deps ti=<TaskInstance: stock_information.append_to_database scheduled__2025-01-15T08:18:00+00:00 [queued]>
[2025-01-15T08:19:10.309+0000] {taskinstance.py:2866} INFO - Starting attempt 1 of 1
[2025-01-15T08:19:10.320+0000] {taskinstance.py:2889} INFO - Executing <Task(PythonOperator): append_to_database> on 2025-01-15 08:18:00+00:00
[2025-01-15T08:19:10.326+0000] {standard_task_runner.py:72} INFO - Started process 10250 to run task
[2025-01-15T08:19:10.328+0000] {standard_task_runner.py:104} INFO - Running: ['airflow', 'tasks', 'run', 'stock_information', 'append_to_database', 'scheduled__2025-01-15T08:18:00+00:00', '--job-id', '1210', '--raw', '--subdir', 'DAGS_FOLDER/vnstock_stream.py', '--cfg-path', '/tmp/tmpcy4k531_']
[2025-01-15T08:19:10.332+0000] {standard_task_runner.py:105} INFO - Job 1210: Subtask append_to_database
[2025-01-15T08:19:10.369+0000] {task_command.py:467} INFO - Running <TaskInstance: stock_information.append_to_database scheduled__2025-01-15T08:18:00+00:00 [running]> on host 453ac4defedc
[2025-01-15T08:19:10.447+0000] {taskinstance.py:3132} INFO - Exporting env vars: AIRFLOW_CTX_DAG_OWNER='TuanDz' AIRFLOW_CTX_DAG_ID='stock_information' AIRFLOW_CTX_TASK_ID='append_to_database' AIRFLOW_CTX_EXECUTION_DATE='2025-01-15T08:18:00+00:00' AIRFLOW_CTX_TRY_NUMBER='1' AIRFLOW_CTX_DAG_RUN_ID='scheduled__2025-01-15T08:18:00+00:00'
[2025-01-15T08:19:10.449+0000] {taskinstance.py:731} INFO - ::endgroup::
[2025-01-15T08:19:10.488+0000] {logging_mixin.py:190} INFO - Kết nối thành công!
[2025-01-15T08:19:10.490+0000] {logging_mixin.py:190} INFO - <class 'str'>
[2025-01-15T08:19:10.491+0000] {logging_mixin.py:190} INFO - [['TCB', 25250, 21950, 23600, 'STOCK', 'HSX', '', 7045021622, 'STOCK', 8424683, 'Ngân hàng Thương mại Cổ phần Kỹ thương Việt Nam', 23600, '', '2025-01-15', 23700, 286000, 6720200, 159898, 23793.637094134105, 23900, 23650, 'unknown', 156700, 186700, 0, 1590552461, 159898.50000000003, 67202, 23600, 23700, 237300, 23650, 121400, 23600, 144700, 23750, 2300, 23800, 58900, 23850, 250900, '2025-01-15 08:19:07']]
[2025-01-15T08:19:10.492+0000] {logging_mixin.py:190} INFO - <class 'list'>
[2025-01-15T08:19:10.493+0000] {logging_mixin.py:190} INFO - [['TCB', 25250, 21950, 23600, 'STOCK', 'HSX', '', 7045021622, 'STOCK', 8424683, 'Ngân hàng Thương mại Cổ phần Kỹ thương Việt Nam', 23600, '', '2025-01-15', 23700, 286000, 6720200, 159898, 23793.637094134105, 23900, 23650, 'unknown', 156700, 186700, 0, 1590552461, 159898.50000000003, 67202, 23600, 23700, 237300, 23650, 121400, 23600, 144700, 23750, 2300, 23800, 58900, 23850, 250900, '2025-01-15 08:19:07']]
[2025-01-15T08:19:10.496+0000] {python.py:240} INFO - Done. Returned value was: None
[2025-01-15T08:19:10.504+0000] {taskinstance.py:340} INFO - ::group::Post task execution logs
[2025-01-15T08:19:10.504+0000] {taskinstance.py:352} INFO - Marking task as SUCCESS. dag_id=stock_information, task_id=append_to_database, run_id=scheduled__2025-01-15T08:18:00+00:00, execution_date=20250115T081800, start_date=20250115T081910, end_date=20250115T081910
[2025-01-15T08:19:10.544+0000] {local_task_job_runner.py:266} INFO - Task exited with return code 0
[2025-01-15T08:19:10.566+0000] {taskinstance.py:3895} INFO - 0 downstream tasks scheduled from follow-on schedule check
[2025-01-15T08:19:10.570+0000] {local_task_job_runner.py:245} INFO - ::endgroup::
