[2025-01-15T07:19:04.673+0000] {local_task_job_runner.py:123} INFO - ::group::Pre task execution logs
[2025-01-15T07:19:04.685+0000] {taskinstance.py:2613} INFO - Dependencies all met for dep_context=non-requeueable deps ti=<TaskInstance: stock_information.append_to_database scheduled__2025-01-15T07:18:00+00:00 [queued]>
[2025-01-15T07:19:04.692+0000] {taskinstance.py:2613} INFO - Dependencies all met for dep_context=requeueable deps ti=<TaskInstance: stock_information.append_to_database scheduled__2025-01-15T07:18:00+00:00 [queued]>
[2025-01-15T07:19:04.694+0000] {taskinstance.py:2866} INFO - Starting attempt 1 of 1
[2025-01-15T07:19:04.705+0000] {taskinstance.py:2889} INFO - Executing <Task(PythonOperator): append_to_database> on 2025-01-15 07:18:00+00:00
[2025-01-15T07:19:04.711+0000] {standard_task_runner.py:72} INFO - Started process 8491 to run task
[2025-01-15T07:19:04.713+0000] {standard_task_runner.py:104} INFO - Running: ['airflow', 'tasks', 'run', 'stock_information', 'append_to_database', 'scheduled__2025-01-15T07:18:00+00:00', '--job-id', '1090', '--raw', '--subdir', 'DAGS_FOLDER/vnstock_stream.py', '--cfg-path', '/tmp/tmp0pmi_jd1']
[2025-01-15T07:19:04.715+0000] {standard_task_runner.py:105} INFO - Job 1090: Subtask append_to_database
[2025-01-15T07:19:04.753+0000] {task_command.py:467} INFO - Running <TaskInstance: stock_information.append_to_database scheduled__2025-01-15T07:18:00+00:00 [running]> on host 453ac4defedc
[2025-01-15T07:19:04.833+0000] {taskinstance.py:3132} INFO - Exporting env vars: AIRFLOW_CTX_DAG_OWNER='TuanDz' AIRFLOW_CTX_DAG_ID='stock_information' AIRFLOW_CTX_TASK_ID='append_to_database' AIRFLOW_CTX_EXECUTION_DATE='2025-01-15T07:18:00+00:00' AIRFLOW_CTX_TRY_NUMBER='1' AIRFLOW_CTX_DAG_RUN_ID='scheduled__2025-01-15T07:18:00+00:00'
[2025-01-15T07:19:04.836+0000] {taskinstance.py:731} INFO - ::endgroup::
[2025-01-15T07:19:04.870+0000] {logging_mixin.py:190} INFO - Kết nối thành công!
[2025-01-15T07:19:04.871+0000] {logging_mixin.py:190} INFO - <class 'str'>
[2025-01-15T07:19:04.872+0000] {logging_mixin.py:190} INFO - [['TCB', 25250, 21950, 23600, 'STOCK', 'HSX', '', 7045021622, 'STOCK', 8424683, 'Ngân hàng Thương mại Cổ phần Kỹ thương Việt Nam', 23600, '', '2025-01-15', 23850, 200, 5696300, 135557, 23797.377244878255, 23900, 23650, 's', 156700, 186700, 0, 1590552461, 135557.44499999975, 56963, 23600, 23850, 6200, 23800, 101400, 23750, 221600, 23900, 264100, 23950, 236800, 24000, 779700, '2025-01-15 07:19:02']]
[2025-01-15T07:19:04.873+0000] {logging_mixin.py:190} INFO - <class 'list'>
[2025-01-15T07:19:04.873+0000] {logging_mixin.py:190} INFO - [['TCB', 25250, 21950, 23600, 'STOCK', 'HSX', '', 7045021622, 'STOCK', 8424683, 'Ngân hàng Thương mại Cổ phần Kỹ thương Việt Nam', 23600, '', '2025-01-15', 23850, 200, 5696300, 135557, 23797.377244878255, 23900, 23650, 's', 156700, 186700, 0, 1590552461, 135557.44499999975, 56963, 23600, 23850, 6200, 23800, 101400, 23750, 221600, 23900, 264100, 23950, 236800, 24000, 779700, '2025-01-15 07:19:02']]
[2025-01-15T07:19:04.875+0000] {python.py:240} INFO - Done. Returned value was: None
[2025-01-15T07:19:04.883+0000] {taskinstance.py:340} INFO - ::group::Post task execution logs
[2025-01-15T07:19:04.883+0000] {taskinstance.py:352} INFO - Marking task as SUCCESS. dag_id=stock_information, task_id=append_to_database, run_id=scheduled__2025-01-15T07:18:00+00:00, execution_date=20250115T071800, start_date=20250115T071904, end_date=20250115T071904
[2025-01-15T07:19:04.928+0000] {local_task_job_runner.py:266} INFO - Task exited with return code 0
[2025-01-15T07:19:04.946+0000] {taskinstance.py:3895} INFO - 0 downstream tasks scheduled from follow-on schedule check
[2025-01-15T07:19:04.950+0000] {local_task_job_runner.py:245} INFO - ::endgroup::
