[2025-01-16T03:53:05.270+0000] {local_task_job_runner.py:123} INFO - ::group::Pre task execution logs
[2025-01-16T03:53:05.284+0000] {taskinstance.py:2613} INFO - Dependencies all met for dep_context=non-requeueable deps ti=<TaskInstance: stock_information.append_to_database scheduled__2025-01-16T03:52:00+00:00 [queued]>
[2025-01-16T03:53:05.291+0000] {taskinstance.py:2613} INFO - Dependencies all met for dep_context=requeueable deps ti=<TaskInstance: stock_information.append_to_database scheduled__2025-01-16T03:52:00+00:00 [queued]>
[2025-01-16T03:53:05.292+0000] {taskinstance.py:2866} INFO - Starting attempt 1 of 1
[2025-01-16T03:53:05.304+0000] {taskinstance.py:2889} INFO - Executing <Task(PythonOperator): append_to_database> on 2025-01-16 03:52:00+00:00
[2025-01-16T03:53:05.312+0000] {standard_task_runner.py:72} INFO - Started process 2468 to run task
[2025-01-16T03:53:05.316+0000] {standard_task_runner.py:104} INFO - Running: ['airflow', 'tasks', 'run', 'stock_information', 'append_to_database', 'scheduled__2025-01-16T03:52:00+00:00', '--job-id', '1575', '--raw', '--subdir', 'DAGS_FOLDER/vnstock_stream.py', '--cfg-path', '/tmp/tmpup0416dc']
[2025-01-16T03:53:05.319+0000] {standard_task_runner.py:105} INFO - Job 1575: Subtask append_to_database
[2025-01-16T03:53:05.364+0000] {task_command.py:467} INFO - Running <TaskInstance: stock_information.append_to_database scheduled__2025-01-16T03:52:00+00:00 [running]> on host 453ac4defedc
[2025-01-16T03:53:05.470+0000] {taskinstance.py:3132} INFO - Exporting env vars: AIRFLOW_CTX_DAG_OWNER='TuanDz' AIRFLOW_CTX_DAG_ID='stock_information' AIRFLOW_CTX_TASK_ID='append_to_database' AIRFLOW_CTX_EXECUTION_DATE='2025-01-16T03:52:00+00:00' AIRFLOW_CTX_TRY_NUMBER='1' AIRFLOW_CTX_DAG_RUN_ID='scheduled__2025-01-16T03:52:00+00:00'
[2025-01-16T03:53:05.472+0000] {taskinstance.py:731} INFO - ::endgroup::
[2025-01-16T03:53:05.543+0000] {logging_mixin.py:190} INFO - Kết nối thành công!
[2025-01-16T03:53:05.544+0000] {logging_mixin.py:190} INFO - <class 'str'>
[2025-01-16T03:53:05.544+0000] {logging_mixin.py:190} INFO - [['TCB', 25350, 22050, 23700, 'STOCK', 'HSX', '', 7045021622, 'STOCK', 8424683, 'Ngân hàng Thương mại Cổ phần Kỹ thương Việt Nam', 23700, '', '2025-01-16', 23750, 1000, 3030300, 72272, 23849.78384978385, 23950, 23750, 's', 0, 0, 0, 1590552461, 72272.08999999998, 30303, 23700, 23750, 233800, 23700, 258000, 23650, 29000, 23800, 17700, 23850, 195700, 23900, 270400, '2025-01-16 03:53:03']]
[2025-01-16T03:53:05.546+0000] {logging_mixin.py:190} INFO - <class 'list'>
[2025-01-16T03:53:05.546+0000] {logging_mixin.py:190} INFO - [['TCB', 25350, 22050, 23700, 'STOCK', 'HSX', '', 7045021622, 'STOCK', 8424683, 'Ngân hàng Thương mại Cổ phần Kỹ thương Việt Nam', 23700, '', '2025-01-16', 23750, 1000, 3030300, 72272, 23849.78384978385, 23950, 23750, 's', 0, 0, 0, 1590552461, 72272.08999999998, 30303, 23700, 23750, 233800, 23700, 258000, 23650, 29000, 23800, 17700, 23850, 195700, 23900, 270400, '2025-01-16 03:53:03']]
[2025-01-16T03:53:05.553+0000] {python.py:240} INFO - Done. Returned value was: None
[2025-01-16T03:53:05.561+0000] {taskinstance.py:340} INFO - ::group::Post task execution logs
[2025-01-16T03:53:05.562+0000] {taskinstance.py:352} INFO - Marking task as SUCCESS. dag_id=stock_information, task_id=append_to_database, run_id=scheduled__2025-01-16T03:52:00+00:00, execution_date=20250116T035200, start_date=20250116T035305, end_date=20250116T035305
[2025-01-16T03:53:05.614+0000] {local_task_job_runner.py:266} INFO - Task exited with return code 0
[2025-01-16T03:53:05.628+0000] {taskinstance.py:3895} INFO - 0 downstream tasks scheduled from follow-on schedule check
[2025-01-16T03:53:05.632+0000] {local_task_job_runner.py:245} INFO - ::endgroup::
