[2025-01-17T02:33:04.087+0000] {local_task_job_runner.py:123} INFO - ::group::Pre task execution logs
[2025-01-17T02:33:04.098+0000] {taskinstance.py:2613} INFO - Dependencies all met for dep_context=non-requeueable deps ti=<TaskInstance: stock_information.append_to_database scheduled__2025-01-17T02:32:00+00:00 [queued]>
[2025-01-17T02:33:04.106+0000] {taskinstance.py:2613} INFO - Dependencies all met for dep_context=requeueable deps ti=<TaskInstance: stock_information.append_to_database scheduled__2025-01-17T02:32:00+00:00 [queued]>
[2025-01-17T02:33:04.108+0000] {taskinstance.py:2866} INFO - Starting attempt 1 of 1
[2025-01-17T02:33:04.120+0000] {taskinstance.py:2889} INFO - Executing <Task(PythonOperator): append_to_database> on 2025-01-17 02:32:00+00:00
[2025-01-17T02:33:04.126+0000] {standard_task_runner.py:72} INFO - Started process 1623 to run task
[2025-01-17T02:33:04.128+0000] {standard_task_runner.py:104} INFO - Running: ['airflow', 'tasks', 'run', 'stock_information', 'append_to_database', 'scheduled__2025-01-17T02:32:00+00:00', '--job-id', '2318', '--raw', '--subdir', 'DAGS_FOLDER/vnstock_stream.py', '--cfg-path', '/tmp/tmpszefxe24']
[2025-01-17T02:33:04.131+0000] {standard_task_runner.py:105} INFO - Job 2318: Subtask append_to_database
[2025-01-17T02:33:04.167+0000] {task_command.py:467} INFO - Running <TaskInstance: stock_information.append_to_database scheduled__2025-01-17T02:32:00+00:00 [running]> on host 453ac4defedc
[2025-01-17T02:33:04.242+0000] {taskinstance.py:3132} INFO - Exporting env vars: AIRFLOW_CTX_DAG_OWNER='TuanDz' AIRFLOW_CTX_DAG_ID='stock_information' AIRFLOW_CTX_TASK_ID='append_to_database' AIRFLOW_CTX_EXECUTION_DATE='2025-01-17T02:32:00+00:00' AIRFLOW_CTX_TRY_NUMBER='1' AIRFLOW_CTX_DAG_RUN_ID='scheduled__2025-01-17T02:32:00+00:00'
[2025-01-17T02:33:04.244+0000] {taskinstance.py:731} INFO - ::endgroup::
[2025-01-17T02:33:04.310+0000] {logging_mixin.py:190} INFO - Kết nối thành công!
[2025-01-17T02:33:04.311+0000] {logging_mixin.py:190} INFO - <class 'str'>
[2025-01-17T02:33:04.312+0000] {logging_mixin.py:190} INFO - [['TCB', 25500, 22200, 23850, 'STOCK', 'HSX', '', 7045021622, 'STOCK', 8424683, 'Ngân hàng Thương mại Cổ phần Kỹ thương Việt Nam', 23850, '', '2025-01-17', 23800, 1400, 92000, 2191, 23815.217391304348, 23900, 23800, 's', 5300, 3600, 0, 1590552461, 2191.870000000003, 920, 23850, 23800, 27500, 23750, 30000, 23700, 46200, 23850, 26400, 23900, 74500, 23950, 276300, '2025-01-17 02:33:02']]
[2025-01-17T02:33:04.313+0000] {logging_mixin.py:190} INFO - <class 'list'>
[2025-01-17T02:33:04.313+0000] {logging_mixin.py:190} INFO - [['TCB', 25500, 22200, 23850, 'STOCK', 'HSX', '', 7045021622, 'STOCK', 8424683, 'Ngân hàng Thương mại Cổ phần Kỹ thương Việt Nam', 23850, '', '2025-01-17', 23800, 1400, 92000, 2191, 23815.217391304348, 23900, 23800, 's', 5300, 3600, 0, 1590552461, 2191.870000000003, 920, 23850, 23800, 27500, 23750, 30000, 23700, 46200, 23850, 26400, 23900, 74500, 23950, 276300, '2025-01-17 02:33:02']]
[2025-01-17T02:33:04.320+0000] {python.py:240} INFO - Done. Returned value was: None
[2025-01-17T02:33:04.327+0000] {taskinstance.py:340} INFO - ::group::Post task execution logs
[2025-01-17T02:33:04.328+0000] {taskinstance.py:352} INFO - Marking task as SUCCESS. dag_id=stock_information, task_id=append_to_database, run_id=scheduled__2025-01-17T02:32:00+00:00, execution_date=20250117T023200, start_date=20250117T023304, end_date=20250117T023304
[2025-01-17T02:33:04.343+0000] {local_task_job_runner.py:266} INFO - Task exited with return code 0
[2025-01-17T02:33:04.356+0000] {taskinstance.py:3895} INFO - 0 downstream tasks scheduled from follow-on schedule check
[2025-01-17T02:33:04.360+0000] {local_task_job_runner.py:245} INFO - ::endgroup::
