[2025-01-15T03:49:05.917+0000] {local_task_job_runner.py:123} INFO - ::group::Pre task execution logs
[2025-01-15T03:49:05.929+0000] {taskinstance.py:2613} INFO - Dependencies all met for dep_context=non-requeueable deps ti=<TaskInstance: stock_information.append_to_database scheduled__2025-01-15T03:48:00+00:00 [queued]>
[2025-01-15T03:49:05.937+0000] {taskinstance.py:2613} INFO - Dependencies all met for dep_context=requeueable deps ti=<TaskInstance: stock_information.append_to_database scheduled__2025-01-15T03:48:00+00:00 [queued]>
[2025-01-15T03:49:05.938+0000] {taskinstance.py:2866} INFO - Starting attempt 1 of 1
[2025-01-15T03:49:05.950+0000] {taskinstance.py:2889} INFO - Executing <Task(PythonOperator): append_to_database> on 2025-01-15 03:48:00+00:00
[2025-01-15T03:49:05.956+0000] {standard_task_runner.py:72} INFO - Started process 2400 to run task
[2025-01-15T03:49:05.958+0000] {standard_task_runner.py:104} INFO - Running: ['airflow', 'tasks', 'run', 'stock_information', 'append_to_database', 'scheduled__2025-01-15T03:48:00+00:00', '--job-id', '670', '--raw', '--subdir', 'DAGS_FOLDER/vnstock_stream.py', '--cfg-path', '/tmp/tmpkn55tzwo']
[2025-01-15T03:49:05.961+0000] {standard_task_runner.py:105} INFO - Job 670: Subtask append_to_database
[2025-01-15T03:49:05.999+0000] {task_command.py:467} INFO - Running <TaskInstance: stock_information.append_to_database scheduled__2025-01-15T03:48:00+00:00 [running]> on host 453ac4defedc
[2025-01-15T03:49:06.080+0000] {taskinstance.py:3132} INFO - Exporting env vars: AIRFLOW_CTX_DAG_OWNER='TuanDz' AIRFLOW_CTX_DAG_ID='stock_information' AIRFLOW_CTX_TASK_ID='append_to_database' AIRFLOW_CTX_EXECUTION_DATE='2025-01-15T03:48:00+00:00' AIRFLOW_CTX_TRY_NUMBER='1' AIRFLOW_CTX_DAG_RUN_ID='scheduled__2025-01-15T03:48:00+00:00'
[2025-01-15T03:49:06.082+0000] {taskinstance.py:731} INFO - ::endgroup::
[2025-01-15T03:49:06.123+0000] {logging_mixin.py:190} INFO - Kết nối thành công!
[2025-01-15T03:49:06.124+0000] {logging_mixin.py:190} INFO - <class 'str'>
[2025-01-15T03:49:06.125+0000] {logging_mixin.py:190} INFO - [['TCB', 25250, 21950, 23600, 'STOCK', 'HSX', '', 7045021622, 'STOCK', 8424683, 'Ngân hàng Thương mại Cổ phần Kỹ thương Việt Nam', 23600, '', '2025-01-15', 23750, 2200, 1573400, 37343, 23733.95195118851, 23800, 23650, 's', 0, 0, 0, 1590552461, 37343.889999999985, 15734, 23600, 23750, 62700, 23700, 145600, 23650, 236100, 23800, 80800, 23850, 157400, 23900, 104600, '2025-01-15 03:49:03']]
[2025-01-15T03:49:06.125+0000] {logging_mixin.py:190} INFO - <class 'list'>
[2025-01-15T03:49:06.127+0000] {logging_mixin.py:190} INFO - [['TCB', 25250, 21950, 23600, 'STOCK', 'HSX', '', 7045021622, 'STOCK', 8424683, 'Ngân hàng Thương mại Cổ phần Kỹ thương Việt Nam', 23600, '', '2025-01-15', 23750, 2200, 1573400, 37343, 23733.95195118851, 23800, 23650, 's', 0, 0, 0, 1590552461, 37343.889999999985, 15734, 23600, 23750, 62700, 23700, 145600, 23650, 236100, 23800, 80800, 23850, 157400, 23900, 104600, '2025-01-15 03:49:03']]
[2025-01-15T03:49:06.129+0000] {python.py:240} INFO - Done. Returned value was: None
[2025-01-15T03:49:06.138+0000] {taskinstance.py:340} INFO - ::group::Post task execution logs
[2025-01-15T03:49:06.139+0000] {taskinstance.py:352} INFO - Marking task as SUCCESS. dag_id=stock_information, task_id=append_to_database, run_id=scheduled__2025-01-15T03:48:00+00:00, execution_date=20250115T034800, start_date=20250115T034905, end_date=20250115T034906
[2025-01-15T03:49:06.174+0000] {local_task_job_runner.py:266} INFO - Task exited with return code 0
[2025-01-15T03:49:06.194+0000] {taskinstance.py:3895} INFO - 0 downstream tasks scheduled from follow-on schedule check
[2025-01-15T03:49:06.198+0000] {local_task_job_runner.py:245} INFO - ::endgroup::
