[2025-01-15T04:15:06.669+0000] {local_task_job_runner.py:123} INFO - ::group::Pre task execution logs
[2025-01-15T04:15:06.682+0000] {taskinstance.py:2613} INFO - Dependencies all met for dep_context=non-requeueable deps ti=<TaskInstance: stock_information.append_to_database scheduled__2025-01-15T04:14:00+00:00 [queued]>
[2025-01-15T04:15:06.689+0000] {taskinstance.py:2613} INFO - Dependencies all met for dep_context=requeueable deps ti=<TaskInstance: stock_information.append_to_database scheduled__2025-01-15T04:14:00+00:00 [queued]>
[2025-01-15T04:15:06.691+0000] {taskinstance.py:2866} INFO - Starting attempt 1 of 1
[2025-01-15T04:15:06.706+0000] {taskinstance.py:2889} INFO - Executing <Task(PythonOperator): append_to_database> on 2025-01-15 04:14:00+00:00
[2025-01-15T04:15:06.715+0000] {standard_task_runner.py:72} INFO - Started process 3151 to run task
[2025-01-15T04:15:06.718+0000] {standard_task_runner.py:104} INFO - Running: ['airflow', 'tasks', 'run', 'stock_information', 'append_to_database', 'scheduled__2025-01-15T04:14:00+00:00', '--job-id', '722', '--raw', '--subdir', 'DAGS_FOLDER/vnstock_stream.py', '--cfg-path', '/tmp/tmp2vb_nz_l']
[2025-01-15T04:15:06.721+0000] {standard_task_runner.py:105} INFO - Job 722: Subtask append_to_database
[2025-01-15T04:15:06.770+0000] {task_command.py:467} INFO - Running <TaskInstance: stock_information.append_to_database scheduled__2025-01-15T04:14:00+00:00 [running]> on host 453ac4defedc
[2025-01-15T04:15:06.867+0000] {taskinstance.py:3132} INFO - Exporting env vars: AIRFLOW_CTX_DAG_OWNER='TuanDz' AIRFLOW_CTX_DAG_ID='stock_information' AIRFLOW_CTX_TASK_ID='append_to_database' AIRFLOW_CTX_EXECUTION_DATE='2025-01-15T04:14:00+00:00' AIRFLOW_CTX_TRY_NUMBER='1' AIRFLOW_CTX_DAG_RUN_ID='scheduled__2025-01-15T04:14:00+00:00'
[2025-01-15T04:15:06.870+0000] {taskinstance.py:731} INFO - ::endgroup::
[2025-01-15T04:15:06.925+0000] {logging_mixin.py:190} INFO - Kết nối thành công!
[2025-01-15T04:15:06.928+0000] {logging_mixin.py:190} INFO - <class 'str'>
[2025-01-15T04:15:06.929+0000] {logging_mixin.py:190} INFO - [['TCB', 25250, 21950, 23600, 'STOCK', 'HSX', '', 7045021622, 'STOCK', 8424683, 'Ngân hàng Thương mại Cổ phần Kỹ thương Việt Nam', 23600, '', '2025-01-15', 23800, 300, 2191500, 52069, 23759.525439196896, 23900, 23650, 's', 0, 0, 0, 1590552461, 52069.17500000001, 21915, 23600, 23800, 12300, 23750, 164800, 23700, 197000, 23850, 43300, 23900, 323000, 23950, 184200, '2025-01-15 04:15:04']]
[2025-01-15T04:15:06.931+0000] {logging_mixin.py:190} INFO - <class 'list'>
[2025-01-15T04:15:06.933+0000] {logging_mixin.py:190} INFO - [['TCB', 25250, 21950, 23600, 'STOCK', 'HSX', '', 7045021622, 'STOCK', 8424683, 'Ngân hàng Thương mại Cổ phần Kỹ thương Việt Nam', 23600, '', '2025-01-15', 23800, 300, 2191500, 52069, 23759.525439196896, 23900, 23650, 's', 0, 0, 0, 1590552461, 52069.17500000001, 21915, 23600, 23800, 12300, 23750, 164800, 23700, 197000, 23850, 43300, 23900, 323000, 23950, 184200, '2025-01-15 04:15:04']]
[2025-01-15T04:15:06.938+0000] {python.py:240} INFO - Done. Returned value was: None
[2025-01-15T04:15:06.948+0000] {taskinstance.py:340} INFO - ::group::Post task execution logs
[2025-01-15T04:15:06.949+0000] {taskinstance.py:352} INFO - Marking task as SUCCESS. dag_id=stock_information, task_id=append_to_database, run_id=scheduled__2025-01-15T04:14:00+00:00, execution_date=20250115T041400, start_date=20250115T041506, end_date=20250115T041506
[2025-01-15T04:15:06.975+0000] {local_task_job_runner.py:266} INFO - Task exited with return code 0
[2025-01-15T04:15:06.989+0000] {taskinstance.py:3895} INFO - 0 downstream tasks scheduled from follow-on schedule check
[2025-01-15T04:15:06.996+0000] {local_task_job_runner.py:245} INFO - ::endgroup::
