[2025-01-16T06:59:04.771+0000] {local_task_job_runner.py:123} INFO - ::group::Pre task execution logs
[2025-01-16T06:59:04.783+0000] {taskinstance.py:2613} INFO - Dependencies all met for dep_context=non-requeueable deps ti=<TaskInstance: stock_information.append_to_database scheduled__2025-01-16T06:58:00+00:00 [queued]>
[2025-01-16T06:59:04.791+0000] {taskinstance.py:2613} INFO - Dependencies all met for dep_context=requeueable deps ti=<TaskInstance: stock_information.append_to_database scheduled__2025-01-16T06:58:00+00:00 [queued]>
[2025-01-16T06:59:04.793+0000] {taskinstance.py:2866} INFO - Starting attempt 1 of 1
[2025-01-16T06:59:04.804+0000] {taskinstance.py:2889} INFO - Executing <Task(PythonOperator): append_to_database> on 2025-01-16 06:58:00+00:00
[2025-01-16T06:59:04.808+0000] {standard_task_runner.py:72} INFO - Started process 7917 to run task
[2025-01-16T06:59:04.811+0000] {standard_task_runner.py:104} INFO - Running: ['airflow', 'tasks', 'run', 'stock_information', 'append_to_database', 'scheduled__2025-01-16T06:58:00+00:00', '--job-id', '1947', '--raw', '--subdir', 'DAGS_FOLDER/vnstock_stream.py', '--cfg-path', '/tmp/tmpsp2u7684']
[2025-01-16T06:59:04.814+0000] {standard_task_runner.py:105} INFO - Job 1947: Subtask append_to_database
[2025-01-16T06:59:04.850+0000] {task_command.py:467} INFO - Running <TaskInstance: stock_information.append_to_database scheduled__2025-01-16T06:58:00+00:00 [running]> on host 453ac4defedc
[2025-01-16T06:59:04.922+0000] {taskinstance.py:3132} INFO - Exporting env vars: AIRFLOW_CTX_DAG_OWNER='TuanDz' AIRFLOW_CTX_DAG_ID='stock_information' AIRFLOW_CTX_TASK_ID='append_to_database' AIRFLOW_CTX_EXECUTION_DATE='2025-01-16T06:58:00+00:00' AIRFLOW_CTX_TRY_NUMBER='1' AIRFLOW_CTX_DAG_RUN_ID='scheduled__2025-01-16T06:58:00+00:00'
[2025-01-16T06:59:04.923+0000] {taskinstance.py:731} INFO - ::endgroup::
[2025-01-16T06:59:04.985+0000] {logging_mixin.py:190} INFO - Kết nối thành công!
[2025-01-16T06:59:04.986+0000] {logging_mixin.py:190} INFO - <class 'str'>
[2025-01-16T06:59:04.987+0000] {logging_mixin.py:190} INFO - [['TCB', 25350, 22050, 23700, 'STOCK', 'HSX', '', 7045021622, 'STOCK', 8424683, 'Ngân hàng Thương mại Cổ phần Kỹ thương Việt Nam', 23700, '', '2025-01-16', 23750, 1000, 4132600, 98455, 23823.98490054687, 23950, 23700, 's', 0, 0, 0, 1590552461, 98455.68999999997, 41326, 23700, 23750, 289900, 23700, 276200, 23650, 195100, 23800, 142900, 23850, 245100, 23900, 314600, '2025-01-16 06:59:02']]
[2025-01-16T06:59:04.988+0000] {logging_mixin.py:190} INFO - <class 'list'>
[2025-01-16T06:59:04.989+0000] {logging_mixin.py:190} INFO - [['TCB', 25350, 22050, 23700, 'STOCK', 'HSX', '', 7045021622, 'STOCK', 8424683, 'Ngân hàng Thương mại Cổ phần Kỹ thương Việt Nam', 23700, '', '2025-01-16', 23750, 1000, 4132600, 98455, 23823.98490054687, 23950, 23700, 's', 0, 0, 0, 1590552461, 98455.68999999997, 41326, 23700, 23750, 289900, 23700, 276200, 23650, 195100, 23800, 142900, 23850, 245100, 23900, 314600, '2025-01-16 06:59:02']]
[2025-01-16T06:59:04.994+0000] {python.py:240} INFO - Done. Returned value was: None
[2025-01-16T06:59:05.001+0000] {taskinstance.py:340} INFO - ::group::Post task execution logs
[2025-01-16T06:59:05.002+0000] {taskinstance.py:352} INFO - Marking task as SUCCESS. dag_id=stock_information, task_id=append_to_database, run_id=scheduled__2025-01-16T06:58:00+00:00, execution_date=20250116T065800, start_date=20250116T065904, end_date=20250116T065905
[2025-01-16T06:59:05.026+0000] {local_task_job_runner.py:266} INFO - Task exited with return code 0
[2025-01-16T06:59:05.039+0000] {taskinstance.py:3895} INFO - 0 downstream tasks scheduled from follow-on schedule check
[2025-01-16T06:59:05.044+0000] {local_task_job_runner.py:245} INFO - ::endgroup::
