[2025-01-16T07:07:03.238+0000] {local_task_job_runner.py:123} INFO - ::group::Pre task execution logs
[2025-01-16T07:07:03.250+0000] {taskinstance.py:2613} INFO - Dependencies all met for dep_context=non-requeueable deps ti=<TaskInstance: stock_information.append_to_database scheduled__2025-01-16T07:06:00+00:00 [queued]>
[2025-01-16T07:07:03.258+0000] {taskinstance.py:2613} INFO - Dependencies all met for dep_context=requeueable deps ti=<TaskInstance: stock_information.append_to_database scheduled__2025-01-16T07:06:00+00:00 [queued]>
[2025-01-16T07:07:03.259+0000] {taskinstance.py:2866} INFO - Starting attempt 1 of 1
[2025-01-16T07:07:03.274+0000] {taskinstance.py:2889} INFO - Executing <Task(PythonOperator): append_to_database> on 2025-01-16 07:06:00+00:00
[2025-01-16T07:07:03.280+0000] {standard_task_runner.py:72} INFO - Started process 8152 to run task
[2025-01-16T07:07:03.282+0000] {standard_task_runner.py:104} INFO - Running: ['airflow', 'tasks', 'run', 'stock_information', 'append_to_database', 'scheduled__2025-01-16T07:06:00+00:00', '--job-id', '1963', '--raw', '--subdir', 'DAGS_FOLDER/vnstock_stream.py', '--cfg-path', '/tmp/tmpd_bo7iqu']
[2025-01-16T07:07:03.285+0000] {standard_task_runner.py:105} INFO - Job 1963: Subtask append_to_database
[2025-01-16T07:07:03.323+0000] {task_command.py:467} INFO - Running <TaskInstance: stock_information.append_to_database scheduled__2025-01-16T07:06:00+00:00 [running]> on host 453ac4defedc
[2025-01-16T07:07:03.395+0000] {taskinstance.py:3132} INFO - Exporting env vars: AIRFLOW_CTX_DAG_OWNER='TuanDz' AIRFLOW_CTX_DAG_ID='stock_information' AIRFLOW_CTX_TASK_ID='append_to_database' AIRFLOW_CTX_EXECUTION_DATE='2025-01-16T07:06:00+00:00' AIRFLOW_CTX_TRY_NUMBER='1' AIRFLOW_CTX_DAG_RUN_ID='scheduled__2025-01-16T07:06:00+00:00'
[2025-01-16T07:07:03.397+0000] {taskinstance.py:731} INFO - ::endgroup::
[2025-01-16T07:07:03.465+0000] {logging_mixin.py:190} INFO - Kết nối thành công!
[2025-01-16T07:07:03.466+0000] {logging_mixin.py:190} INFO - <class 'str'>
[2025-01-16T07:07:03.467+0000] {logging_mixin.py:190} INFO - [['TCB', 25350, 22050, 23700, 'STOCK', 'HSX', '', 7045021622, 'STOCK', 8424683, 'Ngân hàng Thương mại Cổ phần Kỹ thương Việt Nam', 23700, '', '2025-01-16', 23750, 1000, 4268900, 101696, 23822.53039424676, 23950, 23700, 's', 0, 0, 0, 1590552461, 101696.75999999997, 42689, 23700, 23750, 240600, 23700, 275700, 23650, 95100, 23800, 99200, 23850, 253000, 23900, 374100, '2025-01-16 07:07:01']]
[2025-01-16T07:07:03.468+0000] {logging_mixin.py:190} INFO - <class 'list'>
[2025-01-16T07:07:03.469+0000] {logging_mixin.py:190} INFO - [['TCB', 25350, 22050, 23700, 'STOCK', 'HSX', '', 7045021622, 'STOCK', 8424683, 'Ngân hàng Thương mại Cổ phần Kỹ thương Việt Nam', 23700, '', '2025-01-16', 23750, 1000, 4268900, 101696, 23822.53039424676, 23950, 23700, 's', 0, 0, 0, 1590552461, 101696.75999999997, 42689, 23700, 23750, 240600, 23700, 275700, 23650, 95100, 23800, 99200, 23850, 253000, 23900, 374100, '2025-01-16 07:07:01']]
[2025-01-16T07:07:03.475+0000] {python.py:240} INFO - Done. Returned value was: None
[2025-01-16T07:07:03.483+0000] {taskinstance.py:340} INFO - ::group::Post task execution logs
[2025-01-16T07:07:03.484+0000] {taskinstance.py:352} INFO - Marking task as SUCCESS. dag_id=stock_information, task_id=append_to_database, run_id=scheduled__2025-01-16T07:06:00+00:00, execution_date=20250116T070600, start_date=20250116T070703, end_date=20250116T070703
[2025-01-16T07:07:03.538+0000] {local_task_job_runner.py:266} INFO - Task exited with return code 0
[2025-01-16T07:07:03.556+0000] {taskinstance.py:3895} INFO - 0 downstream tasks scheduled from follow-on schedule check
[2025-01-16T07:07:03.560+0000] {local_task_job_runner.py:245} INFO - ::endgroup::
