[2025-01-16T07:19:05.063+0000] {local_task_job_runner.py:123} INFO - ::group::Pre task execution logs
[2025-01-16T07:19:05.078+0000] {taskinstance.py:2613} INFO - Dependencies all met for dep_context=non-requeueable deps ti=<TaskInstance: stock_information.append_to_database scheduled__2025-01-16T07:18:00+00:00 [queued]>
[2025-01-16T07:19:05.086+0000] {taskinstance.py:2613} INFO - Dependencies all met for dep_context=requeueable deps ti=<TaskInstance: stock_information.append_to_database scheduled__2025-01-16T07:18:00+00:00 [queued]>
[2025-01-16T07:19:05.088+0000] {taskinstance.py:2866} INFO - Starting attempt 1 of 1
[2025-01-16T07:19:05.101+0000] {taskinstance.py:2889} INFO - Executing <Task(PythonOperator): append_to_database> on 2025-01-16 07:18:00+00:00
[2025-01-16T07:19:05.107+0000] {standard_task_runner.py:72} INFO - Started process 8506 to run task
[2025-01-16T07:19:05.110+0000] {standard_task_runner.py:104} INFO - Running: ['airflow', 'tasks', 'run', 'stock_information', 'append_to_database', 'scheduled__2025-01-16T07:18:00+00:00', '--job-id', '1987', '--raw', '--subdir', 'DAGS_FOLDER/vnstock_stream.py', '--cfg-path', '/tmp/tmpejgnftck']
[2025-01-16T07:19:05.113+0000] {standard_task_runner.py:105} INFO - Job 1987: Subtask append_to_database
[2025-01-16T07:19:05.152+0000] {task_command.py:467} INFO - Running <TaskInstance: stock_information.append_to_database scheduled__2025-01-16T07:18:00+00:00 [running]> on host 453ac4defedc
[2025-01-16T07:19:05.233+0000] {taskinstance.py:3132} INFO - Exporting env vars: AIRFLOW_CTX_DAG_OWNER='TuanDz' AIRFLOW_CTX_DAG_ID='stock_information' AIRFLOW_CTX_TASK_ID='append_to_database' AIRFLOW_CTX_EXECUTION_DATE='2025-01-16T07:18:00+00:00' AIRFLOW_CTX_TRY_NUMBER='1' AIRFLOW_CTX_DAG_RUN_ID='scheduled__2025-01-16T07:18:00+00:00'
[2025-01-16T07:19:05.235+0000] {taskinstance.py:731} INFO - ::endgroup::
[2025-01-16T07:19:05.307+0000] {logging_mixin.py:190} INFO - Kết nối thành công!
[2025-01-16T07:19:05.309+0000] {logging_mixin.py:190} INFO - <class 'str'>
[2025-01-16T07:19:05.310+0000] {logging_mixin.py:190} INFO - [['TCB', 25350, 22050, 23700, 'STOCK', 'HSX', '', 7045021622, 'STOCK', 8424683, 'Ngân hàng Thương mại Cổ phần Kỹ thương Việt Nam', 23700, '', '2025-01-16', 23650, 7700, 5532000, 131699, 23806.760665220536, 23950, 23650, 's', 0, 20000, 0, 1590552461, 131699.58500000005, 55320, 23700, 23650, 11600, 23600, 203200, 23550, 224800, 23800, 46200, 23850, 110000, 23900, 412100, '2025-01-16 07:19:03']]
[2025-01-16T07:19:05.311+0000] {logging_mixin.py:190} INFO - <class 'list'>
[2025-01-16T07:19:05.312+0000] {logging_mixin.py:190} INFO - [['TCB', 25350, 22050, 23700, 'STOCK', 'HSX', '', 7045021622, 'STOCK', 8424683, 'Ngân hàng Thương mại Cổ phần Kỹ thương Việt Nam', 23700, '', '2025-01-16', 23650, 7700, 5532000, 131699, 23806.760665220536, 23950, 23650, 's', 0, 20000, 0, 1590552461, 131699.58500000005, 55320, 23700, 23650, 11600, 23600, 203200, 23550, 224800, 23800, 46200, 23850, 110000, 23900, 412100, '2025-01-16 07:19:03']]
[2025-01-16T07:19:05.321+0000] {python.py:240} INFO - Done. Returned value was: None
[2025-01-16T07:19:05.329+0000] {taskinstance.py:340} INFO - ::group::Post task execution logs
[2025-01-16T07:19:05.330+0000] {taskinstance.py:352} INFO - Marking task as SUCCESS. dag_id=stock_information, task_id=append_to_database, run_id=scheduled__2025-01-16T07:18:00+00:00, execution_date=20250116T071800, start_date=20250116T071905, end_date=20250116T071905
[2025-01-16T07:19:05.365+0000] {local_task_job_runner.py:266} INFO - Task exited with return code 0
[2025-01-16T07:19:05.378+0000] {taskinstance.py:3895} INFO - 0 downstream tasks scheduled from follow-on schedule check
[2025-01-16T07:19:05.384+0000] {local_task_job_runner.py:245} INFO - ::endgroup::
