[2025-01-16T04:11:04.356+0000] {local_task_job_runner.py:123} INFO - ::group::Pre task execution logs
[2025-01-16T04:11:04.370+0000] {taskinstance.py:2613} INFO - Dependencies all met for dep_context=non-requeueable deps ti=<TaskInstance: stock_information.append_to_database scheduled__2025-01-16T04:10:00+00:00 [queued]>
[2025-01-16T04:11:04.377+0000] {taskinstance.py:2613} INFO - Dependencies all met for dep_context=requeueable deps ti=<TaskInstance: stock_information.append_to_database scheduled__2025-01-16T04:10:00+00:00 [queued]>
[2025-01-16T04:11:04.379+0000] {taskinstance.py:2866} INFO - Starting attempt 1 of 1
[2025-01-16T04:11:04.391+0000] {taskinstance.py:2889} INFO - Executing <Task(PythonOperator): append_to_database> on 2025-01-16 04:10:00+00:00
[2025-01-16T04:11:04.396+0000] {standard_task_runner.py:72} INFO - Started process 2993 to run task
[2025-01-16T04:11:04.399+0000] {standard_task_runner.py:104} INFO - Running: ['airflow', 'tasks', 'run', 'stock_information', 'append_to_database', 'scheduled__2025-01-16T04:10:00+00:00', '--job-id', '1611', '--raw', '--subdir', 'DAGS_FOLDER/vnstock_stream.py', '--cfg-path', '/tmp/tmpt6hr38dz']
[2025-01-16T04:11:04.401+0000] {standard_task_runner.py:105} INFO - Job 1611: Subtask append_to_database
[2025-01-16T04:11:04.441+0000] {task_command.py:467} INFO - Running <TaskInstance: stock_information.append_to_database scheduled__2025-01-16T04:10:00+00:00 [running]> on host 453ac4defedc
[2025-01-16T04:11:04.517+0000] {taskinstance.py:3132} INFO - Exporting env vars: AIRFLOW_CTX_DAG_OWNER='TuanDz' AIRFLOW_CTX_DAG_ID='stock_information' AIRFLOW_CTX_TASK_ID='append_to_database' AIRFLOW_CTX_EXECUTION_DATE='2025-01-16T04:10:00+00:00' AIRFLOW_CTX_TRY_NUMBER='1' AIRFLOW_CTX_DAG_RUN_ID='scheduled__2025-01-16T04:10:00+00:00'
[2025-01-16T04:11:04.519+0000] {taskinstance.py:731} INFO - ::endgroup::
[2025-01-16T04:11:04.583+0000] {logging_mixin.py:190} INFO - Kết nối thành công!
[2025-01-16T04:11:04.585+0000] {logging_mixin.py:190} INFO - <class 'str'>
[2025-01-16T04:11:04.586+0000] {logging_mixin.py:190} INFO - [['TCB', 25350, 22050, 23700, 'STOCK', 'HSX', '', 7045021622, 'STOCK', 8424683, 'Ngân hàng Thương mại Cổ phần Kỹ thương Việt Nam', 23700, '', '2025-01-16', 23750, 1000, 3129600, 74631, 23846.817484662577, 23950, 23750, 's', 0, 0, 0, 1590552461, 74631, 31296, 23700, 23750, 160200, 23700, 188200, 23650, 124500, 23800, 65700, 23850, 196000, 23900, 289700, '2025-01-16 04:11:02']]
[2025-01-16T04:11:04.587+0000] {logging_mixin.py:190} INFO - <class 'list'>
[2025-01-16T04:11:04.588+0000] {logging_mixin.py:190} INFO - [['TCB', 25350, 22050, 23700, 'STOCK', 'HSX', '', 7045021622, 'STOCK', 8424683, 'Ngân hàng Thương mại Cổ phần Kỹ thương Việt Nam', 23700, '', '2025-01-16', 23750, 1000, 3129600, 74631, 23846.817484662577, 23950, 23750, 's', 0, 0, 0, 1590552461, 74631, 31296, 23700, 23750, 160200, 23700, 188200, 23650, 124500, 23800, 65700, 23850, 196000, 23900, 289700, '2025-01-16 04:11:02']]
[2025-01-16T04:11:04.595+0000] {python.py:240} INFO - Done. Returned value was: None
[2025-01-16T04:11:04.604+0000] {taskinstance.py:340} INFO - ::group::Post task execution logs
[2025-01-16T04:11:04.605+0000] {taskinstance.py:352} INFO - Marking task as SUCCESS. dag_id=stock_information, task_id=append_to_database, run_id=scheduled__2025-01-16T04:10:00+00:00, execution_date=20250116T041000, start_date=20250116T041104, end_date=20250116T041104
[2025-01-16T04:11:04.654+0000] {local_task_job_runner.py:266} INFO - Task exited with return code 0
[2025-01-16T04:11:04.667+0000] {taskinstance.py:3895} INFO - 0 downstream tasks scheduled from follow-on schedule check
[2025-01-16T04:11:04.672+0000] {local_task_job_runner.py:245} INFO - ::endgroup::
