[2025-01-15T03:29:04.985+0000] {local_task_job_runner.py:123} INFO - ::group::Pre task execution logs
[2025-01-15T03:29:04.997+0000] {taskinstance.py:2613} INFO - Dependencies all met for dep_context=non-requeueable deps ti=<TaskInstance: stock_information.append_to_database scheduled__2025-01-15T03:28:00+00:00 [queued]>
[2025-01-15T03:29:05.005+0000] {taskinstance.py:2613} INFO - Dependencies all met for dep_context=requeueable deps ti=<TaskInstance: stock_information.append_to_database scheduled__2025-01-15T03:28:00+00:00 [queued]>
[2025-01-15T03:29:05.007+0000] {taskinstance.py:2866} INFO - Starting attempt 1 of 1
[2025-01-15T03:29:05.019+0000] {taskinstance.py:2889} INFO - Executing <Task(PythonOperator): append_to_database> on 2025-01-15 03:28:00+00:00
[2025-01-15T03:29:05.025+0000] {standard_task_runner.py:72} INFO - Started process 1817 to run task
[2025-01-15T03:29:05.027+0000] {standard_task_runner.py:104} INFO - Running: ['airflow', 'tasks', 'run', 'stock_information', 'append_to_database', 'scheduled__2025-01-15T03:28:00+00:00', '--job-id', '630', '--raw', '--subdir', 'DAGS_FOLDER/vnstock_stream.py', '--cfg-path', '/tmp/tmpiv8dw6r_']
[2025-01-15T03:29:05.029+0000] {standard_task_runner.py:105} INFO - Job 630: Subtask append_to_database
[2025-01-15T03:29:05.071+0000] {task_command.py:467} INFO - Running <TaskInstance: stock_information.append_to_database scheduled__2025-01-15T03:28:00+00:00 [running]> on host 453ac4defedc
[2025-01-15T03:29:05.159+0000] {taskinstance.py:3132} INFO - Exporting env vars: AIRFLOW_CTX_DAG_OWNER='TuanDz' AIRFLOW_CTX_DAG_ID='stock_information' AIRFLOW_CTX_TASK_ID='append_to_database' AIRFLOW_CTX_EXECUTION_DATE='2025-01-15T03:28:00+00:00' AIRFLOW_CTX_TRY_NUMBER='1' AIRFLOW_CTX_DAG_RUN_ID='scheduled__2025-01-15T03:28:00+00:00'
[2025-01-15T03:29:05.162+0000] {taskinstance.py:731} INFO - ::endgroup::
[2025-01-15T03:29:05.219+0000] {logging_mixin.py:190} INFO - Kết nối thành công!
[2025-01-15T03:29:05.222+0000] {logging_mixin.py:190} INFO - <class 'str'>
[2025-01-15T03:29:05.225+0000] {logging_mixin.py:190} INFO - [['TCB', 25250, 21950, 23600, 'STOCK', 'HSX', '', 7045021622, 'STOCK', 8424683, 'Ngân hàng Thương mại Cổ phần Kỹ thương Việt Nam', 23600, '', '2025-01-15', 23700, 5000, 1016700, 24125, 23728.73020556703, 23800, 23650, 's', 0, 0, 0, 1590552461, 24125.485000000008, 10167, 23600, 23650, 225200, 23600, 335100, 23550, 181900, 23700, 140200, 23750, 55600, 23800, 191700, '2025-01-15 03:29:02']]
[2025-01-15T03:29:05.227+0000] {logging_mixin.py:190} INFO - <class 'list'>
[2025-01-15T03:29:05.229+0000] {logging_mixin.py:190} INFO - [['TCB', 25250, 21950, 23600, 'STOCK', 'HSX', '', 7045021622, 'STOCK', 8424683, 'Ngân hàng Thương mại Cổ phần Kỹ thương Việt Nam', 23600, '', '2025-01-15', 23700, 5000, 1016700, 24125, 23728.73020556703, 23800, 23650, 's', 0, 0, 0, 1590552461, 24125.485000000008, 10167, 23600, 23650, 225200, 23600, 335100, 23550, 181900, 23700, 140200, 23750, 55600, 23800, 191700, '2025-01-15 03:29:02']]
[2025-01-15T03:29:05.235+0000] {python.py:240} INFO - Done. Returned value was: None
[2025-01-15T03:29:05.246+0000] {taskinstance.py:340} INFO - ::group::Post task execution logs
[2025-01-15T03:29:05.246+0000] {taskinstance.py:352} INFO - Marking task as SUCCESS. dag_id=stock_information, task_id=append_to_database, run_id=scheduled__2025-01-15T03:28:00+00:00, execution_date=20250115T032800, start_date=20250115T032904, end_date=20250115T032905
[2025-01-15T03:29:05.283+0000] {local_task_job_runner.py:266} INFO - Task exited with return code 0
[2025-01-15T03:29:05.303+0000] {taskinstance.py:3895} INFO - 0 downstream tasks scheduled from follow-on schedule check
[2025-01-15T03:29:05.307+0000] {local_task_job_runner.py:245} INFO - ::endgroup::
