[2025-01-16T06:16:05.008+0000] {local_task_job_runner.py:123} INFO - ::group::Pre task execution logs
[2025-01-16T06:16:05.022+0000] {taskinstance.py:2613} INFO - Dependencies all met for dep_context=non-requeueable deps ti=<TaskInstance: stock_information.append_to_database scheduled__2025-01-16T06:15:00+00:00 [queued]>
[2025-01-16T06:16:05.029+0000] {taskinstance.py:2613} INFO - Dependencies all met for dep_context=requeueable deps ti=<TaskInstance: stock_information.append_to_database scheduled__2025-01-16T06:15:00+00:00 [queued]>
[2025-01-16T06:16:05.031+0000] {taskinstance.py:2866} INFO - Starting attempt 1 of 1
[2025-01-16T06:16:05.044+0000] {taskinstance.py:2889} INFO - Executing <Task(PythonOperator): append_to_database> on 2025-01-16 06:15:00+00:00
[2025-01-16T06:16:05.050+0000] {standard_task_runner.py:72} INFO - Started process 6656 to run task
[2025-01-16T06:16:05.054+0000] {standard_task_runner.py:104} INFO - Running: ['airflow', 'tasks', 'run', 'stock_information', 'append_to_database', 'scheduled__2025-01-16T06:15:00+00:00', '--job-id', '1861', '--raw', '--subdir', 'DAGS_FOLDER/vnstock_stream.py', '--cfg-path', '/tmp/tmp1z0tfm04']
[2025-01-16T06:16:05.057+0000] {standard_task_runner.py:105} INFO - Job 1861: Subtask append_to_database
[2025-01-16T06:16:05.098+0000] {task_command.py:467} INFO - Running <TaskInstance: stock_information.append_to_database scheduled__2025-01-16T06:15:00+00:00 [running]> on host 453ac4defedc
[2025-01-16T06:16:05.181+0000] {taskinstance.py:3132} INFO - Exporting env vars: AIRFLOW_CTX_DAG_OWNER='TuanDz' AIRFLOW_CTX_DAG_ID='stock_information' AIRFLOW_CTX_TASK_ID='append_to_database' AIRFLOW_CTX_EXECUTION_DATE='2025-01-16T06:15:00+00:00' AIRFLOW_CTX_TRY_NUMBER='1' AIRFLOW_CTX_DAG_RUN_ID='scheduled__2025-01-16T06:15:00+00:00'
[2025-01-16T06:16:05.183+0000] {taskinstance.py:731} INFO - ::endgroup::
[2025-01-16T06:16:05.242+0000] {logging_mixin.py:190} INFO - Kết nối thành công!
[2025-01-16T06:16:05.244+0000] {logging_mixin.py:190} INFO - <class 'str'>
[2025-01-16T06:16:05.245+0000] {logging_mixin.py:190} INFO - [['TCB', 25350, 22050, 23700, 'STOCK', 'HSX', '', 7045021622, 'STOCK', 8424683, 'Ngân hàng Thương mại Cổ phần Kỹ thương Việt Nam', 23700, '', '2025-01-16', 23750, 500, 3551000, 84637, 23834.694452266966, 23950, 23700, 's', 0, 0, 0, 1590552461, 84637.84999999999, 35510, 23700, 23750, 82300, 23700, 262400, 23650, 186500, 23800, 162900, 23850, 220700, 23900, 297400, '2025-01-16 06:16:02']]
[2025-01-16T06:16:05.247+0000] {logging_mixin.py:190} INFO - <class 'list'>
[2025-01-16T06:16:05.248+0000] {logging_mixin.py:190} INFO - [['TCB', 25350, 22050, 23700, 'STOCK', 'HSX', '', 7045021622, 'STOCK', 8424683, 'Ngân hàng Thương mại Cổ phần Kỹ thương Việt Nam', 23700, '', '2025-01-16', 23750, 500, 3551000, 84637, 23834.694452266966, 23950, 23700, 's', 0, 0, 0, 1590552461, 84637.84999999999, 35510, 23700, 23750, 82300, 23700, 262400, 23650, 186500, 23800, 162900, 23850, 220700, 23900, 297400, '2025-01-16 06:16:02']]
[2025-01-16T06:16:05.260+0000] {python.py:240} INFO - Done. Returned value was: None
[2025-01-16T06:16:05.269+0000] {taskinstance.py:340} INFO - ::group::Post task execution logs
[2025-01-16T06:16:05.270+0000] {taskinstance.py:352} INFO - Marking task as SUCCESS. dag_id=stock_information, task_id=append_to_database, run_id=scheduled__2025-01-16T06:15:00+00:00, execution_date=20250116T061500, start_date=20250116T061605, end_date=20250116T061605
[2025-01-16T06:16:05.310+0000] {local_task_job_runner.py:266} INFO - Task exited with return code 0
[2025-01-16T06:16:05.326+0000] {taskinstance.py:3895} INFO - 0 downstream tasks scheduled from follow-on schedule check
[2025-01-16T06:16:05.331+0000] {local_task_job_runner.py:245} INFO - ::endgroup::
