[2025-01-15T06:22:05.253+0000] {local_task_job_runner.py:123} INFO - ::group::Pre task execution logs
[2025-01-15T06:22:05.265+0000] {taskinstance.py:2613} INFO - Dependencies all met for dep_context=non-requeueable deps ti=<TaskInstance: stock_information.append_to_database scheduled__2025-01-15T06:21:00+00:00 [queued]>
[2025-01-15T06:22:05.273+0000] {taskinstance.py:2613} INFO - Dependencies all met for dep_context=requeueable deps ti=<TaskInstance: stock_information.append_to_database scheduled__2025-01-15T06:21:00+00:00 [queued]>
[2025-01-15T06:22:05.274+0000] {taskinstance.py:2866} INFO - Starting attempt 1 of 1
[2025-01-15T06:22:05.286+0000] {taskinstance.py:2889} INFO - Executing <Task(PythonOperator): append_to_database> on 2025-01-15 06:21:00+00:00
[2025-01-15T06:22:05.293+0000] {standard_task_runner.py:72} INFO - Started process 6833 to run task
[2025-01-15T06:22:05.295+0000] {standard_task_runner.py:104} INFO - Running: ['airflow', 'tasks', 'run', 'stock_information', 'append_to_database', 'scheduled__2025-01-15T06:21:00+00:00', '--job-id', '976', '--raw', '--subdir', 'DAGS_FOLDER/vnstock_stream.py', '--cfg-path', '/tmp/tmpo6be27o6']
[2025-01-15T06:22:05.299+0000] {standard_task_runner.py:105} INFO - Job 976: Subtask append_to_database
[2025-01-15T06:22:05.343+0000] {task_command.py:467} INFO - Running <TaskInstance: stock_information.append_to_database scheduled__2025-01-15T06:21:00+00:00 [running]> on host 453ac4defedc
[2025-01-15T06:22:05.423+0000] {taskinstance.py:3132} INFO - Exporting env vars: AIRFLOW_CTX_DAG_OWNER='TuanDz' AIRFLOW_CTX_DAG_ID='stock_information' AIRFLOW_CTX_TASK_ID='append_to_database' AIRFLOW_CTX_EXECUTION_DATE='2025-01-15T06:21:00+00:00' AIRFLOW_CTX_TRY_NUMBER='1' AIRFLOW_CTX_DAG_RUN_ID='scheduled__2025-01-15T06:21:00+00:00'
[2025-01-15T06:22:05.425+0000] {taskinstance.py:731} INFO - ::endgroup::
[2025-01-15T06:22:05.459+0000] {logging_mixin.py:190} INFO - Kết nối thành công!
[2025-01-15T06:22:05.459+0000] {logging_mixin.py:190} INFO - <class 'str'>
[2025-01-15T06:22:05.460+0000] {logging_mixin.py:190} INFO - [['TCB', 25250, 21950, 23600, 'STOCK', 'HSX', '', 7045021622, 'STOCK', 8424683, 'Ngân hàng Thương mại Cổ phần Kỹ thương Việt Nam', 23600, '', '2025-01-15', 23800, 2200, 3546800, 84424, 23802.864553964137, 23900, 23650, 's', 156700, 156700, 0, 1590552461, 84424.1549999998, 35468, 23600, 23800, 117500, 23750, 293200, 23700, 326900, 23850, 71300, 23900, 189500, 23950, 237300, '2025-01-15 06:22:03']]
[2025-01-15T06:22:05.461+0000] {logging_mixin.py:190} INFO - <class 'list'>
[2025-01-15T06:22:05.461+0000] {logging_mixin.py:190} INFO - [['TCB', 25250, 21950, 23600, 'STOCK', 'HSX', '', 7045021622, 'STOCK', 8424683, 'Ngân hàng Thương mại Cổ phần Kỹ thương Việt Nam', 23600, '', '2025-01-15', 23800, 2200, 3546800, 84424, 23802.864553964137, 23900, 23650, 's', 156700, 156700, 0, 1590552461, 84424.1549999998, 35468, 23600, 23800, 117500, 23750, 293200, 23700, 326900, 23850, 71300, 23900, 189500, 23950, 237300, '2025-01-15 06:22:03']]
[2025-01-15T06:22:05.463+0000] {python.py:240} INFO - Done. Returned value was: None
[2025-01-15T06:22:05.470+0000] {taskinstance.py:340} INFO - ::group::Post task execution logs
[2025-01-15T06:22:05.471+0000] {taskinstance.py:352} INFO - Marking task as SUCCESS. dag_id=stock_information, task_id=append_to_database, run_id=scheduled__2025-01-15T06:21:00+00:00, execution_date=20250115T062100, start_date=20250115T062205, end_date=20250115T062205
[2025-01-15T06:22:05.511+0000] {local_task_job_runner.py:266} INFO - Task exited with return code 0
[2025-01-15T06:22:05.528+0000] {taskinstance.py:3895} INFO - 0 downstream tasks scheduled from follow-on schedule check
[2025-01-15T06:22:05.532+0000] {local_task_job_runner.py:245} INFO - ::endgroup::
