[2025-01-16T04:18:04.375+0000] {local_task_job_runner.py:123} INFO - ::group::Pre task execution logs
[2025-01-16T04:18:04.385+0000] {taskinstance.py:2613} INFO - Dependencies all met for dep_context=non-requeueable deps ti=<TaskInstance: stock_information.append_to_database scheduled__2025-01-16T04:17:00+00:00 [queued]>
[2025-01-16T04:18:04.391+0000] {taskinstance.py:2613} INFO - Dependencies all met for dep_context=requeueable deps ti=<TaskInstance: stock_information.append_to_database scheduled__2025-01-16T04:17:00+00:00 [queued]>
[2025-01-16T04:18:04.392+0000] {taskinstance.py:2866} INFO - Starting attempt 1 of 1
[2025-01-16T04:18:04.402+0000] {taskinstance.py:2889} INFO - Executing <Task(PythonOperator): append_to_database> on 2025-01-16 04:17:00+00:00
[2025-01-16T04:18:04.407+0000] {standard_task_runner.py:72} INFO - Started process 3197 to run task
[2025-01-16T04:18:04.409+0000] {standard_task_runner.py:104} INFO - Running: ['airflow', 'tasks', 'run', 'stock_information', 'append_to_database', 'scheduled__2025-01-16T04:17:00+00:00', '--job-id', '1625', '--raw', '--subdir', 'DAGS_FOLDER/vnstock_stream.py', '--cfg-path', '/tmp/tmpqootm3bx']
[2025-01-16T04:18:04.411+0000] {standard_task_runner.py:105} INFO - Job 1625: Subtask append_to_database
[2025-01-16T04:18:04.444+0000] {task_command.py:467} INFO - Running <TaskInstance: stock_information.append_to_database scheduled__2025-01-16T04:17:00+00:00 [running]> on host 453ac4defedc
[2025-01-16T04:18:04.516+0000] {taskinstance.py:3132} INFO - Exporting env vars: AIRFLOW_CTX_DAG_OWNER='TuanDz' AIRFLOW_CTX_DAG_ID='stock_information' AIRFLOW_CTX_TASK_ID='append_to_database' AIRFLOW_CTX_EXECUTION_DATE='2025-01-16T04:17:00+00:00' AIRFLOW_CTX_TRY_NUMBER='1' AIRFLOW_CTX_DAG_RUN_ID='scheduled__2025-01-16T04:17:00+00:00'
[2025-01-16T04:18:04.518+0000] {taskinstance.py:731} INFO - ::endgroup::
[2025-01-16T04:18:04.564+0000] {logging_mixin.py:190} INFO - Kết nối thành công!
[2025-01-16T04:18:04.564+0000] {logging_mixin.py:190} INFO - <class 'str'>
[2025-01-16T04:18:04.565+0000] {logging_mixin.py:190} INFO - [['TCB', 25350, 22050, 23700, 'STOCK', 'HSX', '', 7045021622, 'STOCK', 8424683, 'Ngân hàng Thương mại Cổ phần Kỹ thương Việt Nam', 23700, '', '2025-01-16', 23750, 1000, 3220400, 76789, 23844.553471618434, 23950, 23750, 's', 0, 0, 0, 1590552461, 76789.505, 32204, 23700, 23750, 115900, 23700, 208200, 23650, 124500, 23800, 36100, 23850, 201000, 23900, 289900, '2025-01-16 04:18:02']]
[2025-01-16T04:18:04.565+0000] {logging_mixin.py:190} INFO - <class 'list'>
[2025-01-16T04:18:04.566+0000] {logging_mixin.py:190} INFO - [['TCB', 25350, 22050, 23700, 'STOCK', 'HSX', '', 7045021622, 'STOCK', 8424683, 'Ngân hàng Thương mại Cổ phần Kỹ thương Việt Nam', 23700, '', '2025-01-16', 23750, 1000, 3220400, 76789, 23844.553471618434, 23950, 23750, 's', 0, 0, 0, 1590552461, 76789.505, 32204, 23700, 23750, 115900, 23700, 208200, 23650, 124500, 23800, 36100, 23850, 201000, 23900, 289900, '2025-01-16 04:18:02']]
[2025-01-16T04:18:04.570+0000] {python.py:240} INFO - Done. Returned value was: None
[2025-01-16T04:18:04.576+0000] {taskinstance.py:340} INFO - ::group::Post task execution logs
[2025-01-16T04:18:04.577+0000] {taskinstance.py:352} INFO - Marking task as SUCCESS. dag_id=stock_information, task_id=append_to_database, run_id=scheduled__2025-01-16T04:17:00+00:00, execution_date=20250116T041700, start_date=20250116T041804, end_date=20250116T041804
[2025-01-16T04:18:04.623+0000] {local_task_job_runner.py:266} INFO - Task exited with return code 0
[2025-01-16T04:18:04.642+0000] {taskinstance.py:3895} INFO - 0 downstream tasks scheduled from follow-on schedule check
[2025-01-16T04:18:04.646+0000] {local_task_job_runner.py:245} INFO - ::endgroup::
