[2025-01-16T02:58:06.475+0000] {local_task_job_runner.py:123} INFO - ::group::Pre task execution logs
[2025-01-16T02:58:06.488+0000] {taskinstance.py:2613} INFO - Dependencies all met for dep_context=non-requeueable deps ti=<TaskInstance: stock_information.append_to_database scheduled__2025-01-16T02:57:00+00:00 [queued]>
[2025-01-16T02:58:06.495+0000] {taskinstance.py:2613} INFO - Dependencies all met for dep_context=requeueable deps ti=<TaskInstance: stock_information.append_to_database scheduled__2025-01-16T02:57:00+00:00 [queued]>
[2025-01-16T02:58:06.497+0000] {taskinstance.py:2866} INFO - Starting attempt 1 of 1
[2025-01-16T02:58:06.511+0000] {taskinstance.py:2889} INFO - Executing <Task(PythonOperator): append_to_database> on 2025-01-16 02:57:00+00:00
[2025-01-16T02:58:06.517+0000] {standard_task_runner.py:72} INFO - Started process 855 to run task
[2025-01-16T02:58:06.519+0000] {standard_task_runner.py:104} INFO - Running: ['airflow', 'tasks', 'run', 'stock_information', 'append_to_database', 'scheduled__2025-01-16T02:57:00+00:00', '--job-id', '1465', '--raw', '--subdir', 'DAGS_FOLDER/vnstock_stream.py', '--cfg-path', '/tmp/tmp0_szoqqz']
[2025-01-16T02:58:06.522+0000] {standard_task_runner.py:105} INFO - Job 1465: Subtask append_to_database
[2025-01-16T02:58:06.560+0000] {task_command.py:467} INFO - Running <TaskInstance: stock_information.append_to_database scheduled__2025-01-16T02:57:00+00:00 [running]> on host 453ac4defedc
[2025-01-16T02:58:06.638+0000] {taskinstance.py:3132} INFO - Exporting env vars: AIRFLOW_CTX_DAG_OWNER='TuanDz' AIRFLOW_CTX_DAG_ID='stock_information' AIRFLOW_CTX_TASK_ID='append_to_database' AIRFLOW_CTX_EXECUTION_DATE='2025-01-16T02:57:00+00:00' AIRFLOW_CTX_TRY_NUMBER='1' AIRFLOW_CTX_DAG_RUN_ID='scheduled__2025-01-16T02:57:00+00:00'
[2025-01-16T02:58:06.640+0000] {taskinstance.py:731} INFO - ::endgroup::
[2025-01-16T02:58:06.675+0000] {logging_mixin.py:190} INFO - Kết nối thành công!
[2025-01-16T02:58:06.676+0000] {logging_mixin.py:190} INFO - <class 'str'>
[2025-01-16T02:58:06.677+0000] {logging_mixin.py:190} INFO - [['TCB', 25350, 22050, 23700, 'STOCK', 'HSX', '', 7045021622, 'STOCK', 8424683, 'Ngân hàng Thương mại Cổ phần Kỹ thương Việt Nam', 23700, '', '2025-01-16', 23800, 1000, 2095400, 50018, 23870.382743151666, 23950, 23800, 's', 0, 0, 0, 1590552461, 50018.21499999995, 20954, 23700, 23800, 238500, 23750, 227100, 23700, 220200, 23850, 2000, 23900, 156400, 23950, 235200, '2025-01-16 02:58:05']]
[2025-01-16T02:58:06.678+0000] {logging_mixin.py:190} INFO - <class 'list'>
[2025-01-16T02:58:06.679+0000] {logging_mixin.py:190} INFO - [['TCB', 25350, 22050, 23700, 'STOCK', 'HSX', '', 7045021622, 'STOCK', 8424683, 'Ngân hàng Thương mại Cổ phần Kỹ thương Việt Nam', 23700, '', '2025-01-16', 23800, 1000, 2095400, 50018, 23870.382743151666, 23950, 23800, 's', 0, 0, 0, 1590552461, 50018.21499999995, 20954, 23700, 23800, 238500, 23750, 227100, 23700, 220200, 23850, 2000, 23900, 156400, 23950, 235200, '2025-01-16 02:58:05']]
[2025-01-16T02:58:06.681+0000] {python.py:240} INFO - Done. Returned value was: None
[2025-01-16T02:58:06.688+0000] {taskinstance.py:340} INFO - ::group::Post task execution logs
[2025-01-16T02:58:06.689+0000] {taskinstance.py:352} INFO - Marking task as SUCCESS. dag_id=stock_information, task_id=append_to_database, run_id=scheduled__2025-01-16T02:57:00+00:00, execution_date=20250116T025700, start_date=20250116T025806, end_date=20250116T025806
[2025-01-16T02:58:06.734+0000] {local_task_job_runner.py:266} INFO - Task exited with return code 0
[2025-01-16T02:58:06.750+0000] {taskinstance.py:3895} INFO - 0 downstream tasks scheduled from follow-on schedule check
[2025-01-16T02:58:06.755+0000] {local_task_job_runner.py:245} INFO - ::endgroup::
