[2025-01-16T02:54:04.217+0000] {local_task_job_runner.py:123} INFO - ::group::Pre task execution logs
[2025-01-16T02:54:04.229+0000] {taskinstance.py:2613} INFO - Dependencies all met for dep_context=non-requeueable deps ti=<TaskInstance: stock_information.append_to_database scheduled__2025-01-16T02:53:00+00:00 [queued]>
[2025-01-16T02:54:04.237+0000] {taskinstance.py:2613} INFO - Dependencies all met for dep_context=requeueable deps ti=<TaskInstance: stock_information.append_to_database scheduled__2025-01-16T02:53:00+00:00 [queued]>
[2025-01-16T02:54:04.238+0000] {taskinstance.py:2866} INFO - Starting attempt 1 of 1
[2025-01-16T02:54:04.250+0000] {taskinstance.py:2889} INFO - Executing <Task(PythonOperator): append_to_database> on 2025-01-16 02:53:00+00:00
[2025-01-16T02:54:04.257+0000] {standard_task_runner.py:72} INFO - Started process 735 to run task
[2025-01-16T02:54:04.260+0000] {standard_task_runner.py:104} INFO - Running: ['airflow', 'tasks', 'run', 'stock_information', 'append_to_database', 'scheduled__2025-01-16T02:53:00+00:00', '--job-id', '1457', '--raw', '--subdir', 'DAGS_FOLDER/vnstock_stream.py', '--cfg-path', '/tmp/tmpusn7on8b']
[2025-01-16T02:54:04.264+0000] {standard_task_runner.py:105} INFO - Job 1457: Subtask append_to_database
[2025-01-16T02:54:04.317+0000] {task_command.py:467} INFO - Running <TaskInstance: stock_information.append_to_database scheduled__2025-01-16T02:53:00+00:00 [running]> on host 453ac4defedc
[2025-01-16T02:54:04.405+0000] {taskinstance.py:3132} INFO - Exporting env vars: AIRFLOW_CTX_DAG_OWNER='TuanDz' AIRFLOW_CTX_DAG_ID='stock_information' AIRFLOW_CTX_TASK_ID='append_to_database' AIRFLOW_CTX_EXECUTION_DATE='2025-01-16T02:53:00+00:00' AIRFLOW_CTX_TRY_NUMBER='1' AIRFLOW_CTX_DAG_RUN_ID='scheduled__2025-01-16T02:53:00+00:00'
[2025-01-16T02:54:04.408+0000] {taskinstance.py:731} INFO - ::endgroup::
[2025-01-16T02:54:04.445+0000] {logging_mixin.py:190} INFO - Kết nối thành công!
[2025-01-16T02:54:04.446+0000] {logging_mixin.py:190} INFO - <class 'str'>
[2025-01-16T02:54:04.446+0000] {logging_mixin.py:190} INFO - [['TCB', 25350, 22050, 23700, 'STOCK', 'HSX', '', 7045021622, 'STOCK', 8424683, 'Ngân hàng Thương mại Cổ phần Kỹ thương Việt Nam', 23700, '', '2025-01-16', 23800, 1000, 2026300, 48371, 23871.588609781375, 23950, 23800, 's', 0, 0, 0, 1590552461, 48371.48499999989, 20263, 23700, 23800, 137100, 23750, 227600, 23700, 218000, 23850, 34700, 23900, 142100, 23950, 219900, '2025-01-16 02:54:02']]
[2025-01-16T02:54:04.447+0000] {logging_mixin.py:190} INFO - <class 'list'>
[2025-01-16T02:54:04.448+0000] {logging_mixin.py:190} INFO - [['TCB', 25350, 22050, 23700, 'STOCK', 'HSX', '', 7045021622, 'STOCK', 8424683, 'Ngân hàng Thương mại Cổ phần Kỹ thương Việt Nam', 23700, '', '2025-01-16', 23800, 1000, 2026300, 48371, 23871.588609781375, 23950, 23800, 's', 0, 0, 0, 1590552461, 48371.48499999989, 20263, 23700, 23800, 137100, 23750, 227600, 23700, 218000, 23850, 34700, 23900, 142100, 23950, 219900, '2025-01-16 02:54:02']]
[2025-01-16T02:54:04.450+0000] {python.py:240} INFO - Done. Returned value was: None
[2025-01-16T02:54:04.457+0000] {taskinstance.py:340} INFO - ::group::Post task execution logs
[2025-01-16T02:54:04.457+0000] {taskinstance.py:352} INFO - Marking task as SUCCESS. dag_id=stock_information, task_id=append_to_database, run_id=scheduled__2025-01-16T02:53:00+00:00, execution_date=20250116T025300, start_date=20250116T025404, end_date=20250116T025404
[2025-01-16T02:54:04.476+0000] {local_task_job_runner.py:266} INFO - Task exited with return code 0
[2025-01-16T02:54:04.490+0000] {taskinstance.py:3895} INFO - 0 downstream tasks scheduled from follow-on schedule check
[2025-01-16T02:54:04.493+0000] {local_task_job_runner.py:245} INFO - ::endgroup::
