[2025-01-15T03:35:04.634+0000] {local_task_job_runner.py:123} INFO - ::group::Pre task execution logs
[2025-01-15T03:35:04.647+0000] {taskinstance.py:2613} INFO - Dependencies all met for dep_context=non-requeueable deps ti=<TaskInstance: stock_information.append_to_database scheduled__2025-01-15T03:34:00+00:00 [queued]>
[2025-01-15T03:35:04.655+0000] {taskinstance.py:2613} INFO - Dependencies all met for dep_context=requeueable deps ti=<TaskInstance: stock_information.append_to_database scheduled__2025-01-15T03:34:00+00:00 [queued]>
[2025-01-15T03:35:04.657+0000] {taskinstance.py:2866} INFO - Starting attempt 1 of 1
[2025-01-15T03:35:04.670+0000] {taskinstance.py:2889} INFO - Executing <Task(PythonOperator): append_to_database> on 2025-01-15 03:34:00+00:00
[2025-01-15T03:35:04.676+0000] {standard_task_runner.py:72} INFO - Started process 1991 to run task
[2025-01-15T03:35:04.678+0000] {standard_task_runner.py:104} INFO - Running: ['airflow', 'tasks', 'run', 'stock_information', 'append_to_database', 'scheduled__2025-01-15T03:34:00+00:00', '--job-id', '642', '--raw', '--subdir', 'DAGS_FOLDER/vnstock_stream.py', '--cfg-path', '/tmp/tmpydzmtt6r']
[2025-01-15T03:35:04.683+0000] {standard_task_runner.py:105} INFO - Job 642: Subtask append_to_database
[2025-01-15T03:35:04.730+0000] {task_command.py:467} INFO - Running <TaskInstance: stock_information.append_to_database scheduled__2025-01-15T03:34:00+00:00 [running]> on host 453ac4defedc
[2025-01-15T03:35:04.811+0000] {taskinstance.py:3132} INFO - Exporting env vars: AIRFLOW_CTX_DAG_OWNER='TuanDz' AIRFLOW_CTX_DAG_ID='stock_information' AIRFLOW_CTX_TASK_ID='append_to_database' AIRFLOW_CTX_EXECUTION_DATE='2025-01-15T03:34:00+00:00' AIRFLOW_CTX_TRY_NUMBER='1' AIRFLOW_CTX_DAG_RUN_ID='scheduled__2025-01-15T03:34:00+00:00'
[2025-01-15T03:35:04.813+0000] {taskinstance.py:731} INFO - ::endgroup::
[2025-01-15T03:35:04.856+0000] {logging_mixin.py:190} INFO - Kết nối thành công!
[2025-01-15T03:35:04.857+0000] {logging_mixin.py:190} INFO - <class 'str'>
[2025-01-15T03:35:04.858+0000] {logging_mixin.py:190} INFO - [['TCB', 25250, 21950, 23600, 'STOCK', 'HSX', '', 7045021622, 'STOCK', 8424683, 'Ngân hàng Thương mại Cổ phần Kỹ thương Việt Nam', 23600, '', '2025-01-15', 23650, 1100, 1151300, 27315, 23725.353947711283, 23800, 23650, 's', 0, 0, 0, 1590552461, 27315.45000000001, 11513, 23600, 23650, 238600, 23600, 335600, 23550, 181900, 23700, 8400, 23750, 61800, 23800, 189100, '2025-01-15 03:35:03']]
[2025-01-15T03:35:04.859+0000] {logging_mixin.py:190} INFO - <class 'list'>
[2025-01-15T03:35:04.860+0000] {logging_mixin.py:190} INFO - [['TCB', 25250, 21950, 23600, 'STOCK', 'HSX', '', 7045021622, 'STOCK', 8424683, 'Ngân hàng Thương mại Cổ phần Kỹ thương Việt Nam', 23600, '', '2025-01-15', 23650, 1100, 1151300, 27315, 23725.353947711283, 23800, 23650, 's', 0, 0, 0, 1590552461, 27315.45000000001, 11513, 23600, 23650, 238600, 23600, 335600, 23550, 181900, 23700, 8400, 23750, 61800, 23800, 189100, '2025-01-15 03:35:03']]
[2025-01-15T03:35:04.862+0000] {python.py:240} INFO - Done. Returned value was: None
[2025-01-15T03:35:04.869+0000] {taskinstance.py:340} INFO - ::group::Post task execution logs
[2025-01-15T03:35:04.871+0000] {taskinstance.py:352} INFO - Marking task as SUCCESS. dag_id=stock_information, task_id=append_to_database, run_id=scheduled__2025-01-15T03:34:00+00:00, execution_date=20250115T033400, start_date=20250115T033504, end_date=20250115T033504
[2025-01-15T03:35:04.893+0000] {local_task_job_runner.py:266} INFO - Task exited with return code 0
[2025-01-15T03:35:04.907+0000] {taskinstance.py:3895} INFO - 0 downstream tasks scheduled from follow-on schedule check
[2025-01-15T03:35:04.911+0000] {local_task_job_runner.py:245} INFO - ::endgroup::
