[2025-01-16T06:11:04.640+0000] {local_task_job_runner.py:123} INFO - ::group::Pre task execution logs
[2025-01-16T06:11:04.653+0000] {taskinstance.py:2613} INFO - Dependencies all met for dep_context=non-requeueable deps ti=<TaskInstance: stock_information.append_to_database scheduled__2025-01-16T06:10:00+00:00 [queued]>
[2025-01-16T06:11:04.661+0000] {taskinstance.py:2613} INFO - Dependencies all met for dep_context=requeueable deps ti=<TaskInstance: stock_information.append_to_database scheduled__2025-01-16T06:10:00+00:00 [queued]>
[2025-01-16T06:11:04.663+0000] {taskinstance.py:2866} INFO - Starting attempt 1 of 1
[2025-01-16T06:11:04.677+0000] {taskinstance.py:2889} INFO - Executing <Task(PythonOperator): append_to_database> on 2025-01-16 06:10:00+00:00
[2025-01-16T06:11:04.683+0000] {standard_task_runner.py:72} INFO - Started process 6512 to run task
[2025-01-16T06:11:04.685+0000] {standard_task_runner.py:104} INFO - Running: ['airflow', 'tasks', 'run', 'stock_information', 'append_to_database', 'scheduled__2025-01-16T06:10:00+00:00', '--job-id', '1851', '--raw', '--subdir', 'DAGS_FOLDER/vnstock_stream.py', '--cfg-path', '/tmp/tmptsjw3rnz']
[2025-01-16T06:11:04.687+0000] {standard_task_runner.py:105} INFO - Job 1851: Subtask append_to_database
[2025-01-16T06:11:04.730+0000] {task_command.py:467} INFO - Running <TaskInstance: stock_information.append_to_database scheduled__2025-01-16T06:10:00+00:00 [running]> on host 453ac4defedc
[2025-01-16T06:11:04.814+0000] {taskinstance.py:3132} INFO - Exporting env vars: AIRFLOW_CTX_DAG_OWNER='TuanDz' AIRFLOW_CTX_DAG_ID='stock_information' AIRFLOW_CTX_TASK_ID='append_to_database' AIRFLOW_CTX_EXECUTION_DATE='2025-01-16T06:10:00+00:00' AIRFLOW_CTX_TRY_NUMBER='1' AIRFLOW_CTX_DAG_RUN_ID='scheduled__2025-01-16T06:10:00+00:00'
[2025-01-16T06:11:04.815+0000] {taskinstance.py:731} INFO - ::endgroup::
[2025-01-16T06:11:04.885+0000] {logging_mixin.py:190} INFO - Kết nối thành công!
[2025-01-16T06:11:04.887+0000] {logging_mixin.py:190} INFO - <class 'str'>
[2025-01-16T06:11:04.888+0000] {logging_mixin.py:190} INFO - [['TCB', 25350, 22050, 23700, 'STOCK', 'HSX', '', 7045021622, 'STOCK', 8424683, 'Ngân hàng Thương mại Cổ phần Kỹ thương Việt Nam', 23700, '', '2025-01-16', 23750, 1000, 3492600, 83250, 23836.1106339117, 23950, 23700, 's', 0, 0, 0, 1590552461, 83250.84999999999, 34926, 23700, 23750, 14300, 23700, 255200, 23650, 155400, 23800, 161600, 23850, 220600, 23900, 289900, '2025-01-16 06:11:02']]
[2025-01-16T06:11:04.889+0000] {logging_mixin.py:190} INFO - <class 'list'>
[2025-01-16T06:11:04.891+0000] {logging_mixin.py:190} INFO - [['TCB', 25350, 22050, 23700, 'STOCK', 'HSX', '', 7045021622, 'STOCK', 8424683, 'Ngân hàng Thương mại Cổ phần Kỹ thương Việt Nam', 23700, '', '2025-01-16', 23750, 1000, 3492600, 83250, 23836.1106339117, 23950, 23700, 's', 0, 0, 0, 1590552461, 83250.84999999999, 34926, 23700, 23750, 14300, 23700, 255200, 23650, 155400, 23800, 161600, 23850, 220600, 23900, 289900, '2025-01-16 06:11:02']]
[2025-01-16T06:11:04.900+0000] {python.py:240} INFO - Done. Returned value was: None
[2025-01-16T06:11:04.910+0000] {taskinstance.py:340} INFO - ::group::Post task execution logs
[2025-01-16T06:11:04.912+0000] {taskinstance.py:352} INFO - Marking task as SUCCESS. dag_id=stock_information, task_id=append_to_database, run_id=scheduled__2025-01-16T06:10:00+00:00, execution_date=20250116T061000, start_date=20250116T061104, end_date=20250116T061104
[2025-01-16T06:11:04.940+0000] {local_task_job_runner.py:266} INFO - Task exited with return code 0
[2025-01-16T06:11:04.953+0000] {taskinstance.py:3895} INFO - 0 downstream tasks scheduled from follow-on schedule check
[2025-01-16T06:11:04.957+0000] {local_task_job_runner.py:245} INFO - ::endgroup::
