[2025-01-16T03:59:03.544+0000] {local_task_job_runner.py:123} INFO - ::group::Pre task execution logs
[2025-01-16T03:59:03.557+0000] {taskinstance.py:2613} INFO - Dependencies all met for dep_context=non-requeueable deps ti=<TaskInstance: stock_information.append_to_database scheduled__2025-01-16T03:58:00+00:00 [queued]>
[2025-01-16T03:59:03.566+0000] {taskinstance.py:2613} INFO - Dependencies all met for dep_context=requeueable deps ti=<TaskInstance: stock_information.append_to_database scheduled__2025-01-16T03:58:00+00:00 [queued]>
[2025-01-16T03:59:03.567+0000] {taskinstance.py:2866} INFO - Starting attempt 1 of 1
[2025-01-16T03:59:03.584+0000] {taskinstance.py:2889} INFO - Executing <Task(PythonOperator): append_to_database> on 2025-01-16 03:58:00+00:00
[2025-01-16T03:59:03.593+0000] {standard_task_runner.py:72} INFO - Started process 2644 to run task
[2025-01-16T03:59:03.596+0000] {standard_task_runner.py:104} INFO - Running: ['airflow', 'tasks', 'run', 'stock_information', 'append_to_database', 'scheduled__2025-01-16T03:58:00+00:00', '--job-id', '1587', '--raw', '--subdir', 'DAGS_FOLDER/vnstock_stream.py', '--cfg-path', '/tmp/tmpuhs130ad']
[2025-01-16T03:59:03.600+0000] {standard_task_runner.py:105} INFO - Job 1587: Subtask append_to_database
[2025-01-16T03:59:03.649+0000] {task_command.py:467} INFO - Running <TaskInstance: stock_information.append_to_database scheduled__2025-01-16T03:58:00+00:00 [running]> on host 453ac4defedc
[2025-01-16T03:59:03.740+0000] {taskinstance.py:3132} INFO - Exporting env vars: AIRFLOW_CTX_DAG_OWNER='TuanDz' AIRFLOW_CTX_DAG_ID='stock_information' AIRFLOW_CTX_TASK_ID='append_to_database' AIRFLOW_CTX_EXECUTION_DATE='2025-01-16T03:58:00+00:00' AIRFLOW_CTX_TRY_NUMBER='1' AIRFLOW_CTX_DAG_RUN_ID='scheduled__2025-01-16T03:58:00+00:00'
[2025-01-16T03:59:03.743+0000] {taskinstance.py:731} INFO - ::endgroup::
[2025-01-16T03:59:03.814+0000] {logging_mixin.py:190} INFO - Kết nối thành công!
[2025-01-16T03:59:03.815+0000] {logging_mixin.py:190} INFO - <class 'str'>
[2025-01-16T03:59:03.816+0000] {logging_mixin.py:190} INFO - [['TCB', 25350, 22050, 23700, 'STOCK', 'HSX', '', 7045021622, 'STOCK', 8424683, 'Ngân hàng Thương mại Cổ phần Kỹ thương Việt Nam', 23700, '', '2025-01-16', 23750, 1500, 3066400, 73129, 23848.486824941298, 23950, 23750, 's', 0, 0, 0, 1590552461, 73129.46999999999, 30664, 23700, 23750, 213400, 23700, 267800, 23650, 18500, 23800, 17100, 23850, 195700, 23900, 270400, '2025-01-16 03:59:02']]
[2025-01-16T03:59:03.817+0000] {logging_mixin.py:190} INFO - <class 'list'>
[2025-01-16T03:59:03.817+0000] {logging_mixin.py:190} INFO - [['TCB', 25350, 22050, 23700, 'STOCK', 'HSX', '', 7045021622, 'STOCK', 8424683, 'Ngân hàng Thương mại Cổ phần Kỹ thương Việt Nam', 23700, '', '2025-01-16', 23750, 1500, 3066400, 73129, 23848.486824941298, 23950, 23750, 's', 0, 0, 0, 1590552461, 73129.46999999999, 30664, 23700, 23750, 213400, 23700, 267800, 23650, 18500, 23800, 17100, 23850, 195700, 23900, 270400, '2025-01-16 03:59:02']]
[2025-01-16T03:59:03.827+0000] {python.py:240} INFO - Done. Returned value was: None
[2025-01-16T03:59:03.837+0000] {taskinstance.py:340} INFO - ::group::Post task execution logs
[2025-01-16T03:59:03.838+0000] {taskinstance.py:352} INFO - Marking task as SUCCESS. dag_id=stock_information, task_id=append_to_database, run_id=scheduled__2025-01-16T03:58:00+00:00, execution_date=20250116T035800, start_date=20250116T035903, end_date=20250116T035903
[2025-01-16T03:59:03.895+0000] {local_task_job_runner.py:266} INFO - Task exited with return code 0
[2025-01-16T03:59:03.914+0000] {taskinstance.py:3895} INFO - 0 downstream tasks scheduled from follow-on schedule check
[2025-01-16T03:59:03.920+0000] {local_task_job_runner.py:245} INFO - ::endgroup::
