[2025-01-16T06:30:04.005+0000] {local_task_job_runner.py:123} INFO - ::group::Pre task execution logs
[2025-01-16T06:30:04.020+0000] {taskinstance.py:2613} INFO - Dependencies all met for dep_context=non-requeueable deps ti=<TaskInstance: stock_information.append_to_database scheduled__2025-01-16T06:29:00+00:00 [queued]>
[2025-01-16T06:30:04.027+0000] {taskinstance.py:2613} INFO - Dependencies all met for dep_context=requeueable deps ti=<TaskInstance: stock_information.append_to_database scheduled__2025-01-16T06:29:00+00:00 [queued]>
[2025-01-16T06:30:04.028+0000] {taskinstance.py:2866} INFO - Starting attempt 1 of 1
[2025-01-16T06:30:04.047+0000] {taskinstance.py:2889} INFO - Executing <Task(PythonOperator): append_to_database> on 2025-01-16 06:29:00+00:00
[2025-01-16T06:30:04.060+0000] {standard_task_runner.py:72} INFO - Started process 7065 to run task
[2025-01-16T06:30:04.063+0000] {standard_task_runner.py:104} INFO - Running: ['airflow', 'tasks', 'run', 'stock_information', 'append_to_database', 'scheduled__2025-01-16T06:29:00+00:00', '--job-id', '1889', '--raw', '--subdir', 'DAGS_FOLDER/vnstock_stream.py', '--cfg-path', '/tmp/tmptyptgjzg']
[2025-01-16T06:30:04.066+0000] {standard_task_runner.py:105} INFO - Job 1889: Subtask append_to_database
[2025-01-16T06:30:04.112+0000] {task_command.py:467} INFO - Running <TaskInstance: stock_information.append_to_database scheduled__2025-01-16T06:29:00+00:00 [running]> on host 453ac4defedc
[2025-01-16T06:30:04.217+0000] {taskinstance.py:3132} INFO - Exporting env vars: AIRFLOW_CTX_DAG_OWNER='TuanDz' AIRFLOW_CTX_DAG_ID='stock_information' AIRFLOW_CTX_TASK_ID='append_to_database' AIRFLOW_CTX_EXECUTION_DATE='2025-01-16T06:29:00+00:00' AIRFLOW_CTX_TRY_NUMBER='1' AIRFLOW_CTX_DAG_RUN_ID='scheduled__2025-01-16T06:29:00+00:00'
[2025-01-16T06:30:04.220+0000] {taskinstance.py:731} INFO - ::endgroup::
[2025-01-16T06:30:04.293+0000] {logging_mixin.py:190} INFO - Kết nối thành công!
[2025-01-16T06:30:04.294+0000] {logging_mixin.py:190} INFO - <class 'str'>
[2025-01-16T06:30:04.295+0000] {logging_mixin.py:190} INFO - [['TCB', 25350, 22050, 23700, 'STOCK', 'HSX', '', 7045021622, 'STOCK', 8424683, 'Ngân hàng Thương mại Cổ phần Kỹ thương Việt Nam', 23700, '', '2025-01-16', 23750, 3500, 3650200, 86994, 23832.666703194347, 23950, 23700, 's', 0, 0, 0, 1590552461, 86994.48999999999, 36502, 23700, 23750, 153600, 23700, 247300, 23650, 191900, 23800, 177400, 23850, 224500, 23900, 316200, '2025-01-16 06:30:02']]
[2025-01-16T06:30:04.296+0000] {logging_mixin.py:190} INFO - <class 'list'>
[2025-01-16T06:30:04.298+0000] {logging_mixin.py:190} INFO - [['TCB', 25350, 22050, 23700, 'STOCK', 'HSX', '', 7045021622, 'STOCK', 8424683, 'Ngân hàng Thương mại Cổ phần Kỹ thương Việt Nam', 23700, '', '2025-01-16', 23750, 3500, 3650200, 86994, 23832.666703194347, 23950, 23700, 's', 0, 0, 0, 1590552461, 86994.48999999999, 36502, 23700, 23750, 153600, 23700, 247300, 23650, 191900, 23800, 177400, 23850, 224500, 23900, 316200, '2025-01-16 06:30:02']]
[2025-01-16T06:30:04.304+0000] {python.py:240} INFO - Done. Returned value was: None
[2025-01-16T06:30:04.312+0000] {taskinstance.py:340} INFO - ::group::Post task execution logs
[2025-01-16T06:30:04.312+0000] {taskinstance.py:352} INFO - Marking task as SUCCESS. dag_id=stock_information, task_id=append_to_database, run_id=scheduled__2025-01-16T06:29:00+00:00, execution_date=20250116T062900, start_date=20250116T063004, end_date=20250116T063004
[2025-01-16T06:30:04.360+0000] {local_task_job_runner.py:266} INFO - Task exited with return code 0
[2025-01-16T06:30:04.379+0000] {taskinstance.py:3895} INFO - 0 downstream tasks scheduled from follow-on schedule check
[2025-01-16T06:30:04.383+0000] {local_task_job_runner.py:245} INFO - ::endgroup::
