[2025-01-15T03:51:06.138+0000] {local_task_job_runner.py:123} INFO - ::group::Pre task execution logs
[2025-01-15T03:51:06.150+0000] {taskinstance.py:2613} INFO - Dependencies all met for dep_context=non-requeueable deps ti=<TaskInstance: stock_information.append_to_database scheduled__2025-01-15T03:50:00+00:00 [queued]>
[2025-01-15T03:51:06.157+0000] {taskinstance.py:2613} INFO - Dependencies all met for dep_context=requeueable deps ti=<TaskInstance: stock_information.append_to_database scheduled__2025-01-15T03:50:00+00:00 [queued]>
[2025-01-15T03:51:06.158+0000] {taskinstance.py:2866} INFO - Starting attempt 1 of 1
[2025-01-15T03:51:06.170+0000] {taskinstance.py:2889} INFO - Executing <Task(PythonOperator): append_to_database> on 2025-01-15 03:50:00+00:00
[2025-01-15T03:51:06.177+0000] {standard_task_runner.py:72} INFO - Started process 2460 to run task
[2025-01-15T03:51:06.179+0000] {standard_task_runner.py:104} INFO - Running: ['airflow', 'tasks', 'run', 'stock_information', 'append_to_database', 'scheduled__2025-01-15T03:50:00+00:00', '--job-id', '674', '--raw', '--subdir', 'DAGS_FOLDER/vnstock_stream.py', '--cfg-path', '/tmp/tmpxi64c7ul']
[2025-01-15T03:51:06.183+0000] {standard_task_runner.py:105} INFO - Job 674: Subtask append_to_database
[2025-01-15T03:51:06.222+0000] {task_command.py:467} INFO - Running <TaskInstance: stock_information.append_to_database scheduled__2025-01-15T03:50:00+00:00 [running]> on host 453ac4defedc
[2025-01-15T03:51:06.300+0000] {taskinstance.py:3132} INFO - Exporting env vars: AIRFLOW_CTX_DAG_OWNER='TuanDz' AIRFLOW_CTX_DAG_ID='stock_information' AIRFLOW_CTX_TASK_ID='append_to_database' AIRFLOW_CTX_EXECUTION_DATE='2025-01-15T03:50:00+00:00' AIRFLOW_CTX_TRY_NUMBER='1' AIRFLOW_CTX_DAG_RUN_ID='scheduled__2025-01-15T03:50:00+00:00'
[2025-01-15T03:51:06.303+0000] {taskinstance.py:731} INFO - ::endgroup::
[2025-01-15T03:51:06.337+0000] {logging_mixin.py:190} INFO - Kết nối thành công!
[2025-01-15T03:51:06.338+0000] {logging_mixin.py:190} INFO - <class 'str'>
[2025-01-15T03:51:06.339+0000] {logging_mixin.py:190} INFO - [['TCB', 25250, 21950, 23600, 'STOCK', 'HSX', '', 7045021622, 'STOCK', 8424683, 'Ngân hàng Thương mại Cổ phần Kỹ thương Việt Nam', 23600, '', '2025-01-15', 23800, 200, 1586600, 37657, 23734.40060506744, 23800, 23650, 'b', 0, 0, 0, 1590552461, 37657.39999999999, 15866, 23600, 23750, 50800, 23700, 146100, 23650, 235600, 23800, 82300, 23850, 157700, 23900, 107100, '2025-01-15 03:51:04']]
[2025-01-15T03:51:06.340+0000] {logging_mixin.py:190} INFO - <class 'list'>
[2025-01-15T03:51:06.340+0000] {logging_mixin.py:190} INFO - [['TCB', 25250, 21950, 23600, 'STOCK', 'HSX', '', 7045021622, 'STOCK', 8424683, 'Ngân hàng Thương mại Cổ phần Kỹ thương Việt Nam', 23600, '', '2025-01-15', 23800, 200, 1586600, 37657, 23734.40060506744, 23800, 23650, 'b', 0, 0, 0, 1590552461, 37657.39999999999, 15866, 23600, 23750, 50800, 23700, 146100, 23650, 235600, 23800, 82300, 23850, 157700, 23900, 107100, '2025-01-15 03:51:04']]
[2025-01-15T03:51:06.343+0000] {python.py:240} INFO - Done. Returned value was: None
[2025-01-15T03:51:06.350+0000] {taskinstance.py:340} INFO - ::group::Post task execution logs
[2025-01-15T03:51:06.351+0000] {taskinstance.py:352} INFO - Marking task as SUCCESS. dag_id=stock_information, task_id=append_to_database, run_id=scheduled__2025-01-15T03:50:00+00:00, execution_date=20250115T035000, start_date=20250115T035106, end_date=20250115T035106
[2025-01-15T03:51:06.395+0000] {local_task_job_runner.py:266} INFO - Task exited with return code 0
[2025-01-15T03:51:06.414+0000] {taskinstance.py:3895} INFO - 0 downstream tasks scheduled from follow-on schedule check
[2025-01-15T03:51:06.418+0000] {local_task_job_runner.py:245} INFO - ::endgroup::
