[2025-01-15T02:55:03.915+0000] {local_task_job_runner.py:123} INFO - ::group::Pre task execution logs
[2025-01-15T02:55:03.928+0000] {taskinstance.py:2613} INFO - Dependencies all met for dep_context=non-requeueable deps ti=<TaskInstance: stock_information.append_to_database scheduled__2025-01-15T02:54:00+00:00 [queued]>
[2025-01-15T02:55:03.936+0000] {taskinstance.py:2613} INFO - Dependencies all met for dep_context=requeueable deps ti=<TaskInstance: stock_information.append_to_database scheduled__2025-01-15T02:54:00+00:00 [queued]>
[2025-01-15T02:55:03.937+0000] {taskinstance.py:2866} INFO - Starting attempt 1 of 1
[2025-01-15T02:55:03.950+0000] {taskinstance.py:2889} INFO - Executing <Task(PythonOperator): append_to_database> on 2025-01-15 02:54:00+00:00
[2025-01-15T02:55:03.956+0000] {standard_task_runner.py:72} INFO - Started process 820 to run task
[2025-01-15T02:55:03.959+0000] {standard_task_runner.py:104} INFO - Running: ['airflow', 'tasks', 'run', 'stock_information', 'append_to_database', 'scheduled__2025-01-15T02:54:00+00:00', '--job-id', '562', '--raw', '--subdir', 'DAGS_FOLDER/vnstock_stream.py', '--cfg-path', '/tmp/tmpomi757jo']
[2025-01-15T02:55:03.962+0000] {standard_task_runner.py:105} INFO - Job 562: Subtask append_to_database
[2025-01-15T02:55:04.000+0000] {task_command.py:467} INFO - Running <TaskInstance: stock_information.append_to_database scheduled__2025-01-15T02:54:00+00:00 [running]> on host 453ac4defedc
[2025-01-15T02:55:04.077+0000] {taskinstance.py:3132} INFO - Exporting env vars: AIRFLOW_CTX_DAG_OWNER='TuanDz' AIRFLOW_CTX_DAG_ID='stock_information' AIRFLOW_CTX_TASK_ID='append_to_database' AIRFLOW_CTX_EXECUTION_DATE='2025-01-15T02:54:00+00:00' AIRFLOW_CTX_TRY_NUMBER='1' AIRFLOW_CTX_DAG_RUN_ID='scheduled__2025-01-15T02:54:00+00:00'
[2025-01-15T02:55:04.079+0000] {taskinstance.py:731} INFO - ::endgroup::
[2025-01-15T02:55:04.123+0000] {logging_mixin.py:190} INFO - Kết nối thành công!
[2025-01-15T02:55:04.124+0000] {logging_mixin.py:190} INFO - <class 'str'>
[2025-01-15T02:55:04.125+0000] {logging_mixin.py:190} INFO - [['TCB', 25250, 21950, 23600, 'STOCK', 'HSX', '', 7045021622, 'STOCK', 8424683, 'Ngân hàng Thương mại Cổ phần Kỹ thương Việt Nam', 23600, '', '2025-01-15', 23700, 100, 397500, 9438, 23743.396226415094, 23800, 23650, 's', 0, 0, 0, 1590552461, 9438.13, 3975, 23600, 23700, 237100, 23650, 55000, 23600, 101300, 23750, 115700, 23800, 160800, 23850, 134600, '2025-01-15 02:55:02']]
[2025-01-15T02:55:04.126+0000] {logging_mixin.py:190} INFO - <class 'list'>
[2025-01-15T02:55:04.126+0000] {logging_mixin.py:190} INFO - [['TCB', 25250, 21950, 23600, 'STOCK', 'HSX', '', 7045021622, 'STOCK', 8424683, 'Ngân hàng Thương mại Cổ phần Kỹ thương Việt Nam', 23600, '', '2025-01-15', 23700, 100, 397500, 9438, 23743.396226415094, 23800, 23650, 's', 0, 0, 0, 1590552461, 9438.13, 3975, 23600, 23700, 237100, 23650, 55000, 23600, 101300, 23750, 115700, 23800, 160800, 23850, 134600, '2025-01-15 02:55:02']]
[2025-01-15T02:55:04.129+0000] {python.py:240} INFO - Done. Returned value was: None
[2025-01-15T02:55:04.137+0000] {taskinstance.py:340} INFO - ::group::Post task execution logs
[2025-01-15T02:55:04.137+0000] {taskinstance.py:352} INFO - Marking task as SUCCESS. dag_id=stock_information, task_id=append_to_database, run_id=scheduled__2025-01-15T02:54:00+00:00, execution_date=20250115T025400, start_date=20250115T025503, end_date=20250115T025504
[2025-01-15T02:55:04.175+0000] {local_task_job_runner.py:266} INFO - Task exited with return code 0
[2025-01-15T02:55:04.191+0000] {taskinstance.py:3895} INFO - 0 downstream tasks scheduled from follow-on schedule check
[2025-01-15T02:55:04.196+0000] {local_task_job_runner.py:245} INFO - ::endgroup::
