[2025-01-17T02:44:04.140+0000] {local_task_job_runner.py:123} INFO - ::group::Pre task execution logs
[2025-01-17T02:44:04.152+0000] {taskinstance.py:2613} INFO - Dependencies all met for dep_context=non-requeueable deps ti=<TaskInstance: stock_information.append_to_database scheduled__2025-01-17T02:43:00+00:00 [queued]>
[2025-01-17T02:44:04.159+0000] {taskinstance.py:2613} INFO - Dependencies all met for dep_context=requeueable deps ti=<TaskInstance: stock_information.append_to_database scheduled__2025-01-17T02:43:00+00:00 [queued]>
[2025-01-17T02:44:04.160+0000] {taskinstance.py:2866} INFO - Starting attempt 1 of 1
[2025-01-17T02:44:04.172+0000] {taskinstance.py:2889} INFO - Executing <Task(PythonOperator): append_to_database> on 2025-01-17 02:43:00+00:00
[2025-01-17T02:44:04.176+0000] {standard_task_runner.py:72} INFO - Started process 1947 to run task
[2025-01-17T02:44:04.178+0000] {standard_task_runner.py:104} INFO - Running: ['airflow', 'tasks', 'run', 'stock_information', 'append_to_database', 'scheduled__2025-01-17T02:43:00+00:00', '--job-id', '2340', '--raw', '--subdir', 'DAGS_FOLDER/vnstock_stream.py', '--cfg-path', '/tmp/tmpfk86or6e']
[2025-01-17T02:44:04.181+0000] {standard_task_runner.py:105} INFO - Job 2340: Subtask append_to_database
[2025-01-17T02:44:04.216+0000] {task_command.py:467} INFO - Running <TaskInstance: stock_information.append_to_database scheduled__2025-01-17T02:43:00+00:00 [running]> on host 453ac4defedc
[2025-01-17T02:44:04.291+0000] {taskinstance.py:3132} INFO - Exporting env vars: AIRFLOW_CTX_DAG_OWNER='TuanDz' AIRFLOW_CTX_DAG_ID='stock_information' AIRFLOW_CTX_TASK_ID='append_to_database' AIRFLOW_CTX_EXECUTION_DATE='2025-01-17T02:43:00+00:00' AIRFLOW_CTX_TRY_NUMBER='1' AIRFLOW_CTX_DAG_RUN_ID='scheduled__2025-01-17T02:43:00+00:00'
[2025-01-17T02:44:04.292+0000] {taskinstance.py:731} INFO - ::endgroup::
[2025-01-17T02:44:04.368+0000] {logging_mixin.py:190} INFO - Kết nối thành công!
[2025-01-17T02:44:04.369+0000] {logging_mixin.py:190} INFO - <class 'str'>
[2025-01-17T02:44:04.369+0000] {logging_mixin.py:190} INFO - [['TCB', 25500, 22200, 23850, 'STOCK', 'HSX', '', 7045021622, 'STOCK', 8424683, 'Ngân hàng Thương mại Cổ phần Kỹ thương Việt Nam', 23850, '', '2025-01-17', 23800, 200, 169500, 4036, 23811.209439528022, 23900, 23750, 's', 5300, 13500, 0, 1590552461, 4036.050000000004, 1695, 23850, 23800, 95100, 23750, 96600, 23700, 54500, 23850, 75600, 23900, 80400, 23950, 294600, '2025-01-17 02:44:02']]
[2025-01-17T02:44:04.370+0000] {logging_mixin.py:190} INFO - <class 'list'>
[2025-01-17T02:44:04.371+0000] {logging_mixin.py:190} INFO - [['TCB', 25500, 22200, 23850, 'STOCK', 'HSX', '', 7045021622, 'STOCK', 8424683, 'Ngân hàng Thương mại Cổ phần Kỹ thương Việt Nam', 23850, '', '2025-01-17', 23800, 200, 169500, 4036, 23811.209439528022, 23900, 23750, 's', 5300, 13500, 0, 1590552461, 4036.050000000004, 1695, 23850, 23800, 95100, 23750, 96600, 23700, 54500, 23850, 75600, 23900, 80400, 23950, 294600, '2025-01-17 02:44:02']]
[2025-01-17T02:44:04.377+0000] {python.py:240} INFO - Done. Returned value was: None
[2025-01-17T02:44:04.385+0000] {taskinstance.py:340} INFO - ::group::Post task execution logs
[2025-01-17T02:44:04.385+0000] {taskinstance.py:352} INFO - Marking task as SUCCESS. dag_id=stock_information, task_id=append_to_database, run_id=scheduled__2025-01-17T02:43:00+00:00, execution_date=20250117T024300, start_date=20250117T024404, end_date=20250117T024404
[2025-01-17T02:44:04.434+0000] {local_task_job_runner.py:266} INFO - Task exited with return code 0
[2025-01-17T02:44:04.455+0000] {taskinstance.py:3895} INFO - 0 downstream tasks scheduled from follow-on schedule check
[2025-01-17T02:44:04.461+0000] {local_task_job_runner.py:245} INFO - ::endgroup::
