[2025-01-17T03:08:04.120+0000] {local_task_job_runner.py:123} INFO - ::group::Pre task execution logs
[2025-01-17T03:08:04.131+0000] {taskinstance.py:2613} INFO - Dependencies all met for dep_context=non-requeueable deps ti=<TaskInstance: stock_information.append_to_database scheduled__2025-01-17T03:07:00+00:00 [queued]>
[2025-01-17T03:08:04.139+0000] {taskinstance.py:2613} INFO - Dependencies all met for dep_context=requeueable deps ti=<TaskInstance: stock_information.append_to_database scheduled__2025-01-17T03:07:00+00:00 [queued]>
[2025-01-17T03:08:04.140+0000] {taskinstance.py:2866} INFO - Starting attempt 1 of 1
[2025-01-17T03:08:04.152+0000] {taskinstance.py:2889} INFO - Executing <Task(PythonOperator): append_to_database> on 2025-01-17 03:07:00+00:00
[2025-01-17T03:08:04.157+0000] {standard_task_runner.py:72} INFO - Started process 2650 to run task
[2025-01-17T03:08:04.160+0000] {standard_task_runner.py:104} INFO - Running: ['airflow', 'tasks', 'run', 'stock_information', 'append_to_database', 'scheduled__2025-01-17T03:07:00+00:00', '--job-id', '2388', '--raw', '--subdir', 'DAGS_FOLDER/vnstock_stream.py', '--cfg-path', '/tmp/tmpjosjw99w']
[2025-01-17T03:08:04.162+0000] {standard_task_runner.py:105} INFO - Job 2388: Subtask append_to_database
[2025-01-17T03:08:04.205+0000] {task_command.py:467} INFO - Running <TaskInstance: stock_information.append_to_database scheduled__2025-01-17T03:07:00+00:00 [running]> on host 453ac4defedc
[2025-01-17T03:08:04.285+0000] {taskinstance.py:3132} INFO - Exporting env vars: AIRFLOW_CTX_DAG_OWNER='TuanDz' AIRFLOW_CTX_DAG_ID='stock_information' AIRFLOW_CTX_TASK_ID='append_to_database' AIRFLOW_CTX_EXECUTION_DATE='2025-01-17T03:07:00+00:00' AIRFLOW_CTX_TRY_NUMBER='1' AIRFLOW_CTX_DAG_RUN_ID='scheduled__2025-01-17T03:07:00+00:00'
[2025-01-17T03:08:04.287+0000] {taskinstance.py:731} INFO - ::endgroup::
[2025-01-17T03:08:04.375+0000] {logging_mixin.py:190} INFO - Kết nối thành công!
[2025-01-17T03:08:04.376+0000] {logging_mixin.py:190} INFO - <class 'str'>
[2025-01-17T03:08:04.377+0000] {logging_mixin.py:190} INFO - [['TCB', 25500, 22200, 23850, 'STOCK', 'HSX', '', 7045021622, 'STOCK', 8424683, 'Ngân hàng Thương mại Cổ phần Kỹ thương Việt Nam', 23850, '', '2025-01-17', 23800, 300, 396000, 9434, 23823.23232323232, 23900, 23750, 's', 5300, 35100, 0, 1590552461, 9434.075000000006, 3960, 23850, 23800, 167900, 23750, 81400, 23700, 62900, 23900, 172800, 23950, 305200, 24000, 948200, '2025-01-17 03:08:02']]
[2025-01-17T03:08:04.378+0000] {logging_mixin.py:190} INFO - <class 'list'>
[2025-01-17T03:08:04.378+0000] {logging_mixin.py:190} INFO - [['TCB', 25500, 22200, 23850, 'STOCK', 'HSX', '', 7045021622, 'STOCK', 8424683, 'Ngân hàng Thương mại Cổ phần Kỹ thương Việt Nam', 23850, '', '2025-01-17', 23800, 300, 396000, 9434, 23823.23232323232, 23900, 23750, 's', 5300, 35100, 0, 1590552461, 9434.075000000006, 3960, 23850, 23800, 167900, 23750, 81400, 23700, 62900, 23900, 172800, 23950, 305200, 24000, 948200, '2025-01-17 03:08:02']]
[2025-01-17T03:08:04.385+0000] {python.py:240} INFO - Done. Returned value was: None
[2025-01-17T03:08:04.394+0000] {taskinstance.py:340} INFO - ::group::Post task execution logs
[2025-01-17T03:08:04.396+0000] {taskinstance.py:352} INFO - Marking task as SUCCESS. dag_id=stock_information, task_id=append_to_database, run_id=scheduled__2025-01-17T03:07:00+00:00, execution_date=20250117T030700, start_date=20250117T030804, end_date=20250117T030804
[2025-01-17T03:08:04.415+0000] {local_task_job_runner.py:266} INFO - Task exited with return code 0
[2025-01-17T03:08:04.427+0000] {taskinstance.py:3895} INFO - 0 downstream tasks scheduled from follow-on schedule check
[2025-01-17T03:08:04.431+0000] {local_task_job_runner.py:245} INFO - ::endgroup::
