[2025-01-15T06:56:05.365+0000] {local_task_job_runner.py:123} INFO - ::group::Pre task execution logs
[2025-01-15T06:56:05.381+0000] {taskinstance.py:2613} INFO - Dependencies all met for dep_context=non-requeueable deps ti=<TaskInstance: stock_information.append_to_database scheduled__2025-01-15T06:55:00+00:00 [queued]>
[2025-01-15T06:56:05.391+0000] {taskinstance.py:2613} INFO - Dependencies all met for dep_context=requeueable deps ti=<TaskInstance: stock_information.append_to_database scheduled__2025-01-15T06:55:00+00:00 [queued]>
[2025-01-15T06:56:05.393+0000] {taskinstance.py:2866} INFO - Starting attempt 1 of 1
[2025-01-15T06:56:05.407+0000] {taskinstance.py:2889} INFO - Executing <Task(PythonOperator): append_to_database> on 2025-01-15 06:55:00+00:00
[2025-01-15T06:56:05.415+0000] {standard_task_runner.py:72} INFO - Started process 7818 to run task
[2025-01-15T06:56:05.418+0000] {standard_task_runner.py:104} INFO - Running: ['airflow', 'tasks', 'run', 'stock_information', 'append_to_database', 'scheduled__2025-01-15T06:55:00+00:00', '--job-id', '1044', '--raw', '--subdir', 'DAGS_FOLDER/vnstock_stream.py', '--cfg-path', '/tmp/tmptcag30c2']
[2025-01-15T06:56:05.421+0000] {standard_task_runner.py:105} INFO - Job 1044: Subtask append_to_database
[2025-01-15T06:56:05.461+0000] {task_command.py:467} INFO - Running <TaskInstance: stock_information.append_to_database scheduled__2025-01-15T06:55:00+00:00 [running]> on host 453ac4defedc
[2025-01-15T06:56:05.537+0000] {taskinstance.py:3132} INFO - Exporting env vars: AIRFLOW_CTX_DAG_OWNER='TuanDz' AIRFLOW_CTX_DAG_ID='stock_information' AIRFLOW_CTX_TASK_ID='append_to_database' AIRFLOW_CTX_EXECUTION_DATE='2025-01-15T06:55:00+00:00' AIRFLOW_CTX_TRY_NUMBER='1' AIRFLOW_CTX_DAG_RUN_ID='scheduled__2025-01-15T06:55:00+00:00'
[2025-01-15T06:56:05.540+0000] {taskinstance.py:731} INFO - ::endgroup::
[2025-01-15T06:56:05.577+0000] {logging_mixin.py:190} INFO - Kết nối thành công!
[2025-01-15T06:56:05.578+0000] {logging_mixin.py:190} INFO - <class 'str'>
[2025-01-15T06:56:05.578+0000] {logging_mixin.py:190} INFO - [['TCB', 25250, 21950, 23600, 'STOCK', 'HSX', '', 7045021622, 'STOCK', 8424683, 'Ngân hàng Thương mại Cổ phần Kỹ thương Việt Nam', 23600, '', '2025-01-15', 23750, 13100, 4617700, 109890, 23797.561556619097, 23900, 23650, 's', 156700, 166700, 0, 1590552461, 109890.84999999977, 46177, 23600, 23750, 175800, 23700, 423100, 23650, 232200, 23800, 138100, 23850, 62700, 23900, 174600, '2025-01-15 06:56:03']]
[2025-01-15T06:56:05.579+0000] {logging_mixin.py:190} INFO - <class 'list'>
[2025-01-15T06:56:05.579+0000] {logging_mixin.py:190} INFO - [['TCB', 25250, 21950, 23600, 'STOCK', 'HSX', '', 7045021622, 'STOCK', 8424683, 'Ngân hàng Thương mại Cổ phần Kỹ thương Việt Nam', 23600, '', '2025-01-15', 23750, 13100, 4617700, 109890, 23797.561556619097, 23900, 23650, 's', 156700, 166700, 0, 1590552461, 109890.84999999977, 46177, 23600, 23750, 175800, 23700, 423100, 23650, 232200, 23800, 138100, 23850, 62700, 23900, 174600, '2025-01-15 06:56:03']]
[2025-01-15T06:56:05.582+0000] {python.py:240} INFO - Done. Returned value was: None
[2025-01-15T06:56:05.590+0000] {taskinstance.py:340} INFO - ::group::Post task execution logs
[2025-01-15T06:56:05.591+0000] {taskinstance.py:352} INFO - Marking task as SUCCESS. dag_id=stock_information, task_id=append_to_database, run_id=scheduled__2025-01-15T06:55:00+00:00, execution_date=20250115T065500, start_date=20250115T065605, end_date=20250115T065605
[2025-01-15T06:56:05.635+0000] {local_task_job_runner.py:266} INFO - Task exited with return code 0
[2025-01-15T06:56:05.650+0000] {taskinstance.py:3895} INFO - 0 downstream tasks scheduled from follow-on schedule check
[2025-01-15T06:56:05.656+0000] {local_task_job_runner.py:245} INFO - ::endgroup::
