[2025-01-17T03:02:03.542+0000] {local_task_job_runner.py:123} INFO - ::group::Pre task execution logs
[2025-01-17T03:02:03.554+0000] {taskinstance.py:2613} INFO - Dependencies all met for dep_context=non-requeueable deps ti=<TaskInstance: stock_information.append_to_database scheduled__2025-01-17T03:01:00+00:00 [queued]>
[2025-01-17T03:02:03.561+0000] {taskinstance.py:2613} INFO - Dependencies all met for dep_context=requeueable deps ti=<TaskInstance: stock_information.append_to_database scheduled__2025-01-17T03:01:00+00:00 [queued]>
[2025-01-17T03:02:03.562+0000] {taskinstance.py:2866} INFO - Starting attempt 1 of 1
[2025-01-17T03:02:03.574+0000] {taskinstance.py:2889} INFO - Executing <Task(PythonOperator): append_to_database> on 2025-01-17 03:01:00+00:00
[2025-01-17T03:02:03.579+0000] {standard_task_runner.py:72} INFO - Started process 2474 to run task
[2025-01-17T03:02:03.581+0000] {standard_task_runner.py:104} INFO - Running: ['airflow', 'tasks', 'run', 'stock_information', 'append_to_database', 'scheduled__2025-01-17T03:01:00+00:00', '--job-id', '2376', '--raw', '--subdir', 'DAGS_FOLDER/vnstock_stream.py', '--cfg-path', '/tmp/tmpd0lahb55']
[2025-01-17T03:02:03.584+0000] {standard_task_runner.py:105} INFO - Job 2376: Subtask append_to_database
[2025-01-17T03:02:03.622+0000] {task_command.py:467} INFO - Running <TaskInstance: stock_information.append_to_database scheduled__2025-01-17T03:01:00+00:00 [running]> on host 453ac4defedc
[2025-01-17T03:02:03.701+0000] {taskinstance.py:3132} INFO - Exporting env vars: AIRFLOW_CTX_DAG_OWNER='TuanDz' AIRFLOW_CTX_DAG_ID='stock_information' AIRFLOW_CTX_TASK_ID='append_to_database' AIRFLOW_CTX_EXECUTION_DATE='2025-01-17T03:01:00+00:00' AIRFLOW_CTX_TRY_NUMBER='1' AIRFLOW_CTX_DAG_RUN_ID='scheduled__2025-01-17T03:01:00+00:00'
[2025-01-17T03:02:03.703+0000] {taskinstance.py:731} INFO - ::endgroup::
[2025-01-17T03:02:03.766+0000] {logging_mixin.py:190} INFO - Kết nối thành công!
[2025-01-17T03:02:03.767+0000] {logging_mixin.py:190} INFO - <class 'str'>
[2025-01-17T03:02:03.767+0000] {logging_mixin.py:190} INFO - [['TCB', 25500, 22200, 23850, 'STOCK', 'HSX', '', 7045021622, 'STOCK', 8424683, 'Ngân hàng Thương mại Cổ phần Kỹ thương Việt Nam', 23850, '', '2025-01-17', 23850, 300, 362900, 8645, 23821.98952879581, 23900, 23750, 's', 5300, 29700, 0, 1590552461, 8645.775000000012, 3629, 23850, 23850, 4700, 23800, 163700, 23750, 69400, 23900, 176600, 23950, 307500, 24000, 947600, '2025-01-17 03:02:02']]
[2025-01-17T03:02:03.768+0000] {logging_mixin.py:190} INFO - <class 'list'>
[2025-01-17T03:02:03.768+0000] {logging_mixin.py:190} INFO - [['TCB', 25500, 22200, 23850, 'STOCK', 'HSX', '', 7045021622, 'STOCK', 8424683, 'Ngân hàng Thương mại Cổ phần Kỹ thương Việt Nam', 23850, '', '2025-01-17', 23850, 300, 362900, 8645, 23821.98952879581, 23900, 23750, 's', 5300, 29700, 0, 1590552461, 8645.775000000012, 3629, 23850, 23850, 4700, 23800, 163700, 23750, 69400, 23900, 176600, 23950, 307500, 24000, 947600, '2025-01-17 03:02:02']]
[2025-01-17T03:02:03.773+0000] {python.py:240} INFO - Done. Returned value was: None
[2025-01-17T03:02:03.781+0000] {taskinstance.py:340} INFO - ::group::Post task execution logs
[2025-01-17T03:02:03.781+0000] {taskinstance.py:352} INFO - Marking task as SUCCESS. dag_id=stock_information, task_id=append_to_database, run_id=scheduled__2025-01-17T03:01:00+00:00, execution_date=20250117T030100, start_date=20250117T030203, end_date=20250117T030203
[2025-01-17T03:02:03.797+0000] {local_task_job_runner.py:266} INFO - Task exited with return code 0
[2025-01-17T03:02:03.809+0000] {taskinstance.py:3895} INFO - 0 downstream tasks scheduled from follow-on schedule check
[2025-01-17T03:02:03.813+0000] {local_task_job_runner.py:245} INFO - ::endgroup::
