[2025-01-09T15:49:21.352+0000] {processor.py:186} INFO - Started process (PID=183) to work on /opt/airflow/dags/kafka_stream.py
[2025-01-09T15:49:21.353+0000] {processor.py:914} INFO - Processing file /opt/airflow/dags/kafka_stream.py for tasks to queue
[2025-01-09T15:49:21.357+0000] {logging_mixin.py:190} INFO - [2025-01-09T15:49:21.356+0000] {dagbag.py:588} INFO - Filling up the DagBag from /opt/airflow/dags/kafka_stream.py
[2025-01-09T15:49:21.384+0000] {processor.py:925} INFO - DAG(s) 'user_automation' retrieved from /opt/airflow/dags/kafka_stream.py
[2025-01-09T15:49:21.430+0000] {logging_mixin.py:190} INFO - [2025-01-09T15:49:21.430+0000] {dag.py:3239} INFO - Sync 1 DAGs
[2025-01-09T15:49:21.451+0000] {logging_mixin.py:190} INFO - [2025-01-09T15:49:21.451+0000] {dag.py:4180} INFO - Setting next_dagrun for user_automation to None, run_after=None
[2025-01-09T15:49:21.479+0000] {processor.py:208} INFO - Processing /opt/airflow/dags/kafka_stream.py took 0.135 seconds
[2025-01-09T15:49:51.760+0000] {processor.py:186} INFO - Started process (PID=198) to work on /opt/airflow/dags/kafka_stream.py
[2025-01-09T15:49:51.761+0000] {processor.py:914} INFO - Processing file /opt/airflow/dags/kafka_stream.py for tasks to queue
[2025-01-09T15:49:51.762+0000] {logging_mixin.py:190} INFO - [2025-01-09T15:49:51.762+0000] {dagbag.py:588} INFO - Filling up the DagBag from /opt/airflow/dags/kafka_stream.py
[2025-01-09T15:49:51.792+0000] {processor.py:925} INFO - DAG(s) 'user_automation' retrieved from /opt/airflow/dags/kafka_stream.py
[2025-01-09T15:49:51.818+0000] {logging_mixin.py:190} INFO - [2025-01-09T15:49:51.817+0000] {dag.py:3239} INFO - Sync 1 DAGs
[2025-01-09T15:49:51.831+0000] {logging_mixin.py:190} INFO - [2025-01-09T15:49:51.831+0000] {dag.py:4180} INFO - Setting next_dagrun for user_automation to None, run_after=None
[2025-01-09T15:49:51.853+0000] {processor.py:208} INFO - Processing /opt/airflow/dags/kafka_stream.py took 0.097 seconds
[2025-01-09T15:50:22.131+0000] {processor.py:186} INFO - Started process (PID=209) to work on /opt/airflow/dags/kafka_stream.py
[2025-01-09T15:50:22.133+0000] {processor.py:914} INFO - Processing file /opt/airflow/dags/kafka_stream.py for tasks to queue
[2025-01-09T15:50:22.135+0000] {logging_mixin.py:190} INFO - [2025-01-09T15:50:22.135+0000] {dagbag.py:588} INFO - Filling up the DagBag from /opt/airflow/dags/kafka_stream.py
[2025-01-09T15:50:22.158+0000] {processor.py:925} INFO - DAG(s) 'user_automation' retrieved from /opt/airflow/dags/kafka_stream.py
[2025-01-09T15:50:22.184+0000] {logging_mixin.py:190} INFO - [2025-01-09T15:50:22.183+0000] {dag.py:3239} INFO - Sync 1 DAGs
[2025-01-09T15:50:22.199+0000] {logging_mixin.py:190} INFO - [2025-01-09T15:50:22.199+0000] {dag.py:4180} INFO - Setting next_dagrun for user_automation to None, run_after=None
[2025-01-09T15:50:22.230+0000] {processor.py:208} INFO - Processing /opt/airflow/dags/kafka_stream.py took 0.104 seconds
[2025-01-09T15:50:52.569+0000] {processor.py:186} INFO - Started process (PID=220) to work on /opt/airflow/dags/kafka_stream.py
[2025-01-09T15:50:52.570+0000] {processor.py:914} INFO - Processing file /opt/airflow/dags/kafka_stream.py for tasks to queue
[2025-01-09T15:50:52.575+0000] {logging_mixin.py:190} INFO - [2025-01-09T15:50:52.575+0000] {dagbag.py:588} INFO - Filling up the DagBag from /opt/airflow/dags/kafka_stream.py
[2025-01-09T15:50:52.621+0000] {processor.py:925} INFO - DAG(s) 'user_automation' retrieved from /opt/airflow/dags/kafka_stream.py
[2025-01-09T15:50:52.658+0000] {logging_mixin.py:190} INFO - [2025-01-09T15:50:52.658+0000] {dag.py:3239} INFO - Sync 1 DAGs
[2025-01-09T15:50:52.677+0000] {logging_mixin.py:190} INFO - [2025-01-09T15:50:52.677+0000] {dag.py:4180} INFO - Setting next_dagrun for user_automation to None, run_after=None
[2025-01-09T15:50:52.714+0000] {processor.py:208} INFO - Processing /opt/airflow/dags/kafka_stream.py took 0.155 seconds
[2025-01-09T15:51:23.050+0000] {processor.py:186} INFO - Started process (PID=231) to work on /opt/airflow/dags/kafka_stream.py
[2025-01-09T15:51:23.050+0000] {processor.py:914} INFO - Processing file /opt/airflow/dags/kafka_stream.py for tasks to queue
[2025-01-09T15:51:23.053+0000] {logging_mixin.py:190} INFO - [2025-01-09T15:51:23.053+0000] {dagbag.py:588} INFO - Filling up the DagBag from /opt/airflow/dags/kafka_stream.py
[2025-01-09T15:51:23.066+0000] {processor.py:925} INFO - DAG(s) 'user_automation' retrieved from /opt/airflow/dags/kafka_stream.py
[2025-01-09T15:51:23.087+0000] {logging_mixin.py:190} INFO - [2025-01-09T15:51:23.087+0000] {dag.py:3239} INFO - Sync 1 DAGs
[2025-01-09T15:51:23.100+0000] {logging_mixin.py:190} INFO - [2025-01-09T15:51:23.099+0000] {dag.py:4180} INFO - Setting next_dagrun for user_automation to None, run_after=None
[2025-01-09T15:51:23.118+0000] {processor.py:208} INFO - Processing /opt/airflow/dags/kafka_stream.py took 0.073 seconds
[2025-01-09T15:51:53.486+0000] {processor.py:186} INFO - Started process (PID=242) to work on /opt/airflow/dags/kafka_stream.py
[2025-01-09T15:51:53.488+0000] {processor.py:914} INFO - Processing file /opt/airflow/dags/kafka_stream.py for tasks to queue
[2025-01-09T15:51:53.491+0000] {logging_mixin.py:190} INFO - [2025-01-09T15:51:53.491+0000] {dagbag.py:588} INFO - Filling up the DagBag from /opt/airflow/dags/kafka_stream.py
[2025-01-09T15:51:53.522+0000] {processor.py:925} INFO - DAG(s) 'user_automation' retrieved from /opt/airflow/dags/kafka_stream.py
[2025-01-09T15:51:53.554+0000] {logging_mixin.py:190} INFO - [2025-01-09T15:51:53.554+0000] {dag.py:3239} INFO - Sync 1 DAGs
[2025-01-09T15:51:53.571+0000] {logging_mixin.py:190} INFO - [2025-01-09T15:51:53.571+0000] {dag.py:4180} INFO - Setting next_dagrun for user_automation to None, run_after=None
[2025-01-09T15:51:53.608+0000] {processor.py:208} INFO - Processing /opt/airflow/dags/kafka_stream.py took 0.128 seconds
[2025-01-09T15:52:23.915+0000] {processor.py:186} INFO - Started process (PID=253) to work on /opt/airflow/dags/kafka_stream.py
[2025-01-09T15:52:23.916+0000] {processor.py:914} INFO - Processing file /opt/airflow/dags/kafka_stream.py for tasks to queue
[2025-01-09T15:52:23.918+0000] {logging_mixin.py:190} INFO - [2025-01-09T15:52:23.917+0000] {dagbag.py:588} INFO - Filling up the DagBag from /opt/airflow/dags/kafka_stream.py
[2025-01-09T15:52:23.931+0000] {processor.py:925} INFO - DAG(s) 'user_automation' retrieved from /opt/airflow/dags/kafka_stream.py
[2025-01-09T15:52:23.950+0000] {logging_mixin.py:190} INFO - [2025-01-09T15:52:23.950+0000] {dag.py:3239} INFO - Sync 1 DAGs
[2025-01-09T15:52:23.961+0000] {logging_mixin.py:190} INFO - [2025-01-09T15:52:23.961+0000] {dag.py:4180} INFO - Setting next_dagrun for user_automation to None, run_after=None
[2025-01-09T15:52:23.990+0000] {processor.py:208} INFO - Processing /opt/airflow/dags/kafka_stream.py took 0.079 seconds
[2025-01-09T15:52:54.360+0000] {processor.py:186} INFO - Started process (PID=264) to work on /opt/airflow/dags/kafka_stream.py
[2025-01-09T15:52:54.362+0000] {processor.py:914} INFO - Processing file /opt/airflow/dags/kafka_stream.py for tasks to queue
[2025-01-09T15:52:54.364+0000] {logging_mixin.py:190} INFO - [2025-01-09T15:52:54.363+0000] {dagbag.py:588} INFO - Filling up the DagBag from /opt/airflow/dags/kafka_stream.py
[2025-01-09T15:52:54.380+0000] {processor.py:925} INFO - DAG(s) 'user_automation' retrieved from /opt/airflow/dags/kafka_stream.py
[2025-01-09T15:52:54.400+0000] {logging_mixin.py:190} INFO - [2025-01-09T15:52:54.400+0000] {dag.py:3239} INFO - Sync 1 DAGs
[2025-01-09T15:52:54.411+0000] {logging_mixin.py:190} INFO - [2025-01-09T15:52:54.410+0000] {dag.py:4180} INFO - Setting next_dagrun for user_automation to None, run_after=None
[2025-01-09T15:52:54.436+0000] {processor.py:208} INFO - Processing /opt/airflow/dags/kafka_stream.py took 0.081 seconds
[2025-01-09T15:53:24.838+0000] {processor.py:186} INFO - Started process (PID=275) to work on /opt/airflow/dags/kafka_stream.py
[2025-01-09T15:53:24.839+0000] {processor.py:914} INFO - Processing file /opt/airflow/dags/kafka_stream.py for tasks to queue
[2025-01-09T15:53:24.841+0000] {logging_mixin.py:190} INFO - [2025-01-09T15:53:24.841+0000] {dagbag.py:588} INFO - Filling up the DagBag from /opt/airflow/dags/kafka_stream.py
[2025-01-09T15:53:24.876+0000] {processor.py:925} INFO - DAG(s) 'user_automation' retrieved from /opt/airflow/dags/kafka_stream.py
[2025-01-09T15:53:24.901+0000] {logging_mixin.py:190} INFO - [2025-01-09T15:53:24.901+0000] {dag.py:3239} INFO - Sync 1 DAGs
[2025-01-09T15:53:24.917+0000] {logging_mixin.py:190} INFO - [2025-01-09T15:53:24.917+0000] {dag.py:4180} INFO - Setting next_dagrun for user_automation to None, run_after=None
[2025-01-09T15:53:24.947+0000] {processor.py:208} INFO - Processing /opt/airflow/dags/kafka_stream.py took 0.114 seconds
[2025-01-09T15:53:55.295+0000] {processor.py:186} INFO - Started process (PID=286) to work on /opt/airflow/dags/kafka_stream.py
[2025-01-09T15:53:55.296+0000] {processor.py:914} INFO - Processing file /opt/airflow/dags/kafka_stream.py for tasks to queue
[2025-01-09T15:53:55.299+0000] {logging_mixin.py:190} INFO - [2025-01-09T15:53:55.298+0000] {dagbag.py:588} INFO - Filling up the DagBag from /opt/airflow/dags/kafka_stream.py
[2025-01-09T15:53:55.341+0000] {processor.py:925} INFO - DAG(s) 'user_automation' retrieved from /opt/airflow/dags/kafka_stream.py
[2025-01-09T15:53:55.366+0000] {logging_mixin.py:190} INFO - [2025-01-09T15:53:55.366+0000] {dag.py:3239} INFO - Sync 1 DAGs
[2025-01-09T15:53:55.379+0000] {logging_mixin.py:190} INFO - [2025-01-09T15:53:55.379+0000] {dag.py:4180} INFO - Setting next_dagrun for user_automation to None, run_after=None
[2025-01-09T15:53:55.409+0000] {processor.py:208} INFO - Processing /opt/airflow/dags/kafka_stream.py took 0.120 seconds
[2025-01-09T15:54:25.785+0000] {processor.py:186} INFO - Started process (PID=297) to work on /opt/airflow/dags/kafka_stream.py
[2025-01-09T15:54:25.786+0000] {processor.py:914} INFO - Processing file /opt/airflow/dags/kafka_stream.py for tasks to queue
[2025-01-09T15:54:25.789+0000] {logging_mixin.py:190} INFO - [2025-01-09T15:54:25.789+0000] {dagbag.py:588} INFO - Filling up the DagBag from /opt/airflow/dags/kafka_stream.py
[2025-01-09T15:54:25.835+0000] {processor.py:925} INFO - DAG(s) 'user_automation' retrieved from /opt/airflow/dags/kafka_stream.py
[2025-01-09T15:54:25.862+0000] {logging_mixin.py:190} INFO - [2025-01-09T15:54:25.862+0000] {dag.py:3239} INFO - Sync 1 DAGs
[2025-01-09T15:54:25.878+0000] {logging_mixin.py:190} INFO - [2025-01-09T15:54:25.878+0000] {dag.py:4180} INFO - Setting next_dagrun for user_automation to None, run_after=None
[2025-01-09T15:54:25.903+0000] {processor.py:208} INFO - Processing /opt/airflow/dags/kafka_stream.py took 0.124 seconds
[2025-01-09T15:54:56.280+0000] {processor.py:186} INFO - Started process (PID=308) to work on /opt/airflow/dags/kafka_stream.py
[2025-01-09T15:54:56.283+0000] {processor.py:914} INFO - Processing file /opt/airflow/dags/kafka_stream.py for tasks to queue
[2025-01-09T15:54:56.286+0000] {logging_mixin.py:190} INFO - [2025-01-09T15:54:56.285+0000] {dagbag.py:588} INFO - Filling up the DagBag from /opt/airflow/dags/kafka_stream.py
[2025-01-09T15:54:56.315+0000] {processor.py:925} INFO - DAG(s) 'user_automation' retrieved from /opt/airflow/dags/kafka_stream.py
[2025-01-09T15:54:56.341+0000] {logging_mixin.py:190} INFO - [2025-01-09T15:54:56.340+0000] {dag.py:3239} INFO - Sync 1 DAGs
[2025-01-09T15:54:56.354+0000] {logging_mixin.py:190} INFO - [2025-01-09T15:54:56.354+0000] {dag.py:4180} INFO - Setting next_dagrun for user_automation to None, run_after=None
[2025-01-09T15:54:56.375+0000] {processor.py:208} INFO - Processing /opt/airflow/dags/kafka_stream.py took 0.101 seconds
[2025-01-09T15:55:26.692+0000] {processor.py:186} INFO - Started process (PID=319) to work on /opt/airflow/dags/kafka_stream.py
[2025-01-09T15:55:26.693+0000] {processor.py:914} INFO - Processing file /opt/airflow/dags/kafka_stream.py for tasks to queue
[2025-01-09T15:55:26.695+0000] {logging_mixin.py:190} INFO - [2025-01-09T15:55:26.695+0000] {dagbag.py:588} INFO - Filling up the DagBag from /opt/airflow/dags/kafka_stream.py
[2025-01-09T15:55:26.717+0000] {processor.py:925} INFO - DAG(s) 'user_automation' retrieved from /opt/airflow/dags/kafka_stream.py
[2025-01-09T15:55:26.737+0000] {logging_mixin.py:190} INFO - [2025-01-09T15:55:26.736+0000] {dag.py:3239} INFO - Sync 1 DAGs
[2025-01-09T15:55:26.748+0000] {logging_mixin.py:190} INFO - [2025-01-09T15:55:26.748+0000] {dag.py:4180} INFO - Setting next_dagrun for user_automation to None, run_after=None
[2025-01-09T15:55:26.765+0000] {processor.py:208} INFO - Processing /opt/airflow/dags/kafka_stream.py took 0.078 seconds
[2025-01-09T15:55:57.044+0000] {processor.py:186} INFO - Started process (PID=330) to work on /opt/airflow/dags/kafka_stream.py
[2025-01-09T15:55:57.046+0000] {processor.py:914} INFO - Processing file /opt/airflow/dags/kafka_stream.py for tasks to queue
[2025-01-09T15:55:57.048+0000] {logging_mixin.py:190} INFO - [2025-01-09T15:55:57.047+0000] {dagbag.py:588} INFO - Filling up the DagBag from /opt/airflow/dags/kafka_stream.py
[2025-01-09T15:55:57.063+0000] {processor.py:925} INFO - DAG(s) 'user_automation' retrieved from /opt/airflow/dags/kafka_stream.py
[2025-01-09T15:55:57.083+0000] {logging_mixin.py:190} INFO - [2025-01-09T15:55:57.083+0000] {dag.py:3239} INFO - Sync 1 DAGs
[2025-01-09T15:55:57.097+0000] {logging_mixin.py:190} INFO - [2025-01-09T15:55:57.097+0000] {dag.py:4180} INFO - Setting next_dagrun for user_automation to None, run_after=None
[2025-01-09T15:55:57.114+0000] {processor.py:208} INFO - Processing /opt/airflow/dags/kafka_stream.py took 0.075 seconds
[2025-01-09T15:56:27.412+0000] {processor.py:186} INFO - Started process (PID=341) to work on /opt/airflow/dags/kafka_stream.py
[2025-01-09T15:56:27.413+0000] {processor.py:914} INFO - Processing file /opt/airflow/dags/kafka_stream.py for tasks to queue
[2025-01-09T15:56:27.415+0000] {logging_mixin.py:190} INFO - [2025-01-09T15:56:27.415+0000] {dagbag.py:588} INFO - Filling up the DagBag from /opt/airflow/dags/kafka_stream.py
[2025-01-09T15:56:27.429+0000] {processor.py:925} INFO - DAG(s) 'user_automation' retrieved from /opt/airflow/dags/kafka_stream.py
[2025-01-09T15:56:27.452+0000] {logging_mixin.py:190} INFO - [2025-01-09T15:56:27.452+0000] {dag.py:3239} INFO - Sync 1 DAGs
[2025-01-09T15:56:27.469+0000] {logging_mixin.py:190} INFO - [2025-01-09T15:56:27.469+0000] {dag.py:4180} INFO - Setting next_dagrun for user_automation to None, run_after=None
[2025-01-09T15:56:27.490+0000] {processor.py:208} INFO - Processing /opt/airflow/dags/kafka_stream.py took 0.082 seconds
[2025-01-09T15:56:57.726+0000] {processor.py:186} INFO - Started process (PID=352) to work on /opt/airflow/dags/kafka_stream.py
[2025-01-09T15:56:57.727+0000] {processor.py:914} INFO - Processing file /opt/airflow/dags/kafka_stream.py for tasks to queue
[2025-01-09T15:56:57.730+0000] {logging_mixin.py:190} INFO - [2025-01-09T15:56:57.729+0000] {dagbag.py:588} INFO - Filling up the DagBag from /opt/airflow/dags/kafka_stream.py
[2025-01-09T15:56:57.746+0000] {processor.py:925} INFO - DAG(s) 'user_automation' retrieved from /opt/airflow/dags/kafka_stream.py
[2025-01-09T15:56:57.768+0000] {logging_mixin.py:190} INFO - [2025-01-09T15:56:57.768+0000] {dag.py:3239} INFO - Sync 1 DAGs
[2025-01-09T15:56:57.780+0000] {logging_mixin.py:190} INFO - [2025-01-09T15:56:57.780+0000] {dag.py:4180} INFO - Setting next_dagrun for user_automation to None, run_after=None
[2025-01-09T15:56:57.799+0000] {processor.py:208} INFO - Processing /opt/airflow/dags/kafka_stream.py took 0.077 seconds
[2025-01-09T15:57:28.095+0000] {processor.py:186} INFO - Started process (PID=363) to work on /opt/airflow/dags/kafka_stream.py
[2025-01-09T15:57:28.096+0000] {processor.py:914} INFO - Processing file /opt/airflow/dags/kafka_stream.py for tasks to queue
[2025-01-09T15:57:28.099+0000] {logging_mixin.py:190} INFO - [2025-01-09T15:57:28.099+0000] {dagbag.py:588} INFO - Filling up the DagBag from /opt/airflow/dags/kafka_stream.py
[2025-01-09T15:57:28.124+0000] {processor.py:925} INFO - DAG(s) 'user_automation' retrieved from /opt/airflow/dags/kafka_stream.py
[2025-01-09T15:57:28.152+0000] {logging_mixin.py:190} INFO - [2025-01-09T15:57:28.152+0000] {dag.py:3239} INFO - Sync 1 DAGs
[2025-01-09T15:57:28.171+0000] {logging_mixin.py:190} INFO - [2025-01-09T15:57:28.170+0000] {dag.py:4180} INFO - Setting next_dagrun for user_automation to None, run_after=None
[2025-01-09T15:57:28.196+0000] {processor.py:208} INFO - Processing /opt/airflow/dags/kafka_stream.py took 0.106 seconds
[2025-01-09T15:57:58.505+0000] {processor.py:186} INFO - Started process (PID=374) to work on /opt/airflow/dags/kafka_stream.py
[2025-01-09T15:57:58.506+0000] {processor.py:914} INFO - Processing file /opt/airflow/dags/kafka_stream.py for tasks to queue
[2025-01-09T15:57:58.509+0000] {logging_mixin.py:190} INFO - [2025-01-09T15:57:58.508+0000] {dagbag.py:588} INFO - Filling up the DagBag from /opt/airflow/dags/kafka_stream.py
[2025-01-09T15:57:58.528+0000] {processor.py:925} INFO - DAG(s) 'user_automation' retrieved from /opt/airflow/dags/kafka_stream.py
[2025-01-09T15:57:58.558+0000] {logging_mixin.py:190} INFO - [2025-01-09T15:57:58.557+0000] {dag.py:3239} INFO - Sync 1 DAGs
[2025-01-09T15:57:58.575+0000] {logging_mixin.py:190} INFO - [2025-01-09T15:57:58.575+0000] {dag.py:4180} INFO - Setting next_dagrun for user_automation to None, run_after=None
[2025-01-09T15:57:58.600+0000] {processor.py:208} INFO - Processing /opt/airflow/dags/kafka_stream.py took 0.101 seconds
[2025-01-09T15:58:28.874+0000] {processor.py:186} INFO - Started process (PID=385) to work on /opt/airflow/dags/kafka_stream.py
[2025-01-09T15:58:28.875+0000] {processor.py:914} INFO - Processing file /opt/airflow/dags/kafka_stream.py for tasks to queue
[2025-01-09T15:58:28.876+0000] {logging_mixin.py:190} INFO - [2025-01-09T15:58:28.876+0000] {dagbag.py:588} INFO - Filling up the DagBag from /opt/airflow/dags/kafka_stream.py
[2025-01-09T15:58:28.892+0000] {processor.py:925} INFO - DAG(s) 'user_automation' retrieved from /opt/airflow/dags/kafka_stream.py
[2025-01-09T15:58:28.914+0000] {logging_mixin.py:190} INFO - [2025-01-09T15:58:28.914+0000] {dag.py:3239} INFO - Sync 1 DAGs
[2025-01-09T15:58:28.928+0000] {logging_mixin.py:190} INFO - [2025-01-09T15:58:28.928+0000] {dag.py:4180} INFO - Setting next_dagrun for user_automation to None, run_after=None
[2025-01-09T15:58:28.949+0000] {processor.py:208} INFO - Processing /opt/airflow/dags/kafka_stream.py took 0.080 seconds
[2025-01-09T15:58:59.273+0000] {processor.py:186} INFO - Started process (PID=396) to work on /opt/airflow/dags/kafka_stream.py
[2025-01-09T15:58:59.275+0000] {processor.py:914} INFO - Processing file /opt/airflow/dags/kafka_stream.py for tasks to queue
[2025-01-09T15:58:59.277+0000] {logging_mixin.py:190} INFO - [2025-01-09T15:58:59.276+0000] {dagbag.py:588} INFO - Filling up the DagBag from /opt/airflow/dags/kafka_stream.py
[2025-01-09T15:58:59.288+0000] {processor.py:925} INFO - DAG(s) 'user_automation' retrieved from /opt/airflow/dags/kafka_stream.py
[2025-01-09T15:58:59.306+0000] {logging_mixin.py:190} INFO - [2025-01-09T15:58:59.306+0000] {dag.py:3239} INFO - Sync 1 DAGs
[2025-01-09T15:58:59.317+0000] {logging_mixin.py:190} INFO - [2025-01-09T15:58:59.317+0000] {dag.py:4180} INFO - Setting next_dagrun for user_automation to None, run_after=None
[2025-01-09T15:58:59.334+0000] {processor.py:208} INFO - Processing /opt/airflow/dags/kafka_stream.py took 0.065 seconds
[2025-01-09T15:59:29.695+0000] {processor.py:186} INFO - Started process (PID=407) to work on /opt/airflow/dags/kafka_stream.py
[2025-01-09T15:59:29.696+0000] {processor.py:914} INFO - Processing file /opt/airflow/dags/kafka_stream.py for tasks to queue
[2025-01-09T15:59:29.698+0000] {logging_mixin.py:190} INFO - [2025-01-09T15:59:29.698+0000] {dagbag.py:588} INFO - Filling up the DagBag from /opt/airflow/dags/kafka_stream.py
[2025-01-09T15:59:29.710+0000] {processor.py:925} INFO - DAG(s) 'user_automation' retrieved from /opt/airflow/dags/kafka_stream.py
[2025-01-09T15:59:29.729+0000] {logging_mixin.py:190} INFO - [2025-01-09T15:59:29.729+0000] {dag.py:3239} INFO - Sync 1 DAGs
[2025-01-09T15:59:29.742+0000] {logging_mixin.py:190} INFO - [2025-01-09T15:59:29.742+0000] {dag.py:4180} INFO - Setting next_dagrun for user_automation to None, run_after=None
[2025-01-09T15:59:29.759+0000] {processor.py:208} INFO - Processing /opt/airflow/dags/kafka_stream.py took 0.067 seconds
[2025-01-09T15:59:59.999+0000] {processor.py:186} INFO - Started process (PID=418) to work on /opt/airflow/dags/kafka_stream.py
[2025-01-09T15:59:59.999+0000] {processor.py:914} INFO - Processing file /opt/airflow/dags/kafka_stream.py for tasks to queue
[2025-01-09T16:00:00.001+0000] {logging_mixin.py:190} INFO - [2025-01-09T16:00:00.001+0000] {dagbag.py:588} INFO - Filling up the DagBag from /opt/airflow/dags/kafka_stream.py
[2025-01-09T16:00:00.040+0000] {processor.py:925} INFO - DAG(s) 'user_automation' retrieved from /opt/airflow/dags/kafka_stream.py
[2025-01-09T16:00:00.069+0000] {logging_mixin.py:190} INFO - [2025-01-09T16:00:00.068+0000] {dag.py:3239} INFO - Sync 1 DAGs
[2025-01-09T16:00:00.086+0000] {logging_mixin.py:190} INFO - [2025-01-09T16:00:00.086+0000] {dag.py:4180} INFO - Setting next_dagrun for user_automation to None, run_after=None
[2025-01-09T16:00:00.120+0000] {processor.py:208} INFO - Processing /opt/airflow/dags/kafka_stream.py took 0.125 seconds
[2025-01-09T16:00:30.457+0000] {processor.py:186} INFO - Started process (PID=429) to work on /opt/airflow/dags/kafka_stream.py
[2025-01-09T16:00:30.459+0000] {processor.py:914} INFO - Processing file /opt/airflow/dags/kafka_stream.py for tasks to queue
[2025-01-09T16:00:30.461+0000] {logging_mixin.py:190} INFO - [2025-01-09T16:00:30.461+0000] {dagbag.py:588} INFO - Filling up the DagBag from /opt/airflow/dags/kafka_stream.py
[2025-01-09T16:00:30.479+0000] {processor.py:925} INFO - DAG(s) 'user_automation' retrieved from /opt/airflow/dags/kafka_stream.py
[2025-01-09T16:00:30.503+0000] {logging_mixin.py:190} INFO - [2025-01-09T16:00:30.503+0000] {dag.py:3239} INFO - Sync 1 DAGs
[2025-01-09T16:00:30.515+0000] {logging_mixin.py:190} INFO - [2025-01-09T16:00:30.515+0000] {dag.py:4180} INFO - Setting next_dagrun for user_automation to None, run_after=None
[2025-01-09T16:00:30.541+0000] {processor.py:208} INFO - Processing /opt/airflow/dags/kafka_stream.py took 0.089 seconds
[2025-01-09T16:01:01.143+0000] {processor.py:186} INFO - Started process (PID=452) to work on /opt/airflow/dags/kafka_stream.py
[2025-01-09T16:01:01.145+0000] {processor.py:914} INFO - Processing file /opt/airflow/dags/kafka_stream.py for tasks to queue
[2025-01-09T16:01:01.148+0000] {logging_mixin.py:190} INFO - [2025-01-09T16:01:01.148+0000] {dagbag.py:588} INFO - Filling up the DagBag from /opt/airflow/dags/kafka_stream.py
[2025-01-09T16:01:01.183+0000] {processor.py:925} INFO - DAG(s) 'user_automation' retrieved from /opt/airflow/dags/kafka_stream.py
[2025-01-09T16:01:01.221+0000] {logging_mixin.py:190} INFO - [2025-01-09T16:01:01.221+0000] {dag.py:3239} INFO - Sync 1 DAGs
[2025-01-09T16:01:01.245+0000] {logging_mixin.py:190} INFO - [2025-01-09T16:01:01.244+0000] {dag.py:4180} INFO - Setting next_dagrun for user_automation to None, run_after=None
[2025-01-09T16:01:01.273+0000] {processor.py:208} INFO - Processing /opt/airflow/dags/kafka_stream.py took 0.138 seconds
[2025-01-09T16:01:31.516+0000] {processor.py:186} INFO - Started process (PID=465) to work on /opt/airflow/dags/kafka_stream.py
[2025-01-09T16:01:31.518+0000] {processor.py:914} INFO - Processing file /opt/airflow/dags/kafka_stream.py for tasks to queue
[2025-01-09T16:01:31.522+0000] {logging_mixin.py:190} INFO - [2025-01-09T16:01:31.521+0000] {dagbag.py:588} INFO - Filling up the DagBag from /opt/airflow/dags/kafka_stream.py
[2025-01-09T16:01:31.554+0000] {processor.py:925} INFO - DAG(s) 'user_automation' retrieved from /opt/airflow/dags/kafka_stream.py
[2025-01-09T16:01:31.588+0000] {logging_mixin.py:190} INFO - [2025-01-09T16:01:31.587+0000] {dag.py:3239} INFO - Sync 1 DAGs
[2025-01-09T16:01:31.608+0000] {logging_mixin.py:190} INFO - [2025-01-09T16:01:31.607+0000] {dag.py:4180} INFO - Setting next_dagrun for user_automation to None, run_after=None
[2025-01-09T16:01:31.634+0000] {processor.py:208} INFO - Processing /opt/airflow/dags/kafka_stream.py took 0.127 seconds
[2025-01-09T16:02:02.086+0000] {processor.py:186} INFO - Started process (PID=482) to work on /opt/airflow/dags/kafka_stream.py
[2025-01-09T16:02:02.088+0000] {processor.py:914} INFO - Processing file /opt/airflow/dags/kafka_stream.py for tasks to queue
[2025-01-09T16:02:02.091+0000] {logging_mixin.py:190} INFO - [2025-01-09T16:02:02.090+0000] {dagbag.py:588} INFO - Filling up the DagBag from /opt/airflow/dags/kafka_stream.py
[2025-01-09T16:02:02.139+0000] {processor.py:925} INFO - DAG(s) 'user_automation' retrieved from /opt/airflow/dags/kafka_stream.py
[2025-01-09T16:02:02.166+0000] {logging_mixin.py:190} INFO - [2025-01-09T16:02:02.166+0000] {dag.py:3239} INFO - Sync 1 DAGs
[2025-01-09T16:02:02.181+0000] {logging_mixin.py:190} INFO - [2025-01-09T16:02:02.181+0000] {dag.py:4180} INFO - Setting next_dagrun for user_automation to None, run_after=None
[2025-01-09T16:02:02.209+0000] {processor.py:208} INFO - Processing /opt/airflow/dags/kafka_stream.py took 0.129 seconds
[2025-01-09T16:02:32.586+0000] {processor.py:186} INFO - Started process (PID=493) to work on /opt/airflow/dags/kafka_stream.py
[2025-01-09T16:02:32.588+0000] {processor.py:914} INFO - Processing file /opt/airflow/dags/kafka_stream.py for tasks to queue
[2025-01-09T16:02:32.590+0000] {logging_mixin.py:190} INFO - [2025-01-09T16:02:32.590+0000] {dagbag.py:588} INFO - Filling up the DagBag from /opt/airflow/dags/kafka_stream.py
[2025-01-09T16:02:32.631+0000] {processor.py:925} INFO - DAG(s) 'user_automation' retrieved from /opt/airflow/dags/kafka_stream.py
[2025-01-09T16:02:32.656+0000] {logging_mixin.py:190} INFO - [2025-01-09T16:02:32.656+0000] {dag.py:3239} INFO - Sync 1 DAGs
[2025-01-09T16:02:32.673+0000] {logging_mixin.py:190} INFO - [2025-01-09T16:02:32.672+0000] {dag.py:4180} INFO - Setting next_dagrun for user_automation to None, run_after=None
[2025-01-09T16:02:32.705+0000] {processor.py:208} INFO - Processing /opt/airflow/dags/kafka_stream.py took 0.125 seconds
[2025-01-09T16:03:03.034+0000] {processor.py:186} INFO - Started process (PID=504) to work on /opt/airflow/dags/kafka_stream.py
[2025-01-09T16:03:03.035+0000] {processor.py:914} INFO - Processing file /opt/airflow/dags/kafka_stream.py for tasks to queue
[2025-01-09T16:03:03.037+0000] {logging_mixin.py:190} INFO - [2025-01-09T16:03:03.037+0000] {dagbag.py:588} INFO - Filling up the DagBag from /opt/airflow/dags/kafka_stream.py
[2025-01-09T16:03:03.057+0000] {processor.py:925} INFO - DAG(s) 'user_automation' retrieved from /opt/airflow/dags/kafka_stream.py
[2025-01-09T16:03:03.087+0000] {logging_mixin.py:190} INFO - [2025-01-09T16:03:03.087+0000] {dag.py:3239} INFO - Sync 1 DAGs
[2025-01-09T16:03:03.104+0000] {logging_mixin.py:190} INFO - [2025-01-09T16:03:03.103+0000] {dag.py:4180} INFO - Setting next_dagrun for user_automation to None, run_after=None
[2025-01-09T16:03:03.136+0000] {processor.py:208} INFO - Processing /opt/airflow/dags/kafka_stream.py took 0.107 seconds
[2025-01-09T16:03:33.506+0000] {processor.py:186} INFO - Started process (PID=515) to work on /opt/airflow/dags/kafka_stream.py
[2025-01-09T16:03:33.508+0000] {processor.py:914} INFO - Processing file /opt/airflow/dags/kafka_stream.py for tasks to queue
[2025-01-09T16:03:33.512+0000] {logging_mixin.py:190} INFO - [2025-01-09T16:03:33.511+0000] {dagbag.py:588} INFO - Filling up the DagBag from /opt/airflow/dags/kafka_stream.py
[2025-01-09T16:03:33.534+0000] {processor.py:925} INFO - DAG(s) 'user_automation' retrieved from /opt/airflow/dags/kafka_stream.py
[2025-01-09T16:03:33.562+0000] {logging_mixin.py:190} INFO - [2025-01-09T16:03:33.562+0000] {dag.py:3239} INFO - Sync 1 DAGs
[2025-01-09T16:03:33.579+0000] {logging_mixin.py:190} INFO - [2025-01-09T16:03:33.579+0000] {dag.py:4180} INFO - Setting next_dagrun for user_automation to None, run_after=None
[2025-01-09T16:03:33.615+0000] {processor.py:208} INFO - Processing /opt/airflow/dags/kafka_stream.py took 0.115 seconds
[2025-01-09T16:04:03.819+0000] {processor.py:186} INFO - Started process (PID=530) to work on /opt/airflow/dags/kafka_stream.py
[2025-01-09T16:04:03.821+0000] {processor.py:914} INFO - Processing file /opt/airflow/dags/kafka_stream.py for tasks to queue
[2025-01-09T16:04:03.824+0000] {logging_mixin.py:190} INFO - [2025-01-09T16:04:03.824+0000] {dagbag.py:588} INFO - Filling up the DagBag from /opt/airflow/dags/kafka_stream.py
[2025-01-09T16:04:03.862+0000] {processor.py:925} INFO - DAG(s) 'user_automation' retrieved from /opt/airflow/dags/kafka_stream.py
[2025-01-09T16:04:03.900+0000] {logging_mixin.py:190} INFO - [2025-01-09T16:04:03.899+0000] {dag.py:3239} INFO - Sync 1 DAGs
[2025-01-09T16:04:03.919+0000] {logging_mixin.py:190} INFO - [2025-01-09T16:04:03.919+0000] {dag.py:4180} INFO - Setting next_dagrun for user_automation to None, run_after=None
[2025-01-09T16:04:03.948+0000] {processor.py:208} INFO - Processing /opt/airflow/dags/kafka_stream.py took 0.138 seconds
[2025-01-09T16:04:34.159+0000] {processor.py:186} INFO - Started process (PID=545) to work on /opt/airflow/dags/kafka_stream.py
[2025-01-09T16:04:34.161+0000] {processor.py:914} INFO - Processing file /opt/airflow/dags/kafka_stream.py for tasks to queue
[2025-01-09T16:04:34.164+0000] {logging_mixin.py:190} INFO - [2025-01-09T16:04:34.164+0000] {dagbag.py:588} INFO - Filling up the DagBag from /opt/airflow/dags/kafka_stream.py
[2025-01-09T16:04:34.206+0000] {processor.py:925} INFO - DAG(s) 'user_automation' retrieved from /opt/airflow/dags/kafka_stream.py
[2025-01-09T16:04:34.236+0000] {logging_mixin.py:190} INFO - [2025-01-09T16:04:34.236+0000] {dag.py:3239} INFO - Sync 1 DAGs
[2025-01-09T16:04:34.250+0000] {logging_mixin.py:190} INFO - [2025-01-09T16:04:34.250+0000] {dag.py:4180} INFO - Setting next_dagrun for user_automation to None, run_after=None
[2025-01-09T16:04:34.282+0000] {processor.py:208} INFO - Processing /opt/airflow/dags/kafka_stream.py took 0.131 seconds
[2025-01-09T16:05:04.391+0000] {processor.py:186} INFO - Started process (PID=560) to work on /opt/airflow/dags/kafka_stream.py
[2025-01-09T16:05:04.393+0000] {processor.py:914} INFO - Processing file /opt/airflow/dags/kafka_stream.py for tasks to queue
[2025-01-09T16:05:04.396+0000] {logging_mixin.py:190} INFO - [2025-01-09T16:05:04.396+0000] {dagbag.py:588} INFO - Filling up the DagBag from /opt/airflow/dags/kafka_stream.py
[2025-01-09T16:05:04.433+0000] {processor.py:925} INFO - DAG(s) 'user_automation' retrieved from /opt/airflow/dags/kafka_stream.py
[2025-01-09T16:05:04.472+0000] {logging_mixin.py:190} INFO - [2025-01-09T16:05:04.471+0000] {dag.py:3239} INFO - Sync 1 DAGs
[2025-01-09T16:05:04.493+0000] {logging_mixin.py:190} INFO - [2025-01-09T16:05:04.492+0000] {dag.py:4180} INFO - Setting next_dagrun for user_automation to None, run_after=None
[2025-01-09T16:05:04.518+0000] {processor.py:208} INFO - Processing /opt/airflow/dags/kafka_stream.py took 0.136 seconds
[2025-01-09T16:05:34.568+0000] {processor.py:186} INFO - Started process (PID=579) to work on /opt/airflow/dags/kafka_stream.py
[2025-01-09T16:05:34.569+0000] {processor.py:914} INFO - Processing file /opt/airflow/dags/kafka_stream.py for tasks to queue
[2025-01-09T16:05:34.571+0000] {logging_mixin.py:190} INFO - [2025-01-09T16:05:34.571+0000] {dagbag.py:588} INFO - Filling up the DagBag from /opt/airflow/dags/kafka_stream.py
[2025-01-09T16:05:34.598+0000] {processor.py:925} INFO - DAG(s) 'user_automation' retrieved from /opt/airflow/dags/kafka_stream.py
[2025-01-09T16:05:34.629+0000] {logging_mixin.py:190} INFO - [2025-01-09T16:05:34.628+0000] {dag.py:3239} INFO - Sync 1 DAGs
[2025-01-09T16:05:34.646+0000] {logging_mixin.py:190} INFO - [2025-01-09T16:05:34.645+0000] {dag.py:4180} INFO - Setting next_dagrun for user_automation to None, run_after=None
[2025-01-09T16:05:34.677+0000] {processor.py:208} INFO - Processing /opt/airflow/dags/kafka_stream.py took 0.116 seconds
[2025-01-09T16:06:04.898+0000] {processor.py:186} INFO - Started process (PID=598) to work on /opt/airflow/dags/kafka_stream.py
[2025-01-09T16:06:04.899+0000] {processor.py:914} INFO - Processing file /opt/airflow/dags/kafka_stream.py for tasks to queue
[2025-01-09T16:06:04.901+0000] {logging_mixin.py:190} INFO - [2025-01-09T16:06:04.901+0000] {dagbag.py:588} INFO - Filling up the DagBag from /opt/airflow/dags/kafka_stream.py
[2025-01-09T16:06:04.926+0000] {processor.py:925} INFO - DAG(s) 'user_automation' retrieved from /opt/airflow/dags/kafka_stream.py
[2025-01-09T16:06:04.955+0000] {logging_mixin.py:190} INFO - [2025-01-09T16:06:04.955+0000] {dag.py:3239} INFO - Sync 1 DAGs
[2025-01-09T16:06:04.976+0000] {logging_mixin.py:190} INFO - [2025-01-09T16:06:04.975+0000] {dag.py:4180} INFO - Setting next_dagrun for user_automation to None, run_after=None
[2025-01-09T16:06:05.004+0000] {processor.py:208} INFO - Processing /opt/airflow/dags/kafka_stream.py took 0.112 seconds
[2025-01-09T16:06:35.669+0000] {processor.py:186} INFO - Started process (PID=611) to work on /opt/airflow/dags/kafka_stream.py
[2025-01-09T16:06:35.671+0000] {processor.py:914} INFO - Processing file /opt/airflow/dags/kafka_stream.py for tasks to queue
[2025-01-09T16:06:35.673+0000] {logging_mixin.py:190} INFO - [2025-01-09T16:06:35.673+0000] {dagbag.py:588} INFO - Filling up the DagBag from /opt/airflow/dags/kafka_stream.py
[2025-01-09T16:06:35.705+0000] {processor.py:925} INFO - DAG(s) 'user_automation' retrieved from /opt/airflow/dags/kafka_stream.py
[2025-01-09T16:06:35.729+0000] {logging_mixin.py:190} INFO - [2025-01-09T16:06:35.729+0000] {dag.py:3239} INFO - Sync 1 DAGs
[2025-01-09T16:06:35.746+0000] {logging_mixin.py:190} INFO - [2025-01-09T16:06:35.746+0000] {dag.py:4180} INFO - Setting next_dagrun for user_automation to None, run_after=None
[2025-01-09T16:06:35.772+0000] {processor.py:208} INFO - Processing /opt/airflow/dags/kafka_stream.py took 0.110 seconds
[2025-01-09T16:07:06.198+0000] {processor.py:186} INFO - Started process (PID=628) to work on /opt/airflow/dags/kafka_stream.py
[2025-01-09T16:07:06.199+0000] {processor.py:914} INFO - Processing file /opt/airflow/dags/kafka_stream.py for tasks to queue
[2025-01-09T16:07:06.202+0000] {logging_mixin.py:190} INFO - [2025-01-09T16:07:06.202+0000] {dagbag.py:588} INFO - Filling up the DagBag from /opt/airflow/dags/kafka_stream.py
[2025-01-09T16:07:06.239+0000] {processor.py:925} INFO - DAG(s) 'user_automation' retrieved from /opt/airflow/dags/kafka_stream.py
[2025-01-09T16:07:06.268+0000] {logging_mixin.py:190} INFO - [2025-01-09T16:07:06.268+0000] {dag.py:3239} INFO - Sync 1 DAGs
[2025-01-09T16:07:06.286+0000] {logging_mixin.py:190} INFO - [2025-01-09T16:07:06.285+0000] {dag.py:4180} INFO - Setting next_dagrun for user_automation to None, run_after=None
[2025-01-09T16:07:06.310+0000] {processor.py:208} INFO - Processing /opt/airflow/dags/kafka_stream.py took 0.119 seconds
[2025-01-09T16:07:36.651+0000] {processor.py:186} INFO - Started process (PID=647) to work on /opt/airflow/dags/kafka_stream.py
[2025-01-09T16:07:36.653+0000] {processor.py:914} INFO - Processing file /opt/airflow/dags/kafka_stream.py for tasks to queue
[2025-01-09T16:07:36.655+0000] {logging_mixin.py:190} INFO - [2025-01-09T16:07:36.655+0000] {dagbag.py:588} INFO - Filling up the DagBag from /opt/airflow/dags/kafka_stream.py
[2025-01-09T16:07:36.687+0000] {processor.py:925} INFO - DAG(s) 'user_automation' retrieved from /opt/airflow/dags/kafka_stream.py
[2025-01-09T16:07:36.715+0000] {logging_mixin.py:190} INFO - [2025-01-09T16:07:36.715+0000] {dag.py:3239} INFO - Sync 1 DAGs
[2025-01-09T16:07:36.732+0000] {logging_mixin.py:190} INFO - [2025-01-09T16:07:36.732+0000] {dag.py:4180} INFO - Setting next_dagrun for user_automation to None, run_after=None
[2025-01-09T16:07:36.761+0000] {processor.py:208} INFO - Processing /opt/airflow/dags/kafka_stream.py took 0.116 seconds
[2025-01-09T16:08:07.142+0000] {processor.py:186} INFO - Started process (PID=658) to work on /opt/airflow/dags/kafka_stream.py
[2025-01-09T16:08:07.143+0000] {processor.py:914} INFO - Processing file /opt/airflow/dags/kafka_stream.py for tasks to queue
[2025-01-09T16:08:07.147+0000] {logging_mixin.py:190} INFO - [2025-01-09T16:08:07.147+0000] {dagbag.py:588} INFO - Filling up the DagBag from /opt/airflow/dags/kafka_stream.py
[2025-01-09T16:08:07.190+0000] {processor.py:925} INFO - DAG(s) 'user_automation' retrieved from /opt/airflow/dags/kafka_stream.py
[2025-01-09T16:08:07.225+0000] {logging_mixin.py:190} INFO - [2025-01-09T16:08:07.225+0000] {dag.py:3239} INFO - Sync 1 DAGs
[2025-01-09T16:08:07.246+0000] {logging_mixin.py:190} INFO - [2025-01-09T16:08:07.245+0000] {dag.py:4180} INFO - Setting next_dagrun for user_automation to None, run_after=None
[2025-01-09T16:08:07.274+0000] {processor.py:208} INFO - Processing /opt/airflow/dags/kafka_stream.py took 0.141 seconds
[2025-01-09T16:08:37.687+0000] {processor.py:186} INFO - Started process (PID=669) to work on /opt/airflow/dags/kafka_stream.py
[2025-01-09T16:08:37.689+0000] {processor.py:914} INFO - Processing file /opt/airflow/dags/kafka_stream.py for tasks to queue
[2025-01-09T16:08:37.691+0000] {logging_mixin.py:190} INFO - [2025-01-09T16:08:37.691+0000] {dagbag.py:588} INFO - Filling up the DagBag from /opt/airflow/dags/kafka_stream.py
[2025-01-09T16:08:37.737+0000] {processor.py:925} INFO - DAG(s) 'user_automation' retrieved from /opt/airflow/dags/kafka_stream.py
[2025-01-09T16:08:37.763+0000] {logging_mixin.py:190} INFO - [2025-01-09T16:08:37.762+0000] {dag.py:3239} INFO - Sync 1 DAGs
[2025-01-09T16:08:37.778+0000] {logging_mixin.py:190} INFO - [2025-01-09T16:08:37.778+0000] {dag.py:4180} INFO - Setting next_dagrun for user_automation to None, run_after=None
[2025-01-09T16:08:37.799+0000] {processor.py:208} INFO - Processing /opt/airflow/dags/kafka_stream.py took 0.118 seconds
[2025-01-09T16:09:08.011+0000] {processor.py:186} INFO - Started process (PID=688) to work on /opt/airflow/dags/kafka_stream.py
[2025-01-09T16:09:08.013+0000] {processor.py:914} INFO - Processing file /opt/airflow/dags/kafka_stream.py for tasks to queue
[2025-01-09T16:09:08.016+0000] {logging_mixin.py:190} INFO - [2025-01-09T16:09:08.015+0000] {dagbag.py:588} INFO - Filling up the DagBag from /opt/airflow/dags/kafka_stream.py
[2025-01-09T16:09:08.056+0000] {processor.py:925} INFO - DAG(s) 'user_automation' retrieved from /opt/airflow/dags/kafka_stream.py
[2025-01-09T16:09:08.088+0000] {logging_mixin.py:190} INFO - [2025-01-09T16:09:08.087+0000] {dag.py:3239} INFO - Sync 1 DAGs
[2025-01-09T16:09:08.106+0000] {logging_mixin.py:190} INFO - [2025-01-09T16:09:08.105+0000] {dag.py:4180} INFO - Setting next_dagrun for user_automation to None, run_after=None
[2025-01-09T16:09:08.140+0000] {processor.py:208} INFO - Processing /opt/airflow/dags/kafka_stream.py took 0.135 seconds
[2025-01-09T16:09:38.483+0000] {processor.py:186} INFO - Started process (PID=699) to work on /opt/airflow/dags/kafka_stream.py
[2025-01-09T16:09:38.484+0000] {processor.py:914} INFO - Processing file /opt/airflow/dags/kafka_stream.py for tasks to queue
[2025-01-09T16:09:38.487+0000] {logging_mixin.py:190} INFO - [2025-01-09T16:09:38.487+0000] {dagbag.py:588} INFO - Filling up the DagBag from /opt/airflow/dags/kafka_stream.py
[2025-01-09T16:09:38.515+0000] {processor.py:925} INFO - DAG(s) 'user_automation' retrieved from /opt/airflow/dags/kafka_stream.py
[2025-01-09T16:09:38.546+0000] {logging_mixin.py:190} INFO - [2025-01-09T16:09:38.546+0000] {dag.py:3239} INFO - Sync 1 DAGs
[2025-01-09T16:09:38.568+0000] {logging_mixin.py:190} INFO - [2025-01-09T16:09:38.567+0000] {dag.py:4180} INFO - Setting next_dagrun for user_automation to None, run_after=None
[2025-01-09T16:09:38.596+0000] {processor.py:208} INFO - Processing /opt/airflow/dags/kafka_stream.py took 0.121 seconds
[2025-01-09T16:10:08.942+0000] {processor.py:186} INFO - Started process (PID=718) to work on /opt/airflow/dags/kafka_stream.py
[2025-01-09T16:10:08.943+0000] {processor.py:914} INFO - Processing file /opt/airflow/dags/kafka_stream.py for tasks to queue
[2025-01-09T16:10:08.946+0000] {logging_mixin.py:190} INFO - [2025-01-09T16:10:08.946+0000] {dagbag.py:588} INFO - Filling up the DagBag from /opt/airflow/dags/kafka_stream.py
[2025-01-09T16:10:08.973+0000] {processor.py:925} INFO - DAG(s) 'user_automation' retrieved from /opt/airflow/dags/kafka_stream.py
[2025-01-09T16:10:09.015+0000] {logging_mixin.py:190} INFO - [2025-01-09T16:10:09.015+0000] {dag.py:3239} INFO - Sync 1 DAGs
[2025-01-09T16:10:09.035+0000] {logging_mixin.py:190} INFO - [2025-01-09T16:10:09.034+0000] {dag.py:4180} INFO - Setting next_dagrun for user_automation to None, run_after=None
[2025-01-09T16:10:09.064+0000] {processor.py:208} INFO - Processing /opt/airflow/dags/kafka_stream.py took 0.129 seconds
[2025-01-09T16:10:39.276+0000] {processor.py:186} INFO - Started process (PID=726) to work on /opt/airflow/dags/kafka_stream.py
[2025-01-09T16:10:39.277+0000] {processor.py:914} INFO - Processing file /opt/airflow/dags/kafka_stream.py for tasks to queue
[2025-01-09T16:10:39.280+0000] {logging_mixin.py:190} INFO - [2025-01-09T16:10:39.279+0000] {dagbag.py:588} INFO - Filling up the DagBag from /opt/airflow/dags/kafka_stream.py
[2025-01-09T16:10:39.307+0000] {processor.py:925} INFO - DAG(s) 'user_automation' retrieved from /opt/airflow/dags/kafka_stream.py
[2025-01-09T16:10:39.352+0000] {logging_mixin.py:190} INFO - [2025-01-09T16:10:39.352+0000] {dag.py:3239} INFO - Sync 1 DAGs
[2025-01-09T16:10:39.372+0000] {logging_mixin.py:190} INFO - [2025-01-09T16:10:39.372+0000] {dag.py:4180} INFO - Setting next_dagrun for user_automation to None, run_after=None
[2025-01-09T16:10:39.402+0000] {processor.py:208} INFO - Processing /opt/airflow/dags/kafka_stream.py took 0.134 seconds
[2025-01-09T16:11:09.755+0000] {processor.py:186} INFO - Started process (PID=742) to work on /opt/airflow/dags/kafka_stream.py
[2025-01-09T16:11:09.756+0000] {processor.py:914} INFO - Processing file /opt/airflow/dags/kafka_stream.py for tasks to queue
[2025-01-09T16:11:09.760+0000] {logging_mixin.py:190} INFO - [2025-01-09T16:11:09.760+0000] {dagbag.py:588} INFO - Filling up the DagBag from /opt/airflow/dags/kafka_stream.py
[2025-01-09T16:11:09.797+0000] {processor.py:925} INFO - DAG(s) 'user_automation' retrieved from /opt/airflow/dags/kafka_stream.py
[2025-01-09T16:11:09.850+0000] {logging_mixin.py:190} INFO - [2025-01-09T16:11:09.849+0000] {dag.py:3239} INFO - Sync 1 DAGs
[2025-01-09T16:11:09.869+0000] {logging_mixin.py:190} INFO - [2025-01-09T16:11:09.868+0000] {dag.py:4180} INFO - Setting next_dagrun for user_automation to None, run_after=None
[2025-01-09T16:11:09.900+0000] {processor.py:208} INFO - Processing /opt/airflow/dags/kafka_stream.py took 0.152 seconds
[2025-01-09T16:11:40.644+0000] {processor.py:186} INFO - Started process (PID=759) to work on /opt/airflow/dags/kafka_stream.py
[2025-01-09T16:11:40.645+0000] {processor.py:914} INFO - Processing file /opt/airflow/dags/kafka_stream.py for tasks to queue
[2025-01-09T16:11:40.650+0000] {logging_mixin.py:190} INFO - [2025-01-09T16:11:40.649+0000] {dagbag.py:588} INFO - Filling up the DagBag from /opt/airflow/dags/kafka_stream.py
[2025-01-09T16:11:40.675+0000] {processor.py:925} INFO - DAG(s) 'user_automation' retrieved from /opt/airflow/dags/kafka_stream.py
[2025-01-09T16:11:40.716+0000] {logging_mixin.py:190} INFO - [2025-01-09T16:11:40.716+0000] {dag.py:3239} INFO - Sync 1 DAGs
[2025-01-09T16:11:40.739+0000] {logging_mixin.py:190} INFO - [2025-01-09T16:11:40.739+0000] {dag.py:4180} INFO - Setting next_dagrun for user_automation to None, run_after=None
[2025-01-09T16:11:40.770+0000] {processor.py:208} INFO - Processing /opt/airflow/dags/kafka_stream.py took 0.134 seconds
[2025-01-09T16:12:11.084+0000] {processor.py:186} INFO - Started process (PID=778) to work on /opt/airflow/dags/kafka_stream.py
[2025-01-09T16:12:11.086+0000] {processor.py:914} INFO - Processing file /opt/airflow/dags/kafka_stream.py for tasks to queue
[2025-01-09T16:12:11.089+0000] {logging_mixin.py:190} INFO - [2025-01-09T16:12:11.089+0000] {dagbag.py:588} INFO - Filling up the DagBag from /opt/airflow/dags/kafka_stream.py
[2025-01-09T16:12:11.133+0000] {processor.py:925} INFO - DAG(s) 'user_automation' retrieved from /opt/airflow/dags/kafka_stream.py
[2025-01-09T16:12:11.159+0000] {logging_mixin.py:190} INFO - [2025-01-09T16:12:11.158+0000] {dag.py:3239} INFO - Sync 1 DAGs
[2025-01-09T16:12:11.173+0000] {logging_mixin.py:190} INFO - [2025-01-09T16:12:11.173+0000] {dag.py:4180} INFO - Setting next_dagrun for user_automation to None, run_after=None
[2025-01-09T16:12:11.199+0000] {processor.py:208} INFO - Processing /opt/airflow/dags/kafka_stream.py took 0.122 seconds
[2025-01-09T16:12:41.524+0000] {processor.py:186} INFO - Started process (PID=789) to work on /opt/airflow/dags/kafka_stream.py
[2025-01-09T16:12:41.526+0000] {processor.py:914} INFO - Processing file /opt/airflow/dags/kafka_stream.py for tasks to queue
[2025-01-09T16:12:41.528+0000] {logging_mixin.py:190} INFO - [2025-01-09T16:12:41.528+0000] {dagbag.py:588} INFO - Filling up the DagBag from /opt/airflow/dags/kafka_stream.py
[2025-01-09T16:12:41.557+0000] {processor.py:925} INFO - DAG(s) 'user_automation' retrieved from /opt/airflow/dags/kafka_stream.py
[2025-01-09T16:12:41.593+0000] {logging_mixin.py:190} INFO - [2025-01-09T16:12:41.593+0000] {dag.py:3239} INFO - Sync 1 DAGs
[2025-01-09T16:12:41.611+0000] {logging_mixin.py:190} INFO - [2025-01-09T16:12:41.611+0000] {dag.py:4180} INFO - Setting next_dagrun for user_automation to None, run_after=None
[2025-01-09T16:12:41.635+0000] {processor.py:208} INFO - Processing /opt/airflow/dags/kafka_stream.py took 0.117 seconds
[2025-01-09T16:13:11.923+0000] {processor.py:186} INFO - Started process (PID=813) to work on /opt/airflow/dags/kafka_stream.py
[2025-01-09T16:13:11.924+0000] {processor.py:914} INFO - Processing file /opt/airflow/dags/kafka_stream.py for tasks to queue
[2025-01-09T16:13:11.926+0000] {logging_mixin.py:190} INFO - [2025-01-09T16:13:11.926+0000] {dagbag.py:588} INFO - Filling up the DagBag from /opt/airflow/dags/kafka_stream.py
[2025-01-09T16:13:11.946+0000] {processor.py:925} INFO - DAG(s) 'user_automation' retrieved from /opt/airflow/dags/kafka_stream.py
[2025-01-09T16:13:11.973+0000] {logging_mixin.py:190} INFO - [2025-01-09T16:13:11.973+0000] {dag.py:3239} INFO - Sync 1 DAGs
[2025-01-09T16:13:11.989+0000] {logging_mixin.py:190} INFO - [2025-01-09T16:13:11.989+0000] {dag.py:4180} INFO - Setting next_dagrun for user_automation to None, run_after=None
[2025-01-09T16:13:12.017+0000] {processor.py:208} INFO - Processing /opt/airflow/dags/kafka_stream.py took 0.100 seconds
[2025-01-09T16:13:42.359+0000] {processor.py:186} INFO - Started process (PID=824) to work on /opt/airflow/dags/kafka_stream.py
[2025-01-09T16:13:42.361+0000] {processor.py:914} INFO - Processing file /opt/airflow/dags/kafka_stream.py for tasks to queue
[2025-01-09T16:13:42.364+0000] {logging_mixin.py:190} INFO - [2025-01-09T16:13:42.363+0000] {dagbag.py:588} INFO - Filling up the DagBag from /opt/airflow/dags/kafka_stream.py
[2025-01-09T16:13:42.401+0000] {processor.py:925} INFO - DAG(s) 'user_automation' retrieved from /opt/airflow/dags/kafka_stream.py
[2025-01-09T16:13:42.432+0000] {logging_mixin.py:190} INFO - [2025-01-09T16:13:42.432+0000] {dag.py:3239} INFO - Sync 1 DAGs
[2025-01-09T16:13:42.451+0000] {logging_mixin.py:190} INFO - [2025-01-09T16:13:42.450+0000] {dag.py:4180} INFO - Setting next_dagrun for user_automation to None, run_after=None
[2025-01-09T16:13:42.487+0000] {processor.py:208} INFO - Processing /opt/airflow/dags/kafka_stream.py took 0.135 seconds
[2025-01-09T16:14:12.666+0000] {processor.py:186} INFO - Started process (PID=835) to work on /opt/airflow/dags/kafka_stream.py
[2025-01-09T16:14:12.668+0000] {processor.py:914} INFO - Processing file /opt/airflow/dags/kafka_stream.py for tasks to queue
[2025-01-09T16:14:12.671+0000] {logging_mixin.py:190} INFO - [2025-01-09T16:14:12.671+0000] {dagbag.py:588} INFO - Filling up the DagBag from /opt/airflow/dags/kafka_stream.py
[2025-01-09T16:14:12.696+0000] {processor.py:925} INFO - DAG(s) 'user_automation' retrieved from /opt/airflow/dags/kafka_stream.py
[2025-01-09T16:14:12.726+0000] {logging_mixin.py:190} INFO - [2025-01-09T16:14:12.726+0000] {dag.py:3239} INFO - Sync 1 DAGs
[2025-01-09T16:14:12.744+0000] {logging_mixin.py:190} INFO - [2025-01-09T16:14:12.744+0000] {dag.py:4180} INFO - Setting next_dagrun for user_automation to None, run_after=None
[2025-01-09T16:14:12.772+0000] {processor.py:208} INFO - Processing /opt/airflow/dags/kafka_stream.py took 0.112 seconds
[2025-01-09T16:14:43.090+0000] {processor.py:186} INFO - Started process (PID=846) to work on /opt/airflow/dags/kafka_stream.py
[2025-01-09T16:14:43.091+0000] {processor.py:914} INFO - Processing file /opt/airflow/dags/kafka_stream.py for tasks to queue
[2025-01-09T16:14:43.094+0000] {logging_mixin.py:190} INFO - [2025-01-09T16:14:43.093+0000] {dagbag.py:588} INFO - Filling up the DagBag from /opt/airflow/dags/kafka_stream.py
[2025-01-09T16:14:43.113+0000] {processor.py:925} INFO - DAG(s) 'user_automation' retrieved from /opt/airflow/dags/kafka_stream.py
[2025-01-09T16:14:43.142+0000] {logging_mixin.py:190} INFO - [2025-01-09T16:14:43.141+0000] {dag.py:3239} INFO - Sync 1 DAGs
[2025-01-09T16:14:43.157+0000] {logging_mixin.py:190} INFO - [2025-01-09T16:14:43.157+0000] {dag.py:4180} INFO - Setting next_dagrun for user_automation to None, run_after=None
[2025-01-09T16:14:43.185+0000] {processor.py:208} INFO - Processing /opt/airflow/dags/kafka_stream.py took 0.099 seconds
[2025-01-09T16:15:13.546+0000] {processor.py:186} INFO - Started process (PID=857) to work on /opt/airflow/dags/kafka_stream.py
[2025-01-09T16:15:13.548+0000] {processor.py:914} INFO - Processing file /opt/airflow/dags/kafka_stream.py for tasks to queue
[2025-01-09T16:15:13.550+0000] {logging_mixin.py:190} INFO - [2025-01-09T16:15:13.550+0000] {dagbag.py:588} INFO - Filling up the DagBag from /opt/airflow/dags/kafka_stream.py
[2025-01-09T16:15:13.583+0000] {processor.py:925} INFO - DAG(s) 'user_automation' retrieved from /opt/airflow/dags/kafka_stream.py
[2025-01-09T16:15:13.610+0000] {logging_mixin.py:190} INFO - [2025-01-09T16:15:13.610+0000] {dag.py:3239} INFO - Sync 1 DAGs
[2025-01-09T16:15:13.630+0000] {logging_mixin.py:190} INFO - [2025-01-09T16:15:13.630+0000] {dag.py:4180} INFO - Setting next_dagrun for user_automation to None, run_after=None
[2025-01-09T16:15:13.666+0000] {processor.py:208} INFO - Processing /opt/airflow/dags/kafka_stream.py took 0.126 seconds
[2025-01-09T16:15:44.003+0000] {processor.py:186} INFO - Started process (PID=868) to work on /opt/airflow/dags/kafka_stream.py
[2025-01-09T16:15:44.005+0000] {processor.py:914} INFO - Processing file /opt/airflow/dags/kafka_stream.py for tasks to queue
[2025-01-09T16:15:44.007+0000] {logging_mixin.py:190} INFO - [2025-01-09T16:15:44.007+0000] {dagbag.py:588} INFO - Filling up the DagBag from /opt/airflow/dags/kafka_stream.py
[2025-01-09T16:15:44.047+0000] {processor.py:925} INFO - DAG(s) 'user_automation' retrieved from /opt/airflow/dags/kafka_stream.py
[2025-01-09T16:15:44.074+0000] {logging_mixin.py:190} INFO - [2025-01-09T16:15:44.074+0000] {dag.py:3239} INFO - Sync 1 DAGs
[2025-01-09T16:15:44.090+0000] {logging_mixin.py:190} INFO - [2025-01-09T16:15:44.090+0000] {dag.py:4180} INFO - Setting next_dagrun for user_automation to None, run_after=None
[2025-01-09T16:15:44.121+0000] {processor.py:208} INFO - Processing /opt/airflow/dags/kafka_stream.py took 0.126 seconds
[2025-01-09T16:16:14.471+0000] {processor.py:186} INFO - Started process (PID=879) to work on /opt/airflow/dags/kafka_stream.py
[2025-01-09T16:16:14.472+0000] {processor.py:914} INFO - Processing file /opt/airflow/dags/kafka_stream.py for tasks to queue
[2025-01-09T16:16:14.474+0000] {logging_mixin.py:190} INFO - [2025-01-09T16:16:14.473+0000] {dagbag.py:588} INFO - Filling up the DagBag from /opt/airflow/dags/kafka_stream.py
[2025-01-09T16:16:14.496+0000] {processor.py:925} INFO - DAG(s) 'user_automation' retrieved from /opt/airflow/dags/kafka_stream.py
[2025-01-09T16:16:14.529+0000] {logging_mixin.py:190} INFO - [2025-01-09T16:16:14.528+0000] {dag.py:3239} INFO - Sync 1 DAGs
[2025-01-09T16:16:14.549+0000] {logging_mixin.py:190} INFO - [2025-01-09T16:16:14.548+0000] {dag.py:4180} INFO - Setting next_dagrun for user_automation to None, run_after=None
[2025-01-09T16:16:14.571+0000] {processor.py:208} INFO - Processing /opt/airflow/dags/kafka_stream.py took 0.108 seconds
[2025-01-09T16:16:44.909+0000] {processor.py:186} INFO - Started process (PID=890) to work on /opt/airflow/dags/kafka_stream.py
[2025-01-09T16:16:44.913+0000] {processor.py:914} INFO - Processing file /opt/airflow/dags/kafka_stream.py for tasks to queue
[2025-01-09T16:16:44.914+0000] {logging_mixin.py:190} INFO - [2025-01-09T16:16:44.914+0000] {dagbag.py:588} INFO - Filling up the DagBag from /opt/airflow/dags/kafka_stream.py
[2025-01-09T16:16:44.934+0000] {processor.py:925} INFO - DAG(s) 'user_automation' retrieved from /opt/airflow/dags/kafka_stream.py
[2025-01-09T16:16:44.961+0000] {logging_mixin.py:190} INFO - [2025-01-09T16:16:44.961+0000] {dag.py:3239} INFO - Sync 1 DAGs
[2025-01-09T16:16:44.977+0000] {logging_mixin.py:190} INFO - [2025-01-09T16:16:44.977+0000] {dag.py:4180} INFO - Setting next_dagrun for user_automation to None, run_after=None
[2025-01-09T16:16:44.998+0000] {processor.py:208} INFO - Processing /opt/airflow/dags/kafka_stream.py took 0.094 seconds
[2025-01-09T16:17:15.096+0000] {processor.py:186} INFO - Started process (PID=912) to work on /opt/airflow/dags/kafka_stream.py
[2025-01-09T16:17:15.098+0000] {processor.py:914} INFO - Processing file /opt/airflow/dags/kafka_stream.py for tasks to queue
[2025-01-09T16:17:15.099+0000] {logging_mixin.py:190} INFO - [2025-01-09T16:17:15.099+0000] {dagbag.py:588} INFO - Filling up the DagBag from /opt/airflow/dags/kafka_stream.py
[2025-01-09T16:17:15.121+0000] {processor.py:925} INFO - DAG(s) 'user_automation' retrieved from /opt/airflow/dags/kafka_stream.py
[2025-01-09T16:17:15.146+0000] {logging_mixin.py:190} INFO - [2025-01-09T16:17:15.146+0000] {dag.py:3239} INFO - Sync 1 DAGs
[2025-01-09T16:17:15.164+0000] {logging_mixin.py:190} INFO - [2025-01-09T16:17:15.164+0000] {dag.py:4180} INFO - Setting next_dagrun for user_automation to None, run_after=None
[2025-01-09T16:17:15.187+0000] {processor.py:208} INFO - Processing /opt/airflow/dags/kafka_stream.py took 0.098 seconds
[2025-01-09T16:17:45.461+0000] {processor.py:186} INFO - Started process (PID=923) to work on /opt/airflow/dags/kafka_stream.py
[2025-01-09T16:17:45.462+0000] {processor.py:914} INFO - Processing file /opt/airflow/dags/kafka_stream.py for tasks to queue
[2025-01-09T16:17:45.464+0000] {logging_mixin.py:190} INFO - [2025-01-09T16:17:45.463+0000] {dagbag.py:588} INFO - Filling up the DagBag from /opt/airflow/dags/kafka_stream.py
[2025-01-09T16:17:45.486+0000] {processor.py:925} INFO - DAG(s) 'user_automation' retrieved from /opt/airflow/dags/kafka_stream.py
[2025-01-09T16:17:45.513+0000] {logging_mixin.py:190} INFO - [2025-01-09T16:17:45.513+0000] {dag.py:3239} INFO - Sync 1 DAGs
[2025-01-09T16:17:45.530+0000] {logging_mixin.py:190} INFO - [2025-01-09T16:17:45.530+0000] {dag.py:4180} INFO - Setting next_dagrun for user_automation to None, run_after=None
[2025-01-09T16:17:45.558+0000] {processor.py:208} INFO - Processing /opt/airflow/dags/kafka_stream.py took 0.103 seconds
[2025-01-09T16:18:15.963+0000] {processor.py:186} INFO - Started process (PID=942) to work on /opt/airflow/dags/kafka_stream.py
[2025-01-09T16:18:15.965+0000] {processor.py:914} INFO - Processing file /opt/airflow/dags/kafka_stream.py for tasks to queue
[2025-01-09T16:18:15.968+0000] {logging_mixin.py:190} INFO - [2025-01-09T16:18:15.967+0000] {dagbag.py:588} INFO - Filling up the DagBag from /opt/airflow/dags/kafka_stream.py
[2025-01-09T16:18:15.993+0000] {processor.py:925} INFO - DAG(s) 'user_automation' retrieved from /opt/airflow/dags/kafka_stream.py
[2025-01-09T16:18:16.025+0000] {logging_mixin.py:190} INFO - [2025-01-09T16:18:16.025+0000] {dag.py:3239} INFO - Sync 1 DAGs
[2025-01-09T16:18:16.042+0000] {logging_mixin.py:190} INFO - [2025-01-09T16:18:16.042+0000] {dag.py:4180} INFO - Setting next_dagrun for user_automation to None, run_after=None
[2025-01-09T16:18:16.072+0000] {processor.py:208} INFO - Processing /opt/airflow/dags/kafka_stream.py took 0.117 seconds
[2025-01-09T16:18:46.395+0000] {processor.py:186} INFO - Started process (PID=953) to work on /opt/airflow/dags/kafka_stream.py
[2025-01-09T16:18:46.396+0000] {processor.py:914} INFO - Processing file /opt/airflow/dags/kafka_stream.py for tasks to queue
[2025-01-09T16:18:46.398+0000] {logging_mixin.py:190} INFO - [2025-01-09T16:18:46.398+0000] {dagbag.py:588} INFO - Filling up the DagBag from /opt/airflow/dags/kafka_stream.py
[2025-01-09T16:18:46.436+0000] {processor.py:925} INFO - DAG(s) 'user_automation' retrieved from /opt/airflow/dags/kafka_stream.py
[2025-01-09T16:18:46.470+0000] {logging_mixin.py:190} INFO - [2025-01-09T16:18:46.470+0000] {dag.py:3239} INFO - Sync 1 DAGs
[2025-01-09T16:18:46.486+0000] {logging_mixin.py:190} INFO - [2025-01-09T16:18:46.486+0000] {dag.py:4180} INFO - Setting next_dagrun for user_automation to None, run_after=None
[2025-01-09T16:18:46.518+0000] {processor.py:208} INFO - Processing /opt/airflow/dags/kafka_stream.py took 0.131 seconds
[2025-01-09T16:19:16.871+0000] {processor.py:186} INFO - Started process (PID=972) to work on /opt/airflow/dags/kafka_stream.py
[2025-01-09T16:19:16.872+0000] {processor.py:914} INFO - Processing file /opt/airflow/dags/kafka_stream.py for tasks to queue
[2025-01-09T16:19:16.874+0000] {logging_mixin.py:190} INFO - [2025-01-09T16:19:16.874+0000] {dagbag.py:588} INFO - Filling up the DagBag from /opt/airflow/dags/kafka_stream.py
[2025-01-09T16:19:16.896+0000] {processor.py:925} INFO - DAG(s) 'user_automation' retrieved from /opt/airflow/dags/kafka_stream.py
[2025-01-09T16:19:16.928+0000] {logging_mixin.py:190} INFO - [2025-01-09T16:19:16.927+0000] {dag.py:3239} INFO - Sync 1 DAGs
[2025-01-09T16:19:16.947+0000] {logging_mixin.py:190} INFO - [2025-01-09T16:19:16.946+0000] {dag.py:4180} INFO - Setting next_dagrun for user_automation to None, run_after=None
[2025-01-09T16:19:16.974+0000] {processor.py:208} INFO - Processing /opt/airflow/dags/kafka_stream.py took 0.110 seconds
[2025-01-09T16:19:47.318+0000] {processor.py:186} INFO - Started process (PID=983) to work on /opt/airflow/dags/kafka_stream.py
[2025-01-09T16:19:47.319+0000] {processor.py:914} INFO - Processing file /opt/airflow/dags/kafka_stream.py for tasks to queue
[2025-01-09T16:19:47.321+0000] {logging_mixin.py:190} INFO - [2025-01-09T16:19:47.321+0000] {dagbag.py:588} INFO - Filling up the DagBag from /opt/airflow/dags/kafka_stream.py
[2025-01-09T16:19:47.359+0000] {processor.py:925} INFO - DAG(s) 'user_automation' retrieved from /opt/airflow/dags/kafka_stream.py
[2025-01-09T16:19:47.386+0000] {logging_mixin.py:190} INFO - [2025-01-09T16:19:47.386+0000] {dag.py:3239} INFO - Sync 1 DAGs
[2025-01-09T16:19:47.403+0000] {logging_mixin.py:190} INFO - [2025-01-09T16:19:47.403+0000] {dag.py:4180} INFO - Setting next_dagrun for user_automation to None, run_after=None
[2025-01-09T16:19:47.428+0000] {processor.py:208} INFO - Processing /opt/airflow/dags/kafka_stream.py took 0.117 seconds
[2025-01-09T16:20:17.761+0000] {processor.py:186} INFO - Started process (PID=1002) to work on /opt/airflow/dags/kafka_stream.py
[2025-01-09T16:20:17.762+0000] {processor.py:914} INFO - Processing file /opt/airflow/dags/kafka_stream.py for tasks to queue
[2025-01-09T16:20:17.764+0000] {logging_mixin.py:190} INFO - [2025-01-09T16:20:17.764+0000] {dagbag.py:588} INFO - Filling up the DagBag from /opt/airflow/dags/kafka_stream.py
[2025-01-09T16:20:17.789+0000] {processor.py:925} INFO - DAG(s) 'user_automation' retrieved from /opt/airflow/dags/kafka_stream.py
[2025-01-09T16:20:17.819+0000] {logging_mixin.py:190} INFO - [2025-01-09T16:20:17.819+0000] {dag.py:3239} INFO - Sync 1 DAGs
[2025-01-09T16:20:17.836+0000] {logging_mixin.py:190} INFO - [2025-01-09T16:20:17.836+0000] {dag.py:4180} INFO - Setting next_dagrun for user_automation to None, run_after=None
[2025-01-09T16:20:17.865+0000] {processor.py:208} INFO - Processing /opt/airflow/dags/kafka_stream.py took 0.113 seconds
[2025-01-09T16:20:48.231+0000] {processor.py:186} INFO - Started process (PID=1013) to work on /opt/airflow/dags/kafka_stream.py
[2025-01-09T16:20:48.233+0000] {processor.py:914} INFO - Processing file /opt/airflow/dags/kafka_stream.py for tasks to queue
[2025-01-09T16:20:48.235+0000] {logging_mixin.py:190} INFO - [2025-01-09T16:20:48.234+0000] {dagbag.py:588} INFO - Filling up the DagBag from /opt/airflow/dags/kafka_stream.py
[2025-01-09T16:20:48.272+0000] {processor.py:925} INFO - DAG(s) 'user_automation' retrieved from /opt/airflow/dags/kafka_stream.py
[2025-01-09T16:20:48.311+0000] {logging_mixin.py:190} INFO - [2025-01-09T16:20:48.311+0000] {dag.py:3239} INFO - Sync 1 DAGs
[2025-01-09T16:20:48.335+0000] {logging_mixin.py:190} INFO - [2025-01-09T16:20:48.335+0000] {dag.py:4180} INFO - Setting next_dagrun for user_automation to None, run_after=None
[2025-01-09T16:20:48.365+0000] {processor.py:208} INFO - Processing /opt/airflow/dags/kafka_stream.py took 0.141 seconds
[2025-01-09T16:21:18.731+0000] {processor.py:186} INFO - Started process (PID=1032) to work on /opt/airflow/dags/kafka_stream.py
[2025-01-09T16:21:18.734+0000] {processor.py:914} INFO - Processing file /opt/airflow/dags/kafka_stream.py for tasks to queue
[2025-01-09T16:21:18.736+0000] {logging_mixin.py:190} INFO - [2025-01-09T16:21:18.736+0000] {dagbag.py:588} INFO - Filling up the DagBag from /opt/airflow/dags/kafka_stream.py
[2025-01-09T16:21:18.774+0000] {processor.py:925} INFO - DAG(s) 'user_automation' retrieved from /opt/airflow/dags/kafka_stream.py
[2025-01-09T16:21:18.806+0000] {logging_mixin.py:190} INFO - [2025-01-09T16:21:18.805+0000] {dag.py:3239} INFO - Sync 1 DAGs
[2025-01-09T16:21:18.823+0000] {logging_mixin.py:190} INFO - [2025-01-09T16:21:18.822+0000] {dag.py:4180} INFO - Setting next_dagrun for user_automation to None, run_after=None
[2025-01-09T16:21:18.851+0000] {processor.py:208} INFO - Processing /opt/airflow/dags/kafka_stream.py took 0.128 seconds
[2025-01-09T16:21:49.172+0000] {processor.py:186} INFO - Started process (PID=1043) to work on /opt/airflow/dags/kafka_stream.py
[2025-01-09T16:21:49.173+0000] {processor.py:914} INFO - Processing file /opt/airflow/dags/kafka_stream.py for tasks to queue
[2025-01-09T16:21:49.174+0000] {logging_mixin.py:190} INFO - [2025-01-09T16:21:49.174+0000] {dagbag.py:588} INFO - Filling up the DagBag from /opt/airflow/dags/kafka_stream.py
[2025-01-09T16:21:49.193+0000] {processor.py:925} INFO - DAG(s) 'user_automation' retrieved from /opt/airflow/dags/kafka_stream.py
[2025-01-09T16:21:49.217+0000] {logging_mixin.py:190} INFO - [2025-01-09T16:21:49.217+0000] {dag.py:3239} INFO - Sync 1 DAGs
[2025-01-09T16:21:49.232+0000] {logging_mixin.py:190} INFO - [2025-01-09T16:21:49.232+0000] {dag.py:4180} INFO - Setting next_dagrun for user_automation to None, run_after=None
[2025-01-09T16:21:49.259+0000] {processor.py:208} INFO - Processing /opt/airflow/dags/kafka_stream.py took 0.093 seconds
[2025-01-09T16:22:19.495+0000] {processor.py:186} INFO - Started process (PID=1052) to work on /opt/airflow/dags/kafka_stream.py
[2025-01-09T16:22:19.497+0000] {processor.py:914} INFO - Processing file /opt/airflow/dags/kafka_stream.py for tasks to queue
[2025-01-09T16:22:19.498+0000] {logging_mixin.py:190} INFO - [2025-01-09T16:22:19.498+0000] {dagbag.py:588} INFO - Filling up the DagBag from /opt/airflow/dags/kafka_stream.py
[2025-01-09T16:22:19.531+0000] {processor.py:925} INFO - DAG(s) 'user_automation' retrieved from /opt/airflow/dags/kafka_stream.py
[2025-01-09T16:22:19.562+0000] {logging_mixin.py:190} INFO - [2025-01-09T16:22:19.562+0000] {dag.py:3239} INFO - Sync 1 DAGs
[2025-01-09T16:22:19.581+0000] {logging_mixin.py:190} INFO - [2025-01-09T16:22:19.581+0000] {dag.py:4180} INFO - Setting next_dagrun for user_automation to None, run_after=None
[2025-01-09T16:22:19.616+0000] {processor.py:208} INFO - Processing /opt/airflow/dags/kafka_stream.py took 0.128 seconds
[2025-01-09T16:22:49.976+0000] {processor.py:186} INFO - Started process (PID=1059) to work on /opt/airflow/dags/kafka_stream.py
[2025-01-09T16:22:49.977+0000] {processor.py:914} INFO - Processing file /opt/airflow/dags/kafka_stream.py for tasks to queue
[2025-01-09T16:22:49.979+0000] {logging_mixin.py:190} INFO - [2025-01-09T16:22:49.979+0000] {dagbag.py:588} INFO - Filling up the DagBag from /opt/airflow/dags/kafka_stream.py
[2025-01-09T16:22:50.019+0000] {processor.py:925} INFO - DAG(s) 'user_automation' retrieved from /opt/airflow/dags/kafka_stream.py
[2025-01-09T16:22:50.048+0000] {logging_mixin.py:190} INFO - [2025-01-09T16:22:50.048+0000] {dag.py:3239} INFO - Sync 1 DAGs
[2025-01-09T16:22:50.063+0000] {logging_mixin.py:190} INFO - [2025-01-09T16:22:50.063+0000] {dag.py:4180} INFO - Setting next_dagrun for user_automation to None, run_after=None
[2025-01-09T16:22:50.101+0000] {processor.py:208} INFO - Processing /opt/airflow/dags/kafka_stream.py took 0.130 seconds
[2025-01-09T16:23:20.509+0000] {processor.py:186} INFO - Started process (PID=1070) to work on /opt/airflow/dags/kafka_stream.py
[2025-01-09T16:23:20.511+0000] {processor.py:914} INFO - Processing file /opt/airflow/dags/kafka_stream.py for tasks to queue
[2025-01-09T16:23:20.513+0000] {logging_mixin.py:190} INFO - [2025-01-09T16:23:20.512+0000] {dagbag.py:588} INFO - Filling up the DagBag from /opt/airflow/dags/kafka_stream.py
[2025-01-09T16:23:20.546+0000] {processor.py:925} INFO - DAG(s) 'user_automation' retrieved from /opt/airflow/dags/kafka_stream.py
[2025-01-09T16:23:20.574+0000] {logging_mixin.py:190} INFO - [2025-01-09T16:23:20.574+0000] {dag.py:3239} INFO - Sync 1 DAGs
[2025-01-09T16:23:20.590+0000] {logging_mixin.py:190} INFO - [2025-01-09T16:23:20.589+0000] {dag.py:4180} INFO - Setting next_dagrun for user_automation to None, run_after=None
[2025-01-09T16:23:20.625+0000] {processor.py:208} INFO - Processing /opt/airflow/dags/kafka_stream.py took 0.121 seconds
[2025-01-09T16:23:50.957+0000] {processor.py:186} INFO - Started process (PID=1081) to work on /opt/airflow/dags/kafka_stream.py
[2025-01-09T16:23:50.958+0000] {processor.py:914} INFO - Processing file /opt/airflow/dags/kafka_stream.py for tasks to queue
[2025-01-09T16:23:50.960+0000] {logging_mixin.py:190} INFO - [2025-01-09T16:23:50.960+0000] {dagbag.py:588} INFO - Filling up the DagBag from /opt/airflow/dags/kafka_stream.py
[2025-01-09T16:23:50.989+0000] {processor.py:925} INFO - DAG(s) 'user_automation' retrieved from /opt/airflow/dags/kafka_stream.py
[2025-01-09T16:23:51.019+0000] {logging_mixin.py:190} INFO - [2025-01-09T16:23:51.018+0000] {dag.py:3239} INFO - Sync 1 DAGs
[2025-01-09T16:23:51.036+0000] {logging_mixin.py:190} INFO - [2025-01-09T16:23:51.036+0000] {dag.py:4180} INFO - Setting next_dagrun for user_automation to None, run_after=None
[2025-01-09T16:23:51.062+0000] {processor.py:208} INFO - Processing /opt/airflow/dags/kafka_stream.py took 0.112 seconds
[2025-01-09T16:24:21.450+0000] {processor.py:186} INFO - Started process (PID=1092) to work on /opt/airflow/dags/kafka_stream.py
[2025-01-09T16:24:21.452+0000] {processor.py:914} INFO - Processing file /opt/airflow/dags/kafka_stream.py for tasks to queue
[2025-01-09T16:24:21.453+0000] {logging_mixin.py:190} INFO - [2025-01-09T16:24:21.453+0000] {dagbag.py:588} INFO - Filling up the DagBag from /opt/airflow/dags/kafka_stream.py
[2025-01-09T16:24:21.473+0000] {processor.py:925} INFO - DAG(s) 'user_automation' retrieved from /opt/airflow/dags/kafka_stream.py
[2025-01-09T16:24:21.497+0000] {logging_mixin.py:190} INFO - [2025-01-09T16:24:21.497+0000] {dag.py:3239} INFO - Sync 1 DAGs
[2025-01-09T16:24:21.514+0000] {logging_mixin.py:190} INFO - [2025-01-09T16:24:21.514+0000] {dag.py:4180} INFO - Setting next_dagrun for user_automation to None, run_after=None
[2025-01-09T16:24:21.540+0000] {processor.py:208} INFO - Processing /opt/airflow/dags/kafka_stream.py took 0.095 seconds
[2025-01-09T16:24:51.834+0000] {processor.py:186} INFO - Started process (PID=1103) to work on /opt/airflow/dags/kafka_stream.py
[2025-01-09T16:24:51.835+0000] {processor.py:914} INFO - Processing file /opt/airflow/dags/kafka_stream.py for tasks to queue
[2025-01-09T16:24:51.836+0000] {logging_mixin.py:190} INFO - [2025-01-09T16:24:51.836+0000] {dagbag.py:588} INFO - Filling up the DagBag from /opt/airflow/dags/kafka_stream.py
[2025-01-09T16:24:51.855+0000] {processor.py:925} INFO - DAG(s) 'user_automation' retrieved from /opt/airflow/dags/kafka_stream.py
[2025-01-09T16:24:51.881+0000] {logging_mixin.py:190} INFO - [2025-01-09T16:24:51.881+0000] {dag.py:3239} INFO - Sync 1 DAGs
[2025-01-09T16:24:51.898+0000] {logging_mixin.py:190} INFO - [2025-01-09T16:24:51.897+0000] {dag.py:4180} INFO - Setting next_dagrun for user_automation to None, run_after=None
[2025-01-09T16:24:51.924+0000] {processor.py:208} INFO - Processing /opt/airflow/dags/kafka_stream.py took 0.095 seconds
[2025-01-09T16:25:22.258+0000] {processor.py:186} INFO - Started process (PID=1114) to work on /opt/airflow/dags/kafka_stream.py
[2025-01-09T16:25:22.259+0000] {processor.py:914} INFO - Processing file /opt/airflow/dags/kafka_stream.py for tasks to queue
[2025-01-09T16:25:22.261+0000] {logging_mixin.py:190} INFO - [2025-01-09T16:25:22.261+0000] {dagbag.py:588} INFO - Filling up the DagBag from /opt/airflow/dags/kafka_stream.py
[2025-01-09T16:25:22.295+0000] {processor.py:925} INFO - DAG(s) 'user_automation' retrieved from /opt/airflow/dags/kafka_stream.py
[2025-01-09T16:25:22.321+0000] {logging_mixin.py:190} INFO - [2025-01-09T16:25:22.320+0000] {dag.py:3239} INFO - Sync 1 DAGs
[2025-01-09T16:25:22.338+0000] {logging_mixin.py:190} INFO - [2025-01-09T16:25:22.338+0000] {dag.py:4180} INFO - Setting next_dagrun for user_automation to None, run_after=None
[2025-01-09T16:25:22.360+0000] {processor.py:208} INFO - Processing /opt/airflow/dags/kafka_stream.py took 0.108 seconds
[2025-01-09T16:25:52.693+0000] {processor.py:186} INFO - Started process (PID=1125) to work on /opt/airflow/dags/kafka_stream.py
[2025-01-09T16:25:52.694+0000] {processor.py:914} INFO - Processing file /opt/airflow/dags/kafka_stream.py for tasks to queue
[2025-01-09T16:25:52.695+0000] {logging_mixin.py:190} INFO - [2025-01-09T16:25:52.695+0000] {dagbag.py:588} INFO - Filling up the DagBag from /opt/airflow/dags/kafka_stream.py
[2025-01-09T16:25:52.712+0000] {processor.py:925} INFO - DAG(s) 'user_automation' retrieved from /opt/airflow/dags/kafka_stream.py
[2025-01-09T16:25:52.734+0000] {logging_mixin.py:190} INFO - [2025-01-09T16:25:52.734+0000] {dag.py:3239} INFO - Sync 1 DAGs
[2025-01-09T16:25:52.750+0000] {logging_mixin.py:190} INFO - [2025-01-09T16:25:52.749+0000] {dag.py:4180} INFO - Setting next_dagrun for user_automation to None, run_after=None
[2025-01-09T16:25:52.774+0000] {processor.py:208} INFO - Processing /opt/airflow/dags/kafka_stream.py took 0.087 seconds
[2025-01-09T16:26:23.082+0000] {processor.py:186} INFO - Started process (PID=1136) to work on /opt/airflow/dags/kafka_stream.py
[2025-01-09T16:26:23.083+0000] {processor.py:914} INFO - Processing file /opt/airflow/dags/kafka_stream.py for tasks to queue
[2025-01-09T16:26:23.085+0000] {logging_mixin.py:190} INFO - [2025-01-09T16:26:23.084+0000] {dagbag.py:588} INFO - Filling up the DagBag from /opt/airflow/dags/kafka_stream.py
[2025-01-09T16:26:23.100+0000] {processor.py:925} INFO - DAG(s) 'user_automation' retrieved from /opt/airflow/dags/kafka_stream.py
[2025-01-09T16:26:23.123+0000] {logging_mixin.py:190} INFO - [2025-01-09T16:26:23.123+0000] {dag.py:3239} INFO - Sync 1 DAGs
[2025-01-09T16:26:23.138+0000] {logging_mixin.py:190} INFO - [2025-01-09T16:26:23.138+0000] {dag.py:4180} INFO - Setting next_dagrun for user_automation to None, run_after=None
[2025-01-09T16:26:23.158+0000] {processor.py:208} INFO - Processing /opt/airflow/dags/kafka_stream.py took 0.082 seconds
[2025-01-09T16:26:53.704+0000] {processor.py:186} INFO - Started process (PID=1147) to work on /opt/airflow/dags/kafka_stream.py
[2025-01-09T16:26:53.705+0000] {processor.py:914} INFO - Processing file /opt/airflow/dags/kafka_stream.py for tasks to queue
[2025-01-09T16:26:53.706+0000] {logging_mixin.py:190} INFO - [2025-01-09T16:26:53.706+0000] {dagbag.py:588} INFO - Filling up the DagBag from /opt/airflow/dags/kafka_stream.py
[2025-01-09T16:26:53.723+0000] {processor.py:925} INFO - DAG(s) 'user_automation' retrieved from /opt/airflow/dags/kafka_stream.py
[2025-01-09T16:26:53.747+0000] {logging_mixin.py:190} INFO - [2025-01-09T16:26:53.747+0000] {dag.py:3239} INFO - Sync 1 DAGs
[2025-01-09T16:26:53.760+0000] {logging_mixin.py:190} INFO - [2025-01-09T16:26:53.760+0000] {dag.py:4180} INFO - Setting next_dagrun for user_automation to None, run_after=None
[2025-01-09T16:26:53.779+0000] {processor.py:208} INFO - Processing /opt/airflow/dags/kafka_stream.py took 0.080 seconds
[2025-01-09T16:27:24.076+0000] {processor.py:186} INFO - Started process (PID=1158) to work on /opt/airflow/dags/kafka_stream.py
[2025-01-09T16:27:24.077+0000] {processor.py:914} INFO - Processing file /opt/airflow/dags/kafka_stream.py for tasks to queue
[2025-01-09T16:27:24.079+0000] {logging_mixin.py:190} INFO - [2025-01-09T16:27:24.079+0000] {dagbag.py:588} INFO - Filling up the DagBag from /opt/airflow/dags/kafka_stream.py
[2025-01-09T16:27:24.097+0000] {processor.py:925} INFO - DAG(s) 'user_automation' retrieved from /opt/airflow/dags/kafka_stream.py
[2025-01-09T16:27:24.120+0000] {logging_mixin.py:190} INFO - [2025-01-09T16:27:24.119+0000] {dag.py:3239} INFO - Sync 1 DAGs
[2025-01-09T16:27:24.137+0000] {logging_mixin.py:190} INFO - [2025-01-09T16:27:24.137+0000] {dag.py:4180} INFO - Setting next_dagrun for user_automation to None, run_after=None
[2025-01-09T16:27:24.164+0000] {processor.py:208} INFO - Processing /opt/airflow/dags/kafka_stream.py took 0.093 seconds
[2025-01-09T16:27:54.500+0000] {processor.py:186} INFO - Started process (PID=1169) to work on /opt/airflow/dags/kafka_stream.py
[2025-01-09T16:27:54.502+0000] {processor.py:914} INFO - Processing file /opt/airflow/dags/kafka_stream.py for tasks to queue
[2025-01-09T16:27:54.503+0000] {logging_mixin.py:190} INFO - [2025-01-09T16:27:54.503+0000] {dagbag.py:588} INFO - Filling up the DagBag from /opt/airflow/dags/kafka_stream.py
[2025-01-09T16:27:54.517+0000] {processor.py:925} INFO - DAG(s) 'user_automation' retrieved from /opt/airflow/dags/kafka_stream.py
[2025-01-09T16:27:54.539+0000] {logging_mixin.py:190} INFO - [2025-01-09T16:27:54.538+0000] {dag.py:3239} INFO - Sync 1 DAGs
[2025-01-09T16:27:54.552+0000] {logging_mixin.py:190} INFO - [2025-01-09T16:27:54.552+0000] {dag.py:4180} INFO - Setting next_dagrun for user_automation to None, run_after=None
[2025-01-09T16:27:54.580+0000] {processor.py:208} INFO - Processing /opt/airflow/dags/kafka_stream.py took 0.085 seconds
[2025-01-09T16:28:25.089+0000] {processor.py:186} INFO - Started process (PID=1180) to work on /opt/airflow/dags/kafka_stream.py
[2025-01-09T16:28:25.091+0000] {processor.py:914} INFO - Processing file /opt/airflow/dags/kafka_stream.py for tasks to queue
[2025-01-09T16:28:25.092+0000] {logging_mixin.py:190} INFO - [2025-01-09T16:28:25.092+0000] {dagbag.py:588} INFO - Filling up the DagBag from /opt/airflow/dags/kafka_stream.py
[2025-01-09T16:28:25.112+0000] {processor.py:925} INFO - DAG(s) 'user_automation' retrieved from /opt/airflow/dags/kafka_stream.py
[2025-01-09T16:28:25.139+0000] {logging_mixin.py:190} INFO - [2025-01-09T16:28:25.139+0000] {dag.py:3239} INFO - Sync 1 DAGs
[2025-01-09T16:28:25.154+0000] {logging_mixin.py:190} INFO - [2025-01-09T16:28:25.153+0000] {dag.py:4180} INFO - Setting next_dagrun for user_automation to None, run_after=None
[2025-01-09T16:28:25.173+0000] {processor.py:208} INFO - Processing /opt/airflow/dags/kafka_stream.py took 0.089 seconds
[2025-01-09T16:28:55.482+0000] {processor.py:186} INFO - Started process (PID=1191) to work on /opt/airflow/dags/kafka_stream.py
[2025-01-09T16:28:55.483+0000] {processor.py:914} INFO - Processing file /opt/airflow/dags/kafka_stream.py for tasks to queue
[2025-01-09T16:28:55.485+0000] {logging_mixin.py:190} INFO - [2025-01-09T16:28:55.484+0000] {dagbag.py:588} INFO - Filling up the DagBag from /opt/airflow/dags/kafka_stream.py
[2025-01-09T16:28:55.501+0000] {processor.py:925} INFO - DAG(s) 'user_automation' retrieved from /opt/airflow/dags/kafka_stream.py
[2025-01-09T16:28:55.525+0000] {logging_mixin.py:190} INFO - [2025-01-09T16:28:55.525+0000] {dag.py:3239} INFO - Sync 1 DAGs
[2025-01-09T16:28:55.538+0000] {logging_mixin.py:190} INFO - [2025-01-09T16:28:55.538+0000] {dag.py:4180} INFO - Setting next_dagrun for user_automation to None, run_after=None
[2025-01-09T16:28:55.558+0000] {processor.py:208} INFO - Processing /opt/airflow/dags/kafka_stream.py took 0.080 seconds
[2025-01-09T16:29:26.019+0000] {processor.py:186} INFO - Started process (PID=1202) to work on /opt/airflow/dags/kafka_stream.py
[2025-01-09T16:29:26.020+0000] {processor.py:914} INFO - Processing file /opt/airflow/dags/kafka_stream.py for tasks to queue
[2025-01-09T16:29:26.022+0000] {logging_mixin.py:190} INFO - [2025-01-09T16:29:26.021+0000] {dagbag.py:588} INFO - Filling up the DagBag from /opt/airflow/dags/kafka_stream.py
[2025-01-09T16:29:26.038+0000] {processor.py:925} INFO - DAG(s) 'user_automation' retrieved from /opt/airflow/dags/kafka_stream.py
[2025-01-09T16:29:26.064+0000] {logging_mixin.py:190} INFO - [2025-01-09T16:29:26.063+0000] {dag.py:3239} INFO - Sync 1 DAGs
[2025-01-09T16:29:26.078+0000] {logging_mixin.py:190} INFO - [2025-01-09T16:29:26.078+0000] {dag.py:4180} INFO - Setting next_dagrun for user_automation to None, run_after=None
[2025-01-09T16:29:26.105+0000] {processor.py:208} INFO - Processing /opt/airflow/dags/kafka_stream.py took 0.091 seconds
[2025-01-09T16:29:56.391+0000] {processor.py:186} INFO - Started process (PID=1213) to work on /opt/airflow/dags/kafka_stream.py
[2025-01-09T16:29:56.392+0000] {processor.py:914} INFO - Processing file /opt/airflow/dags/kafka_stream.py for tasks to queue
[2025-01-09T16:29:56.394+0000] {logging_mixin.py:190} INFO - [2025-01-09T16:29:56.394+0000] {dagbag.py:588} INFO - Filling up the DagBag from /opt/airflow/dags/kafka_stream.py
[2025-01-09T16:29:56.414+0000] {processor.py:925} INFO - DAG(s) 'user_automation' retrieved from /opt/airflow/dags/kafka_stream.py
[2025-01-09T16:29:56.437+0000] {logging_mixin.py:190} INFO - [2025-01-09T16:29:56.436+0000] {dag.py:3239} INFO - Sync 1 DAGs
[2025-01-09T16:29:56.454+0000] {logging_mixin.py:190} INFO - [2025-01-09T16:29:56.454+0000] {dag.py:4180} INFO - Setting next_dagrun for user_automation to None, run_after=None
[2025-01-09T16:29:56.474+0000] {processor.py:208} INFO - Processing /opt/airflow/dags/kafka_stream.py took 0.089 seconds
[2025-01-09T16:30:26.736+0000] {processor.py:186} INFO - Started process (PID=1224) to work on /opt/airflow/dags/kafka_stream.py
[2025-01-09T16:30:26.737+0000] {processor.py:914} INFO - Processing file /opt/airflow/dags/kafka_stream.py for tasks to queue
[2025-01-09T16:30:26.738+0000] {logging_mixin.py:190} INFO - [2025-01-09T16:30:26.738+0000] {dagbag.py:588} INFO - Filling up the DagBag from /opt/airflow/dags/kafka_stream.py
[2025-01-09T16:30:26.752+0000] {processor.py:925} INFO - DAG(s) 'user_automation' retrieved from /opt/airflow/dags/kafka_stream.py
[2025-01-09T16:30:26.773+0000] {logging_mixin.py:190} INFO - [2025-01-09T16:30:26.773+0000] {dag.py:3239} INFO - Sync 1 DAGs
[2025-01-09T16:30:26.789+0000] {logging_mixin.py:190} INFO - [2025-01-09T16:30:26.789+0000] {dag.py:4180} INFO - Setting next_dagrun for user_automation to None, run_after=None
[2025-01-09T16:30:26.819+0000] {processor.py:208} INFO - Processing /opt/airflow/dags/kafka_stream.py took 0.088 seconds
[2025-01-09T16:30:57.061+0000] {processor.py:186} INFO - Started process (PID=1235) to work on /opt/airflow/dags/kafka_stream.py
[2025-01-09T16:30:57.062+0000] {processor.py:914} INFO - Processing file /opt/airflow/dags/kafka_stream.py for tasks to queue
[2025-01-09T16:30:57.064+0000] {logging_mixin.py:190} INFO - [2025-01-09T16:30:57.063+0000] {dagbag.py:588} INFO - Filling up the DagBag from /opt/airflow/dags/kafka_stream.py
[2025-01-09T16:30:57.086+0000] {processor.py:925} INFO - DAG(s) 'user_automation' retrieved from /opt/airflow/dags/kafka_stream.py
[2025-01-09T16:30:57.110+0000] {logging_mixin.py:190} INFO - [2025-01-09T16:30:57.110+0000] {dag.py:3239} INFO - Sync 1 DAGs
[2025-01-09T16:30:57.126+0000] {logging_mixin.py:190} INFO - [2025-01-09T16:30:57.126+0000] {dag.py:4180} INFO - Setting next_dagrun for user_automation to None, run_after=None
[2025-01-09T16:30:57.145+0000] {processor.py:208} INFO - Processing /opt/airflow/dags/kafka_stream.py took 0.090 seconds
[2025-01-09T16:31:27.416+0000] {processor.py:186} INFO - Started process (PID=1246) to work on /opt/airflow/dags/kafka_stream.py
[2025-01-09T16:31:27.417+0000] {processor.py:914} INFO - Processing file /opt/airflow/dags/kafka_stream.py for tasks to queue
[2025-01-09T16:31:27.419+0000] {logging_mixin.py:190} INFO - [2025-01-09T16:31:27.418+0000] {dagbag.py:588} INFO - Filling up the DagBag from /opt/airflow/dags/kafka_stream.py
[2025-01-09T16:31:27.436+0000] {processor.py:925} INFO - DAG(s) 'user_automation' retrieved from /opt/airflow/dags/kafka_stream.py
[2025-01-09T16:31:27.456+0000] {logging_mixin.py:190} INFO - [2025-01-09T16:31:27.456+0000] {dag.py:3239} INFO - Sync 1 DAGs
[2025-01-09T16:31:27.469+0000] {logging_mixin.py:190} INFO - [2025-01-09T16:31:27.469+0000] {dag.py:4180} INFO - Setting next_dagrun for user_automation to None, run_after=None
[2025-01-09T16:31:27.486+0000] {processor.py:208} INFO - Processing /opt/airflow/dags/kafka_stream.py took 0.075 seconds
[2025-01-09T16:31:57.759+0000] {processor.py:186} INFO - Started process (PID=1257) to work on /opt/airflow/dags/kafka_stream.py
[2025-01-09T16:31:57.760+0000] {processor.py:914} INFO - Processing file /opt/airflow/dags/kafka_stream.py for tasks to queue
[2025-01-09T16:31:57.762+0000] {logging_mixin.py:190} INFO - [2025-01-09T16:31:57.762+0000] {dagbag.py:588} INFO - Filling up the DagBag from /opt/airflow/dags/kafka_stream.py
[2025-01-09T16:31:57.785+0000] {processor.py:925} INFO - DAG(s) 'user_automation' retrieved from /opt/airflow/dags/kafka_stream.py
[2025-01-09T16:31:57.807+0000] {logging_mixin.py:190} INFO - [2025-01-09T16:31:57.807+0000] {dag.py:3239} INFO - Sync 1 DAGs
[2025-01-09T16:31:57.822+0000] {logging_mixin.py:190} INFO - [2025-01-09T16:31:57.821+0000] {dag.py:4180} INFO - Setting next_dagrun for user_automation to None, run_after=None
[2025-01-09T16:31:57.842+0000] {processor.py:208} INFO - Processing /opt/airflow/dags/kafka_stream.py took 0.089 seconds
[2025-01-09T16:32:28.017+0000] {processor.py:186} INFO - Started process (PID=1266) to work on /opt/airflow/dags/kafka_stream.py
[2025-01-09T16:32:28.019+0000] {processor.py:914} INFO - Processing file /opt/airflow/dags/kafka_stream.py for tasks to queue
[2025-01-09T16:32:28.022+0000] {logging_mixin.py:190} INFO - [2025-01-09T16:32:28.021+0000] {dagbag.py:588} INFO - Filling up the DagBag from /opt/airflow/dags/kafka_stream.py
[2025-01-09T16:32:28.064+0000] {processor.py:925} INFO - DAG(s) 'user_automation' retrieved from /opt/airflow/dags/kafka_stream.py
[2025-01-09T16:32:28.095+0000] {logging_mixin.py:190} INFO - [2025-01-09T16:32:28.095+0000] {dag.py:3239} INFO - Sync 1 DAGs
[2025-01-09T16:32:28.116+0000] {logging_mixin.py:190} INFO - [2025-01-09T16:32:28.115+0000] {dag.py:4180} INFO - Setting next_dagrun for user_automation to None, run_after=None
[2025-01-09T16:32:28.141+0000] {processor.py:208} INFO - Processing /opt/airflow/dags/kafka_stream.py took 0.129 seconds
[2025-01-09T16:32:58.443+0000] {processor.py:186} INFO - Started process (PID=1273) to work on /opt/airflow/dags/kafka_stream.py
[2025-01-09T16:32:58.444+0000] {processor.py:914} INFO - Processing file /opt/airflow/dags/kafka_stream.py for tasks to queue
[2025-01-09T16:32:58.446+0000] {logging_mixin.py:190} INFO - [2025-01-09T16:32:58.446+0000] {dagbag.py:588} INFO - Filling up the DagBag from /opt/airflow/dags/kafka_stream.py
[2025-01-09T16:32:58.492+0000] {processor.py:925} INFO - DAG(s) 'user_automation' retrieved from /opt/airflow/dags/kafka_stream.py
[2025-01-09T16:32:58.516+0000] {logging_mixin.py:190} INFO - [2025-01-09T16:32:58.516+0000] {dag.py:3239} INFO - Sync 1 DAGs
[2025-01-09T16:32:58.529+0000] {logging_mixin.py:190} INFO - [2025-01-09T16:32:58.529+0000] {dag.py:4180} INFO - Setting next_dagrun for user_automation to None, run_after=None
[2025-01-09T16:32:58.556+0000] {processor.py:208} INFO - Processing /opt/airflow/dags/kafka_stream.py took 0.118 seconds
[2025-01-09T16:33:28.828+0000] {processor.py:186} INFO - Started process (PID=1284) to work on /opt/airflow/dags/kafka_stream.py
[2025-01-09T16:33:28.828+0000] {processor.py:914} INFO - Processing file /opt/airflow/dags/kafka_stream.py for tasks to queue
[2025-01-09T16:33:28.830+0000] {logging_mixin.py:190} INFO - [2025-01-09T16:33:28.830+0000] {dagbag.py:588} INFO - Filling up the DagBag from /opt/airflow/dags/kafka_stream.py
[2025-01-09T16:33:28.846+0000] {processor.py:925} INFO - DAG(s) 'user_automation' retrieved from /opt/airflow/dags/kafka_stream.py
[2025-01-09T16:33:28.868+0000] {logging_mixin.py:190} INFO - [2025-01-09T16:33:28.867+0000] {dag.py:3239} INFO - Sync 1 DAGs
[2025-01-09T16:33:28.881+0000] {logging_mixin.py:190} INFO - [2025-01-09T16:33:28.881+0000] {dag.py:4180} INFO - Setting next_dagrun for user_automation to None, run_after=None
[2025-01-09T16:33:28.911+0000] {processor.py:208} INFO - Processing /opt/airflow/dags/kafka_stream.py took 0.088 seconds
[2025-01-09T16:33:59.365+0000] {processor.py:186} INFO - Started process (PID=1295) to work on /opt/airflow/dags/kafka_stream.py
[2025-01-09T16:33:59.366+0000] {processor.py:914} INFO - Processing file /opt/airflow/dags/kafka_stream.py for tasks to queue
[2025-01-09T16:33:59.368+0000] {logging_mixin.py:190} INFO - [2025-01-09T16:33:59.368+0000] {dagbag.py:588} INFO - Filling up the DagBag from /opt/airflow/dags/kafka_stream.py
[2025-01-09T16:33:59.399+0000] {processor.py:925} INFO - DAG(s) 'user_automation' retrieved from /opt/airflow/dags/kafka_stream.py
[2025-01-09T16:33:59.423+0000] {logging_mixin.py:190} INFO - [2025-01-09T16:33:59.423+0000] {dag.py:3239} INFO - Sync 1 DAGs
[2025-01-09T16:33:59.439+0000] {logging_mixin.py:190} INFO - [2025-01-09T16:33:59.439+0000] {dag.py:4180} INFO - Setting next_dagrun for user_automation to None, run_after=None
[2025-01-09T16:33:59.469+0000] {processor.py:208} INFO - Processing /opt/airflow/dags/kafka_stream.py took 0.109 seconds
[2025-01-09T16:34:29.672+0000] {processor.py:186} INFO - Started process (PID=1306) to work on /opt/airflow/dags/kafka_stream.py
[2025-01-09T16:34:29.673+0000] {processor.py:914} INFO - Processing file /opt/airflow/dags/kafka_stream.py for tasks to queue
[2025-01-09T16:34:29.674+0000] {logging_mixin.py:190} INFO - [2025-01-09T16:34:29.674+0000] {dagbag.py:588} INFO - Filling up the DagBag from /opt/airflow/dags/kafka_stream.py
[2025-01-09T16:34:29.690+0000] {processor.py:925} INFO - DAG(s) 'user_automation' retrieved from /opt/airflow/dags/kafka_stream.py
[2025-01-09T16:34:29.715+0000] {logging_mixin.py:190} INFO - [2025-01-09T16:34:29.715+0000] {dag.py:3239} INFO - Sync 1 DAGs
[2025-01-09T16:34:29.730+0000] {logging_mixin.py:190} INFO - [2025-01-09T16:34:29.730+0000] {dag.py:4180} INFO - Setting next_dagrun for user_automation to None, run_after=None
[2025-01-09T16:34:29.759+0000] {processor.py:208} INFO - Processing /opt/airflow/dags/kafka_stream.py took 0.093 seconds
[2025-01-09T16:35:00.007+0000] {processor.py:186} INFO - Started process (PID=1317) to work on /opt/airflow/dags/kafka_stream.py
[2025-01-09T16:35:00.009+0000] {processor.py:914} INFO - Processing file /opt/airflow/dags/kafka_stream.py for tasks to queue
[2025-01-09T16:35:00.011+0000] {logging_mixin.py:190} INFO - [2025-01-09T16:35:00.010+0000] {dagbag.py:588} INFO - Filling up the DagBag from /opt/airflow/dags/kafka_stream.py
[2025-01-09T16:35:00.044+0000] {processor.py:925} INFO - DAG(s) 'user_automation' retrieved from /opt/airflow/dags/kafka_stream.py
[2025-01-09T16:35:00.067+0000] {logging_mixin.py:190} INFO - [2025-01-09T16:35:00.067+0000] {dag.py:3239} INFO - Sync 1 DAGs
[2025-01-09T16:35:00.081+0000] {logging_mixin.py:190} INFO - [2025-01-09T16:35:00.081+0000] {dag.py:4180} INFO - Setting next_dagrun for user_automation to None, run_after=None
[2025-01-09T16:35:00.112+0000] {processor.py:208} INFO - Processing /opt/airflow/dags/kafka_stream.py took 0.110 seconds
[2025-01-09T16:35:30.450+0000] {processor.py:186} INFO - Started process (PID=1328) to work on /opt/airflow/dags/kafka_stream.py
[2025-01-09T16:35:30.452+0000] {processor.py:914} INFO - Processing file /opt/airflow/dags/kafka_stream.py for tasks to queue
[2025-01-09T16:35:30.453+0000] {logging_mixin.py:190} INFO - [2025-01-09T16:35:30.453+0000] {dagbag.py:588} INFO - Filling up the DagBag from /opt/airflow/dags/kafka_stream.py
[2025-01-09T16:35:30.484+0000] {processor.py:925} INFO - DAG(s) 'user_automation' retrieved from /opt/airflow/dags/kafka_stream.py
[2025-01-09T16:35:30.510+0000] {logging_mixin.py:190} INFO - [2025-01-09T16:35:30.510+0000] {dag.py:3239} INFO - Sync 1 DAGs
[2025-01-09T16:35:30.526+0000] {logging_mixin.py:190} INFO - [2025-01-09T16:35:30.526+0000] {dag.py:4180} INFO - Setting next_dagrun for user_automation to None, run_after=None
[2025-01-09T16:35:30.553+0000] {processor.py:208} INFO - Processing /opt/airflow/dags/kafka_stream.py took 0.109 seconds
[2025-01-09T16:36:00.830+0000] {processor.py:186} INFO - Started process (PID=1339) to work on /opt/airflow/dags/kafka_stream.py
[2025-01-09T16:36:00.832+0000] {processor.py:914} INFO - Processing file /opt/airflow/dags/kafka_stream.py for tasks to queue
[2025-01-09T16:36:00.834+0000] {logging_mixin.py:190} INFO - [2025-01-09T16:36:00.834+0000] {dagbag.py:588} INFO - Filling up the DagBag from /opt/airflow/dags/kafka_stream.py
[2025-01-09T16:36:00.868+0000] {processor.py:925} INFO - DAG(s) 'user_automation' retrieved from /opt/airflow/dags/kafka_stream.py
[2025-01-09T16:36:00.902+0000] {logging_mixin.py:190} INFO - [2025-01-09T16:36:00.901+0000] {dag.py:3239} INFO - Sync 1 DAGs
[2025-01-09T16:36:00.918+0000] {logging_mixin.py:190} INFO - [2025-01-09T16:36:00.918+0000] {dag.py:4180} INFO - Setting next_dagrun for user_automation to None, run_after=None
[2025-01-09T16:36:00.943+0000] {processor.py:208} INFO - Processing /opt/airflow/dags/kafka_stream.py took 0.119 seconds
[2025-01-09T16:36:31.197+0000] {processor.py:186} INFO - Started process (PID=1350) to work on /opt/airflow/dags/kafka_stream.py
[2025-01-09T16:36:31.198+0000] {processor.py:914} INFO - Processing file /opt/airflow/dags/kafka_stream.py for tasks to queue
[2025-01-09T16:36:31.199+0000] {logging_mixin.py:190} INFO - [2025-01-09T16:36:31.199+0000] {dagbag.py:588} INFO - Filling up the DagBag from /opt/airflow/dags/kafka_stream.py
[2025-01-09T16:36:31.214+0000] {processor.py:925} INFO - DAG(s) 'user_automation' retrieved from /opt/airflow/dags/kafka_stream.py
[2025-01-09T16:36:31.235+0000] {logging_mixin.py:190} INFO - [2025-01-09T16:36:31.235+0000] {dag.py:3239} INFO - Sync 1 DAGs
[2025-01-09T16:36:31.251+0000] {logging_mixin.py:190} INFO - [2025-01-09T16:36:31.251+0000] {dag.py:4180} INFO - Setting next_dagrun for user_automation to None, run_after=None
[2025-01-09T16:36:31.279+0000] {processor.py:208} INFO - Processing /opt/airflow/dags/kafka_stream.py took 0.087 seconds
[2025-01-09T16:37:01.748+0000] {processor.py:186} INFO - Started process (PID=1361) to work on /opt/airflow/dags/kafka_stream.py
[2025-01-09T16:37:01.749+0000] {processor.py:914} INFO - Processing file /opt/airflow/dags/kafka_stream.py for tasks to queue
[2025-01-09T16:37:01.751+0000] {logging_mixin.py:190} INFO - [2025-01-09T16:37:01.750+0000] {dagbag.py:588} INFO - Filling up the DagBag from /opt/airflow/dags/kafka_stream.py
[2025-01-09T16:37:01.766+0000] {processor.py:925} INFO - DAG(s) 'user_automation' retrieved from /opt/airflow/dags/kafka_stream.py
[2025-01-09T16:37:01.789+0000] {logging_mixin.py:190} INFO - [2025-01-09T16:37:01.789+0000] {dag.py:3239} INFO - Sync 1 DAGs
[2025-01-09T16:37:01.803+0000] {logging_mixin.py:190} INFO - [2025-01-09T16:37:01.803+0000] {dag.py:4180} INFO - Setting next_dagrun for user_automation to None, run_after=None
[2025-01-09T16:37:01.821+0000] {processor.py:208} INFO - Processing /opt/airflow/dags/kafka_stream.py took 0.078 seconds
[2025-01-09T16:37:32.088+0000] {processor.py:186} INFO - Started process (PID=1372) to work on /opt/airflow/dags/kafka_stream.py
[2025-01-09T16:37:32.089+0000] {processor.py:914} INFO - Processing file /opt/airflow/dags/kafka_stream.py for tasks to queue
[2025-01-09T16:37:32.090+0000] {logging_mixin.py:190} INFO - [2025-01-09T16:37:32.090+0000] {dagbag.py:588} INFO - Filling up the DagBag from /opt/airflow/dags/kafka_stream.py
[2025-01-09T16:37:32.105+0000] {processor.py:925} INFO - DAG(s) 'user_automation' retrieved from /opt/airflow/dags/kafka_stream.py
[2025-01-09T16:37:32.127+0000] {logging_mixin.py:190} INFO - [2025-01-09T16:37:32.127+0000] {dag.py:3239} INFO - Sync 1 DAGs
[2025-01-09T16:37:32.142+0000] {logging_mixin.py:190} INFO - [2025-01-09T16:37:32.142+0000] {dag.py:4180} INFO - Setting next_dagrun for user_automation to None, run_after=None
[2025-01-09T16:37:32.170+0000] {processor.py:208} INFO - Processing /opt/airflow/dags/kafka_stream.py took 0.088 seconds
[2025-01-09T16:38:02.492+0000] {processor.py:186} INFO - Started process (PID=1383) to work on /opt/airflow/dags/kafka_stream.py
[2025-01-09T16:38:02.493+0000] {processor.py:914} INFO - Processing file /opt/airflow/dags/kafka_stream.py for tasks to queue
[2025-01-09T16:38:02.494+0000] {logging_mixin.py:190} INFO - [2025-01-09T16:38:02.494+0000] {dagbag.py:588} INFO - Filling up the DagBag from /opt/airflow/dags/kafka_stream.py
[2025-01-09T16:38:02.510+0000] {processor.py:925} INFO - DAG(s) 'user_automation' retrieved from /opt/airflow/dags/kafka_stream.py
[2025-01-09T16:38:02.533+0000] {logging_mixin.py:190} INFO - [2025-01-09T16:38:02.533+0000] {dag.py:3239} INFO - Sync 1 DAGs
[2025-01-09T16:38:02.548+0000] {logging_mixin.py:190} INFO - [2025-01-09T16:38:02.548+0000] {dag.py:4180} INFO - Setting next_dagrun for user_automation to None, run_after=None
[2025-01-09T16:38:02.578+0000] {processor.py:208} INFO - Processing /opt/airflow/dags/kafka_stream.py took 0.091 seconds
[2025-01-09T16:38:32.881+0000] {processor.py:186} INFO - Started process (PID=1394) to work on /opt/airflow/dags/kafka_stream.py
[2025-01-09T16:38:32.882+0000] {processor.py:914} INFO - Processing file /opt/airflow/dags/kafka_stream.py for tasks to queue
[2025-01-09T16:38:32.883+0000] {logging_mixin.py:190} INFO - [2025-01-09T16:38:32.883+0000] {dagbag.py:588} INFO - Filling up the DagBag from /opt/airflow/dags/kafka_stream.py
[2025-01-09T16:38:32.902+0000] {processor.py:925} INFO - DAG(s) 'user_automation' retrieved from /opt/airflow/dags/kafka_stream.py
[2025-01-09T16:38:32.924+0000] {logging_mixin.py:190} INFO - [2025-01-09T16:38:32.923+0000] {dag.py:3239} INFO - Sync 1 DAGs
[2025-01-09T16:38:32.938+0000] {logging_mixin.py:190} INFO - [2025-01-09T16:38:32.938+0000] {dag.py:4180} INFO - Setting next_dagrun for user_automation to None, run_after=None
[2025-01-09T16:38:32.967+0000] {processor.py:208} INFO - Processing /opt/airflow/dags/kafka_stream.py took 0.092 seconds
[2025-01-09T16:39:03.026+0000] {processor.py:186} INFO - Started process (PID=1405) to work on /opt/airflow/dags/kafka_stream.py
[2025-01-09T16:39:03.027+0000] {processor.py:914} INFO - Processing file /opt/airflow/dags/kafka_stream.py for tasks to queue
[2025-01-09T16:39:03.029+0000] {logging_mixin.py:190} INFO - [2025-01-09T16:39:03.029+0000] {dagbag.py:588} INFO - Filling up the DagBag from /opt/airflow/dags/kafka_stream.py
[2025-01-09T16:39:03.048+0000] {processor.py:925} INFO - DAG(s) 'user_automation' retrieved from /opt/airflow/dags/kafka_stream.py
[2025-01-09T16:39:03.070+0000] {logging_mixin.py:190} INFO - [2025-01-09T16:39:03.069+0000] {dag.py:3239} INFO - Sync 1 DAGs
[2025-01-09T16:39:03.084+0000] {logging_mixin.py:190} INFO - [2025-01-09T16:39:03.084+0000] {dag.py:4180} INFO - Setting next_dagrun for user_automation to None, run_after=None
[2025-01-09T16:39:03.107+0000] {processor.py:208} INFO - Processing /opt/airflow/dags/kafka_stream.py took 0.087 seconds
[2025-01-09T16:40:32.902+0000] {processor.py:186} INFO - Started process (PID=1413) to work on /opt/airflow/dags/kafka_stream.py
[2025-01-09T16:40:32.903+0000] {processor.py:914} INFO - Processing file /opt/airflow/dags/kafka_stream.py for tasks to queue
[2025-01-09T16:40:32.905+0000] {logging_mixin.py:190} INFO - [2025-01-09T16:40:32.905+0000] {dagbag.py:588} INFO - Filling up the DagBag from /opt/airflow/dags/kafka_stream.py
[2025-01-09T16:40:32.940+0000] {processor.py:925} INFO - DAG(s) 'user_automation' retrieved from /opt/airflow/dags/kafka_stream.py
[2025-01-09T16:40:32.984+0000] {logging_mixin.py:190} INFO - [2025-01-09T16:40:32.984+0000] {dag.py:3239} INFO - Sync 1 DAGs
[2025-01-09T16:40:33.008+0000] {logging_mixin.py:190} INFO - [2025-01-09T16:40:33.007+0000] {dag.py:4180} INFO - Setting next_dagrun for user_automation to None, run_after=None
[2025-01-09T16:40:33.050+0000] {processor.py:208} INFO - Processing /opt/airflow/dags/kafka_stream.py took 0.158 seconds
