[2025-01-15T04:17:09.275+0000] {local_task_job_runner.py:123} INFO - ::group::Pre task execution logs
[2025-01-15T04:17:09.287+0000] {taskinstance.py:2613} INFO - Dependencies all met for dep_context=non-requeueable deps ti=<TaskInstance: stock_information.append_to_database scheduled__2025-01-15T04:16:00+00:00 [queued]>
[2025-01-15T04:17:09.295+0000] {taskinstance.py:2613} INFO - Dependencies all met for dep_context=requeueable deps ti=<TaskInstance: stock_information.append_to_database scheduled__2025-01-15T04:16:00+00:00 [queued]>
[2025-01-15T04:17:09.296+0000] {taskinstance.py:2866} INFO - Starting attempt 1 of 1
[2025-01-15T04:17:09.308+0000] {taskinstance.py:2889} INFO - Executing <Task(PythonOperator): append_to_database> on 2025-01-15 04:16:00+00:00
[2025-01-15T04:17:09.315+0000] {standard_task_runner.py:72} INFO - Started process 3211 to run task
[2025-01-15T04:17:09.317+0000] {standard_task_runner.py:104} INFO - Running: ['airflow', 'tasks', 'run', 'stock_information', 'append_to_database', 'scheduled__2025-01-15T04:16:00+00:00', '--job-id', '726', '--raw', '--subdir', 'DAGS_FOLDER/vnstock_stream.py', '--cfg-path', '/tmp/tmpfynjwyzx']
[2025-01-15T04:17:09.321+0000] {standard_task_runner.py:105} INFO - Job 726: Subtask append_to_database
[2025-01-15T04:17:09.359+0000] {task_command.py:467} INFO - Running <TaskInstance: stock_information.append_to_database scheduled__2025-01-15T04:16:00+00:00 [running]> on host 453ac4defedc
[2025-01-15T04:17:09.445+0000] {taskinstance.py:3132} INFO - Exporting env vars: AIRFLOW_CTX_DAG_OWNER='TuanDz' AIRFLOW_CTX_DAG_ID='stock_information' AIRFLOW_CTX_TASK_ID='append_to_database' AIRFLOW_CTX_EXECUTION_DATE='2025-01-15T04:16:00+00:00' AIRFLOW_CTX_TRY_NUMBER='1' AIRFLOW_CTX_DAG_RUN_ID='scheduled__2025-01-15T04:16:00+00:00'
[2025-01-15T04:17:09.447+0000] {taskinstance.py:731} INFO - ::endgroup::
[2025-01-15T04:17:09.485+0000] {logging_mixin.py:190} INFO - Kết nối thành công!
[2025-01-15T04:17:09.487+0000] {logging_mixin.py:190} INFO - <class 'str'>
[2025-01-15T04:17:09.487+0000] {logging_mixin.py:190} INFO - [['TCB', 25250, 21950, 23600, 'STOCK', 'HSX', '', 7045021622, 'STOCK', 8424683, 'Ngân hàng Thương mại Cổ phần Kỹ thương Việt Nam', 23600, '', '2025-01-15', 23850, 400, 2233200, 53063, 23760.97080422712, 23900, 23650, 'b', 0, 0, 0, 1590552461, 53063.66500000001, 22332, 23600, 23800, 31500, 23750, 170400, 23700, 196500, 23850, 38300, 23900, 322400, 23950, 164200, '2025-01-15 04:17:07']]
[2025-01-15T04:17:09.488+0000] {logging_mixin.py:190} INFO - <class 'list'>
[2025-01-15T04:17:09.489+0000] {logging_mixin.py:190} INFO - [['TCB', 25250, 21950, 23600, 'STOCK', 'HSX', '', 7045021622, 'STOCK', 8424683, 'Ngân hàng Thương mại Cổ phần Kỹ thương Việt Nam', 23600, '', '2025-01-15', 23850, 400, 2233200, 53063, 23760.97080422712, 23900, 23650, 'b', 0, 0, 0, 1590552461, 53063.66500000001, 22332, 23600, 23800, 31500, 23750, 170400, 23700, 196500, 23850, 38300, 23900, 322400, 23950, 164200, '2025-01-15 04:17:07']]
[2025-01-15T04:17:09.493+0000] {python.py:240} INFO - Done. Returned value was: None
[2025-01-15T04:17:09.500+0000] {taskinstance.py:340} INFO - ::group::Post task execution logs
[2025-01-15T04:17:09.501+0000] {taskinstance.py:352} INFO - Marking task as SUCCESS. dag_id=stock_information, task_id=append_to_database, run_id=scheduled__2025-01-15T04:16:00+00:00, execution_date=20250115T041600, start_date=20250115T041709, end_date=20250115T041709
[2025-01-15T04:17:09.532+0000] {local_task_job_runner.py:266} INFO - Task exited with return code 0
[2025-01-15T04:17:09.550+0000] {taskinstance.py:3895} INFO - 0 downstream tasks scheduled from follow-on schedule check
[2025-01-15T04:17:09.554+0000] {local_task_job_runner.py:245} INFO - ::endgroup::
