[2025-01-15T06:27:05.069+0000] {local_task_job_runner.py:123} INFO - ::group::Pre task execution logs
[2025-01-15T06:27:05.082+0000] {taskinstance.py:2613} INFO - Dependencies all met for dep_context=non-requeueable deps ti=<TaskInstance: stock_information.append_to_database scheduled__2025-01-15T06:26:00+00:00 [queued]>
[2025-01-15T06:27:05.089+0000] {taskinstance.py:2613} INFO - Dependencies all met for dep_context=requeueable deps ti=<TaskInstance: stock_information.append_to_database scheduled__2025-01-15T06:26:00+00:00 [queued]>
[2025-01-15T06:27:05.091+0000] {taskinstance.py:2866} INFO - Starting attempt 1 of 1
[2025-01-15T06:27:05.103+0000] {taskinstance.py:2889} INFO - Executing <Task(PythonOperator): append_to_database> on 2025-01-15 06:26:00+00:00
[2025-01-15T06:27:05.109+0000] {standard_task_runner.py:72} INFO - Started process 6977 to run task
[2025-01-15T06:27:05.111+0000] {standard_task_runner.py:104} INFO - Running: ['airflow', 'tasks', 'run', 'stock_information', 'append_to_database', 'scheduled__2025-01-15T06:26:00+00:00', '--job-id', '986', '--raw', '--subdir', 'DAGS_FOLDER/vnstock_stream.py', '--cfg-path', '/tmp/tmpagtexaja']
[2025-01-15T06:27:05.114+0000] {standard_task_runner.py:105} INFO - Job 986: Subtask append_to_database
[2025-01-15T06:27:05.154+0000] {task_command.py:467} INFO - Running <TaskInstance: stock_information.append_to_database scheduled__2025-01-15T06:26:00+00:00 [running]> on host 453ac4defedc
[2025-01-15T06:27:05.245+0000] {taskinstance.py:3132} INFO - Exporting env vars: AIRFLOW_CTX_DAG_OWNER='TuanDz' AIRFLOW_CTX_DAG_ID='stock_information' AIRFLOW_CTX_TASK_ID='append_to_database' AIRFLOW_CTX_EXECUTION_DATE='2025-01-15T06:26:00+00:00' AIRFLOW_CTX_TRY_NUMBER='1' AIRFLOW_CTX_DAG_RUN_ID='scheduled__2025-01-15T06:26:00+00:00'
[2025-01-15T06:27:05.248+0000] {taskinstance.py:731} INFO - ::endgroup::
[2025-01-15T06:27:05.304+0000] {logging_mixin.py:190} INFO - Kết nối thành công!
[2025-01-15T06:27:05.306+0000] {logging_mixin.py:190} INFO - <class 'str'>
[2025-01-15T06:27:05.308+0000] {logging_mixin.py:190} INFO - [['TCB', 25250, 21950, 23600, 'STOCK', 'HSX', '', 7045021622, 'STOCK', 8424683, 'Ngân hàng Thương mại Cổ phần Kỹ thương Việt Nam', 23600, '', '2025-01-15', 23750, 1600, 3706900, 88233, 23802.368555936227, 23900, 23650, 's', 156700, 156700, 0, 1590552461, 88233.8499999998, 37069, 23600, 23750, 284000, 23700, 326900, 23650, 231900, 23800, 11000, 23850, 54400, 23900, 179700, '2025-01-15 06:27:02']]
[2025-01-15T06:27:05.309+0000] {logging_mixin.py:190} INFO - <class 'list'>
[2025-01-15T06:27:05.310+0000] {logging_mixin.py:190} INFO - [['TCB', 25250, 21950, 23600, 'STOCK', 'HSX', '', 7045021622, 'STOCK', 8424683, 'Ngân hàng Thương mại Cổ phần Kỹ thương Việt Nam', 23600, '', '2025-01-15', 23750, 1600, 3706900, 88233, 23802.368555936227, 23900, 23650, 's', 156700, 156700, 0, 1590552461, 88233.8499999998, 37069, 23600, 23750, 284000, 23700, 326900, 23650, 231900, 23800, 11000, 23850, 54400, 23900, 179700, '2025-01-15 06:27:02']]
[2025-01-15T06:27:05.315+0000] {python.py:240} INFO - Done. Returned value was: None
[2025-01-15T06:27:05.323+0000] {taskinstance.py:340} INFO - ::group::Post task execution logs
[2025-01-15T06:27:05.325+0000] {taskinstance.py:352} INFO - Marking task as SUCCESS. dag_id=stock_information, task_id=append_to_database, run_id=scheduled__2025-01-15T06:26:00+00:00, execution_date=20250115T062600, start_date=20250115T062705, end_date=20250115T062705
[2025-01-15T06:27:05.367+0000] {local_task_job_runner.py:266} INFO - Task exited with return code 0
[2025-01-15T06:27:05.387+0000] {taskinstance.py:3895} INFO - 0 downstream tasks scheduled from follow-on schedule check
[2025-01-15T06:27:05.392+0000] {local_task_job_runner.py:245} INFO - ::endgroup::
