[2025-01-16T07:12:04.258+0000] {local_task_job_runner.py:123} INFO - ::group::Pre task execution logs
[2025-01-16T07:12:04.273+0000] {taskinstance.py:2613} INFO - Dependencies all met for dep_context=non-requeueable deps ti=<TaskInstance: stock_information.append_to_database scheduled__2025-01-16T07:11:00+00:00 [queued]>
[2025-01-16T07:12:04.281+0000] {taskinstance.py:2613} INFO - Dependencies all met for dep_context=requeueable deps ti=<TaskInstance: stock_information.append_to_database scheduled__2025-01-16T07:11:00+00:00 [queued]>
[2025-01-16T07:12:04.282+0000] {taskinstance.py:2866} INFO - Starting attempt 1 of 1
[2025-01-16T07:12:04.294+0000] {taskinstance.py:2889} INFO - Executing <Task(PythonOperator): append_to_database> on 2025-01-16 07:11:00+00:00
[2025-01-16T07:12:04.302+0000] {standard_task_runner.py:72} INFO - Started process 8296 to run task
[2025-01-16T07:12:04.305+0000] {standard_task_runner.py:104} INFO - Running: ['airflow', 'tasks', 'run', 'stock_information', 'append_to_database', 'scheduled__2025-01-16T07:11:00+00:00', '--job-id', '1973', '--raw', '--subdir', 'DAGS_FOLDER/vnstock_stream.py', '--cfg-path', '/tmp/tmptt4vtc9a']
[2025-01-16T07:12:04.308+0000] {standard_task_runner.py:105} INFO - Job 1973: Subtask append_to_database
[2025-01-16T07:12:04.349+0000] {task_command.py:467} INFO - Running <TaskInstance: stock_information.append_to_database scheduled__2025-01-16T07:11:00+00:00 [running]> on host 453ac4defedc
[2025-01-16T07:12:04.438+0000] {taskinstance.py:3132} INFO - Exporting env vars: AIRFLOW_CTX_DAG_OWNER='TuanDz' AIRFLOW_CTX_DAG_ID='stock_information' AIRFLOW_CTX_TASK_ID='append_to_database' AIRFLOW_CTX_EXECUTION_DATE='2025-01-16T07:11:00+00:00' AIRFLOW_CTX_TRY_NUMBER='1' AIRFLOW_CTX_DAG_RUN_ID='scheduled__2025-01-16T07:11:00+00:00'
[2025-01-16T07:12:04.441+0000] {taskinstance.py:731} INFO - ::endgroup::
[2025-01-16T07:12:04.558+0000] {logging_mixin.py:190} INFO - Kết nối thành công!
[2025-01-16T07:12:04.559+0000] {logging_mixin.py:190} INFO - <class 'str'>
[2025-01-16T07:12:04.559+0000] {logging_mixin.py:190} INFO - [['TCB', 25350, 22050, 23700, 'STOCK', 'HSX', '', 7045021622, 'STOCK', 8424683, 'Ngân hàng Thương mại Cổ phần Kỹ thương Việt Nam', 23700, '', '2025-01-16', 23800, 300, 4539800, 108139, 23820.21234415613, 23950, 23700, 'b', 0, 20000, 0, 1590552461, 108139.07999999994, 45398, 23700, 23750, 171600, 23700, 278800, 23650, 95300, 23800, 700, 23850, 206800, 23900, 319700, '2025-01-16 07:12:02']]
[2025-01-16T07:12:04.560+0000] {logging_mixin.py:190} INFO - <class 'list'>
[2025-01-16T07:12:04.561+0000] {logging_mixin.py:190} INFO - [['TCB', 25350, 22050, 23700, 'STOCK', 'HSX', '', 7045021622, 'STOCK', 8424683, 'Ngân hàng Thương mại Cổ phần Kỹ thương Việt Nam', 23700, '', '2025-01-16', 23800, 300, 4539800, 108139, 23820.21234415613, 23950, 23700, 'b', 0, 20000, 0, 1590552461, 108139.07999999994, 45398, 23700, 23750, 171600, 23700, 278800, 23650, 95300, 23800, 700, 23850, 206800, 23900, 319700, '2025-01-16 07:12:02']]
[2025-01-16T07:12:04.569+0000] {python.py:240} INFO - Done. Returned value was: None
[2025-01-16T07:12:04.576+0000] {taskinstance.py:340} INFO - ::group::Post task execution logs
[2025-01-16T07:12:04.577+0000] {taskinstance.py:352} INFO - Marking task as SUCCESS. dag_id=stock_information, task_id=append_to_database, run_id=scheduled__2025-01-16T07:11:00+00:00, execution_date=20250116T071100, start_date=20250116T071204, end_date=20250116T071204
[2025-01-16T07:12:04.601+0000] {local_task_job_runner.py:266} INFO - Task exited with return code 0
[2025-01-16T07:12:04.614+0000] {taskinstance.py:3895} INFO - 0 downstream tasks scheduled from follow-on schedule check
[2025-01-16T07:12:04.618+0000] {local_task_job_runner.py:245} INFO - ::endgroup::
