[2025-01-15T06:41:09.352+0000] {local_task_job_runner.py:123} INFO - ::group::Pre task execution logs
[2025-01-15T06:41:09.364+0000] {taskinstance.py:2613} INFO - Dependencies all met for dep_context=non-requeueable deps ti=<TaskInstance: stock_information.append_to_database scheduled__2025-01-15T06:40:00+00:00 [queued]>
[2025-01-15T06:41:09.374+0000] {taskinstance.py:2613} INFO - Dependencies all met for dep_context=requeueable deps ti=<TaskInstance: stock_information.append_to_database scheduled__2025-01-15T06:40:00+00:00 [queued]>
[2025-01-15T06:41:09.376+0000] {taskinstance.py:2866} INFO - Starting attempt 1 of 1
[2025-01-15T06:41:09.389+0000] {taskinstance.py:2889} INFO - Executing <Task(PythonOperator): append_to_database> on 2025-01-15 06:40:00+00:00
[2025-01-15T06:41:09.397+0000] {standard_task_runner.py:72} INFO - Started process 7385 to run task
[2025-01-15T06:41:09.401+0000] {standard_task_runner.py:104} INFO - Running: ['airflow', 'tasks', 'run', 'stock_information', 'append_to_database', 'scheduled__2025-01-15T06:40:00+00:00', '--job-id', '1014', '--raw', '--subdir', 'DAGS_FOLDER/vnstock_stream.py', '--cfg-path', '/tmp/tmpzg35gacb']
[2025-01-15T06:41:09.405+0000] {standard_task_runner.py:105} INFO - Job 1014: Subtask append_to_database
[2025-01-15T06:41:09.449+0000] {task_command.py:467} INFO - Running <TaskInstance: stock_information.append_to_database scheduled__2025-01-15T06:40:00+00:00 [running]> on host 453ac4defedc
[2025-01-15T06:41:09.537+0000] {taskinstance.py:3132} INFO - Exporting env vars: AIRFLOW_CTX_DAG_OWNER='TuanDz' AIRFLOW_CTX_DAG_ID='stock_information' AIRFLOW_CTX_TASK_ID='append_to_database' AIRFLOW_CTX_EXECUTION_DATE='2025-01-15T06:40:00+00:00' AIRFLOW_CTX_TRY_NUMBER='1' AIRFLOW_CTX_DAG_RUN_ID='scheduled__2025-01-15T06:40:00+00:00'
[2025-01-15T06:41:09.540+0000] {taskinstance.py:731} INFO - ::endgroup::
[2025-01-15T06:41:09.587+0000] {logging_mixin.py:190} INFO - Kết nối thành công!
[2025-01-15T06:41:09.588+0000] {logging_mixin.py:190} INFO - <class 'str'>
[2025-01-15T06:41:09.589+0000] {logging_mixin.py:190} INFO - [['TCB', 25250, 21950, 23600, 'STOCK', 'HSX', '', 7045021622, 'STOCK', 8424683, 'Ngân hàng Thương mại Cổ phần Kỹ thương Việt Nam', 23600, '', '2025-01-15', 23800, 4700, 4031000, 95936, 23799.553460679734, 23900, 23650, 'b', 156700, 156700, 0, 1590552461, 95936.4649999998, 40310, 23600, 23750, 357800, 23700, 322700, 23650, 233700, 23800, 500, 23850, 75800, 23900, 189600, '2025-01-15 06:41:02']]
[2025-01-15T06:41:09.590+0000] {logging_mixin.py:190} INFO - <class 'list'>
[2025-01-15T06:41:09.590+0000] {logging_mixin.py:190} INFO - [['TCB', 25250, 21950, 23600, 'STOCK', 'HSX', '', 7045021622, 'STOCK', 8424683, 'Ngân hàng Thương mại Cổ phần Kỹ thương Việt Nam', 23600, '', '2025-01-15', 23800, 4700, 4031000, 95936, 23799.553460679734, 23900, 23650, 'b', 156700, 156700, 0, 1590552461, 95936.4649999998, 40310, 23600, 23750, 357800, 23700, 322700, 23650, 233700, 23800, 500, 23850, 75800, 23900, 189600, '2025-01-15 06:41:02']]
[2025-01-15T06:41:09.592+0000] {python.py:240} INFO - Done. Returned value was: None
[2025-01-15T06:41:09.600+0000] {taskinstance.py:340} INFO - ::group::Post task execution logs
[2025-01-15T06:41:09.601+0000] {taskinstance.py:352} INFO - Marking task as SUCCESS. dag_id=stock_information, task_id=append_to_database, run_id=scheduled__2025-01-15T06:40:00+00:00, execution_date=20250115T064000, start_date=20250115T064109, end_date=20250115T064109
[2025-01-15T06:41:09.655+0000] {local_task_job_runner.py:266} INFO - Task exited with return code 0
[2025-01-15T06:41:09.676+0000] {taskinstance.py:3895} INFO - 0 downstream tasks scheduled from follow-on schedule check
[2025-01-15T06:41:09.684+0000] {local_task_job_runner.py:245} INFO - ::endgroup::
