[2025-01-16T06:52:04.878+0000] {local_task_job_runner.py:123} INFO - ::group::Pre task execution logs
[2025-01-16T06:52:04.891+0000] {taskinstance.py:2613} INFO - Dependencies all met for dep_context=non-requeueable deps ti=<TaskInstance: stock_information.append_to_database scheduled__2025-01-16T06:51:00+00:00 [queued]>
[2025-01-16T06:52:04.900+0000] {taskinstance.py:2613} INFO - Dependencies all met for dep_context=requeueable deps ti=<TaskInstance: stock_information.append_to_database scheduled__2025-01-16T06:51:00+00:00 [queued]>
[2025-01-16T06:52:04.902+0000] {taskinstance.py:2866} INFO - Starting attempt 1 of 1
[2025-01-16T06:52:04.915+0000] {taskinstance.py:2889} INFO - Executing <Task(PythonOperator): append_to_database> on 2025-01-16 06:51:00+00:00
[2025-01-16T06:52:04.922+0000] {standard_task_runner.py:72} INFO - Started process 7713 to run task
[2025-01-16T06:52:04.924+0000] {standard_task_runner.py:104} INFO - Running: ['airflow', 'tasks', 'run', 'stock_information', 'append_to_database', 'scheduled__2025-01-16T06:51:00+00:00', '--job-id', '1933', '--raw', '--subdir', 'DAGS_FOLDER/vnstock_stream.py', '--cfg-path', '/tmp/tmps2zid84p']
[2025-01-16T06:52:04.927+0000] {standard_task_runner.py:105} INFO - Job 1933: Subtask append_to_database
[2025-01-16T06:52:04.968+0000] {task_command.py:467} INFO - Running <TaskInstance: stock_information.append_to_database scheduled__2025-01-16T06:51:00+00:00 [running]> on host 453ac4defedc
[2025-01-16T06:52:05.047+0000] {taskinstance.py:3132} INFO - Exporting env vars: AIRFLOW_CTX_DAG_OWNER='TuanDz' AIRFLOW_CTX_DAG_ID='stock_information' AIRFLOW_CTX_TASK_ID='append_to_database' AIRFLOW_CTX_EXECUTION_DATE='2025-01-16T06:51:00+00:00' AIRFLOW_CTX_TRY_NUMBER='1' AIRFLOW_CTX_DAG_RUN_ID='scheduled__2025-01-16T06:51:00+00:00'
[2025-01-16T06:52:05.048+0000] {taskinstance.py:731} INFO - ::endgroup::
[2025-01-16T06:52:05.120+0000] {logging_mixin.py:190} INFO - Kết nối thành công!
[2025-01-16T06:52:05.121+0000] {logging_mixin.py:190} INFO - <class 'str'>
[2025-01-16T06:52:05.122+0000] {logging_mixin.py:190} INFO - [['TCB', 25350, 22050, 23700, 'STOCK', 'HSX', '', 7045021622, 'STOCK', 8424683, 'Ngân hàng Thương mại Cổ phần Kỹ thương Việt Nam', 23700, '', '2025-01-16', 23750, 1000, 3997100, 95233, 23825.523504540794, 23950, 23700, 's', 0, 0, 0, 1590552461, 95233.24999999999, 39971, 23700, 23750, 260500, 23700, 279900, 23650, 195100, 23800, 241700, 23850, 243300, 23900, 316000, '2025-01-16 06:52:03']]
[2025-01-16T06:52:05.123+0000] {logging_mixin.py:190} INFO - <class 'list'>
[2025-01-16T06:52:05.123+0000] {logging_mixin.py:190} INFO - [['TCB', 25350, 22050, 23700, 'STOCK', 'HSX', '', 7045021622, 'STOCK', 8424683, 'Ngân hàng Thương mại Cổ phần Kỹ thương Việt Nam', 23700, '', '2025-01-16', 23750, 1000, 3997100, 95233, 23825.523504540794, 23950, 23700, 's', 0, 0, 0, 1590552461, 95233.24999999999, 39971, 23700, 23750, 260500, 23700, 279900, 23650, 195100, 23800, 241700, 23850, 243300, 23900, 316000, '2025-01-16 06:52:03']]
[2025-01-16T06:52:05.131+0000] {python.py:240} INFO - Done. Returned value was: None
[2025-01-16T06:52:05.140+0000] {taskinstance.py:340} INFO - ::group::Post task execution logs
[2025-01-16T06:52:05.141+0000] {taskinstance.py:352} INFO - Marking task as SUCCESS. dag_id=stock_information, task_id=append_to_database, run_id=scheduled__2025-01-16T06:51:00+00:00, execution_date=20250116T065100, start_date=20250116T065204, end_date=20250116T065205
[2025-01-16T06:52:05.180+0000] {local_task_job_runner.py:266} INFO - Task exited with return code 0
[2025-01-16T06:52:05.193+0000] {taskinstance.py:3895} INFO - 0 downstream tasks scheduled from follow-on schedule check
[2025-01-16T06:52:05.198+0000] {local_task_job_runner.py:245} INFO - ::endgroup::
