[2025-01-17T02:57:03.575+0000] {local_task_job_runner.py:123} INFO - ::group::Pre task execution logs
[2025-01-17T02:57:03.587+0000] {taskinstance.py:2613} INFO - Dependencies all met for dep_context=non-requeueable deps ti=<TaskInstance: stock_information.append_to_database scheduled__2025-01-17T02:56:00+00:00 [queued]>
[2025-01-17T02:57:03.595+0000] {taskinstance.py:2613} INFO - Dependencies all met for dep_context=requeueable deps ti=<TaskInstance: stock_information.append_to_database scheduled__2025-01-17T02:56:00+00:00 [queued]>
[2025-01-17T02:57:03.596+0000] {taskinstance.py:2866} INFO - Starting attempt 1 of 1
[2025-01-17T02:57:03.608+0000] {taskinstance.py:2889} INFO - Executing <Task(PythonOperator): append_to_database> on 2025-01-17 02:56:00+00:00
[2025-01-17T02:57:03.614+0000] {standard_task_runner.py:72} INFO - Started process 2326 to run task
[2025-01-17T02:57:03.616+0000] {standard_task_runner.py:104} INFO - Running: ['airflow', 'tasks', 'run', 'stock_information', 'append_to_database', 'scheduled__2025-01-17T02:56:00+00:00', '--job-id', '2366', '--raw', '--subdir', 'DAGS_FOLDER/vnstock_stream.py', '--cfg-path', '/tmp/tmpboie0gc2']
[2025-01-17T02:57:03.619+0000] {standard_task_runner.py:105} INFO - Job 2366: Subtask append_to_database
[2025-01-17T02:57:03.655+0000] {task_command.py:467} INFO - Running <TaskInstance: stock_information.append_to_database scheduled__2025-01-17T02:56:00+00:00 [running]> on host 453ac4defedc
[2025-01-17T02:57:03.731+0000] {taskinstance.py:3132} INFO - Exporting env vars: AIRFLOW_CTX_DAG_OWNER='TuanDz' AIRFLOW_CTX_DAG_ID='stock_information' AIRFLOW_CTX_TASK_ID='append_to_database' AIRFLOW_CTX_EXECUTION_DATE='2025-01-17T02:56:00+00:00' AIRFLOW_CTX_TRY_NUMBER='1' AIRFLOW_CTX_DAG_RUN_ID='scheduled__2025-01-17T02:56:00+00:00'
[2025-01-17T02:57:03.733+0000] {taskinstance.py:731} INFO - ::endgroup::
[2025-01-17T02:57:03.798+0000] {logging_mixin.py:190} INFO - Kết nối thành công!
[2025-01-17T02:57:03.799+0000] {logging_mixin.py:190} INFO - <class 'str'>
[2025-01-17T02:57:03.800+0000] {logging_mixin.py:190} INFO - [['TCB', 25500, 22200, 23850, 'STOCK', 'HSX', '', 7045021622, 'STOCK', 8424683, 'Ngân hàng Thương mại Cổ phần Kỹ thương Việt Nam', 23850, '', '2025-01-17', 23850, 300, 289500, 6894, 23813.471502590673, 23900, 23750, 's', 5300, 25200, 0, 1590552461, 6894.655000000015, 2895, 23850, 23850, 53400, 23800, 156200, 23750, 66800, 23900, 170300, 23950, 304400, 24000, 925500, '2025-01-17 02:57:02']]
[2025-01-17T02:57:03.800+0000] {logging_mixin.py:190} INFO - <class 'list'>
[2025-01-17T02:57:03.801+0000] {logging_mixin.py:190} INFO - [['TCB', 25500, 22200, 23850, 'STOCK', 'HSX', '', 7045021622, 'STOCK', 8424683, 'Ngân hàng Thương mại Cổ phần Kỹ thương Việt Nam', 23850, '', '2025-01-17', 23850, 300, 289500, 6894, 23813.471502590673, 23900, 23750, 's', 5300, 25200, 0, 1590552461, 6894.655000000015, 2895, 23850, 23850, 53400, 23800, 156200, 23750, 66800, 23900, 170300, 23950, 304400, 24000, 925500, '2025-01-17 02:57:02']]
[2025-01-17T02:57:03.806+0000] {python.py:240} INFO - Done. Returned value was: None
[2025-01-17T02:57:03.814+0000] {taskinstance.py:340} INFO - ::group::Post task execution logs
[2025-01-17T02:57:03.814+0000] {taskinstance.py:352} INFO - Marking task as SUCCESS. dag_id=stock_information, task_id=append_to_database, run_id=scheduled__2025-01-17T02:56:00+00:00, execution_date=20250117T025600, start_date=20250117T025703, end_date=20250117T025703
[2025-01-17T02:57:03.871+0000] {local_task_job_runner.py:266} INFO - Task exited with return code 0
[2025-01-17T02:57:03.891+0000] {taskinstance.py:3895} INFO - 0 downstream tasks scheduled from follow-on schedule check
[2025-01-17T02:57:03.895+0000] {local_task_job_runner.py:245} INFO - ::endgroup::
