[2025-01-16T06:26:04.041+0000] {local_task_job_runner.py:123} INFO - ::group::Pre task execution logs
[2025-01-16T06:26:04.053+0000] {taskinstance.py:2613} INFO - Dependencies all met for dep_context=non-requeueable deps ti=<TaskInstance: stock_information.append_to_database scheduled__2025-01-16T06:25:00+00:00 [queued]>
[2025-01-16T06:26:04.060+0000] {taskinstance.py:2613} INFO - Dependencies all met for dep_context=requeueable deps ti=<TaskInstance: stock_information.append_to_database scheduled__2025-01-16T06:25:00+00:00 [queued]>
[2025-01-16T06:26:04.062+0000] {taskinstance.py:2866} INFO - Starting attempt 1 of 1
[2025-01-16T06:26:04.073+0000] {taskinstance.py:2889} INFO - Executing <Task(PythonOperator): append_to_database> on 2025-01-16 06:25:00+00:00
[2025-01-16T06:26:04.079+0000] {standard_task_runner.py:72} INFO - Started process 6950 to run task
[2025-01-16T06:26:04.081+0000] {standard_task_runner.py:104} INFO - Running: ['airflow', 'tasks', 'run', 'stock_information', 'append_to_database', 'scheduled__2025-01-16T06:25:00+00:00', '--job-id', '1881', '--raw', '--subdir', 'DAGS_FOLDER/vnstock_stream.py', '--cfg-path', '/tmp/tmp7nerg6jt']
[2025-01-16T06:26:04.083+0000] {standard_task_runner.py:105} INFO - Job 1881: Subtask append_to_database
[2025-01-16T06:26:04.120+0000] {task_command.py:467} INFO - Running <TaskInstance: stock_information.append_to_database scheduled__2025-01-16T06:25:00+00:00 [running]> on host 453ac4defedc
[2025-01-16T06:26:04.195+0000] {taskinstance.py:3132} INFO - Exporting env vars: AIRFLOW_CTX_DAG_OWNER='TuanDz' AIRFLOW_CTX_DAG_ID='stock_information' AIRFLOW_CTX_TASK_ID='append_to_database' AIRFLOW_CTX_EXECUTION_DATE='2025-01-16T06:25:00+00:00' AIRFLOW_CTX_TRY_NUMBER='1' AIRFLOW_CTX_DAG_RUN_ID='scheduled__2025-01-16T06:25:00+00:00'
[2025-01-16T06:26:04.197+0000] {taskinstance.py:731} INFO - ::endgroup::
[2025-01-16T06:26:04.257+0000] {logging_mixin.py:190} INFO - Kết nối thành công!
[2025-01-16T06:26:04.257+0000] {logging_mixin.py:190} INFO - <class 'str'>
[2025-01-16T06:26:04.258+0000] {logging_mixin.py:190} INFO - [['TCB', 25350, 22050, 23700, 'STOCK', 'HSX', '', 7045021622, 'STOCK', 8424683, 'Ngân hàng Thương mại Cổ phần Kỹ thương Việt Nam', 23700, '', '2025-01-16', 23750, 4300, 3625300, 86403, 23833.337930654016, 23950, 23700, 's', 0, 0, 0, 1590552461, 86403.11499999999, 36253, 23700, 23750, 148100, 23700, 246500, 23650, 188500, 23800, 157800, 23850, 225500, 23900, 315100, '2025-01-16 06:26:02']]
[2025-01-16T06:26:04.259+0000] {logging_mixin.py:190} INFO - <class 'list'>
[2025-01-16T06:26:04.259+0000] {logging_mixin.py:190} INFO - [['TCB', 25350, 22050, 23700, 'STOCK', 'HSX', '', 7045021622, 'STOCK', 8424683, 'Ngân hàng Thương mại Cổ phần Kỹ thương Việt Nam', 23700, '', '2025-01-16', 23750, 4300, 3625300, 86403, 23833.337930654016, 23950, 23700, 's', 0, 0, 0, 1590552461, 86403.11499999999, 36253, 23700, 23750, 148100, 23700, 246500, 23650, 188500, 23800, 157800, 23850, 225500, 23900, 315100, '2025-01-16 06:26:02']]
[2025-01-16T06:26:04.264+0000] {python.py:240} INFO - Done. Returned value was: None
[2025-01-16T06:26:04.272+0000] {taskinstance.py:340} INFO - ::group::Post task execution logs
[2025-01-16T06:26:04.272+0000] {taskinstance.py:352} INFO - Marking task as SUCCESS. dag_id=stock_information, task_id=append_to_database, run_id=scheduled__2025-01-16T06:25:00+00:00, execution_date=20250116T062500, start_date=20250116T062604, end_date=20250116T062604
[2025-01-16T06:26:04.296+0000] {local_task_job_runner.py:266} INFO - Task exited with return code 0
[2025-01-16T06:26:04.309+0000] {taskinstance.py:3895} INFO - 0 downstream tasks scheduled from follow-on schedule check
[2025-01-16T06:26:04.314+0000] {local_task_job_runner.py:245} INFO - ::endgroup::
