[2025-01-15T06:36:05.304+0000] {local_task_job_runner.py:123} INFO - ::group::Pre task execution logs
[2025-01-15T06:36:05.318+0000] {taskinstance.py:2613} INFO - Dependencies all met for dep_context=non-requeueable deps ti=<TaskInstance: stock_information.append_to_database scheduled__2025-01-15T06:35:00+00:00 [queued]>
[2025-01-15T06:36:05.326+0000] {taskinstance.py:2613} INFO - Dependencies all met for dep_context=requeueable deps ti=<TaskInstance: stock_information.append_to_database scheduled__2025-01-15T06:35:00+00:00 [queued]>
[2025-01-15T06:36:05.328+0000] {taskinstance.py:2866} INFO - Starting attempt 1 of 1
[2025-01-15T06:36:05.341+0000] {taskinstance.py:2889} INFO - Executing <Task(PythonOperator): append_to_database> on 2025-01-15 06:35:00+00:00
[2025-01-15T06:36:05.348+0000] {standard_task_runner.py:72} INFO - Started process 7241 to run task
[2025-01-15T06:36:05.350+0000] {standard_task_runner.py:104} INFO - Running: ['airflow', 'tasks', 'run', 'stock_information', 'append_to_database', 'scheduled__2025-01-15T06:35:00+00:00', '--job-id', '1004', '--raw', '--subdir', 'DAGS_FOLDER/vnstock_stream.py', '--cfg-path', '/tmp/tmpz1z6co2r']
[2025-01-15T06:36:05.353+0000] {standard_task_runner.py:105} INFO - Job 1004: Subtask append_to_database
[2025-01-15T06:36:05.392+0000] {task_command.py:467} INFO - Running <TaskInstance: stock_information.append_to_database scheduled__2025-01-15T06:35:00+00:00 [running]> on host 453ac4defedc
[2025-01-15T06:36:05.471+0000] {taskinstance.py:3132} INFO - Exporting env vars: AIRFLOW_CTX_DAG_OWNER='TuanDz' AIRFLOW_CTX_DAG_ID='stock_information' AIRFLOW_CTX_TASK_ID='append_to_database' AIRFLOW_CTX_EXECUTION_DATE='2025-01-15T06:35:00+00:00' AIRFLOW_CTX_TRY_NUMBER='1' AIRFLOW_CTX_DAG_RUN_ID='scheduled__2025-01-15T06:35:00+00:00'
[2025-01-15T06:36:05.474+0000] {taskinstance.py:731} INFO - ::endgroup::
[2025-01-15T06:36:05.506+0000] {logging_mixin.py:190} INFO - Kết nối thành công!
[2025-01-15T06:36:05.507+0000] {logging_mixin.py:190} INFO - <class 'str'>
[2025-01-15T06:36:05.508+0000] {logging_mixin.py:190} INFO - [['TCB', 25250, 21950, 23600, 'STOCK', 'HSX', '', 7045021622, 'STOCK', 8424683, 'Ngân hàng Thương mại Cổ phần Kỹ thương Việt Nam', 23600, '', '2025-01-15', 23750, 2200, 3907300, 92997, 23800.834335730557, 23900, 23650, 's', 156700, 156700, 0, 1590552461, 92997.77999999982, 39073, 23600, 23750, 230200, 23700, 334000, 23650, 233200, 23800, 1500, 23850, 77800, 23900, 197100, '2025-01-15 06:36:03']]
[2025-01-15T06:36:05.508+0000] {logging_mixin.py:190} INFO - <class 'list'>
[2025-01-15T06:36:05.509+0000] {logging_mixin.py:190} INFO - [['TCB', 25250, 21950, 23600, 'STOCK', 'HSX', '', 7045021622, 'STOCK', 8424683, 'Ngân hàng Thương mại Cổ phần Kỹ thương Việt Nam', 23600, '', '2025-01-15', 23750, 2200, 3907300, 92997, 23800.834335730557, 23900, 23650, 's', 156700, 156700, 0, 1590552461, 92997.77999999982, 39073, 23600, 23750, 230200, 23700, 334000, 23650, 233200, 23800, 1500, 23850, 77800, 23900, 197100, '2025-01-15 06:36:03']]
[2025-01-15T06:36:05.511+0000] {python.py:240} INFO - Done. Returned value was: None
[2025-01-15T06:36:05.518+0000] {taskinstance.py:340} INFO - ::group::Post task execution logs
[2025-01-15T06:36:05.519+0000] {taskinstance.py:352} INFO - Marking task as SUCCESS. dag_id=stock_information, task_id=append_to_database, run_id=scheduled__2025-01-15T06:35:00+00:00, execution_date=20250115T063500, start_date=20250115T063605, end_date=20250115T063605
[2025-01-15T06:36:05.565+0000] {local_task_job_runner.py:266} INFO - Task exited with return code 0
[2025-01-15T06:36:05.582+0000] {taskinstance.py:3895} INFO - 0 downstream tasks scheduled from follow-on schedule check
[2025-01-15T06:36:05.586+0000] {local_task_job_runner.py:245} INFO - ::endgroup::
