[2025-01-16T07:29:03.665+0000] {local_task_job_runner.py:123} INFO - ::group::Pre task execution logs
[2025-01-16T07:29:03.676+0000] {taskinstance.py:2613} INFO - Dependencies all met for dep_context=non-requeueable deps ti=<TaskInstance: stock_information.append_to_database scheduled__2025-01-16T07:28:00+00:00 [queued]>
[2025-01-16T07:29:03.683+0000] {taskinstance.py:2613} INFO - Dependencies all met for dep_context=requeueable deps ti=<TaskInstance: stock_information.append_to_database scheduled__2025-01-16T07:28:00+00:00 [queued]>
[2025-01-16T07:29:03.685+0000] {taskinstance.py:2866} INFO - Starting attempt 1 of 1
[2025-01-16T07:29:03.698+0000] {taskinstance.py:2889} INFO - Executing <Task(PythonOperator): append_to_database> on 2025-01-16 07:28:00+00:00
[2025-01-16T07:29:03.704+0000] {standard_task_runner.py:72} INFO - Started process 8800 to run task
[2025-01-16T07:29:03.707+0000] {standard_task_runner.py:104} INFO - Running: ['airflow', 'tasks', 'run', 'stock_information', 'append_to_database', 'scheduled__2025-01-16T07:28:00+00:00', '--job-id', '2007', '--raw', '--subdir', 'DAGS_FOLDER/vnstock_stream.py', '--cfg-path', '/tmp/tmp9pzatav6']
[2025-01-16T07:29:03.710+0000] {standard_task_runner.py:105} INFO - Job 2007: Subtask append_to_database
[2025-01-16T07:29:03.754+0000] {task_command.py:467} INFO - Running <TaskInstance: stock_information.append_to_database scheduled__2025-01-16T07:28:00+00:00 [running]> on host 453ac4defedc
[2025-01-16T07:29:03.835+0000] {taskinstance.py:3132} INFO - Exporting env vars: AIRFLOW_CTX_DAG_OWNER='TuanDz' AIRFLOW_CTX_DAG_ID='stock_information' AIRFLOW_CTX_TASK_ID='append_to_database' AIRFLOW_CTX_EXECUTION_DATE='2025-01-16T07:28:00+00:00' AIRFLOW_CTX_TRY_NUMBER='1' AIRFLOW_CTX_DAG_RUN_ID='scheduled__2025-01-16T07:28:00+00:00'
[2025-01-16T07:29:03.837+0000] {taskinstance.py:731} INFO - ::endgroup::
[2025-01-16T07:29:03.906+0000] {logging_mixin.py:190} INFO - Kết nối thành công!
[2025-01-16T07:29:03.907+0000] {logging_mixin.py:190} INFO - <class 'str'>
[2025-01-16T07:29:03.908+0000] {logging_mixin.py:190} INFO - [['TCB', 25350, 22050, 23700, 'STOCK', 'HSX', '', 7045021622, 'STOCK', 8424683, 'Ngân hàng Thương mại Cổ phần Kỹ thương Việt Nam', 23700, '', '2025-01-16', 23700, 1200, 7409900, 176120, 23768.20200002699, 23950, 23600, 'b', 0, 43800, 0, 1590552461, 176120.35999999932, 74099, 23700, 23600, 90800, 23550, 262500, 23500, 428800, 23700, 8200, 23750, 67500, 23800, 72300, '2025-01-16 07:29:02']]
[2025-01-16T07:29:03.909+0000] {logging_mixin.py:190} INFO - <class 'list'>
[2025-01-16T07:29:03.909+0000] {logging_mixin.py:190} INFO - [['TCB', 25350, 22050, 23700, 'STOCK', 'HSX', '', 7045021622, 'STOCK', 8424683, 'Ngân hàng Thương mại Cổ phần Kỹ thương Việt Nam', 23700, '', '2025-01-16', 23700, 1200, 7409900, 176120, 23768.20200002699, 23950, 23600, 'b', 0, 43800, 0, 1590552461, 176120.35999999932, 74099, 23700, 23600, 90800, 23550, 262500, 23500, 428800, 23700, 8200, 23750, 67500, 23800, 72300, '2025-01-16 07:29:02']]
[2025-01-16T07:29:03.915+0000] {python.py:240} INFO - Done. Returned value was: None
[2025-01-16T07:29:03.922+0000] {taskinstance.py:340} INFO - ::group::Post task execution logs
[2025-01-16T07:29:03.923+0000] {taskinstance.py:352} INFO - Marking task as SUCCESS. dag_id=stock_information, task_id=append_to_database, run_id=scheduled__2025-01-16T07:28:00+00:00, execution_date=20250116T072800, start_date=20250116T072903, end_date=20250116T072903
[2025-01-16T07:29:03.963+0000] {local_task_job_runner.py:266} INFO - Task exited with return code 0
[2025-01-16T07:29:03.982+0000] {taskinstance.py:3895} INFO - 0 downstream tasks scheduled from follow-on schedule check
[2025-01-16T07:29:03.986+0000] {local_task_job_runner.py:245} INFO - ::endgroup::
