[2025-01-15T03:23:03.746+0000] {local_task_job_runner.py:123} INFO - ::group::Pre task execution logs
[2025-01-15T03:23:03.758+0000] {taskinstance.py:2613} INFO - Dependencies all met for dep_context=non-requeueable deps ti=<TaskInstance: stock_information.append_to_database scheduled__2025-01-15T03:22:00+00:00 [queued]>
[2025-01-15T03:23:03.766+0000] {taskinstance.py:2613} INFO - Dependencies all met for dep_context=requeueable deps ti=<TaskInstance: stock_information.append_to_database scheduled__2025-01-15T03:22:00+00:00 [queued]>
[2025-01-15T03:23:03.768+0000] {taskinstance.py:2866} INFO - Starting attempt 1 of 1
[2025-01-15T03:23:03.780+0000] {taskinstance.py:2889} INFO - Executing <Task(PythonOperator): append_to_database> on 2025-01-15 03:22:00+00:00
[2025-01-15T03:23:03.785+0000] {standard_task_runner.py:72} INFO - Started process 1637 to run task
[2025-01-15T03:23:03.788+0000] {standard_task_runner.py:104} INFO - Running: ['airflow', 'tasks', 'run', 'stock_information', 'append_to_database', 'scheduled__2025-01-15T03:22:00+00:00', '--job-id', '618', '--raw', '--subdir', 'DAGS_FOLDER/vnstock_stream.py', '--cfg-path', '/tmp/tmptvndqmpz']
[2025-01-15T03:23:03.791+0000] {standard_task_runner.py:105} INFO - Job 618: Subtask append_to_database
[2025-01-15T03:23:03.829+0000] {task_command.py:467} INFO - Running <TaskInstance: stock_information.append_to_database scheduled__2025-01-15T03:22:00+00:00 [running]> on host 453ac4defedc
[2025-01-15T03:23:03.907+0000] {taskinstance.py:3132} INFO - Exporting env vars: AIRFLOW_CTX_DAG_OWNER='TuanDz' AIRFLOW_CTX_DAG_ID='stock_information' AIRFLOW_CTX_TASK_ID='append_to_database' AIRFLOW_CTX_EXECUTION_DATE='2025-01-15T03:22:00+00:00' AIRFLOW_CTX_TRY_NUMBER='1' AIRFLOW_CTX_DAG_RUN_ID='scheduled__2025-01-15T03:22:00+00:00'
[2025-01-15T03:23:03.909+0000] {taskinstance.py:731} INFO - ::endgroup::
[2025-01-15T03:23:03.946+0000] {logging_mixin.py:190} INFO - Kết nối thành công!
[2025-01-15T03:23:03.947+0000] {logging_mixin.py:190} INFO - <class 'str'>
[2025-01-15T03:23:03.947+0000] {logging_mixin.py:190} INFO - [['TCB', 25250, 21950, 23600, 'STOCK', 'HSX', '', 7045021622, 'STOCK', 8424683, 'Ngân hàng Thương mại Cổ phần Kỹ thương Việt Nam', 23600, '', '2025-01-15', 23700, 1100, 982500, 23315, 23730.27989821883, 23800, 23650, 's', 0, 0, 0, 1590552461, 23315.035000000003, 9825, 23600, 23700, 6200, 23650, 183700, 23600, 335700, 23750, 11000, 23800, 203800, 23850, 135000, '2025-01-15 03:23:02']]
[2025-01-15T03:23:03.948+0000] {logging_mixin.py:190} INFO - <class 'list'>
[2025-01-15T03:23:03.949+0000] {logging_mixin.py:190} INFO - [['TCB', 25250, 21950, 23600, 'STOCK', 'HSX', '', 7045021622, 'STOCK', 8424683, 'Ngân hàng Thương mại Cổ phần Kỹ thương Việt Nam', 23600, '', '2025-01-15', 23700, 1100, 982500, 23315, 23730.27989821883, 23800, 23650, 's', 0, 0, 0, 1590552461, 23315.035000000003, 9825, 23600, 23700, 6200, 23650, 183700, 23600, 335700, 23750, 11000, 23800, 203800, 23850, 135000, '2025-01-15 03:23:02']]
[2025-01-15T03:23:03.950+0000] {python.py:240} INFO - Done. Returned value was: None
[2025-01-15T03:23:03.957+0000] {taskinstance.py:340} INFO - ::group::Post task execution logs
[2025-01-15T03:23:03.958+0000] {taskinstance.py:352} INFO - Marking task as SUCCESS. dag_id=stock_information, task_id=append_to_database, run_id=scheduled__2025-01-15T03:22:00+00:00, execution_date=20250115T032200, start_date=20250115T032303, end_date=20250115T032303
[2025-01-15T03:23:04.003+0000] {local_task_job_runner.py:266} INFO - Task exited with return code 0
[2025-01-15T03:23:04.022+0000] {taskinstance.py:3895} INFO - 0 downstream tasks scheduled from follow-on schedule check
[2025-01-15T03:23:04.026+0000] {local_task_job_runner.py:245} INFO - ::endgroup::
