[2025-01-15T06:44:04.933+0000] {local_task_job_runner.py:123} INFO - ::group::Pre task execution logs
[2025-01-15T06:44:04.944+0000] {taskinstance.py:2613} INFO - Dependencies all met for dep_context=non-requeueable deps ti=<TaskInstance: stock_information.append_to_database scheduled__2025-01-15T06:43:00+00:00 [queued]>
[2025-01-15T06:44:04.953+0000] {taskinstance.py:2613} INFO - Dependencies all met for dep_context=requeueable deps ti=<TaskInstance: stock_information.append_to_database scheduled__2025-01-15T06:43:00+00:00 [queued]>
[2025-01-15T06:44:04.954+0000] {taskinstance.py:2866} INFO - Starting attempt 1 of 1
[2025-01-15T06:44:04.967+0000] {taskinstance.py:2889} INFO - Executing <Task(PythonOperator): append_to_database> on 2025-01-15 06:43:00+00:00
[2025-01-15T06:44:04.973+0000] {standard_task_runner.py:72} INFO - Started process 7475 to run task
[2025-01-15T06:44:04.976+0000] {standard_task_runner.py:104} INFO - Running: ['airflow', 'tasks', 'run', 'stock_information', 'append_to_database', 'scheduled__2025-01-15T06:43:00+00:00', '--job-id', '1020', '--raw', '--subdir', 'DAGS_FOLDER/vnstock_stream.py', '--cfg-path', '/tmp/tmp3sayx8n5']
[2025-01-15T06:44:04.979+0000] {standard_task_runner.py:105} INFO - Job 1020: Subtask append_to_database
[2025-01-15T06:44:05.020+0000] {task_command.py:467} INFO - Running <TaskInstance: stock_information.append_to_database scheduled__2025-01-15T06:43:00+00:00 [running]> on host 453ac4defedc
[2025-01-15T06:44:05.096+0000] {taskinstance.py:3132} INFO - Exporting env vars: AIRFLOW_CTX_DAG_OWNER='TuanDz' AIRFLOW_CTX_DAG_ID='stock_information' AIRFLOW_CTX_TASK_ID='append_to_database' AIRFLOW_CTX_EXECUTION_DATE='2025-01-15T06:43:00+00:00' AIRFLOW_CTX_TRY_NUMBER='1' AIRFLOW_CTX_DAG_RUN_ID='scheduled__2025-01-15T06:43:00+00:00'
[2025-01-15T06:44:05.098+0000] {taskinstance.py:731} INFO - ::endgroup::
[2025-01-15T06:44:05.137+0000] {logging_mixin.py:190} INFO - Kết nối thành công!
[2025-01-15T06:44:05.139+0000] {logging_mixin.py:190} INFO - <class 'str'>
[2025-01-15T06:44:05.139+0000] {logging_mixin.py:190} INFO - [['TCB', 25250, 21950, 23600, 'STOCK', 'HSX', '', 7045021622, 'STOCK', 8424683, 'Ngân hàng Thương mại Cổ phần Kỹ thương Việt Nam', 23600, '', '2025-01-15', 23800, 1900, 4080200, 97105, 23799.078476545266, 23900, 23650, 'b', 156700, 156700, 0, 1590552461, 97105.23999999979, 40802, 23600, 23750, 319100, 23700, 322800, 23650, 233700, 23800, 200, 23850, 76600, 23900, 195100, '2025-01-15 06:44:03']]
[2025-01-15T06:44:05.140+0000] {logging_mixin.py:190} INFO - <class 'list'>
[2025-01-15T06:44:05.141+0000] {logging_mixin.py:190} INFO - [['TCB', 25250, 21950, 23600, 'STOCK', 'HSX', '', 7045021622, 'STOCK', 8424683, 'Ngân hàng Thương mại Cổ phần Kỹ thương Việt Nam', 23600, '', '2025-01-15', 23800, 1900, 4080200, 97105, 23799.078476545266, 23900, 23650, 'b', 156700, 156700, 0, 1590552461, 97105.23999999979, 40802, 23600, 23750, 319100, 23700, 322800, 23650, 233700, 23800, 200, 23850, 76600, 23900, 195100, '2025-01-15 06:44:03']]
[2025-01-15T06:44:05.144+0000] {python.py:240} INFO - Done. Returned value was: None
[2025-01-15T06:44:05.152+0000] {taskinstance.py:340} INFO - ::group::Post task execution logs
[2025-01-15T06:44:05.153+0000] {taskinstance.py:352} INFO - Marking task as SUCCESS. dag_id=stock_information, task_id=append_to_database, run_id=scheduled__2025-01-15T06:43:00+00:00, execution_date=20250115T064300, start_date=20250115T064404, end_date=20250115T064405
[2025-01-15T06:44:05.192+0000] {local_task_job_runner.py:266} INFO - Task exited with return code 0
[2025-01-15T06:44:05.211+0000] {taskinstance.py:3895} INFO - 0 downstream tasks scheduled from follow-on schedule check
[2025-01-15T06:44:05.216+0000] {local_task_job_runner.py:245} INFO - ::endgroup::
