[2025-01-16T03:16:03.560+0000] {local_task_job_runner.py:123} INFO - ::group::Pre task execution logs
[2025-01-16T03:16:03.573+0000] {taskinstance.py:2613} INFO - Dependencies all met for dep_context=non-requeueable deps ti=<TaskInstance: stock_information.append_to_database scheduled__2025-01-16T03:15:00+00:00 [queued]>
[2025-01-16T03:16:03.579+0000] {taskinstance.py:2613} INFO - Dependencies all met for dep_context=requeueable deps ti=<TaskInstance: stock_information.append_to_database scheduled__2025-01-16T03:15:00+00:00 [queued]>
[2025-01-16T03:16:03.581+0000] {taskinstance.py:2866} INFO - Starting attempt 1 of 1
[2025-01-16T03:16:03.593+0000] {taskinstance.py:2889} INFO - Executing <Task(PythonOperator): append_to_database> on 2025-01-16 03:15:00+00:00
[2025-01-16T03:16:03.599+0000] {standard_task_runner.py:72} INFO - Started process 1383 to run task
[2025-01-16T03:16:03.602+0000] {standard_task_runner.py:104} INFO - Running: ['airflow', 'tasks', 'run', 'stock_information', 'append_to_database', 'scheduled__2025-01-16T03:15:00+00:00', '--job-id', '1501', '--raw', '--subdir', 'DAGS_FOLDER/vnstock_stream.py', '--cfg-path', '/tmp/tmpg7wriows']
[2025-01-16T03:16:03.604+0000] {standard_task_runner.py:105} INFO - Job 1501: Subtask append_to_database
[2025-01-16T03:16:03.642+0000] {task_command.py:467} INFO - Running <TaskInstance: stock_information.append_to_database scheduled__2025-01-16T03:15:00+00:00 [running]> on host 453ac4defedc
[2025-01-16T03:16:03.721+0000] {taskinstance.py:3132} INFO - Exporting env vars: AIRFLOW_CTX_DAG_OWNER='TuanDz' AIRFLOW_CTX_DAG_ID='stock_information' AIRFLOW_CTX_TASK_ID='append_to_database' AIRFLOW_CTX_EXECUTION_DATE='2025-01-16T03:15:00+00:00' AIRFLOW_CTX_TRY_NUMBER='1' AIRFLOW_CTX_DAG_RUN_ID='scheduled__2025-01-16T03:15:00+00:00'
[2025-01-16T03:16:03.724+0000] {taskinstance.py:731} INFO - ::endgroup::
[2025-01-16T03:16:03.777+0000] {logging_mixin.py:190} INFO - Kết nối thành công!
[2025-01-16T03:16:03.778+0000] {logging_mixin.py:190} INFO - <class 'str'>
[2025-01-16T03:16:03.778+0000] {logging_mixin.py:190} INFO - [['TCB', 25350, 22050, 23700, 'STOCK', 'HSX', '', 7045021622, 'STOCK', 8424683, 'Ngân hàng Thương mại Cổ phần Kỹ thương Việt Nam', 23700, '', '2025-01-16', 23850, 1000, 2281700, 54460, 23868.16847087698, 23950, 23800, 's', 0, 0, 0, 1590552461, 54460.71999999988, 22817, 23700, 23850, 8300, 23800, 287000, 23750, 255700, 23900, 240600, 23950, 248000, 24000, 750500, '2025-01-16 03:16:01']]
[2025-01-16T03:16:03.779+0000] {logging_mixin.py:190} INFO - <class 'list'>
[2025-01-16T03:16:03.780+0000] {logging_mixin.py:190} INFO - [['TCB', 25350, 22050, 23700, 'STOCK', 'HSX', '', 7045021622, 'STOCK', 8424683, 'Ngân hàng Thương mại Cổ phần Kỹ thương Việt Nam', 23700, '', '2025-01-16', 23850, 1000, 2281700, 54460, 23868.16847087698, 23950, 23800, 's', 0, 0, 0, 1590552461, 54460.71999999988, 22817, 23700, 23850, 8300, 23800, 287000, 23750, 255700, 23900, 240600, 23950, 248000, 24000, 750500, '2025-01-16 03:16:01']]
[2025-01-16T03:16:03.786+0000] {python.py:240} INFO - Done. Returned value was: None
[2025-01-16T03:16:03.793+0000] {taskinstance.py:340} INFO - ::group::Post task execution logs
[2025-01-16T03:16:03.794+0000] {taskinstance.py:352} INFO - Marking task as SUCCESS. dag_id=stock_information, task_id=append_to_database, run_id=scheduled__2025-01-16T03:15:00+00:00, execution_date=20250116T031500, start_date=20250116T031603, end_date=20250116T031603
[2025-01-16T03:16:03.816+0000] {local_task_job_runner.py:266} INFO - Task exited with return code 0
[2025-01-16T03:16:03.830+0000] {taskinstance.py:3895} INFO - 0 downstream tasks scheduled from follow-on schedule check
[2025-01-16T03:16:03.834+0000] {local_task_job_runner.py:245} INFO - ::endgroup::
