[2025-01-15T03:59:03.783+0000] {local_task_job_runner.py:123} INFO - ::group::Pre task execution logs
[2025-01-15T03:59:03.799+0000] {taskinstance.py:2613} INFO - Dependencies all met for dep_context=non-requeueable deps ti=<TaskInstance: stock_information.append_to_database scheduled__2025-01-15T03:58:00+00:00 [queued]>
[2025-01-15T03:59:03.810+0000] {taskinstance.py:2613} INFO - Dependencies all met for dep_context=requeueable deps ti=<TaskInstance: stock_information.append_to_database scheduled__2025-01-15T03:58:00+00:00 [queued]>
[2025-01-15T03:59:03.812+0000] {taskinstance.py:2866} INFO - Starting attempt 1 of 1
[2025-01-15T03:59:03.827+0000] {taskinstance.py:2889} INFO - Executing <Task(PythonOperator): append_to_database> on 2025-01-15 03:58:00+00:00
[2025-01-15T03:59:03.835+0000] {standard_task_runner.py:72} INFO - Started process 2694 to run task
[2025-01-15T03:59:03.838+0000] {standard_task_runner.py:104} INFO - Running: ['airflow', 'tasks', 'run', 'stock_information', 'append_to_database', 'scheduled__2025-01-15T03:58:00+00:00', '--job-id', '690', '--raw', '--subdir', 'DAGS_FOLDER/vnstock_stream.py', '--cfg-path', '/tmp/tmp51syrhfa']
[2025-01-15T03:59:03.841+0000] {standard_task_runner.py:105} INFO - Job 690: Subtask append_to_database
[2025-01-15T03:59:03.890+0000] {task_command.py:467} INFO - Running <TaskInstance: stock_information.append_to_database scheduled__2025-01-15T03:58:00+00:00 [running]> on host 453ac4defedc
[2025-01-15T03:59:03.995+0000] {taskinstance.py:3132} INFO - Exporting env vars: AIRFLOW_CTX_DAG_OWNER='TuanDz' AIRFLOW_CTX_DAG_ID='stock_information' AIRFLOW_CTX_TASK_ID='append_to_database' AIRFLOW_CTX_EXECUTION_DATE='2025-01-15T03:58:00+00:00' AIRFLOW_CTX_TRY_NUMBER='1' AIRFLOW_CTX_DAG_RUN_ID='scheduled__2025-01-15T03:58:00+00:00'
[2025-01-15T03:59:03.998+0000] {taskinstance.py:731} INFO - ::endgroup::
[2025-01-15T03:59:04.039+0000] {logging_mixin.py:190} INFO - Kết nối thành công!
[2025-01-15T03:59:04.040+0000] {logging_mixin.py:190} INFO - <class 'str'>
[2025-01-15T03:59:04.041+0000] {logging_mixin.py:190} INFO - [['TCB', 25250, 21950, 23600, 'STOCK', 'HSX', '', 7045021622, 'STOCK', 8424683, 'Ngân hàng Thương mại Cổ phần Kỹ thương Việt Nam', 23600, '', '2025-01-15', 23800, 7900, 1717100, 40762, 23738.86203482616, 23800, 23650, 's', 0, 0, 0, 1590552461, 40762.99, 17171, 23600, 23800, 52000, 23750, 96200, 23700, 137900, 23850, 157500, 23900, 210100, 23950, 123400, '2025-01-15 03:59:02']]
[2025-01-15T03:59:04.042+0000] {logging_mixin.py:190} INFO - <class 'list'>
[2025-01-15T03:59:04.043+0000] {logging_mixin.py:190} INFO - [['TCB', 25250, 21950, 23600, 'STOCK', 'HSX', '', 7045021622, 'STOCK', 8424683, 'Ngân hàng Thương mại Cổ phần Kỹ thương Việt Nam', 23600, '', '2025-01-15', 23800, 7900, 1717100, 40762, 23738.86203482616, 23800, 23650, 's', 0, 0, 0, 1590552461, 40762.99, 17171, 23600, 23800, 52000, 23750, 96200, 23700, 137900, 23850, 157500, 23900, 210100, 23950, 123400, '2025-01-15 03:59:02']]
[2025-01-15T03:59:04.046+0000] {python.py:240} INFO - Done. Returned value was: None
[2025-01-15T03:59:04.053+0000] {taskinstance.py:340} INFO - ::group::Post task execution logs
[2025-01-15T03:59:04.054+0000] {taskinstance.py:352} INFO - Marking task as SUCCESS. dag_id=stock_information, task_id=append_to_database, run_id=scheduled__2025-01-15T03:58:00+00:00, execution_date=20250115T035800, start_date=20250115T035903, end_date=20250115T035904
[2025-01-15T03:59:04.094+0000] {local_task_job_runner.py:266} INFO - Task exited with return code 0
[2025-01-15T03:59:04.113+0000] {taskinstance.py:3895} INFO - 0 downstream tasks scheduled from follow-on schedule check
[2025-01-15T03:59:04.117+0000] {local_task_job_runner.py:245} INFO - ::endgroup::
