[2025-01-15T07:27:04.630+0000] {local_task_job_runner.py:123} INFO - ::group::Pre task execution logs
[2025-01-15T07:27:04.645+0000] {taskinstance.py:2613} INFO - Dependencies all met for dep_context=non-requeueable deps ti=<TaskInstance: stock_information.append_to_database scheduled__2025-01-15T07:26:00+00:00 [queued]>
[2025-01-15T07:27:04.654+0000] {taskinstance.py:2613} INFO - Dependencies all met for dep_context=requeueable deps ti=<TaskInstance: stock_information.append_to_database scheduled__2025-01-15T07:26:00+00:00 [queued]>
[2025-01-15T07:27:04.656+0000] {taskinstance.py:2866} INFO - Starting attempt 1 of 1
[2025-01-15T07:27:04.669+0000] {taskinstance.py:2889} INFO - Executing <Task(PythonOperator): append_to_database> on 2025-01-15 07:26:00+00:00
[2025-01-15T07:27:04.675+0000] {standard_task_runner.py:72} INFO - Started process 8725 to run task
[2025-01-15T07:27:04.678+0000] {standard_task_runner.py:104} INFO - Running: ['airflow', 'tasks', 'run', 'stock_information', 'append_to_database', 'scheduled__2025-01-15T07:26:00+00:00', '--job-id', '1106', '--raw', '--subdir', 'DAGS_FOLDER/vnstock_stream.py', '--cfg-path', '/tmp/tmphoboxgew']
[2025-01-15T07:27:04.681+0000] {standard_task_runner.py:105} INFO - Job 1106: Subtask append_to_database
[2025-01-15T07:27:04.719+0000] {task_command.py:467} INFO - Running <TaskInstance: stock_information.append_to_database scheduled__2025-01-15T07:26:00+00:00 [running]> on host 453ac4defedc
[2025-01-15T07:27:04.798+0000] {taskinstance.py:3132} INFO - Exporting env vars: AIRFLOW_CTX_DAG_OWNER='TuanDz' AIRFLOW_CTX_DAG_ID='stock_information' AIRFLOW_CTX_TASK_ID='append_to_database' AIRFLOW_CTX_EXECUTION_DATE='2025-01-15T07:26:00+00:00' AIRFLOW_CTX_TRY_NUMBER='1' AIRFLOW_CTX_DAG_RUN_ID='scheduled__2025-01-15T07:26:00+00:00'
[2025-01-15T07:27:04.800+0000] {taskinstance.py:731} INFO - ::endgroup::
[2025-01-15T07:27:04.836+0000] {logging_mixin.py:190} INFO - Kết nối thành công!
[2025-01-15T07:27:04.837+0000] {logging_mixin.py:190} INFO - <class 'str'>
[2025-01-15T07:27:04.838+0000] {logging_mixin.py:190} INFO - [['TCB', 25250, 21950, 23600, 'STOCK', 'HSX', '', 7045021622, 'STOCK', 8424683, 'Ngân hàng Thương mại Cổ phần Kỹ thương Việt Nam', 23600, '', '2025-01-15', 23750, 700, 6242100, 148562, 23800.00320404992, 23900, 23650, 's', 156700, 186700, 0, 1590552461, 148562.9750000001, 62421, 23600, 23750, 60800, 23700, 252900, 23650, 70600, 23800, 7500, 23850, 49500, 23900, 199900, '2025-01-15 07:27:02']]
[2025-01-15T07:27:04.839+0000] {logging_mixin.py:190} INFO - <class 'list'>
[2025-01-15T07:27:04.839+0000] {logging_mixin.py:190} INFO - [['TCB', 25250, 21950, 23600, 'STOCK', 'HSX', '', 7045021622, 'STOCK', 8424683, 'Ngân hàng Thương mại Cổ phần Kỹ thương Việt Nam', 23600, '', '2025-01-15', 23750, 700, 6242100, 148562, 23800.00320404992, 23900, 23650, 's', 156700, 186700, 0, 1590552461, 148562.9750000001, 62421, 23600, 23750, 60800, 23700, 252900, 23650, 70600, 23800, 7500, 23850, 49500, 23900, 199900, '2025-01-15 07:27:02']]
[2025-01-15T07:27:04.841+0000] {python.py:240} INFO - Done. Returned value was: None
[2025-01-15T07:27:04.849+0000] {taskinstance.py:340} INFO - ::group::Post task execution logs
[2025-01-15T07:27:04.849+0000] {taskinstance.py:352} INFO - Marking task as SUCCESS. dag_id=stock_information, task_id=append_to_database, run_id=scheduled__2025-01-15T07:26:00+00:00, execution_date=20250115T072600, start_date=20250115T072704, end_date=20250115T072704
[2025-01-15T07:27:04.893+0000] {local_task_job_runner.py:266} INFO - Task exited with return code 0
[2025-01-15T07:27:04.914+0000] {taskinstance.py:3895} INFO - 0 downstream tasks scheduled from follow-on schedule check
[2025-01-15T07:27:04.919+0000] {local_task_job_runner.py:245} INFO - ::endgroup::
