[2025-01-16T06:02:04.017+0000] {local_task_job_runner.py:123} INFO - ::group::Pre task execution logs
[2025-01-16T06:02:04.030+0000] {taskinstance.py:2613} INFO - Dependencies all met for dep_context=non-requeueable deps ti=<TaskInstance: stock_information.append_to_database scheduled__2025-01-16T06:01:00+00:00 [queued]>
[2025-01-16T06:02:04.039+0000] {taskinstance.py:2613} INFO - Dependencies all met for dep_context=requeueable deps ti=<TaskInstance: stock_information.append_to_database scheduled__2025-01-16T06:01:00+00:00 [queued]>
[2025-01-16T06:02:04.041+0000] {taskinstance.py:2866} INFO - Starting attempt 1 of 1
[2025-01-16T06:02:04.053+0000] {taskinstance.py:2889} INFO - Executing <Task(PythonOperator): append_to_database> on 2025-01-16 06:01:00+00:00
[2025-01-16T06:02:04.058+0000] {standard_task_runner.py:72} INFO - Started process 6248 to run task
[2025-01-16T06:02:04.060+0000] {standard_task_runner.py:104} INFO - Running: ['airflow', 'tasks', 'run', 'stock_information', 'append_to_database', 'scheduled__2025-01-16T06:01:00+00:00', '--job-id', '1833', '--raw', '--subdir', 'DAGS_FOLDER/vnstock_stream.py', '--cfg-path', '/tmp/tmp67__2eez']
[2025-01-16T06:02:04.063+0000] {standard_task_runner.py:105} INFO - Job 1833: Subtask append_to_database
[2025-01-16T06:02:04.103+0000] {task_command.py:467} INFO - Running <TaskInstance: stock_information.append_to_database scheduled__2025-01-16T06:01:00+00:00 [running]> on host 453ac4defedc
[2025-01-16T06:02:04.180+0000] {taskinstance.py:3132} INFO - Exporting env vars: AIRFLOW_CTX_DAG_OWNER='TuanDz' AIRFLOW_CTX_DAG_ID='stock_information' AIRFLOW_CTX_TASK_ID='append_to_database' AIRFLOW_CTX_EXECUTION_DATE='2025-01-16T06:01:00+00:00' AIRFLOW_CTX_TRY_NUMBER='1' AIRFLOW_CTX_DAG_RUN_ID='scheduled__2025-01-16T06:01:00+00:00'
[2025-01-16T06:02:04.182+0000] {taskinstance.py:731} INFO - ::endgroup::
[2025-01-16T06:02:04.241+0000] {logging_mixin.py:190} INFO - Kết nối thành công!
[2025-01-16T06:02:04.242+0000] {logging_mixin.py:190} INFO - <class 'str'>
[2025-01-16T06:02:04.243+0000] {logging_mixin.py:190} INFO - [['TCB', 25350, 22050, 23700, 'STOCK', 'HSX', '', 7045021622, 'STOCK', 8424683, 'Ngân hàng Thương mại Cổ phần Kỹ thương Việt Nam', 23700, '', '2025-01-16', 23700, 2300, 3447300, 82175, 23837.49601137122, 23950, 23700, 's', 0, 0, 0, 1590552461, 82175.285, 34473, 23700, 23700, 187600, 23650, 135500, 23600, 200600, 23750, 6000, 23800, 157300, 23850, 220700, '2025-01-16 06:02:02']]
[2025-01-16T06:02:04.243+0000] {logging_mixin.py:190} INFO - <class 'list'>
[2025-01-16T06:02:04.244+0000] {logging_mixin.py:190} INFO - [['TCB', 25350, 22050, 23700, 'STOCK', 'HSX', '', 7045021622, 'STOCK', 8424683, 'Ngân hàng Thương mại Cổ phần Kỹ thương Việt Nam', 23700, '', '2025-01-16', 23700, 2300, 3447300, 82175, 23837.49601137122, 23950, 23700, 's', 0, 0, 0, 1590552461, 82175.285, 34473, 23700, 23700, 187600, 23650, 135500, 23600, 200600, 23750, 6000, 23800, 157300, 23850, 220700, '2025-01-16 06:02:02']]
[2025-01-16T06:02:04.249+0000] {python.py:240} INFO - Done. Returned value was: None
[2025-01-16T06:02:04.256+0000] {taskinstance.py:340} INFO - ::group::Post task execution logs
[2025-01-16T06:02:04.257+0000] {taskinstance.py:352} INFO - Marking task as SUCCESS. dag_id=stock_information, task_id=append_to_database, run_id=scheduled__2025-01-16T06:01:00+00:00, execution_date=20250116T060100, start_date=20250116T060204, end_date=20250116T060204
[2025-01-16T06:02:04.275+0000] {local_task_job_runner.py:266} INFO - Task exited with return code 0
[2025-01-16T06:02:04.289+0000] {taskinstance.py:3895} INFO - 0 downstream tasks scheduled from follow-on schedule check
[2025-01-16T06:02:04.293+0000] {local_task_job_runner.py:245} INFO - ::endgroup::
