[2025-01-16T03:35:05.256+0000] {local_task_job_runner.py:123} INFO - ::group::Pre task execution logs
[2025-01-16T03:35:05.269+0000] {taskinstance.py:2613} INFO - Dependencies all met for dep_context=non-requeueable deps ti=<TaskInstance: stock_information.append_to_database scheduled__2025-01-16T03:34:00+00:00 [queued]>
[2025-01-16T03:35:05.278+0000] {taskinstance.py:2613} INFO - Dependencies all met for dep_context=requeueable deps ti=<TaskInstance: stock_information.append_to_database scheduled__2025-01-16T03:34:00+00:00 [queued]>
[2025-01-16T03:35:05.280+0000] {taskinstance.py:2866} INFO - Starting attempt 1 of 1
[2025-01-16T03:35:05.292+0000] {taskinstance.py:2889} INFO - Executing <Task(PythonOperator): append_to_database> on 2025-01-16 03:34:00+00:00
[2025-01-16T03:35:05.298+0000] {standard_task_runner.py:72} INFO - Started process 1936 to run task
[2025-01-16T03:35:05.300+0000] {standard_task_runner.py:104} INFO - Running: ['airflow', 'tasks', 'run', 'stock_information', 'append_to_database', 'scheduled__2025-01-16T03:34:00+00:00', '--job-id', '1539', '--raw', '--subdir', 'DAGS_FOLDER/vnstock_stream.py', '--cfg-path', '/tmp/tmpxjfrgca_']
[2025-01-16T03:35:05.303+0000] {standard_task_runner.py:105} INFO - Job 1539: Subtask append_to_database
[2025-01-16T03:35:05.343+0000] {task_command.py:467} INFO - Running <TaskInstance: stock_information.append_to_database scheduled__2025-01-16T03:34:00+00:00 [running]> on host 453ac4defedc
[2025-01-16T03:35:05.424+0000] {taskinstance.py:3132} INFO - Exporting env vars: AIRFLOW_CTX_DAG_OWNER='TuanDz' AIRFLOW_CTX_DAG_ID='stock_information' AIRFLOW_CTX_TASK_ID='append_to_database' AIRFLOW_CTX_EXECUTION_DATE='2025-01-16T03:34:00+00:00' AIRFLOW_CTX_TRY_NUMBER='1' AIRFLOW_CTX_DAG_RUN_ID='scheduled__2025-01-16T03:34:00+00:00'
[2025-01-16T03:35:05.426+0000] {taskinstance.py:731} INFO - ::endgroup::
[2025-01-16T03:35:05.477+0000] {logging_mixin.py:190} INFO - Kết nối thành công!
[2025-01-16T03:35:05.478+0000] {logging_mixin.py:190} INFO - <class 'str'>
[2025-01-16T03:35:05.479+0000] {logging_mixin.py:190} INFO - [['TCB', 25350, 22050, 23700, 'STOCK', 'HSX', '', 7045021622, 'STOCK', 8424683, 'Ngân hàng Thương mại Cổ phần Kỹ thương Việt Nam', 23700, '', '2025-01-16', 23750, 1000, 2939100, 70104, 23852.199652954987, 23950, 23750, 's', 0, 0, 0, 1590552461, 70104.56499999994, 29391, 23700, 23750, 267300, 23700, 247800, 23650, 20200, 23850, 190200, 23900, 246800, 23950, 270500, '2025-01-16 03:35:03']]
[2025-01-16T03:35:05.480+0000] {logging_mixin.py:190} INFO - <class 'list'>
[2025-01-16T03:35:05.481+0000] {logging_mixin.py:190} INFO - [['TCB', 25350, 22050, 23700, 'STOCK', 'HSX', '', 7045021622, 'STOCK', 8424683, 'Ngân hàng Thương mại Cổ phần Kỹ thương Việt Nam', 23700, '', '2025-01-16', 23750, 1000, 2939100, 70104, 23852.199652954987, 23950, 23750, 's', 0, 0, 0, 1590552461, 70104.56499999994, 29391, 23700, 23750, 267300, 23700, 247800, 23650, 20200, 23850, 190200, 23900, 246800, 23950, 270500, '2025-01-16 03:35:03']]
[2025-01-16T03:35:05.487+0000] {python.py:240} INFO - Done. Returned value was: None
[2025-01-16T03:35:05.495+0000] {taskinstance.py:340} INFO - ::group::Post task execution logs
[2025-01-16T03:35:05.496+0000] {taskinstance.py:352} INFO - Marking task as SUCCESS. dag_id=stock_information, task_id=append_to_database, run_id=scheduled__2025-01-16T03:34:00+00:00, execution_date=20250116T033400, start_date=20250116T033505, end_date=20250116T033505
[2025-01-16T03:35:05.516+0000] {local_task_job_runner.py:266} INFO - Task exited with return code 0
[2025-01-16T03:35:05.529+0000] {taskinstance.py:3895} INFO - 0 downstream tasks scheduled from follow-on schedule check
[2025-01-16T03:35:05.534+0000] {local_task_job_runner.py:245} INFO - ::endgroup::
