[2025-01-16T07:25:03.432+0000] {local_task_job_runner.py:123} INFO - ::group::Pre task execution logs
[2025-01-16T07:25:03.443+0000] {taskinstance.py:2613} INFO - Dependencies all met for dep_context=non-requeueable deps ti=<TaskInstance: stock_information.append_to_database scheduled__2025-01-16T07:24:00+00:00 [queued]>
[2025-01-16T07:25:03.450+0000] {taskinstance.py:2613} INFO - Dependencies all met for dep_context=requeueable deps ti=<TaskInstance: stock_information.append_to_database scheduled__2025-01-16T07:24:00+00:00 [queued]>
[2025-01-16T07:25:03.452+0000] {taskinstance.py:2866} INFO - Starting attempt 1 of 1
[2025-01-16T07:25:03.462+0000] {taskinstance.py:2889} INFO - Executing <Task(PythonOperator): append_to_database> on 2025-01-16 07:24:00+00:00
[2025-01-16T07:25:03.468+0000] {standard_task_runner.py:72} INFO - Started process 8680 to run task
[2025-01-16T07:25:03.470+0000] {standard_task_runner.py:104} INFO - Running: ['airflow', 'tasks', 'run', 'stock_information', 'append_to_database', 'scheduled__2025-01-16T07:24:00+00:00', '--job-id', '1999', '--raw', '--subdir', 'DAGS_FOLDER/vnstock_stream.py', '--cfg-path', '/tmp/tmpbk0578du']
[2025-01-16T07:25:03.472+0000] {standard_task_runner.py:105} INFO - Job 1999: Subtask append_to_database
[2025-01-16T07:25:03.509+0000] {task_command.py:467} INFO - Running <TaskInstance: stock_information.append_to_database scheduled__2025-01-16T07:24:00+00:00 [running]> on host 453ac4defedc
[2025-01-16T07:25:03.582+0000] {taskinstance.py:3132} INFO - Exporting env vars: AIRFLOW_CTX_DAG_OWNER='TuanDz' AIRFLOW_CTX_DAG_ID='stock_information' AIRFLOW_CTX_TASK_ID='append_to_database' AIRFLOW_CTX_EXECUTION_DATE='2025-01-16T07:24:00+00:00' AIRFLOW_CTX_TRY_NUMBER='1' AIRFLOW_CTX_DAG_RUN_ID='scheduled__2025-01-16T07:24:00+00:00'
[2025-01-16T07:25:03.583+0000] {taskinstance.py:731} INFO - ::endgroup::
[2025-01-16T07:25:03.649+0000] {logging_mixin.py:190} INFO - Kết nối thành công!
[2025-01-16T07:25:03.650+0000] {logging_mixin.py:190} INFO - <class 'str'>
[2025-01-16T07:25:03.650+0000] {logging_mixin.py:190} INFO - [['TCB', 25350, 22050, 23700, 'STOCK', 'HSX', '', 7045021622, 'STOCK', 8424683, 'Ngân hàng Thương mại Cổ phần Kỹ thương Việt Nam', 23700, '', '2025-01-16', 23600, 10600, 6685400, 158998, 23782.87013492087, 23950, 23600, 's', 0, 43800, 0, 1590552461, 158998.20499999973, 66854, 23700, 23650, 14000, 23600, 327500, 23550, 260700, 23750, 39400, 23800, 108100, 23850, 281200, '2025-01-16 07:25:01']]
[2025-01-16T07:25:03.651+0000] {logging_mixin.py:190} INFO - <class 'list'>
[2025-01-16T07:25:03.652+0000] {logging_mixin.py:190} INFO - [['TCB', 25350, 22050, 23700, 'STOCK', 'HSX', '', 7045021622, 'STOCK', 8424683, 'Ngân hàng Thương mại Cổ phần Kỹ thương Việt Nam', 23700, '', '2025-01-16', 23600, 10600, 6685400, 158998, 23782.87013492087, 23950, 23600, 's', 0, 43800, 0, 1590552461, 158998.20499999973, 66854, 23700, 23650, 14000, 23600, 327500, 23550, 260700, 23750, 39400, 23800, 108100, 23850, 281200, '2025-01-16 07:25:01']]
[2025-01-16T07:25:03.657+0000] {python.py:240} INFO - Done. Returned value was: None
[2025-01-16T07:25:03.663+0000] {taskinstance.py:340} INFO - ::group::Post task execution logs
[2025-01-16T07:25:03.664+0000] {taskinstance.py:352} INFO - Marking task as SUCCESS. dag_id=stock_information, task_id=append_to_database, run_id=scheduled__2025-01-16T07:24:00+00:00, execution_date=20250116T072400, start_date=20250116T072503, end_date=20250116T072503
[2025-01-16T07:25:03.685+0000] {local_task_job_runner.py:266} INFO - Task exited with return code 0
[2025-01-16T07:25:03.698+0000] {taskinstance.py:3895} INFO - 0 downstream tasks scheduled from follow-on schedule check
[2025-01-16T07:25:03.702+0000] {local_task_job_runner.py:245} INFO - ::endgroup::
