[2025-01-15T07:28:05.111+0000] {local_task_job_runner.py:123} INFO - ::group::Pre task execution logs
[2025-01-15T07:28:05.123+0000] {taskinstance.py:2613} INFO - Dependencies all met for dep_context=non-requeueable deps ti=<TaskInstance: stock_information.append_to_database scheduled__2025-01-15T07:27:00+00:00 [queued]>
[2025-01-15T07:28:05.130+0000] {taskinstance.py:2613} INFO - Dependencies all met for dep_context=requeueable deps ti=<TaskInstance: stock_information.append_to_database scheduled__2025-01-15T07:27:00+00:00 [queued]>
[2025-01-15T07:28:05.132+0000] {taskinstance.py:2866} INFO - Starting attempt 1 of 1
[2025-01-15T07:28:05.145+0000] {taskinstance.py:2889} INFO - Executing <Task(PythonOperator): append_to_database> on 2025-01-15 07:27:00+00:00
[2025-01-15T07:28:05.151+0000] {standard_task_runner.py:72} INFO - Started process 8755 to run task
[2025-01-15T07:28:05.154+0000] {standard_task_runner.py:104} INFO - Running: ['airflow', 'tasks', 'run', 'stock_information', 'append_to_database', 'scheduled__2025-01-15T07:27:00+00:00', '--job-id', '1108', '--raw', '--subdir', 'DAGS_FOLDER/vnstock_stream.py', '--cfg-path', '/tmp/tmp8chjfksp']
[2025-01-15T07:28:05.157+0000] {standard_task_runner.py:105} INFO - Job 1108: Subtask append_to_database
[2025-01-15T07:28:05.197+0000] {task_command.py:467} INFO - Running <TaskInstance: stock_information.append_to_database scheduled__2025-01-15T07:27:00+00:00 [running]> on host 453ac4defedc
[2025-01-15T07:28:05.275+0000] {taskinstance.py:3132} INFO - Exporting env vars: AIRFLOW_CTX_DAG_OWNER='TuanDz' AIRFLOW_CTX_DAG_ID='stock_information' AIRFLOW_CTX_TASK_ID='append_to_database' AIRFLOW_CTX_EXECUTION_DATE='2025-01-15T07:27:00+00:00' AIRFLOW_CTX_TRY_NUMBER='1' AIRFLOW_CTX_DAG_RUN_ID='scheduled__2025-01-15T07:27:00+00:00'
[2025-01-15T07:28:05.277+0000] {taskinstance.py:731} INFO - ::endgroup::
[2025-01-15T07:28:05.310+0000] {logging_mixin.py:190} INFO - Kết nối thành công!
[2025-01-15T07:28:05.310+0000] {logging_mixin.py:190} INFO - <class 'str'>
[2025-01-15T07:28:05.311+0000] {logging_mixin.py:190} INFO - [['TCB', 25250, 21950, 23600, 'STOCK', 'HSX', '', 7045021622, 'STOCK', 8424683, 'Ngân hàng Thương mại Cổ phần Kỹ thương Việt Nam', 23600, '', '2025-01-15', 23750, 1100, 6290500, 149712, 23799.697957237102, 23900, 23650, 's', 156700, 186700, 0, 1590552461, 149712.4750000001, 62905, 23600, 23750, 19200, 23700, 255100, 23650, 64000, 23800, 8200, 23850, 105600, 23900, 198900, '2025-01-15 07:28:03']]
[2025-01-15T07:28:05.312+0000] {logging_mixin.py:190} INFO - <class 'list'>
[2025-01-15T07:28:05.312+0000] {logging_mixin.py:190} INFO - [['TCB', 25250, 21950, 23600, 'STOCK', 'HSX', '', 7045021622, 'STOCK', 8424683, 'Ngân hàng Thương mại Cổ phần Kỹ thương Việt Nam', 23600, '', '2025-01-15', 23750, 1100, 6290500, 149712, 23799.697957237102, 23900, 23650, 's', 156700, 186700, 0, 1590552461, 149712.4750000001, 62905, 23600, 23750, 19200, 23700, 255100, 23650, 64000, 23800, 8200, 23850, 105600, 23900, 198900, '2025-01-15 07:28:03']]
[2025-01-15T07:28:05.314+0000] {python.py:240} INFO - Done. Returned value was: None
[2025-01-15T07:28:05.321+0000] {taskinstance.py:340} INFO - ::group::Post task execution logs
[2025-01-15T07:28:05.322+0000] {taskinstance.py:352} INFO - Marking task as SUCCESS. dag_id=stock_information, task_id=append_to_database, run_id=scheduled__2025-01-15T07:27:00+00:00, execution_date=20250115T072700, start_date=20250115T072805, end_date=20250115T072805
[2025-01-15T07:28:05.369+0000] {local_task_job_runner.py:266} INFO - Task exited with return code 0
[2025-01-15T07:28:05.385+0000] {taskinstance.py:3895} INFO - 0 downstream tasks scheduled from follow-on schedule check
[2025-01-15T07:28:05.390+0000] {local_task_job_runner.py:245} INFO - ::endgroup::
