[2025-01-15T02:34:09.202+0000] {local_task_job_runner.py:123} INFO - ::group::Pre task execution logs
[2025-01-15T02:34:09.214+0000] {taskinstance.py:2613} INFO - Dependencies all met for dep_context=non-requeueable deps ti=<TaskInstance: stock_information.append_to_database scheduled__2025-01-15T02:33:00+00:00 [queued]>
[2025-01-15T02:34:09.222+0000] {taskinstance.py:2613} INFO - Dependencies all met for dep_context=requeueable deps ti=<TaskInstance: stock_information.append_to_database scheduled__2025-01-15T02:33:00+00:00 [queued]>
[2025-01-15T02:34:09.224+0000] {taskinstance.py:2866} INFO - Starting attempt 1 of 1
[2025-01-15T02:34:09.236+0000] {taskinstance.py:2889} INFO - Executing <Task(PythonOperator): append_to_database> on 2025-01-15 02:33:00+00:00
[2025-01-15T02:34:09.243+0000] {standard_task_runner.py:72} INFO - Started process 208 to run task
[2025-01-15T02:34:09.245+0000] {standard_task_runner.py:104} INFO - Running: ['airflow', 'tasks', 'run', 'stock_information', 'append_to_database', 'scheduled__2025-01-15T02:33:00+00:00', '--job-id', '520', '--raw', '--subdir', 'DAGS_FOLDER/vnstock_stream.py', '--cfg-path', '/tmp/tmp1swzxtka']
[2025-01-15T02:34:09.248+0000] {standard_task_runner.py:105} INFO - Job 520: Subtask append_to_database
[2025-01-15T02:34:09.287+0000] {task_command.py:467} INFO - Running <TaskInstance: stock_information.append_to_database scheduled__2025-01-15T02:33:00+00:00 [running]> on host 453ac4defedc
[2025-01-15T02:34:09.391+0000] {taskinstance.py:3132} INFO - Exporting env vars: AIRFLOW_CTX_DAG_OWNER='TuanDz' AIRFLOW_CTX_DAG_ID='stock_information' AIRFLOW_CTX_TASK_ID='append_to_database' AIRFLOW_CTX_EXECUTION_DATE='2025-01-15T02:33:00+00:00' AIRFLOW_CTX_TRY_NUMBER='1' AIRFLOW_CTX_DAG_RUN_ID='scheduled__2025-01-15T02:33:00+00:00'
[2025-01-15T02:34:09.395+0000] {taskinstance.py:731} INFO - ::endgroup::
[2025-01-15T02:34:09.482+0000] {logging_mixin.py:190} INFO - Kết nối thành công!
[2025-01-15T02:34:09.485+0000] {logging_mixin.py:190} INFO - <class 'str'>
[2025-01-15T02:34:09.487+0000] {logging_mixin.py:190} INFO - [['TCB', 25250, 21950, 23600, 'STOCK', 'HSX', '', 7045021622, 'STOCK', 8424683, 'Ngân hàng Thương mại Cổ phần Kỹ thương Việt Nam', 23600, '', '2025-01-15', 23750, 300, 298800, 7096, 23748.326639892904, 23800, 23650, 'b', 0, 0, 0, 1590552461, 7096.184999999995, 2988, 23600, 23700, 96200, 23650, 50500, 23600, 93500, 23750, 17000, 23800, 74300, 23850, 100000, '2025-01-15 02:34:07']]
[2025-01-15T02:34:09.488+0000] {logging_mixin.py:190} INFO - <class 'list'>
[2025-01-15T02:34:09.491+0000] {logging_mixin.py:190} INFO - [['TCB', 25250, 21950, 23600, 'STOCK', 'HSX', '', 7045021622, 'STOCK', 8424683, 'Ngân hàng Thương mại Cổ phần Kỹ thương Việt Nam', 23600, '', '2025-01-15', 23750, 300, 298800, 7096, 23748.326639892904, 23800, 23650, 'b', 0, 0, 0, 1590552461, 7096.184999999995, 2988, 23600, 23700, 96200, 23650, 50500, 23600, 93500, 23750, 17000, 23800, 74300, 23850, 100000, '2025-01-15 02:34:07']]
[2025-01-15T02:34:09.504+0000] {python.py:240} INFO - Done. Returned value was: None
[2025-01-15T02:34:09.513+0000] {taskinstance.py:340} INFO - ::group::Post task execution logs
[2025-01-15T02:34:09.516+0000] {taskinstance.py:352} INFO - Marking task as SUCCESS. dag_id=stock_information, task_id=append_to_database, run_id=scheduled__2025-01-15T02:33:00+00:00, execution_date=20250115T023300, start_date=20250115T023409, end_date=20250115T023409
[2025-01-15T02:34:09.541+0000] {local_task_job_runner.py:266} INFO - Task exited with return code 0
[2025-01-15T02:34:09.554+0000] {taskinstance.py:3895} INFO - 0 downstream tasks scheduled from follow-on schedule check
[2025-01-15T02:34:09.558+0000] {local_task_job_runner.py:245} INFO - ::endgroup::
