[2025-01-15T07:38:04.367+0000] {local_task_job_runner.py:123} INFO - ::group::Pre task execution logs
[2025-01-15T07:38:04.380+0000] {taskinstance.py:2613} INFO - Dependencies all met for dep_context=non-requeueable deps ti=<TaskInstance: stock_information.append_to_database scheduled__2025-01-15T07:37:00+00:00 [queued]>
[2025-01-15T07:38:04.387+0000] {taskinstance.py:2613} INFO - Dependencies all met for dep_context=requeueable deps ti=<TaskInstance: stock_information.append_to_database scheduled__2025-01-15T07:37:00+00:00 [queued]>
[2025-01-15T07:38:04.388+0000] {taskinstance.py:2866} INFO - Starting attempt 1 of 1
[2025-01-15T07:38:04.400+0000] {taskinstance.py:2889} INFO - Executing <Task(PythonOperator): append_to_database> on 2025-01-15 07:37:00+00:00
[2025-01-15T07:38:04.407+0000] {standard_task_runner.py:72} INFO - Started process 9049 to run task
[2025-01-15T07:38:04.410+0000] {standard_task_runner.py:104} INFO - Running: ['airflow', 'tasks', 'run', 'stock_information', 'append_to_database', 'scheduled__2025-01-15T07:37:00+00:00', '--job-id', '1128', '--raw', '--subdir', 'DAGS_FOLDER/vnstock_stream.py', '--cfg-path', '/tmp/tmpr8xwh5kg']
[2025-01-15T07:38:04.413+0000] {standard_task_runner.py:105} INFO - Job 1128: Subtask append_to_database
[2025-01-15T07:38:04.452+0000] {task_command.py:467} INFO - Running <TaskInstance: stock_information.append_to_database scheduled__2025-01-15T07:37:00+00:00 [running]> on host 453ac4defedc
[2025-01-15T07:38:04.531+0000] {taskinstance.py:3132} INFO - Exporting env vars: AIRFLOW_CTX_DAG_OWNER='TuanDz' AIRFLOW_CTX_DAG_ID='stock_information' AIRFLOW_CTX_TASK_ID='append_to_database' AIRFLOW_CTX_EXECUTION_DATE='2025-01-15T07:37:00+00:00' AIRFLOW_CTX_TRY_NUMBER='1' AIRFLOW_CTX_DAG_RUN_ID='scheduled__2025-01-15T07:37:00+00:00'
[2025-01-15T07:38:04.533+0000] {taskinstance.py:731} INFO - ::endgroup::
[2025-01-15T07:38:04.571+0000] {logging_mixin.py:190} INFO - Kết nối thành công!
[2025-01-15T07:38:04.572+0000] {logging_mixin.py:190} INFO - <class 'str'>
[2025-01-15T07:38:04.573+0000] {logging_mixin.py:190} INFO - [['TCB', 25250, 21950, 23600, 'STOCK', 'HSX', '', 7045021622, 'STOCK', 8424683, 'Ngân hàng Thương mại Cổ phần Kỹ thương Việt Nam', 23600, '', '2025-01-15', 23700, 0, 6434200, 153120, 23797.830344098722, 23900, 23650, 's', 156700, 186700, 0, 1590552461, 153120.30000000002, 64342, 23600, 0, 21100, 23750, 44300, 23700, 176400, 0, 124700, 21950, 1700, 23650, 500, '2025-01-15 07:38:02']]
[2025-01-15T07:38:04.574+0000] {logging_mixin.py:190} INFO - <class 'list'>
[2025-01-15T07:38:04.575+0000] {logging_mixin.py:190} INFO - [['TCB', 25250, 21950, 23600, 'STOCK', 'HSX', '', 7045021622, 'STOCK', 8424683, 'Ngân hàng Thương mại Cổ phần Kỹ thương Việt Nam', 23600, '', '2025-01-15', 23700, 0, 6434200, 153120, 23797.830344098722, 23900, 23650, 's', 156700, 186700, 0, 1590552461, 153120.30000000002, 64342, 23600, 0, 21100, 23750, 44300, 23700, 176400, 0, 124700, 21950, 1700, 23650, 500, '2025-01-15 07:38:02']]
[2025-01-15T07:38:04.578+0000] {python.py:240} INFO - Done. Returned value was: None
[2025-01-15T07:38:04.585+0000] {taskinstance.py:340} INFO - ::group::Post task execution logs
[2025-01-15T07:38:04.587+0000] {taskinstance.py:352} INFO - Marking task as SUCCESS. dag_id=stock_information, task_id=append_to_database, run_id=scheduled__2025-01-15T07:37:00+00:00, execution_date=20250115T073700, start_date=20250115T073804, end_date=20250115T073804
[2025-01-15T07:38:04.626+0000] {local_task_job_runner.py:266} INFO - Task exited with return code 0
[2025-01-15T07:38:04.644+0000] {taskinstance.py:3895} INFO - 0 downstream tasks scheduled from follow-on schedule check
[2025-01-15T07:38:04.647+0000] {local_task_job_runner.py:245} INFO - ::endgroup::
