[2025-01-15T09:30:07.298+0000] {local_task_job_runner.py:123} INFO - ::group::Pre task execution logs
[2025-01-15T09:30:07.310+0000] {taskinstance.py:2613} INFO - Dependencies all met for dep_context=non-requeueable deps ti=<TaskInstance: stock_information.append_to_database scheduled__2025-01-15T09:29:00+00:00 [queued]>
[2025-01-15T09:30:07.317+0000] {taskinstance.py:2613} INFO - Dependencies all met for dep_context=requeueable deps ti=<TaskInstance: stock_information.append_to_database scheduled__2025-01-15T09:29:00+00:00 [queued]>
[2025-01-15T09:30:07.318+0000] {taskinstance.py:2866} INFO - Starting attempt 1 of 1
[2025-01-15T09:30:07.328+0000] {taskinstance.py:2889} INFO - Executing <Task(PythonOperator): append_to_database> on 2025-01-15 09:29:00+00:00
[2025-01-15T09:30:07.334+0000] {standard_task_runner.py:72} INFO - Started process 12323 to run task
[2025-01-15T09:30:07.337+0000] {standard_task_runner.py:104} INFO - Running: ['airflow', 'tasks', 'run', 'stock_information', 'append_to_database', 'scheduled__2025-01-15T09:29:00+00:00', '--job-id', '1352', '--raw', '--subdir', 'DAGS_FOLDER/vnstock_stream.py', '--cfg-path', '/tmp/tmpuba8q0rt']
[2025-01-15T09:30:07.339+0000] {standard_task_runner.py:105} INFO - Job 1352: Subtask append_to_database
[2025-01-15T09:30:07.376+0000] {task_command.py:467} INFO - Running <TaskInstance: stock_information.append_to_database scheduled__2025-01-15T09:29:00+00:00 [running]> on host 453ac4defedc
[2025-01-15T09:30:07.460+0000] {taskinstance.py:3132} INFO - Exporting env vars: AIRFLOW_CTX_DAG_OWNER='TuanDz' AIRFLOW_CTX_DAG_ID='stock_information' AIRFLOW_CTX_TASK_ID='append_to_database' AIRFLOW_CTX_EXECUTION_DATE='2025-01-15T09:29:00+00:00' AIRFLOW_CTX_TRY_NUMBER='1' AIRFLOW_CTX_DAG_RUN_ID='scheduled__2025-01-15T09:29:00+00:00'
[2025-01-15T09:30:07.461+0000] {taskinstance.py:731} INFO - ::endgroup::
[2025-01-15T09:30:07.499+0000] {logging_mixin.py:190} INFO - Kết nối thành công!
[2025-01-15T09:30:07.500+0000] {logging_mixin.py:190} INFO - <class 'str'>
[2025-01-15T09:30:07.501+0000] {logging_mixin.py:190} INFO - [['TCB', 25250, 21950, 23600, 'STOCK', 'HSX', '', 7045021622, 'STOCK', 8424683, 'Ngân hàng Thương mại Cổ phần Kỹ thương Việt Nam', 23600, '', '2025-01-15', 23700, 286000, 6720200, 159898, 23793.637094134105, 23900, 23650, 'unknown', 156700, 186700, 0, 1590552461, 159898.50000000003, 67202, 23600, 23700, 237300, 23650, 121400, 23600, 144700, 23750, 2300, 23800, 58900, 23850, 250900, '2025-01-15 09:30:04']]
[2025-01-15T09:30:07.502+0000] {logging_mixin.py:190} INFO - <class 'list'>
[2025-01-15T09:30:07.503+0000] {logging_mixin.py:190} INFO - [['TCB', 25250, 21950, 23600, 'STOCK', 'HSX', '', 7045021622, 'STOCK', 8424683, 'Ngân hàng Thương mại Cổ phần Kỹ thương Việt Nam', 23600, '', '2025-01-15', 23700, 286000, 6720200, 159898, 23793.637094134105, 23900, 23650, 'unknown', 156700, 186700, 0, 1590552461, 159898.50000000003, 67202, 23600, 23700, 237300, 23650, 121400, 23600, 144700, 23750, 2300, 23800, 58900, 23850, 250900, '2025-01-15 09:30:04']]
[2025-01-15T09:30:07.506+0000] {python.py:240} INFO - Done. Returned value was: None
[2025-01-15T09:30:07.515+0000] {taskinstance.py:340} INFO - ::group::Post task execution logs
[2025-01-15T09:30:07.516+0000] {taskinstance.py:352} INFO - Marking task as SUCCESS. dag_id=stock_information, task_id=append_to_database, run_id=scheduled__2025-01-15T09:29:00+00:00, execution_date=20250115T092900, start_date=20250115T093007, end_date=20250115T093007
[2025-01-15T09:30:07.551+0000] {local_task_job_runner.py:266} INFO - Task exited with return code 0
[2025-01-15T09:30:07.564+0000] {taskinstance.py:3895} INFO - 0 downstream tasks scheduled from follow-on schedule check
[2025-01-15T09:30:07.569+0000] {local_task_job_runner.py:245} INFO - ::endgroup::
