[2025-01-13T17:18:04.871+0000] {local_task_job_runner.py:123} INFO - ::group::Pre task execution logs
[2025-01-13T17:18:04.882+0000] {taskinstance.py:2613} INFO - Dependencies all met for dep_context=non-requeueable deps ti=<TaskInstance: stock_information.append_to_database scheduled__2025-01-13T17:17:00+00:00 [queued]>
[2025-01-13T17:18:04.893+0000] {taskinstance.py:2613} INFO - Dependencies all met for dep_context=requeueable deps ti=<TaskInstance: stock_information.append_to_database scheduled__2025-01-13T17:17:00+00:00 [queued]>
[2025-01-13T17:18:04.894+0000] {taskinstance.py:2866} INFO - Starting attempt 1 of 1
[2025-01-13T17:18:04.906+0000] {taskinstance.py:2889} INFO - Executing <Task(PythonOperator): append_to_database> on 2025-01-13 17:17:00+00:00
[2025-01-13T17:18:04.911+0000] {standard_task_runner.py:72} INFO - Started process 4458 to run task
[2025-01-13T17:18:04.914+0000] {standard_task_runner.py:104} INFO - Running: ['airflow', 'tasks', 'run', 'stock_information', 'append_to_database', 'scheduled__2025-01-13T17:17:00+00:00', '--job-id', '513', '--raw', '--subdir', 'DAGS_FOLDER/vnstock_stream.py', '--cfg-path', '/tmp/tmp55ai95jd']
[2025-01-13T17:18:04.917+0000] {standard_task_runner.py:105} INFO - Job 513: Subtask append_to_database
[2025-01-13T17:18:04.952+0000] {task_command.py:467} INFO - Running <TaskInstance: stock_information.append_to_database scheduled__2025-01-13T17:17:00+00:00 [running]> on host 453ac4defedc
[2025-01-13T17:18:05.028+0000] {taskinstance.py:3132} INFO - Exporting env vars: AIRFLOW_CTX_DAG_OWNER='TuanDz' AIRFLOW_CTX_DAG_ID='stock_information' AIRFLOW_CTX_TASK_ID='append_to_database' AIRFLOW_CTX_EXECUTION_DATE='2025-01-13T17:17:00+00:00' AIRFLOW_CTX_TRY_NUMBER='1' AIRFLOW_CTX_DAG_RUN_ID='scheduled__2025-01-13T17:17:00+00:00'
[2025-01-13T17:18:05.030+0000] {taskinstance.py:731} INFO - ::endgroup::
[2025-01-13T17:18:05.090+0000] {logging_mixin.py:190} INFO - Kết nối thành công!
[2025-01-13T17:18:05.092+0000] {logging_mixin.py:190} INFO - <class 'str'>
[2025-01-13T17:18:05.094+0000] {logging_mixin.py:190} INFO - [['TCB', 25000, 21800, 23400, 'STOCK', 'HSX', '', 7045021622, 'STOCK', 8424683, 'Ngân hàng Thương mại Cổ phần Kỹ thương Việt Nam', 23400, '', '2025-01-13', 23800, 838200, 7939900, 185556, 23370.067633093615, 23800, 23150, 'unknown', 67300, 70100, 0, 1590552461, 185556.69500000082, 79399, 23400, 23750, 100, 23650, 300, 23600, 35700, 23800, 522500, 23850, 189400, 23900, 369400, '2025-01-13 17:18:03']]
[2025-01-13T17:18:05.098+0000] {logging_mixin.py:190} INFO - <class 'list'>
[2025-01-13T17:18:05.100+0000] {logging_mixin.py:190} INFO - [['TCB', 25000, 21800, 23400, 'STOCK', 'HSX', '', 7045021622, 'STOCK', 8424683, 'Ngân hàng Thương mại Cổ phần Kỹ thương Việt Nam', 23400, '', '2025-01-13', 23800, 838200, 7939900, 185556, 23370.067633093615, 23800, 23150, 'unknown', 67300, 70100, 0, 1590552461, 185556.69500000082, 79399, 23400, 23750, 100, 23650, 300, 23600, 35700, 23800, 522500, 23850, 189400, 23900, 369400, '2025-01-13 17:18:03']]
[2025-01-13T17:18:05.106+0000] {python.py:240} INFO - Done. Returned value was: None
[2025-01-13T17:18:05.113+0000] {taskinstance.py:340} INFO - ::group::Post task execution logs
[2025-01-13T17:18:05.113+0000] {taskinstance.py:352} INFO - Marking task as SUCCESS. dag_id=stock_information, task_id=append_to_database, run_id=scheduled__2025-01-13T17:17:00+00:00, execution_date=20250113T171700, start_date=20250113T171804, end_date=20250113T171805
[2025-01-13T17:18:05.129+0000] {local_task_job_runner.py:266} INFO - Task exited with return code 0
[2025-01-13T17:18:05.142+0000] {taskinstance.py:3895} INFO - 0 downstream tasks scheduled from follow-on schedule check
[2025-01-13T17:18:05.146+0000] {local_task_job_runner.py:245} INFO - ::endgroup::
