[2025-01-16T03:28:06.243+0000] {local_task_job_runner.py:123} INFO - ::group::Pre task execution logs
[2025-01-16T03:28:06.256+0000] {taskinstance.py:2613} INFO - Dependencies all met for dep_context=non-requeueable deps ti=<TaskInstance: stock_information.append_to_database scheduled__2025-01-16T03:27:00+00:00 [queued]>
[2025-01-16T03:28:06.264+0000] {taskinstance.py:2613} INFO - Dependencies all met for dep_context=requeueable deps ti=<TaskInstance: stock_information.append_to_database scheduled__2025-01-16T03:27:00+00:00 [queued]>
[2025-01-16T03:28:06.265+0000] {taskinstance.py:2866} INFO - Starting attempt 1 of 1
[2025-01-16T03:28:06.277+0000] {taskinstance.py:2889} INFO - Executing <Task(PythonOperator): append_to_database> on 2025-01-16 03:27:00+00:00
[2025-01-16T03:28:06.282+0000] {standard_task_runner.py:72} INFO - Started process 1737 to run task
[2025-01-16T03:28:06.285+0000] {standard_task_runner.py:104} INFO - Running: ['airflow', 'tasks', 'run', 'stock_information', 'append_to_database', 'scheduled__2025-01-16T03:27:00+00:00', '--job-id', '1525', '--raw', '--subdir', 'DAGS_FOLDER/vnstock_stream.py', '--cfg-path', '/tmp/tmp1s3cvk2n']
[2025-01-16T03:28:06.287+0000] {standard_task_runner.py:105} INFO - Job 1525: Subtask append_to_database
[2025-01-16T03:28:06.321+0000] {task_command.py:467} INFO - Running <TaskInstance: stock_information.append_to_database scheduled__2025-01-16T03:27:00+00:00 [running]> on host 453ac4defedc
[2025-01-16T03:28:06.409+0000] {taskinstance.py:3132} INFO - Exporting env vars: AIRFLOW_CTX_DAG_OWNER='TuanDz' AIRFLOW_CTX_DAG_ID='stock_information' AIRFLOW_CTX_TASK_ID='append_to_database' AIRFLOW_CTX_EXECUTION_DATE='2025-01-16T03:27:00+00:00' AIRFLOW_CTX_TRY_NUMBER='1' AIRFLOW_CTX_DAG_RUN_ID='scheduled__2025-01-16T03:27:00+00:00'
[2025-01-16T03:28:06.413+0000] {taskinstance.py:731} INFO - ::endgroup::
[2025-01-16T03:28:06.471+0000] {logging_mixin.py:190} INFO - Kết nối thành công!
[2025-01-16T03:28:06.472+0000] {logging_mixin.py:190} INFO - <class 'str'>
[2025-01-16T03:28:06.473+0000] {logging_mixin.py:190} INFO - [['TCB', 25350, 22050, 23700, 'STOCK', 'HSX', '', 7045021622, 'STOCK', 8424683, 'Ngân hàng Thương mại Cổ phần Kỹ thương Việt Nam', 23700, '', '2025-01-16', 23750, 1000, 2671700, 63741, 23857.843320732118, 23950, 23750, 's', 0, 0, 0, 1590552461, 63741.64999999995, 26717, 23700, 23750, 322500, 23700, 226900, 23650, 20200, 23800, 800, 23850, 210800, 23900, 239000, '2025-01-16 03:28:03']]
[2025-01-16T03:28:06.475+0000] {logging_mixin.py:190} INFO - <class 'list'>
[2025-01-16T03:28:06.475+0000] {logging_mixin.py:190} INFO - [['TCB', 25350, 22050, 23700, 'STOCK', 'HSX', '', 7045021622, 'STOCK', 8424683, 'Ngân hàng Thương mại Cổ phần Kỹ thương Việt Nam', 23700, '', '2025-01-16', 23750, 1000, 2671700, 63741, 23857.843320732118, 23950, 23750, 's', 0, 0, 0, 1590552461, 63741.64999999995, 26717, 23700, 23750, 322500, 23700, 226900, 23650, 20200, 23800, 800, 23850, 210800, 23900, 239000, '2025-01-16 03:28:03']]
[2025-01-16T03:28:06.483+0000] {python.py:240} INFO - Done. Returned value was: None
[2025-01-16T03:28:06.493+0000] {taskinstance.py:340} INFO - ::group::Post task execution logs
[2025-01-16T03:28:06.495+0000] {taskinstance.py:352} INFO - Marking task as SUCCESS. dag_id=stock_information, task_id=append_to_database, run_id=scheduled__2025-01-16T03:27:00+00:00, execution_date=20250116T032700, start_date=20250116T032806, end_date=20250116T032806
[2025-01-16T03:28:06.539+0000] {local_task_job_runner.py:266} INFO - Task exited with return code 0
[2025-01-16T03:28:06.560+0000] {taskinstance.py:3895} INFO - 0 downstream tasks scheduled from follow-on schedule check
[2025-01-16T03:28:06.566+0000] {local_task_job_runner.py:245} INFO - ::endgroup::
