[2025-01-15T05:06:07.305+0000] {local_task_job_runner.py:123} INFO - ::group::Pre task execution logs
[2025-01-15T05:06:07.316+0000] {taskinstance.py:2613} INFO - Dependencies all met for dep_context=non-requeueable deps ti=<TaskInstance: stock_information.append_to_database scheduled__2025-01-15T05:05:00+00:00 [queued]>
[2025-01-15T05:06:07.324+0000] {taskinstance.py:2613} INFO - Dependencies all met for dep_context=requeueable deps ti=<TaskInstance: stock_information.append_to_database scheduled__2025-01-15T05:05:00+00:00 [queued]>
[2025-01-15T05:06:07.325+0000] {taskinstance.py:2866} INFO - Starting attempt 1 of 1
[2025-01-15T05:06:07.337+0000] {taskinstance.py:2889} INFO - Executing <Task(PythonOperator): append_to_database> on 2025-01-15 05:05:00+00:00
[2025-01-15T05:06:07.343+0000] {standard_task_runner.py:72} INFO - Started process 4628 to run task
[2025-01-15T05:06:07.345+0000] {standard_task_runner.py:104} INFO - Running: ['airflow', 'tasks', 'run', 'stock_information', 'append_to_database', 'scheduled__2025-01-15T05:05:00+00:00', '--job-id', '824', '--raw', '--subdir', 'DAGS_FOLDER/vnstock_stream.py', '--cfg-path', '/tmp/tmpubw8dsbu']
[2025-01-15T05:06:07.348+0000] {standard_task_runner.py:105} INFO - Job 824: Subtask append_to_database
[2025-01-15T05:06:07.387+0000] {task_command.py:467} INFO - Running <TaskInstance: stock_information.append_to_database scheduled__2025-01-15T05:05:00+00:00 [running]> on host 453ac4defedc
[2025-01-15T05:06:07.463+0000] {taskinstance.py:3132} INFO - Exporting env vars: AIRFLOW_CTX_DAG_OWNER='TuanDz' AIRFLOW_CTX_DAG_ID='stock_information' AIRFLOW_CTX_TASK_ID='append_to_database' AIRFLOW_CTX_EXECUTION_DATE='2025-01-15T05:05:00+00:00' AIRFLOW_CTX_TRY_NUMBER='1' AIRFLOW_CTX_DAG_RUN_ID='scheduled__2025-01-15T05:05:00+00:00'
[2025-01-15T05:06:07.465+0000] {taskinstance.py:731} INFO - ::endgroup::
[2025-01-15T05:06:07.498+0000] {logging_mixin.py:190} INFO - Kết nối thành công!
[2025-01-15T05:06:07.499+0000] {logging_mixin.py:190} INFO - <class 'str'>
[2025-01-15T05:06:07.500+0000] {logging_mixin.py:190} INFO - [['TCB', 25250, 21950, 23600, 'STOCK', 'HSX', '', 7045021622, 'STOCK', 8424683, 'Ngân hàng Thương mại Cổ phần Kỹ thương Việt Nam', 23600, '', '2025-01-15', 23850, 10200, 2490500, 59208, 23773.53944990966, 23900, 23650, 's', 0, 0, 0, 1590552461, 59208.85999999998, 24905, 23600, 23850, 56200, 23800, 41400, 23750, 179300, 23900, 145000, 23950, 170500, 24000, 769600, '2025-01-15 05:06:03']]
[2025-01-15T05:06:07.501+0000] {logging_mixin.py:190} INFO - <class 'list'>
[2025-01-15T05:06:07.501+0000] {logging_mixin.py:190} INFO - [['TCB', 25250, 21950, 23600, 'STOCK', 'HSX', '', 7045021622, 'STOCK', 8424683, 'Ngân hàng Thương mại Cổ phần Kỹ thương Việt Nam', 23600, '', '2025-01-15', 23850, 10200, 2490500, 59208, 23773.53944990966, 23900, 23650, 's', 0, 0, 0, 1590552461, 59208.85999999998, 24905, 23600, 23850, 56200, 23800, 41400, 23750, 179300, 23900, 145000, 23950, 170500, 24000, 769600, '2025-01-15 05:06:03']]
[2025-01-15T05:06:07.503+0000] {python.py:240} INFO - Done. Returned value was: None
[2025-01-15T05:06:07.511+0000] {taskinstance.py:340} INFO - ::group::Post task execution logs
[2025-01-15T05:06:07.512+0000] {taskinstance.py:352} INFO - Marking task as SUCCESS. dag_id=stock_information, task_id=append_to_database, run_id=scheduled__2025-01-15T05:05:00+00:00, execution_date=20250115T050500, start_date=20250115T050607, end_date=20250115T050607
[2025-01-15T05:06:07.560+0000] {local_task_job_runner.py:266} INFO - Task exited with return code 0
[2025-01-15T05:06:07.580+0000] {taskinstance.py:3895} INFO - 0 downstream tasks scheduled from follow-on schedule check
[2025-01-15T05:06:07.585+0000] {local_task_job_runner.py:245} INFO - ::endgroup::
