[2025-01-15T03:19:04.091+0000] {local_task_job_runner.py:123} INFO - ::group::Pre task execution logs
[2025-01-15T03:19:04.104+0000] {taskinstance.py:2613} INFO - Dependencies all met for dep_context=non-requeueable deps ti=<TaskInstance: stock_information.append_to_database scheduled__2025-01-15T03:18:00+00:00 [queued]>
[2025-01-15T03:19:04.112+0000] {taskinstance.py:2613} INFO - Dependencies all met for dep_context=requeueable deps ti=<TaskInstance: stock_information.append_to_database scheduled__2025-01-15T03:18:00+00:00 [queued]>
[2025-01-15T03:19:04.113+0000] {taskinstance.py:2866} INFO - Starting attempt 1 of 1
[2025-01-15T03:19:04.126+0000] {taskinstance.py:2889} INFO - Executing <Task(PythonOperator): append_to_database> on 2025-01-15 03:18:00+00:00
[2025-01-15T03:19:04.131+0000] {standard_task_runner.py:72} INFO - Started process 1523 to run task
[2025-01-15T03:19:04.134+0000] {standard_task_runner.py:104} INFO - Running: ['airflow', 'tasks', 'run', 'stock_information', 'append_to_database', 'scheduled__2025-01-15T03:18:00+00:00', '--job-id', '610', '--raw', '--subdir', 'DAGS_FOLDER/vnstock_stream.py', '--cfg-path', '/tmp/tmptn6t5ppr']
[2025-01-15T03:19:04.137+0000] {standard_task_runner.py:105} INFO - Job 610: Subtask append_to_database
[2025-01-15T03:19:04.176+0000] {task_command.py:467} INFO - Running <TaskInstance: stock_information.append_to_database scheduled__2025-01-15T03:18:00+00:00 [running]> on host 453ac4defedc
[2025-01-15T03:19:04.255+0000] {taskinstance.py:3132} INFO - Exporting env vars: AIRFLOW_CTX_DAG_OWNER='TuanDz' AIRFLOW_CTX_DAG_ID='stock_information' AIRFLOW_CTX_TASK_ID='append_to_database' AIRFLOW_CTX_EXECUTION_DATE='2025-01-15T03:18:00+00:00' AIRFLOW_CTX_TRY_NUMBER='1' AIRFLOW_CTX_DAG_RUN_ID='scheduled__2025-01-15T03:18:00+00:00'
[2025-01-15T03:19:04.257+0000] {taskinstance.py:731} INFO - ::endgroup::
[2025-01-15T03:19:04.292+0000] {logging_mixin.py:190} INFO - Kết nối thành công!
[2025-01-15T03:19:04.294+0000] {logging_mixin.py:190} INFO - <class 'str'>
[2025-01-15T03:19:04.294+0000] {logging_mixin.py:190} INFO - [['TCB', 25250, 21950, 23600, 'STOCK', 'HSX', '', 7045021622, 'STOCK', 8424683, 'Ngân hàng Thương mại Cổ phần Kỹ thương Việt Nam', 23600, '', '2025-01-15', 23750, 100, 819500, 19451, 23735.204392922515, 23800, 23650, 'b', 0, 0, 0, 1590552461, 19451.435000000005, 8195, 23600, 23700, 151900, 23650, 133700, 23600, 230600, 23750, 3100, 23800, 206900, 23850, 153300, '2025-01-15 03:19:02']]
[2025-01-15T03:19:04.295+0000] {logging_mixin.py:190} INFO - <class 'list'>
[2025-01-15T03:19:04.296+0000] {logging_mixin.py:190} INFO - [['TCB', 25250, 21950, 23600, 'STOCK', 'HSX', '', 7045021622, 'STOCK', 8424683, 'Ngân hàng Thương mại Cổ phần Kỹ thương Việt Nam', 23600, '', '2025-01-15', 23750, 100, 819500, 19451, 23735.204392922515, 23800, 23650, 'b', 0, 0, 0, 1590552461, 19451.435000000005, 8195, 23600, 23700, 151900, 23650, 133700, 23600, 230600, 23750, 3100, 23800, 206900, 23850, 153300, '2025-01-15 03:19:02']]
[2025-01-15T03:19:04.298+0000] {python.py:240} INFO - Done. Returned value was: None
[2025-01-15T03:19:04.305+0000] {taskinstance.py:340} INFO - ::group::Post task execution logs
[2025-01-15T03:19:04.306+0000] {taskinstance.py:352} INFO - Marking task as SUCCESS. dag_id=stock_information, task_id=append_to_database, run_id=scheduled__2025-01-15T03:18:00+00:00, execution_date=20250115T031800, start_date=20250115T031904, end_date=20250115T031904
[2025-01-15T03:19:04.349+0000] {local_task_job_runner.py:266} INFO - Task exited with return code 0
[2025-01-15T03:19:04.366+0000] {taskinstance.py:3895} INFO - 0 downstream tasks scheduled from follow-on schedule check
[2025-01-15T03:19:04.370+0000] {local_task_job_runner.py:245} INFO - ::endgroup::
